

================================================================
== Vitis HLS Report for 'compute_output_buffer_2d_array_array_ap_fixed_38_18_5_3_0_8u_config2_s'
================================================================
* Date:           Sun Mar 29 16:30:11 2026

* Version:        2023.2 (Build 4023990 on Oct 11 2023)
* Project:        myproject_prj
* Solution:       solution1 (Vivado IP Flow Target)
* Product family: zynquplus
* Target device:  xck26-sfvc784-2LV-c


================================================================
== Performance Estimates
================================================================
+ Timing: 
    * Summary: 
    +--------+---------+----------+------------+
    |  Clock |  Target | Estimated| Uncertainty|
    +--------+---------+----------+------------+
    |ap_clk  |  5.00 ns|  3.321 ns|     1.35 ns|
    +--------+---------+----------+------------+

+ Latency: 
    * Summary: 
    +---------+---------+-----------+-----------+-----+-----+---------+
    |  Latency (cycles) |   Latency (absolute)  |  Interval | Pipeline|
    |   min   |   max   |    min    |    max    | min | max |   Type  |
    +---------+---------+-----------+-----------+-----+-----+---------+
    |        3|        3|  15.000 ns|  15.000 ns|    3|    3|      yes|
    +---------+---------+-----------+-----------+-----+-----+---------+

    + Detail: 
        * Instance: 
        +----------------------------------------------------------------------------------+-----------------------------------------------------------------------+---------+---------+----------+----------+-----+-----+---------+
        |                                                                                  |                                                                       |  Latency (cycles) |  Latency (absolute) |  Interval | Pipeline|
        |                                     Instance                                     |                                 Module                                |   min   |   max   |    min   |    max   | min | max |   Type  |
        +----------------------------------------------------------------------------------+-----------------------------------------------------------------------+---------+---------+----------+----------+-----+-----+---------+
        |call_ln281_shift_line_buffer_array_ap_fixed_16_6_5_3_0_2u_config2_s_fu_122        |shift_line_buffer_array_ap_fixed_16_6_5_3_0_2u_config2_s               |        0|        0|      0 ns|      0 ns|    1|    1|      yes|
        |grp_dense_latency_ap_fixed_16_6_5_3_0_ap_fixed_38_18_5_3_0_config2_mult_s_fu_174  |dense_latency_ap_fixed_16_6_5_3_0_ap_fixed_38_18_5_3_0_config2_mult_s  |        1|        1|  5.000 ns|  5.000 ns|    1|    1|      yes|
        +----------------------------------------------------------------------------------+-----------------------------------------------------------------------+---------+---------+----------+----------+-----+-----+---------+

        * Loop: 
        N/A



================================================================
== Utilization Estimates
================================================================
* Summary: 
+-----------------+---------+------+--------+--------+-----+
|       Name      | BRAM_18K|  DSP |   FF   |   LUT  | URAM|
+-----------------+---------+------+--------+--------+-----+
|DSP              |        -|     -|       -|       -|    -|
|Expression       |        -|     -|       0|     513|    -|
|FIFO             |        -|     -|       -|       -|    -|
|Instance         |        -|   119|    1802|    4378|    -|
|Memory           |        -|     -|       -|       -|    -|
|Multiplexer      |        -|     -|       -|      83|    -|
|Register         |        -|     -|     760|       -|    -|
+-----------------+---------+------+--------+--------+-----+
|Total            |        0|   119|    2562|    4974|    0|
+-----------------+---------+------+--------+--------+-----+
|Available        |      288|  1248|  234240|  117120|   64|
+-----------------+---------+------+--------+--------+-----+
|Utilization (%)  |        0|     9|       1|       4|    0|
+-----------------+---------+------+--------+--------+-----+

+ Detail: 
    * Instance: 
    +----------------------------------------------------------------------------------+-----------------------------------------------------------------------+---------+-----+------+------+-----+
    |                                     Instance                                     |                                 Module                                | BRAM_18K| DSP |  FF  |  LUT | URAM|
    +----------------------------------------------------------------------------------+-----------------------------------------------------------------------+---------+-----+------+------+-----+
    |grp_dense_latency_ap_fixed_16_6_5_3_0_ap_fixed_38_18_5_3_0_config2_mult_s_fu_174  |dense_latency_ap_fixed_16_6_5_3_0_ap_fixed_38_18_5_3_0_config2_mult_s  |        0|  119|  1545|  4142|    0|
    |call_ln281_shift_line_buffer_array_ap_fixed_16_6_5_3_0_2u_config2_s_fu_122        |shift_line_buffer_array_ap_fixed_16_6_5_3_0_2u_config2_s               |        0|    0|   257|   236|    0|
    +----------------------------------------------------------------------------------+-----------------------------------------------------------------------+---------+-----+------+------+-----+
    |Total                                                                             |                                                                       |        0|  119|  1802|  4378|    0|
    +----------------------------------------------------------------------------------+-----------------------------------------------------------------------+---------+-----+------+------+-----+

    * DSP: 
    N/A

    * Memory: 
    N/A

    * FIFO: 
    N/A

    * Expression: 
    +-----------------------------------------+----------+----+---+----+------------+------------+
    |              Variable Name              | Operation| DSP| FF| LUT| Bitwidth P0| Bitwidth P1|
    +-----------------------------------------+----------+----+---+----+------------+------------+
    |add_ln303_fu_286_p2                      |         +|   0|  0|  39|          32|           1|
    |add_ln307_fu_336_p2                      |         +|   0|  0|  39|          32|           1|
    |add_ln313_fu_360_p2                      |         +|   0|  0|  39|          32|           1|
    |add_ln318_fu_304_p2                      |         +|   0|  0|  39|          32|           1|
    |and_ln284_3_fu_280_p2                    |       and|   0|  0|   2|           1|           1|
    |and_ln284_fu_274_p2                      |       and|   0|  0|   2|           1|           1|
    |ap_block_pp0_stage0_01001                |       and|   0|  0|   2|           1|           1|
    |ap_block_pp0_stage0_11001_ignoreCallOp7  |       and|   0|  0|   2|           1|           1|
    |ap_block_state4_pp0_stage0_iter1         |       and|   0|  0|   2|           1|           1|
    |ap_condition_261                         |       and|   0|  0|   2|           1|           1|
    |ap_condition_372                         |       and|   0|  0|   2|           1|           1|
    |ap_predicate_op23_call_state2            |       and|   0|  0|   2|           1|           1|
    |ap_predicate_op57_write_state4           |       and|   0|  0|   2|           1|           1|
    |icmp_ln284_7_fu_236_p2                   |      icmp|   0|  0|  39|          32|           2|
    |icmp_ln284_8_fu_252_p2                   |      icmp|   0|  0|  38|          31|           1|
    |icmp_ln284_9_fu_268_p2                   |      icmp|   0|  0|  38|          31|           1|
    |icmp_ln284_fu_218_p2                     |      icmp|   0|  0|  39|          32|           2|
    |icmp_ln303_fu_292_p2                     |      icmp|   0|  0|  39|          32|           7|
    |icmp_ln307_fu_342_p2                     |      icmp|   0|  0|  39|          32|           5|
    |icmp_ln313_fu_354_p2                     |      icmp|   0|  0|  39|          32|           2|
    |ap_block_pp0_stage0_subdone              |        or|   0|  0|   2|           1|           1|
    |select_ln313_fu_366_p3                   |    select|   0|  0|  32|           1|           2|
    |select_ln318_fu_310_p3                   |    select|   0|  0|  32|           1|           2|
    |ap_enable_pp0                            |       xor|   0|  0|   2|           1|           2|
    +-----------------------------------------+----------+----+---+----+------------+------------+
    |Total                                    |          |   0|  0| 513|         363|          40|
    +-----------------------------------------+----------+----+---+----+------------+------------+

    * Multiplexer: 
    +-----------------------------------------+----+-----------+-----+-----------+
    |                   Name                  | LUT| Input Size| Bits| Total Bits|
    +-----------------------------------------+----+-----------+-----+-----------+
    |ap_NS_fsm                                |  20|          4|    1|          4|
    |ap_enable_reg_pp0_iter0                  |   9|          2|    1|          2|
    |ap_enable_reg_pp0_iter1                  |   9|          2|    1|          2|
    |ap_phi_reg_pp0_iter0_storemerge_reg_111  |   9|          2|   32|         64|
    |layer2_out_blk_n                         |   9|          2|    1|          2|
    |pX_5                                     |   9|          2|   32|         64|
    |pY_5                                     |   9|          2|   32|         64|
    |sX_5                                     |   9|          2|   32|         64|
    +-----------------------------------------+----+-----------+-----+-----------+
    |Total                                    |  83|         18|  132|        266|
    +-----------------------------------------+----+-----------+-----+-----------+

    * Register: 
    +---------------------------------------------------------------------------------------+----+----+-----+-----------+
    |                                          Name                                         | FF | LUT| Bits| Const Bits|
    +---------------------------------------------------------------------------------------+----+----+-----+-----------+
    |and_ln284_3_reg_435                                                                    |   1|   0|    1|          0|
    |ap_CS_fsm                                                                              |   3|   0|    3|          0|
    |ap_enable_reg_pp0_iter0_reg                                                            |   1|   0|    1|          0|
    |ap_enable_reg_pp0_iter1                                                                |   1|   0|    1|          0|
    |ap_phi_reg_pp0_iter0_storemerge_reg_111                                                |  32|   0|   32|          0|
    |icmp_ln284_reg_431                                                                     |   1|   0|    1|          0|
    |icmp_ln303_reg_439                                                                     |   1|   0|    1|          0|
    |pX_5                                                                                   |  32|   0|   32|          0|
    |pY_5                                                                                   |  32|   0|   32|          0|
    |p_ZZN4nnet24compute_output_buffer_2dINS_5arrayI8ap_fixedILi16ELi6EL9ap_q_mode5EL9_131  |  16|   0|   16|          0|
    |p_ZZN4nnet24compute_output_buffer_2dINS_5arrayI8ap_fixedILi16ELi6EL9ap_q_mode5EL9_132  |  16|   0|   16|          0|
    |p_ZZN4nnet24compute_output_buffer_2dINS_5arrayI8ap_fixedILi16ELi6EL9ap_q_mode5EL9_133  |  16|   0|   16|          0|
    |p_ZZN4nnet24compute_output_buffer_2dINS_5arrayI8ap_fixedILi16ELi6EL9ap_q_mode5EL9_134  |  16|   0|   16|          0|
    |p_ZZN4nnet24compute_output_buffer_2dINS_5arrayI8ap_fixedILi16ELi6EL9ap_q_mode5EL9_135  |  16|   0|   16|          0|
    |p_ZZN4nnet24compute_output_buffer_2dINS_5arrayI8ap_fixedILi16ELi6EL9ap_q_mode5EL9_136  |  16|   0|   16|          0|
    |p_ZZN4nnet24compute_output_buffer_2dINS_5arrayI8ap_fixedILi16ELi6EL9ap_q_mode5EL9_137  |  16|   0|   16|          0|
    |p_ZZN4nnet24compute_output_buffer_2dINS_5arrayI8ap_fixedILi16ELi6EL9ap_q_mode5EL9_138  |  16|   0|   16|          0|
    |res_out_1_reg_456                                                                      |  38|   0|   38|          0|
    |res_out_2_reg_461                                                                      |  38|   0|   38|          0|
    |res_out_3_reg_466                                                                      |  38|   0|   38|          0|
    |res_out_4_reg_471                                                                      |  38|   0|   38|          0|
    |res_out_5_reg_476                                                                      |  38|   0|   38|          0|
    |res_out_6_reg_481                                                                      |  38|   0|   38|          0|
    |res_out_7_reg_486                                                                      |  38|   0|   38|          0|
    |res_out_reg_451                                                                        |  38|   0|   38|          0|
    |sX_5                                                                                   |  32|   0|   32|          0|
    |sY_5                                                                                   |  32|   0|   32|          0|
    |void_compute_output_buffer_2d_array_const_ap_shift_reg_n_chan_stream_weig_20           |  16|   0|   16|          0|
    |void_compute_output_buffer_2d_array_const_ap_shift_reg_n_chan_stream_weig_21           |  16|   0|   16|          0|
    |void_compute_output_buffer_2d_array_const_ap_shift_reg_n_chan_stream_weig_22           |  16|   0|   16|          0|
    |void_compute_output_buffer_2d_array_const_ap_shift_reg_n_chan_stream_weig_23           |  16|   0|   16|          0|
    |void_compute_output_buffer_2d_array_const_ap_shift_reg_n_chan_stream_weig_24           |  16|   0|   16|          0|
    |void_compute_output_buffer_2d_array_const_ap_shift_reg_n_chan_stream_weig_25           |  16|   0|   16|          0|
    |void_compute_output_buffer_2d_array_const_ap_shift_reg_n_chan_stream_weig_26           |  16|   0|   16|          0|
    |void_compute_output_buffer_2d_array_const_ap_shift_reg_n_chan_stream_weig_27           |  16|   0|   16|          0|
    |void_compute_output_buffer_2d_array_const_ap_shift_reg_n_chan_stream_weig_28           |  16|   0|   16|          0|
    |void_compute_output_buffer_2d_array_const_ap_shift_reg_n_chan_stream_weig_29           |  16|   0|   16|          0|
    +---------------------------------------------------------------------------------------+----+----+-----+-----------+
    |Total                                                                                  | 760|   0|  760|          0|
    +---------------------------------------------------------------------------------------+----+----+-----+-----------+



================================================================
== Interface
================================================================
* Summary: 
+---------------------------+-----+-----+------------+-------------------------------------------------------------------------+--------------+
|         RTL Ports         | Dir | Bits|  Protocol  |                              Source Object                              |    C Type    |
+---------------------------+-----+-----+------------+-------------------------------------------------------------------------+--------------+
|ap_clk                     |   in|    1|  ap_ctrl_hs|  compute_output_buffer_2d<array,array<ap_fixed<38,18,5,3,0>,8u>,config2>|  return value|
|ap_rst                     |   in|    1|  ap_ctrl_hs|  compute_output_buffer_2d<array,array<ap_fixed<38,18,5,3,0>,8u>,config2>|  return value|
|ap_start                   |   in|    1|  ap_ctrl_hs|  compute_output_buffer_2d<array,array<ap_fixed<38,18,5,3,0>,8u>,config2>|  return value|
|ap_done                    |  out|    1|  ap_ctrl_hs|  compute_output_buffer_2d<array,array<ap_fixed<38,18,5,3,0>,8u>,config2>|  return value|
|ap_idle                    |  out|    1|  ap_ctrl_hs|  compute_output_buffer_2d<array,array<ap_fixed<38,18,5,3,0>,8u>,config2>|  return value|
|ap_ready                   |  out|    1|  ap_ctrl_hs|  compute_output_buffer_2d<array,array<ap_fixed<38,18,5,3,0>,8u>,config2>|  return value|
|ap_ce                      |   in|    1|  ap_ctrl_hs|  compute_output_buffer_2d<array,array<ap_fixed<38,18,5,3,0>,8u>,config2>|  return value|
|layer2_out_blk_n           |  out|    1|  ap_ctrl_hs|  compute_output_buffer_2d<array,array<ap_fixed<38,18,5,3,0>,8u>,config2>|  return value|
|in_elem_0_0_0_0_0_val      |   in|   16|     ap_none|                                                    in_elem_0_0_0_0_0_val|        scalar|
|in_elem_0_1_0_0_0_val      |   in|   16|     ap_none|                                                    in_elem_0_1_0_0_0_val|        scalar|
|layer2_out_din             |  out|  304|     ap_fifo|                                                               layer2_out|       pointer|
|layer2_out_num_data_valid  |   in|   12|     ap_fifo|                                                               layer2_out|       pointer|
|layer2_out_fifo_cap        |   in|   12|     ap_fifo|                                                               layer2_out|       pointer|
|layer2_out_full_n          |   in|    1|     ap_fifo|                                                               layer2_out|       pointer|
|layer2_out_write           |  out|    1|     ap_fifo|                                                               layer2_out|       pointer|
+---------------------------+-----+-----+------------+-------------------------------------------------------------------------+--------------+

