

================================================================
== Vitis HLS Report for 'dense_latency_ap_fixed_16_6_5_3_0_ap_fixed_38_18_5_3_0_config2_mult_s'
================================================================
* Date:           Sun Mar 22 09:45:35 2026

* Version:        2023.2 (Build 4023990 on Oct 11 2023)
* Project:        myproject_prj
* Solution:       solution1 (Vivado IP Flow Target)
* Product family: zynquplus
* Target device:  xck26-sfvc784-2LV-c


================================================================
== Performance Estimates
================================================================
+ Timing: 
    * Summary: 
    +--------+---------+----------+------------+
    |  Clock |  Target | Estimated| Uncertainty|
    +--------+---------+----------+------------+
    |ap_clk  |  5.00 ns|  3.321 ns|     1.35 ns|
    +--------+---------+----------+------------+

+ Latency: 
    * Summary: 
    +---------+---------+----------+----------+-----+-----+---------+
    |  Latency (cycles) |  Latency (absolute) |  Interval | Pipeline|
    |   min   |   max   |    min   |    max   | min | max |   Type  |
    +---------+---------+----------+----------+-----+-----+---------+
    |        1|        1|  5.000 ns|  5.000 ns|    1|    1|      yes|
    +---------+---------+----------+----------+-----+-----+---------+

    + Detail: 
        * Instance: 
        N/A

        * Loop: 
        N/A



================================================================
== Utilization Estimates
================================================================
* Summary: 
+-----------------+---------+------+--------+--------+-----+
|       Name      | BRAM_18K|  DSP |   FF   |   LUT  | URAM|
+-----------------+---------+------+--------+--------+-----+
|DSP              |        -|     -|       -|       -|    -|
|Expression       |        -|     -|       0|    3435|    -|
|FIFO             |        -|     -|       -|       -|    -|
|Instance         |        -|   119|       0|     595|    -|
|Memory           |        -|     -|       -|       -|    -|
|Multiplexer      |        -|     -|       -|     112|    -|
|Register         |        -|     -|    1545|       -|    -|
+-----------------+---------+------+--------+--------+-----+
|Total            |        0|   119|    1545|    4142|    0|
+-----------------+---------+------+--------+--------+-----+
|Available        |      288|  1248|  234240|  117120|   64|
+-----------------+---------+------+--------+--------+-----+
|Utilization (%)  |        0|     9|      ~0|       3|    0|
+-----------------+---------+------+--------+--------+-----+

+ Detail: 
    * Instance: 
    +--------------------------+---------------------+---------+----+---+----+-----+
    |         Instance         |        Module       | BRAM_18K| DSP| FF| LUT| URAM|
    +--------------------------+---------------------+---------+----+---+----+-----+
    |mul_16s_10ns_26_1_0_U30   |mul_16s_10ns_26_1_0  |        0|   1|  0|   5|    0|
    |mul_16s_10ns_26_1_0_U37   |mul_16s_10ns_26_1_0  |        0|   1|  0|   5|    0|
    |mul_16s_10ns_26_1_0_U39   |mul_16s_10ns_26_1_0  |        0|   1|  0|   5|    0|
    |mul_16s_10ns_26_1_0_U51   |mul_16s_10ns_26_1_0  |        0|   1|  0|   5|    0|
    |mul_16s_10ns_26_1_0_U53   |mul_16s_10ns_26_1_0  |        0|   1|  0|   5|    0|
    |mul_16s_10ns_26_1_0_U62   |mul_16s_10ns_26_1_0  |        0|   1|  0|   5|    0|
    |mul_16s_10ns_26_1_0_U64   |mul_16s_10ns_26_1_0  |        0|   1|  0|   5|    0|
    |mul_16s_10ns_26_1_0_U66   |mul_16s_10ns_26_1_0  |        0|   1|  0|   5|    0|
    |mul_16s_10ns_26_1_0_U79   |mul_16s_10ns_26_1_0  |        0|   1|  0|   5|    0|
    |mul_16s_10ns_26_1_0_U85   |mul_16s_10ns_26_1_0  |        0|   1|  0|   5|    0|
    |mul_16s_10ns_26_1_0_U92   |mul_16s_10ns_26_1_0  |        0|   1|  0|   5|    0|
    |mul_16s_10ns_26_1_0_U103  |mul_16s_10ns_26_1_0  |        0|   1|  0|   5|    0|
    |mul_16s_10ns_26_1_0_U107  |mul_16s_10ns_26_1_0  |        0|   1|  0|   5|    0|
    |mul_16s_10ns_26_1_0_U109  |mul_16s_10ns_26_1_0  |        0|   1|  0|   5|    0|
    |mul_16s_10ns_26_1_0_U112  |mul_16s_10ns_26_1_0  |        0|   1|  0|   5|    0|
    |mul_16s_10ns_26_1_0_U114  |mul_16s_10ns_26_1_0  |        0|   1|  0|   5|    0|
    |mul_16s_10ns_26_1_0_U119  |mul_16s_10ns_26_1_0  |        0|   1|  0|   5|    0|
    |mul_16s_10ns_26_1_0_U128  |mul_16s_10ns_26_1_0  |        0|   1|  0|   5|    0|
    |mul_16s_10ns_26_1_0_U133  |mul_16s_10ns_26_1_0  |        0|   1|  0|   5|    0|
    |mul_16s_10ns_26_1_0_U135  |mul_16s_10ns_26_1_0  |        0|   1|  0|   5|    0|
    |mul_16s_10ns_26_1_0_U146  |mul_16s_10ns_26_1_0  |        0|   1|  0|   5|    0|
    |mul_16s_10s_26_1_0_U31    |mul_16s_10s_26_1_0   |        0|   1|  0|   5|    0|
    |mul_16s_10s_26_1_0_U38    |mul_16s_10s_26_1_0   |        0|   1|  0|   5|    0|
    |mul_16s_10s_26_1_0_U40    |mul_16s_10s_26_1_0   |        0|   1|  0|   5|    0|
    |mul_16s_10s_26_1_0_U44    |mul_16s_10s_26_1_0   |        0|   1|  0|   5|    0|
    |mul_16s_10s_26_1_0_U46    |mul_16s_10s_26_1_0   |        0|   1|  0|   5|    0|
    |mul_16s_10s_26_1_0_U54    |mul_16s_10s_26_1_0   |        0|   1|  0|   5|    0|
    |mul_16s_10s_26_1_0_U55    |mul_16s_10s_26_1_0   |        0|   1|  0|   5|    0|
    |mul_16s_10s_26_1_0_U61    |mul_16s_10s_26_1_0   |        0|   1|  0|   5|    0|
    |mul_16s_10s_26_1_0_U63    |mul_16s_10s_26_1_0   |        0|   1|  0|   5|    0|
    |mul_16s_10s_26_1_0_U70    |mul_16s_10s_26_1_0   |        0|   1|  0|   5|    0|
    |mul_16s_10s_26_1_0_U71    |mul_16s_10s_26_1_0   |        0|   1|  0|   5|    0|
    |mul_16s_10s_26_1_0_U99    |mul_16s_10s_26_1_0   |        0|   1|  0|   5|    0|
    |mul_16s_10s_26_1_0_U101   |mul_16s_10s_26_1_0   |        0|   1|  0|   5|    0|
    |mul_16s_10s_26_1_0_U105   |mul_16s_10s_26_1_0   |        0|   1|  0|   5|    0|
    |mul_16s_10s_26_1_0_U106   |mul_16s_10s_26_1_0   |        0|   1|  0|   5|    0|
    |mul_16s_10s_26_1_0_U110   |mul_16s_10s_26_1_0   |        0|   1|  0|   5|    0|
    |mul_16s_10s_26_1_0_U113   |mul_16s_10s_26_1_0   |        0|   1|  0|   5|    0|
    |mul_16s_10s_26_1_0_U130   |mul_16s_10s_26_1_0   |        0|   1|  0|   5|    0|
    |mul_16s_10s_26_1_0_U134   |mul_16s_10s_26_1_0   |        0|   1|  0|   5|    0|
    |mul_16s_10s_26_1_0_U137   |mul_16s_10s_26_1_0   |        0|   1|  0|   5|    0|
    |mul_16s_10s_26_1_0_U140   |mul_16s_10s_26_1_0   |        0|   1|  0|   5|    0|
    |mul_16s_10s_26_1_0_U143   |mul_16s_10s_26_1_0   |        0|   1|  0|   5|    0|
    |mul_16s_11ns_26_1_0_U80   |mul_16s_11ns_26_1_0  |        0|   1|  0|   5|    0|
    |mul_16s_11ns_26_1_0_U86   |mul_16s_11ns_26_1_0  |        0|   1|  0|   5|    0|
    |mul_16s_11ns_26_1_0_U123  |mul_16s_11ns_26_1_0  |        0|   1|  0|   5|    0|
    |mul_16s_11s_26_1_0_U91    |mul_16s_11s_26_1_0   |        0|   1|  0|   5|    0|
    |mul_16s_5ns_21_1_0_U84    |mul_16s_5ns_21_1_0   |        0|   1|  0|   5|    0|
    |mul_16s_6ns_22_1_0_U52    |mul_16s_6ns_22_1_0   |        0|   1|  0|   5|    0|
    |mul_16s_6ns_22_1_0_U67    |mul_16s_6ns_22_1_0   |        0|   1|  0|   5|    0|
    |mul_16s_6s_22_1_0_U45     |mul_16s_6s_22_1_0    |        0|   1|  0|   5|    0|
    |mul_16s_6s_22_1_0_U76     |mul_16s_6s_22_1_0    |        0|   1|  0|   5|    0|
    |mul_16s_6s_22_1_0_U131    |mul_16s_6s_22_1_0    |        0|   1|  0|   5|    0|
    |mul_16s_7ns_23_1_0_U29    |mul_16s_7ns_23_1_0   |        0|   1|  0|   5|    0|
    |mul_16s_7ns_23_1_0_U65    |mul_16s_7ns_23_1_0   |        0|   1|  0|   5|    0|
    |mul_16s_7ns_23_1_0_U139   |mul_16s_7ns_23_1_0   |        0|   1|  0|   5|    0|
    |mul_16s_7ns_23_1_0_U142   |mul_16s_7ns_23_1_0   |        0|   1|  0|   5|    0|
    |mul_16s_7s_23_1_0_U50     |mul_16s_7s_23_1_0    |        0|   1|  0|   5|    0|
    |mul_16s_7s_23_1_0_U81     |mul_16s_7s_23_1_0    |        0|   1|  0|   5|    0|
    |mul_16s_7s_23_1_0_U97     |mul_16s_7s_23_1_0    |        0|   1|  0|   5|    0|
    |mul_16s_7s_23_1_0_U102    |mul_16s_7s_23_1_0    |        0|   1|  0|   5|    0|
    |mul_16s_7s_23_1_0_U120    |mul_16s_7s_23_1_0    |        0|   1|  0|   5|    0|
    |mul_16s_7s_23_1_0_U136    |mul_16s_7s_23_1_0    |        0|   1|  0|   5|    0|
    |mul_16s_7s_23_1_0_U147    |mul_16s_7s_23_1_0    |        0|   1|  0|   5|    0|
    |mul_16s_8ns_24_1_0_U32    |mul_16s_8ns_24_1_0   |        0|   1|  0|   5|    0|
    |mul_16s_8ns_24_1_0_U49    |mul_16s_8ns_24_1_0   |        0|   1|  0|   5|    0|
    |mul_16s_8ns_24_1_0_U56    |mul_16s_8ns_24_1_0   |        0|   1|  0|   5|    0|
    |mul_16s_8ns_24_1_0_U60    |mul_16s_8ns_24_1_0   |        0|   1|  0|   5|    0|
    |mul_16s_8ns_24_1_0_U78    |mul_16s_8ns_24_1_0   |        0|   1|  0|   5|    0|
    |mul_16s_8ns_24_1_0_U89    |mul_16s_8ns_24_1_0   |        0|   1|  0|   5|    0|
    |mul_16s_8ns_24_1_0_U94    |mul_16s_8ns_24_1_0   |        0|   1|  0|   5|    0|
    |mul_16s_8ns_24_1_0_U95    |mul_16s_8ns_24_1_0   |        0|   1|  0|   5|    0|
    |mul_16s_8ns_24_1_0_U100   |mul_16s_8ns_24_1_0   |        0|   1|  0|   5|    0|
    |mul_16s_8ns_24_1_0_U116   |mul_16s_8ns_24_1_0   |        0|   1|  0|   5|    0|
    |mul_16s_8ns_24_1_0_U129   |mul_16s_8ns_24_1_0   |        0|   1|  0|   5|    0|
    |mul_16s_8s_24_1_0_U42     |mul_16s_8s_24_1_0    |        0|   1|  0|   5|    0|
    |mul_16s_8s_24_1_0_U59     |mul_16s_8s_24_1_0    |        0|   1|  0|   5|    0|
    |mul_16s_8s_24_1_0_U69     |mul_16s_8s_24_1_0    |        0|   1|  0|   5|    0|
    |mul_16s_8s_24_1_0_U72     |mul_16s_8s_24_1_0    |        0|   1|  0|   5|    0|
    |mul_16s_8s_24_1_0_U77     |mul_16s_8s_24_1_0    |        0|   1|  0|   5|    0|
    |mul_16s_8s_24_1_0_U82     |mul_16s_8s_24_1_0    |        0|   1|  0|   5|    0|
    |mul_16s_8s_24_1_0_U88     |mul_16s_8s_24_1_0    |        0|   1|  0|   5|    0|
    |mul_16s_8s_24_1_0_U111    |mul_16s_8s_24_1_0    |        0|   1|  0|   5|    0|
    |mul_16s_8s_24_1_0_U118    |mul_16s_8s_24_1_0    |        0|   1|  0|   5|    0|
    |mul_16s_8s_24_1_0_U121    |mul_16s_8s_24_1_0    |        0|   1|  0|   5|    0|
    |mul_16s_8s_24_1_0_U144    |mul_16s_8s_24_1_0    |        0|   1|  0|   5|    0|
    |mul_16s_9ns_25_1_0_U34    |mul_16s_9ns_25_1_0   |        0|   1|  0|   5|    0|
    |mul_16s_9ns_25_1_0_U35    |mul_16s_9ns_25_1_0   |        0|   1|  0|   5|    0|
    |mul_16s_9ns_25_1_0_U41    |mul_16s_9ns_25_1_0   |        0|   1|  0|   5|    0|
    |mul_16s_9ns_25_1_0_U43    |mul_16s_9ns_25_1_0   |        0|   1|  0|   5|    0|
    |mul_16s_9ns_25_1_0_U47    |mul_16s_9ns_25_1_0   |        0|   1|  0|   5|    0|
    |mul_16s_9ns_25_1_0_U48    |mul_16s_9ns_25_1_0   |        0|   1|  0|   5|    0|
    |mul_16s_9ns_25_1_0_U68    |mul_16s_9ns_25_1_0   |        0|   1|  0|   5|    0|
    |mul_16s_9ns_25_1_0_U73    |mul_16s_9ns_25_1_0   |        0|   1|  0|   5|    0|
    |mul_16s_9ns_25_1_0_U74    |mul_16s_9ns_25_1_0   |        0|   1|  0|   5|    0|
    |mul_16s_9ns_25_1_0_U83    |mul_16s_9ns_25_1_0   |        0|   1|  0|   5|    0|
    |mul_16s_9ns_25_1_0_U96    |mul_16s_9ns_25_1_0   |        0|   1|  0|   5|    0|
    |mul_16s_9ns_25_1_0_U104   |mul_16s_9ns_25_1_0   |        0|   1|  0|   5|    0|
    |mul_16s_9ns_25_1_0_U108   |mul_16s_9ns_25_1_0   |        0|   1|  0|   5|    0|
    |mul_16s_9ns_25_1_0_U115   |mul_16s_9ns_25_1_0   |        0|   1|  0|   5|    0|
    |mul_16s_9ns_25_1_0_U122   |mul_16s_9ns_25_1_0   |        0|   1|  0|   5|    0|
    |mul_16s_9ns_25_1_0_U124   |mul_16s_9ns_25_1_0   |        0|   1|  0|   5|    0|
    |mul_16s_9ns_25_1_0_U126   |mul_16s_9ns_25_1_0   |        0|   1|  0|   5|    0|
    |mul_16s_9ns_25_1_0_U127   |mul_16s_9ns_25_1_0   |        0|   1|  0|   5|    0|
    |mul_16s_9ns_25_1_0_U138   |mul_16s_9ns_25_1_0   |        0|   1|  0|   5|    0|
    |mul_16s_9ns_25_1_0_U145   |mul_16s_9ns_25_1_0   |        0|   1|  0|   5|    0|
    |mul_16s_9s_25_1_0_U33     |mul_16s_9s_25_1_0    |        0|   1|  0|   5|    0|
    |mul_16s_9s_25_1_0_U36     |mul_16s_9s_25_1_0    |        0|   1|  0|   5|    0|
    |mul_16s_9s_25_1_0_U57     |mul_16s_9s_25_1_0    |        0|   1|  0|   5|    0|
    |mul_16s_9s_25_1_0_U58     |mul_16s_9s_25_1_0    |        0|   1|  0|   5|    0|
    |mul_16s_9s_25_1_0_U75     |mul_16s_9s_25_1_0    |        0|   1|  0|   5|    0|
    |mul_16s_9s_25_1_0_U87     |mul_16s_9s_25_1_0    |        0|   1|  0|   5|    0|
    |mul_16s_9s_25_1_0_U90     |mul_16s_9s_25_1_0    |        0|   1|  0|   5|    0|
    |mul_16s_9s_25_1_0_U93     |mul_16s_9s_25_1_0    |        0|   1|  0|   5|    0|
    |mul_16s_9s_25_1_0_U98     |mul_16s_9s_25_1_0    |        0|   1|  0|   5|    0|
    |mul_16s_9s_25_1_0_U117    |mul_16s_9s_25_1_0    |        0|   1|  0|   5|    0|
    |mul_16s_9s_25_1_0_U125    |mul_16s_9s_25_1_0    |        0|   1|  0|   5|    0|
    |mul_16s_9s_25_1_0_U132    |mul_16s_9s_25_1_0    |        0|   1|  0|   5|    0|
    |mul_16s_9s_25_1_0_U141    |mul_16s_9s_25_1_0    |        0|   1|  0|   5|    0|
    +--------------------------+---------------------+---------+----+---+----+-----+
    |Total                     |                     |        0| 119|  0| 595|    0|
    +--------------------------+---------------------+---------+----+---+----+-----+

    * DSP: 
    N/A

    * Memory: 
    N/A

    * FIFO: 
    N/A

    * Expression: 
    +---------------------------+----------+----+---+----+------------+------------+
    |       Variable Name       | Operation| DSP| FF| LUT| Bitwidth P0| Bitwidth P1|
    +---------------------------+----------+----+---+----+------------+------------+
    |add_ln58_1000_fu_73200_p2  |         +|   0|  0|  16|          16|          16|
    |add_ln58_1001_fu_72625_p2  |         +|   0|  0|  16|          14|          14|
    |add_ln58_1002_fu_72631_p2  |         +|   0|  0|  17|          10|           5|
    |add_ln58_1003_fu_72641_p2  |         +|   0|  0|  19|          12|          12|
    |add_ln58_1004_fu_72651_p2  |         +|   0|  0|  16|          14|          14|
    |add_ln58_1005_fu_73209_p2  |         +|   0|  0|  16|          16|          16|
    |add_ln58_1007_fu_73221_p2  |         +|   0|  0|  16|          16|          16|
    |add_ln58_1008_fu_72657_p2  |         +|   0|  0|  23|          16|          16|
    |add_ln58_1009_fu_73225_p2  |         +|   0|  0|  16|          16|          16|
    |add_ln58_1010_fu_73230_p2  |         +|   0|  0|  16|          16|          16|
    |add_ln58_1011_fu_72663_p2  |         +|   0|  0|  16|          16|          16|
    |add_ln58_1012_fu_72669_p2  |         +|   0|  0|  16|          16|          16|
    |add_ln58_1013_fu_73235_p2  |         +|   0|  0|  16|          16|          16|
    |add_ln58_1014_fu_73240_p2  |         +|   0|  0|  16|          16|          16|
    |add_ln58_1015_fu_72675_p2  |         +|   0|  0|  23|          16|          16|
    |add_ln58_1016_fu_72681_p2  |         +|   0|  0|  22|          15|          15|
    |add_ln58_1017_fu_73249_p2  |         +|   0|  0|  23|          16|          16|
    |add_ln58_1018_fu_73255_p2  |         +|   0|  0|  16|          16|          16|
    |add_ln58_1019_fu_72687_p2  |         +|   0|  0|  20|          13|          13|
    |add_ln58_1020_fu_72697_p2  |         +|   0|  0|  19|          12|          10|
    |add_ln58_1021_fu_72707_p2  |         +|   0|  0|  20|          13|          13|
    |add_ln58_1022_fu_72717_p2  |         +|   0|  0|  21|          14|          14|
    |add_ln58_1023_fu_73263_p2  |         +|   0|  0|  16|          16|          16|
    |add_ln58_1025_fu_73275_p2  |         +|   0|  0|  16|          16|          16|
    |add_ln58_1026_fu_72723_p2  |         +|   0|  0|  23|          16|          16|
    |add_ln58_1027_fu_73279_p2  |         +|   0|  0|  16|          16|          16|
    |add_ln58_1028_fu_73284_p2  |         +|   0|  0|  16|          16|          16|
    |add_ln58_1029_fu_72729_p2  |         +|   0|  0|  16|          16|          16|
    |add_ln58_1030_fu_72735_p2  |         +|   0|  0|  16|          16|          16|
    |add_ln58_1031_fu_73288_p2  |         +|   0|  0|  16|          16|          16|
    |add_ln58_1032_fu_73293_p2  |         +|   0|  0|  16|          16|          16|
    |add_ln58_1033_fu_72741_p2  |         +|   0|  0|  23|          16|          16|
    |add_ln58_1034_fu_72747_p2  |         +|   0|  0|  22|          15|          15|
    |add_ln58_1035_fu_73302_p2  |         +|   0|  0|  23|          16|          16|
    |add_ln58_1036_fu_73308_p2  |         +|   0|  0|  16|          16|          16|
    |add_ln58_1037_fu_72753_p2  |         +|   0|  0|  21|          14|          14|
    |add_ln58_1038_fu_72759_p2  |         +|   0|  0|  19|          12|           7|
    |add_ln58_1039_fu_73319_p2  |         +|   0|  0|  20|          13|          13|
    |add_ln58_1040_fu_73329_p2  |         +|   0|  0|  22|          15|          15|
    |add_ln58_1041_fu_73339_p2  |         +|   0|  0|  16|          16|          16|
    |add_ln58_1043_fu_73351_p2  |         +|   0|  0|  16|          16|          16|
    |add_ln58_1044_fu_72765_p2  |         +|   0|  0|  23|          16|          16|
    |add_ln58_1045_fu_73355_p2  |         +|   0|  0|  16|          16|          16|
    |add_ln58_1046_fu_73360_p2  |         +|   0|  0|  16|          16|          16|
    |add_ln58_1047_fu_72771_p2  |         +|   0|  0|  16|          16|          16|
    |add_ln58_1048_fu_72777_p2  |         +|   0|  0|  16|          16|          16|
    |add_ln58_1049_fu_73366_p2  |         +|   0|  0|  16|          16|          16|
    |add_ln58_1050_fu_73371_p2  |         +|   0|  0|  16|          16|          16|
    |add_ln58_1051_fu_72783_p2  |         +|   0|  0|  23|          16|          16|
    |add_ln58_1052_fu_72789_p2  |         +|   0|  0|  22|          15|          15|
    |add_ln58_1053_fu_73380_p2  |         +|   0|  0|  23|          16|          16|
    |add_ln58_1054_fu_73386_p2  |         +|   0|  0|  16|          16|          16|
    |add_ln58_1055_fu_72795_p2  |         +|   0|  0|  21|          14|          14|
    |add_ln58_1056_fu_72801_p2  |         +|   0|  0|  17|          10|           8|
    |add_ln58_1057_fu_72811_p2  |         +|   0|  0|  20|          13|          13|
    |add_ln58_1058_fu_73397_p2  |         +|   0|  0|  22|          15|          15|
    |add_ln58_1059_fu_73407_p2  |         +|   0|  0|  16|          16|          16|
    |add_ln58_1061_fu_73419_p2  |         +|   0|  0|  16|          16|          16|
    |add_ln58_1062_fu_72817_p2  |         +|   0|  0|  23|          16|          16|
    |add_ln58_1063_fu_73423_p2  |         +|   0|  0|  16|          16|          16|
    |add_ln58_1064_fu_73428_p2  |         +|   0|  0|  16|          16|          16|
    |add_ln58_1065_fu_72823_p2  |         +|   0|  0|  16|          16|          16|
    |add_ln58_1066_fu_72829_p2  |         +|   0|  0|  16|          16|          16|
    |add_ln58_1067_fu_73432_p2  |         +|   0|  0|  16|          16|          16|
    |add_ln58_1068_fu_73437_p2  |         +|   0|  0|  16|          16|          16|
    |add_ln58_1069_fu_72835_p2  |         +|   0|  0|  23|          16|          16|
    |add_ln58_1070_fu_72841_p2  |         +|   0|  0|  16|          16|          16|
    |add_ln58_1071_fu_72847_p2  |         +|   0|  0|  16|          16|          16|
    |add_ln58_1072_fu_73443_p2  |         +|   0|  0|  16|          16|          16|
    |add_ln58_1073_fu_72853_p2  |         +|   0|  0|  16|          15|          15|
    |add_ln58_1074_fu_72859_p2  |         +|   0|  0|  18|          11|           9|
    |add_ln58_1075_fu_72869_p2  |         +|   0|  0|  19|          12|          12|
    |add_ln58_1076_fu_72879_p2  |         +|   0|  0|  16|          15|          15|
    |add_ln58_1077_fu_73450_p2  |         +|   0|  0|  16|          16|          16|
    |add_ln58_1079_fu_73462_p2  |         +|   0|  0|  16|          16|          16|
    |add_ln58_1080_fu_72885_p2  |         +|   0|  0|  23|          16|          16|
    |add_ln58_1081_fu_73466_p2  |         +|   0|  0|  16|          16|          16|
    |add_ln58_1082_fu_73471_p2  |         +|   0|  0|  16|          16|          16|
    |add_ln58_1083_fu_72891_p2  |         +|   0|  0|  16|          16|          16|
    |add_ln58_1084_fu_72897_p2  |         +|   0|  0|  16|          16|          16|
    |add_ln58_1085_fu_73476_p2  |         +|   0|  0|  16|          16|          16|
    |add_ln58_1086_fu_73481_p2  |         +|   0|  0|  16|          16|          16|
    |add_ln58_1087_fu_72903_p2  |         +|   0|  0|  23|          16|          16|
    |add_ln58_1088_fu_72909_p2  |         +|   0|  0|  22|          15|          15|
    |add_ln58_1089_fu_73490_p2  |         +|   0|  0|  23|          16|          16|
    |add_ln58_1090_fu_73496_p2  |         +|   0|  0|  16|          16|          16|
    |add_ln58_1091_fu_72915_p2  |         +|   0|  0|  21|          14|          14|
    |add_ln58_1092_fu_72921_p2  |         +|   0|  0|  20|          13|           9|
    |add_ln58_1093_fu_73507_p2  |         +|   0|  0|  21|          14|          14|
    |add_ln58_1094_fu_73517_p2  |         +|   0|  0|  22|          15|          15|
    |add_ln58_1095_fu_73527_p2  |         +|   0|  0|  16|          16|          16|
    |add_ln58_1097_fu_73539_p2  |         +|   0|  0|  16|          16|          16|
    |add_ln58_1098_fu_72927_p2  |         +|   0|  0|  23|          16|          16|
    |add_ln58_1099_fu_73543_p2  |         +|   0|  0|  16|          16|          16|
    |add_ln58_1100_fu_73548_p2  |         +|   0|  0|  16|          16|          16|
    |add_ln58_1101_fu_72933_p2  |         +|   0|  0|  22|          15|          15|
    |add_ln58_1102_fu_73556_p2  |         +|   0|  0|  23|          16|          16|
    |add_ln58_1103_fu_73562_p2  |         +|   0|  0|  16|          16|          16|
    |add_ln58_1104_fu_73568_p2  |         +|   0|  0|  16|          16|          16|
    |add_ln58_1105_fu_72939_p2  |         +|   0|  0|  22|          15|          15|
    |add_ln58_1106_fu_72945_p2  |         +|   0|  0|  22|          15|          15|
    |add_ln58_1107_fu_73580_p2  |         +|   0|  0|  23|          16|          16|
    |add_ln58_1108_fu_73586_p2  |         +|   0|  0|  16|          16|          16|
    |add_ln58_1109_fu_72951_p2  |         +|   0|  0|  21|          14|          14|
    |add_ln58_1110_fu_72957_p2  |         +|   0|  0|  15|           8|           6|
    |add_ln58_1111_fu_72967_p2  |         +|   0|  0|  20|          13|          13|
    |add_ln58_1112_fu_73598_p2  |         +|   0|  0|  22|          15|          15|
    |add_ln58_1113_fu_73608_p2  |         +|   0|  0|  16|          16|          16|
    |add_ln58_1115_fu_73620_p2  |         +|   0|  0|  16|          16|          16|
    |add_ln58_1116_fu_72973_p2  |         +|   0|  0|  23|          16|          16|
    |add_ln58_1117_fu_73625_p2  |         +|   0|  0|  16|          16|          16|
    |add_ln58_1118_fu_73630_p2  |         +|   0|  0|  16|          16|          16|
    |add_ln58_1119_fu_72979_p2  |         +|   0|  0|  16|          16|          16|
    |add_ln58_1120_fu_72985_p2  |         +|   0|  0|  16|          16|          16|
    |add_ln58_1121_fu_73635_p2  |         +|   0|  0|  16|          16|          16|
    |add_ln58_1122_fu_73640_p2  |         +|   0|  0|  16|          16|          16|
    |add_ln58_1123_fu_72991_p2  |         +|   0|  0|  22|          15|          15|
    |add_ln58_1124_fu_72997_p2  |         +|   0|  0|  22|          15|          15|
    |add_ln58_1125_fu_73652_p2  |         +|   0|  0|  23|          16|          16|
    |add_ln58_1126_fu_73658_p2  |         +|   0|  0|  16|          16|          16|
    |add_ln58_1127_fu_73003_p2  |         +|   0|  0|  21|          14|          14|
    |add_ln58_1128_fu_73009_p2  |         +|   0|  0|  18|          11|           8|
    |add_ln58_1129_fu_73019_p2  |         +|   0|  0|  20|          13|          13|
    |add_ln58_1130_fu_73670_p2  |         +|   0|  0|  22|          15|          15|
    |add_ln58_1131_fu_73680_p2  |         +|   0|  0|  16|          16|          16|
    |add_ln58_990_fu_72595_p2   |         +|   0|  0|  23|          16|          16|
    |add_ln58_991_fu_73162_p2   |         +|   0|  0|  16|          16|          16|
    |add_ln58_992_fu_73167_p2   |         +|   0|  0|  16|          16|          16|
    |add_ln58_993_fu_72601_p2   |         +|   0|  0|  16|          16|          16|
    |add_ln58_994_fu_72607_p2   |         +|   0|  0|  16|          16|          16|
    |add_ln58_995_fu_73173_p2   |         +|   0|  0|  16|          16|          16|
    |add_ln58_996_fu_73178_p2   |         +|   0|  0|  16|          16|          16|
    |add_ln58_997_fu_72613_p2   |         +|   0|  0|  22|          15|          15|
    |add_ln58_998_fu_72619_p2   |         +|   0|  0|  21|          14|          14|
    |add_ln58_999_fu_73190_p2   |         +|   0|  0|  22|          15|          15|
    |add_ln58_fu_73158_p2       |         +|   0|  0|  16|          16|          16|
    |add_ln73_29_fu_70240_p2    |         +|   0|  0|  26|          19|          19|
    |add_ln73_30_fu_71513_p2    |         +|   0|  0|  28|          21|          21|
    |add_ln73_31_fu_71579_p2    |         +|   0|  0|  32|          25|          25|
    |add_ln73_32_fu_71736_p2    |         +|   0|  0|  27|          20|          20|
    |add_ln73_33_fu_71839_p2    |         +|   0|  0|  28|          21|          21|
    |add_ln73_fu_73056_p2       |         +|   0|  0|  33|          26|          26|
    |x_42_fu_73269_p2           |         +|   0|  0|  16|          16|          16|
    |x_43_fu_73345_p2           |         +|   0|  0|  16|          16|          16|
    |x_44_fu_73413_p2           |         +|   0|  0|  16|          16|          16|
    |x_45_fu_73456_p2           |         +|   0|  0|  16|          16|          16|
    |x_46_fu_73533_p2           |         +|   0|  0|  16|          16|          16|
    |x_47_fu_73614_p2           |         +|   0|  0|  16|          16|          16|
    |x_48_fu_73686_p2           |         +|   0|  0|  16|          16|          16|
    |x_fu_73215_p2              |         +|   0|  0|  16|          16|          16|
    |sub_ln73_180_fu_70184_p2   |         -|   0|  0|  22|           1|          22|
    |sub_ln73_181_fu_70206_p2   |         -|   0|  0|  22|          22|          22|
    |sub_ln73_182_fu_70339_p2   |         -|   0|  0|  26|           1|          19|
    |sub_ln73_183_fu_70528_p2   |         -|   0|  0|  28|          21|          21|
    |sub_ln73_184_fu_70643_p2   |         -|   0|  0|  28|          21|          21|
    |sub_ln73_185_fu_70836_p2   |         -|   0|  0|  30|          23|          23|
    |sub_ln73_186_fu_70950_p2   |         -|   0|  0|  28|          21|          21|
    |sub_ln73_187_fu_71020_p2   |         -|   0|  0|  24|           1|          24|
    |sub_ln73_188_fu_71026_p2   |         -|   0|  0|  24|          24|          24|
    |sub_ln73_189_fu_73107_p2   |         -|   0|  0|  26|           1|          26|
    |sub_ln73_190_fu_73124_p2   |         -|   0|  0|  26|          26|          26|
    |sub_ln73_191_fu_71116_p2   |         -|   0|  0|  30|          23|          23|
    |sub_ln73_192_fu_71559_p2   |         -|   0|  0|  32|           1|          25|
    |sub_ln73_193_fu_71871_p2   |         -|   0|  0|  29|          22|          22|
    |sub_ln73_194_fu_71905_p2   |         -|   0|  0|  29|          22|          22|
    |sub_ln73_195_fu_72036_p2   |         -|   0|  0|  23|           1|          23|
    |sub_ln73_196_fu_72058_p2   |         -|   0|  0|  23|          23|          23|
    |sub_ln73_197_fu_72098_p2   |         -|   0|  0|  30|          23|          23|
    |sub_ln73_198_fu_72130_p2   |         -|   0|  0|  22|           1|          22|
    |sub_ln73_199_fu_72136_p2   |         -|   0|  0|  22|          22|          22|
    |sub_ln73_200_fu_72199_p2   |         -|   0|  0|  31|          24|          24|
    |sub_ln73_201_fu_72406_p2   |         -|   0|  0|  30|          23|          23|
    |sub_ln73_202_fu_72575_p2   |         -|   0|  0|  27|          20|          20|
    |sub_ln73_fu_70112_p2       |         -|   0|  0|  24|           1|          17|
    +---------------------------+----------+----+---+----+------------+------------+
    |Total                      |          |   0|  0|3435|        2699|        2844|
    +---------------------------+----------+----+---+----+------------+------------+

    * Multiplexer: 
    +-------------+----+-----------+-----+-----------+
    |     Name    | LUT| Input Size| Bits| Total Bits|
    +-------------+----+-----------+-----+-----------+
    |ap_return_0  |  14|          3|   38|        114|
    |ap_return_1  |  14|          3|   38|        114|
    |ap_return_2  |  14|          3|   38|        114|
    |ap_return_3  |  14|          3|   38|        114|
    |ap_return_4  |  14|          3|   38|        114|
    |ap_return_5  |  14|          3|   38|        114|
    |ap_return_6  |  14|          3|   38|        114|
    |ap_return_7  |  14|          3|   38|        114|
    +-------------+----+-----------+-----+-----------+
    |Total        | 112|         24|  304|        912|
    +-------------+----+-----------+-----+-----------+

    * Register: 
    +--------------------------+----+----+-----+-----------+
    |           Name           | FF | LUT| Bits| Const Bits|
    +--------------------------+----+----+-----+-----------+
    |a_72_reg_73866            |  16|   0|   16|          0|
    |a_79_reg_73967            |  16|   0|   16|          0|
    |add_ln58_1004_reg_74068   |  14|   0|   14|          0|
    |add_ln58_1008_reg_74073   |  16|   0|   16|          0|
    |add_ln58_1012_reg_74078   |  16|   0|   16|          0|
    |add_ln58_1015_reg_74083   |  16|   0|   16|          0|
    |add_ln58_1016_reg_74088   |  15|   0|   15|          0|
    |add_ln58_1022_reg_74093   |  14|   0|   14|          0|
    |add_ln58_1026_reg_74098   |  16|   0|   16|          0|
    |add_ln58_1030_reg_74103   |  16|   0|   16|          0|
    |add_ln58_1033_reg_74108   |  16|   0|   16|          0|
    |add_ln58_1034_reg_74113   |  15|   0|   15|          0|
    |add_ln58_1037_reg_74118   |  14|   0|   14|          0|
    |add_ln58_1038_reg_74123   |  12|   0|   12|          0|
    |add_ln58_1044_reg_74128   |  16|   0|   16|          0|
    |add_ln58_1048_reg_74133   |  16|   0|   16|          0|
    |add_ln58_1051_reg_74138   |  16|   0|   16|          0|
    |add_ln58_1052_reg_74143   |  15|   0|   15|          0|
    |add_ln58_1055_reg_74148   |  14|   0|   14|          0|
    |add_ln58_1057_reg_74153   |  13|   0|   13|          0|
    |add_ln58_1062_reg_74158   |  16|   0|   16|          0|
    |add_ln58_1066_reg_74163   |  16|   0|   16|          0|
    |add_ln58_1069_reg_74168   |  16|   0|   16|          0|
    |add_ln58_1071_reg_74173   |  16|   0|   16|          0|
    |add_ln58_1076_reg_74178   |  15|   0|   15|          0|
    |add_ln58_1080_reg_74183   |  16|   0|   16|          0|
    |add_ln58_1084_reg_74188   |  16|   0|   16|          0|
    |add_ln58_1087_reg_74193   |  16|   0|   16|          0|
    |add_ln58_1088_reg_74198   |  15|   0|   15|          0|
    |add_ln58_1091_reg_74203   |  14|   0|   14|          0|
    |add_ln58_1092_reg_74208   |  13|   0|   13|          0|
    |add_ln58_1098_reg_74213   |  16|   0|   16|          0|
    |add_ln58_1101_reg_74218   |  15|   0|   15|          0|
    |add_ln58_1105_reg_74223   |  15|   0|   15|          0|
    |add_ln58_1106_reg_74228   |  15|   0|   15|          0|
    |add_ln58_1109_reg_74233   |  14|   0|   14|          0|
    |add_ln58_1111_reg_74238   |  13|   0|   13|          0|
    |add_ln58_1116_reg_74243   |  16|   0|   16|          0|
    |add_ln58_1120_reg_74248   |  16|   0|   16|          0|
    |add_ln58_1123_reg_74253   |  15|   0|   15|          0|
    |add_ln58_1124_reg_74258   |  15|   0|   15|          0|
    |add_ln58_1127_reg_74263   |  14|   0|   14|          0|
    |add_ln58_1129_reg_74268   |  13|   0|   13|          0|
    |add_ln58_990_reg_74048    |  16|   0|   16|          0|
    |add_ln58_994_reg_74053    |  16|   0|   16|          0|
    |add_ln58_997_reg_74058    |  15|   0|   15|          0|
    |add_ln58_998_reg_74063    |  14|   0|   14|          0|
    |ap_ce_reg                 |   1|   0|    1|          0|
    |ap_return_0_int_reg       |  28|   0|   38|         10|
    |ap_return_1_int_reg       |  28|   0|   38|         10|
    |ap_return_2_int_reg       |  28|   0|   38|         10|
    |ap_return_3_int_reg       |  28|   0|   38|         10|
    |ap_return_4_int_reg       |  28|   0|   38|         10|
    |ap_return_5_int_reg       |  28|   0|   38|         10|
    |ap_return_6_int_reg       |  28|   0|   38|         10|
    |ap_return_7_int_reg       |  28|   0|   38|         10|
    |trunc_ln42_159_reg_73846  |  14|   0|   14|          0|
    |trunc_ln42_160_reg_73851  |  16|   0|   16|          0|
    |trunc_ln42_161_reg_73856  |  16|   0|   16|          0|
    |trunc_ln42_162_reg_73861  |  16|   0|   16|          0|
    |trunc_ln42_168_reg_73872  |  15|   0|   15|          0|
    |trunc_ln42_170_reg_73877  |  15|   0|   15|          0|
    |trunc_ln42_177_reg_73882  |  16|   0|   16|          0|
    |trunc_ln42_178_reg_73887  |  16|   0|   16|          0|
    |trunc_ln42_179_reg_73892  |  15|   0|   15|          0|
    |trunc_ln42_180_reg_73897  |  16|   0|   16|          0|
    |trunc_ln42_182_reg_73902  |  16|   0|   16|          0|
    |trunc_ln42_184_reg_73907  |  16|   0|   16|          0|
    |trunc_ln42_186_reg_73912  |  14|   0|   14|          0|
    |trunc_ln42_187_reg_73917  |  15|   0|   15|          0|
    |trunc_ln42_191_reg_73922  |  16|   0|   16|          0|
    |trunc_ln42_199_reg_73927  |  16|   0|   16|          0|
    |trunc_ln42_200_reg_73932  |  15|   0|   15|          0|
    |trunc_ln42_203_reg_73937  |  16|   0|   16|          0|
    |trunc_ln42_205_reg_73942  |  15|   0|   15|          0|
    |trunc_ln42_212_reg_73947  |  14|   0|   14|          0|
    |trunc_ln42_213_reg_73952  |  13|   0|   13|          0|
    |trunc_ln42_214_reg_73957  |  16|   0|   16|          0|
    |trunc_ln42_215_reg_73962  |  11|   0|   11|          0|
    |trunc_ln42_228_reg_73973  |  15|   0|   15|          0|
    |trunc_ln42_229_reg_73978  |  15|   0|   15|          0|
    |trunc_ln42_233_reg_73983  |  16|   0|   16|          0|
    |trunc_ln42_237_reg_73988  |  16|   0|   16|          0|
    |trunc_ln42_243_reg_73993  |  14|   0|   14|          0|
    |trunc_ln42_251_reg_73998  |  16|   0|   16|          0|
    |trunc_ln42_255_reg_74003  |  16|   0|   16|          0|
    |trunc_ln42_271_reg_74008  |  16|   0|   16|          0|
    |trunc_ln42_273_reg_74013  |  16|   0|   16|          0|
    |trunc_ln42_274_reg_74018  |  16|   0|   16|          0|
    |trunc_ln42_284_reg_74023  |  16|   0|   16|          0|
    |trunc_ln42_290_reg_74028  |  13|   0|   13|          0|
    |trunc_ln42_294_reg_74033  |  15|   0|   15|          0|
    |trunc_ln42_296_reg_74038  |  15|   0|   15|          0|
    |trunc_ln42_299_reg_74043  |  16|   0|   16|          0|
    |trunc_ln42_s_reg_73841    |  16|   0|   16|          0|
    |trunc_ln_reg_73836        |  16|   0|   16|          0|
    +--------------------------+----+----+-----+-----------+
    |Total                     |1545|   0| 1625|         80|
    +--------------------------+----+----+-----+-----------+



================================================================
== Interface
================================================================
* Summary: 
+---------------------------------------------------------------------------------------+-----+-----+------------+---------------------------------------------------------------------------------------+--------------+
|                                       RTL Ports                                       | Dir | Bits|  Protocol  |                                     Source Object                                     |    C Type    |
+---------------------------------------------------------------------------------------+-----+-----+------------+---------------------------------------------------------------------------------------+--------------+
|ap_clk                                                                                 |   in|    1|  ap_ctrl_hs|       dense_latency<ap_fixed<16, 6, 5, 3, 0>, ap_fixed<38, 18, 5, 3, 0>, config2_mult>|  return value|
|ap_rst                                                                                 |   in|    1|  ap_ctrl_hs|       dense_latency<ap_fixed<16, 6, 5, 3, 0>, ap_fixed<38, 18, 5, 3, 0>, config2_mult>|  return value|
|ap_return_0                                                                            |  out|   38|  ap_ctrl_hs|       dense_latency<ap_fixed<16, 6, 5, 3, 0>, ap_fixed<38, 18, 5, 3, 0>, config2_mult>|  return value|
|ap_return_1                                                                            |  out|   38|  ap_ctrl_hs|       dense_latency<ap_fixed<16, 6, 5, 3, 0>, ap_fixed<38, 18, 5, 3, 0>, config2_mult>|  return value|
|ap_return_2                                                                            |  out|   38|  ap_ctrl_hs|       dense_latency<ap_fixed<16, 6, 5, 3, 0>, ap_fixed<38, 18, 5, 3, 0>, config2_mult>|  return value|
|ap_return_3                                                                            |  out|   38|  ap_ctrl_hs|       dense_latency<ap_fixed<16, 6, 5, 3, 0>, ap_fixed<38, 18, 5, 3, 0>, config2_mult>|  return value|
|ap_return_4                                                                            |  out|   38|  ap_ctrl_hs|       dense_latency<ap_fixed<16, 6, 5, 3, 0>, ap_fixed<38, 18, 5, 3, 0>, config2_mult>|  return value|
|ap_return_5                                                                            |  out|   38|  ap_ctrl_hs|       dense_latency<ap_fixed<16, 6, 5, 3, 0>, ap_fixed<38, 18, 5, 3, 0>, config2_mult>|  return value|
|ap_return_6                                                                            |  out|   38|  ap_ctrl_hs|       dense_latency<ap_fixed<16, 6, 5, 3, 0>, ap_fixed<38, 18, 5, 3, 0>, config2_mult>|  return value|
|ap_return_7                                                                            |  out|   38|  ap_ctrl_hs|       dense_latency<ap_fixed<16, 6, 5, 3, 0>, ap_fixed<38, 18, 5, 3, 0>, config2_mult>|  return value|
|ap_ce                                                                                  |   in|    1|  ap_ctrl_hs|       dense_latency<ap_fixed<16, 6, 5, 3, 0>, ap_fixed<38, 18, 5, 3, 0>, config2_mult>|  return value|
|void_compute_output_buffer_2d_array_const_ap_shift_reg_n_chan_stream_weig_29           |   in|   16|     ap_none|           void_compute_output_buffer_2d_array_const_ap_shift_reg_n_chan_stream_weig_29|       pointer|
|void_compute_output_buffer_2d_array_const_ap_shift_reg_n_chan_stream_weig_28           |   in|   16|     ap_none|           void_compute_output_buffer_2d_array_const_ap_shift_reg_n_chan_stream_weig_28|       pointer|
|void_compute_output_buffer_2d_array_const_ap_shift_reg_n_chan_stream_weig_27           |   in|   16|     ap_none|           void_compute_output_buffer_2d_array_const_ap_shift_reg_n_chan_stream_weig_27|       pointer|
|void_compute_output_buffer_2d_array_const_ap_shift_reg_n_chan_stream_weig_26           |   in|   16|     ap_none|           void_compute_output_buffer_2d_array_const_ap_shift_reg_n_chan_stream_weig_26|       pointer|
|void_compute_output_buffer_2d_array_const_ap_shift_reg_n_chan_stream_weig_25           |   in|   16|     ap_none|           void_compute_output_buffer_2d_array_const_ap_shift_reg_n_chan_stream_weig_25|       pointer|
|void_compute_output_buffer_2d_array_const_ap_shift_reg_n_chan_stream_weig_24           |   in|   16|     ap_none|           void_compute_output_buffer_2d_array_const_ap_shift_reg_n_chan_stream_weig_24|       pointer|
|void_compute_output_buffer_2d_array_const_ap_shift_reg_n_chan_stream_weig_23           |   in|   16|     ap_none|           void_compute_output_buffer_2d_array_const_ap_shift_reg_n_chan_stream_weig_23|       pointer|
|void_compute_output_buffer_2d_array_const_ap_shift_reg_n_chan_stream_weig_22           |   in|   16|     ap_none|           void_compute_output_buffer_2d_array_const_ap_shift_reg_n_chan_stream_weig_22|       pointer|
|void_compute_output_buffer_2d_array_const_ap_shift_reg_n_chan_stream_weig_21           |   in|   16|     ap_none|           void_compute_output_buffer_2d_array_const_ap_shift_reg_n_chan_stream_weig_21|       pointer|
|void_compute_output_buffer_2d_array_const_ap_shift_reg_n_chan_stream_weig_20           |   in|   16|     ap_none|           void_compute_output_buffer_2d_array_const_ap_shift_reg_n_chan_stream_weig_20|       pointer|
|p_ZZN4nnet24compute_output_buffer_2dINS_5arrayI8ap_fixedILi16ELi6EL9ap_q_mode5EL9_131  |   in|   16|     ap_none|  p_ZZN4nnet24compute_output_buffer_2dINS_5arrayI8ap_fixedILi16ELi6EL9ap_q_mode5EL9_131|       pointer|
|p_ZZN4nnet24compute_output_buffer_2dINS_5arrayI8ap_fixedILi16ELi6EL9ap_q_mode5EL9_132  |   in|   16|     ap_none|  p_ZZN4nnet24compute_output_buffer_2dINS_5arrayI8ap_fixedILi16ELi6EL9ap_q_mode5EL9_132|       pointer|
|p_ZZN4nnet24compute_output_buffer_2dINS_5arrayI8ap_fixedILi16ELi6EL9ap_q_mode5EL9_133  |   in|   16|     ap_none|  p_ZZN4nnet24compute_output_buffer_2dINS_5arrayI8ap_fixedILi16ELi6EL9ap_q_mode5EL9_133|       pointer|
|p_ZZN4nnet24compute_output_buffer_2dINS_5arrayI8ap_fixedILi16ELi6EL9ap_q_mode5EL9_134  |   in|   16|     ap_none|  p_ZZN4nnet24compute_output_buffer_2dINS_5arrayI8ap_fixedILi16ELi6EL9ap_q_mode5EL9_134|       pointer|
|p_ZZN4nnet24compute_output_buffer_2dINS_5arrayI8ap_fixedILi16ELi6EL9ap_q_mode5EL9_135  |   in|   16|     ap_none|  p_ZZN4nnet24compute_output_buffer_2dINS_5arrayI8ap_fixedILi16ELi6EL9ap_q_mode5EL9_135|       pointer|
|p_ZZN4nnet24compute_output_buffer_2dINS_5arrayI8ap_fixedILi16ELi6EL9ap_q_mode5EL9_136  |   in|   16|     ap_none|  p_ZZN4nnet24compute_output_buffer_2dINS_5arrayI8ap_fixedILi16ELi6EL9ap_q_mode5EL9_136|       pointer|
|p_ZZN4nnet24compute_output_buffer_2dINS_5arrayI8ap_fixedILi16ELi6EL9ap_q_mode5EL9_137  |   in|   16|     ap_none|  p_ZZN4nnet24compute_output_buffer_2dINS_5arrayI8ap_fixedILi16ELi6EL9ap_q_mode5EL9_137|       pointer|
|p_ZZN4nnet24compute_output_buffer_2dINS_5arrayI8ap_fixedILi16ELi6EL9ap_q_mode5EL9_138  |   in|   16|     ap_none|  p_ZZN4nnet24compute_output_buffer_2dINS_5arrayI8ap_fixedILi16ELi6EL9ap_q_mode5EL9_138|       pointer|
+---------------------------------------------------------------------------------------+-----+-----+------------+---------------------------------------------------------------------------------------+--------------+

