

================================================================
== Vitis HLS Report for 'dense_array_ap_fixed_8u_array_ap_fixed_37_17_5_3_0_16u_config18_s'
================================================================
* Date:           Sun Mar 29 16:30:28 2026

* Version:        2023.2 (Build 4023990 on Oct 11 2023)
* Project:        myproject_prj
* Solution:       solution1 (Vivado IP Flow Target)
* Product family: zynquplus
* Target device:  xck26-sfvc784-2LV-c


================================================================
== Performance Estimates
================================================================
+ Timing: 
    * Summary: 
    +--------+---------+----------+------------+
    |  Clock |  Target | Estimated| Uncertainty|
    +--------+---------+----------+------------+
    |ap_clk  |  5.00 ns|  3.407 ns|     1.35 ns|
    +--------+---------+----------+------------+

+ Latency: 
    * Summary: 
    +---------+---------+-----------+-----------+-----+-----+---------+
    |  Latency (cycles) |   Latency (absolute)  |  Interval | Pipeline|
    |   min   |   max   |    min    |    max    | min | max |   Type  |
    +---------+---------+-----------+-----------+-----+-----+---------+
    |        8|        8|  40.000 ns|  40.000 ns|    8|    8|       no|
    +---------+---------+-----------+-----------+-----+-----+---------+

    + Detail: 
        * Instance: 
        +------------------------------------------------------------------------------------+--------------------------------------------------------------------------+---------+---------+-----------+-----------+-----+-----+---------+
        |                                                                                    |                                                                          |  Latency (cycles) |   Latency (absolute)  |  Interval | Pipeline|
        |                                      Instance                                      |                                  Module                                  |   min   |   max   |    min    |    max    | min | max |   Type  |
        +------------------------------------------------------------------------------------+--------------------------------------------------------------------------+---------+---------+-----------+-----------+-----+-----+---------+
        |grp_dense_array_array_ap_fixed_37_17_5_3_0_16u_config18_Pipeline_DataPrepare_fu_97  |dense_array_array_ap_fixed_37_17_5_3_0_16u_config18_Pipeline_DataPrepare  |        4|        4|  20.000 ns|  20.000 ns|    4|    4|       no|
        |grp_dense_latency_wrapper_ap_fixed_ap_fixed_37_17_5_3_0_config18_s_fu_119           |dense_latency_wrapper_ap_fixed_ap_fixed_37_17_5_3_0_config18_s            |        1|        1|   5.000 ns|   5.000 ns|    1|    1|      yes|
        +------------------------------------------------------------------------------------+--------------------------------------------------------------------------+---------+---------+-----------+-----------+-----+-----+---------+

        * Loop: 
        N/A



================================================================
== Utilization Estimates
================================================================
* Summary: 
+-----------------+---------+------+--------+--------+-----+
|       Name      | BRAM_18K|  DSP |   FF   |   LUT  | URAM|
+-----------------+---------+------+--------+--------+-----+
|DSP              |        -|     -|       -|       -|    -|
|Expression       |        -|     -|       0|       2|    -|
|FIFO             |        -|     -|       -|       -|    -|
|Instance         |        -|   228|    2922|    7090|    -|
|Memory           |        -|     -|       -|       -|    -|
|Multiplexer      |        -|     -|       -|      67|    -|
|Register         |        -|     -|     600|       -|    -|
+-----------------+---------+------+--------+--------+-----+
|Total            |        0|   228|    3522|    7159|    0|
+-----------------+---------+------+--------+--------+-----+
|Available        |      288|  1248|  234240|  117120|   64|
+-----------------+---------+------+--------+--------+-----+
|Utilization (%)  |        0|    18|       1|       6|    0|
+-----------------+---------+------+--------+--------+-----+

+ Detail: 
    * Instance: 
    +------------------------------------------------------------------------------------+--------------------------------------------------------------------------+---------+-----+------+------+-----+
    |                                      Instance                                      |                                  Module                                  | BRAM_18K| DSP |  FF  |  LUT | URAM|
    +------------------------------------------------------------------------------------+--------------------------------------------------------------------------+---------+-----+------+------+-----+
    |grp_dense_array_array_ap_fixed_37_17_5_3_0_16u_config18_Pipeline_DataPrepare_fu_97  |dense_array_array_ap_fixed_37_17_5_3_0_16u_config18_Pipeline_DataPrepare  |        0|    0|   262|   324|    0|
    |grp_dense_latency_wrapper_ap_fixed_ap_fixed_37_17_5_3_0_config18_s_fu_119           |dense_latency_wrapper_ap_fixed_ap_fixed_37_17_5_3_0_config18_s            |        0|  228|  2660|  6766|    0|
    +------------------------------------------------------------------------------------+--------------------------------------------------------------------------+---------+-----+------+------+-----+
    |Total                                                                               |                                                                          |        0|  228|  2922|  7090|    0|
    +------------------------------------------------------------------------------------+--------------------------------------------------------------------------+---------+-----+------+------+-----+

    * DSP: 
    N/A

    * Memory: 
    N/A

    * FIFO: 
    N/A

    * Expression: 
    +-----------------+----------+----+---+----+------------+------------+
    |  Variable Name  | Operation| DSP| FF| LUT| Bitwidth P0| Bitwidth P1|
    +-----------------+----------+----+---+----+------------+------------+
    |ap_block_state1  |        or|   0|  0|   2|           1|           1|
    +-----------------+----------+----+---+----+------------+------------+
    |Total            |          |   0|  0|   2|           1|           1|
    +-----------------+----------+----+---+----+------------+------------+

    * Multiplexer: 
    +-------------------+----+-----------+-----+-----------+
    |        Name       | LUT| Input Size| Bits| Total Bits|
    +-------------------+----+-----------+-----+-----------+
    |ap_NS_fsm          |  31|          6|    1|          6|
    |ap_done            |   9|          2|    1|          2|
    |layer16_out_read   |   9|          2|    1|          2|
    |layer18_out_blk_n  |   9|          2|    1|          2|
    |real_start         |   9|          2|    1|          2|
    +-------------------+----+-----------+-----+-----------+
    |Total              |  67|         14|    5|         14|
    +-------------------+----+-----------+-----+-----------+

    * Register: 
    +-------------------------------------------------------------------------------------------------+----+----+-----+-----------+
    |                                               Name                                              | FF | LUT| Bits| Const Bits|
    +-------------------------------------------------------------------------------------------------+----+----+-----+-----------+
    |ap_CS_fsm                                                                                        |   5|   0|    5|          0|
    |ap_done_reg                                                                                      |   1|   0|    1|          0|
    |grp_dense_array_array_ap_fixed_37_17_5_3_0_16u_config18_Pipeline_DataPrepare_fu_97_ap_start_reg  |   1|   0|    1|          0|
    |res_10_reg_434                                                                                   |  37|   0|   37|          0|
    |res_11_reg_439                                                                                   |  37|   0|   37|          0|
    |res_12_reg_444                                                                                   |  37|   0|   37|          0|
    |res_13_reg_449                                                                                   |  37|   0|   37|          0|
    |res_14_reg_454                                                                                   |  37|   0|   37|          0|
    |res_15_reg_459                                                                                   |  37|   0|   37|          0|
    |res_1_reg_389                                                                                    |  37|   0|   37|          0|
    |res_2_reg_394                                                                                    |  37|   0|   37|          0|
    |res_3_reg_399                                                                                    |  37|   0|   37|          0|
    |res_4_reg_404                                                                                    |  37|   0|   37|          0|
    |res_5_reg_409                                                                                    |  37|   0|   37|          0|
    |res_6_reg_414                                                                                    |  37|   0|   37|          0|
    |res_7_reg_419                                                                                    |  37|   0|   37|          0|
    |res_8_reg_424                                                                                    |  37|   0|   37|          0|
    |res_9_reg_429                                                                                    |  37|   0|   37|          0|
    |res_reg_384                                                                                      |  37|   0|   37|          0|
    |start_once_reg                                                                                   |   1|   0|    1|          0|
    +-------------------------------------------------------------------------------------------------+----+----+-----+-----------+
    |Total                                                                                            | 600|   0|  600|          0|
    +-------------------------------------------------------------------------------------------------+----+----+-----+-----------+



================================================================
== Interface
================================================================
* Summary: 
+----------------------------+-----+-----+------------+---------------------------------------------------------------------+--------------+
|          RTL Ports         | Dir | Bits|  Protocol  |                            Source Object                            |    C Type    |
+----------------------------+-----+-----+------------+---------------------------------------------------------------------+--------------+
|ap_clk                      |   in|    1|  ap_ctrl_hs|  dense<array<ap_fixed,8u>,array<ap_fixed<37,17,5,3,0>,16u>,config18>|  return value|
|ap_rst                      |   in|    1|  ap_ctrl_hs|  dense<array<ap_fixed,8u>,array<ap_fixed<37,17,5,3,0>,16u>,config18>|  return value|
|ap_start                    |   in|    1|  ap_ctrl_hs|  dense<array<ap_fixed,8u>,array<ap_fixed<37,17,5,3,0>,16u>,config18>|  return value|
|start_full_n                |   in|    1|  ap_ctrl_hs|  dense<array<ap_fixed,8u>,array<ap_fixed<37,17,5,3,0>,16u>,config18>|  return value|
|ap_done                     |  out|    1|  ap_ctrl_hs|  dense<array<ap_fixed,8u>,array<ap_fixed<37,17,5,3,0>,16u>,config18>|  return value|
|ap_continue                 |   in|    1|  ap_ctrl_hs|  dense<array<ap_fixed,8u>,array<ap_fixed<37,17,5,3,0>,16u>,config18>|  return value|
|ap_idle                     |  out|    1|  ap_ctrl_hs|  dense<array<ap_fixed,8u>,array<ap_fixed<37,17,5,3,0>,16u>,config18>|  return value|
|ap_ready                    |  out|    1|  ap_ctrl_hs|  dense<array<ap_fixed,8u>,array<ap_fixed<37,17,5,3,0>,16u>,config18>|  return value|
|start_out                   |  out|    1|  ap_ctrl_hs|  dense<array<ap_fixed,8u>,array<ap_fixed<37,17,5,3,0>,16u>,config18>|  return value|
|start_write                 |  out|    1|  ap_ctrl_hs|  dense<array<ap_fixed,8u>,array<ap_fixed<37,17,5,3,0>,16u>,config18>|  return value|
|layer16_out_dout            |   in|  128|     ap_fifo|                                                          layer16_out|       pointer|
|layer16_out_num_data_valid  |   in|    3|     ap_fifo|                                                          layer16_out|       pointer|
|layer16_out_fifo_cap        |   in|    3|     ap_fifo|                                                          layer16_out|       pointer|
|layer16_out_empty_n         |   in|    1|     ap_fifo|                                                          layer16_out|       pointer|
|layer16_out_read            |  out|    1|     ap_fifo|                                                          layer16_out|       pointer|
|layer18_out_din             |  out|  592|     ap_fifo|                                                          layer18_out|       pointer|
|layer18_out_num_data_valid  |   in|    2|     ap_fifo|                                                          layer18_out|       pointer|
|layer18_out_fifo_cap        |   in|    2|     ap_fifo|                                                          layer18_out|       pointer|
|layer18_out_full_n          |   in|    1|     ap_fifo|                                                          layer18_out|       pointer|
|layer18_out_write           |  out|    1|     ap_fifo|                                                          layer18_out|       pointer|
+----------------------------+-----+-----+------------+---------------------------------------------------------------------+--------------+

