

================================================================
== Vitis HLS Report for 'myproject'
================================================================
* Date:           Sun Mar 22 09:45:55 2026

* Version:        2023.2 (Build 4023990 on Oct 11 2023)
* Project:        myproject_prj
* Solution:       solution1 (Vivado IP Flow Target)
* Product family: zynquplus
* Target device:  xck26-sfvc784-2LV-c


================================================================
== Performance Estimates
================================================================
+ Timing: 
    * Summary: 
    +--------+---------+----------+------------+
    |  Clock |  Target | Estimated| Uncertainty|
    +--------+---------+----------+------------+
    |ap_clk  |  5.00 ns|  3.985 ns|     1.35 ns|
    +--------+---------+----------+------------+

+ Latency: 
    * Summary: 
    +---------+---------+-----------+-----------+------+------+----------+
    |  Latency (cycles) |   Latency (absolute)  |   Interval  | Pipeline |
    |   min   |   max   |    min    |    max    |  min |  max |   Type   |
    +---------+---------+-----------+-----------+------+------+----------+
    |     4371|     4371|  21.855 us|  21.855 us|  4360|  4360|  dataflow|
    +---------+---------+-----------+-----------+------+------+----------+

    + Detail: 
        * Instance: 
        +-------------------------------------------------------------------------+------------------------------------------------------------------------+---------+---------+-----------+-----------+------+------+---------+
        |                                                                         |                                                                        |  Latency (cycles) |   Latency (absolute)  |   Interval  | Pipeline|
        |                                 Instance                                |                                 Module                                 |   min   |   max   |    min    |    max    |  min |  max |   Type  |
        +-------------------------------------------------------------------------+------------------------------------------------------------------------+---------+---------+-----------+-----------+------+------+---------+
        |zeropad2d_cl_array_ap_fixed_2u_array_ap_fixed_16_6_5_3_0_2u_config24_U0  |zeropad2d_cl_array_ap_fixed_2u_array_ap_fixed_16_6_5_3_0_2u_config24_s  |     1465|     1465|   7.325 us|   7.325 us|  1465|  1465|       no|
        |conv_2d_cl_array_ap_fixed_2u_array_ap_fixed_38_18_5_3_0_8u_config2_U0    |conv_2d_cl_array_ap_fixed_2u_array_ap_fixed_38_18_5_3_0_8u_config2_s    |     4359|     4359|  21.795 us|  21.795 us|  4359|  4359|       no|
        |relu_array_ap_fixed_8u_array_ap_fixed_16_6_5_3_0_8u_relu_config5_U0      |relu_array_ap_fixed_8u_array_ap_fixed_16_6_5_3_0_8u_relu_config5_s      |     1283|     1283|   6.415 us|   6.415 us|  1283|  1283|       no|
        |pooling2d_cl_array_ap_fixed_8u_array_ap_fixed_16_6_5_3_0_8u_config6_U0   |pooling2d_cl_array_ap_fixed_8u_array_ap_fixed_16_6_5_3_0_8u_config6_s   |     2563|     2563|  12.815 us|  12.815 us|  2563|  2563|       no|
        |zeropad2d_cl_array_ap_fixed_8u_array_ap_fixed_16_6_5_3_0_8u_config25_U0  |zeropad2d_cl_array_ap_fixed_8u_array_ap_fixed_16_6_5_3_0_8u_config25_s  |      421|      421|   2.105 us|   2.105 us|   421|   421|       no|
        |conv_2d_cl_array_ap_fixed_8u_array_ap_fixed_40_20_5_3_0_8u_config7_U0    |conv_2d_cl_array_ap_fixed_8u_array_ap_fixed_40_20_5_3_0_8u_config7_s    |     2451|     2451|  12.255 us|  12.255 us|  2451|  2451|       no|
        |relu_array_ap_fixed_8u_array_ap_fixed_16_6_5_3_0_8u_relu_config10_U0     |relu_array_ap_fixed_8u_array_ap_fixed_16_6_5_3_0_8u_relu_config10_s     |      323|      323|   1.615 us|   1.615 us|   323|   323|       no|
        |pooling2d_cl_array_ap_fixed_8u_array_ap_fixed_16_6_5_3_0_8u_config11_U0  |pooling2d_cl_array_ap_fixed_8u_array_ap_fixed_16_6_5_3_0_8u_config11_s  |      643|      643|   3.215 us|   3.215 us|   643|   643|       no|
        |zeropad2d_cl_array_ap_fixed_8u_array_ap_fixed_16_6_5_3_0_8u_config26_U0  |zeropad2d_cl_array_ap_fixed_8u_array_ap_fixed_16_6_5_3_0_8u_config26_s  |       83|       83|   0.415 us|   0.415 us|    83|    83|       no|
        |conv_2d_cl_array_ap_fixed_8u_array_ap_fixed_40_20_5_3_0_8u_config12_U0   |conv_2d_cl_array_ap_fixed_8u_array_ap_fixed_40_20_5_3_0_8u_config12_s   |      423|      423|   2.115 us|   2.115 us|   423|   423|       no|
        |relu_array_ap_fixed_8u_array_ap_fixed_16_6_5_3_0_8u_relu_config15_U0     |relu_array_ap_fixed_8u_array_ap_fixed_16_6_5_3_0_8u_relu_config15_s     |       43|       43|   0.215 us|   0.215 us|    43|    43|       no|
        |pooling2d_cl_array_ap_fixed_8u_array_ap_fixed_16_6_5_3_0_8u_config16_U0  |pooling2d_cl_array_ap_fixed_8u_array_ap_fixed_16_6_5_3_0_8u_config16_s  |       85|       85|   0.425 us|   0.425 us|    85|    85|       no|
        |dense_array_ap_fixed_8u_array_ap_fixed_37_17_5_3_0_16u_config18_U0       |dense_array_ap_fixed_8u_array_ap_fixed_37_17_5_3_0_16u_config18_s       |        8|        8|  40.000 ns|  40.000 ns|     8|     8|       no|
        |relu_array_ap_fixed_16u_array_ap_fixed_16_6_5_3_0_16u_relu_config20_U0   |relu_array_ap_fixed_16u_array_ap_fixed_16_6_5_3_0_16u_relu_config20_s   |        1|        1|   5.000 ns|   5.000 ns|     1|     1|       no|
        |dense_array_ap_fixed_16u_array_ap_fixed_37_17_5_3_0_10u_config21_U0      |dense_array_ap_fixed_16u_array_ap_fixed_37_17_5_3_0_10u_config21_s      |        3|        3|  15.000 ns|  15.000 ns|     3|     3|       no|
        |softmax_array_array_ap_fixed_16_6_5_3_0_10u_softmax_config23_U0          |softmax_array_array_ap_fixed_16_6_5_3_0_10u_softmax_config23_s          |     1058|     1058|   5.290 us|   5.290 us|  1058|  1058|       no|
        +-------------------------------------------------------------------------+------------------------------------------------------------------------+---------+---------+-----------+-----------+------+------+---------+

        * Loop: 
        N/A



================================================================
== Utilization Estimates
================================================================
* Summary: 
+-----------------+---------+------+--------+--------+-----+
|       Name      | BRAM_18K|  DSP |   FF   |   LUT  | URAM|
+-----------------+---------+------+--------+--------+-----+
|DSP              |        -|     -|       -|       -|    -|
|Expression       |        -|     -|       0|       2|    -|
|FIFO             |      137|     -|    2159|     908|    -|
|Instance         |        2|   796|   39427|   84952|    0|
|Memory           |        -|     -|       -|       -|    -|
|Multiplexer      |        -|     -|       -|       -|    -|
|Register         |        -|     -|       -|       -|    -|
+-----------------+---------+------+--------+--------+-----+
|Total            |      139|   796|   41586|   85862|    0|
+-----------------+---------+------+--------+--------+-----+
|Available        |      288|  1248|  234240|  117120|   64|
+-----------------+---------+------+--------+--------+-----+
|Utilization (%)  |       48|    63|      17|      73|    0|
+-----------------+---------+------+--------+--------+-----+

+ Detail: 
    * Instance: 
    +-------------------------------------------------------------------------+------------------------------------------------------------------------+---------+-----+------+-------+-----+
    |                                 Instance                                |                                 Module                                 | BRAM_18K| DSP |  FF  |  LUT  | URAM|
    +-------------------------------------------------------------------------+------------------------------------------------------------------------+---------+-----+------+-------+-----+
    |conv_2d_cl_array_ap_fixed_2u_array_ap_fixed_38_18_5_3_0_8u_config2_U0    |conv_2d_cl_array_ap_fixed_2u_array_ap_fixed_38_18_5_3_0_8u_config2_s    |        0|  119|  2582|   5134|    0|
    |conv_2d_cl_array_ap_fixed_8u_array_ap_fixed_40_20_5_3_0_8u_config12_U0   |conv_2d_cl_array_ap_fixed_8u_array_ap_fixed_40_20_5_3_0_8u_config12_s   |        0|  144|  9738|  21418|    0|
    |conv_2d_cl_array_ap_fixed_8u_array_ap_fixed_40_20_5_3_0_8u_config7_U0    |conv_2d_cl_array_ap_fixed_8u_array_ap_fixed_40_20_5_3_0_8u_config7_s    |        0|  144|  9273|  22640|    0|
    |dense_array_ap_fixed_16u_array_ap_fixed_37_17_5_3_0_10u_config21_U0      |dense_array_ap_fixed_16u_array_ap_fixed_37_17_5_3_0_10u_config21_s      |        0|  144|  2308|   4278|    0|
    |dense_array_ap_fixed_8u_array_ap_fixed_37_17_5_3_0_16u_config18_U0       |dense_array_ap_fixed_8u_array_ap_fixed_37_17_5_3_0_16u_config18_s       |        0|  228|  3522|   7159|    0|
    |pooling2d_cl_array_ap_fixed_8u_array_ap_fixed_16_6_5_3_0_8u_config11_U0  |pooling2d_cl_array_ap_fixed_8u_array_ap_fixed_16_6_5_3_0_8u_config11_s  |        0|    0|  1847|   3596|    0|
    |pooling2d_cl_array_ap_fixed_8u_array_ap_fixed_16_6_5_3_0_8u_config16_U0  |pooling2d_cl_array_ap_fixed_8u_array_ap_fixed_16_6_5_3_0_8u_config16_s  |        0|    0|  5556|   9006|    0|
    |pooling2d_cl_array_ap_fixed_8u_array_ap_fixed_16_6_5_3_0_8u_config6_U0   |pooling2d_cl_array_ap_fixed_8u_array_ap_fixed_16_6_5_3_0_8u_config6_s   |        0|    0|  1337|   1999|    0|
    |relu_array_ap_fixed_16u_array_ap_fixed_16_6_5_3_0_16u_relu_config20_U0   |relu_array_ap_fixed_16u_array_ap_fixed_16_6_5_3_0_16u_relu_config20_s   |        0|    0|   260|   1012|    0|
    |relu_array_ap_fixed_8u_array_ap_fixed_16_6_5_3_0_8u_relu_config10_U0     |relu_array_ap_fixed_8u_array_ap_fixed_16_6_5_3_0_8u_relu_config10_s     |        0|    0|   143|    605|    0|
    |relu_array_ap_fixed_8u_array_ap_fixed_16_6_5_3_0_8u_relu_config15_U0     |relu_array_ap_fixed_8u_array_ap_fixed_16_6_5_3_0_8u_relu_config15_s     |        0|    0|   140|    599|    0|
    |relu_array_ap_fixed_8u_array_ap_fixed_16_6_5_3_0_8u_relu_config5_U0      |relu_array_ap_fixed_8u_array_ap_fixed_16_6_5_3_0_8u_relu_config5_s      |        0|    0|   145|    593|    0|
    |softmax_array_array_ap_fixed_16_6_5_3_0_10u_softmax_config23_U0          |softmax_array_array_ap_fixed_16_6_5_3_0_10u_softmax_config23_s          |        2|   17|  2054|   5038|    0|
    |zeropad2d_cl_array_ap_fixed_2u_array_ap_fixed_16_6_5_3_0_2u_config24_U0  |zeropad2d_cl_array_ap_fixed_2u_array_ap_fixed_16_6_5_3_0_2u_config24_s  |        0|    0|   145|    821|    0|
    |zeropad2d_cl_array_ap_fixed_8u_array_ap_fixed_16_6_5_3_0_8u_config25_U0  |zeropad2d_cl_array_ap_fixed_8u_array_ap_fixed_16_6_5_3_0_8u_config25_s  |        0|    0|   205|    605|    0|
    |zeropad2d_cl_array_ap_fixed_8u_array_ap_fixed_16_6_5_3_0_8u_config26_U0  |zeropad2d_cl_array_ap_fixed_8u_array_ap_fixed_16_6_5_3_0_8u_config26_s  |        0|    0|   172|    449|    0|
    +-------------------------------------------------------------------------+------------------------------------------------------------------------+---------+-----+------+-------+-----+
    |Total                                                                    |                                                                        |        2|  796| 39427|  84952|    0|
    +-------------------------------------------------------------------------+------------------------------------------------------------------------+---------+-----+------+-------+-----+

    * DSP: 
    N/A

    * Memory: 
    N/A

    * FIFO: 
    +---------------+---------+-----+----+-----+------+-----+---------+
    |      Name     | BRAM_18K|  FF | LUT| URAM| Depth| Bits| Size:D*B|
    +---------------+---------+-----+----+-----+------+-----+---------+
    |layer10_out_U  |        8|  165|   0|    -|   320|  128|    40960|
    |layer11_out_U  |        8|  153|   0|    -|    40|  128|     5120|
    |layer12_out_U  |       18|  153|   0|    -|    40|  320|    12800|
    |layer15_out_U  |        8|  153|   0|    -|    40|  128|     5120|
    |layer16_out_U  |        0|   99|   0|    -|     2|  128|      256|
    |layer18_out_U  |        0|   99|   0|    -|     1|  592|      592|
    |layer20_out_U  |        0|   99|   0|    -|     1|  256|      256|
    |layer21_out_U  |        0|   99|   0|    -|     1|  370|      370|
    |layer24_out_U  |        4|  163|   0|    -|  1452|   32|    46464|
    |layer25_out_U  |        8|  164|   0|    -|   408|  128|    52224|
    |layer26_out_U  |        8|  156|   0|    -|    70|  128|     8960|
    |layer2_out_U   |       34|  163|   0|    -|  1280|  304|   389120|
    |layer5_out_U   |       15|  163|   0|    -|  1280|  128|   163840|
    |layer6_out_U   |        8|  165|   0|    -|   320|  128|    40960|
    |layer7_out_U   |       18|  165|   0|    -|   320|  320|   102400|
    +---------------+---------+-----+----+-----+------+-----+---------+
    |Total          |      137| 2159|   0|    0|  5575| 3218|   869442|
    +---------------+---------+-----+----+-----+------+-----+---------+

    * Expression: 
    +--------------+----------+----+---+----+------------+------------+
    | Variable Name| Operation| DSP| FF| LUT| Bitwidth P0| Bitwidth P1|
    +--------------+----------+----+---+----+------------+------------+
    |ap_idle       |       and|   0|  0|   2|           1|           1|
    +--------------+----------+----+---+----+------------+------------+
    |Total         |          |   0|  0|   2|           1|           1|
    +--------------+----------+----+---+----+------------+------------+

    * Multiplexer: 
    N/A

    * Register: 
    N/A



================================================================
== Interface
================================================================
* Summary: 
+--------------------+-----+-----+------------+--------------+--------------+
|      RTL Ports     | Dir | Bits|  Protocol  | Source Object|    C Type    |
+--------------------+-----+-----+------------+--------------+--------------+
|input_4_TDATA       |   in|   32|        axis|       input_4|       pointer|
|input_4_TVALID      |   in|    1|        axis|       input_4|       pointer|
|input_4_TREADY      |  out|    1|        axis|       input_4|       pointer|
|layer23_out_TDATA   |  out|  160|        axis|   layer23_out|       pointer|
|layer23_out_TVALID  |  out|    1|        axis|   layer23_out|       pointer|
|layer23_out_TREADY  |   in|    1|        axis|   layer23_out|       pointer|
|ap_clk              |   in|    1|  ap_ctrl_hs|     myproject|  return value|
|ap_rst_n            |   in|    1|  ap_ctrl_hs|     myproject|  return value|
|ap_start            |   in|    1|  ap_ctrl_hs|     myproject|  return value|
|ap_done             |  out|    1|  ap_ctrl_hs|     myproject|  return value|
|ap_ready            |  out|    1|  ap_ctrl_hs|     myproject|  return value|
|ap_idle             |  out|    1|  ap_ctrl_hs|     myproject|  return value|
+--------------------+-----+-----+------------+--------------+--------------+

