

================================================================
== Vitis HLS Report for 'pooling2d_cl_array_array_ap_fixed_16_6_5_3_0_16u_config16_s'
================================================================
* Date:           Sat Mar 21 19:15:19 2026

* Version:        2023.2 (Build 4023990 on Oct 11 2023)
* Project:        myproject_prj
* Solution:       solution1 (Vivado IP Flow Target)
* Product family: zynquplus
* Target device:  xck26-sfvc784-2LV-c


================================================================
== Performance Estimates
================================================================
+ Timing: 
    * Summary: 
    +--------+---------+----------+------------+
    |  Clock |  Target | Estimated| Uncertainty|
    +--------+---------+----------+------------+
    |ap_clk  |  5.00 ns|  3.630 ns|     1.35 ns|
    +--------+---------+----------+------------+

+ Latency: 
    * Summary: 
    +---------+---------+----------+----------+-----+-----+---------+
    |  Latency (cycles) |  Latency (absolute) |  Interval | Pipeline|
    |   min   |   max   |    min   |    max   | min | max |   Type  |
    +---------+---------+----------+----------+-----+-----+---------+
    |      144|      144|  0.720 us|  0.720 us|  144|  144|       no|
    +---------+---------+----------+----------+-----+-----+---------+

    + Detail: 
        * Instance: 
        +-----------------------------------------------------------------------------+------------------------------------------------------------+---------+---------+----------+----------+-----+-----+---------+
        |                                                                             |                                                            |  Latency (cycles) |  Latency (absolute) |  Interval | Pipeline|
        |                                   Instance                                  |                           Module                           |   min   |   max   |    min   |    max   | min | max |   Type  |
        +-----------------------------------------------------------------------------+------------------------------------------------------------+---------+---------+----------+----------+-----+-----+---------+
        |call_ln52_shift_line_buffer_array_ap_fixed_16_6_5_3_0_16u_config16_s_fu_602  |shift_line_buffer_array_ap_fixed_16_6_5_3_0_16u_config16_s  |        0|        0|      0 ns|      0 ns|    1|    1|      yes|
        +-----------------------------------------------------------------------------+------------------------------------------------------------+---------+---------+----------+----------+-----+-----+---------+

        * Loop: 
        +----------------------------------+---------+---------+----------+-----------+-----------+------+----------+
        |                                  |  Latency (cycles) | Iteration|  Initiation Interval  | Trip |          |
        |             Loop Name            |   min   |   max   |  Latency |  achieved |   target  | Count| Pipelined|
        +----------------------------------+---------+---------+----------+-----------+-----------+------+----------+
        |- ReadInputHeight_ReadInputWidth  |      142|      142|         5|          2|          1|    70|       yes|
        +----------------------------------+---------+---------+----------+-----------+-----------+------+----------+



================================================================
== Utilization Estimates
================================================================
* Summary: 
+-----------------+---------+------+--------+--------+-----+
|       Name      | BRAM_18K|  DSP |   FF   |   LUT  | URAM|
+-----------------+---------+------+--------+--------+-----+
|DSP              |        -|     -|       -|       -|    -|
|Expression       |        -|     -|       0|    6389|    -|
|FIFO             |        -|     -|       -|       -|    -|
|Instance         |        -|     -|    4097|    2768|    -|
|Memory           |        -|     -|       -|       -|    -|
|Multiplexer      |        -|     -|       -|     140|    -|
|Register         |        -|     -|    3510|       -|    -|
+-----------------+---------+------+--------+--------+-----+
|Total            |        0|     0|    7607|    9297|    0|
+-----------------+---------+------+--------+--------+-----+
|Available        |      288|  1248|  234240|  117120|   64|
+-----------------+---------+------+--------+--------+-----+
|Utilization (%)  |        0|     0|       3|       7|    0|
+-----------------+---------+------+--------+--------+-----+

+ Detail: 
    * Instance: 
    +-----------------------------------------------------------------------------+------------------------------------------------------------+---------+----+------+------+-----+
    |                                   Instance                                  |                           Module                           | BRAM_18K| DSP|  FF  |  LUT | URAM|
    +-----------------------------------------------------------------------------+------------------------------------------------------------+---------+----+------+------+-----+
    |call_ln52_shift_line_buffer_array_ap_fixed_16_6_5_3_0_16u_config16_s_fu_602  |shift_line_buffer_array_ap_fixed_16_6_5_3_0_16u_config16_s  |        0|   0|  4097|  2768|    0|
    +-----------------------------------------------------------------------------+------------------------------------------------------------+---------+----+------+------+-----+
    |Total                                                                        |                                                            |        0|   0|  4097|  2768|    0|
    +-----------------------------------------------------------------------------+------------------------------------------------------------+---------+----+------+------+-----+

    * DSP: 
    N/A

    * Memory: 
    N/A

    * FIFO: 
    N/A

    * Expression: 
    +------------------------------------------+----------+----+---+----+------------+------------+
    |               Variable Name              | Operation| DSP| FF| LUT| Bitwidth P0| Bitwidth P1|
    +------------------------------------------+----------+----+---+----+------------+------------+
    |add_ln109_fu_1084_p2                      |         +|   0|  0|  14|           7|           1|
    |add_ln76_fu_1152_p2                       |         +|   0|  0|  39|          32|           1|
    |add_ln80_fu_1206_p2                       |         +|   0|  0|  39|          32|           1|
    |add_ln86_fu_1242_p2                       |         +|   0|  0|  39|          32|          32|
    |add_ln91_fu_1178_p2                       |         +|   0|  0|  39|          32|          32|
    |and_ln55_2_fu_1146_p2                     |       and|   0|  0|   2|           1|           1|
    |and_ln55_fu_1140_p2                       |       and|   0|  0|   2|           1|           1|
    |ap_block_state2_pp0_stage1_iter0          |       and|   0|  0|   2|           1|           1|
    |ap_block_state5_pp0_stage0_iter2          |       and|   0|  0|   2|           1|           1|
    |ap_condition_2308                         |       and|   0|  0|   2|           1|           1|
    |ap_condition_2325                         |       and|   0|  0|   2|           1|           1|
    |ap_condition_857                          |       and|   0|  0|   2|           1|           1|
    |ap_predicate_op671_write_state5           |       and|   0|  0|   2|           1|           1|
    |icmp_ln109_fu_1078_p2                     |      icmp|   0|  0|  14|           7|           7|
    |icmp_ln55_4_fu_1108_p2                    |      icmp|   0|  0|  39|          32|           3|
    |icmp_ln55_5_fu_1128_p2                    |      icmp|   0|  0|  37|          30|           1|
    |icmp_ln55_6_fu_1134_p2                    |      icmp|   0|  0|  39|          32|           1|
    |icmp_ln55_fu_1094_p2                      |      icmp|   0|  0|  39|          32|           1|
    |icmp_ln66_100_fu_2279_p2                  |      icmp|   0|  0|  23|          16|          16|
    |icmp_ln66_101_fu_2299_p2                  |      icmp|   0|  0|  23|          16|          16|
    |icmp_ln66_102_fu_2319_p2                  |      icmp|   0|  0|  23|          16|          16|
    |icmp_ln66_103_fu_2339_p2                  |      icmp|   0|  0|  23|          16|          16|
    |icmp_ln66_104_fu_2359_p2                  |      icmp|   0|  0|  23|          16|          16|
    |icmp_ln66_105_fu_2379_p2                  |      icmp|   0|  0|  23|          16|          16|
    |icmp_ln66_106_fu_2399_p2                  |      icmp|   0|  0|  23|          16|          16|
    |icmp_ln66_107_fu_4683_p2                  |      icmp|   0|  0|  23|          16|          16|
    |icmp_ln66_108_fu_2459_p2                  |      icmp|   0|  0|  23|          16|          16|
    |icmp_ln66_109_fu_2479_p2                  |      icmp|   0|  0|  23|          16|          16|
    |icmp_ln66_110_fu_2499_p2                  |      icmp|   0|  0|  23|          16|          16|
    |icmp_ln66_111_fu_2519_p2                  |      icmp|   0|  0|  23|          16|          16|
    |icmp_ln66_112_fu_2539_p2                  |      icmp|   0|  0|  23|          16|          16|
    |icmp_ln66_113_fu_2559_p2                  |      icmp|   0|  0|  23|          16|          16|
    |icmp_ln66_114_fu_2579_p2                  |      icmp|   0|  0|  23|          16|          16|
    |icmp_ln66_115_fu_2599_p2                  |      icmp|   0|  0|  23|          16|          16|
    |icmp_ln66_116_fu_4699_p2                  |      icmp|   0|  0|  23|          16|          16|
    |icmp_ln66_117_fu_2659_p2                  |      icmp|   0|  0|  23|          16|          16|
    |icmp_ln66_118_fu_2679_p2                  |      icmp|   0|  0|  23|          16|          16|
    |icmp_ln66_119_fu_2699_p2                  |      icmp|   0|  0|  23|          16|          16|
    |icmp_ln66_120_fu_2719_p2                  |      icmp|   0|  0|  23|          16|          16|
    |icmp_ln66_121_fu_2739_p2                  |      icmp|   0|  0|  23|          16|          16|
    |icmp_ln66_122_fu_2759_p2                  |      icmp|   0|  0|  23|          16|          16|
    |icmp_ln66_123_fu_2779_p2                  |      icmp|   0|  0|  23|          16|          16|
    |icmp_ln66_124_fu_2799_p2                  |      icmp|   0|  0|  23|          16|          16|
    |icmp_ln66_125_fu_4715_p2                  |      icmp|   0|  0|  23|          16|          16|
    |icmp_ln66_126_fu_2859_p2                  |      icmp|   0|  0|  23|          16|          16|
    |icmp_ln66_127_fu_2879_p2                  |      icmp|   0|  0|  23|          16|          16|
    |icmp_ln66_128_fu_2899_p2                  |      icmp|   0|  0|  23|          16|          16|
    |icmp_ln66_129_fu_2919_p2                  |      icmp|   0|  0|  23|          16|          16|
    |icmp_ln66_130_fu_2939_p2                  |      icmp|   0|  0|  23|          16|          16|
    |icmp_ln66_131_fu_2959_p2                  |      icmp|   0|  0|  23|          16|          16|
    |icmp_ln66_132_fu_2979_p2                  |      icmp|   0|  0|  23|          16|          16|
    |icmp_ln66_133_fu_2999_p2                  |      icmp|   0|  0|  23|          16|          16|
    |icmp_ln66_134_fu_4731_p2                  |      icmp|   0|  0|  23|          16|          16|
    |icmp_ln66_135_fu_3059_p2                  |      icmp|   0|  0|  23|          16|          16|
    |icmp_ln66_136_fu_3079_p2                  |      icmp|   0|  0|  23|          16|          16|
    |icmp_ln66_137_fu_3099_p2                  |      icmp|   0|  0|  23|          16|          16|
    |icmp_ln66_138_fu_3119_p2                  |      icmp|   0|  0|  23|          16|          16|
    |icmp_ln66_139_fu_3139_p2                  |      icmp|   0|  0|  23|          16|          16|
    |icmp_ln66_140_fu_3159_p2                  |      icmp|   0|  0|  23|          16|          16|
    |icmp_ln66_141_fu_3179_p2                  |      icmp|   0|  0|  23|          16|          16|
    |icmp_ln66_142_fu_3199_p2                  |      icmp|   0|  0|  23|          16|          16|
    |icmp_ln66_143_fu_4747_p2                  |      icmp|   0|  0|  23|          16|          16|
    |icmp_ln66_144_fu_3259_p2                  |      icmp|   0|  0|  23|          16|          16|
    |icmp_ln66_145_fu_3279_p2                  |      icmp|   0|  0|  23|          16|          16|
    |icmp_ln66_146_fu_3299_p2                  |      icmp|   0|  0|  23|          16|          16|
    |icmp_ln66_147_fu_3319_p2                  |      icmp|   0|  0|  23|          16|          16|
    |icmp_ln66_148_fu_3339_p2                  |      icmp|   0|  0|  23|          16|          16|
    |icmp_ln66_149_fu_3359_p2                  |      icmp|   0|  0|  23|          16|          16|
    |icmp_ln66_150_fu_3379_p2                  |      icmp|   0|  0|  23|          16|          16|
    |icmp_ln66_151_fu_3399_p2                  |      icmp|   0|  0|  23|          16|          16|
    |icmp_ln66_152_fu_4763_p2                  |      icmp|   0|  0|  23|          16|          16|
    |icmp_ln66_153_fu_3459_p2                  |      icmp|   0|  0|  23|          16|          16|
    |icmp_ln66_154_fu_3479_p2                  |      icmp|   0|  0|  23|          16|          16|
    |icmp_ln66_155_fu_3499_p2                  |      icmp|   0|  0|  23|          16|          16|
    |icmp_ln66_156_fu_3519_p2                  |      icmp|   0|  0|  23|          16|          16|
    |icmp_ln66_157_fu_3539_p2                  |      icmp|   0|  0|  23|          16|          16|
    |icmp_ln66_158_fu_3559_p2                  |      icmp|   0|  0|  23|          16|          16|
    |icmp_ln66_159_fu_3579_p2                  |      icmp|   0|  0|  23|          16|          16|
    |icmp_ln66_160_fu_3599_p2                  |      icmp|   0|  0|  23|          16|          16|
    |icmp_ln66_161_fu_4779_p2                  |      icmp|   0|  0|  23|          16|          16|
    |icmp_ln66_162_fu_3659_p2                  |      icmp|   0|  0|  23|          16|          16|
    |icmp_ln66_163_fu_3679_p2                  |      icmp|   0|  0|  23|          16|          16|
    |icmp_ln66_164_fu_3699_p2                  |      icmp|   0|  0|  23|          16|          16|
    |icmp_ln66_165_fu_3719_p2                  |      icmp|   0|  0|  23|          16|          16|
    |icmp_ln66_166_fu_3739_p2                  |      icmp|   0|  0|  23|          16|          16|
    |icmp_ln66_167_fu_3759_p2                  |      icmp|   0|  0|  23|          16|          16|
    |icmp_ln66_168_fu_3779_p2                  |      icmp|   0|  0|  23|          16|          16|
    |icmp_ln66_169_fu_3799_p2                  |      icmp|   0|  0|  23|          16|          16|
    |icmp_ln66_170_fu_4795_p2                  |      icmp|   0|  0|  23|          16|          16|
    |icmp_ln66_171_fu_3859_p2                  |      icmp|   0|  0|  23|          16|          16|
    |icmp_ln66_172_fu_3879_p2                  |      icmp|   0|  0|  23|          16|          16|
    |icmp_ln66_173_fu_3899_p2                  |      icmp|   0|  0|  23|          16|          16|
    |icmp_ln66_174_fu_3919_p2                  |      icmp|   0|  0|  23|          16|          16|
    |icmp_ln66_175_fu_3939_p2                  |      icmp|   0|  0|  23|          16|          16|
    |icmp_ln66_176_fu_3959_p2                  |      icmp|   0|  0|  23|          16|          16|
    |icmp_ln66_177_fu_3979_p2                  |      icmp|   0|  0|  23|          16|          16|
    |icmp_ln66_178_fu_3999_p2                  |      icmp|   0|  0|  23|          16|          16|
    |icmp_ln66_179_fu_4811_p2                  |      icmp|   0|  0|  23|          16|          16|
    |icmp_ln66_180_fu_4059_p2                  |      icmp|   0|  0|  23|          16|          16|
    |icmp_ln66_181_fu_4079_p2                  |      icmp|   0|  0|  23|          16|          16|
    |icmp_ln66_182_fu_4099_p2                  |      icmp|   0|  0|  23|          16|          16|
    |icmp_ln66_183_fu_4119_p2                  |      icmp|   0|  0|  23|          16|          16|
    |icmp_ln66_184_fu_4139_p2                  |      icmp|   0|  0|  23|          16|          16|
    |icmp_ln66_185_fu_4159_p2                  |      icmp|   0|  0|  23|          16|          16|
    |icmp_ln66_186_fu_4179_p2                  |      icmp|   0|  0|  23|          16|          16|
    |icmp_ln66_187_fu_4199_p2                  |      icmp|   0|  0|  23|          16|          16|
    |icmp_ln66_188_fu_4827_p2                  |      icmp|   0|  0|  23|          16|          16|
    |icmp_ln66_189_fu_4259_p2                  |      icmp|   0|  0|  23|          16|          16|
    |icmp_ln66_190_fu_4279_p2                  |      icmp|   0|  0|  23|          16|          16|
    |icmp_ln66_191_fu_4299_p2                  |      icmp|   0|  0|  23|          16|          16|
    |icmp_ln66_192_fu_4319_p2                  |      icmp|   0|  0|  23|          16|          16|
    |icmp_ln66_193_fu_4339_p2                  |      icmp|   0|  0|  23|          16|          16|
    |icmp_ln66_194_fu_4359_p2                  |      icmp|   0|  0|  23|          16|          16|
    |icmp_ln66_195_fu_4379_p2                  |      icmp|   0|  0|  23|          16|          16|
    |icmp_ln66_196_fu_4399_p2                  |      icmp|   0|  0|  23|          16|          16|
    |icmp_ln66_197_fu_4843_p2                  |      icmp|   0|  0|  23|          16|          16|
    |icmp_ln66_198_fu_4459_p2                  |      icmp|   0|  0|  23|          16|          16|
    |icmp_ln66_199_fu_4479_p2                  |      icmp|   0|  0|  23|          16|          16|
    |icmp_ln66_200_fu_4499_p2                  |      icmp|   0|  0|  23|          16|          16|
    |icmp_ln66_201_fu_4519_p2                  |      icmp|   0|  0|  23|          16|          16|
    |icmp_ln66_202_fu_4539_p2                  |      icmp|   0|  0|  23|          16|          16|
    |icmp_ln66_203_fu_4559_p2                  |      icmp|   0|  0|  23|          16|          16|
    |icmp_ln66_204_fu_4579_p2                  |      icmp|   0|  0|  23|          16|          16|
    |icmp_ln66_205_fu_4599_p2                  |      icmp|   0|  0|  23|          16|          16|
    |icmp_ln66_206_fu_4859_p2                  |      icmp|   0|  0|  23|          16|          16|
    |icmp_ln66_64_fu_1479_p2                   |      icmp|   0|  0|  23|          16|          16|
    |icmp_ln66_65_fu_1499_p2                   |      icmp|   0|  0|  23|          16|          16|
    |icmp_ln66_66_fu_1519_p2                   |      icmp|   0|  0|  23|          16|          16|
    |icmp_ln66_67_fu_1539_p2                   |      icmp|   0|  0|  23|          16|          16|
    |icmp_ln66_68_fu_1559_p2                   |      icmp|   0|  0|  23|          16|          16|
    |icmp_ln66_69_fu_1579_p2                   |      icmp|   0|  0|  23|          16|          16|
    |icmp_ln66_70_fu_1599_p2                   |      icmp|   0|  0|  23|          16|          16|
    |icmp_ln66_71_fu_4619_p2                   |      icmp|   0|  0|  23|          16|          16|
    |icmp_ln66_72_fu_1659_p2                   |      icmp|   0|  0|  23|          16|          16|
    |icmp_ln66_73_fu_1679_p2                   |      icmp|   0|  0|  23|          16|          16|
    |icmp_ln66_74_fu_1699_p2                   |      icmp|   0|  0|  23|          16|          16|
    |icmp_ln66_75_fu_1719_p2                   |      icmp|   0|  0|  23|          16|          16|
    |icmp_ln66_76_fu_1739_p2                   |      icmp|   0|  0|  23|          16|          16|
    |icmp_ln66_77_fu_1759_p2                   |      icmp|   0|  0|  23|          16|          16|
    |icmp_ln66_78_fu_1779_p2                   |      icmp|   0|  0|  23|          16|          16|
    |icmp_ln66_79_fu_1799_p2                   |      icmp|   0|  0|  23|          16|          16|
    |icmp_ln66_80_fu_4635_p2                   |      icmp|   0|  0|  23|          16|          16|
    |icmp_ln66_81_fu_1859_p2                   |      icmp|   0|  0|  23|          16|          16|
    |icmp_ln66_82_fu_1879_p2                   |      icmp|   0|  0|  23|          16|          16|
    |icmp_ln66_83_fu_1899_p2                   |      icmp|   0|  0|  23|          16|          16|
    |icmp_ln66_84_fu_1919_p2                   |      icmp|   0|  0|  23|          16|          16|
    |icmp_ln66_85_fu_1939_p2                   |      icmp|   0|  0|  23|          16|          16|
    |icmp_ln66_86_fu_1959_p2                   |      icmp|   0|  0|  23|          16|          16|
    |icmp_ln66_87_fu_1979_p2                   |      icmp|   0|  0|  23|          16|          16|
    |icmp_ln66_88_fu_1999_p2                   |      icmp|   0|  0|  23|          16|          16|
    |icmp_ln66_89_fu_4651_p2                   |      icmp|   0|  0|  23|          16|          16|
    |icmp_ln66_90_fu_2059_p2                   |      icmp|   0|  0|  23|          16|          16|
    |icmp_ln66_91_fu_2079_p2                   |      icmp|   0|  0|  23|          16|          16|
    |icmp_ln66_92_fu_2099_p2                   |      icmp|   0|  0|  23|          16|          16|
    |icmp_ln66_93_fu_2119_p2                   |      icmp|   0|  0|  23|          16|          16|
    |icmp_ln66_94_fu_2139_p2                   |      icmp|   0|  0|  23|          16|          16|
    |icmp_ln66_95_fu_2159_p2                   |      icmp|   0|  0|  23|          16|          16|
    |icmp_ln66_96_fu_2179_p2                   |      icmp|   0|  0|  23|          16|          16|
    |icmp_ln66_97_fu_2199_p2                   |      icmp|   0|  0|  23|          16|          16|
    |icmp_ln66_98_fu_4667_p2                   |      icmp|   0|  0|  23|          16|          16|
    |icmp_ln66_99_fu_2259_p2                   |      icmp|   0|  0|  23|          16|          16|
    |icmp_ln66_fu_1459_p2                      |      icmp|   0|  0|  23|          16|          16|
    |icmp_ln76_fu_1158_p2                      |      icmp|   0|  0|  39|          32|           4|
    |icmp_ln80_fu_1212_p2                      |      icmp|   0|  0|  39|          32|           3|
    |icmp_ln86_fu_1228_p2                      |      icmp|   0|  0|  39|          32|           3|
    |ap_block_pp0_stage0_01001                 |        or|   0|  0|   2|           1|           1|
    |ap_block_pp0_stage0_11001_ignoreCallOp77  |        or|   0|  0|   2|           1|           1|
    |ap_block_pp0_stage1_11001                 |        or|   0|  0|   2|           1|           1|
    |res_pack_10_fu_4677_p3                    |    select|   0|  0|  16|           1|          16|
    |res_pack_11_fu_4693_p3                    |    select|   0|  0|  16|           1|          16|
    |res_pack_12_fu_4709_p3                    |    select|   0|  0|  16|           1|          16|
    |res_pack_13_fu_4725_p3                    |    select|   0|  0|  16|           1|          16|
    |res_pack_14_fu_4741_p3                    |    select|   0|  0|  16|           1|          16|
    |res_pack_15_fu_4757_p3                    |    select|   0|  0|  16|           1|          16|
    |res_pack_16_fu_4773_p3                    |    select|   0|  0|  16|           1|          16|
    |res_pack_17_fu_4789_p3                    |    select|   0|  0|  16|           1|          16|
    |res_pack_18_fu_4805_p3                    |    select|   0|  0|  16|           1|          16|
    |res_pack_19_fu_4821_p3                    |    select|   0|  0|  16|           1|          16|
    |res_pack_20_fu_4837_p3                    |    select|   0|  0|  16|           1|          16|
    |res_pack_21_fu_4853_p3                    |    select|   0|  0|  16|           1|          16|
    |res_pack_22_fu_4869_p3                    |    select|   0|  0|  16|           1|          16|
    |res_pack_8_fu_4645_p3                     |    select|   0|  0|  16|           1|          16|
    |res_pack_9_fu_4661_p3                     |    select|   0|  0|  16|           1|          16|
    |res_pack_fu_4629_p3                       |    select|   0|  0|  16|           1|          16|
    |select_ln0_100_fu_2771_p3                 |    select|   0|  0|  16|           1|          16|
    |select_ln0_101_fu_2791_p3                 |    select|   0|  0|  16|           1|          16|
    |select_ln0_102_fu_2811_p3                 |    select|   0|  0|  16|           1|          16|
    |select_ln0_103_fu_2871_p3                 |    select|   0|  0|  16|           1|          16|
    |select_ln0_104_fu_2891_p3                 |    select|   0|  0|  16|           1|          16|
    |select_ln0_105_fu_2911_p3                 |    select|   0|  0|  16|           1|          16|
    |select_ln0_106_fu_2931_p3                 |    select|   0|  0|  16|           1|          16|
    |select_ln0_107_fu_2951_p3                 |    select|   0|  0|  16|           1|          16|
    |select_ln0_108_fu_2971_p3                 |    select|   0|  0|  16|           1|          16|
    |select_ln0_109_fu_2991_p3                 |    select|   0|  0|  16|           1|          16|
    |select_ln0_110_fu_3011_p3                 |    select|   0|  0|  16|           1|          16|
    |select_ln0_111_fu_3071_p3                 |    select|   0|  0|  16|           1|          16|
    |select_ln0_112_fu_3091_p3                 |    select|   0|  0|  16|           1|          16|
    |select_ln0_113_fu_3111_p3                 |    select|   0|  0|  16|           1|          16|
    |select_ln0_114_fu_3131_p3                 |    select|   0|  0|  16|           1|          16|
    |select_ln0_115_fu_3151_p3                 |    select|   0|  0|  16|           1|          16|
    |select_ln0_116_fu_3171_p3                 |    select|   0|  0|  16|           1|          16|
    |select_ln0_117_fu_3191_p3                 |    select|   0|  0|  16|           1|          16|
    |select_ln0_118_fu_3211_p3                 |    select|   0|  0|  16|           1|          16|
    |select_ln0_119_fu_3271_p3                 |    select|   0|  0|  16|           1|          16|
    |select_ln0_120_fu_3291_p3                 |    select|   0|  0|  16|           1|          16|
    |select_ln0_121_fu_3311_p3                 |    select|   0|  0|  16|           1|          16|
    |select_ln0_122_fu_3331_p3                 |    select|   0|  0|  16|           1|          16|
    |select_ln0_123_fu_3351_p3                 |    select|   0|  0|  16|           1|          16|
    |select_ln0_124_fu_3371_p3                 |    select|   0|  0|  16|           1|          16|
    |select_ln0_125_fu_3391_p3                 |    select|   0|  0|  16|           1|          16|
    |select_ln0_126_fu_3411_p3                 |    select|   0|  0|  16|           1|          16|
    |select_ln0_127_fu_3471_p3                 |    select|   0|  0|  16|           1|          16|
    |select_ln0_128_fu_3491_p3                 |    select|   0|  0|  16|           1|          16|
    |select_ln0_129_fu_3511_p3                 |    select|   0|  0|  16|           1|          16|
    |select_ln0_130_fu_3531_p3                 |    select|   0|  0|  16|           1|          16|
    |select_ln0_131_fu_3551_p3                 |    select|   0|  0|  16|           1|          16|
    |select_ln0_132_fu_3571_p3                 |    select|   0|  0|  16|           1|          16|
    |select_ln0_133_fu_3591_p3                 |    select|   0|  0|  16|           1|          16|
    |select_ln0_134_fu_3611_p3                 |    select|   0|  0|  16|           1|          16|
    |select_ln0_135_fu_3671_p3                 |    select|   0|  0|  16|           1|          16|
    |select_ln0_136_fu_3691_p3                 |    select|   0|  0|  16|           1|          16|
    |select_ln0_137_fu_3711_p3                 |    select|   0|  0|  16|           1|          16|
    |select_ln0_138_fu_3731_p3                 |    select|   0|  0|  16|           1|          16|
    |select_ln0_139_fu_3751_p3                 |    select|   0|  0|  16|           1|          16|
    |select_ln0_140_fu_3771_p3                 |    select|   0|  0|  16|           1|          16|
    |select_ln0_141_fu_3791_p3                 |    select|   0|  0|  16|           1|          16|
    |select_ln0_142_fu_3811_p3                 |    select|   0|  0|  16|           1|          16|
    |select_ln0_143_fu_3871_p3                 |    select|   0|  0|  16|           1|          16|
    |select_ln0_144_fu_3891_p3                 |    select|   0|  0|  16|           1|          16|
    |select_ln0_145_fu_3911_p3                 |    select|   0|  0|  16|           1|          16|
    |select_ln0_146_fu_3931_p3                 |    select|   0|  0|  16|           1|          16|
    |select_ln0_147_fu_3951_p3                 |    select|   0|  0|  16|           1|          16|
    |select_ln0_148_fu_3971_p3                 |    select|   0|  0|  16|           1|          16|
    |select_ln0_149_fu_3991_p3                 |    select|   0|  0|  16|           1|          16|
    |select_ln0_150_fu_4011_p3                 |    select|   0|  0|  16|           1|          16|
    |select_ln0_151_fu_4071_p3                 |    select|   0|  0|  16|           1|          16|
    |select_ln0_152_fu_4091_p3                 |    select|   0|  0|  16|           1|          16|
    |select_ln0_153_fu_4111_p3                 |    select|   0|  0|  16|           1|          16|
    |select_ln0_154_fu_4131_p3                 |    select|   0|  0|  16|           1|          16|
    |select_ln0_155_fu_4151_p3                 |    select|   0|  0|  16|           1|          16|
    |select_ln0_156_fu_4171_p3                 |    select|   0|  0|  16|           1|          16|
    |select_ln0_157_fu_4191_p3                 |    select|   0|  0|  16|           1|          16|
    |select_ln0_158_fu_4211_p3                 |    select|   0|  0|  16|           1|          16|
    |select_ln0_159_fu_4271_p3                 |    select|   0|  0|  16|           1|          16|
    |select_ln0_160_fu_4291_p3                 |    select|   0|  0|  16|           1|          16|
    |select_ln0_161_fu_4311_p3                 |    select|   0|  0|  16|           1|          16|
    |select_ln0_162_fu_4331_p3                 |    select|   0|  0|  16|           1|          16|
    |select_ln0_163_fu_4351_p3                 |    select|   0|  0|  16|           1|          16|
    |select_ln0_164_fu_4371_p3                 |    select|   0|  0|  16|           1|          16|
    |select_ln0_165_fu_4391_p3                 |    select|   0|  0|  16|           1|          16|
    |select_ln0_166_fu_4411_p3                 |    select|   0|  0|  16|           1|          16|
    |select_ln0_167_fu_4471_p3                 |    select|   0|  0|  16|           1|          16|
    |select_ln0_168_fu_4491_p3                 |    select|   0|  0|  16|           1|          16|
    |select_ln0_169_fu_4511_p3                 |    select|   0|  0|  16|           1|          16|
    |select_ln0_170_fu_4531_p3                 |    select|   0|  0|  16|           1|          16|
    |select_ln0_171_fu_4551_p3                 |    select|   0|  0|  16|           1|          16|
    |select_ln0_172_fu_4571_p3                 |    select|   0|  0|  16|           1|          16|
    |select_ln0_173_fu_4591_p3                 |    select|   0|  0|  16|           1|          16|
    |select_ln0_174_fu_4611_p3                 |    select|   0|  0|  16|           1|          16|
    |select_ln0_48_fu_1491_p3                  |    select|   0|  0|  16|           1|          16|
    |select_ln0_49_fu_1511_p3                  |    select|   0|  0|  16|           1|          16|
    |select_ln0_50_fu_1531_p3                  |    select|   0|  0|  16|           1|          16|
    |select_ln0_51_fu_1551_p3                  |    select|   0|  0|  16|           1|          16|
    |select_ln0_52_fu_1571_p3                  |    select|   0|  0|  16|           1|          16|
    |select_ln0_53_fu_1591_p3                  |    select|   0|  0|  16|           1|          16|
    |select_ln0_54_fu_1611_p3                  |    select|   0|  0|  16|           1|          16|
    |select_ln0_55_fu_1671_p3                  |    select|   0|  0|  16|           1|          16|
    |select_ln0_56_fu_1691_p3                  |    select|   0|  0|  16|           1|          16|
    |select_ln0_57_fu_1711_p3                  |    select|   0|  0|  16|           1|          16|
    |select_ln0_58_fu_1731_p3                  |    select|   0|  0|  16|           1|          16|
    |select_ln0_59_fu_1751_p3                  |    select|   0|  0|  16|           1|          16|
    |select_ln0_60_fu_1771_p3                  |    select|   0|  0|  16|           1|          16|
    |select_ln0_61_fu_1791_p3                  |    select|   0|  0|  16|           1|          16|
    |select_ln0_62_fu_1811_p3                  |    select|   0|  0|  16|           1|          16|
    |select_ln0_63_fu_1871_p3                  |    select|   0|  0|  16|           1|          16|
    |select_ln0_64_fu_1891_p3                  |    select|   0|  0|  16|           1|          16|
    |select_ln0_65_fu_1911_p3                  |    select|   0|  0|  16|           1|          16|
    |select_ln0_66_fu_1931_p3                  |    select|   0|  0|  16|           1|          16|
    |select_ln0_67_fu_1951_p3                  |    select|   0|  0|  16|           1|          16|
    |select_ln0_68_fu_1971_p3                  |    select|   0|  0|  16|           1|          16|
    |select_ln0_69_fu_1991_p3                  |    select|   0|  0|  16|           1|          16|
    |select_ln0_70_fu_2011_p3                  |    select|   0|  0|  16|           1|          16|
    |select_ln0_71_fu_2071_p3                  |    select|   0|  0|  16|           1|          16|
    |select_ln0_72_fu_2091_p3                  |    select|   0|  0|  16|           1|          16|
    |select_ln0_73_fu_2111_p3                  |    select|   0|  0|  16|           1|          16|
    |select_ln0_74_fu_2131_p3                  |    select|   0|  0|  16|           1|          16|
    |select_ln0_75_fu_2151_p3                  |    select|   0|  0|  16|           1|          16|
    |select_ln0_76_fu_2171_p3                  |    select|   0|  0|  16|           1|          16|
    |select_ln0_77_fu_2191_p3                  |    select|   0|  0|  16|           1|          16|
    |select_ln0_78_fu_2211_p3                  |    select|   0|  0|  16|           1|          16|
    |select_ln0_79_fu_2271_p3                  |    select|   0|  0|  16|           1|          16|
    |select_ln0_80_fu_2291_p3                  |    select|   0|  0|  16|           1|          16|
    |select_ln0_81_fu_2311_p3                  |    select|   0|  0|  16|           1|          16|
    |select_ln0_82_fu_2331_p3                  |    select|   0|  0|  16|           1|          16|
    |select_ln0_83_fu_2351_p3                  |    select|   0|  0|  16|           1|          16|
    |select_ln0_84_fu_2371_p3                  |    select|   0|  0|  16|           1|          16|
    |select_ln0_85_fu_2391_p3                  |    select|   0|  0|  16|           1|          16|
    |select_ln0_86_fu_2411_p3                  |    select|   0|  0|  16|           1|          16|
    |select_ln0_87_fu_2471_p3                  |    select|   0|  0|  16|           1|          16|
    |select_ln0_88_fu_2491_p3                  |    select|   0|  0|  16|           1|          16|
    |select_ln0_89_fu_2511_p3                  |    select|   0|  0|  16|           1|          16|
    |select_ln0_90_fu_2531_p3                  |    select|   0|  0|  16|           1|          16|
    |select_ln0_91_fu_2551_p3                  |    select|   0|  0|  16|           1|          16|
    |select_ln0_92_fu_2571_p3                  |    select|   0|  0|  16|           1|          16|
    |select_ln0_93_fu_2591_p3                  |    select|   0|  0|  16|           1|          16|
    |select_ln0_94_fu_2611_p3                  |    select|   0|  0|  16|           1|          16|
    |select_ln0_95_fu_2671_p3                  |    select|   0|  0|  16|           1|          16|
    |select_ln0_96_fu_2691_p3                  |    select|   0|  0|  16|           1|          16|
    |select_ln0_97_fu_2711_p3                  |    select|   0|  0|  16|           1|          16|
    |select_ln0_98_fu_2731_p3                  |    select|   0|  0|  16|           1|          16|
    |select_ln0_99_fu_2751_p3                  |    select|   0|  0|  16|           1|          16|
    |select_ln0_fu_1471_p3                     |    select|   0|  0|  16|           1|          16|
    |select_ln86_fu_1234_p3                    |    select|   0|  0|   4|           1|           4|
    |select_ln91_fu_1170_p3                    |    select|   0|  0|   2|           1|           2|
    |ap_enable_pp0                             |       xor|   0|  0|   2|           1|           2|
    |xor_ln66_100_fu_2285_p2                   |       xor|   0|  0|   2|           1|           2|
    |xor_ln66_101_fu_2305_p2                   |       xor|   0|  0|   2|           1|           2|
    |xor_ln66_102_fu_2325_p2                   |       xor|   0|  0|   2|           1|           2|
    |xor_ln66_103_fu_2345_p2                   |       xor|   0|  0|   2|           1|           2|
    |xor_ln66_104_fu_2365_p2                   |       xor|   0|  0|   2|           1|           2|
    |xor_ln66_105_fu_2385_p2                   |       xor|   0|  0|   2|           1|           2|
    |xor_ln66_106_fu_2405_p2                   |       xor|   0|  0|   2|           1|           2|
    |xor_ln66_107_fu_4687_p2                   |       xor|   0|  0|   2|           1|           2|
    |xor_ln66_108_fu_2465_p2                   |       xor|   0|  0|   2|           1|           2|
    |xor_ln66_109_fu_2485_p2                   |       xor|   0|  0|   2|           1|           2|
    |xor_ln66_110_fu_2505_p2                   |       xor|   0|  0|   2|           1|           2|
    |xor_ln66_111_fu_2525_p2                   |       xor|   0|  0|   2|           1|           2|
    |xor_ln66_112_fu_2545_p2                   |       xor|   0|  0|   2|           1|           2|
    |xor_ln66_113_fu_2565_p2                   |       xor|   0|  0|   2|           1|           2|
    |xor_ln66_114_fu_2585_p2                   |       xor|   0|  0|   2|           1|           2|
    |xor_ln66_115_fu_2605_p2                   |       xor|   0|  0|   2|           1|           2|
    |xor_ln66_116_fu_4703_p2                   |       xor|   0|  0|   2|           1|           2|
    |xor_ln66_117_fu_2665_p2                   |       xor|   0|  0|   2|           1|           2|
    |xor_ln66_118_fu_2685_p2                   |       xor|   0|  0|   2|           1|           2|
    |xor_ln66_119_fu_2705_p2                   |       xor|   0|  0|   2|           1|           2|
    |xor_ln66_120_fu_2725_p2                   |       xor|   0|  0|   2|           1|           2|
    |xor_ln66_121_fu_2745_p2                   |       xor|   0|  0|   2|           1|           2|
    |xor_ln66_122_fu_2765_p2                   |       xor|   0|  0|   2|           1|           2|
    |xor_ln66_123_fu_2785_p2                   |       xor|   0|  0|   2|           1|           2|
    |xor_ln66_124_fu_2805_p2                   |       xor|   0|  0|   2|           1|           2|
    |xor_ln66_125_fu_4719_p2                   |       xor|   0|  0|   2|           1|           2|
    |xor_ln66_126_fu_2865_p2                   |       xor|   0|  0|   2|           1|           2|
    |xor_ln66_127_fu_2885_p2                   |       xor|   0|  0|   2|           1|           2|
    |xor_ln66_128_fu_2905_p2                   |       xor|   0|  0|   2|           1|           2|
    |xor_ln66_129_fu_2925_p2                   |       xor|   0|  0|   2|           1|           2|
    |xor_ln66_130_fu_2945_p2                   |       xor|   0|  0|   2|           1|           2|
    |xor_ln66_131_fu_2965_p2                   |       xor|   0|  0|   2|           1|           2|
    |xor_ln66_132_fu_2985_p2                   |       xor|   0|  0|   2|           1|           2|
    |xor_ln66_133_fu_3005_p2                   |       xor|   0|  0|   2|           1|           2|
    |xor_ln66_134_fu_4735_p2                   |       xor|   0|  0|   2|           1|           2|
    |xor_ln66_135_fu_3065_p2                   |       xor|   0|  0|   2|           1|           2|
    |xor_ln66_136_fu_3085_p2                   |       xor|   0|  0|   2|           1|           2|
    |xor_ln66_137_fu_3105_p2                   |       xor|   0|  0|   2|           1|           2|
    |xor_ln66_138_fu_3125_p2                   |       xor|   0|  0|   2|           1|           2|
    |xor_ln66_139_fu_3145_p2                   |       xor|   0|  0|   2|           1|           2|
    |xor_ln66_140_fu_3165_p2                   |       xor|   0|  0|   2|           1|           2|
    |xor_ln66_141_fu_3185_p2                   |       xor|   0|  0|   2|           1|           2|
    |xor_ln66_142_fu_3205_p2                   |       xor|   0|  0|   2|           1|           2|
    |xor_ln66_143_fu_4751_p2                   |       xor|   0|  0|   2|           1|           2|
    |xor_ln66_144_fu_3265_p2                   |       xor|   0|  0|   2|           1|           2|
    |xor_ln66_145_fu_3285_p2                   |       xor|   0|  0|   2|           1|           2|
    |xor_ln66_146_fu_3305_p2                   |       xor|   0|  0|   2|           1|           2|
    |xor_ln66_147_fu_3325_p2                   |       xor|   0|  0|   2|           1|           2|
    |xor_ln66_148_fu_3345_p2                   |       xor|   0|  0|   2|           1|           2|
    |xor_ln66_149_fu_3365_p2                   |       xor|   0|  0|   2|           1|           2|
    |xor_ln66_150_fu_3385_p2                   |       xor|   0|  0|   2|           1|           2|
    |xor_ln66_151_fu_3405_p2                   |       xor|   0|  0|   2|           1|           2|
    |xor_ln66_152_fu_4767_p2                   |       xor|   0|  0|   2|           1|           2|
    |xor_ln66_153_fu_3465_p2                   |       xor|   0|  0|   2|           1|           2|
    |xor_ln66_154_fu_3485_p2                   |       xor|   0|  0|   2|           1|           2|
    |xor_ln66_155_fu_3505_p2                   |       xor|   0|  0|   2|           1|           2|
    |xor_ln66_156_fu_3525_p2                   |       xor|   0|  0|   2|           1|           2|
    |xor_ln66_157_fu_3545_p2                   |       xor|   0|  0|   2|           1|           2|
    |xor_ln66_158_fu_3565_p2                   |       xor|   0|  0|   2|           1|           2|
    |xor_ln66_159_fu_3585_p2                   |       xor|   0|  0|   2|           1|           2|
    |xor_ln66_160_fu_3605_p2                   |       xor|   0|  0|   2|           1|           2|
    |xor_ln66_161_fu_4783_p2                   |       xor|   0|  0|   2|           1|           2|
    |xor_ln66_162_fu_3665_p2                   |       xor|   0|  0|   2|           1|           2|
    |xor_ln66_163_fu_3685_p2                   |       xor|   0|  0|   2|           1|           2|
    |xor_ln66_164_fu_3705_p2                   |       xor|   0|  0|   2|           1|           2|
    |xor_ln66_165_fu_3725_p2                   |       xor|   0|  0|   2|           1|           2|
    |xor_ln66_166_fu_3745_p2                   |       xor|   0|  0|   2|           1|           2|
    |xor_ln66_167_fu_3765_p2                   |       xor|   0|  0|   2|           1|           2|
    |xor_ln66_168_fu_3785_p2                   |       xor|   0|  0|   2|           1|           2|
    |xor_ln66_169_fu_3805_p2                   |       xor|   0|  0|   2|           1|           2|
    |xor_ln66_170_fu_4799_p2                   |       xor|   0|  0|   2|           1|           2|
    |xor_ln66_171_fu_3865_p2                   |       xor|   0|  0|   2|           1|           2|
    |xor_ln66_172_fu_3885_p2                   |       xor|   0|  0|   2|           1|           2|
    |xor_ln66_173_fu_3905_p2                   |       xor|   0|  0|   2|           1|           2|
    |xor_ln66_174_fu_3925_p2                   |       xor|   0|  0|   2|           1|           2|
    |xor_ln66_175_fu_3945_p2                   |       xor|   0|  0|   2|           1|           2|
    |xor_ln66_176_fu_3965_p2                   |       xor|   0|  0|   2|           1|           2|
    |xor_ln66_177_fu_3985_p2                   |       xor|   0|  0|   2|           1|           2|
    |xor_ln66_178_fu_4005_p2                   |       xor|   0|  0|   2|           1|           2|
    |xor_ln66_179_fu_4815_p2                   |       xor|   0|  0|   2|           1|           2|
    |xor_ln66_180_fu_4065_p2                   |       xor|   0|  0|   2|           1|           2|
    |xor_ln66_181_fu_4085_p2                   |       xor|   0|  0|   2|           1|           2|
    |xor_ln66_182_fu_4105_p2                   |       xor|   0|  0|   2|           1|           2|
    |xor_ln66_183_fu_4125_p2                   |       xor|   0|  0|   2|           1|           2|
    |xor_ln66_184_fu_4145_p2                   |       xor|   0|  0|   2|           1|           2|
    |xor_ln66_185_fu_4165_p2                   |       xor|   0|  0|   2|           1|           2|
    |xor_ln66_186_fu_4185_p2                   |       xor|   0|  0|   2|           1|           2|
    |xor_ln66_187_fu_4205_p2                   |       xor|   0|  0|   2|           1|           2|
    |xor_ln66_188_fu_4831_p2                   |       xor|   0|  0|   2|           1|           2|
    |xor_ln66_189_fu_4265_p2                   |       xor|   0|  0|   2|           1|           2|
    |xor_ln66_190_fu_4285_p2                   |       xor|   0|  0|   2|           1|           2|
    |xor_ln66_191_fu_4305_p2                   |       xor|   0|  0|   2|           1|           2|
    |xor_ln66_192_fu_4325_p2                   |       xor|   0|  0|   2|           1|           2|
    |xor_ln66_193_fu_4345_p2                   |       xor|   0|  0|   2|           1|           2|
    |xor_ln66_194_fu_4365_p2                   |       xor|   0|  0|   2|           1|           2|
    |xor_ln66_195_fu_4385_p2                   |       xor|   0|  0|   2|           1|           2|
    |xor_ln66_196_fu_4405_p2                   |       xor|   0|  0|   2|           1|           2|
    |xor_ln66_197_fu_4847_p2                   |       xor|   0|  0|   2|           1|           2|
    |xor_ln66_198_fu_4465_p2                   |       xor|   0|  0|   2|           1|           2|
    |xor_ln66_199_fu_4485_p2                   |       xor|   0|  0|   2|           1|           2|
    |xor_ln66_200_fu_4505_p2                   |       xor|   0|  0|   2|           1|           2|
    |xor_ln66_201_fu_4525_p2                   |       xor|   0|  0|   2|           1|           2|
    |xor_ln66_202_fu_4545_p2                   |       xor|   0|  0|   2|           1|           2|
    |xor_ln66_203_fu_4565_p2                   |       xor|   0|  0|   2|           1|           2|
    |xor_ln66_204_fu_4585_p2                   |       xor|   0|  0|   2|           1|           2|
    |xor_ln66_205_fu_4605_p2                   |       xor|   0|  0|   2|           1|           2|
    |xor_ln66_206_fu_4863_p2                   |       xor|   0|  0|   2|           1|           2|
    |xor_ln66_64_fu_1485_p2                    |       xor|   0|  0|   2|           1|           2|
    |xor_ln66_65_fu_1505_p2                    |       xor|   0|  0|   2|           1|           2|
    |xor_ln66_66_fu_1525_p2                    |       xor|   0|  0|   2|           1|           2|
    |xor_ln66_67_fu_1545_p2                    |       xor|   0|  0|   2|           1|           2|
    |xor_ln66_68_fu_1565_p2                    |       xor|   0|  0|   2|           1|           2|
    |xor_ln66_69_fu_1585_p2                    |       xor|   0|  0|   2|           1|           2|
    |xor_ln66_70_fu_1605_p2                    |       xor|   0|  0|   2|           1|           2|
    |xor_ln66_71_fu_4623_p2                    |       xor|   0|  0|   2|           1|           2|
    |xor_ln66_72_fu_1665_p2                    |       xor|   0|  0|   2|           1|           2|
    |xor_ln66_73_fu_1685_p2                    |       xor|   0|  0|   2|           1|           2|
    |xor_ln66_74_fu_1705_p2                    |       xor|   0|  0|   2|           1|           2|
    |xor_ln66_75_fu_1725_p2                    |       xor|   0|  0|   2|           1|           2|
    |xor_ln66_76_fu_1745_p2                    |       xor|   0|  0|   2|           1|           2|
    |xor_ln66_77_fu_1765_p2                    |       xor|   0|  0|   2|           1|           2|
    |xor_ln66_78_fu_1785_p2                    |       xor|   0|  0|   2|           1|           2|
    |xor_ln66_79_fu_1805_p2                    |       xor|   0|  0|   2|           1|           2|
    |xor_ln66_80_fu_4639_p2                    |       xor|   0|  0|   2|           1|           2|
    |xor_ln66_81_fu_1865_p2                    |       xor|   0|  0|   2|           1|           2|
    |xor_ln66_82_fu_1885_p2                    |       xor|   0|  0|   2|           1|           2|
    |xor_ln66_83_fu_1905_p2                    |       xor|   0|  0|   2|           1|           2|
    |xor_ln66_84_fu_1925_p2                    |       xor|   0|  0|   2|           1|           2|
    |xor_ln66_85_fu_1945_p2                    |       xor|   0|  0|   2|           1|           2|
    |xor_ln66_86_fu_1965_p2                    |       xor|   0|  0|   2|           1|           2|
    |xor_ln66_87_fu_1985_p2                    |       xor|   0|  0|   2|           1|           2|
    |xor_ln66_88_fu_2005_p2                    |       xor|   0|  0|   2|           1|           2|
    |xor_ln66_89_fu_4655_p2                    |       xor|   0|  0|   2|           1|           2|
    |xor_ln66_90_fu_2065_p2                    |       xor|   0|  0|   2|           1|           2|
    |xor_ln66_91_fu_2085_p2                    |       xor|   0|  0|   2|           1|           2|
    |xor_ln66_92_fu_2105_p2                    |       xor|   0|  0|   2|           1|           2|
    |xor_ln66_93_fu_2125_p2                    |       xor|   0|  0|   2|           1|           2|
    |xor_ln66_94_fu_2145_p2                    |       xor|   0|  0|   2|           1|           2|
    |xor_ln66_95_fu_2165_p2                    |       xor|   0|  0|   2|           1|           2|
    |xor_ln66_96_fu_2185_p2                    |       xor|   0|  0|   2|           1|           2|
    |xor_ln66_97_fu_2205_p2                    |       xor|   0|  0|   2|           1|           2|
    |xor_ln66_98_fu_4671_p2                    |       xor|   0|  0|   2|           1|           2|
    |xor_ln66_99_fu_2265_p2                    |       xor|   0|  0|   2|           1|           2|
    |xor_ln66_fu_1465_p2                       |       xor|   0|  0|   2|           1|           2|
    +------------------------------------------+----------+----+---+----+------------+------------+
    |Total                                     |          |   0|  0|6389|        2970|        5005|
    +------------------------------------------+----------+----+---+----+------------+------------+

    * Multiplexer: 
    +-----------------------------------------+----+-----------+-----+-----------+
    |                   Name                  | LUT| Input Size| Bits| Total Bits|
    +-----------------------------------------+----+-----------+-----+-----------+
    |ap_NS_fsm                                |  14|          3|    1|          3|
    |ap_done_int                              |   9|          2|    1|          2|
    |ap_enable_reg_pp0_iter0                  |   9|          2|    1|          2|
    |ap_enable_reg_pp0_iter1                  |   9|          2|    1|          2|
    |ap_enable_reg_pp0_iter2                  |   9|          2|    1|          2|
    |ap_loop_exit_ready_pp0_iter1_reg         |   9|          2|    1|          2|
    |ap_phi_reg_pp0_iter0_storemerge_reg_591  |   9|          2|   32|         64|
    |ap_sig_allocacmp_indvar_flatten_load     |   9|          2|    7|         14|
    |indvar_flatten_fu_574                    |   9|          2|    7|         14|
    |layer15_out_blk_n                        |   9|          2|    1|          2|
    |layer16_out_blk_n                        |   9|          2|    1|          2|
    |pX_1                                     |   9|          2|   32|         64|
    |pY_1                                     |   9|          2|   32|         64|
    |real_start                               |   9|          2|    1|          2|
    |sX_1                                     |   9|          2|   32|         64|
    +-----------------------------------------+----+-----------+-----+-----------+
    |Total                                    | 140|         31|  151|        303|
    +-----------------------------------------+----+-----------+-----+-----------+

    * Register: 
    +------------------------------------------------------------------------------------------+----+----+-----+-----------+
    |                                           Name                                           | FF | LUT| Bits| Const Bits|
    +------------------------------------------------------------------------------------------+----+----+-----+-----------+
    |and_ln55_2_reg_4927                                                                       |   1|   0|    1|          0|
    |and_ln55_2_reg_4927_pp0_iter1_reg                                                         |   1|   0|    1|          0|
    |ap_CS_fsm                                                                                 |   2|   0|    2|          0|
    |ap_done_reg                                                                               |   1|   0|    1|          0|
    |ap_enable_reg_pp0_iter0_reg                                                               |   1|   0|    1|          0|
    |ap_enable_reg_pp0_iter1                                                                   |   1|   0|    1|          0|
    |ap_enable_reg_pp0_iter2                                                                   |   1|   0|    1|          0|
    |ap_loop_exit_ready_pp0_iter1_reg                                                          |   1|   0|    1|          0|
    |ap_phi_reg_pp0_iter0_storemerge_reg_591                                                   |  32|   0|   32|          0|
    |call_ln52_shift_line_buffer_array_ap_fixed_16_6_5_3_0_16u_config16_s_fu_602_ap_start_reg  |   1|   0|    1|          0|
    |icmp_ln109_reg_4919                                                                       |   1|   0|    1|          0|
    |icmp_ln55_reg_4923                                                                        |   1|   0|    1|          0|
    |icmp_ln55_reg_4923_pp0_iter1_reg                                                          |   1|   0|    1|          0|
    |icmp_ln76_reg_4931                                                                        |   1|   0|    1|          0|
    |indvar_flatten_fu_574                                                                     |   7|   0|    7|          0|
    |pX_1                                                                                      |  32|   0|   32|          0|
    |pY_1                                                                                      |  32|   0|   32|          0|
    |p_ZZN4nnet22compute_pool_buffer_2dINS_5arrayI8ap_fixedILi16ELi6EL9ap_q_mode5EL9ap_503     |  16|   0|   16|          0|
    |p_ZZN4nnet22compute_pool_buffer_2dINS_5arrayI8ap_fixedILi16ELi6EL9ap_q_mode5EL9ap_504     |  16|   0|   16|          0|
    |p_ZZN4nnet22compute_pool_buffer_2dINS_5arrayI8ap_fixedILi16ELi6EL9ap_q_mode5EL9ap_505     |  16|   0|   16|          0|
    |p_ZZN4nnet22compute_pool_buffer_2dINS_5arrayI8ap_fixedILi16ELi6EL9ap_q_mode5EL9ap_506     |  16|   0|   16|          0|
    |p_ZZN4nnet22compute_pool_buffer_2dINS_5arrayI8ap_fixedILi16ELi6EL9ap_q_mode5EL9ap_507     |  16|   0|   16|          0|
    |p_ZZN4nnet22compute_pool_buffer_2dINS_5arrayI8ap_fixedILi16ELi6EL9ap_q_mode5EL9ap_508     |  16|   0|   16|          0|
    |p_ZZN4nnet22compute_pool_buffer_2dINS_5arrayI8ap_fixedILi16ELi6EL9ap_q_mode5EL9ap_509     |  16|   0|   16|          0|
    |p_ZZN4nnet22compute_pool_buffer_2dINS_5arrayI8ap_fixedILi16ELi6EL9ap_q_mode5EL9ap_510     |  16|   0|   16|          0|
    |p_ZZN4nnet22compute_pool_buffer_2dINS_5arrayI8ap_fixedILi16ELi6EL9ap_q_mode5EL9ap_511     |  16|   0|   16|          0|
    |p_ZZN4nnet22compute_pool_buffer_2dINS_5arrayI8ap_fixedILi16ELi6EL9ap_q_mode5EL9ap_512     |  16|   0|   16|          0|
    |p_ZZN4nnet22compute_pool_buffer_2dINS_5arrayI8ap_fixedILi16ELi6EL9ap_q_mode5EL9ap_513     |  16|   0|   16|          0|
    |p_ZZN4nnet22compute_pool_buffer_2dINS_5arrayI8ap_fixedILi16ELi6EL9ap_q_mode5EL9ap_514     |  16|   0|   16|          0|
    |p_ZZN4nnet22compute_pool_buffer_2dINS_5arrayI8ap_fixedILi16ELi6EL9ap_q_mode5EL9ap_515     |  16|   0|   16|          0|
    |p_ZZN4nnet22compute_pool_buffer_2dINS_5arrayI8ap_fixedILi16ELi6EL9ap_q_mode5EL9ap_516     |  16|   0|   16|          0|
    |p_ZZN4nnet22compute_pool_buffer_2dINS_5arrayI8ap_fixedILi16ELi6EL9ap_q_mode5EL9ap_517     |  16|   0|   16|          0|
    |p_ZZN4nnet22compute_pool_buffer_2dINS_5arrayI8ap_fixedILi16ELi6EL9ap_q_mode5EL9ap_518     |  16|   0|   16|          0|
    |p_ZZN4nnet22compute_pool_buffer_2dINS_5arrayI8ap_fixedILi16ELi6EL9ap_q_mode5EL9ap_519     |  16|   0|   16|          0|
    |p_ZZN4nnet22compute_pool_buffer_2dINS_5arrayI8ap_fixedILi16ELi6EL9ap_q_mode5EL9ap_520     |  16|   0|   16|          0|
    |p_ZZN4nnet22compute_pool_buffer_2dINS_5arrayI8ap_fixedILi16ELi6EL9ap_q_mode5EL9ap_521     |  16|   0|   16|          0|
    |p_ZZN4nnet22compute_pool_buffer_2dINS_5arrayI8ap_fixedILi16ELi6EL9ap_q_mode5EL9ap_522     |  16|   0|   16|          0|
    |p_ZZN4nnet22compute_pool_buffer_2dINS_5arrayI8ap_fixedILi16ELi6EL9ap_q_mode5EL9ap_523     |  16|   0|   16|          0|
    |p_ZZN4nnet22compute_pool_buffer_2dINS_5arrayI8ap_fixedILi16ELi6EL9ap_q_mode5EL9ap_524     |  16|   0|   16|          0|
    |p_ZZN4nnet22compute_pool_buffer_2dINS_5arrayI8ap_fixedILi16ELi6EL9ap_q_mode5EL9ap_525     |  16|   0|   16|          0|
    |p_ZZN4nnet22compute_pool_buffer_2dINS_5arrayI8ap_fixedILi16ELi6EL9ap_q_mode5EL9ap_526     |  16|   0|   16|          0|
    |p_ZZN4nnet22compute_pool_buffer_2dINS_5arrayI8ap_fixedILi16ELi6EL9ap_q_mode5EL9ap_527     |  16|   0|   16|          0|
    |p_ZZN4nnet22compute_pool_buffer_2dINS_5arrayI8ap_fixedILi16ELi6EL9ap_q_mode5EL9ap_528     |  16|   0|   16|          0|
    |p_ZZN4nnet22compute_pool_buffer_2dINS_5arrayI8ap_fixedILi16ELi6EL9ap_q_mode5EL9ap_529     |  16|   0|   16|          0|
    |p_ZZN4nnet22compute_pool_buffer_2dINS_5arrayI8ap_fixedILi16ELi6EL9ap_q_mode5EL9ap_530     |  16|   0|   16|          0|
    |p_ZZN4nnet22compute_pool_buffer_2dINS_5arrayI8ap_fixedILi16ELi6EL9ap_q_mode5EL9ap_531     |  16|   0|   16|          0|
    |p_ZZN4nnet22compute_pool_buffer_2dINS_5arrayI8ap_fixedILi16ELi6EL9ap_q_mode5EL9ap_532     |  16|   0|   16|          0|
    |p_ZZN4nnet22compute_pool_buffer_2dINS_5arrayI8ap_fixedILi16ELi6EL9ap_q_mode5EL9ap_533     |  16|   0|   16|          0|
    |p_ZZN4nnet22compute_pool_buffer_2dINS_5arrayI8ap_fixedILi16ELi6EL9ap_q_mode5EL9ap_534     |  16|   0|   16|          0|
    |p_ZZN4nnet22compute_pool_buffer_2dINS_5arrayI8ap_fixedILi16ELi6EL9ap_q_mode5EL9ap_535     |  16|   0|   16|          0|
    |p_ZZN4nnet22compute_pool_buffer_2dINS_5arrayI8ap_fixedILi16ELi6EL9ap_q_mode5EL9ap_536     |  16|   0|   16|          0|
    |p_ZZN4nnet22compute_pool_buffer_2dINS_5arrayI8ap_fixedILi16ELi6EL9ap_q_mode5EL9ap_537     |  16|   0|   16|          0|
    |p_ZZN4nnet22compute_pool_buffer_2dINS_5arrayI8ap_fixedILi16ELi6EL9ap_q_mode5EL9ap_538     |  16|   0|   16|          0|
    |p_ZZN4nnet22compute_pool_buffer_2dINS_5arrayI8ap_fixedILi16ELi6EL9ap_q_mode5EL9ap_539     |  16|   0|   16|          0|
    |p_ZZN4nnet22compute_pool_buffer_2dINS_5arrayI8ap_fixedILi16ELi6EL9ap_q_mode5EL9ap_54      |  16|   0|   16|          0|
    |p_ZZN4nnet22compute_pool_buffer_2dINS_5arrayI8ap_fixedILi16ELi6EL9ap_q_mode5EL9ap_540     |  16|   0|   16|          0|
    |p_ZZN4nnet22compute_pool_buffer_2dINS_5arrayI8ap_fixedILi16ELi6EL9ap_q_mode5EL9ap_541     |  16|   0|   16|          0|
    |p_ZZN4nnet22compute_pool_buffer_2dINS_5arrayI8ap_fixedILi16ELi6EL9ap_q_mode5EL9ap_542     |  16|   0|   16|          0|
    |p_ZZN4nnet22compute_pool_buffer_2dINS_5arrayI8ap_fixedILi16ELi6EL9ap_q_mode5EL9ap_543     |  16|   0|   16|          0|
    |p_ZZN4nnet22compute_pool_buffer_2dINS_5arrayI8ap_fixedILi16ELi6EL9ap_q_mode5EL9ap_544     |  16|   0|   16|          0|
    |p_ZZN4nnet22compute_pool_buffer_2dINS_5arrayI8ap_fixedILi16ELi6EL9ap_q_mode5EL9ap_545     |  16|   0|   16|          0|
    |p_ZZN4nnet22compute_pool_buffer_2dINS_5arrayI8ap_fixedILi16ELi6EL9ap_q_mode5EL9ap_546     |  16|   0|   16|          0|
    |p_ZZN4nnet22compute_pool_buffer_2dINS_5arrayI8ap_fixedILi16ELi6EL9ap_q_mode5EL9ap_547     |  16|   0|   16|          0|
    |p_ZZN4nnet22compute_pool_buffer_2dINS_5arrayI8ap_fixedILi16ELi6EL9ap_q_mode5EL9ap_548     |  16|   0|   16|          0|
    |p_ZZN4nnet22compute_pool_buffer_2dINS_5arrayI8ap_fixedILi16ELi6EL9ap_q_mode5EL9ap_549     |  16|   0|   16|          0|
    |p_ZZN4nnet22compute_pool_buffer_2dINS_5arrayI8ap_fixedILi16ELi6EL9ap_q_mode5EL9ap_55      |  16|   0|   16|          0|
    |p_ZZN4nnet22compute_pool_buffer_2dINS_5arrayI8ap_fixedILi16ELi6EL9ap_q_mode5EL9ap_550     |  16|   0|   16|          0|
    |p_ZZN4nnet22compute_pool_buffer_2dINS_5arrayI8ap_fixedILi16ELi6EL9ap_q_mode5EL9ap_551     |  16|   0|   16|          0|
    |p_ZZN4nnet22compute_pool_buffer_2dINS_5arrayI8ap_fixedILi16ELi6EL9ap_q_mode5EL9ap_552     |  16|   0|   16|          0|
    |p_ZZN4nnet22compute_pool_buffer_2dINS_5arrayI8ap_fixedILi16ELi6EL9ap_q_mode5EL9ap_553     |  16|   0|   16|          0|
    |p_ZZN4nnet22compute_pool_buffer_2dINS_5arrayI8ap_fixedILi16ELi6EL9ap_q_mode5EL9ap_554     |  16|   0|   16|          0|
    |p_ZZN4nnet22compute_pool_buffer_2dINS_5arrayI8ap_fixedILi16ELi6EL9ap_q_mode5EL9ap_555     |  16|   0|   16|          0|
    |p_ZZN4nnet22compute_pool_buffer_2dINS_5arrayI8ap_fixedILi16ELi6EL9ap_q_mode5EL9ap_556     |  16|   0|   16|          0|
    |p_ZZN4nnet22compute_pool_buffer_2dINS_5arrayI8ap_fixedILi16ELi6EL9ap_q_mode5EL9ap_557     |  16|   0|   16|          0|
    |p_ZZN4nnet22compute_pool_buffer_2dINS_5arrayI8ap_fixedILi16ELi6EL9ap_q_mode5EL9ap_558     |  16|   0|   16|          0|
    |p_ZZN4nnet22compute_pool_buffer_2dINS_5arrayI8ap_fixedILi16ELi6EL9ap_q_mode5EL9ap_559     |  16|   0|   16|          0|
    |p_ZZN4nnet22compute_pool_buffer_2dINS_5arrayI8ap_fixedILi16ELi6EL9ap_q_mode5EL9ap_56      |  16|   0|   16|          0|
    |p_ZZN4nnet22compute_pool_buffer_2dINS_5arrayI8ap_fixedILi16ELi6EL9ap_q_mode5EL9ap_560     |  16|   0|   16|          0|
    |p_ZZN4nnet22compute_pool_buffer_2dINS_5arrayI8ap_fixedILi16ELi6EL9ap_q_mode5EL9ap_561     |  16|   0|   16|          0|
    |p_ZZN4nnet22compute_pool_buffer_2dINS_5arrayI8ap_fixedILi16ELi6EL9ap_q_mode5EL9ap_562     |  16|   0|   16|          0|
    |p_ZZN4nnet22compute_pool_buffer_2dINS_5arrayI8ap_fixedILi16ELi6EL9ap_q_mode5EL9ap_563     |  16|   0|   16|          0|
    |p_ZZN4nnet22compute_pool_buffer_2dINS_5arrayI8ap_fixedILi16ELi6EL9ap_q_mode5EL9ap_564     |  16|   0|   16|          0|
    |p_ZZN4nnet22compute_pool_buffer_2dINS_5arrayI8ap_fixedILi16ELi6EL9ap_q_mode5EL9ap_565     |  16|   0|   16|          0|
    |p_ZZN4nnet22compute_pool_buffer_2dINS_5arrayI8ap_fixedILi16ELi6EL9ap_q_mode5EL9ap_566     |  16|   0|   16|          0|
    |p_ZZN4nnet22compute_pool_buffer_2dINS_5arrayI8ap_fixedILi16ELi6EL9ap_q_mode5EL9ap_567     |  16|   0|   16|          0|
    |p_ZZN4nnet22compute_pool_buffer_2dINS_5arrayI8ap_fixedILi16ELi6EL9ap_q_mode5EL9ap_568     |  16|   0|   16|          0|
    |p_ZZN4nnet22compute_pool_buffer_2dINS_5arrayI8ap_fixedILi16ELi6EL9ap_q_mode5EL9ap_569     |  16|   0|   16|          0|
    |p_ZZN4nnet22compute_pool_buffer_2dINS_5arrayI8ap_fixedILi16ELi6EL9ap_q_mode5EL9ap_57      |  16|   0|   16|          0|
    |p_ZZN4nnet22compute_pool_buffer_2dINS_5arrayI8ap_fixedILi16ELi6EL9ap_q_mode5EL9ap_570     |  16|   0|   16|          0|
    |p_ZZN4nnet22compute_pool_buffer_2dINS_5arrayI8ap_fixedILi16ELi6EL9ap_q_mode5EL9ap_571     |  16|   0|   16|          0|
    |p_ZZN4nnet22compute_pool_buffer_2dINS_5arrayI8ap_fixedILi16ELi6EL9ap_q_mode5EL9ap_572     |  16|   0|   16|          0|
    |p_ZZN4nnet22compute_pool_buffer_2dINS_5arrayI8ap_fixedILi16ELi6EL9ap_q_mode5EL9ap_573     |  16|   0|   16|          0|
    |p_ZZN4nnet22compute_pool_buffer_2dINS_5arrayI8ap_fixedILi16ELi6EL9ap_q_mode5EL9ap_574     |  16|   0|   16|          0|
    |p_ZZN4nnet22compute_pool_buffer_2dINS_5arrayI8ap_fixedILi16ELi6EL9ap_q_mode5EL9ap_575     |  16|   0|   16|          0|
    |p_ZZN4nnet22compute_pool_buffer_2dINS_5arrayI8ap_fixedILi16ELi6EL9ap_q_mode5EL9ap_576     |  16|   0|   16|          0|
    |p_ZZN4nnet22compute_pool_buffer_2dINS_5arrayI8ap_fixedILi16ELi6EL9ap_q_mode5EL9ap_577     |  16|   0|   16|          0|
    |p_ZZN4nnet22compute_pool_buffer_2dINS_5arrayI8ap_fixedILi16ELi6EL9ap_q_mode5EL9ap_578     |  16|   0|   16|          0|
    |p_ZZN4nnet22compute_pool_buffer_2dINS_5arrayI8ap_fixedILi16ELi6EL9ap_q_mode5EL9ap_579     |  16|   0|   16|          0|
    |p_ZZN4nnet22compute_pool_buffer_2dINS_5arrayI8ap_fixedILi16ELi6EL9ap_q_mode5EL9ap_58      |  16|   0|   16|          0|
    |p_ZZN4nnet22compute_pool_buffer_2dINS_5arrayI8ap_fixedILi16ELi6EL9ap_q_mode5EL9ap_580     |  16|   0|   16|          0|
    |p_ZZN4nnet22compute_pool_buffer_2dINS_5arrayI8ap_fixedILi16ELi6EL9ap_q_mode5EL9ap_581     |  16|   0|   16|          0|
    |p_ZZN4nnet22compute_pool_buffer_2dINS_5arrayI8ap_fixedILi16ELi6EL9ap_q_mode5EL9ap_582     |  16|   0|   16|          0|
    |p_ZZN4nnet22compute_pool_buffer_2dINS_5arrayI8ap_fixedILi16ELi6EL9ap_q_mode5EL9ap_583     |  16|   0|   16|          0|
    |p_ZZN4nnet22compute_pool_buffer_2dINS_5arrayI8ap_fixedILi16ELi6EL9ap_q_mode5EL9ap_584     |  16|   0|   16|          0|
    |p_ZZN4nnet22compute_pool_buffer_2dINS_5arrayI8ap_fixedILi16ELi6EL9ap_q_mode5EL9ap_585     |  16|   0|   16|          0|
    |p_ZZN4nnet22compute_pool_buffer_2dINS_5arrayI8ap_fixedILi16ELi6EL9ap_q_mode5EL9ap_586     |  16|   0|   16|          0|
    |p_ZZN4nnet22compute_pool_buffer_2dINS_5arrayI8ap_fixedILi16ELi6EL9ap_q_mode5EL9ap_587     |  16|   0|   16|          0|
    |p_ZZN4nnet22compute_pool_buffer_2dINS_5arrayI8ap_fixedILi16ELi6EL9ap_q_mode5EL9ap_588     |  16|   0|   16|          0|
    |p_ZZN4nnet22compute_pool_buffer_2dINS_5arrayI8ap_fixedILi16ELi6EL9ap_q_mode5EL9ap_589     |  16|   0|   16|          0|
    |p_ZZN4nnet22compute_pool_buffer_2dINS_5arrayI8ap_fixedILi16ELi6EL9ap_q_mode5EL9ap_59      |  16|   0|   16|          0|
    |p_ZZN4nnet22compute_pool_buffer_2dINS_5arrayI8ap_fixedILi16ELi6EL9ap_q_mode5EL9ap_590     |  16|   0|   16|          0|
    |p_ZZN4nnet22compute_pool_buffer_2dINS_5arrayI8ap_fixedILi16ELi6EL9ap_q_mode5EL9ap_591     |  16|   0|   16|          0|
    |p_ZZN4nnet22compute_pool_buffer_2dINS_5arrayI8ap_fixedILi16ELi6EL9ap_q_mode5EL9ap_592     |  16|   0|   16|          0|
    |p_ZZN4nnet22compute_pool_buffer_2dINS_5arrayI8ap_fixedILi16ELi6EL9ap_q_mode5EL9ap_593     |  16|   0|   16|          0|
    |p_ZZN4nnet22compute_pool_buffer_2dINS_5arrayI8ap_fixedILi16ELi6EL9ap_q_mode5EL9ap_594     |  16|   0|   16|          0|
    |p_ZZN4nnet22compute_pool_buffer_2dINS_5arrayI8ap_fixedILi16ELi6EL9ap_q_mode5EL9ap_595     |  16|   0|   16|          0|
    |p_ZZN4nnet22compute_pool_buffer_2dINS_5arrayI8ap_fixedILi16ELi6EL9ap_q_mode5EL9ap_596     |  16|   0|   16|          0|
    |p_ZZN4nnet22compute_pool_buffer_2dINS_5arrayI8ap_fixedILi16ELi6EL9ap_q_mode5EL9ap_597     |  16|   0|   16|          0|
    |p_ZZN4nnet22compute_pool_buffer_2dINS_5arrayI8ap_fixedILi16ELi6EL9ap_q_mode5EL9ap_598     |  16|   0|   16|          0|
    |p_ZZN4nnet22compute_pool_buffer_2dINS_5arrayI8ap_fixedILi16ELi6EL9ap_q_mode5EL9ap_599     |  16|   0|   16|          0|
    |p_ZZN4nnet22compute_pool_buffer_2dINS_5arrayI8ap_fixedILi16ELi6EL9ap_q_mode5EL9ap_60      |  16|   0|   16|          0|
    |p_ZZN4nnet22compute_pool_buffer_2dINS_5arrayI8ap_fixedILi16ELi6EL9ap_q_mode5EL9ap_600     |  16|   0|   16|          0|
    |p_ZZN4nnet22compute_pool_buffer_2dINS_5arrayI8ap_fixedILi16ELi6EL9ap_q_mode5EL9ap_601     |  16|   0|   16|          0|
    |p_ZZN4nnet22compute_pool_buffer_2dINS_5arrayI8ap_fixedILi16ELi6EL9ap_q_mode5EL9ap_602     |  16|   0|   16|          0|
    |p_ZZN4nnet22compute_pool_buffer_2dINS_5arrayI8ap_fixedILi16ELi6EL9ap_q_mode5EL9ap_603     |  16|   0|   16|          0|
    |p_ZZN4nnet22compute_pool_buffer_2dINS_5arrayI8ap_fixedILi16ELi6EL9ap_q_mode5EL9ap_604     |  16|   0|   16|          0|
    |p_ZZN4nnet22compute_pool_buffer_2dINS_5arrayI8ap_fixedILi16ELi6EL9ap_q_mode5EL9ap_605     |  16|   0|   16|          0|
    |p_ZZN4nnet22compute_pool_buffer_2dINS_5arrayI8ap_fixedILi16ELi6EL9ap_q_mode5EL9ap_606     |  16|   0|   16|          0|
    |p_ZZN4nnet22compute_pool_buffer_2dINS_5arrayI8ap_fixedILi16ELi6EL9ap_q_mode5EL9ap_61      |  16|   0|   16|          0|
    |p_ZZN4nnet22compute_pool_buffer_2dINS_5arrayI8ap_fixedILi16ELi6EL9ap_q_mode5EL9ap_62      |  16|   0|   16|          0|
    |p_ZZN4nnet22compute_pool_buffer_2dINS_5arrayI8ap_fixedILi16ELi6EL9ap_q_mode5EL9ap_63      |  16|   0|   16|          0|
    |p_ZZN4nnet22compute_pool_buffer_2dINS_5arrayI8ap_fixedILi16ELi6EL9ap_q_mode5EL9ap_64      |  16|   0|   16|          0|
    |p_ZZN4nnet22compute_pool_buffer_2dINS_5arrayI8ap_fixedILi16ELi6EL9ap_q_mode5EL9ap_65      |  16|   0|   16|          0|
    |p_ZZN4nnet22compute_pool_buffer_2dINS_5arrayI8ap_fixedILi16ELi6EL9ap_q_mode5EL9ap_66      |  16|   0|   16|          0|
    |p_ZZN4nnet22compute_pool_buffer_2dINS_5arrayI8ap_fixedILi16ELi6EL9ap_q_mode5EL9ap_67      |  16|   0|   16|          0|
    |p_ZZN4nnet22compute_pool_buffer_2dINS_5arrayI8ap_fixedILi16ELi6EL9ap_q_mode5EL9ap_68      |  16|   0|   16|          0|
    |p_ZZN4nnet22compute_pool_buffer_2dINS_5arrayI8ap_fixedILi16ELi6EL9ap_q_mode5EL9ap_69      |  16|   0|   16|          0|
    |p_ZZN4nnet22compute_pool_buffer_2dINS_5arrayI8ap_fixedILi16ELi6EL9ap_q_mode5EL9ap_70      |  16|   0|   16|          0|
    |p_ZZN4nnet22compute_pool_buffer_2dINS_5arrayI8ap_fixedILi16ELi6EL9ap_q_mode5EL9ap_71      |  16|   0|   16|          0|
    |p_ZZN4nnet22compute_pool_buffer_2dINS_5arrayI8ap_fixedILi16ELi6EL9ap_q_mode5EL9ap_72      |  16|   0|   16|          0|
    |p_ZZN4nnet22compute_pool_buffer_2dINS_5arrayI8ap_fixedILi16ELi6EL9ap_q_mode5EL9ap_73      |  16|   0|   16|          0|
    |p_ZZN4nnet22compute_pool_buffer_2dINS_5arrayI8ap_fixedILi16ELi6EL9ap_q_mode5EL9ap_74      |  16|   0|   16|          0|
    |p_ZZN4nnet22compute_pool_buffer_2dINS_5arrayI8ap_fixedILi16ELi6EL9ap_q_mode5EL9ap_75      |  16|   0|   16|          0|
    |p_ZZN4nnet22compute_pool_buffer_2dINS_5arrayI8ap_fixedILi16ELi6EL9ap_q_mode5EL9ap_76      |  16|   0|   16|          0|
    |p_ZZN4nnet22compute_pool_buffer_2dINS_5arrayI8ap_fixedILi16ELi6EL9ap_q_mode5EL9ap_77      |  16|   0|   16|          0|
    |p_ZZN4nnet22compute_pool_buffer_2dINS_5arrayI8ap_fixedILi16ELi6EL9ap_q_mode5EL9ap_78      |  16|   0|   16|          0|
    |p_ZZN4nnet22compute_pool_buffer_2dINS_5arrayI8ap_fixedILi16ELi6EL9ap_q_mode5EL9ap_79      |  16|   0|   16|          0|
    |p_ZZN4nnet22compute_pool_buffer_2dINS_5arrayI8ap_fixedILi16ELi6EL9ap_q_mode5EL9ap_80      |  16|   0|   16|          0|
    |p_ZZN4nnet22compute_pool_buffer_2dINS_5arrayI8ap_fixedILi16ELi6EL9ap_q_mode5EL9ap_81      |  16|   0|   16|          0|
    |p_ZZN4nnet22compute_pool_buffer_2dINS_5arrayI8ap_fixedILi16ELi6EL9ap_q_mode5EL9ap_82      |  16|   0|   16|          0|
    |p_ZZN4nnet22compute_pool_buffer_2dINS_5arrayI8ap_fixedILi16ELi6EL9ap_q_mode5EL9ap_83      |  16|   0|   16|          0|
    |p_ZZN4nnet22compute_pool_buffer_2dINS_5arrayI8ap_fixedILi16ELi6EL9ap_q_mode5EL9ap_84      |  16|   0|   16|          0|
    |p_ZZN4nnet22compute_pool_buffer_2dINS_5arrayI8ap_fixedILi16ELi6EL9ap_q_mode5EL9ap_85      |  16|   0|   16|          0|
    |p_ZZN4nnet22compute_pool_buffer_2dINS_5arrayI8ap_fixedILi16ELi6EL9ap_q_mode5EL9ap_86      |  16|   0|   16|          0|
    |p_ZZN4nnet22compute_pool_buffer_2dINS_5arrayI8ap_fixedILi16ELi6EL9ap_q_mode5EL9ap_87      |  16|   0|   16|          0|
    |p_ZZN4nnet22compute_pool_buffer_2dINS_5arrayI8ap_fixedILi16ELi6EL9ap_q_mode5EL9ap_88      |  16|   0|   16|          0|
    |p_ZZN4nnet22compute_pool_buffer_2dINS_5arrayI8ap_fixedILi16ELi6EL9ap_q_mode5EL9ap_89      |  16|   0|   16|          0|
    |p_ZZN4nnet22compute_pool_buffer_2dINS_5arrayI8ap_fixedILi16ELi6EL9ap_q_mode5EL9ap_90      |  16|   0|   16|          0|
    |p_ZZN4nnet22compute_pool_buffer_2dINS_5arrayI8ap_fixedILi16ELi6EL9ap_q_mode5EL9ap_91      |  16|   0|   16|          0|
    |p_ZZN4nnet22compute_pool_buffer_2dINS_5arrayI8ap_fixedILi16ELi6EL9ap_q_mode5EL9ap_92      |  16|   0|   16|          0|
    |p_ZZN4nnet22compute_pool_buffer_2dINS_5arrayI8ap_fixedILi16ELi6EL9ap_q_mode5EL9ap_93      |  16|   0|   16|          0|
    |p_ZZN4nnet22compute_pool_buffer_2dINS_5arrayI8ap_fixedILi16ELi6EL9ap_q_mode5EL9ap_94      |  16|   0|   16|          0|
    |p_ZZN4nnet22compute_pool_buffer_2dINS_5arrayI8ap_fixedILi16ELi6EL9ap_q_mode5EL9ap_95      |  16|   0|   16|          0|
    |p_ZZN4nnet22compute_pool_buffer_2dINS_5arrayI8ap_fixedILi16ELi6EL9ap_q_mode5EL9ap_96      |  16|   0|   16|          0|
    |p_ZZN4nnet22compute_pool_buffer_2dINS_5arrayI8ap_fixedILi16ELi6EL9ap_q_mode5EL9ap_97      |  16|   0|   16|          0|
    |p_ZZN4nnet22compute_pool_buffer_2dINS_5arrayI8ap_fixedILi16ELi6EL9ap_q_mode5EL9ap_98      |  16|   0|   16|          0|
    |p_ZZN4nnet22compute_pool_buffer_2dINS_5arrayI8ap_fixedILi16ELi6EL9ap_q_mode5EL9ap_99      |  16|   0|   16|          0|
    |sX_1                                                                                      |  32|   0|   32|          0|
    |sY_1                                                                                      |  32|   0|   32|          0|
    |select_ln0_101_reg_5096                                                                   |  16|   0|   16|          0|
    |select_ln0_102_reg_5102                                                                   |  16|   0|   16|          0|
    |select_ln0_109_reg_5108                                                                   |  16|   0|   16|          0|
    |select_ln0_110_reg_5114                                                                   |  16|   0|   16|          0|
    |select_ln0_117_reg_5120                                                                   |  16|   0|   16|          0|
    |select_ln0_118_reg_5126                                                                   |  16|   0|   16|          0|
    |select_ln0_125_reg_5132                                                                   |  16|   0|   16|          0|
    |select_ln0_126_reg_5138                                                                   |  16|   0|   16|          0|
    |select_ln0_133_reg_5144                                                                   |  16|   0|   16|          0|
    |select_ln0_134_reg_5150                                                                   |  16|   0|   16|          0|
    |select_ln0_141_reg_5156                                                                   |  16|   0|   16|          0|
    |select_ln0_142_reg_5162                                                                   |  16|   0|   16|          0|
    |select_ln0_149_reg_5168                                                                   |  16|   0|   16|          0|
    |select_ln0_150_reg_5174                                                                   |  16|   0|   16|          0|
    |select_ln0_157_reg_5180                                                                   |  16|   0|   16|          0|
    |select_ln0_158_reg_5186                                                                   |  16|   0|   16|          0|
    |select_ln0_165_reg_5192                                                                   |  16|   0|   16|          0|
    |select_ln0_166_reg_5198                                                                   |  16|   0|   16|          0|
    |select_ln0_173_reg_5204                                                                   |  16|   0|   16|          0|
    |select_ln0_174_reg_5210                                                                   |  16|   0|   16|          0|
    |select_ln0_53_reg_5024                                                                    |  16|   0|   16|          0|
    |select_ln0_54_reg_5030                                                                    |  16|   0|   16|          0|
    |select_ln0_61_reg_5036                                                                    |  16|   0|   16|          0|
    |select_ln0_62_reg_5042                                                                    |  16|   0|   16|          0|
    |select_ln0_69_reg_5048                                                                    |  16|   0|   16|          0|
    |select_ln0_70_reg_5054                                                                    |  16|   0|   16|          0|
    |select_ln0_77_reg_5060                                                                    |  16|   0|   16|          0|
    |select_ln0_78_reg_5066                                                                    |  16|   0|   16|          0|
    |select_ln0_85_reg_5072                                                                    |  16|   0|   16|          0|
    |select_ln0_86_reg_5078                                                                    |  16|   0|   16|          0|
    |select_ln0_93_reg_5084                                                                    |  16|   0|   16|          0|
    |select_ln0_94_reg_5090                                                                    |  16|   0|   16|          0|
    |start_once_reg                                                                            |   1|   0|    1|          0|
    |trunc_ln115_10_reg_4999                                                                   |  16|   0|   16|          0|
    |trunc_ln115_11_reg_5004                                                                   |  16|   0|   16|          0|
    |trunc_ln115_12_reg_5009                                                                   |  16|   0|   16|          0|
    |trunc_ln115_13_reg_5014                                                                   |  16|   0|   16|          0|
    |trunc_ln115_14_reg_5019                                                                   |  16|   0|   16|          0|
    |trunc_ln115_1_reg_4964                                                                    |  16|   0|   16|          0|
    |trunc_ln115_2_reg_4969                                                                    |  16|   0|   16|          0|
    |trunc_ln115_3_reg_4974                                                                    |  16|   0|   16|          0|
    |trunc_ln115_4_reg_4979                                                                    |  16|   0|   16|          0|
    |trunc_ln115_5_reg_4984                                                                    |  16|   0|   16|          0|
    |trunc_ln115_6_reg_4989                                                                    |  16|   0|   16|          0|
    |trunc_ln115_7_reg_4994                                                                    |  16|   0|   16|          0|
    |trunc_ln115_8_reg_4949                                                                    |  16|   0|   16|          0|
    |trunc_ln115_9_reg_4954                                                                    |  16|   0|   16|          0|
    |trunc_ln115_reg_4944                                                                      |  16|   0|   16|          0|
    |trunc_ln115_s_reg_4959                                                                    |  16|   0|   16|          0|
    |void_compute_pool_buffer_2d_array_const_ap_shift_reg_n_filt_stream_kernel_10              |  16|   0|   16|          0|
    |void_compute_pool_buffer_2d_array_const_ap_shift_reg_n_filt_stream_kernel_11              |  16|   0|   16|          0|
    |void_compute_pool_buffer_2d_array_const_ap_shift_reg_n_filt_stream_kernel_12              |  16|   0|   16|          0|
    |void_compute_pool_buffer_2d_array_const_ap_shift_reg_n_filt_stream_kernel_13              |  16|   0|   16|          0|
    |void_compute_pool_buffer_2d_array_const_ap_shift_reg_n_filt_stream_kernel_14              |  16|   0|   16|          0|
    |void_compute_pool_buffer_2d_array_const_ap_shift_reg_n_filt_stream_kernel_15              |  16|   0|   16|          0|
    |void_compute_pool_buffer_2d_array_const_ap_shift_reg_n_filt_stream_kernel_16              |  16|   0|   16|          0|
    |void_compute_pool_buffer_2d_array_const_ap_shift_reg_n_filt_stream_kernel_17              |  16|   0|   16|          0|
    |void_compute_pool_buffer_2d_array_const_ap_shift_reg_n_filt_stream_kernel_18              |  16|   0|   16|          0|
    |void_compute_pool_buffer_2d_array_const_ap_shift_reg_n_filt_stream_kernel_19              |  16|   0|   16|          0|
    +------------------------------------------------------------------------------------------+----+----+-----+-----------+
    |Total                                                                                     |3510|   0| 3510|          0|
    +------------------------------------------------------------------------------------------+----+----+-----+-----------+



================================================================
== Interface
================================================================
* Summary: 
+----------------------------+-----+-----+------------+--------------------------------------------------------------+--------------+
|          RTL Ports         | Dir | Bits|  Protocol  |                         Source Object                        |    C Type    |
+----------------------------+-----+-----+------------+--------------------------------------------------------------+--------------+
|ap_clk                      |   in|    1|  ap_ctrl_hs|  pooling2d_cl<array,array<ap_fixed<16,6,5,3,0>,16u>,config16>|  return value|
|ap_rst                      |   in|    1|  ap_ctrl_hs|  pooling2d_cl<array,array<ap_fixed<16,6,5,3,0>,16u>,config16>|  return value|
|ap_start                    |   in|    1|  ap_ctrl_hs|  pooling2d_cl<array,array<ap_fixed<16,6,5,3,0>,16u>,config16>|  return value|
|start_full_n                |   in|    1|  ap_ctrl_hs|  pooling2d_cl<array,array<ap_fixed<16,6,5,3,0>,16u>,config16>|  return value|
|ap_done                     |  out|    1|  ap_ctrl_hs|  pooling2d_cl<array,array<ap_fixed<16,6,5,3,0>,16u>,config16>|  return value|
|ap_continue                 |   in|    1|  ap_ctrl_hs|  pooling2d_cl<array,array<ap_fixed<16,6,5,3,0>,16u>,config16>|  return value|
|ap_idle                     |  out|    1|  ap_ctrl_hs|  pooling2d_cl<array,array<ap_fixed<16,6,5,3,0>,16u>,config16>|  return value|
|ap_ready                    |  out|    1|  ap_ctrl_hs|  pooling2d_cl<array,array<ap_fixed<16,6,5,3,0>,16u>,config16>|  return value|
|start_out                   |  out|    1|  ap_ctrl_hs|  pooling2d_cl<array,array<ap_fixed<16,6,5,3,0>,16u>,config16>|  return value|
|start_write                 |  out|    1|  ap_ctrl_hs|  pooling2d_cl<array,array<ap_fixed<16,6,5,3,0>,16u>,config16>|  return value|
|layer15_out_dout            |   in|  256|     ap_fifo|                                                   layer15_out|       pointer|
|layer15_out_num_data_valid  |   in|    8|     ap_fifo|                                                   layer15_out|       pointer|
|layer15_out_fifo_cap        |   in|    8|     ap_fifo|                                                   layer15_out|       pointer|
|layer15_out_empty_n         |   in|    1|     ap_fifo|                                                   layer15_out|       pointer|
|layer15_out_read            |  out|    1|     ap_fifo|                                                   layer15_out|       pointer|
|layer16_out_din             |  out|  256|     ap_fifo|                                                   layer16_out|       pointer|
|layer16_out_num_data_valid  |   in|    4|     ap_fifo|                                                   layer16_out|       pointer|
|layer16_out_fifo_cap        |   in|    4|     ap_fifo|                                                   layer16_out|       pointer|
|layer16_out_full_n          |   in|    1|     ap_fifo|                                                   layer16_out|       pointer|
|layer16_out_write           |  out|    1|     ap_fifo|                                                   layer16_out|       pointer|
+----------------------------+-----+-----+------------+--------------------------------------------------------------+--------------+

