

================================================================
== Vitis HLS Report for 'relu_array_ap_fixed_8u_array_ap_fixed_16_6_5_3_0_8u_relu_config15_s'
================================================================
* Date:           Sun Mar 22 09:45:46 2026

* Version:        2023.2 (Build 4023990 on Oct 11 2023)
* Project:        myproject_prj
* Solution:       solution1 (Vivado IP Flow Target)
* Product family: zynquplus
* Target device:  xck26-sfvc784-2LV-c


================================================================
== Performance Estimates
================================================================
+ Timing: 
    * Summary: 
    +--------+---------+----------+------------+
    |  Clock |  Target | Estimated| Uncertainty|
    +--------+---------+----------+------------+
    |ap_clk  |  5.00 ns|  3.204 ns|     1.35 ns|
    +--------+---------+----------+------------+

+ Latency: 
    * Summary: 
    +---------+---------+----------+----------+-----+-----+---------+
    |  Latency (cycles) |  Latency (absolute) |  Interval | Pipeline|
    |   min   |   max   |    min   |    max   | min | max |   Type  |
    +---------+---------+----------+----------+-----+-----+---------+
    |       43|       43|  0.215 us|  0.215 us|   43|   43|       no|
    +---------+---------+----------+----------+-----+-----+---------+

    + Detail: 
        * Instance: 
        N/A

        * Loop: 
        +---------------+---------+---------+----------+-----------+-----------+------+----------+
        |               |  Latency (cycles) | Iteration|  Initiation Interval  | Trip |          |
        |   Loop Name   |   min   |   max   |  Latency |  achieved |   target  | Count| Pipelined|
        +---------------+---------+---------+----------+-----------+-----------+------+----------+
        |- ReLUActLoop  |       41|       41|         3|          1|          1|    40|       yes|
        +---------------+---------+---------+----------+-----------+-----------+------+----------+



================================================================
== Utilization Estimates
================================================================
* Summary: 
+-----------------+---------+------+--------+--------+-----+
|       Name      | BRAM_18K|  DSP |   FF   |   LUT  | URAM|
+-----------------+---------+------+--------+--------+-----+
|DSP              |        -|     -|       -|       -|    -|
|Expression       |        -|     -|       0|     536|    -|
|FIFO             |        -|     -|       -|       -|    -|
|Instance         |        -|     -|       -|       -|    -|
|Memory           |        -|     -|       -|       -|    -|
|Multiplexer      |        -|     -|       -|      63|    -|
|Register         |        -|     -|     140|       -|    -|
+-----------------+---------+------+--------+--------+-----+
|Total            |        0|     0|     140|     599|    0|
+-----------------+---------+------+--------+--------+-----+
|Available        |      288|  1248|  234240|  117120|   64|
+-----------------+---------+------+--------+--------+-----+
|Utilization (%)  |        0|     0|      ~0|      ~0|    0|
+-----------------+---------+------+--------+--------+-----+

+ Detail: 
    * Instance: 
    N/A

    * DSP: 
    N/A

    * Memory: 
    N/A

    * FIFO: 
    N/A

    * Expression: 
    +---------------------------+----------+----+---+----+------------+------------+
    |       Variable Name       | Operation| DSP| FF| LUT| Bitwidth P0| Bitwidth P1|
    +---------------------------+----------+----+---+----+------------+------------+
    |i_10_fu_137_p2             |         +|   0|  0|  13|           6|           1|
    |ap_condition_129           |       and|   0|  0|   2|           1|           1|
    |icmp_ln41_fu_131_p2        |      icmp|   0|  0|  13|           6|           6|
    |icmp_ln51_1_fu_246_p2      |      icmp|   0|  0|  47|          40|           1|
    |icmp_ln51_2_fu_270_p2      |      icmp|   0|  0|  47|          40|           1|
    |icmp_ln51_3_fu_294_p2      |      icmp|   0|  0|  47|          40|           1|
    |icmp_ln51_4_fu_318_p2      |      icmp|   0|  0|  47|          40|           1|
    |icmp_ln51_5_fu_342_p2      |      icmp|   0|  0|  47|          40|           1|
    |icmp_ln51_6_fu_366_p2      |      icmp|   0|  0|  47|          40|           1|
    |icmp_ln51_7_fu_390_p2      |      icmp|   0|  0|  47|          40|           1|
    |icmp_ln51_fu_222_p2        |      icmp|   0|  0|  47|          40|           1|
    |ap_block_pp0_stage0_01001  |        or|   0|  0|   2|           1|           1|
    |out_data_10_fu_286_p3      |    select|   0|  0|  16|           1|          16|
    |out_data_11_fu_310_p3      |    select|   0|  0|  16|           1|          16|
    |out_data_8_fu_238_p3       |    select|   0|  0|  16|           1|          16|
    |out_data_9_fu_262_p3       |    select|   0|  0|  16|           1|          16|
    |select_ln51_1_fu_358_p3    |    select|   0|  0|  16|           1|          16|
    |select_ln51_2_fu_382_p3    |    select|   0|  0|  16|           1|          16|
    |select_ln51_3_fu_406_p3    |    select|   0|  0|  16|           1|          16|
    |select_ln51_fu_334_p3      |    select|   0|  0|  16|           1|          16|
    |ap_enable_pp0              |       xor|   0|  0|   2|           1|           2|
    +---------------------------+----------+----+---+----+------------+------------+
    |Total                      |          |   0|  0| 536|         343|         147|
    +---------------------------+----------+----+---+----+------------+------------+

    * Multiplexer: 
    +-------------------------+----+-----------+-----+-----------+
    |           Name          | LUT| Input Size| Bits| Total Bits|
    +-------------------------+----+-----------+-----+-----------+
    |ap_done_int              |   9|          2|    1|          2|
    |ap_enable_reg_pp0_iter1  |   9|          2|    1|          2|
    |ap_sig_allocacmp_i_9     |   9|          2|    6|         12|
    |i_fu_106                 |   9|          2|    6|         12|
    |layer12_out_blk_n        |   9|          2|    1|          2|
    |layer15_out_blk_n        |   9|          2|    1|          2|
    |real_start               |   9|          2|    1|          2|
    +-------------------------+----+-----------+-----+-----------+
    |Total                    |  63|         14|   17|         34|
    +-------------------------+----+-----------+-----+-----------+

    * Register: 
    +----------------------------------+----+----+-----+-----------+
    |               Name               | FF | LUT| Bits| Const Bits|
    +----------------------------------+----+----+-----+-----------+
    |ap_CS_fsm                         |   1|   0|    1|          0|
    |ap_done_reg                       |   1|   0|    1|          0|
    |ap_enable_reg_pp0_iter1           |   1|   0|    1|          0|
    |ap_enable_reg_pp0_iter2           |   1|   0|    1|          0|
    |ap_loop_exit_ready_pp0_iter1_reg  |   1|   0|    1|          0|
    |i_fu_106                          |   6|   0|    6|          0|
    |out_data_10_reg_448               |  16|   0|   16|          0|
    |out_data_11_reg_453               |  16|   0|   16|          0|
    |out_data_8_reg_438                |  16|   0|   16|          0|
    |out_data_9_reg_443                |  16|   0|   16|          0|
    |select_ln51_1_reg_463             |  16|   0|   16|          0|
    |select_ln51_2_reg_468             |  16|   0|   16|          0|
    |select_ln51_3_reg_473             |  16|   0|   16|          0|
    |select_ln51_reg_458               |  16|   0|   16|          0|
    |start_once_reg                    |   1|   0|    1|          0|
    +----------------------------------+----+----+-----+-----------+
    |Total                             | 140|   0|  140|          0|
    +----------------------------------+----+----+-----+-----------+



================================================================
== Interface
================================================================
* Summary: 
+----------------------------+-----+-----+------------+-----------------------------------------------------------------------+--------------+
|          RTL Ports         | Dir | Bits|  Protocol  |                             Source Object                             |    C Type    |
+----------------------------+-----+-----+------------+-----------------------------------------------------------------------+--------------+
|ap_clk                      |   in|    1|  ap_ctrl_hs|  relu<array<ap_fixed,8u>,array<ap_fixed<16,6,5,3,0>,8u>,relu_config15>|  return value|
|ap_rst                      |   in|    1|  ap_ctrl_hs|  relu<array<ap_fixed,8u>,array<ap_fixed<16,6,5,3,0>,8u>,relu_config15>|  return value|
|ap_start                    |   in|    1|  ap_ctrl_hs|  relu<array<ap_fixed,8u>,array<ap_fixed<16,6,5,3,0>,8u>,relu_config15>|  return value|
|start_full_n                |   in|    1|  ap_ctrl_hs|  relu<array<ap_fixed,8u>,array<ap_fixed<16,6,5,3,0>,8u>,relu_config15>|  return value|
|ap_done                     |  out|    1|  ap_ctrl_hs|  relu<array<ap_fixed,8u>,array<ap_fixed<16,6,5,3,0>,8u>,relu_config15>|  return value|
|ap_continue                 |   in|    1|  ap_ctrl_hs|  relu<array<ap_fixed,8u>,array<ap_fixed<16,6,5,3,0>,8u>,relu_config15>|  return value|
|ap_idle                     |  out|    1|  ap_ctrl_hs|  relu<array<ap_fixed,8u>,array<ap_fixed<16,6,5,3,0>,8u>,relu_config15>|  return value|
|ap_ready                    |  out|    1|  ap_ctrl_hs|  relu<array<ap_fixed,8u>,array<ap_fixed<16,6,5,3,0>,8u>,relu_config15>|  return value|
|start_out                   |  out|    1|  ap_ctrl_hs|  relu<array<ap_fixed,8u>,array<ap_fixed<16,6,5,3,0>,8u>,relu_config15>|  return value|
|start_write                 |  out|    1|  ap_ctrl_hs|  relu<array<ap_fixed,8u>,array<ap_fixed<16,6,5,3,0>,8u>,relu_config15>|  return value|
|layer12_out_dout            |   in|  320|     ap_fifo|                                                            layer12_out|       pointer|
|layer12_out_num_data_valid  |   in|    7|     ap_fifo|                                                            layer12_out|       pointer|
|layer12_out_fifo_cap        |   in|    7|     ap_fifo|                                                            layer12_out|       pointer|
|layer12_out_empty_n         |   in|    1|     ap_fifo|                                                            layer12_out|       pointer|
|layer12_out_read            |  out|    1|     ap_fifo|                                                            layer12_out|       pointer|
|layer15_out_din             |  out|  128|     ap_fifo|                                                            layer15_out|       pointer|
|layer15_out_num_data_valid  |   in|    7|     ap_fifo|                                                            layer15_out|       pointer|
|layer15_out_fifo_cap        |   in|    7|     ap_fifo|                                                            layer15_out|       pointer|
|layer15_out_full_n          |   in|    1|     ap_fifo|                                                            layer15_out|       pointer|
|layer15_out_write           |  out|    1|     ap_fifo|                                                            layer15_out|       pointer|
+----------------------------+-----+-----+------------+-----------------------------------------------------------------------+--------------+

