

================================================================
== Vitis HLS Report for 'relu_array_ap_fixed_16u_array_ap_fixed_16_6_5_3_0_16u_relu_config10_s'
================================================================
* Date:           Sat Mar 21 19:15:05 2026

* Version:        2023.2 (Build 4023990 on Oct 11 2023)
* Project:        myproject_prj
* Solution:       solution1 (Vivado IP Flow Target)
* Product family: zynquplus
* Target device:  xck26-sfvc784-2LV-c


================================================================
== Performance Estimates
================================================================
+ Timing: 
    * Summary: 
    +--------+---------+----------+------------+
    |  Clock |  Target | Estimated| Uncertainty|
    +--------+---------+----------+------------+
    |ap_clk  |  5.00 ns|  3.216 ns|     1.35 ns|
    +--------+---------+----------+------------+

+ Latency: 
    * Summary: 
    +---------+---------+----------+----------+-----+-----+---------+
    |  Latency (cycles) |  Latency (absolute) |  Interval | Pipeline|
    |   min   |   max   |    min   |    max   | min | max |   Type  |
    +---------+---------+----------+----------+-----+-----+---------+
    |      703|      703|  3.515 us|  3.515 us|  703|  703|       no|
    +---------+---------+----------+----------+-----+-----+---------+

    + Detail: 
        * Instance: 
        N/A

        * Loop: 
        +---------------+---------+---------+----------+-----------+-----------+------+----------+
        |               |  Latency (cycles) | Iteration|  Initiation Interval  | Trip |          |
        |   Loop Name   |   min   |   max   |  Latency |  achieved |   target  | Count| Pipelined|
        +---------------+---------+---------+----------+-----------+-----------+------+----------+
        |- ReLUActLoop  |      701|      701|         3|          1|          1|   700|       yes|
        +---------------+---------+---------+----------+-----------+-----------+------+----------+



================================================================
== Utilization Estimates
================================================================
* Summary: 
+-----------------+---------+------+--------+--------+-----+
|       Name      | BRAM_18K|  DSP |   FF   |   LUT  | URAM|
+-----------------+---------+------+--------+--------+-----+
|DSP              |        -|     -|       -|       -|    -|
|Expression       |        -|     -|       0|    1048|    -|
|FIFO             |        -|     -|       -|       -|    -|
|Instance         |        -|     -|       -|       -|    -|
|Memory           |        -|     -|       -|       -|    -|
|Multiplexer      |        -|     -|       -|      63|    -|
|Register         |        -|     -|     272|       -|    -|
+-----------------+---------+------+--------+--------+-----+
|Total            |        0|     0|     272|    1111|    0|
+-----------------+---------+------+--------+--------+-----+
|Available        |      288|  1248|  234240|  117120|   64|
+-----------------+---------+------+--------+--------+-----+
|Utilization (%)  |        0|     0|      ~0|      ~0|    0|
+-----------------+---------+------+--------+--------+-----+

+ Detail: 
    * Instance: 
    N/A

    * DSP: 
    N/A

    * Memory: 
    N/A

    * FIFO: 
    N/A

    * Expression: 
    +---------------------------+----------+----+---+----+------------+------------+
    |       Variable Name       | Operation| DSP| FF| LUT| Bitwidth P0| Bitwidth P1|
    +---------------------------+----------+----+---+----+------------+------------+
    |i_8_fu_201_p2              |         +|   0|  0|  17|          10|           1|
    |ap_condition_145           |       and|   0|  0|   2|           1|           1|
    |icmp_ln41_fu_195_p2        |      icmp|   0|  0|  17|          10|          10|
    |icmp_ln51_39_fu_390_p2     |      icmp|   0|  0|  47|          40|           1|
    |icmp_ln51_40_fu_414_p2     |      icmp|   0|  0|  47|          40|           1|
    |icmp_ln51_41_fu_438_p2     |      icmp|   0|  0|  47|          40|           1|
    |icmp_ln51_42_fu_462_p2     |      icmp|   0|  0|  47|          40|           1|
    |icmp_ln51_43_fu_486_p2     |      icmp|   0|  0|  47|          40|           1|
    |icmp_ln51_44_fu_510_p2     |      icmp|   0|  0|  47|          40|           1|
    |icmp_ln51_45_fu_534_p2     |      icmp|   0|  0|  47|          40|           1|
    |icmp_ln51_46_fu_558_p2     |      icmp|   0|  0|  47|          40|           1|
    |icmp_ln51_47_fu_582_p2     |      icmp|   0|  0|  47|          40|           1|
    |icmp_ln51_48_fu_606_p2     |      icmp|   0|  0|  47|          40|           1|
    |icmp_ln51_49_fu_630_p2     |      icmp|   0|  0|  47|          40|           1|
    |icmp_ln51_50_fu_654_p2     |      icmp|   0|  0|  47|          40|           1|
    |icmp_ln51_51_fu_678_p2     |      icmp|   0|  0|  47|          40|           1|
    |icmp_ln51_52_fu_702_p2     |      icmp|   0|  0|  47|          40|           1|
    |icmp_ln51_53_fu_726_p2     |      icmp|   0|  0|  47|          40|           1|
    |icmp_ln51_fu_366_p2        |      icmp|   0|  0|  47|          40|           1|
    |ap_block_pp0_stage0_01001  |        or|   0|  0|   2|           1|           1|
    |out_data_15_fu_382_p3      |    select|   0|  0|  16|           1|          16|
    |out_data_17_fu_406_p3      |    select|   0|  0|  16|           1|          16|
    |out_data_19_fu_430_p3      |    select|   0|  0|  16|           1|          16|
    |out_data_21_fu_454_p3      |    select|   0|  0|  16|           1|          16|
    |select_ln51_43_fu_502_p3   |    select|   0|  0|  16|           1|          16|
    |select_ln51_44_fu_526_p3   |    select|   0|  0|  16|           1|          16|
    |select_ln51_45_fu_550_p3   |    select|   0|  0|  16|           1|          16|
    |select_ln51_46_fu_574_p3   |    select|   0|  0|  16|           1|          16|
    |select_ln51_47_fu_598_p3   |    select|   0|  0|  16|           1|          16|
    |select_ln51_48_fu_622_p3   |    select|   0|  0|  16|           1|          16|
    |select_ln51_49_fu_646_p3   |    select|   0|  0|  16|           1|          16|
    |select_ln51_50_fu_670_p3   |    select|   0|  0|  16|           1|          16|
    |select_ln51_51_fu_694_p3   |    select|   0|  0|  16|           1|          16|
    |select_ln51_52_fu_718_p3   |    select|   0|  0|  16|           1|          16|
    |select_ln51_53_fu_742_p3   |    select|   0|  0|  16|           1|          16|
    |select_ln51_fu_478_p3      |    select|   0|  0|  16|           1|          16|
    |ap_enable_pp0              |       xor|   0|  0|   2|           1|           2|
    +---------------------------+----------+----+---+----+------------+------------+
    |Total                      |          |   0|  0|1048|         679|         287|
    +---------------------------+----------+----+---+----+------------+------------+

    * Multiplexer: 
    +-------------------------+----+-----------+-----+-----------+
    |           Name          | LUT| Input Size| Bits| Total Bits|
    +-------------------------+----+-----------+-----+-----------+
    |ap_done_int              |   9|          2|    1|          2|
    |ap_enable_reg_pp0_iter1  |   9|          2|    1|          2|
    |ap_sig_allocacmp_i_7     |   9|          2|   10|         20|
    |i_fu_170                 |   9|          2|   10|         20|
    |layer10_out_blk_n        |   9|          2|    1|          2|
    |layer7_out_blk_n         |   9|          2|    1|          2|
    |real_start               |   9|          2|    1|          2|
    +-------------------------+----+-----------+-----+-----------+
    |Total                    |  63|         14|   25|         50|
    +-------------------------+----+-----------+-----+-----------+

    * Register: 
    +----------------------------------+----+----+-----+-----------+
    |               Name               | FF | LUT| Bits| Const Bits|
    +----------------------------------+----+----+-----+-----------+
    |ap_CS_fsm                         |   1|   0|    1|          0|
    |ap_done_reg                       |   1|   0|    1|          0|
    |ap_enable_reg_pp0_iter1           |   1|   0|    1|          0|
    |ap_enable_reg_pp0_iter2           |   1|   0|    1|          0|
    |ap_loop_exit_ready_pp0_iter1_reg  |   1|   0|    1|          0|
    |i_fu_170                          |  10|   0|   10|          0|
    |out_data_15_reg_782               |  16|   0|   16|          0|
    |out_data_17_reg_787               |  16|   0|   16|          0|
    |out_data_19_reg_792               |  16|   0|   16|          0|
    |out_data_21_reg_797               |  16|   0|   16|          0|
    |select_ln51_43_reg_807            |  16|   0|   16|          0|
    |select_ln51_44_reg_812            |  16|   0|   16|          0|
    |select_ln51_45_reg_817            |  16|   0|   16|          0|
    |select_ln51_46_reg_822            |  16|   0|   16|          0|
    |select_ln51_47_reg_827            |  16|   0|   16|          0|
    |select_ln51_48_reg_832            |  16|   0|   16|          0|
    |select_ln51_49_reg_837            |  16|   0|   16|          0|
    |select_ln51_50_reg_842            |  16|   0|   16|          0|
    |select_ln51_51_reg_847            |  16|   0|   16|          0|
    |select_ln51_52_reg_852            |  16|   0|   16|          0|
    |select_ln51_53_reg_857            |  16|   0|   16|          0|
    |select_ln51_reg_802               |  16|   0|   16|          0|
    |start_once_reg                    |   1|   0|    1|          0|
    +----------------------------------+----+----+-----+-----------+
    |Total                             | 272|   0|  272|          0|
    +----------------------------------+----+----+-----+-----------+



================================================================
== Interface
================================================================
* Summary: 
+----------------------------+-----+-----+------------+-------------------------------------------------------------------------+--------------+
|          RTL Ports         | Dir | Bits|  Protocol  |                              Source Object                              |    C Type    |
+----------------------------+-----+-----+------------+-------------------------------------------------------------------------+--------------+
|ap_clk                      |   in|    1|  ap_ctrl_hs|  relu<array<ap_fixed,16u>,array<ap_fixed<16,6,5,3,0>,16u>,relu_config10>|  return value|
|ap_rst                      |   in|    1|  ap_ctrl_hs|  relu<array<ap_fixed,16u>,array<ap_fixed<16,6,5,3,0>,16u>,relu_config10>|  return value|
|ap_start                    |   in|    1|  ap_ctrl_hs|  relu<array<ap_fixed,16u>,array<ap_fixed<16,6,5,3,0>,16u>,relu_config10>|  return value|
|start_full_n                |   in|    1|  ap_ctrl_hs|  relu<array<ap_fixed,16u>,array<ap_fixed<16,6,5,3,0>,16u>,relu_config10>|  return value|
|ap_done                     |  out|    1|  ap_ctrl_hs|  relu<array<ap_fixed,16u>,array<ap_fixed<16,6,5,3,0>,16u>,relu_config10>|  return value|
|ap_continue                 |   in|    1|  ap_ctrl_hs|  relu<array<ap_fixed,16u>,array<ap_fixed<16,6,5,3,0>,16u>,relu_config10>|  return value|
|ap_idle                     |  out|    1|  ap_ctrl_hs|  relu<array<ap_fixed,16u>,array<ap_fixed<16,6,5,3,0>,16u>,relu_config10>|  return value|
|ap_ready                    |  out|    1|  ap_ctrl_hs|  relu<array<ap_fixed,16u>,array<ap_fixed<16,6,5,3,0>,16u>,relu_config10>|  return value|
|start_out                   |  out|    1|  ap_ctrl_hs|  relu<array<ap_fixed,16u>,array<ap_fixed<16,6,5,3,0>,16u>,relu_config10>|  return value|
|start_write                 |  out|    1|  ap_ctrl_hs|  relu<array<ap_fixed,16u>,array<ap_fixed<16,6,5,3,0>,16u>,relu_config10>|  return value|
|layer7_out_dout             |   in|  640|     ap_fifo|                                                               layer7_out|       pointer|
|layer7_out_num_data_valid   |   in|   11|     ap_fifo|                                                               layer7_out|       pointer|
|layer7_out_fifo_cap         |   in|   11|     ap_fifo|                                                               layer7_out|       pointer|
|layer7_out_empty_n          |   in|    1|     ap_fifo|                                                               layer7_out|       pointer|
|layer7_out_read             |  out|    1|     ap_fifo|                                                               layer7_out|       pointer|
|layer10_out_din             |  out|  256|     ap_fifo|                                                              layer10_out|       pointer|
|layer10_out_num_data_valid  |   in|   11|     ap_fifo|                                                              layer10_out|       pointer|
|layer10_out_fifo_cap        |   in|   11|     ap_fifo|                                                              layer10_out|       pointer|
|layer10_out_full_n          |   in|    1|     ap_fifo|                                                              layer10_out|       pointer|
|layer10_out_write           |  out|    1|     ap_fifo|                                                              layer10_out|       pointer|
+----------------------------+-----+-----+------------+-------------------------------------------------------------------------+--------------+

