xilinx rtfpga
rt::do_reinfer_area_combined 1
DSP Report: Generating DSP mul_16ns_8s_24_1_1_U724/tmp_product, operation Mode is: A*B.
DSP Report: operator mul_16ns_8s_24_1_1_U724/tmp_product is absorbed into DSP mul_16ns_8s_24_1_1_U724/tmp_product.
DSP Report: Generating DSP mul_16ns_7s_23_1_1_U725/tmp_product, operation Mode is: A*(B:0x3ffd7).
DSP Report: operator mul_16ns_7s_23_1_1_U725/tmp_product is absorbed into DSP mul_16ns_7s_23_1_1_U725/tmp_product.
DSP Report: Generating DSP mul_16ns_9s_25_1_1_U731/tmp_product, operation Mode is: A*B.
DSP Report: operator mul_16ns_9s_25_1_1_U731/tmp_product is absorbed into DSP mul_16ns_9s_25_1_1_U731/tmp_product.
DSP Report: Generating DSP mul_16ns_8s_24_1_1_U734/tmp_product, operation Mode is: A*B.
DSP Report: operator mul_16ns_8s_24_1_1_U734/tmp_product is absorbed into DSP mul_16ns_8s_24_1_1_U734/tmp_product.
DSP Report: Generating DSP mul_16ns_7s_23_1_1_U735/tmp_product, operation Mode is: A*B.
DSP Report: operator mul_16ns_7s_23_1_1_U735/tmp_product is absorbed into DSP mul_16ns_7s_23_1_1_U735/tmp_product.
DSP Report: Generating DSP mul_16ns_9s_24_1_1_U736/tmp_product, operation Mode is: A*B.
DSP Report: operator mul_16ns_9s_24_1_1_U736/tmp_product is absorbed into DSP mul_16ns_9s_24_1_1_U736/tmp_product.
DSP Report: Generating DSP mul_16ns_9s_23_1_1_U737/tmp_product, operation Mode is: A*B.
DSP Report: operator mul_16ns_9s_23_1_1_U737/tmp_product is absorbed into DSP mul_16ns_9s_23_1_1_U737/tmp_product.
DSP Report: Generating DSP mul_16ns_6s_22_1_1_U739/tmp_product, operation Mode is: A*(B:0x3ffe3).
DSP Report: operator mul_16ns_6s_22_1_1_U739/tmp_product is absorbed into DSP mul_16ns_6s_22_1_1_U739/tmp_product.
DSP Report: Generating DSP mul_16ns_9s_23_1_1_U743/tmp_product, operation Mode is: A*B.
DSP Report: operator mul_16ns_9s_23_1_1_U743/tmp_product is absorbed into DSP mul_16ns_9s_23_1_1_U743/tmp_product.
DSP Report: Generating DSP mul_16ns_8s_24_1_1_U745/tmp_product, operation Mode is: A*B.
DSP Report: operator mul_16ns_8s_24_1_1_U745/tmp_product is absorbed into DSP mul_16ns_8s_24_1_1_U745/tmp_product.
DSP Report: Generating DSP mul_16ns_8ns_23_1_1_U746/tmp_product, operation Mode is: A*B.
DSP Report: operator mul_16ns_8ns_23_1_1_U746/tmp_product is absorbed into DSP mul_16ns_8ns_23_1_1_U746/tmp_product.
DSP Report: Generating DSP mul_16ns_9s_25_1_1_U813/tmp_product, operation Mode is: A*(B:0x3ff74).
DSP Report: operator mul_16ns_9s_25_1_1_U813/tmp_product is absorbed into DSP mul_16ns_9s_25_1_1_U813/tmp_product.
DSP Report: Generating DSP mul_16ns_5ns_20_1_1_U749/tmp_product, operation Mode is: A*(B:0xd).
DSP Report: operator mul_16ns_5ns_20_1_1_U749/tmp_product is absorbed into DSP mul_16ns_5ns_20_1_1_U749/tmp_product.
DSP Report: Generating DSP mul_16ns_9s_23_1_1_U751/tmp_product, operation Mode is: A*B.
DSP Report: operator mul_16ns_9s_23_1_1_U751/tmp_product is absorbed into DSP mul_16ns_9s_23_1_1_U751/tmp_product.
DSP Report: Generating DSP mul_16ns_7ns_22_1_1_U752/tmp_product, operation Mode is: A*(B:0x2c).
DSP Report: operator mul_16ns_7ns_22_1_1_U752/tmp_product is absorbed into DSP mul_16ns_7ns_22_1_1_U752/tmp_product.
DSP Report: Generating DSP mul_16ns_8ns_23_1_1_U762/tmp_product, operation Mode is: A*B.
DSP Report: operator mul_16ns_8ns_23_1_1_U762/tmp_product is absorbed into DSP mul_16ns_8ns_23_1_1_U762/tmp_product.
DSP Report: Generating DSP mul_16ns_8ns_23_1_1_U858/tmp_product, operation Mode is: A*(B:0x5e).
DSP Report: operator mul_16ns_8ns_23_1_1_U858/tmp_product is absorbed into DSP mul_16ns_8ns_23_1_1_U858/tmp_product.
DSP Report: Generating DSP mul_16ns_9ns_24_1_1_U726/tmp_product, operation Mode is: A*B.
DSP Report: operator mul_16ns_9ns_24_1_1_U726/tmp_product is absorbed into DSP mul_16ns_9ns_24_1_1_U726/tmp_product.
DSP Report: Generating DSP mul_16ns_10s_24_1_1_U727/tmp_product, operation Mode is: A*B.
DSP Report: operator mul_16ns_10s_24_1_1_U727/tmp_product is absorbed into DSP mul_16ns_10s_24_1_1_U727/tmp_product.
DSP Report: Generating DSP mul_16ns_9s_25_1_1_U744/tmp_product, operation Mode is: A*B.
DSP Report: operator mul_16ns_9s_25_1_1_U744/tmp_product is absorbed into DSP mul_16ns_9s_25_1_1_U744/tmp_product.
DSP Report: Generating DSP mul_16ns_9s_24_1_1_U863/tmp_product, operation Mode is: A*B.
DSP Report: operator mul_16ns_9s_24_1_1_U863/tmp_product is absorbed into DSP mul_16ns_9s_24_1_1_U863/tmp_product.
DSP Report: Generating DSP mul_16ns_8ns_23_1_1_U758/tmp_product, operation Mode is: A*B.
DSP Report: operator mul_16ns_8ns_23_1_1_U758/tmp_product is absorbed into DSP mul_16ns_8ns_23_1_1_U758/tmp_product.
DSP Report: Generating DSP mul_16ns_7ns_22_1_1_U839/tmp_product, operation Mode is: A*(B:0x36).
DSP Report: operator mul_16ns_7ns_22_1_1_U839/tmp_product is absorbed into DSP mul_16ns_7ns_22_1_1_U839/tmp_product.
DSP Report: Generating DSP mul_16ns_8s_24_1_1_U801/tmp_product, operation Mode is: A*B.
DSP Report: operator mul_16ns_8s_24_1_1_U801/tmp_product is absorbed into DSP mul_16ns_8s_24_1_1_U801/tmp_product.
DSP Report: Generating DSP mul_16ns_8s_24_1_1_U815/tmp_product, operation Mode is: A*B.
DSP Report: operator mul_16ns_8s_24_1_1_U815/tmp_product is absorbed into DSP mul_16ns_8s_24_1_1_U815/tmp_product.
DSP Report: Generating DSP mul_16ns_7s_23_1_1_U849/tmp_product, operation Mode is: A*B.
DSP Report: operator mul_16ns_7s_23_1_1_U849/tmp_product is absorbed into DSP mul_16ns_7s_23_1_1_U849/tmp_product.
DSP Report: Generating DSP mul_16ns_8s_24_1_1_U768/tmp_product, operation Mode is: A*(B:0x3ff9a).
DSP Report: operator mul_16ns_8s_24_1_1_U768/tmp_product is absorbed into DSP mul_16ns_8s_24_1_1_U768/tmp_product.
DSP Report: Generating DSP mul_16ns_10s_25_1_1_U818/tmp_product, operation Mode is: A*B.
DSP Report: operator mul_16ns_10s_25_1_1_U818/tmp_product is absorbed into DSP mul_16ns_10s_25_1_1_U818/tmp_product.
DSP Report: Generating DSP mul_16ns_8s_24_1_1_U811/tmp_product, operation Mode is: A*(B:0x3ffae).
DSP Report: operator mul_16ns_8s_24_1_1_U811/tmp_product is absorbed into DSP mul_16ns_8s_24_1_1_U811/tmp_product.
DSP Report: Generating DSP mul_16ns_9s_25_1_1_U754/tmp_product, operation Mode is: A*B.
DSP Report: operator mul_16ns_9s_25_1_1_U754/tmp_product is absorbed into DSP mul_16ns_9s_25_1_1_U754/tmp_product.
DSP Report: Generating DSP mul_16ns_6s_22_1_1_U755/tmp_product, operation Mode is: A*(B:0x3ffea).
DSP Report: operator mul_16ns_6s_22_1_1_U755/tmp_product is absorbed into DSP mul_16ns_6s_22_1_1_U755/tmp_product.
DSP Report: Generating DSP mul_16ns_9s_24_1_1_U760/tmp_product, operation Mode is: A*B.
DSP Report: operator mul_16ns_9s_24_1_1_U760/tmp_product is absorbed into DSP mul_16ns_9s_24_1_1_U760/tmp_product.
DSP Report: Generating DSP mul_16ns_10s_24_1_1_U761/tmp_product, operation Mode is: A*B.
DSP Report: operator mul_16ns_10s_24_1_1_U761/tmp_product is absorbed into DSP mul_16ns_10s_24_1_1_U761/tmp_product.
DSP Report: Generating DSP mul_16ns_8s_24_1_1_U764/tmp_product, operation Mode is: A*B.
DSP Report: operator mul_16ns_8s_24_1_1_U764/tmp_product is absorbed into DSP mul_16ns_8s_24_1_1_U764/tmp_product.
DSP Report: Generating DSP mul_16ns_8s_24_1_1_U769/tmp_product, operation Mode is: A*B.
DSP Report: operator mul_16ns_8s_24_1_1_U769/tmp_product is absorbed into DSP mul_16ns_8s_24_1_1_U769/tmp_product.
DSP Report: Generating DSP mul_16ns_8s_24_1_1_U732/tmp_product, operation Mode is: A*B.
DSP Report: operator mul_16ns_8s_24_1_1_U732/tmp_product is absorbed into DSP mul_16ns_8s_24_1_1_U732/tmp_product.
DSP Report: Generating DSP mul_16ns_7s_23_1_1_U779/tmp_product, operation Mode is: A*B.
DSP Report: operator mul_16ns_7s_23_1_1_U779/tmp_product is absorbed into DSP mul_16ns_7s_23_1_1_U779/tmp_product.
DSP Report: Generating DSP mul_16ns_7s_23_1_1_U780/tmp_product, operation Mode is: A*(B:0x3ffcf).
DSP Report: operator mul_16ns_7s_23_1_1_U780/tmp_product is absorbed into DSP mul_16ns_7s_23_1_1_U780/tmp_product.
DSP Report: Generating DSP mul_16ns_8ns_23_1_1_U783/tmp_product, operation Mode is: A*B.
DSP Report: operator mul_16ns_8ns_23_1_1_U783/tmp_product is absorbed into DSP mul_16ns_8ns_23_1_1_U783/tmp_product.
DSP Report: Generating DSP mul_16ns_9s_25_1_1_U788/tmp_product, operation Mode is: A*B.
DSP Report: operator mul_16ns_9s_25_1_1_U788/tmp_product is absorbed into DSP mul_16ns_9s_25_1_1_U788/tmp_product.
DSP Report: Generating DSP mul_16ns_5ns_20_1_1_U789/tmp_product, operation Mode is: A*(B:0xd).
DSP Report: operator mul_16ns_5ns_20_1_1_U789/tmp_product is absorbed into DSP mul_16ns_5ns_20_1_1_U789/tmp_product.
DSP Report: Generating DSP mul_16ns_7s_23_1_1_U792/tmp_product, operation Mode is: A*B.
DSP Report: operator mul_16ns_7s_23_1_1_U792/tmp_product is absorbed into DSP mul_16ns_7s_23_1_1_U792/tmp_product.
DSP Report: Generating DSP mul_16ns_8s_24_1_1_U793/tmp_product, operation Mode is: A*B.
DSP Report: operator mul_16ns_8s_24_1_1_U793/tmp_product is absorbed into DSP mul_16ns_8s_24_1_1_U793/tmp_product.
DSP Report: Generating DSP mul_16ns_7s_22_1_1_U794/tmp_product, operation Mode is: A*B.
DSP Report: operator mul_16ns_7s_22_1_1_U794/tmp_product is absorbed into DSP mul_16ns_7s_22_1_1_U794/tmp_product.
DSP Report: Generating DSP mul_16ns_6ns_21_1_1_U795/tmp_product, operation Mode is: A*(B:0x16).
DSP Report: operator mul_16ns_6ns_21_1_1_U795/tmp_product is absorbed into DSP mul_16ns_6ns_21_1_1_U795/tmp_product.
DSP Report: Generating DSP mul_16ns_8s_24_1_1_U796/tmp_product, operation Mode is: A*(B:0x3ff9c).
DSP Report: operator mul_16ns_8s_24_1_1_U796/tmp_product is absorbed into DSP mul_16ns_8s_24_1_1_U796/tmp_product.
DSP Report: Generating DSP mul_16ns_9ns_24_1_1_U797/tmp_product, operation Mode is: A*B.
DSP Report: operator mul_16ns_9ns_24_1_1_U797/tmp_product is absorbed into DSP mul_16ns_9ns_24_1_1_U797/tmp_product.
DSP Report: Generating DSP mul_16ns_8s_24_1_1_U798/tmp_product, operation Mode is: A*(B:0x3ffb5).
DSP Report: operator mul_16ns_8s_24_1_1_U798/tmp_product is absorbed into DSP mul_16ns_8s_24_1_1_U798/tmp_product.
DSP Report: Generating DSP mul_16ns_8ns_23_1_1_U807/tmp_product, operation Mode is: A*B.
DSP Report: operator mul_16ns_8ns_23_1_1_U807/tmp_product is absorbed into DSP mul_16ns_8ns_23_1_1_U807/tmp_product.
DSP Report: Generating DSP mul_16ns_8ns_23_1_1_U814/tmp_product, operation Mode is: A*B.
DSP Report: operator mul_16ns_8ns_23_1_1_U814/tmp_product is absorbed into DSP mul_16ns_8ns_23_1_1_U814/tmp_product.
DSP Report: Generating DSP mul_16ns_8s_24_1_1_U817/tmp_product, operation Mode is: A*B.
DSP Report: operator mul_16ns_8s_24_1_1_U817/tmp_product is absorbed into DSP mul_16ns_8s_24_1_1_U817/tmp_product.
DSP Report: Generating DSP mul_16ns_9s_23_1_1_U819/tmp_product, operation Mode is: A*B.
DSP Report: operator mul_16ns_9s_23_1_1_U819/tmp_product is absorbed into DSP mul_16ns_9s_23_1_1_U819/tmp_product.
DSP Report: Generating DSP mul_16ns_7s_23_1_1_U823/tmp_product, operation Mode is: A*B.
DSP Report: operator mul_16ns_7s_23_1_1_U823/tmp_product is absorbed into DSP mul_16ns_7s_23_1_1_U823/tmp_product.
DSP Report: Generating DSP mul_16ns_8ns_23_1_1_U830/tmp_product, operation Mode is: A*(B:0x4d).
DSP Report: operator mul_16ns_8ns_23_1_1_U830/tmp_product is absorbed into DSP mul_16ns_8ns_23_1_1_U830/tmp_product.
DSP Report: Generating DSP mul_16ns_8ns_23_1_1_U835/tmp_product, operation Mode is: A*(B:0x46).
DSP Report: operator mul_16ns_8ns_23_1_1_U835/tmp_product is absorbed into DSP mul_16ns_8ns_23_1_1_U835/tmp_product.
DSP Report: Generating DSP mul_16ns_8s_24_1_1_U837/tmp_product, operation Mode is: A*B.
DSP Report: operator mul_16ns_8s_24_1_1_U837/tmp_product is absorbed into DSP mul_16ns_8s_24_1_1_U837/tmp_product.
DSP Report: Generating DSP mul_16ns_9s_23_1_1_U840/tmp_product, operation Mode is: A*B.
DSP Report: operator mul_16ns_9s_23_1_1_U840/tmp_product is absorbed into DSP mul_16ns_9s_23_1_1_U840/tmp_product.
DSP Report: Generating DSP mul_16ns_8s_23_1_1_U842/tmp_product, operation Mode is: A*B.
DSP Report: operator mul_16ns_8s_23_1_1_U842/tmp_product is absorbed into DSP mul_16ns_8s_23_1_1_U842/tmp_product.
DSP Report: Generating DSP mul_16ns_9s_23_1_1_U846/tmp_product, operation Mode is: A*B.
DSP Report: operator mul_16ns_9s_23_1_1_U846/tmp_product is absorbed into DSP mul_16ns_9s_23_1_1_U846/tmp_product.
DSP Report: Generating DSP mul_16ns_7s_23_1_1_U847/tmp_product, operation Mode is: A*(B:0x3ffc9).
DSP Report: operator mul_16ns_7s_23_1_1_U847/tmp_product is absorbed into DSP mul_16ns_7s_23_1_1_U847/tmp_product.
DSP Report: Generating DSP mul_16ns_9s_24_1_1_U851/tmp_product, operation Mode is: A*B.
DSP Report: operator mul_16ns_9s_24_1_1_U851/tmp_product is absorbed into DSP mul_16ns_9s_24_1_1_U851/tmp_product.
DSP Report: Generating DSP mul_16ns_8s_22_1_1_U852/tmp_product, operation Mode is: A*B.
DSP Report: operator mul_16ns_8s_22_1_1_U852/tmp_product is absorbed into DSP mul_16ns_8s_22_1_1_U852/tmp_product.
DSP Report: Generating DSP mul_16ns_9s_25_1_1_U853/tmp_product, operation Mode is: A*B.
DSP Report: operator mul_16ns_9s_25_1_1_U853/tmp_product is absorbed into DSP mul_16ns_9s_25_1_1_U853/tmp_product.
DSP Report: Generating DSP mul_16ns_6ns_21_1_1_U854/tmp_product, operation Mode is: A*(B:0x15).
DSP Report: operator mul_16ns_6ns_21_1_1_U854/tmp_product is absorbed into DSP mul_16ns_6ns_21_1_1_U854/tmp_product.
DSP Report: Generating DSP mul_16ns_8ns_23_1_1_U855/tmp_product, operation Mode is: A*B.
DSP Report: operator mul_16ns_8ns_23_1_1_U855/tmp_product is absorbed into DSP mul_16ns_8ns_23_1_1_U855/tmp_product.
DSP Report: Generating DSP mul_16ns_7s_23_1_1_U856/tmp_product, operation Mode is: A*B.
DSP Report: operator mul_16ns_7s_23_1_1_U856/tmp_product is absorbed into DSP mul_16ns_7s_23_1_1_U856/tmp_product.
DSP Report: Generating DSP mul_16ns_7s_23_1_1_U857/tmp_product, operation Mode is: A*(B:0x3ffc6).
DSP Report: operator mul_16ns_7s_23_1_1_U857/tmp_product is absorbed into DSP mul_16ns_7s_23_1_1_U857/tmp_product.
DSP Report: Generating DSP mul_16ns_9ns_24_1_1_U861/tmp_product, operation Mode is: A*B.
DSP Report: operator mul_16ns_9ns_24_1_1_U861/tmp_product is absorbed into DSP mul_16ns_9ns_24_1_1_U861/tmp_product.
DSP Report: Generating DSP mul_16ns_8ns_23_1_1_U862/tmp_product, operation Mode is: A*B.
DSP Report: operator mul_16ns_8ns_23_1_1_U862/tmp_product is absorbed into DSP mul_16ns_8ns_23_1_1_U862/tmp_product.
DSP Report: Generating DSP mul_16ns_7s_23_1_1_U848/tmp_product, operation Mode is: A*(B:0x3ffcc).
DSP Report: operator mul_16ns_7s_23_1_1_U848/tmp_product is absorbed into DSP mul_16ns_7s_23_1_1_U848/tmp_product.
DSP Report: Generating DSP mul_16ns_8s_24_1_1_U778/tmp_product, operation Mode is: A*B.
DSP Report: operator mul_16ns_8s_24_1_1_U778/tmp_product is absorbed into DSP mul_16ns_8s_24_1_1_U778/tmp_product.
DSP Report: Generating DSP mul_16ns_8ns_23_1_1_U850/tmp_product, operation Mode is: A*B.
DSP Report: operator mul_16ns_8ns_23_1_1_U850/tmp_product is absorbed into DSP mul_16ns_8ns_23_1_1_U850/tmp_product.
DSP Report: Generating DSP mul_16ns_9s_24_1_1_U742/tmp_product, operation Mode is: A*B.
DSP Report: operator mul_16ns_9s_24_1_1_U742/tmp_product is absorbed into DSP mul_16ns_9s_24_1_1_U742/tmp_product.
DSP Report: Generating DSP mul_16ns_7ns_22_1_1_U790/tmp_product, operation Mode is: A*(B:0x23).
DSP Report: operator mul_16ns_7ns_22_1_1_U790/tmp_product is absorbed into DSP mul_16ns_7ns_22_1_1_U790/tmp_product.
DSP Report: Generating DSP mul_16ns_9s_24_1_1_U799/tmp_product, operation Mode is: A*B.
DSP Report: operator mul_16ns_9s_24_1_1_U799/tmp_product is absorbed into DSP mul_16ns_9s_24_1_1_U799/tmp_product.
DSP Report: Generating DSP mul_16ns_7ns_22_1_1_U836/tmp_product, operation Mode is: A*(B:0x39).
DSP Report: operator mul_16ns_7ns_22_1_1_U836/tmp_product is absorbed into DSP mul_16ns_7ns_22_1_1_U836/tmp_product.
DSP Report: Generating DSP mul_16ns_9s_25_1_1_U867/tmp_product, operation Mode is: A*B.
DSP Report: operator mul_16ns_9s_25_1_1_U867/tmp_product is absorbed into DSP mul_16ns_9s_25_1_1_U867/tmp_product.
DSP Report: Generating DSP mul_16ns_9ns_24_1_1_U834/tmp_product, operation Mode is: A*B.
DSP Report: operator mul_16ns_9ns_24_1_1_U834/tmp_product is absorbed into DSP mul_16ns_9ns_24_1_1_U834/tmp_product.
DSP Report: Generating DSP mul_16ns_10s_25_1_1_U825/tmp_product, operation Mode is: A*B.
DSP Report: operator mul_16ns_10s_25_1_1_U825/tmp_product is absorbed into DSP mul_16ns_10s_25_1_1_U825/tmp_product.
DSP Report: Generating DSP mul_16ns_9s_25_1_1_U756/tmp_product, operation Mode is: A*B.
DSP Report: operator mul_16ns_9s_25_1_1_U756/tmp_product is absorbed into DSP mul_16ns_9s_25_1_1_U756/tmp_product.
DSP Report: Generating DSP mul_16ns_8s_24_1_1_U728/tmp_product, operation Mode is: A*(B:0x3ffbb).
DSP Report: operator mul_16ns_8s_24_1_1_U728/tmp_product is absorbed into DSP mul_16ns_8s_24_1_1_U728/tmp_product.
DSP Report: Generating DSP mul_16ns_8s_24_1_1_U806/tmp_product, operation Mode is: A*B.
DSP Report: operator mul_16ns_8s_24_1_1_U806/tmp_product is absorbed into DSP mul_16ns_8s_24_1_1_U806/tmp_product.
DSP Report: Generating DSP mul_16ns_8s_24_1_1_U786/tmp_product, operation Mode is: A*B.
DSP Report: operator mul_16ns_8s_24_1_1_U786/tmp_product is absorbed into DSP mul_16ns_8s_24_1_1_U786/tmp_product.
DSP Report: Generating DSP mul_16ns_8s_24_1_1_U771/tmp_product, operation Mode is: A*(B:0x3ffa1).
DSP Report: operator mul_16ns_8s_24_1_1_U771/tmp_product is absorbed into DSP mul_16ns_8s_24_1_1_U771/tmp_product.
DSP Report: Generating DSP mul_16ns_8ns_23_1_1_U759/tmp_product, operation Mode is: A*B.
DSP Report: operator mul_16ns_8ns_23_1_1_U759/tmp_product is absorbed into DSP mul_16ns_8ns_23_1_1_U759/tmp_product.
DSP Report: Generating DSP mul_16ns_9s_25_1_1_U730/tmp_product, operation Mode is: A*B.
DSP Report: operator mul_16ns_9s_25_1_1_U730/tmp_product is absorbed into DSP mul_16ns_9s_25_1_1_U730/tmp_product.
DSP Report: Generating DSP mul_16ns_9s_25_1_1_U773/tmp_product, operation Mode is: A*B.
DSP Report: operator mul_16ns_9s_25_1_1_U773/tmp_product is absorbed into DSP mul_16ns_9s_25_1_1_U773/tmp_product.
DSP Report: Generating DSP mul_16ns_9s_25_1_1_U740/tmp_product, operation Mode is: A*B.
DSP Report: operator mul_16ns_9s_25_1_1_U740/tmp_product is absorbed into DSP mul_16ns_9s_25_1_1_U740/tmp_product.
DSP Report: Generating DSP mul_16ns_8ns_23_1_1_U757/tmp_product, operation Mode is: A*(B:0x52).
DSP Report: operator mul_16ns_8ns_23_1_1_U757/tmp_product is absorbed into DSP mul_16ns_8ns_23_1_1_U757/tmp_product.
DSP Report: Generating DSP mul_16ns_9ns_24_1_1_U800/tmp_product, operation Mode is: A*B.
DSP Report: operator mul_16ns_9ns_24_1_1_U800/tmp_product is absorbed into DSP mul_16ns_9ns_24_1_1_U800/tmp_product.
DSP Report: Generating DSP mul_16ns_10s_25_1_1_U782/tmp_product, operation Mode is: A*B.
DSP Report: operator mul_16ns_10s_25_1_1_U782/tmp_product is absorbed into DSP mul_16ns_10s_25_1_1_U782/tmp_product.
DSP Report: Generating DSP mul_16ns_8s_24_1_1_U738/tmp_product, operation Mode is: A*(B:0x3ffad).
DSP Report: operator mul_16ns_8s_24_1_1_U738/tmp_product is absorbed into DSP mul_16ns_8s_24_1_1_U738/tmp_product.
DSP Report: Generating DSP mul_16ns_8s_24_1_1_U741/tmp_product, operation Mode is: A*(B:0x3ffa5).
DSP Report: operator mul_16ns_8s_24_1_1_U741/tmp_product is absorbed into DSP mul_16ns_8s_24_1_1_U741/tmp_product.
DSP Report: Generating DSP mul_16ns_8s_24_1_1_U844/tmp_product, operation Mode is: A*(B:0x3ffad).
DSP Report: operator mul_16ns_8s_24_1_1_U844/tmp_product is absorbed into DSP mul_16ns_8s_24_1_1_U844/tmp_product.
DSP Report: Generating DSP mul_16ns_8s_24_1_1_U784/tmp_product, operation Mode is: A*B.
DSP Report: operator mul_16ns_8s_24_1_1_U784/tmp_product is absorbed into DSP mul_16ns_8s_24_1_1_U784/tmp_product.
DSP Report: Generating DSP mul_16ns_9s_25_1_1_U802/tmp_product, operation Mode is: A*B.
DSP Report: operator mul_16ns_9s_25_1_1_U802/tmp_product is absorbed into DSP mul_16ns_9s_25_1_1_U802/tmp_product.
DSP Report: Generating DSP mul_16ns_9s_25_1_1_U810/tmp_product, operation Mode is: A*B.
DSP Report: operator mul_16ns_9s_25_1_1_U810/tmp_product is absorbed into DSP mul_16ns_9s_25_1_1_U810/tmp_product.
DSP Report: Generating DSP mul_16ns_7ns_22_1_1_U841/tmp_product, operation Mode is: A*B.
DSP Report: operator mul_16ns_7ns_22_1_1_U841/tmp_product is absorbed into DSP mul_16ns_7ns_22_1_1_U841/tmp_product.
DSP Report: Generating DSP mul_16ns_8ns_23_1_1_U775/tmp_product, operation Mode is: A*B.
DSP Report: operator mul_16ns_8ns_23_1_1_U775/tmp_product is absorbed into DSP mul_16ns_8ns_23_1_1_U775/tmp_product.
DSP Report: Generating DSP mul_16ns_8ns_23_1_1_U838/tmp_product, operation Mode is: A*B.
DSP Report: operator mul_16ns_8ns_23_1_1_U838/tmp_product is absorbed into DSP mul_16ns_8ns_23_1_1_U838/tmp_product.
DSP Report: Generating DSP mul_16ns_10s_24_1_1_U829/tmp_product, operation Mode is: A*B.
DSP Report: operator mul_16ns_10s_24_1_1_U829/tmp_product is absorbed into DSP mul_16ns_10s_24_1_1_U829/tmp_product.
DSP Report: Generating DSP mul_16ns_6ns_21_1_1_U860/tmp_product, operation Mode is: A*B.
DSP Report: operator mul_16ns_6ns_21_1_1_U860/tmp_product is absorbed into DSP mul_16ns_6ns_21_1_1_U860/tmp_product.
DSP Report: Generating DSP mul_16ns_8ns_23_1_1_U776/tmp_product, operation Mode is: A*B.
DSP Report: operator mul_16ns_8ns_23_1_1_U776/tmp_product is absorbed into DSP mul_16ns_8ns_23_1_1_U776/tmp_product.
DSP Report: Generating DSP mul_16ns_8s_24_1_1_U729/tmp_product, operation Mode is: A*B.
DSP Report: operator mul_16ns_8s_24_1_1_U729/tmp_product is absorbed into DSP mul_16ns_8s_24_1_1_U729/tmp_product.
DSP Report: Generating DSP mul_16ns_10s_24_1_1_U750/tmp_product, operation Mode is: A*B.
DSP Report: operator mul_16ns_10s_24_1_1_U750/tmp_product is absorbed into DSP mul_16ns_10s_24_1_1_U750/tmp_product.
INFO: [Synth 8-3886] merging instance 'tmp_318_reg_129627_reg[0]' (FDE) to 'zext_ln70_367_reg_129612_reg[7]'
INFO: [Synth 8-3886] merging instance 'tmp_318_reg_129627_reg[1]' (FDE) to 'zext_ln70_367_reg_129612_reg[8]'
INFO: [Synth 8-3886] merging instance 'tmp_318_reg_129627_reg[2]' (FDE) to 'zext_ln70_367_reg_129612_reg[9]'
INFO: [Synth 8-3886] merging instance 'tmp_318_reg_129627_reg[3]' (FDE) to 'zext_ln70_367_reg_129612_reg[10]'
INFO: [Synth 8-3886] merging instance 'tmp_318_reg_129627_reg[4]' (FDE) to 'zext_ln70_367_reg_129612_reg[11]'
INFO: [Synth 8-3886] merging instance 'tmp_318_reg_129627_reg[5]' (FDE) to 'zext_ln70_367_reg_129612_reg[12]'
INFO: [Synth 8-3886] merging instance 'tmp_318_reg_129627_reg[6]' (FDE) to 'zext_ln70_367_reg_129612_reg[13]'
INFO: [Synth 8-3886] merging instance 'tmp_318_reg_129627_reg[7]' (FDE) to 'zext_ln70_367_reg_129612_reg[14]'
INFO: [Synth 8-3886] merging instance 'tmp_318_reg_129627_reg[8]' (FDE) to 'zext_ln70_367_reg_129612_reg[15]'
INFO: [Synth 8-3886] merging instance 'zext_ln70_367_reg_129612_reg[23]' (FD) to 'zext_ln70_367_reg_129612_reg[16]'
INFO: [Synth 8-3886] merging instance 'zext_ln70_367_reg_129612_reg[22]' (FD) to 'zext_ln70_367_reg_129612_reg[16]'
INFO: [Synth 8-3886] merging instance 'zext_ln70_367_reg_129612_reg[21]' (FD) to 'zext_ln70_367_reg_129612_reg[16]'
INFO: [Synth 8-3886] merging instance 'zext_ln70_367_reg_129612_reg[5]' (FDE) to 'a_87_reg_129604_reg[5]'
INFO: [Synth 8-3886] merging instance 'zext_ln70_367_reg_129612_reg[4]' (FDE) to 'a_87_reg_129604_reg[4]'
INFO: [Synth 8-3886] merging instance 'zext_ln70_367_reg_129612_reg[3]' (FDE) to 'a_87_reg_129604_reg[3]'
INFO: [Synth 8-3886] merging instance 'zext_ln70_367_reg_129612_reg[2]' (FDE) to 'a_87_reg_129604_reg[2]'
INFO: [Synth 8-3886] merging instance 'zext_ln70_367_reg_129612_reg[1]' (FDE) to 'a_87_reg_129604_reg[1]'
INFO: [Synth 8-3886] merging instance 'zext_ln70_367_reg_129612_reg[0]' (FDE) to 'a_87_reg_129604_reg[0]'
INFO: [Synth 8-3886] merging instance 'zext_ln70_367_reg_129612_reg[6]' (FDE) to 'a_87_reg_129604_reg[6]'
INFO: [Synth 8-3886] merging instance 'zext_ln70_367_reg_129612_reg[7]' (FDE) to 'a_87_reg_129604_reg[7]'
INFO: [Synth 8-3886] merging instance 'zext_ln70_367_reg_129612_reg[8]' (FDE) to 'a_87_reg_129604_reg[8]'
INFO: [Synth 8-3886] merging instance 'zext_ln70_367_reg_129612_reg[9]' (FDE) to 'a_87_reg_129604_reg[9]'
INFO: [Synth 8-3886] merging instance 'zext_ln70_367_reg_129612_reg[10]' (FDE) to 'a_87_reg_129604_reg[10]'
INFO: [Synth 8-3886] merging instance 'zext_ln70_367_reg_129612_reg[11]' (FDE) to 'a_87_reg_129604_reg[11]'
INFO: [Synth 8-3886] merging instance 'zext_ln70_367_reg_129612_reg[12]' (FDE) to 'a_87_reg_129604_reg[12]'
INFO: [Synth 8-3886] merging instance 'zext_ln70_367_reg_129612_reg[13]' (FDE) to 'a_87_reg_129604_reg[13]'
INFO: [Synth 8-3886] merging instance 'zext_ln70_367_reg_129612_reg[14]' (FDE) to 'a_87_reg_129604_reg[14]'
INFO: [Synth 8-3886] merging instance 'zext_ln70_367_reg_129612_reg[15]' (FDE) to 'a_87_reg_129604_reg[15]'
INFO: [Synth 8-3886] merging instance 'zext_ln70_367_reg_129612_reg[16]' (FD) to 'zext_ln70_367_reg_129612_reg[17]'
INFO: [Synth 8-3886] merging instance 'zext_ln70_367_reg_129612_reg[17]' (FD) to 'zext_ln70_367_reg_129612_reg[18]'
INFO: [Synth 8-3886] merging instance 'zext_ln70_367_reg_129612_reg[18]' (FD) to 'zext_ln70_367_reg_129612_reg[19]'
INFO: [Synth 8-3886] merging instance 'zext_ln70_367_reg_129612_reg[19]' (FD) to 'zext_ln70_367_reg_129612_reg[20]'
INFO: [Synth 8-3333] propagating constant 0 across sequential element (\zext_ln70_367_reg_129612_reg[20] )
INFO: [Synth 8-3886] merging instance 'zext_ln70_579_reg_130053_reg[0]' (FDE) to 'a_150_reg_130044_reg[0]'
INFO: [Synth 8-3886] merging instance 'zext_ln70_579_reg_130053_reg[1]' (FDE) to 'a_150_reg_130044_reg[1]'
INFO: [Synth 8-3886] merging instance 'zext_ln70_579_reg_130053_reg[2]' (FDE) to 'a_150_reg_130044_reg[2]'
INFO: [Synth 8-3886] merging instance 'zext_ln70_579_reg_130053_reg[3]' (FDE) to 'a_150_reg_130044_reg[3]'
INFO: [Synth 8-3886] merging instance 'zext_ln70_579_reg_130053_reg[4]' (FDE) to 'a_150_reg_130044_reg[4]'
INFO: [Synth 8-3886] merging instance 'zext_ln70_579_reg_130053_reg[5]' (FDE) to 'a_150_reg_130044_reg[5]'
INFO: [Synth 8-3886] merging instance 'zext_ln70_579_reg_130053_reg[6]' (FDE) to 'a_150_reg_130044_reg[6]'
INFO: [Synth 8-3886] merging instance 'zext_ln70_579_reg_130053_reg[7]' (FDE) to 'a_150_reg_130044_reg[7]'
INFO: [Synth 8-3886] merging instance 'zext_ln70_579_reg_130053_reg[8]' (FDE) to 'a_150_reg_130044_reg[8]'
INFO: [Synth 8-3886] merging instance 'zext_ln70_579_reg_130053_reg[9]' (FDE) to 'a_150_reg_130044_reg[9]'
INFO: [Synth 8-3886] merging instance 'zext_ln70_579_reg_130053_reg[10]' (FDE) to 'a_150_reg_130044_reg[10]'
INFO: [Synth 8-3886] merging instance 'zext_ln70_579_reg_130053_reg[11]' (FDE) to 'a_150_reg_130044_reg[11]'
INFO: [Synth 8-3886] merging instance 'zext_ln70_579_reg_130053_reg[12]' (FDE) to 'a_150_reg_130044_reg[12]'
INFO: [Synth 8-3886] merging instance 'zext_ln70_579_reg_130053_reg[13]' (FDE) to 'a_150_reg_130044_reg[13]'
INFO: [Synth 8-3886] merging instance 'zext_ln70_579_reg_130053_reg[14]' (FDE) to 'a_150_reg_130044_reg[14]'
INFO: [Synth 8-3886] merging instance 'zext_ln70_579_reg_130053_reg[15]' (FDE) to 'a_150_reg_130044_reg[15]'
INFO: [Synth 8-3886] merging instance 'zext_ln70_590_reg_130077_reg[0]' (FDE) to 'a_153_reg_130068_reg[0]'
INFO: [Synth 8-3886] merging instance 'zext_ln70_590_reg_130077_reg[1]' (FDE) to 'a_153_reg_130068_reg[1]'
INFO: [Synth 8-3886] merging instance 'zext_ln70_590_reg_130077_reg[2]' (FDE) to 'a_153_reg_130068_reg[2]'
INFO: [Synth 8-3886] merging instance 'zext_ln70_590_reg_130077_reg[3]' (FDE) to 'a_153_reg_130068_reg[3]'
INFO: [Synth 8-3886] merging instance 'zext_ln70_590_reg_130077_reg[4]' (FDE) to 'a_153_reg_130068_reg[4]'
INFO: [Synth 8-3886] merging instance 'zext_ln70_590_reg_130077_reg[5]' (FDE) to 'a_153_reg_130068_reg[5]'
INFO: [Synth 8-3886] merging instance 'zext_ln70_590_reg_130077_reg[6]' (FDE) to 'a_153_reg_130068_reg[6]'
INFO: [Synth 8-3886] merging instance 'zext_ln70_590_reg_130077_reg[7]' (FDE) to 'a_153_reg_130068_reg[7]'
INFO: [Synth 8-3886] merging instance 'zext_ln70_590_reg_130077_reg[8]' (FDE) to 'a_153_reg_130068_reg[8]'
INFO: [Synth 8-3886] merging instance 'zext_ln70_590_reg_130077_reg[9]' (FDE) to 'a_153_reg_130068_reg[9]'
INFO: [Synth 8-3886] merging instance 'zext_ln70_590_reg_130077_reg[10]' (FDE) to 'a_153_reg_130068_reg[10]'
INFO: [Synth 8-3886] merging instance 'zext_ln70_590_reg_130077_reg[11]' (FDE) to 'a_153_reg_130068_reg[11]'
INFO: [Synth 8-3886] merging instance 'zext_ln70_590_reg_130077_reg[12]' (FDE) to 'a_153_reg_130068_reg[12]'
INFO: [Synth 8-3886] merging instance 'zext_ln70_590_reg_130077_reg[13]' (FDE) to 'a_153_reg_130068_reg[13]'
INFO: [Synth 8-3886] merging instance 'zext_ln70_590_reg_130077_reg[14]' (FDE) to 'a_153_reg_130068_reg[14]'
INFO: [Synth 8-3886] merging instance 'zext_ln70_590_reg_130077_reg[15]' (FDE) to 'a_153_reg_130068_reg[15]'
INFO: [Synth 8-3886] merging instance 'tmp_473_reg_130087_reg[0]' (FDE) to 'a_153_reg_130068_reg[4]'
INFO: [Synth 8-3886] merging instance 'tmp_473_reg_130087_reg[1]' (FDE) to 'a_153_reg_130068_reg[5]'
INFO: [Synth 8-3886] merging instance 'tmp_473_reg_130087_reg[2]' (FDE) to 'a_153_reg_130068_reg[6]'
INFO: [Synth 8-3886] merging instance 'tmp_473_reg_130087_reg[3]' (FDE) to 'a_153_reg_130068_reg[7]'
INFO: [Synth 8-3886] merging instance 'tmp_473_reg_130087_reg[4]' (FDE) to 'a_153_reg_130068_reg[8]'
INFO: [Synth 8-3886] merging instance 'tmp_473_reg_130087_reg[5]' (FDE) to 'a_153_reg_130068_reg[9]'
INFO: [Synth 8-3886] merging instance 'tmp_473_reg_130087_reg[6]' (FDE) to 'a_153_reg_130068_reg[10]'
INFO: [Synth 8-3886] merging instance 'tmp_473_reg_130087_reg[7]' (FDE) to 'a_153_reg_130068_reg[11]'
INFO: [Synth 8-3886] merging instance 'tmp_473_reg_130087_reg[8]' (FDE) to 'a_153_reg_130068_reg[12]'
INFO: [Synth 8-3886] merging instance 'tmp_473_reg_130087_reg[9]' (FDE) to 'a_153_reg_130068_reg[13]'
INFO: [Synth 8-3886] merging instance 'tmp_473_reg_130087_reg[10]' (FDE) to 'a_153_reg_130068_reg[14]'
INFO: [Synth 8-3886] merging instance 'tmp_473_reg_130087_reg[11]' (FDE) to 'a_153_reg_130068_reg[15]'
INFO: [Synth 8-3886] merging instance 'zext_ln70_499_reg_130005_reg[0]' (FDE) to 'a_126_reg_129996_reg[0]'
INFO: [Synth 8-3886] merging instance 'zext_ln70_499_reg_130005_reg[1]' (FDE) to 'a_126_reg_129996_reg[1]'
INFO: [Synth 8-3886] merging instance 'zext_ln70_499_reg_130005_reg[2]' (FDE) to 'a_126_reg_129996_reg[2]'
INFO: [Synth 8-3886] merging instance 'zext_ln70_499_reg_130005_reg[3]' (FDE) to 'a_126_reg_129996_reg[3]'
INFO: [Synth 8-3886] merging instance 'zext_ln70_499_reg_130005_reg[4]' (FDE) to 'a_126_reg_129996_reg[4]'
INFO: [Synth 8-3886] merging instance 'zext_ln70_499_reg_130005_reg[5]' (FDE) to 'a_126_reg_129996_reg[5]'
INFO: [Synth 8-3886] merging instance 'zext_ln70_499_reg_130005_reg[6]' (FDE) to 'a_126_reg_129996_reg[6]'
INFO: [Synth 8-3886] merging instance 'zext_ln70_499_reg_130005_reg[7]' (FDE) to 'a_126_reg_129996_reg[7]'
INFO: [Synth 8-3886] merging instance 'zext_ln70_499_reg_130005_reg[8]' (FDE) to 'a_126_reg_129996_reg[8]'
INFO: [Synth 8-3886] merging instance 'zext_ln70_499_reg_130005_reg[9]' (FDE) to 'a_126_reg_129996_reg[9]'
INFO: [Synth 8-3886] merging instance 'zext_ln70_499_reg_130005_reg[10]' (FDE) to 'a_126_reg_129996_reg[10]'
INFO: [Synth 8-3886] merging instance 'zext_ln70_499_reg_130005_reg[11]' (FDE) to 'a_126_reg_129996_reg[11]'
INFO: [Synth 8-3886] merging instance 'zext_ln70_499_reg_130005_reg[12]' (FDE) to 'a_126_reg_129996_reg[12]'
INFO: [Synth 8-3886] merging instance 'zext_ln70_499_reg_130005_reg[13]' (FDE) to 'a_126_reg_129996_reg[13]'
INFO: [Synth 8-3886] merging instance 'zext_ln70_499_reg_130005_reg[14]' (FDE) to 'a_126_reg_129996_reg[14]'
INFO: [Synth 8-3886] merging instance 'zext_ln70_499_reg_130005_reg[15]' (FDE) to 'a_126_reg_129996_reg[15]'
INFO: [Synth 8-3886] merging instance 'zext_ln70_492_reg_129986_reg[0]' (FDE) to 'a_124_reg_129979_reg[0]'
INFO: [Synth 8-3886] merging instance 'zext_ln70_492_reg_129986_reg[1]' (FDE) to 'a_124_reg_129979_reg[1]'
INFO: [Synth 8-3886] merging instance 'zext_ln70_492_reg_129986_reg[2]' (FDE) to 'a_124_reg_129979_reg[2]'
INFO: [Synth 8-3886] merging instance 'zext_ln70_492_reg_129986_reg[3]' (FDE) to 'a_124_reg_129979_reg[3]'
INFO: [Synth 8-3886] merging instance 'zext_ln70_492_reg_129986_reg[4]' (FDE) to 'a_124_reg_129979_reg[4]'
INFO: [Synth 8-3886] merging instance 'zext_ln70_492_reg_129986_reg[5]' (FDE) to 'a_124_reg_129979_reg[5]'
INFO: [Synth 8-3886] merging instance 'zext_ln70_492_reg_129986_reg[6]' (FDE) to 'a_124_reg_129979_reg[6]'
INFO: [Synth 8-3886] merging instance 'zext_ln70_492_reg_129986_reg[7]' (FDE) to 'a_124_reg_129979_reg[7]'
INFO: [Common 17-14] Message 'Synth 8-3886' appears 100 times and further instances of the messages will be disabled. Use the Tcl command set_msg_config to change the current settings.
