

================================================================
== Vitis HLS Report for 'compute_output_buffer_2d_array_array_ap_fixed_16_14_5_3_0_8u_config12_s'
================================================================
* Date:           Mon Mar 30 19:13:48 2026

* Version:        2023.2 (Build 4023990 on Oct 11 2023)
* Project:        myproject_prj
* Solution:       solution1 (Vivado IP Flow Target)
* Product family: zynquplus
* Target device:  xck26-sfvc784-2LV-c


================================================================
== Performance Estimates
================================================================
+ Timing: 
    * Summary: 
    +--------+---------+----------+------------+
    |  Clock |  Target | Estimated| Uncertainty|
    +--------+---------+----------+------------+
    |ap_clk  |  5.00 ns|  3.519 ns|     1.35 ns|
    +--------+---------+----------+------------+

+ Latency: 
    * Summary: 
    +---------+---------+-----------+-----------+-----+-----+---------+
    |  Latency (cycles) |   Latency (absolute)  |  Interval | Pipeline|
    |   min   |   max   |    min    |    max    | min | max |   Type  |
    +---------+---------+-----------+-----------+-----+-----+---------+
    |        4|        4|  20.000 ns|  20.000 ns|    4|    4|      yes|
    +---------+---------+-----------+-----------+-----+-----+---------+

    + Detail: 
        * Instance: 
        +-----------------------------------------------------------------------------+--------------------------------------------------------------+---------+---------+-----------+-----------+-----+-----+---------+
        |                                                                             |                                                              |  Latency (cycles) |   Latency (absolute)  |  Interval | Pipeline|
        |                                   Instance                                  |                            Module                            |   min   |   max   |    min    |    max    | min | max |   Type  |
        +-----------------------------------------------------------------------------+--------------------------------------------------------------+---------+---------+-----------+-----------+-----+-----+---------+
        |call_ln281_shift_line_buffer_array_ap_ufixed_4_3_4_0_0_8u_config12_s_fu_292  |shift_line_buffer_array_ap_ufixed_4_3_4_0_0_8u_config12_s     |        0|        0|       0 ns|       0 ns|    1|    1|      yes|
        |grp_dense_latency_ap_ufixed_ap_fixed_16_14_5_3_0_config12_mult_s_fu_478      |dense_latency_ap_ufixed_ap_fixed_16_14_5_3_0_config12_mult_s  |        2|        2|  10.000 ns|  10.000 ns|    3|    3|      yes|
        +-----------------------------------------------------------------------------+--------------------------------------------------------------+---------+---------+-----------+-----------+-----+-----+---------+

        * Loop: 
        N/A



================================================================
== Utilization Estimates
================================================================
* Summary: 
+-----------------+---------+------+--------+--------+-----+
|       Name      | BRAM_18K|  DSP |   FF   |   LUT  | URAM|
+-----------------+---------+------+--------+--------+-----+
|DSP              |        -|     -|       -|       -|    -|
|Expression       |        -|     -|       0|     513|    -|
|FIFO             |        -|     -|       -|       -|    -|
|Instance         |        -|     -|    1178|    3601|    -|
|Memory           |        -|     -|       -|       -|    -|
|Multiplexer      |        -|     -|       -|      89|    -|
|Register         |        -|     -|     562|       -|    -|
+-----------------+---------+------+--------+--------+-----+
|Total            |        0|     0|    1740|    4203|    0|
+-----------------+---------+------+--------+--------+-----+
|Available        |      288|  1248|  234240|  117120|   64|
+-----------------+---------+------+--------+--------+-----+
|Utilization (%)  |        0|     0|      ~0|       3|    0|
+-----------------+---------+------+--------+--------+-----+

+ Detail: 
    * Instance: 
    +-----------------------------------------------------------------------------+--------------------------------------------------------------+---------+----+------+------+-----+
    |                                   Instance                                  |                            Module                            | BRAM_18K| DSP|  FF  |  LUT | URAM|
    +-----------------------------------------------------------------------------+--------------------------------------------------------------+---------+----+------+------+-----+
    |grp_dense_latency_ap_ufixed_ap_fixed_16_14_5_3_0_config12_mult_s_fu_478      |dense_latency_ap_ufixed_ap_fixed_16_14_5_3_0_config12_mult_s  |        0|   0|   149|  2711|    0|
    |call_ln281_shift_line_buffer_array_ap_ufixed_4_3_4_0_0_8u_config12_s_fu_292  |shift_line_buffer_array_ap_ufixed_4_3_4_0_0_8u_config12_s     |        0|   0|  1029|   890|    0|
    +-----------------------------------------------------------------------------+--------------------------------------------------------------+---------+----+------+------+-----+
    |Total                                                                        |                                                              |        0|   0|  1178|  3601|    0|
    +-----------------------------------------------------------------------------+--------------------------------------------------------------+---------+----+------+------+-----+

    * DSP: 
    N/A

    * Memory: 
    N/A

    * FIFO: 
    N/A

    * Expression: 
    +------------------------------------------+----------+----+---+----+------------+------------+
    |               Variable Name              | Operation| DSP| FF| LUT| Bitwidth P0| Bitwidth P1|
    +------------------------------------------+----------+----+---+----+------------+------------+
    |add_ln303_fu_686_p2                       |         +|   0|  0|  39|          32|           1|
    |add_ln307_fu_736_p2                       |         +|   0|  0|  39|          32|           1|
    |add_ln313_fu_760_p2                       |         +|   0|  0|  39|          32|           1|
    |add_ln318_fu_704_p2                       |         +|   0|  0|  39|          32|           1|
    |and_ln284_2_fu_680_p2                     |       and|   0|  0|   2|           1|           1|
    |and_ln284_fu_674_p2                       |       and|   0|  0|   2|           1|           1|
    |ap_block_pp0_stage0_01001                 |       and|   0|  0|   2|           1|           1|
    |ap_block_pp0_stage0_11001_ignoreCallOp15  |       and|   0|  0|   2|           1|           1|
    |ap_block_state5_pp0_stage0_iter1          |       and|   0|  0|   2|           1|           1|
    |ap_condition_509                          |       and|   0|  0|   2|           1|           1|
    |ap_condition_891                          |       and|   0|  0|   2|           1|           1|
    |ap_predicate_op50_call_state2             |       and|   0|  0|   2|           1|           1|
    |ap_predicate_op50_call_state2_state1      |       and|   0|  0|   2|           1|           1|
    |icmp_ln284_4_fu_636_p2                    |      icmp|   0|  0|  39|          32|           2|
    |icmp_ln284_6_fu_652_p2                    |      icmp|   0|  0|  38|          31|           1|
    |icmp_ln284_7_fu_668_p2                    |      icmp|   0|  0|  38|          31|           1|
    |icmp_ln284_fu_618_p2                      |      icmp|   0|  0|  39|          32|           2|
    |icmp_ln303_fu_692_p2                      |      icmp|   0|  0|  39|          32|           4|
    |icmp_ln307_fu_742_p2                      |      icmp|   0|  0|  39|          32|           3|
    |icmp_ln313_fu_754_p2                      |      icmp|   0|  0|  39|          32|           2|
    |ap_block_pp0_stage0_subdone               |        or|   0|  0|   2|           1|           1|
    |select_ln313_fu_766_p3                    |    select|   0|  0|  32|           1|           2|
    |select_ln318_fu_710_p3                    |    select|   0|  0|  32|           1|           2|
    |ap_enable_pp0                             |       xor|   0|  0|   2|           1|           2|
    +------------------------------------------+----------+----+---+----+------------+------------+
    |Total                                     |          |   0|  0| 513|         363|          35|
    +------------------------------------------+----------+----+---+----+------------+------------+

    * Multiplexer: 
    +-----------------------------------------+----+-----------+-----+-----------+
    |                   Name                  | LUT| Input Size| Bits| Total Bits|
    +-----------------------------------------+----+-----------+-----+-----------+
    |ap_NS_fsm                                |  26|          5|    1|          5|
    |ap_enable_reg_pp0_iter0                  |   9|          2|    1|          2|
    |ap_enable_reg_pp0_iter1                  |   9|          2|    1|          2|
    |ap_phi_reg_pp0_iter0_storemerge_reg_281  |   9|          2|   32|         64|
    |layer12_out_blk_n                        |   9|          2|    1|          2|
    |pX_4                                     |   9|          2|   32|         64|
    |pY_4                                     |   9|          2|   32|         64|
    |sX_4                                     |   9|          2|   32|         64|
    +-----------------------------------------+----+-----------+-----+-----------+
    |Total                                    |  89|         19|  132|        267|
    +-----------------------------------------+----+-----------+-----+-----------+

    * Register: 
    +--------------------------------------------------------------------------------------+----+----+-----+-----------+
    |                                         Name                                         | FF | LUT| Bits| Const Bits|
    +--------------------------------------------------------------------------------------+----+----+-----+-----------+
    |and_ln284_2_reg_835                                                                   |   1|   0|    1|          0|
    |ap_CS_fsm                                                                             |   4|   0|    4|          0|
    |ap_enable_reg_pp0_iter0_reg                                                           |   1|   0|    1|          0|
    |ap_enable_reg_pp0_iter1                                                               |   1|   0|    1|          0|
    |ap_phi_reg_pp0_iter0_storemerge_reg_281                                               |  32|   0|   32|          0|
    |grp_dense_latency_ap_ufixed_ap_fixed_16_14_5_3_0_config12_mult_s_fu_478_ap_start_reg  |   1|   0|    1|          0|
    |icmp_ln284_reg_831                                                                    |   1|   0|    1|          0|
    |icmp_ln303_reg_839                                                                    |   1|   0|    1|          0|
    |pX_4                                                                                  |  32|   0|   32|          0|
    |pY_4                                                                                  |  32|   0|   32|          0|
    |p_ZZN4nnet24compute_output_buffer_2dINS_5arrayI9ap_ufixedILi4ELi3EL9ap_q_mode4EL9     |   4|   0|    4|          0|
    |p_ZZN4nnet24compute_output_buffer_2dINS_5arrayI9ap_ufixedILi4ELi3EL9ap_q_mode4EL9_1   |   4|   0|    4|          0|
    |p_ZZN4nnet24compute_output_buffer_2dINS_5arrayI9ap_ufixedILi4ELi3EL9ap_q_mode4EL9_10  |   4|   0|    4|          0|
    |p_ZZN4nnet24compute_output_buffer_2dINS_5arrayI9ap_ufixedILi4ELi3EL9ap_q_mode4EL9_11  |   4|   0|    4|          0|
    |p_ZZN4nnet24compute_output_buffer_2dINS_5arrayI9ap_ufixedILi4ELi3EL9ap_q_mode4EL9_12  |   4|   0|    4|          0|
    |p_ZZN4nnet24compute_output_buffer_2dINS_5arrayI9ap_ufixedILi4ELi3EL9ap_q_mode4EL9_13  |   4|   0|    4|          0|
    |p_ZZN4nnet24compute_output_buffer_2dINS_5arrayI9ap_ufixedILi4ELi3EL9ap_q_mode4EL9_14  |   4|   0|    4|          0|
    |p_ZZN4nnet24compute_output_buffer_2dINS_5arrayI9ap_ufixedILi4ELi3EL9ap_q_mode4EL9_15  |   4|   0|    4|          0|
    |p_ZZN4nnet24compute_output_buffer_2dINS_5arrayI9ap_ufixedILi4ELi3EL9ap_q_mode4EL9_16  |   4|   0|    4|          0|
    |p_ZZN4nnet24compute_output_buffer_2dINS_5arrayI9ap_ufixedILi4ELi3EL9ap_q_mode4EL9_17  |   4|   0|    4|          0|
    |p_ZZN4nnet24compute_output_buffer_2dINS_5arrayI9ap_ufixedILi4ELi3EL9ap_q_mode4EL9_18  |   4|   0|    4|          0|
    |p_ZZN4nnet24compute_output_buffer_2dINS_5arrayI9ap_ufixedILi4ELi3EL9ap_q_mode4EL9_19  |   4|   0|    4|          0|
    |p_ZZN4nnet24compute_output_buffer_2dINS_5arrayI9ap_ufixedILi4ELi3EL9ap_q_mode4EL9_2   |   4|   0|    4|          0|
    |p_ZZN4nnet24compute_output_buffer_2dINS_5arrayI9ap_ufixedILi4ELi3EL9ap_q_mode4EL9_20  |   4|   0|    4|          0|
    |p_ZZN4nnet24compute_output_buffer_2dINS_5arrayI9ap_ufixedILi4ELi3EL9ap_q_mode4EL9_21  |   4|   0|    4|          0|
    |p_ZZN4nnet24compute_output_buffer_2dINS_5arrayI9ap_ufixedILi4ELi3EL9ap_q_mode4EL9_22  |   4|   0|    4|          0|
    |p_ZZN4nnet24compute_output_buffer_2dINS_5arrayI9ap_ufixedILi4ELi3EL9ap_q_mode4EL9_23  |   4|   0|    4|          0|
    |p_ZZN4nnet24compute_output_buffer_2dINS_5arrayI9ap_ufixedILi4ELi3EL9ap_q_mode4EL9_24  |   4|   0|    4|          0|
    |p_ZZN4nnet24compute_output_buffer_2dINS_5arrayI9ap_ufixedILi4ELi3EL9ap_q_mode4EL9_25  |   4|   0|    4|          0|
    |p_ZZN4nnet24compute_output_buffer_2dINS_5arrayI9ap_ufixedILi4ELi3EL9ap_q_mode4EL9_26  |   4|   0|    4|          0|
    |p_ZZN4nnet24compute_output_buffer_2dINS_5arrayI9ap_ufixedILi4ELi3EL9ap_q_mode4EL9_27  |   4|   0|    4|          0|
    |p_ZZN4nnet24compute_output_buffer_2dINS_5arrayI9ap_ufixedILi4ELi3EL9ap_q_mode4EL9_28  |   4|   0|    4|          0|
    |p_ZZN4nnet24compute_output_buffer_2dINS_5arrayI9ap_ufixedILi4ELi3EL9ap_q_mode4EL9_29  |   4|   0|    4|          0|
    |p_ZZN4nnet24compute_output_buffer_2dINS_5arrayI9ap_ufixedILi4ELi3EL9ap_q_mode4EL9_3   |   4|   0|    4|          0|
    |p_ZZN4nnet24compute_output_buffer_2dINS_5arrayI9ap_ufixedILi4ELi3EL9ap_q_mode4EL9_30  |   4|   0|    4|          0|
    |p_ZZN4nnet24compute_output_buffer_2dINS_5arrayI9ap_ufixedILi4ELi3EL9ap_q_mode4EL9_31  |   4|   0|    4|          0|
    |p_ZZN4nnet24compute_output_buffer_2dINS_5arrayI9ap_ufixedILi4ELi3EL9ap_q_mode4EL9_32  |   4|   0|    4|          0|
    |p_ZZN4nnet24compute_output_buffer_2dINS_5arrayI9ap_ufixedILi4ELi3EL9ap_q_mode4EL9_33  |   4|   0|    4|          0|
    |p_ZZN4nnet24compute_output_buffer_2dINS_5arrayI9ap_ufixedILi4ELi3EL9ap_q_mode4EL9_34  |   4|   0|    4|          0|
    |p_ZZN4nnet24compute_output_buffer_2dINS_5arrayI9ap_ufixedILi4ELi3EL9ap_q_mode4EL9_35  |   4|   0|    4|          0|
    |p_ZZN4nnet24compute_output_buffer_2dINS_5arrayI9ap_ufixedILi4ELi3EL9ap_q_mode4EL9_36  |   4|   0|    4|          0|
    |p_ZZN4nnet24compute_output_buffer_2dINS_5arrayI9ap_ufixedILi4ELi3EL9ap_q_mode4EL9_37  |   4|   0|    4|          0|
    |p_ZZN4nnet24compute_output_buffer_2dINS_5arrayI9ap_ufixedILi4ELi3EL9ap_q_mode4EL9_38  |   4|   0|    4|          0|
    |p_ZZN4nnet24compute_output_buffer_2dINS_5arrayI9ap_ufixedILi4ELi3EL9ap_q_mode4EL9_39  |   4|   0|    4|          0|
    |p_ZZN4nnet24compute_output_buffer_2dINS_5arrayI9ap_ufixedILi4ELi3EL9ap_q_mode4EL9_4   |   4|   0|    4|          0|
    |p_ZZN4nnet24compute_output_buffer_2dINS_5arrayI9ap_ufixedILi4ELi3EL9ap_q_mode4EL9_40  |   4|   0|    4|          0|
    |p_ZZN4nnet24compute_output_buffer_2dINS_5arrayI9ap_ufixedILi4ELi3EL9ap_q_mode4EL9_41  |   4|   0|    4|          0|
    |p_ZZN4nnet24compute_output_buffer_2dINS_5arrayI9ap_ufixedILi4ELi3EL9ap_q_mode4EL9_42  |   4|   0|    4|          0|
    |p_ZZN4nnet24compute_output_buffer_2dINS_5arrayI9ap_ufixedILi4ELi3EL9ap_q_mode4EL9_43  |   4|   0|    4|          0|
    |p_ZZN4nnet24compute_output_buffer_2dINS_5arrayI9ap_ufixedILi4ELi3EL9ap_q_mode4EL9_44  |   4|   0|    4|          0|
    |p_ZZN4nnet24compute_output_buffer_2dINS_5arrayI9ap_ufixedILi4ELi3EL9ap_q_mode4EL9_45  |   4|   0|    4|          0|
    |p_ZZN4nnet24compute_output_buffer_2dINS_5arrayI9ap_ufixedILi4ELi3EL9ap_q_mode4EL9_46  |   4|   0|    4|          0|
    |p_ZZN4nnet24compute_output_buffer_2dINS_5arrayI9ap_ufixedILi4ELi3EL9ap_q_mode4EL9_47  |   4|   0|    4|          0|
    |p_ZZN4nnet24compute_output_buffer_2dINS_5arrayI9ap_ufixedILi4ELi3EL9ap_q_mode4EL9_48  |   4|   0|    4|          0|
    |p_ZZN4nnet24compute_output_buffer_2dINS_5arrayI9ap_ufixedILi4ELi3EL9ap_q_mode4EL9_49  |   4|   0|    4|          0|
    |p_ZZN4nnet24compute_output_buffer_2dINS_5arrayI9ap_ufixedILi4ELi3EL9ap_q_mode4EL9_5   |   4|   0|    4|          0|
    |p_ZZN4nnet24compute_output_buffer_2dINS_5arrayI9ap_ufixedILi4ELi3EL9ap_q_mode4EL9_50  |   4|   0|    4|          0|
    |p_ZZN4nnet24compute_output_buffer_2dINS_5arrayI9ap_ufixedILi4ELi3EL9ap_q_mode4EL9_51  |   4|   0|    4|          0|
    |p_ZZN4nnet24compute_output_buffer_2dINS_5arrayI9ap_ufixedILi4ELi3EL9ap_q_mode4EL9_52  |   4|   0|    4|          0|
    |p_ZZN4nnet24compute_output_buffer_2dINS_5arrayI9ap_ufixedILi4ELi3EL9ap_q_mode4EL9_53  |   4|   0|    4|          0|
    |p_ZZN4nnet24compute_output_buffer_2dINS_5arrayI9ap_ufixedILi4ELi3EL9ap_q_mode4EL9_54  |   4|   0|    4|          0|
    |p_ZZN4nnet24compute_output_buffer_2dINS_5arrayI9ap_ufixedILi4ELi3EL9ap_q_mode4EL9_55  |   4|   0|    4|          0|
    |p_ZZN4nnet24compute_output_buffer_2dINS_5arrayI9ap_ufixedILi4ELi3EL9ap_q_mode4EL9_57  |   4|   0|    4|          0|
    |p_ZZN4nnet24compute_output_buffer_2dINS_5arrayI9ap_ufixedILi4ELi3EL9ap_q_mode4EL9_6   |   4|   0|    4|          0|
    |p_ZZN4nnet24compute_output_buffer_2dINS_5arrayI9ap_ufixedILi4ELi3EL9ap_q_mode4EL9_7   |   4|   0|    4|          0|
    |p_ZZN4nnet24compute_output_buffer_2dINS_5arrayI9ap_ufixedILi4ELi3EL9ap_q_mode4EL9_8   |   4|   0|    4|          0|
    |p_ZZN4nnet24compute_output_buffer_2dINS_5arrayI9ap_ufixedILi4ELi3EL9ap_q_mode4EL9_9   |   4|   0|    4|          0|
    |res_out_17_reg_856                                                                    |  16|   0|   16|          0|
    |res_out_18_reg_861                                                                    |  16|   0|   16|          0|
    |res_out_19_reg_866                                                                    |  16|   0|   16|          0|
    |res_out_4_reg_871                                                                     |  16|   0|   16|          0|
    |res_out_5_reg_876                                                                     |  16|   0|   16|          0|
    |res_out_6_reg_881                                                                     |  16|   0|   16|          0|
    |res_out_7_reg_886                                                                     |  16|   0|   16|          0|
    |res_out_reg_851                                                                       |  16|   0|   16|          0|
    |sX_4                                                                                  |  32|   0|   32|          0|
    |sY_4                                                                                  |  32|   0|   32|          0|
    |void_compute_output_buffer_2d_array_const_ap_shift_reg_n_chan_stream_weig_10          |   4|   0|    4|          0|
    |void_compute_output_buffer_2d_array_const_ap_shift_reg_n_chan_stream_weig_11          |   4|   0|    4|          0|
    |void_compute_output_buffer_2d_array_const_ap_shift_reg_n_chan_stream_weig_12          |   4|   0|    4|          0|
    |void_compute_output_buffer_2d_array_const_ap_shift_reg_n_chan_stream_weig_13          |   4|   0|    4|          0|
    |void_compute_output_buffer_2d_array_const_ap_shift_reg_n_chan_stream_weig_14          |   4|   0|    4|          0|
    |void_compute_output_buffer_2d_array_const_ap_shift_reg_n_chan_stream_weig_6           |   4|   0|    4|          0|
    |void_compute_output_buffer_2d_array_const_ap_shift_reg_n_chan_stream_weig_7           |   4|   0|    4|          0|
    |void_compute_output_buffer_2d_array_const_ap_shift_reg_n_chan_stream_weig_8           |   4|   0|    4|          0|
    |void_compute_output_buffer_2d_array_const_ap_shift_reg_n_chan_stream_weig_9           |   4|   0|    4|          0|
    +--------------------------------------------------------------------------------------+----+----+-----+-----------+
    |Total                                                                                 | 562|   0|  562|          0|
    +--------------------------------------------------------------------------------------+----+----+-----+-----------+



================================================================
== Interface
================================================================
* Summary: 
+----------------------------+-----+-----+------------+--------------------------------------------------------------------------+--------------+
|          RTL Ports         | Dir | Bits|  Protocol  |                               Source Object                              |    C Type    |
+----------------------------+-----+-----+------------+--------------------------------------------------------------------------+--------------+
|ap_clk                      |   in|    1|  ap_ctrl_hs|  compute_output_buffer_2d<array,array<ap_fixed<16,14,5,3,0>,8u>,config12>|  return value|
|ap_rst                      |   in|    1|  ap_ctrl_hs|  compute_output_buffer_2d<array,array<ap_fixed<16,14,5,3,0>,8u>,config12>|  return value|
|ap_start                    |   in|    1|  ap_ctrl_hs|  compute_output_buffer_2d<array,array<ap_fixed<16,14,5,3,0>,8u>,config12>|  return value|
|ap_done                     |  out|    1|  ap_ctrl_hs|  compute_output_buffer_2d<array,array<ap_fixed<16,14,5,3,0>,8u>,config12>|  return value|
|ap_idle                     |  out|    1|  ap_ctrl_hs|  compute_output_buffer_2d<array,array<ap_fixed<16,14,5,3,0>,8u>,config12>|  return value|
|ap_ready                    |  out|    1|  ap_ctrl_hs|  compute_output_buffer_2d<array,array<ap_fixed<16,14,5,3,0>,8u>,config12>|  return value|
|ap_ce                       |   in|    1|  ap_ctrl_hs|  compute_output_buffer_2d<array,array<ap_fixed<16,14,5,3,0>,8u>,config12>|  return value|
|layer12_out_blk_n           |  out|    1|  ap_ctrl_hs|  compute_output_buffer_2d<array,array<ap_fixed<16,14,5,3,0>,8u>,config12>|  return value|
|p_read                      |   in|    4|     ap_none|                                                                    p_read|        scalar|
|p_read1                     |   in|    4|     ap_none|                                                                   p_read1|        scalar|
|p_read2                     |   in|    4|     ap_none|                                                                   p_read2|        scalar|
|p_read3                     |   in|    4|     ap_none|                                                                   p_read3|        scalar|
|p_read4                     |   in|    4|     ap_none|                                                                   p_read4|        scalar|
|p_read5                     |   in|    4|     ap_none|                                                                   p_read5|        scalar|
|p_read6                     |   in|    4|     ap_none|                                                                   p_read6|        scalar|
|p_read7                     |   in|    4|     ap_none|                                                                   p_read7|        scalar|
|layer12_out_din             |  out|  128|     ap_fifo|                                                               layer12_out|       pointer|
|layer12_out_num_data_valid  |   in|    7|     ap_fifo|                                                               layer12_out|       pointer|
|layer12_out_fifo_cap        |   in|    7|     ap_fifo|                                                               layer12_out|       pointer|
|layer12_out_full_n          |   in|    1|     ap_fifo|                                                               layer12_out|       pointer|
|layer12_out_write           |  out|    1|     ap_fifo|                                                               layer12_out|       pointer|
+----------------------------+-----+-----+------------+--------------------------------------------------------------------------+--------------+

