

================================================================
== Vitis HLS Report for 'compute_output_buffer_2d_array_array_ap_fixed_16_14_5_3_0_8u_config7_s'
================================================================
* Date:           Sun Mar 22 09:55:15 2026

* Version:        2023.2 (Build 4023990 on Oct 11 2023)
* Project:        myproject_prj
* Solution:       solution1 (Vivado IP Flow Target)
* Product family: zynquplus
* Target device:  xck26-sfvc784-2LV-c


================================================================
== Performance Estimates
================================================================
+ Timing: 
    * Summary: 
    +--------+---------+----------+------------+
    |  Clock |  Target | Estimated| Uncertainty|
    +--------+---------+----------+------------+
    |ap_clk  |  5.00 ns|  3.441 ns|     1.35 ns|
    +--------+---------+----------+------------+

+ Latency: 
    * Summary: 
    +---------+---------+-----------+-----------+-----+-----+---------+
    |  Latency (cycles) |   Latency (absolute)  |  Interval | Pipeline|
    |   min   |   max   |    min    |    max    | min | max |   Type  |
    +---------+---------+-----------+-----------+-----+-----+---------+
    |        3|        3|  15.000 ns|  15.000 ns|    4|    4|      yes|
    +---------+---------+-----------+-----------+-----+-----+---------+

    + Detail: 
        * Instance: 
        +----------------------------------------------------------------------------------+-----------------------------------------------------------------------+---------+---------+----------+----------+-----+-----+---------+
        |                                                                                  |                                                                       |  Latency (cycles) |  Latency (absolute) |  Interval | Pipeline|
        |                                     Instance                                     |                                 Module                                |   min   |   max   |    min   |    max   | min | max |   Type  |
        +----------------------------------------------------------------------------------+-----------------------------------------------------------------------+---------+---------+----------+----------+-----+-----+---------+
        |call_ln281_shift_line_buffer_array_ap_ufixed_4_3_4_0_0_8u_config7_s_fu_285        |shift_line_buffer_array_ap_ufixed_4_3_4_0_0_8u_config7_s               |        0|        0|      0 ns|      0 ns|    1|    1|      yes|
        |grp_dense_latency_ap_ufixed_4_3_4_0_0_ap_fixed_16_14_5_3_0_config7_mult_s_fu_465  |dense_latency_ap_ufixed_4_3_4_0_0_ap_fixed_16_14_5_3_0_config7_mult_s  |        1|        1|  5.000 ns|  5.000 ns|    2|    2|      yes|
        +----------------------------------------------------------------------------------+-----------------------------------------------------------------------+---------+---------+----------+----------+-----+-----+---------+

        * Loop: 
        N/A



================================================================
== Utilization Estimates
================================================================
* Summary: 
+-----------------+---------+------+--------+--------+-----+
|       Name      | BRAM_18K|  DSP |   FF   |   LUT  | URAM|
+-----------------+---------+------+--------+--------+-----+
|DSP              |        -|     -|       -|       -|    -|
|Expression       |        -|     -|       0|     505|    -|
|FIFO             |        -|     -|       -|       -|    -|
|Instance         |        -|     -|    1045|    2598|    -|
|Memory           |        -|     -|       -|       -|    -|
|Multiplexer      |        -|     -|       -|      76|    -|
|Register         |        -|     -|     619|       -|    -|
+-----------------+---------+------+--------+--------+-----+
|Total            |        0|     0|    1664|    3179|    0|
+-----------------+---------+------+--------+--------+-----+
|Available        |      288|  1248|  234240|  117120|   64|
+-----------------+---------+------+--------+--------+-----+
|Utilization (%)  |        0|     0|      ~0|       2|    0|
+-----------------+---------+------+--------+--------+-----+

+ Detail: 
    * Instance: 
    +----------------------------------------------------------------------------------+-----------------------------------------------------------------------+---------+----+-----+------+-----+
    |                                     Instance                                     |                                 Module                                | BRAM_18K| DSP|  FF |  LUT | URAM|
    +----------------------------------------------------------------------------------+-----------------------------------------------------------------------+---------+----+-----+------+-----+
    |grp_dense_latency_ap_ufixed_4_3_4_0_0_ap_fixed_16_14_5_3_0_config7_mult_s_fu_465  |dense_latency_ap_ufixed_4_3_4_0_0_ap_fixed_16_14_5_3_0_config7_mult_s  |        0|   0|   56|  1812|    0|
    |call_ln281_shift_line_buffer_array_ap_ufixed_4_3_4_0_0_8u_config7_s_fu_285        |shift_line_buffer_array_ap_ufixed_4_3_4_0_0_8u_config7_s               |        0|   0|  989|   786|    0|
    +----------------------------------------------------------------------------------+-----------------------------------------------------------------------+---------+----+-----+------+-----+
    |Total                                                                             |                                                                       |        0|   0| 1045|  2598|    0|
    +----------------------------------------------------------------------------------+-----------------------------------------------------------------------+---------+----+-----+------+-----+

    * DSP: 
    N/A

    * Memory: 
    N/A

    * FIFO: 
    N/A

    * Expression: 
    +--------------------------------------+----------+----+---+----+------------+------------+
    |             Variable Name            | Operation| DSP| FF| LUT| Bitwidth P0| Bitwidth P1|
    +--------------------------------------+----------+----+---+----+------------+------------+
    |add_ln303_fu_700_p2                   |         +|   0|  0|  39|          32|           1|
    |add_ln307_fu_747_p2                   |         +|   0|  0|  39|          32|           1|
    |add_ln313_fu_769_p2                   |         +|   0|  0|  39|          32|           1|
    |add_ln318_fu_717_p2                   |         +|   0|  0|  39|          32|           1|
    |and_ln284_1_fu_649_p2                 |       and|   0|  0|   2|           1|           1|
    |and_ln284_fu_643_p2                   |       and|   0|  0|   2|           1|           1|
    |ap_block_state4                       |       and|   0|  0|   2|           1|           1|
    |ap_condition_410                      |       and|   0|  0|   2|           1|           1|
    |ap_condition_779                      |       and|   0|  0|   2|           1|           1|
    |ap_predicate_op29_call_state2         |       and|   0|  0|   2|           1|           1|
    |ap_predicate_op29_call_state2_state1  |       and|   0|  0|   2|           1|           1|
    |icmp_ln284_1_fu_605_p2                |      icmp|   0|  0|  39|          32|           2|
    |icmp_ln284_4_fu_621_p2                |      icmp|   0|  0|  38|          31|           1|
    |icmp_ln284_5_fu_637_p2                |      icmp|   0|  0|  38|          31|           1|
    |icmp_ln284_fu_587_p2                  |      icmp|   0|  0|  39|          32|           2|
    |icmp_ln303_fu_705_p2                  |      icmp|   0|  0|  39|          32|           6|
    |icmp_ln307_fu_752_p2                  |      icmp|   0|  0|  39|          32|           4|
    |icmp_ln313_fu_764_p2                  |      icmp|   0|  0|  39|          32|           2|
    |select_ln313_fu_774_p3                |    select|   0|  0|  32|           1|           2|
    |select_ln318_fu_722_p3                |    select|   0|  0|  32|           1|           2|
    +--------------------------------------+----------+----+---+----+------------+------------+
    |Total                                 |          |   0|  0| 505|         359|          33|
    +--------------------------------------+----------+----+---+----+------------+------------+

    * Multiplexer: 
    +-------------------------------------+----+-----------+-----+-----------+
    |                 Name                | LUT| Input Size| Bits| Total Bits|
    +-------------------------------------+----+-----------+-----+-----------+
    |ap_NS_fsm                            |  26|          5|    1|          5|
    |ap_phi_mux_storemerge_phi_fu_278_p4  |  14|          3|   32|         96|
    |layer7_out_blk_n                     |   9|          2|    1|          2|
    |pX_3                                 |   9|          2|   32|         64|
    |pY_3                                 |   9|          2|   32|         64|
    |sX_3                                 |   9|          2|   32|         64|
    +-------------------------------------+----+-----------+-----+-----------+
    |Total                                |  76|         16|  130|        295|
    +-------------------------------------+----+-----------+-----+-----------+

    * Register: 
    +-----------------------------------------------------------------------------------------------+----+----+-----+-----------+
    |                                              Name                                             | FF | LUT| Bits| Const Bits|
    +-----------------------------------------------------------------------------------------------+----+----+-----+-----------+
    |and_ln284_1_reg_821                                                                            |   1|   0|    1|          0|
    |ap_CS_fsm                                                                                      |   4|   0|    4|          0|
    |grp_dense_latency_ap_ufixed_4_3_4_0_0_ap_fixed_16_14_5_3_0_config7_mult_s_fu_465_ap_start_reg  |   1|   0|    1|          0|
    |icmp_ln284_reg_800                                                                             |   1|   0|    1|          0|
    |pX_3                                                                                           |  32|   0|   32|          0|
    |pX_3_load_reg_816                                                                              |  32|   0|   32|          0|
    |pY_3                                                                                           |  32|   0|   32|          0|
    |pY_3_load_reg_811                                                                              |  32|   0|   32|          0|
    |p_ZZN4nnet24compute_output_buffer_2dINS_5arrayI9ap_ufixedILi4ELi3EL9ap_q_mode4EL9_115          |   4|   0|    4|          0|
    |p_ZZN4nnet24compute_output_buffer_2dINS_5arrayI9ap_ufixedILi4ELi3EL9ap_q_mode4EL9_116          |   4|   0|    4|          0|
    |p_ZZN4nnet24compute_output_buffer_2dINS_5arrayI9ap_ufixedILi4ELi3EL9ap_q_mode4EL9_117          |   4|   0|    4|          0|
    |p_ZZN4nnet24compute_output_buffer_2dINS_5arrayI9ap_ufixedILi4ELi3EL9ap_q_mode4EL9_118          |   4|   0|    4|          0|
    |p_ZZN4nnet24compute_output_buffer_2dINS_5arrayI9ap_ufixedILi4ELi3EL9ap_q_mode4EL9_119          |   4|   0|    4|          0|
    |p_ZZN4nnet24compute_output_buffer_2dINS_5arrayI9ap_ufixedILi4ELi3EL9ap_q_mode4EL9_120          |   4|   0|    4|          0|
    |p_ZZN4nnet24compute_output_buffer_2dINS_5arrayI9ap_ufixedILi4ELi3EL9ap_q_mode4EL9_121          |   4|   0|    4|          0|
    |p_ZZN4nnet24compute_output_buffer_2dINS_5arrayI9ap_ufixedILi4ELi3EL9ap_q_mode4EL9_124          |   4|   0|    4|          0|
    |p_ZZN4nnet24compute_output_buffer_2dINS_5arrayI9ap_ufixedILi4ELi3EL9ap_q_mode4EL9_125          |   4|   0|    4|          0|
    |p_ZZN4nnet24compute_output_buffer_2dINS_5arrayI9ap_ufixedILi4ELi3EL9ap_q_mode4EL9_126          |   4|   0|    4|          0|
    |p_ZZN4nnet24compute_output_buffer_2dINS_5arrayI9ap_ufixedILi4ELi3EL9ap_q_mode4EL9_127          |   4|   0|    4|          0|
    |p_ZZN4nnet24compute_output_buffer_2dINS_5arrayI9ap_ufixedILi4ELi3EL9ap_q_mode4EL9_128          |   4|   0|    4|          0|
    |p_ZZN4nnet24compute_output_buffer_2dINS_5arrayI9ap_ufixedILi4ELi3EL9ap_q_mode4EL9_129          |   4|   0|    4|          0|
    |p_ZZN4nnet24compute_output_buffer_2dINS_5arrayI9ap_ufixedILi4ELi3EL9ap_q_mode4EL9_130          |   4|   0|    4|          0|
    |p_ZZN4nnet24compute_output_buffer_2dINS_5arrayI9ap_ufixedILi4ELi3EL9ap_q_mode4EL9_58           |   4|   0|    4|          0|
    |p_ZZN4nnet24compute_output_buffer_2dINS_5arrayI9ap_ufixedILi4ELi3EL9ap_q_mode4EL9_59           |   4|   0|    4|          0|
    |p_ZZN4nnet24compute_output_buffer_2dINS_5arrayI9ap_ufixedILi4ELi3EL9ap_q_mode4EL9_60           |   4|   0|    4|          0|
    |p_ZZN4nnet24compute_output_buffer_2dINS_5arrayI9ap_ufixedILi4ELi3EL9ap_q_mode4EL9_61           |   4|   0|    4|          0|
    |p_ZZN4nnet24compute_output_buffer_2dINS_5arrayI9ap_ufixedILi4ELi3EL9ap_q_mode4EL9_63           |   4|   0|    4|          0|
    |p_ZZN4nnet24compute_output_buffer_2dINS_5arrayI9ap_ufixedILi4ELi3EL9ap_q_mode4EL9_64           |   4|   0|    4|          0|
    |p_ZZN4nnet24compute_output_buffer_2dINS_5arrayI9ap_ufixedILi4ELi3EL9ap_q_mode4EL9_65           |   4|   0|    4|          0|
    |p_ZZN4nnet24compute_output_buffer_2dINS_5arrayI9ap_ufixedILi4ELi3EL9ap_q_mode4EL9_66           |   4|   0|    4|          0|
    |p_ZZN4nnet24compute_output_buffer_2dINS_5arrayI9ap_ufixedILi4ELi3EL9ap_q_mode4EL9_67           |   4|   0|    4|          0|
    |p_ZZN4nnet24compute_output_buffer_2dINS_5arrayI9ap_ufixedILi4ELi3EL9ap_q_mode4EL9_68           |   4|   0|    4|          0|
    |p_ZZN4nnet24compute_output_buffer_2dINS_5arrayI9ap_ufixedILi4ELi3EL9ap_q_mode4EL9_69           |   4|   0|    4|          0|
    |p_ZZN4nnet24compute_output_buffer_2dINS_5arrayI9ap_ufixedILi4ELi3EL9ap_q_mode4EL9_70           |   4|   0|    4|          0|
    |p_ZZN4nnet24compute_output_buffer_2dINS_5arrayI9ap_ufixedILi4ELi3EL9ap_q_mode4EL9_71           |   4|   0|    4|          0|
    |p_ZZN4nnet24compute_output_buffer_2dINS_5arrayI9ap_ufixedILi4ELi3EL9ap_q_mode4EL9_73           |   4|   0|    4|          0|
    |p_ZZN4nnet24compute_output_buffer_2dINS_5arrayI9ap_ufixedILi4ELi3EL9ap_q_mode4EL9_74           |   4|   0|    4|          0|
    |p_ZZN4nnet24compute_output_buffer_2dINS_5arrayI9ap_ufixedILi4ELi3EL9ap_q_mode4EL9_75           |   4|   0|    4|          0|
    |p_ZZN4nnet24compute_output_buffer_2dINS_5arrayI9ap_ufixedILi4ELi3EL9ap_q_mode4EL9_76           |   4|   0|    4|          0|
    |p_ZZN4nnet24compute_output_buffer_2dINS_5arrayI9ap_ufixedILi4ELi3EL9ap_q_mode4EL9_77           |   4|   0|    4|          0|
    |p_ZZN4nnet24compute_output_buffer_2dINS_5arrayI9ap_ufixedILi4ELi3EL9ap_q_mode4EL9_78           |   4|   0|    4|          0|
    |p_ZZN4nnet24compute_output_buffer_2dINS_5arrayI9ap_ufixedILi4ELi3EL9ap_q_mode4EL9_79           |   4|   0|    4|          0|
    |p_ZZN4nnet24compute_output_buffer_2dINS_5arrayI9ap_ufixedILi4ELi3EL9ap_q_mode4EL9_80           |   4|   0|    4|          0|
    |p_ZZN4nnet24compute_output_buffer_2dINS_5arrayI9ap_ufixedILi4ELi3EL9ap_q_mode4EL9_81           |   4|   0|    4|          0|
    |p_ZZN4nnet24compute_output_buffer_2dINS_5arrayI9ap_ufixedILi4ELi3EL9ap_q_mode4EL9_82           |   4|   0|    4|          0|
    |p_ZZN4nnet24compute_output_buffer_2dINS_5arrayI9ap_ufixedILi4ELi3EL9ap_q_mode4EL9_83           |   4|   0|    4|          0|
    |p_ZZN4nnet24compute_output_buffer_2dINS_5arrayI9ap_ufixedILi4ELi3EL9ap_q_mode4EL9_84           |   4|   0|    4|          0|
    |p_ZZN4nnet24compute_output_buffer_2dINS_5arrayI9ap_ufixedILi4ELi3EL9ap_q_mode4EL9_86           |   4|   0|    4|          0|
    |p_ZZN4nnet24compute_output_buffer_2dINS_5arrayI9ap_ufixedILi4ELi3EL9ap_q_mode4EL9_87           |   4|   0|    4|          0|
    |p_ZZN4nnet24compute_output_buffer_2dINS_5arrayI9ap_ufixedILi4ELi3EL9ap_q_mode4EL9_88           |   4|   0|    4|          0|
    |p_ZZN4nnet24compute_output_buffer_2dINS_5arrayI9ap_ufixedILi4ELi3EL9ap_q_mode4EL9_90           |   4|   0|    4|          0|
    |p_ZZN4nnet24compute_output_buffer_2dINS_5arrayI9ap_ufixedILi4ELi3EL9ap_q_mode4EL9_91           |   4|   0|    4|          0|
    |p_ZZN4nnet24compute_output_buffer_2dINS_5arrayI9ap_ufixedILi4ELi3EL9ap_q_mode4EL9_93           |   4|   0|    4|          0|
    |p_ZZN4nnet24compute_output_buffer_2dINS_5arrayI9ap_ufixedILi4ELi3EL9ap_q_mode4EL9_94           |   4|   0|    4|          0|
    |p_ZZN4nnet24compute_output_buffer_2dINS_5arrayI9ap_ufixedILi4ELi3EL9ap_q_mode4EL9_95           |   4|   0|    4|          0|
    |p_ZZN4nnet24compute_output_buffer_2dINS_5arrayI9ap_ufixedILi4ELi3EL9ap_q_mode4EL9_96           |   4|   0|    4|          0|
    |p_ZZN4nnet24compute_output_buffer_2dINS_5arrayI9ap_ufixedILi4ELi3EL9ap_q_mode4EL9_97           |   4|   0|    4|          0|
    |p_ZZN4nnet24compute_output_buffer_2dINS_5arrayI9ap_ufixedILi4ELi3EL9ap_q_mode4EL9_98           |   4|   0|    4|          0|
    |p_ZZN4nnet24compute_output_buffer_2dINS_5arrayI9ap_ufixedILi4ELi3EL9ap_q_mode4EL9_99           |   4|   0|    4|          0|
    |res_out_11_reg_830                                                                             |  16|   0|   16|          0|
    |res_out_12_reg_835                                                                             |  16|   0|   16|          0|
    |res_out_13_reg_840                                                                             |  16|   0|   16|          0|
    |res_out_4_reg_845                                                                              |  16|   0|   16|          0|
    |res_out_5_reg_850                                                                              |  16|   0|   16|          0|
    |res_out_6_reg_855                                                                              |  16|   0|   16|          0|
    |res_out_7_reg_860                                                                              |  16|   0|   16|          0|
    |res_out_reg_825                                                                                |  16|   0|   16|          0|
    |sX_3                                                                                           |  32|   0|   32|          0|
    |sX_3_load_reg_795                                                                              |  32|   0|   32|          0|
    |sY_3                                                                                           |  32|   0|   32|          0|
    |sY_3_load_reg_805                                                                              |  32|   0|   32|          0|
    |void_compute_output_buffer_2d_array_const_ap_shift_reg_n_chan_stream_weig                      |   4|   0|    4|          0|
    |void_compute_output_buffer_2d_array_const_ap_shift_reg_n_chan_stream_weig_1                    |   4|   0|    4|          0|
    |void_compute_output_buffer_2d_array_const_ap_shift_reg_n_chan_stream_weig_2                    |   4|   0|    4|          0|
    |void_compute_output_buffer_2d_array_const_ap_shift_reg_n_chan_stream_weig_3                    |   4|   0|    4|          0|
    |void_compute_output_buffer_2d_array_const_ap_shift_reg_n_chan_stream_weig_4                    |   4|   0|    4|          0|
    |void_compute_output_buffer_2d_array_const_ap_shift_reg_n_chan_stream_weig_5                    |   4|   0|    4|          0|
    +-----------------------------------------------------------------------------------------------+----+----+-----+-----------+
    |Total                                                                                          | 619|   0|  619|          0|
    +-----------------------------------------------------------------------------------------------+----+----+-----+-----------+



================================================================
== Interface
================================================================
* Summary: 
+---------------------------+-----+-----+------------+-------------------------------------------------------------------------+--------------+
|         RTL Ports         | Dir | Bits|  Protocol  |                              Source Object                              |    C Type    |
+---------------------------+-----+-----+------------+-------------------------------------------------------------------------+--------------+
|ap_clk                     |   in|    1|  ap_ctrl_hs|  compute_output_buffer_2d<array,array<ap_fixed<16,14,5,3,0>,8u>,config7>|  return value|
|ap_rst                     |   in|    1|  ap_ctrl_hs|  compute_output_buffer_2d<array,array<ap_fixed<16,14,5,3,0>,8u>,config7>|  return value|
|ap_start                   |   in|    1|  ap_ctrl_hs|  compute_output_buffer_2d<array,array<ap_fixed<16,14,5,3,0>,8u>,config7>|  return value|
|ap_done                    |  out|    1|  ap_ctrl_hs|  compute_output_buffer_2d<array,array<ap_fixed<16,14,5,3,0>,8u>,config7>|  return value|
|ap_idle                    |  out|    1|  ap_ctrl_hs|  compute_output_buffer_2d<array,array<ap_fixed<16,14,5,3,0>,8u>,config7>|  return value|
|ap_ready                   |  out|    1|  ap_ctrl_hs|  compute_output_buffer_2d<array,array<ap_fixed<16,14,5,3,0>,8u>,config7>|  return value|
|layer7_out_blk_n           |  out|    1|  ap_ctrl_hs|  compute_output_buffer_2d<array,array<ap_fixed<16,14,5,3,0>,8u>,config7>|  return value|
|ap_ce                      |   in|    1|  ap_ctrl_hs|  compute_output_buffer_2d<array,array<ap_fixed<16,14,5,3,0>,8u>,config7>|  return value|
|p_read                     |   in|    4|     ap_none|                                                                   p_read|        scalar|
|p_read1                    |   in|    4|     ap_none|                                                                  p_read1|        scalar|
|p_read2                    |   in|    4|     ap_none|                                                                  p_read2|        scalar|
|p_read3                    |   in|    4|     ap_none|                                                                  p_read3|        scalar|
|p_read4                    |   in|    4|     ap_none|                                                                  p_read4|        scalar|
|p_read5                    |   in|    4|     ap_none|                                                                  p_read5|        scalar|
|p_read6                    |   in|    4|     ap_none|                                                                  p_read6|        scalar|
|p_read7                    |   in|    4|     ap_none|                                                                  p_read7|        scalar|
|layer7_out_din             |  out|  128|     ap_fifo|                                                               layer7_out|       pointer|
|layer7_out_num_data_valid  |   in|   10|     ap_fifo|                                                               layer7_out|       pointer|
|layer7_out_fifo_cap        |   in|   10|     ap_fifo|                                                               layer7_out|       pointer|
|layer7_out_full_n          |   in|    1|     ap_fifo|                                                               layer7_out|       pointer|
|layer7_out_write           |  out|    1|     ap_fifo|                                                               layer7_out|       pointer|
+---------------------------+-----+-----+------------+-------------------------------------------------------------------------+--------------+

