

================================================================
== Vitis HLS Report for 'compute_output_buffer_2d_array_array_ap_fixed_16_14_5_3_0_16u_config7_s'
================================================================
* Date:           Sat Mar 21 19:28:08 2026

* Version:        2023.2 (Build 4023990 on Oct 11 2023)
* Project:        myproject_prj
* Solution:       solution1 (Vivado IP Flow Target)
* Product family: zynquplus
* Target device:  xck26-sfvc784-2LV-c


================================================================
== Performance Estimates
================================================================
+ Timing: 
    * Summary: 
    +--------+---------+----------+------------+
    |  Clock |  Target | Estimated| Uncertainty|
    +--------+---------+----------+------------+
    |ap_clk  |  5.00 ns|  3.298 ns|     1.35 ns|
    +--------+---------+----------+------------+

+ Latency: 
    * Summary: 
    +---------+---------+-----------+-----------+-----+-----+---------+
    |  Latency (cycles) |   Latency (absolute)  |  Interval | Pipeline|
    |   min   |   max   |    min    |    max    | min | max |   Type  |
    +---------+---------+-----------+-----------+-----+-----+---------+
    |        2|       11|  10.000 ns|  55.000 ns|    2|   11|       no|
    +---------+---------+-----------+-----------+-----+-----+---------+

    + Detail: 
        * Instance: 
        +------------------------------------------------------------------------------------+-------------------------------------------------------------------------+---------+---------+-----------+-----------+-----+-----+------------------------------------------+
        |                                                                                    |                                                                         |  Latency (cycles) |   Latency (absolute)  |  Interval |                 Pipeline                 |
        |                                      Instance                                      |                                  Module                                 |   min   |   max   |    min    |    max    | min | max |                   Type                   |
        +------------------------------------------------------------------------------------+-------------------------------------------------------------------------+---------+---------+-----------+-----------+-----+-----+------------------------------------------+
        |call_ln281_shift_line_buffer_array_ap_ufixed_4_3_4_0_0_8u_config7_s_fu_303          |shift_line_buffer_array_ap_ufixed_4_3_4_0_0_8u_config7_s                 |        0|        0|       0 ns|       0 ns|    1|    1|                                       yes|
        |grp_dense_resource_rf_leq_nin_ap_ufixed_ap_fixed_16_14_5_3_0_config7_mult_s_fu_499  |dense_resource_rf_leq_nin_ap_ufixed_ap_fixed_16_14_5_3_0_config7_mult_s  |        7|        8|  35.000 ns|  40.000 ns|    4|    4|  loop rewind stp(delay=0 clock cycles(s))|
        +------------------------------------------------------------------------------------+-------------------------------------------------------------------------+---------+---------+-----------+-----------+-----+-----+------------------------------------------+

        * Loop: 
        N/A



================================================================
== Utilization Estimates
================================================================
* Summary: 
+-----------------+---------+------+--------+--------+-----+
|       Name      | BRAM_18K|  DSP |   FF   |   LUT  | URAM|
+-----------------+---------+------+--------+--------+-----+
|DSP              |        -|     -|       -|       -|    -|
|Expression       |        -|     -|       0|     501|    -|
|FIFO             |        -|     -|       -|       -|    -|
|Instance         |       32|   158|    5162|    7636|    -|
|Memory           |        -|     -|       -|       -|    -|
|Multiplexer      |        -|     -|       -|      76|    -|
|Register         |        -|     -|     679|       -|    -|
+-----------------+---------+------+--------+--------+-----+
|Total            |       32|   158|    5841|    8213|    0|
+-----------------+---------+------+--------+--------+-----+
|Available        |      288|  1248|  234240|  117120|   64|
+-----------------+---------+------+--------+--------+-----+
|Utilization (%)  |       11|    12|       2|       7|    0|
+-----------------+---------+------+--------+--------+-----+

+ Detail: 
    * Instance: 
    +------------------------------------------------------------------------------------+-------------------------------------------------------------------------+---------+-----+------+------+-----+
    |                                      Instance                                      |                                  Module                                 | BRAM_18K| DSP |  FF  |  LUT | URAM|
    +------------------------------------------------------------------------------------+-------------------------------------------------------------------------+---------+-----+------+------+-----+
    |grp_dense_resource_rf_leq_nin_ap_ufixed_ap_fixed_16_14_5_3_0_config7_mult_s_fu_499  |dense_resource_rf_leq_nin_ap_ufixed_ap_fixed_16_14_5_3_0_config7_mult_s  |       32|  158|  4137|  6692|    0|
    |call_ln281_shift_line_buffer_array_ap_ufixed_4_3_4_0_0_8u_config7_s_fu_303          |shift_line_buffer_array_ap_ufixed_4_3_4_0_0_8u_config7_s                 |        0|    0|  1025|   944|    0|
    +------------------------------------------------------------------------------------+-------------------------------------------------------------------------+---------+-----+------+------+-----+
    |Total                                                                               |                                                                         |       32|  158|  5162|  7636|    0|
    +------------------------------------------------------------------------------------+-------------------------------------------------------------------------+---------+-----+------+------+-----+

    * DSP: 
    N/A

    * Memory: 
    N/A

    * FIFO: 
    N/A

    * Expression: 
    +--------------------------------+----------+----+---+----+------------+------------+
    |          Variable Name         | Operation| DSP| FF| LUT| Bitwidth P0| Bitwidth P1|
    +--------------------------------+----------+----+---+----+------------+------------+
    |add_ln303_fu_806_p2             |         +|   0|  0|  39|          32|           1|
    |add_ln307_fu_853_p2             |         +|   0|  0|  39|          32|           1|
    |add_ln313_fu_875_p2             |         +|   0|  0|  39|          32|           1|
    |add_ln318_fu_823_p2             |         +|   0|  0|  39|          32|           1|
    |and_ln284_1_fu_715_p2           |       and|   0|  0|   2|           1|           1|
    |and_ln284_fu_709_p2             |       and|   0|  0|   2|           1|           1|
    |ap_block_state4                 |       and|   0|  0|   2|           1|           1|
    |ap_condition_863                |       and|   0|  0|   2|           1|           1|
    |ap_predicate_op48_write_state4  |       and|   0|  0|   2|           1|           1|
    |icmp_ln284_1_fu_671_p2          |      icmp|   0|  0|  39|          32|           2|
    |icmp_ln284_7_fu_687_p2          |      icmp|   0|  0|  38|          31|           1|
    |icmp_ln284_8_fu_703_p2          |      icmp|   0|  0|  38|          31|           1|
    |icmp_ln284_fu_653_p2            |      icmp|   0|  0|  39|          32|           2|
    |icmp_ln303_fu_811_p2            |      icmp|   0|  0|  39|          32|           7|
    |icmp_ln307_fu_858_p2            |      icmp|   0|  0|  39|          32|           4|
    |icmp_ln313_fu_870_p2            |      icmp|   0|  0|  39|          32|           2|
    |select_ln313_fu_880_p3          |    select|   0|  0|  32|           1|           2|
    |select_ln318_fu_828_p3          |    select|   0|  0|  32|           1|           2|
    +--------------------------------+----------+----+---+----+------------+------------+
    |Total                           |          |   0|  0| 501|         357|          32|
    +--------------------------------+----------+----+---+----+------------+------------+

    * Multiplexer: 
    +-------------------------------------+----+-----------+-----+-----------+
    |                 Name                | LUT| Input Size| Bits| Total Bits|
    +-------------------------------------+----+-----------+-----+-----------+
    |ap_NS_fsm                            |  26|          5|    1|          5|
    |ap_phi_mux_storemerge_phi_fu_296_p4  |  14|          3|   32|         96|
    |layer7_out_blk_n                     |   9|          2|    1|          2|
    |pX_3                                 |   9|          2|   32|         64|
    |pY_3                                 |   9|          2|   32|         64|
    |sX_3                                 |   9|          2|   32|         64|
    +-------------------------------------+----+-----------+-----+-----------+
    |Total                                |  76|         16|  130|        295|
    +-------------------------------------+----+-----------+-----+-----------+

    * Register: 
    +-------------------------------------------------------------------------------------------------+----+----+-----+-----------+
    |                                               Name                                              | FF | LUT| Bits| Const Bits|
    +-------------------------------------------------------------------------------------------------+----+----+-----+-----------+
    |and_ln284_1_reg_918                                                                              |   1|   0|    1|          0|
    |ap_CS_fsm                                                                                        |   4|   0|    4|          0|
    |grp_dense_resource_rf_leq_nin_ap_ufixed_ap_fixed_16_14_5_3_0_config7_mult_s_fu_499_ap_start_reg  |   1|   0|    1|          0|
    |icmp_ln284_reg_904                                                                               |   1|   0|    1|          0|
    |pX_3                                                                                             |  32|   0|   32|          0|
    |pY_3                                                                                             |  32|   0|   32|          0|
    |p_ZZN4nnet24compute_output_buffer_2dINS_5arrayI9ap_ufixedILi4ELi3EL9ap_q_mode4EL9                |   4|   0|    4|          0|
    |p_ZZN4nnet24compute_output_buffer_2dINS_5arrayI9ap_ufixedILi4ELi3EL9ap_q_mode4EL9_1              |   4|   0|    4|          0|
    |p_ZZN4nnet24compute_output_buffer_2dINS_5arrayI9ap_ufixedILi4ELi3EL9ap_q_mode4EL9_10             |   4|   0|    4|          0|
    |p_ZZN4nnet24compute_output_buffer_2dINS_5arrayI9ap_ufixedILi4ELi3EL9ap_q_mode4EL9_11             |   4|   0|    4|          0|
    |p_ZZN4nnet24compute_output_buffer_2dINS_5arrayI9ap_ufixedILi4ELi3EL9ap_q_mode4EL9_12             |   4|   0|    4|          0|
    |p_ZZN4nnet24compute_output_buffer_2dINS_5arrayI9ap_ufixedILi4ELi3EL9ap_q_mode4EL9_13             |   4|   0|    4|          0|
    |p_ZZN4nnet24compute_output_buffer_2dINS_5arrayI9ap_ufixedILi4ELi3EL9ap_q_mode4EL9_14             |   4|   0|    4|          0|
    |p_ZZN4nnet24compute_output_buffer_2dINS_5arrayI9ap_ufixedILi4ELi3EL9ap_q_mode4EL9_15             |   4|   0|    4|          0|
    |p_ZZN4nnet24compute_output_buffer_2dINS_5arrayI9ap_ufixedILi4ELi3EL9ap_q_mode4EL9_16             |   4|   0|    4|          0|
    |p_ZZN4nnet24compute_output_buffer_2dINS_5arrayI9ap_ufixedILi4ELi3EL9ap_q_mode4EL9_17             |   4|   0|    4|          0|
    |p_ZZN4nnet24compute_output_buffer_2dINS_5arrayI9ap_ufixedILi4ELi3EL9ap_q_mode4EL9_18             |   4|   0|    4|          0|
    |p_ZZN4nnet24compute_output_buffer_2dINS_5arrayI9ap_ufixedILi4ELi3EL9ap_q_mode4EL9_19             |   4|   0|    4|          0|
    |p_ZZN4nnet24compute_output_buffer_2dINS_5arrayI9ap_ufixedILi4ELi3EL9ap_q_mode4EL9_2              |   4|   0|    4|          0|
    |p_ZZN4nnet24compute_output_buffer_2dINS_5arrayI9ap_ufixedILi4ELi3EL9ap_q_mode4EL9_20             |   4|   0|    4|          0|
    |p_ZZN4nnet24compute_output_buffer_2dINS_5arrayI9ap_ufixedILi4ELi3EL9ap_q_mode4EL9_21             |   4|   0|    4|          0|
    |p_ZZN4nnet24compute_output_buffer_2dINS_5arrayI9ap_ufixedILi4ELi3EL9ap_q_mode4EL9_22             |   4|   0|    4|          0|
    |p_ZZN4nnet24compute_output_buffer_2dINS_5arrayI9ap_ufixedILi4ELi3EL9ap_q_mode4EL9_23             |   4|   0|    4|          0|
    |p_ZZN4nnet24compute_output_buffer_2dINS_5arrayI9ap_ufixedILi4ELi3EL9ap_q_mode4EL9_24             |   4|   0|    4|          0|
    |p_ZZN4nnet24compute_output_buffer_2dINS_5arrayI9ap_ufixedILi4ELi3EL9ap_q_mode4EL9_25             |   4|   0|    4|          0|
    |p_ZZN4nnet24compute_output_buffer_2dINS_5arrayI9ap_ufixedILi4ELi3EL9ap_q_mode4EL9_26             |   4|   0|    4|          0|
    |p_ZZN4nnet24compute_output_buffer_2dINS_5arrayI9ap_ufixedILi4ELi3EL9ap_q_mode4EL9_27             |   4|   0|    4|          0|
    |p_ZZN4nnet24compute_output_buffer_2dINS_5arrayI9ap_ufixedILi4ELi3EL9ap_q_mode4EL9_28             |   4|   0|    4|          0|
    |p_ZZN4nnet24compute_output_buffer_2dINS_5arrayI9ap_ufixedILi4ELi3EL9ap_q_mode4EL9_29             |   4|   0|    4|          0|
    |p_ZZN4nnet24compute_output_buffer_2dINS_5arrayI9ap_ufixedILi4ELi3EL9ap_q_mode4EL9_3              |   4|   0|    4|          0|
    |p_ZZN4nnet24compute_output_buffer_2dINS_5arrayI9ap_ufixedILi4ELi3EL9ap_q_mode4EL9_30             |   4|   0|    4|          0|
    |p_ZZN4nnet24compute_output_buffer_2dINS_5arrayI9ap_ufixedILi4ELi3EL9ap_q_mode4EL9_31             |   4|   0|    4|          0|
    |p_ZZN4nnet24compute_output_buffer_2dINS_5arrayI9ap_ufixedILi4ELi3EL9ap_q_mode4EL9_32             |   4|   0|    4|          0|
    |p_ZZN4nnet24compute_output_buffer_2dINS_5arrayI9ap_ufixedILi4ELi3EL9ap_q_mode4EL9_33             |   4|   0|    4|          0|
    |p_ZZN4nnet24compute_output_buffer_2dINS_5arrayI9ap_ufixedILi4ELi3EL9ap_q_mode4EL9_34             |   4|   0|    4|          0|
    |p_ZZN4nnet24compute_output_buffer_2dINS_5arrayI9ap_ufixedILi4ELi3EL9ap_q_mode4EL9_35             |   4|   0|    4|          0|
    |p_ZZN4nnet24compute_output_buffer_2dINS_5arrayI9ap_ufixedILi4ELi3EL9ap_q_mode4EL9_36             |   4|   0|    4|          0|
    |p_ZZN4nnet24compute_output_buffer_2dINS_5arrayI9ap_ufixedILi4ELi3EL9ap_q_mode4EL9_37             |   4|   0|    4|          0|
    |p_ZZN4nnet24compute_output_buffer_2dINS_5arrayI9ap_ufixedILi4ELi3EL9ap_q_mode4EL9_38             |   4|   0|    4|          0|
    |p_ZZN4nnet24compute_output_buffer_2dINS_5arrayI9ap_ufixedILi4ELi3EL9ap_q_mode4EL9_39             |   4|   0|    4|          0|
    |p_ZZN4nnet24compute_output_buffer_2dINS_5arrayI9ap_ufixedILi4ELi3EL9ap_q_mode4EL9_4              |   4|   0|    4|          0|
    |p_ZZN4nnet24compute_output_buffer_2dINS_5arrayI9ap_ufixedILi4ELi3EL9ap_q_mode4EL9_40             |   4|   0|    4|          0|
    |p_ZZN4nnet24compute_output_buffer_2dINS_5arrayI9ap_ufixedILi4ELi3EL9ap_q_mode4EL9_41             |   4|   0|    4|          0|
    |p_ZZN4nnet24compute_output_buffer_2dINS_5arrayI9ap_ufixedILi4ELi3EL9ap_q_mode4EL9_42             |   4|   0|    4|          0|
    |p_ZZN4nnet24compute_output_buffer_2dINS_5arrayI9ap_ufixedILi4ELi3EL9ap_q_mode4EL9_43             |   4|   0|    4|          0|
    |p_ZZN4nnet24compute_output_buffer_2dINS_5arrayI9ap_ufixedILi4ELi3EL9ap_q_mode4EL9_44             |   4|   0|    4|          0|
    |p_ZZN4nnet24compute_output_buffer_2dINS_5arrayI9ap_ufixedILi4ELi3EL9ap_q_mode4EL9_45             |   4|   0|    4|          0|
    |p_ZZN4nnet24compute_output_buffer_2dINS_5arrayI9ap_ufixedILi4ELi3EL9ap_q_mode4EL9_46             |   4|   0|    4|          0|
    |p_ZZN4nnet24compute_output_buffer_2dINS_5arrayI9ap_ufixedILi4ELi3EL9ap_q_mode4EL9_47             |   4|   0|    4|          0|
    |p_ZZN4nnet24compute_output_buffer_2dINS_5arrayI9ap_ufixedILi4ELi3EL9ap_q_mode4EL9_48             |   4|   0|    4|          0|
    |p_ZZN4nnet24compute_output_buffer_2dINS_5arrayI9ap_ufixedILi4ELi3EL9ap_q_mode4EL9_49             |   4|   0|    4|          0|
    |p_ZZN4nnet24compute_output_buffer_2dINS_5arrayI9ap_ufixedILi4ELi3EL9ap_q_mode4EL9_5              |   4|   0|    4|          0|
    |p_ZZN4nnet24compute_output_buffer_2dINS_5arrayI9ap_ufixedILi4ELi3EL9ap_q_mode4EL9_50             |   4|   0|    4|          0|
    |p_ZZN4nnet24compute_output_buffer_2dINS_5arrayI9ap_ufixedILi4ELi3EL9ap_q_mode4EL9_51             |   4|   0|    4|          0|
    |p_ZZN4nnet24compute_output_buffer_2dINS_5arrayI9ap_ufixedILi4ELi3EL9ap_q_mode4EL9_52             |   4|   0|    4|          0|
    |p_ZZN4nnet24compute_output_buffer_2dINS_5arrayI9ap_ufixedILi4ELi3EL9ap_q_mode4EL9_53             |   4|   0|    4|          0|
    |p_ZZN4nnet24compute_output_buffer_2dINS_5arrayI9ap_ufixedILi4ELi3EL9ap_q_mode4EL9_54             |   4|   0|    4|          0|
    |p_ZZN4nnet24compute_output_buffer_2dINS_5arrayI9ap_ufixedILi4ELi3EL9ap_q_mode4EL9_55             |   4|   0|    4|          0|
    |p_ZZN4nnet24compute_output_buffer_2dINS_5arrayI9ap_ufixedILi4ELi3EL9ap_q_mode4EL9_56             |   4|   0|    4|          0|
    |p_ZZN4nnet24compute_output_buffer_2dINS_5arrayI9ap_ufixedILi4ELi3EL9ap_q_mode4EL9_57             |   4|   0|    4|          0|
    |p_ZZN4nnet24compute_output_buffer_2dINS_5arrayI9ap_ufixedILi4ELi3EL9ap_q_mode4EL9_58             |   4|   0|    4|          0|
    |p_ZZN4nnet24compute_output_buffer_2dINS_5arrayI9ap_ufixedILi4ELi3EL9ap_q_mode4EL9_59             |   4|   0|    4|          0|
    |p_ZZN4nnet24compute_output_buffer_2dINS_5arrayI9ap_ufixedILi4ELi3EL9ap_q_mode4EL9_6              |   4|   0|    4|          0|
    |p_ZZN4nnet24compute_output_buffer_2dINS_5arrayI9ap_ufixedILi4ELi3EL9ap_q_mode4EL9_60             |   4|   0|    4|          0|
    |p_ZZN4nnet24compute_output_buffer_2dINS_5arrayI9ap_ufixedILi4ELi3EL9ap_q_mode4EL9_61             |   4|   0|    4|          0|
    |p_ZZN4nnet24compute_output_buffer_2dINS_5arrayI9ap_ufixedILi4ELi3EL9ap_q_mode4EL9_7              |   4|   0|    4|          0|
    |p_ZZN4nnet24compute_output_buffer_2dINS_5arrayI9ap_ufixedILi4ELi3EL9ap_q_mode4EL9_8              |   4|   0|    4|          0|
    |p_ZZN4nnet24compute_output_buffer_2dINS_5arrayI9ap_ufixedILi4ELi3EL9ap_q_mode4EL9_9              |   4|   0|    4|          0|
    |res_out_19_reg_972                                                                               |  16|   0|   16|          0|
    |res_out_20_reg_977                                                                               |  16|   0|   16|          0|
    |res_out_21_reg_982                                                                               |  16|   0|   16|          0|
    |res_out_22_reg_987                                                                               |  16|   0|   16|          0|
    |res_out_23_reg_992                                                                               |  16|   0|   16|          0|
    |res_out_24_reg_997                                                                               |  16|   0|   16|          0|
    |res_out_25_reg_927                                                                               |  16|   0|   16|          0|
    |res_out_26_reg_932                                                                               |  16|   0|   16|          0|
    |res_out_27_reg_937                                                                               |  16|   0|   16|          0|
    |res_out_4_reg_942                                                                                |  16|   0|   16|          0|
    |res_out_5_reg_947                                                                                |  16|   0|   16|          0|
    |res_out_6_reg_952                                                                                |  16|   0|   16|          0|
    |res_out_7_reg_957                                                                                |  16|   0|   16|          0|
    |res_out_8_reg_962                                                                                |  16|   0|   16|          0|
    |res_out_9_reg_967                                                                                |  16|   0|   16|          0|
    |res_out_reg_922                                                                                  |  16|   0|   16|          0|
    |sX_3                                                                                             |  32|   0|   32|          0|
    |sY_3                                                                                             |  32|   0|   32|          0|
    |void_compute_output_buffer_2d_array_const_ap_shift_reg_n_chan_stream_weig                        |   4|   0|    4|          0|
    |void_compute_output_buffer_2d_array_const_ap_shift_reg_n_chan_stream_weig_1                      |   4|   0|    4|          0|
    |void_compute_output_buffer_2d_array_const_ap_shift_reg_n_chan_stream_weig_2                      |   4|   0|    4|          0|
    |void_compute_output_buffer_2d_array_const_ap_shift_reg_n_chan_stream_weig_3                      |   4|   0|    4|          0|
    |void_compute_output_buffer_2d_array_const_ap_shift_reg_n_chan_stream_weig_4                      |   4|   0|    4|          0|
    |void_compute_output_buffer_2d_array_const_ap_shift_reg_n_chan_stream_weig_5                      |   4|   0|    4|          0|
    |void_compute_output_buffer_2d_array_const_ap_shift_reg_n_chan_stream_weig_6                      |   4|   0|    4|          0|
    |void_compute_output_buffer_2d_array_const_ap_shift_reg_n_chan_stream_weig_7                      |   4|   0|    4|          0|
    |void_compute_output_buffer_2d_array_const_ap_shift_reg_n_chan_stream_weig_8                      |   4|   0|    4|          0|
    |void_compute_output_buffer_2d_array_const_ap_shift_reg_n_chan_stream_weig_9                      |   4|   0|    4|          0|
    +-------------------------------------------------------------------------------------------------+----+----+-----+-----------+
    |Total                                                                                            | 679|   0|  679|          0|
    +-------------------------------------------------------------------------------------------------+----+----+-----+-----------+



================================================================
== Interface
================================================================
* Summary: 
+---------------------------+-----+-----+------------+--------------------------------------------------------------------------+--------------+
|         RTL Ports         | Dir | Bits|  Protocol  |                               Source Object                              |    C Type    |
+---------------------------+-----+-----+------------+--------------------------------------------------------------------------+--------------+
|ap_clk                     |   in|    1|  ap_ctrl_hs|  compute_output_buffer_2d<array,array<ap_fixed<16,14,5,3,0>,16u>,config7>|  return value|
|ap_rst                     |   in|    1|  ap_ctrl_hs|  compute_output_buffer_2d<array,array<ap_fixed<16,14,5,3,0>,16u>,config7>|  return value|
|ap_start                   |   in|    1|  ap_ctrl_hs|  compute_output_buffer_2d<array,array<ap_fixed<16,14,5,3,0>,16u>,config7>|  return value|
|ap_done                    |  out|    1|  ap_ctrl_hs|  compute_output_buffer_2d<array,array<ap_fixed<16,14,5,3,0>,16u>,config7>|  return value|
|ap_idle                    |  out|    1|  ap_ctrl_hs|  compute_output_buffer_2d<array,array<ap_fixed<16,14,5,3,0>,16u>,config7>|  return value|
|ap_ready                   |  out|    1|  ap_ctrl_hs|  compute_output_buffer_2d<array,array<ap_fixed<16,14,5,3,0>,16u>,config7>|  return value|
|p_read                     |   in|    4|     ap_none|                                                                    p_read|        scalar|
|p_read1                    |   in|    4|     ap_none|                                                                   p_read1|        scalar|
|p_read2                    |   in|    4|     ap_none|                                                                   p_read2|        scalar|
|p_read3                    |   in|    4|     ap_none|                                                                   p_read3|        scalar|
|p_read4                    |   in|    4|     ap_none|                                                                   p_read4|        scalar|
|p_read5                    |   in|    4|     ap_none|                                                                   p_read5|        scalar|
|p_read6                    |   in|    4|     ap_none|                                                                   p_read6|        scalar|
|p_read7                    |   in|    4|     ap_none|                                                                   p_read7|        scalar|
|layer7_out_din             |  out|  256|     ap_fifo|                                                                layer7_out|       pointer|
|layer7_out_num_data_valid  |   in|   11|     ap_fifo|                                                                layer7_out|       pointer|
|layer7_out_fifo_cap        |   in|   11|     ap_fifo|                                                                layer7_out|       pointer|
|layer7_out_full_n          |   in|    1|     ap_fifo|                                                                layer7_out|       pointer|
|layer7_out_write           |  out|    1|     ap_fifo|                                                                layer7_out|       pointer|
+---------------------------+-----+-----+------------+--------------------------------------------------------------------------+--------------+

