

================================================================
== Vitis HLS Report for 'conv_2d_cl_array_ap_ufixed_8u_array_ap_fixed_16_14_5_3_0_8u_config12_s'
================================================================
* Date:           Mon Mar 30 19:13:49 2026

* Version:        2023.2 (Build 4023990 on Oct 11 2023)
* Project:        myproject_prj
* Solution:       solution1 (Vivado IP Flow Target)
* Product family: zynquplus
* Target device:  xck26-sfvc784-2LV-c


================================================================
== Performance Estimates
================================================================
+ Timing: 
    * Summary: 
    +--------+---------+----------+------------+
    |  Clock |  Target | Estimated| Uncertainty|
    +--------+---------+----------+------------+
    |ap_clk  |  5.00 ns|  3.519 ns|     1.35 ns|
    +--------+---------+----------+------------+

+ Latency: 
    * Summary: 
    +---------+---------+----------+----------+-----+-----+---------+
    |  Latency (cycles) |  Latency (absolute) |  Interval | Pipeline|
    |   min   |   max   |    min   |    max   | min | max |   Type  |
    +---------+---------+----------+----------+-----+-----+---------+
    |      283|      283|  1.415 us|  1.415 us|  283|  283|       no|
    +---------+---------+----------+----------+-----+-----+---------+

    + Detail: 
        * Instance: 
        +------------------------------------------------------------------------------------+-------------------------------------------------------------------------+---------+---------+-----------+-----------+-----+-----+---------+
        |                                                                                    |                                                                         |  Latency (cycles) |   Latency (absolute)  |  Interval | Pipeline|
        |                                      Instance                                      |                                  Module                                 |   min   |   max   |    min    |    max    | min | max |   Type  |
        +------------------------------------------------------------------------------------+-------------------------------------------------------------------------+---------+---------+-----------+-----------+-----+-----+---------+
        |grp_compute_output_buffer_2d_array_array_ap_fixed_16_14_5_3_0_8u_config12_s_fu_250  |compute_output_buffer_2d_array_array_ap_fixed_16_14_5_3_0_8u_config12_s  |        4|        4|  20.000 ns|  20.000 ns|    4|    4|      yes|
        +------------------------------------------------------------------------------------+-------------------------------------------------------------------------+---------+---------+-----------+-----------+-----+-----+---------+

        * Loop: 
        +----------------------------------+---------+---------+----------+-----------+-----------+------+----------+
        |                                  |  Latency (cycles) | Iteration|  Initiation Interval  | Trip |          |
        |             Loop Name            |   min   |   max   |  Latency |  achieved |   target  | Count| Pipelined|
        +----------------------------------+---------+---------+----------+-----------+-----------+------+----------+
        |- ReadInputHeight_ReadInputWidth  |      281|      281|         6|          4|          4|    70|       yes|
        +----------------------------------+---------+---------+----------+-----------+-----------+------+----------+



================================================================
== Utilization Estimates
================================================================
* Summary: 
+-----------------+---------+------+--------+--------+-----+
|       Name      | BRAM_18K|  DSP |   FF   |   LUT  | URAM|
+-----------------+---------+------+--------+--------+-----+
|DSP              |        -|     -|       -|       -|    -|
|Expression       |        -|     -|       0|      42|    -|
|FIFO             |        -|     -|       -|       -|    -|
|Instance         |        -|     -|    1740|    4203|    -|
|Memory           |        -|     -|       -|       -|    -|
|Multiplexer      |        -|     -|       -|     116|    -|
|Register         |        -|     -|      17|       -|    -|
+-----------------+---------+------+--------+--------+-----+
|Total            |        0|     0|    1757|    4361|    0|
+-----------------+---------+------+--------+--------+-----+
|Available        |      288|  1248|  234240|  117120|   64|
+-----------------+---------+------+--------+--------+-----+
|Utilization (%)  |        0|     0|      ~0|       3|    0|
+-----------------+---------+------+--------+--------+-----+

+ Detail: 
    * Instance: 
    +------------------------------------------------------------------------------------+-------------------------------------------------------------------------+---------+----+------+------+-----+
    |                                      Instance                                      |                                  Module                                 | BRAM_18K| DSP|  FF  |  LUT | URAM|
    +------------------------------------------------------------------------------------+-------------------------------------------------------------------------+---------+----+------+------+-----+
    |grp_compute_output_buffer_2d_array_array_ap_fixed_16_14_5_3_0_8u_config12_s_fu_250  |compute_output_buffer_2d_array_array_ap_fixed_16_14_5_3_0_8u_config12_s  |        0|   0|  1740|  4203|    0|
    +------------------------------------------------------------------------------------+-------------------------------------------------------------------------+---------+----+------+------+-----+
    |Total                                                                               |                                                                         |        0|   0|  1740|  4203|    0|
    +------------------------------------------------------------------------------------+-------------------------------------------------------------------------+---------+----+------+------+-----+

    * DSP: 
    N/A

    * Memory: 
    N/A

    * FIFO: 
    N/A

    * Expression: 
    +------------------------------------------+----------+----+---+----+------------+------------+
    |               Variable Name              | Operation| DSP| FF| LUT| Bitwidth P0| Bitwidth P1|
    +------------------------------------------+----------+----+---+----+------------+------------+
    |add_ln25_fu_452_p2                        |         +|   0|  0|  14|           7|           1|
    |ap_block_pp0_stage0_11001                 |       and|   0|  0|   2|           1|           1|
    |ap_block_pp0_stage0_11001_ignoreCallOp31  |       and|   0|  0|   2|           1|           1|
    |ap_block_pp0_stage1_11001_ignoreCallOp28  |       and|   0|  0|   2|           1|           1|
    |ap_block_state2_pp0_stage1_iter0          |       and|   0|  0|   2|           1|           1|
    |ap_condition_179                          |       and|   0|  0|   2|           1|           1|
    |icmp_ln25_fu_446_p2                       |      icmp|   0|  0|  14|           7|           7|
    |ap_block_pp0_stage1_11001                 |        or|   0|  0|   2|           1|           1|
    |ap_enable_pp0                             |       xor|   0|  0|   2|           1|           2|
    +------------------------------------------+----------+----+---+----+------------+------------+
    |Total                                     |          |   0|  0|  42|          21|          16|
    +------------------------------------------+----------+----+---+----+------------+------------+

    * Multiplexer: 
    +--------------------------------------+----+-----------+-----+-----------+
    |                 Name                 | LUT| Input Size| Bits| Total Bits|
    +--------------------------------------+----+-----------+-----+-----------+
    |ap_NS_fsm                             |  26|          5|    1|          5|
    |ap_done_int                           |   9|          2|    1|          2|
    |ap_enable_reg_pp0_iter0               |   9|          2|    1|          2|
    |ap_enable_reg_pp0_iter0_reg           |   9|          2|    1|          2|
    |ap_enable_reg_pp0_iter1               |   9|          2|    1|          2|
    |ap_sig_allocacmp_indvar_flatten_load  |   9|          2|    7|         14|
    |indvar_flatten_fu_240                 |   9|          2|    7|         14|
    |layer12_out_blk_n                     |   9|          2|    1|          2|
    |layer12_out_write                     |   9|          2|    1|          2|
    |layer26_out_blk_n                     |   9|          2|    1|          2|
    |real_start                            |   9|          2|    1|          2|
    +--------------------------------------+----+-----------+-----+-----------+
    |Total                                 | 116|         25|   23|         49|
    +--------------------------------------+----+-----------+-----+-----------+

    * Register: 
    +-------------------------------------------------------------------------------------------------+---+----+-----+-----------+
    |                                               Name                                              | FF| LUT| Bits| Const Bits|
    +-------------------------------------------------------------------------------------------------+---+----+-----+-----------+
    |ap_CS_fsm                                                                                        |  4|   0|    4|          0|
    |ap_done_reg                                                                                      |  1|   0|    1|          0|
    |ap_enable_reg_pp0_iter0_reg                                                                      |  1|   0|    1|          0|
    |ap_enable_reg_pp0_iter1                                                                          |  1|   0|    1|          0|
    |grp_compute_output_buffer_2d_array_array_ap_fixed_16_14_5_3_0_8u_config12_s_fu_250_ap_start_reg  |  1|   0|    1|          0|
    |icmp_ln25_reg_552                                                                                |  1|   0|    1|          0|
    |indvar_flatten_fu_240                                                                            |  7|   0|    7|          0|
    |start_once_reg                                                                                   |  1|   0|    1|          0|
    +-------------------------------------------------------------------------------------------------+---+----+-----+-----------+
    |Total                                                                                            | 17|   0|   17|          0|
    +-------------------------------------------------------------------------------------------------+---+----+-----+-----------+



================================================================
== Interface
================================================================
* Summary: 
+----------------------------+-----+-----+------------+--------------------------------------------------------------------------+--------------+
|          RTL Ports         | Dir | Bits|  Protocol  |                               Source Object                              |    C Type    |
+----------------------------+-----+-----+------------+--------------------------------------------------------------------------+--------------+
|ap_clk                      |   in|    1|  ap_ctrl_hs|  conv_2d_cl<array<ap_ufixed,8u>,array<ap_fixed<16,14,5,3,0>,8u>,config12>|  return value|
|ap_rst                      |   in|    1|  ap_ctrl_hs|  conv_2d_cl<array<ap_ufixed,8u>,array<ap_fixed<16,14,5,3,0>,8u>,config12>|  return value|
|ap_start                    |   in|    1|  ap_ctrl_hs|  conv_2d_cl<array<ap_ufixed,8u>,array<ap_fixed<16,14,5,3,0>,8u>,config12>|  return value|
|start_full_n                |   in|    1|  ap_ctrl_hs|  conv_2d_cl<array<ap_ufixed,8u>,array<ap_fixed<16,14,5,3,0>,8u>,config12>|  return value|
|ap_done                     |  out|    1|  ap_ctrl_hs|  conv_2d_cl<array<ap_ufixed,8u>,array<ap_fixed<16,14,5,3,0>,8u>,config12>|  return value|
|ap_continue                 |   in|    1|  ap_ctrl_hs|  conv_2d_cl<array<ap_ufixed,8u>,array<ap_fixed<16,14,5,3,0>,8u>,config12>|  return value|
|ap_idle                     |  out|    1|  ap_ctrl_hs|  conv_2d_cl<array<ap_ufixed,8u>,array<ap_fixed<16,14,5,3,0>,8u>,config12>|  return value|
|ap_ready                    |  out|    1|  ap_ctrl_hs|  conv_2d_cl<array<ap_ufixed,8u>,array<ap_fixed<16,14,5,3,0>,8u>,config12>|  return value|
|start_out                   |  out|    1|  ap_ctrl_hs|  conv_2d_cl<array<ap_ufixed,8u>,array<ap_fixed<16,14,5,3,0>,8u>,config12>|  return value|
|start_write                 |  out|    1|  ap_ctrl_hs|  conv_2d_cl<array<ap_ufixed,8u>,array<ap_fixed<16,14,5,3,0>,8u>,config12>|  return value|
|layer26_out_dout            |   in|   32|     ap_fifo|                                                               layer26_out|       pointer|
|layer26_out_num_data_valid  |   in|    8|     ap_fifo|                                                               layer26_out|       pointer|
|layer26_out_fifo_cap        |   in|    8|     ap_fifo|                                                               layer26_out|       pointer|
|layer26_out_empty_n         |   in|    1|     ap_fifo|                                                               layer26_out|       pointer|
|layer26_out_read            |  out|    1|     ap_fifo|                                                               layer26_out|       pointer|
|layer12_out_din             |  out|  128|     ap_fifo|                                                               layer12_out|       pointer|
|layer12_out_num_data_valid  |   in|    7|     ap_fifo|                                                               layer12_out|       pointer|
|layer12_out_fifo_cap        |   in|    7|     ap_fifo|                                                               layer12_out|       pointer|
|layer12_out_full_n          |   in|    1|     ap_fifo|                                                               layer12_out|       pointer|
|layer12_out_write           |  out|    1|     ap_fifo|                                                               layer12_out|       pointer|
+----------------------------+-----+-----+------------+--------------------------------------------------------------------------+--------------+

