

================================================================
== Vitis HLS Report for 'conv_2d_cl_array_ap_ufixed_8u_array_ap_fixed_16_14_5_3_0_16u_config7_s'
================================================================
* Date:           Sat Mar 21 19:28:08 2026

* Version:        2023.2 (Build 4023990 on Oct 11 2023)
* Project:        myproject_prj
* Solution:       solution1 (Vivado IP Flow Target)
* Product family: zynquplus
* Target device:  xck26-sfvc784-2LV-c


================================================================
== Performance Estimates
================================================================
+ Timing: 
    * Summary: 
    +--------+---------+----------+------------+
    |  Clock |  Target | Estimated| Uncertainty|
    +--------+---------+----------+------------+
    |ap_clk  |  5.00 ns|  3.298 ns|     1.35 ns|
    +--------+---------+----------+------------+

+ Latency: 
    * Summary: 
    +---------+---------+-----------+-----------+------+-------+---------+
    |  Latency (cycles) |   Latency (absolute)  |   Interval   | Pipeline|
    |   min   |   max   |    min    |    max    |  min |  max  |   Type  |
    +---------+---------+-----------+-----------+------+-------+---------+
    |     3457|    11233|  17.285 us|  56.165 us|  3457|  11233|       no|
    +---------+---------+-----------+-----------+------+-------+---------+

    + Detail: 
        * Instance: 
        +------------------------------------------------------------------------------------+-------------------------------------------------------------------------+---------+---------+-----------+-----------+-----+-----+---------+
        |                                                                                    |                                                                         |  Latency (cycles) |   Latency (absolute)  |  Interval | Pipeline|
        |                                      Instance                                      |                                  Module                                 |   min   |   max   |    min    |    max    | min | max |   Type  |
        +------------------------------------------------------------------------------------+-------------------------------------------------------------------------+---------+---------+-----------+-----------+-----+-----+---------+
        |grp_compute_output_buffer_2d_array_array_ap_fixed_16_14_5_3_0_16u_config7_s_fu_260  |compute_output_buffer_2d_array_array_ap_fixed_16_14_5_3_0_16u_config7_s  |        2|       11|  10.000 ns|  55.000 ns|    2|   11|       no|
        +------------------------------------------------------------------------------------+-------------------------------------------------------------------------+---------+---------+-----------+-----------+-----+-----+---------+

        * Loop: 
        +----------------------------------+---------+---------+----------+-----------+-----------+------+----------+
        |                                  |  Latency (cycles) | Iteration|  Initiation Interval  | Trip |          |
        |             Loop Name            |   min   |   max   |  Latency |  achieved |   target  | Count| Pipelined|
        +----------------------------------+---------+---------+----------+-----------+-----------+------+----------+
        |- ReadInputHeight_ReadInputWidth  |     3456|    11232|    4 ~ 13|          -|          -|   864|        no|
        +----------------------------------+---------+---------+----------+-----------+-----------+------+----------+



================================================================
== Utilization Estimates
================================================================
* Summary: 
+-----------------+---------+------+--------+--------+-----+
|       Name      | BRAM_18K|  DSP |   FF   |   LUT  | URAM|
+-----------------+---------+------+--------+--------+-----+
|DSP              |        -|     -|       -|       -|    -|
|Expression       |        -|     -|       0|      38|    -|
|FIFO             |        -|     -|       -|       -|    -|
|Instance         |       32|   158|    5841|    8213|    -|
|Memory           |        -|     -|       -|       -|    -|
|Multiplexer      |        -|     -|       -|      65|    -|
|Register         |        -|     -|      48|       -|    -|
+-----------------+---------+------+--------+--------+-----+
|Total            |       32|   158|    5889|    8316|    0|
+-----------------+---------+------+--------+--------+-----+
|Available        |      288|  1248|  234240|  117120|   64|
+-----------------+---------+------+--------+--------+-----+
|Utilization (%)  |       11|    12|       2|       7|    0|
+-----------------+---------+------+--------+--------+-----+

+ Detail: 
    * Instance: 
    +------------------------------------------------------------------------------------+-------------------------------------------------------------------------+---------+-----+------+------+-----+
    |                                      Instance                                      |                                  Module                                 | BRAM_18K| DSP |  FF  |  LUT | URAM|
    +------------------------------------------------------------------------------------+-------------------------------------------------------------------------+---------+-----+------+------+-----+
    |grp_compute_output_buffer_2d_array_array_ap_fixed_16_14_5_3_0_16u_config7_s_fu_260  |compute_output_buffer_2d_array_array_ap_fixed_16_14_5_3_0_16u_config7_s  |       32|  158|  5841|  8213|    0|
    +------------------------------------------------------------------------------------+-------------------------------------------------------------------------+---------+-----+------+------+-----+
    |Total                                                                               |                                                                         |       32|  158|  5841|  8213|    0|
    +------------------------------------------------------------------------------------+-------------------------------------------------------------------------+---------+-----+------+------+-----+

    * DSP: 
    N/A

    * Memory: 
    N/A

    * FIFO: 
    N/A

    * Expression: 
    +---------------------+----------+----+---+----+------------+------------+
    |    Variable Name    | Operation| DSP| FF| LUT| Bitwidth P0| Bitwidth P1|
    +---------------------+----------+----+---+----+------------+------------+
    |add_ln52_fu_474_p2   |         +|   0|  0|  17|          10|           1|
    |ap_block_state2      |       and|   0|  0|   2|           1|           1|
    |icmp_ln52_fu_468_p2  |      icmp|   0|  0|  17|          10|           9|
    |ap_block_state1      |        or|   0|  0|   2|           1|           1|
    +---------------------+----------+----+---+----+------------+------------+
    |Total                |          |   0|  0|  38|          22|          12|
    +---------------------+----------+----+---+----+------------+------------+

    * Multiplexer: 
    +-----------------------+----+-----------+-----+-----------+
    |          Name         | LUT| Input Size| Bits| Total Bits|
    +-----------------------+----+-----------+-----+-----------+
    |ap_NS_fsm              |  20|          4|    1|          4|
    |ap_done                |   9|          2|    1|          2|
    |indvar_flatten_fu_250  |   9|          2|   10|         20|
    |layer25_out_blk_n      |   9|          2|    1|          2|
    |layer7_out_write       |   9|          2|    1|          2|
    |real_start             |   9|          2|    1|          2|
    +-----------------------+----+-----------+-----+-----------+
    |Total                  |  65|         14|   15|         32|
    +-----------------------+----+-----------+-----+-----------+

    * Register: 
    +-------------------------------------------------------------------------------------------------+----+----+-----+-----------+
    |                                               Name                                              | FF | LUT| Bits| Const Bits|
    +-------------------------------------------------------------------------------------------------+----+----+-----+-----------+
    |ap_CS_fsm                                                                                        |   3|   0|    3|          0|
    |ap_done_reg                                                                                      |   1|   0|    1|          0|
    |grp_compute_output_buffer_2d_array_array_ap_fixed_16_14_5_3_0_16u_config7_s_fu_260_ap_start_reg  |   1|   0|    1|          0|
    |indvar_flatten_fu_250                                                                            |  10|   0|   10|          0|
    |start_once_reg                                                                                   |   1|   0|    1|          0|
    |trunc_ln58_1_reg_602                                                                             |   4|   0|    4|          0|
    |trunc_ln58_2_reg_607                                                                             |   4|   0|    4|          0|
    |trunc_ln58_3_reg_612                                                                             |   4|   0|    4|          0|
    |trunc_ln58_7_reg_582                                                                             |   4|   0|    4|          0|
    |trunc_ln58_8_reg_587                                                                             |   4|   0|    4|          0|
    |trunc_ln58_9_reg_592                                                                             |   4|   0|    4|          0|
    |trunc_ln58_reg_577                                                                               |   4|   0|    4|          0|
    |trunc_ln58_s_reg_597                                                                             |   4|   0|    4|          0|
    +-------------------------------------------------------------------------------------------------+----+----+-----+-----------+
    |Total                                                                                            |  48|   0|   48|          0|
    +-------------------------------------------------------------------------------------------------+----+----+-----+-----------+



================================================================
== Interface
================================================================
* Summary: 
+----------------------------+-----+-----+------------+--------------------------------------------------------------------------+--------------+
|          RTL Ports         | Dir | Bits|  Protocol  |                               Source Object                              |    C Type    |
+----------------------------+-----+-----+------------+--------------------------------------------------------------------------+--------------+
|ap_clk                      |   in|    1|  ap_ctrl_hs|  conv_2d_cl<array<ap_ufixed,8u>,array<ap_fixed<16,14,5,3,0>,16u>,config7>|  return value|
|ap_rst                      |   in|    1|  ap_ctrl_hs|  conv_2d_cl<array<ap_ufixed,8u>,array<ap_fixed<16,14,5,3,0>,16u>,config7>|  return value|
|ap_start                    |   in|    1|  ap_ctrl_hs|  conv_2d_cl<array<ap_ufixed,8u>,array<ap_fixed<16,14,5,3,0>,16u>,config7>|  return value|
|start_full_n                |   in|    1|  ap_ctrl_hs|  conv_2d_cl<array<ap_ufixed,8u>,array<ap_fixed<16,14,5,3,0>,16u>,config7>|  return value|
|ap_done                     |  out|    1|  ap_ctrl_hs|  conv_2d_cl<array<ap_ufixed,8u>,array<ap_fixed<16,14,5,3,0>,16u>,config7>|  return value|
|ap_continue                 |   in|    1|  ap_ctrl_hs|  conv_2d_cl<array<ap_ufixed,8u>,array<ap_fixed<16,14,5,3,0>,16u>,config7>|  return value|
|ap_idle                     |  out|    1|  ap_ctrl_hs|  conv_2d_cl<array<ap_ufixed,8u>,array<ap_fixed<16,14,5,3,0>,16u>,config7>|  return value|
|ap_ready                    |  out|    1|  ap_ctrl_hs|  conv_2d_cl<array<ap_ufixed,8u>,array<ap_fixed<16,14,5,3,0>,16u>,config7>|  return value|
|start_out                   |  out|    1|  ap_ctrl_hs|  conv_2d_cl<array<ap_ufixed,8u>,array<ap_fixed<16,14,5,3,0>,16u>,config7>|  return value|
|start_write                 |  out|    1|  ap_ctrl_hs|  conv_2d_cl<array<ap_ufixed,8u>,array<ap_fixed<16,14,5,3,0>,16u>,config7>|  return value|
|layer25_out_dout            |   in|   32|     ap_fifo|                                                               layer25_out|       pointer|
|layer25_out_num_data_valid  |   in|   11|     ap_fifo|                                                               layer25_out|       pointer|
|layer25_out_fifo_cap        |   in|   11|     ap_fifo|                                                               layer25_out|       pointer|
|layer25_out_empty_n         |   in|    1|     ap_fifo|                                                               layer25_out|       pointer|
|layer25_out_read            |  out|    1|     ap_fifo|                                                               layer25_out|       pointer|
|layer7_out_din              |  out|  256|     ap_fifo|                                                                layer7_out|       pointer|
|layer7_out_num_data_valid   |   in|   11|     ap_fifo|                                                                layer7_out|       pointer|
|layer7_out_fifo_cap         |   in|   11|     ap_fifo|                                                                layer7_out|       pointer|
|layer7_out_full_n           |   in|    1|     ap_fifo|                                                                layer7_out|       pointer|
|layer7_out_write            |  out|    1|     ap_fifo|                                                                layer7_out|       pointer|
+----------------------------+-----+-----+------------+--------------------------------------------------------------------------+--------------+

