

================================================================
== Vitis HLS Report for 'dense_array_array_ap_fixed_13_11_5_3_0_16u_config18_Pipeline_DataPrepare'
================================================================
* Date:           Sun Mar 22 09:55:25 2026

* Version:        2023.2 (Build 4023990 on Oct 11 2023)
* Project:        myproject_prj
* Solution:       solution1 (Vivado IP Flow Target)
* Product family: zynquplus
* Target device:  xck26-sfvc784-2LV-c


================================================================
== Performance Estimates
================================================================
+ Timing: 
    * Summary: 
    +--------+---------+----------+------------+
    |  Clock |  Target | Estimated| Uncertainty|
    +--------+---------+----------+------------+
    |ap_clk  |  5.00 ns|  2.216 ns|     1.35 ns|
    +--------+---------+----------+------------+

+ Latency: 
    * Summary: 
    +---------+---------+-----------+-----------+-----+-----+---------+
    |  Latency (cycles) |   Latency (absolute)  |  Interval | Pipeline|
    |   min   |   max   |    min    |    max    | min | max |   Type  |
    +---------+---------+-----------+-----------+-----+-----+---------+
    |        4|        4|  20.000 ns|  20.000 ns|    4|    4|       no|
    +---------+---------+-----------+-----------+-----+-----+---------+

    + Detail: 
        * Instance: 
        N/A

        * Loop: 
        +---------------+---------+---------+----------+-----------+-----------+------+----------+
        |               |  Latency (cycles) | Iteration|  Initiation Interval  | Trip |          |
        |   Loop Name   |   min   |   max   |  Latency |  achieved |   target  | Count| Pipelined|
        +---------------+---------+---------+----------+-----------+-----------+------+----------+
        |- DataPrepare  |        2|        2|         2|          1|          1|     2|       yes|
        +---------------+---------+---------+----------+-----------+-----------+------+----------+



================================================================
== Utilization Estimates
================================================================
* Summary: 
+-----------------+---------+------+--------+--------+-----+
|       Name      | BRAM_18K|  DSP |   FF   |   LUT  | URAM|
+-----------------+---------+------+--------+--------+-----+
|DSP              |        -|     -|       -|       -|    -|
|Expression       |        -|     -|       0|      87|    -|
|FIFO             |        -|     -|       -|       -|    -|
|Instance         |        -|     -|       -|       -|    -|
|Memory           |        -|     -|       -|       -|    -|
|Multiplexer      |        -|     -|       -|      45|    -|
|Register         |        -|     -|      70|       -|    -|
+-----------------+---------+------+--------+--------+-----+
|Total            |        0|     0|      70|     132|    0|
+-----------------+---------+------+--------+--------+-----+
|Available        |      288|  1248|  234240|  117120|   64|
+-----------------+---------+------+--------+--------+-----+
|Utilization (%)  |        0|     0|      ~0|      ~0|    0|
+-----------------+---------+------+--------+--------+-----+

+ Detail: 
    * Instance: 
    N/A

    * DSP: 
    N/A

    * Memory: 
    N/A

    * FIFO: 
    N/A

    * Expression: 
    +---------------------------+----------+----+---+----+------------+------------+
    |       Variable Name       | Operation| DSP| FF| LUT| Bitwidth P0| Bitwidth P1|
    +---------------------------+----------+----+---+----+------------+------------+
    |i_in_2_fu_296_p2           |         +|   0|  0|   9|           2|           1|
    |ap_block_pp0_stage0_01001  |       and|   0|  0|   2|           1|           1|
    |icmp_ln33_fu_290_p2        |      icmp|   0|  0|  10|           2|           3|
    |select_ln39_10_fu_503_p3   |    select|   0|  0|   4|           1|           4|
    |select_ln39_11_fu_510_p3   |    select|   0|  0|   4|           1|           4|
    |select_ln39_12_fu_517_p3   |    select|   0|  0|   4|           1|           4|
    |select_ln39_13_fu_524_p3   |    select|   0|  0|   4|           1|           4|
    |select_ln39_14_fu_531_p3   |    select|   0|  0|   4|           1|           4|
    |select_ln39_15_fu_538_p3   |    select|   0|  0|   4|           1|           4|
    |select_ln39_1_fu_440_p3    |    select|   0|  0|   4|           1|           4|
    |select_ln39_2_fu_447_p3    |    select|   0|  0|   4|           1|           4|
    |select_ln39_3_fu_454_p3    |    select|   0|  0|   4|           1|           4|
    |select_ln39_4_fu_461_p3    |    select|   0|  0|   4|           1|           4|
    |select_ln39_5_fu_468_p3    |    select|   0|  0|   4|           1|           4|
    |select_ln39_6_fu_475_p3    |    select|   0|  0|   4|           1|           4|
    |select_ln39_7_fu_482_p3    |    select|   0|  0|   4|           1|           4|
    |select_ln39_8_fu_489_p3    |    select|   0|  0|   4|           1|           4|
    |select_ln39_9_fu_496_p3    |    select|   0|  0|   4|           1|           4|
    |select_ln39_fu_433_p3      |    select|   0|  0|   4|           1|           4|
    |ap_enable_pp0              |       xor|   0|  0|   2|           1|           2|
    +---------------------------+----------+----+---+----+------------+------------+
    |Total                      |          |   0|  0|  87|          22|          71|
    +---------------------------+----------+----+---+----+------------+------------+

    * Multiplexer: 
    +-------------------------+----+-----------+-----+-----------+
    |           Name          | LUT| Input Size| Bits| Total Bits|
    +-------------------------+----+-----------+-----+-----------+
    |ap_done_int              |   9|          2|    1|          2|
    |ap_enable_reg_pp0_iter1  |   9|          2|    1|          2|
    |ap_sig_allocacmp_i_in_1  |   9|          2|    2|          4|
    |i_in_fu_96               |   9|          2|    2|          4|
    |layer16_out_blk_n        |   9|          2|    1|          2|
    +-------------------------+----+-----------+-----+-----------+
    |Total                    |  45|         10|    7|         14|
    +-------------------------+----+-----------+-----+-----------+

    * Register: 
    +-------------------------+---+----+-----+-----------+
    |           Name          | FF| LUT| Bits| Const Bits|
    +-------------------------+---+----+-----+-----------+
    |ap_CS_fsm                |  1|   0|    1|          0|
    |ap_done_reg              |  1|   0|    1|          0|
    |ap_enable_reg_pp0_iter1  |  1|   0|    1|          0|
    |i_in_fu_96               |  2|   0|    2|          0|
    |p_0_0_0_0_017_fu_132     |  4|   0|    4|          0|
    |p_0_0_0_0_01_fu_100      |  4|   0|    4|          0|
    |p_0_1_0_0_019_fu_136     |  4|   0|    4|          0|
    |p_0_1_0_0_03_fu_104      |  4|   0|    4|          0|
    |p_0_2_0_0_021_fu_140     |  4|   0|    4|          0|
    |p_0_2_0_0_05_fu_108      |  4|   0|    4|          0|
    |p_0_3_0_0_023_fu_144     |  4|   0|    4|          0|
    |p_0_3_0_0_07_fu_112      |  4|   0|    4|          0|
    |p_0_4_0_0_025_fu_148     |  4|   0|    4|          0|
    |p_0_4_0_0_09_fu_116      |  4|   0|    4|          0|
    |p_0_5_0_0_011_fu_120     |  4|   0|    4|          0|
    |p_0_5_0_0_027_fu_152     |  4|   0|    4|          0|
    |p_0_6_0_0_013_fu_124     |  4|   0|    4|          0|
    |p_0_6_0_0_029_fu_156     |  4|   0|    4|          0|
    |p_0_7_0_0_015_fu_128     |  4|   0|    4|          0|
    |p_0_7_0_0_031_fu_160     |  4|   0|    4|          0|
    |trunc_ln33_reg_811       |  1|   0|    1|          0|
    +-------------------------+---+----+-----+-----------+
    |Total                    | 70|   0|   70|          0|
    +-------------------------+---+----+-----+-----------+



================================================================
== Interface
================================================================
* Summary: 
+----------------------------+-----+-----+------------+-----------------------------------------------------------------------------+--------------+
|          RTL Ports         | Dir | Bits|  Protocol  |                                Source Object                                |    C Type    |
+----------------------------+-----+-----+------------+-----------------------------------------------------------------------------+--------------+
|ap_clk                      |   in|    1|  ap_ctrl_hs|  dense<array,array<ap_fixed<13,11,5,3,0>,16u>,config18>_Pipeline_DataPrepare|  return value|
|ap_rst                      |   in|    1|  ap_ctrl_hs|  dense<array,array<ap_fixed<13,11,5,3,0>,16u>,config18>_Pipeline_DataPrepare|  return value|
|ap_start                    |   in|    1|  ap_ctrl_hs|  dense<array,array<ap_fixed<13,11,5,3,0>,16u>,config18>_Pipeline_DataPrepare|  return value|
|ap_done                     |  out|    1|  ap_ctrl_hs|  dense<array,array<ap_fixed<13,11,5,3,0>,16u>,config18>_Pipeline_DataPrepare|  return value|
|ap_idle                     |  out|    1|  ap_ctrl_hs|  dense<array,array<ap_fixed<13,11,5,3,0>,16u>,config18>_Pipeline_DataPrepare|  return value|
|ap_ready                    |  out|    1|  ap_ctrl_hs|  dense<array,array<ap_fixed<13,11,5,3,0>,16u>,config18>_Pipeline_DataPrepare|  return value|
|layer16_out_dout            |   in|   32|     ap_fifo|                                                                  layer16_out|       pointer|
|layer16_out_num_data_valid  |   in|    3|     ap_fifo|                                                                  layer16_out|       pointer|
|layer16_out_fifo_cap        |   in|    3|     ap_fifo|                                                                  layer16_out|       pointer|
|layer16_out_empty_n         |   in|    1|     ap_fifo|                                                                  layer16_out|       pointer|
|layer16_out_read            |  out|    1|     ap_fifo|                                                                  layer16_out|       pointer|
|p_0_7_0_0_031_out           |  out|    4|      ap_vld|                                                            p_0_7_0_0_031_out|       pointer|
|p_0_7_0_0_031_out_ap_vld    |  out|    1|      ap_vld|                                                            p_0_7_0_0_031_out|       pointer|
|p_0_6_0_0_029_out           |  out|    4|      ap_vld|                                                            p_0_6_0_0_029_out|       pointer|
|p_0_6_0_0_029_out_ap_vld    |  out|    1|      ap_vld|                                                            p_0_6_0_0_029_out|       pointer|
|p_0_5_0_0_027_out           |  out|    4|      ap_vld|                                                            p_0_5_0_0_027_out|       pointer|
|p_0_5_0_0_027_out_ap_vld    |  out|    1|      ap_vld|                                                            p_0_5_0_0_027_out|       pointer|
|p_0_4_0_0_025_out           |  out|    4|      ap_vld|                                                            p_0_4_0_0_025_out|       pointer|
|p_0_4_0_0_025_out_ap_vld    |  out|    1|      ap_vld|                                                            p_0_4_0_0_025_out|       pointer|
|p_0_3_0_0_023_out           |  out|    4|      ap_vld|                                                            p_0_3_0_0_023_out|       pointer|
|p_0_3_0_0_023_out_ap_vld    |  out|    1|      ap_vld|                                                            p_0_3_0_0_023_out|       pointer|
|p_0_2_0_0_021_out           |  out|    4|      ap_vld|                                                            p_0_2_0_0_021_out|       pointer|
|p_0_2_0_0_021_out_ap_vld    |  out|    1|      ap_vld|                                                            p_0_2_0_0_021_out|       pointer|
|p_0_1_0_0_019_out           |  out|    4|      ap_vld|                                                            p_0_1_0_0_019_out|       pointer|
|p_0_1_0_0_019_out_ap_vld    |  out|    1|      ap_vld|                                                            p_0_1_0_0_019_out|       pointer|
|p_0_0_0_0_017_out           |  out|    4|      ap_vld|                                                            p_0_0_0_0_017_out|       pointer|
|p_0_0_0_0_017_out_ap_vld    |  out|    1|      ap_vld|                                                            p_0_0_0_0_017_out|       pointer|
|p_0_7_0_0_015_out           |  out|    4|      ap_vld|                                                            p_0_7_0_0_015_out|       pointer|
|p_0_7_0_0_015_out_ap_vld    |  out|    1|      ap_vld|                                                            p_0_7_0_0_015_out|       pointer|
|p_0_6_0_0_013_out           |  out|    4|      ap_vld|                                                            p_0_6_0_0_013_out|       pointer|
|p_0_6_0_0_013_out_ap_vld    |  out|    1|      ap_vld|                                                            p_0_6_0_0_013_out|       pointer|
|p_0_5_0_0_011_out           |  out|    4|      ap_vld|                                                            p_0_5_0_0_011_out|       pointer|
|p_0_5_0_0_011_out_ap_vld    |  out|    1|      ap_vld|                                                            p_0_5_0_0_011_out|       pointer|
|p_0_4_0_0_09_out            |  out|    4|      ap_vld|                                                             p_0_4_0_0_09_out|       pointer|
|p_0_4_0_0_09_out_ap_vld     |  out|    1|      ap_vld|                                                             p_0_4_0_0_09_out|       pointer|
|p_0_3_0_0_07_out            |  out|    4|      ap_vld|                                                             p_0_3_0_0_07_out|       pointer|
|p_0_3_0_0_07_out_ap_vld     |  out|    1|      ap_vld|                                                             p_0_3_0_0_07_out|       pointer|
|p_0_2_0_0_05_out            |  out|    4|      ap_vld|                                                             p_0_2_0_0_05_out|       pointer|
|p_0_2_0_0_05_out_ap_vld     |  out|    1|      ap_vld|                                                             p_0_2_0_0_05_out|       pointer|
|p_0_1_0_0_03_out            |  out|    4|      ap_vld|                                                             p_0_1_0_0_03_out|       pointer|
|p_0_1_0_0_03_out_ap_vld     |  out|    1|      ap_vld|                                                             p_0_1_0_0_03_out|       pointer|
|p_0_0_0_0_01_out            |  out|    4|      ap_vld|                                                             p_0_0_0_0_01_out|       pointer|
|p_0_0_0_0_01_out_ap_vld     |  out|    1|      ap_vld|                                                             p_0_0_0_0_01_out|       pointer|
+----------------------------+-----+-----+------------+-----------------------------------------------------------------------------+--------------+

