

================================================================
== Vitis HLS Report for 'dense_array_ap_ufixed_32u_array_ap_fixed_14_12_5_3_0_10u_config21_s'
================================================================
* Date:           Sat Mar 21 19:28:28 2026

* Version:        2023.2 (Build 4023990 on Oct 11 2023)
* Project:        myproject_prj
* Solution:       solution1 (Vivado IP Flow Target)
* Product family: zynquplus
* Target device:  xck26-sfvc784-2LV-c


================================================================
== Performance Estimates
================================================================
+ Timing: 
    * Summary: 
    +--------+---------+----------+------------+
    |  Clock |  Target | Estimated| Uncertainty|
    +--------+---------+----------+------------+
    |ap_clk  |  5.00 ns|  3.298 ns|     1.35 ns|
    +--------+---------+----------+------------+

+ Latency: 
    * Summary: 
    +---------+---------+-----------+-----------+-----+-----+---------+
    |  Latency (cycles) |   Latency (absolute)  |  Interval | Pipeline|
    |   min   |   max   |    min    |    max    | min | max |   Type  |
    +---------+---------+-----------+-----------+-----+-----+---------+
    |        8|        9|  40.000 ns|  45.000 ns|    8|    9|       no|
    +---------+---------+-----------+-----------+-----+-----+---------+

    + Detail: 
        * Instance: 
        +--------------------------------------------------------------------------------+---------------------------------------------------------------------+---------+---------+-----------+-----------+-----+-----+------------------------------------------+
        |                                                                                |                                                                     |  Latency (cycles) |   Latency (absolute)  |  Interval |                 Pipeline                 |
        |                                    Instance                                    |                                Module                               |   min   |   max   |    min    |    max    | min | max |                   Type                   |
        +--------------------------------------------------------------------------------+---------------------------------------------------------------------+---------+---------+-----------+-----------+-----+-----+------------------------------------------+
        |grp_dense_resource_rf_leq_nin_ap_ufixed_ap_fixed_14_12_5_3_0_config21_s_fu_163  |dense_resource_rf_leq_nin_ap_ufixed_ap_fixed_14_12_5_3_0_config21_s  |        6|        7|  30.000 ns|  35.000 ns|    4|    4|  loop rewind stp(delay=0 clock cycles(s))|
        +--------------------------------------------------------------------------------+---------------------------------------------------------------------+---------+---------+-----------+-----------+-----+-----+------------------------------------------+

        * Loop: 
        N/A



================================================================
== Utilization Estimates
================================================================
* Summary: 
+-----------------+---------+------+--------+--------+-----+
|       Name      | BRAM_18K|  DSP |   FF   |   LUT  | URAM|
+-----------------+---------+------+--------+--------+-----+
|DSP              |        -|     -|       -|       -|    -|
|Expression       |        -|     -|       0|       2|    -|
|FIFO             |        -|     -|       -|       -|    -|
|Instance         |        9|    40|    1301|    2639|    -|
|Memory           |        -|     -|       -|       -|    -|
|Multiplexer      |        -|     -|       -|      56|    -|
|Register         |        -|     -|     274|       -|    -|
+-----------------+---------+------+--------+--------+-----+
|Total            |        9|    40|    1575|    2697|    0|
+-----------------+---------+------+--------+--------+-----+
|Available        |      288|  1248|  234240|  117120|   64|
+-----------------+---------+------+--------+--------+-----+
|Utilization (%)  |        3|     3|      ~0|       2|    0|
+-----------------+---------+------+--------+--------+-----+

+ Detail: 
    * Instance: 
    +--------------------------------------------------------------------------------+---------------------------------------------------------------------+---------+----+------+------+-----+
    |                                    Instance                                    |                                Module                               | BRAM_18K| DSP|  FF  |  LUT | URAM|
    +--------------------------------------------------------------------------------+---------------------------------------------------------------------+---------+----+------+------+-----+
    |grp_dense_resource_rf_leq_nin_ap_ufixed_ap_fixed_14_12_5_3_0_config21_s_fu_163  |dense_resource_rf_leq_nin_ap_ufixed_ap_fixed_14_12_5_3_0_config21_s  |        9|  40|  1301|  2639|    0|
    +--------------------------------------------------------------------------------+---------------------------------------------------------------------+---------+----+------+------+-----+
    |Total                                                                           |                                                                     |        9|  40|  1301|  2639|    0|
    +--------------------------------------------------------------------------------+---------------------------------------------------------------------+---------+----+------+------+-----+

    * DSP: 
    N/A

    * Memory: 
    N/A

    * FIFO: 
    N/A

    * Expression: 
    +-----------------+----------+----+---+----+------------+------------+
    |  Variable Name  | Operation| DSP| FF| LUT| Bitwidth P0| Bitwidth P1|
    +-----------------+----------+----+---+----+------------+------------+
    |ap_block_state1  |        or|   0|  0|   2|           1|           1|
    +-----------------+----------+----+---+----+------------+------------+
    |Total            |          |   0|  0|   2|           1|           1|
    +-----------------+----------+----+---+----+------------+------------+

    * Multiplexer: 
    +-------------------+----+-----------+-----+-----------+
    |        Name       | LUT| Input Size| Bits| Total Bits|
    +-------------------+----+-----------+-----+-----------+
    |ap_NS_fsm          |  20|          4|    1|          4|
    |ap_done            |   9|          2|    1|          2|
    |layer20_out_blk_n  |   9|          2|    1|          2|
    |layer21_out_blk_n  |   9|          2|    1|          2|
    |real_start         |   9|          2|    1|          2|
    +-------------------+----+-----------+-----+-----------+
    |Total              |  56|         12|    5|         12|
    +-------------------+----+-----------+-----+-----------+

    * Register: 
    +---------------------------------------------------------------------------------------------+----+----+-----+-----------+
    |                                             Name                                            | FF | LUT| Bits| Const Bits|
    +---------------------------------------------------------------------------------------------+----+----+-----+-----------+
    |ap_CS_fsm                                                                                    |   3|   0|    3|          0|
    |ap_done_reg                                                                                  |   1|   0|    1|          0|
    |data_pack_32_reg_607                                                                         |   4|   0|    4|          0|
    |data_pack_33_reg_612                                                                         |   4|   0|    4|          0|
    |data_pack_34_reg_617                                                                         |   4|   0|    4|          0|
    |data_pack_35_reg_622                                                                         |   4|   0|    4|          0|
    |data_pack_36_reg_627                                                                         |   4|   0|    4|          0|
    |data_pack_37_reg_632                                                                         |   4|   0|    4|          0|
    |data_pack_38_reg_637                                                                         |   4|   0|    4|          0|
    |data_pack_39_reg_642                                                                         |   4|   0|    4|          0|
    |data_pack_40_reg_647                                                                         |   4|   0|    4|          0|
    |data_pack_41_reg_652                                                                         |   4|   0|    4|          0|
    |data_pack_42_reg_657                                                                         |   4|   0|    4|          0|
    |data_pack_43_reg_662                                                                         |   4|   0|    4|          0|
    |data_pack_44_reg_667                                                                         |   4|   0|    4|          0|
    |data_pack_45_reg_672                                                                         |   4|   0|    4|          0|
    |data_pack_46_reg_677                                                                         |   4|   0|    4|          0|
    |data_pack_47_reg_682                                                                         |   4|   0|    4|          0|
    |data_pack_48_reg_687                                                                         |   4|   0|    4|          0|
    |data_pack_49_reg_692                                                                         |   4|   0|    4|          0|
    |data_pack_50_reg_697                                                                         |   4|   0|    4|          0|
    |data_pack_51_reg_702                                                                         |   4|   0|    4|          0|
    |data_pack_52_reg_707                                                                         |   4|   0|    4|          0|
    |data_pack_53_reg_712                                                                         |   4|   0|    4|          0|
    |data_pack_54_reg_717                                                                         |   4|   0|    4|          0|
    |data_pack_55_reg_722                                                                         |   4|   0|    4|          0|
    |data_pack_56_reg_727                                                                         |   4|   0|    4|          0|
    |data_pack_57_reg_732                                                                         |   4|   0|    4|          0|
    |data_pack_58_reg_737                                                                         |   4|   0|    4|          0|
    |data_pack_59_reg_742                                                                         |   4|   0|    4|          0|
    |data_pack_60_reg_747                                                                         |   4|   0|    4|          0|
    |data_pack_61_reg_752                                                                         |   4|   0|    4|          0|
    |data_pack_62_reg_757                                                                         |   4|   0|    4|          0|
    |data_pack_reg_602                                                                            |   4|   0|    4|          0|
    |grp_dense_resource_rf_leq_nin_ap_ufixed_ap_fixed_14_12_5_3_0_config21_s_fu_163_ap_start_reg  |   1|   0|    1|          0|
    |res_10_reg_767                                                                               |  14|   0|   14|          0|
    |res_11_reg_772                                                                               |  14|   0|   14|          0|
    |res_12_reg_777                                                                               |  14|   0|   14|          0|
    |res_13_reg_782                                                                               |  14|   0|   14|          0|
    |res_14_reg_787                                                                               |  14|   0|   14|          0|
    |res_15_reg_792                                                                               |  14|   0|   14|          0|
    |res_16_reg_797                                                                               |  14|   0|   14|          0|
    |res_17_reg_802                                                                               |  14|   0|   14|          0|
    |res_18_reg_807                                                                               |  14|   0|   14|          0|
    |res_reg_762                                                                                  |  14|   0|   14|          0|
    |start_once_reg                                                                               |   1|   0|    1|          0|
    +---------------------------------------------------------------------------------------------+----+----+-----+-----------+
    |Total                                                                                        | 274|   0|  274|          0|
    +---------------------------------------------------------------------------------------------+----+----+-----+-----------+



================================================================
== Interface
================================================================
* Summary: 
+----------------------------+-----+-----+------------+-----------------------------------------------------------------------+--------------+
|          RTL Ports         | Dir | Bits|  Protocol  |                             Source Object                             |    C Type    |
+----------------------------+-----+-----+------------+-----------------------------------------------------------------------+--------------+
|ap_clk                      |   in|    1|  ap_ctrl_hs|  dense<array<ap_ufixed,32u>,array<ap_fixed<14,12,5,3,0>,10u>,config21>|  return value|
|ap_rst                      |   in|    1|  ap_ctrl_hs|  dense<array<ap_ufixed,32u>,array<ap_fixed<14,12,5,3,0>,10u>,config21>|  return value|
|ap_start                    |   in|    1|  ap_ctrl_hs|  dense<array<ap_ufixed,32u>,array<ap_fixed<14,12,5,3,0>,10u>,config21>|  return value|
|start_full_n                |   in|    1|  ap_ctrl_hs|  dense<array<ap_ufixed,32u>,array<ap_fixed<14,12,5,3,0>,10u>,config21>|  return value|
|ap_done                     |  out|    1|  ap_ctrl_hs|  dense<array<ap_ufixed,32u>,array<ap_fixed<14,12,5,3,0>,10u>,config21>|  return value|
|ap_continue                 |   in|    1|  ap_ctrl_hs|  dense<array<ap_ufixed,32u>,array<ap_fixed<14,12,5,3,0>,10u>,config21>|  return value|
|ap_idle                     |  out|    1|  ap_ctrl_hs|  dense<array<ap_ufixed,32u>,array<ap_fixed<14,12,5,3,0>,10u>,config21>|  return value|
|ap_ready                    |  out|    1|  ap_ctrl_hs|  dense<array<ap_ufixed,32u>,array<ap_fixed<14,12,5,3,0>,10u>,config21>|  return value|
|start_out                   |  out|    1|  ap_ctrl_hs|  dense<array<ap_ufixed,32u>,array<ap_fixed<14,12,5,3,0>,10u>,config21>|  return value|
|start_write                 |  out|    1|  ap_ctrl_hs|  dense<array<ap_ufixed,32u>,array<ap_fixed<14,12,5,3,0>,10u>,config21>|  return value|
|layer20_out_dout            |   in|  128|     ap_fifo|                                                            layer20_out|       pointer|
|layer20_out_num_data_valid  |   in|    2|     ap_fifo|                                                            layer20_out|       pointer|
|layer20_out_fifo_cap        |   in|    2|     ap_fifo|                                                            layer20_out|       pointer|
|layer20_out_empty_n         |   in|    1|     ap_fifo|                                                            layer20_out|       pointer|
|layer20_out_read            |  out|    1|     ap_fifo|                                                            layer20_out|       pointer|
|layer21_out_din             |  out|  140|     ap_fifo|                                                            layer21_out|       pointer|
|layer21_out_num_data_valid  |   in|    2|     ap_fifo|                                                            layer21_out|       pointer|
|layer21_out_fifo_cap        |   in|    2|     ap_fifo|                                                            layer21_out|       pointer|
|layer21_out_full_n          |   in|    1|     ap_fifo|                                                            layer21_out|       pointer|
|layer21_out_write           |  out|    1|     ap_fifo|                                                            layer21_out|       pointer|
+----------------------------+-----+-----+------------+-----------------------------------------------------------------------+--------------+

