

================================================================
== Vitis HLS Report for 'normalize_array_ap_fixed_8u_array_ap_fixed_33_21_5_3_0_8u_config9_s'
================================================================
* Date:           Sun Mar 22 09:55:16 2026

* Version:        2023.2 (Build 4023990 on Oct 11 2023)
* Project:        myproject_prj
* Solution:       solution1 (Vivado IP Flow Target)
* Product family: zynquplus
* Target device:  xck26-sfvc784-2LV-c


================================================================
== Performance Estimates
================================================================
+ Timing: 
    * Summary: 
    +--------+---------+----------+------------+
    |  Clock |  Target | Estimated| Uncertainty|
    +--------+---------+----------+------------+
    |ap_clk  |  5.00 ns|  3.566 ns|     1.35 ns|
    +--------+---------+----------+------------+

+ Latency: 
    * Summary: 
    +---------+---------+----------+----------+-----+-----+---------+
    |  Latency (cycles) |  Latency (absolute) |  Interval | Pipeline|
    |   min   |   max   |    min   |    max   | min | max |   Type  |
    +---------+---------+----------+----------+-----+-----+---------+
    |      324|      324|  1.620 us|  1.620 us|  324|  324|       no|
    +---------+---------+----------+----------+-----+-----+---------+

    + Detail: 
        * Instance: 
        N/A

        * Loop: 
        +-----------------+---------+---------+----------+-----------+-----------+------+----------+
        |                 |  Latency (cycles) | Iteration|  Initiation Interval  | Trip |          |
        |    Loop Name    |   min   |   max   |  Latency |  achieved |   target  | Count| Pipelined|
        +-----------------+---------+---------+----------+-----------+-----------+------+----------+
        |- BatchNormLoop  |      322|      322|         4|          1|          1|   320|       yes|
        +-----------------+---------+---------+----------+-----------+-----------+------+----------+



================================================================
== Utilization Estimates
================================================================
* Summary: 
+-----------------+---------+------+--------+--------+-----+
|       Name      | BRAM_18K|  DSP |   FF   |   LUT  | URAM|
+-----------------+---------+------+--------+--------+-----+
|DSP              |        -|     -|       -|       -|    -|
|Expression       |        -|     -|       0|     358|    -|
|FIFO             |        -|     -|       -|       -|    -|
|Instance         |        -|     6|       0|      30|    -|
|Memory           |        -|     -|       -|       -|    -|
|Multiplexer      |        -|     -|       -|      63|    -|
|Register         |        -|     -|     332|       -|    -|
+-----------------+---------+------+--------+--------+-----+
|Total            |        0|     6|     332|     451|    0|
+-----------------+---------+------+--------+--------+-----+
|Available        |      288|  1248|  234240|  117120|   64|
+-----------------+---------+------+--------+--------+-----+
|Utilization (%)  |        0|    ~0|      ~0|      ~0|    0|
+-----------------+---------+------+--------+--------+-----+

+ Detail: 
    * Instance: 
    +--------------------------+---------------------+---------+----+---+----+-----+
    |         Instance         |        Module       | BRAM_18K| DSP| FF| LUT| URAM|
    +--------------------------+---------------------+---------+----+---+----+-----+
    |mul_16s_10ns_25_1_1_U249  |mul_16s_10ns_25_1_1  |        0|   1|  0|   5|    0|
    |mul_16s_11ns_26_1_1_U247  |mul_16s_11ns_26_1_1  |        0|   1|  0|   5|    0|
    |mul_16s_11ns_26_1_1_U248  |mul_16s_11ns_26_1_1  |        0|   1|  0|   5|    0|
    |mul_16s_11ns_26_1_1_U250  |mul_16s_11ns_26_1_1  |        0|   1|  0|   5|    0|
    |mul_16s_11ns_26_1_1_U251  |mul_16s_11ns_26_1_1  |        0|   1|  0|   5|    0|
    |mul_16s_11ns_26_1_1_U252  |mul_16s_11ns_26_1_1  |        0|   1|  0|   5|    0|
    +--------------------------+---------------------+---------+----+---+----+-----+
    |Total                     |                     |        0|   6|  0|  30|    0|
    +--------------------------+---------------------+---------+----+---+----+-----+

    * DSP: 
    N/A

    * Memory: 
    N/A

    * FIFO: 
    N/A

    * Expression: 
    +---------------------------+----------+----+---+----+------------+------------+
    |       Variable Name       | Operation| DSP| FF| LUT| Bitwidth P0| Bitwidth P1|
    +---------------------------+----------+----+---+----+------------+------------+
    |add_ln42_10_fu_64329_p2    |         +|   0|  0|  33|          26|          11|
    |add_ln42_11_fu_64339_p2    |         +|   0|  0|  33|          26|          13|
    |add_ln42_12_fu_64381_p2    |         +|   0|  0|  33|          26|          26|
    |add_ln42_13_fu_64423_p2    |         +|   0|  0|  33|          26|          26|
    |add_ln42_14_fu_64433_p2    |         +|   0|  0|  32|          25|          12|
    |add_ln42_15_fu_64371_p2    |         +|   0|  0|  26|          19|           5|
    |add_ln42_16_fu_64413_p2    |         +|   0|  0|  31|          24|          13|
    |add_ln42_8_fu_64309_p2     |         +|   0|  0|  33|          26|          12|
    |add_ln42_9_fu_64319_p2     |         +|   0|  0|  33|          26|           9|
    |add_ln42_fu_64299_p2       |         +|   0|  0|  33|          26|          13|
    |i_14_fu_64190_p2           |         +|   0|  0|  16|           9|           1|
    |ap_condition_150           |       and|   0|  0|   2|           1|           1|
    |icmp_ln25_fu_64184_p2      |      icmp|   0|  0|  16|           9|           9|
    |ap_block_pp0_stage0_01001  |        or|   0|  0|   2|           1|           1|
    |ap_enable_pp0              |       xor|   0|  0|   2|           1|           2|
    +---------------------------+----------+----+---+----+------------+------------+
    |Total                      |          |   0|  0| 358|         271|         154|
    +---------------------------+----------+----+---+----+------------+------------+

    * Multiplexer: 
    +-------------------------+----+-----------+-----+-----------+
    |           Name          | LUT| Input Size| Bits| Total Bits|
    +-------------------------+----+-----------+-----+-----------+
    |ap_done_int              |   9|          2|    1|          2|
    |ap_enable_reg_pp0_iter1  |   9|          2|    1|          2|
    |ap_sig_allocacmp_i       |   9|          2|    9|         18|
    |i_02_fu_110              |   9|          2|    9|         18|
    |layer7_out_blk_n         |   9|          2|    1|          2|
    |layer9_out_blk_n         |   9|          2|    1|          2|
    |real_start               |   9|          2|    1|          2|
    +-------------------------+----+-----------+-----+-----------+
    |Total                    |  63|         14|   23|         46|
    +-------------------------+----+-----------+-----+-----------+

    * Register: 
    +----------------------------------+----+----+-----+-----------+
    |               Name               | FF | LUT| Bits| Const Bits|
    +----------------------------------+----+----+-----+-----------+
    |a_10_reg_64490                    |  16|   0|   16|          0|
    |a_1_reg_64495                     |  16|   0|   16|          0|
    |a_2_reg_64500                     |  16|   0|   16|          0|
    |a_8_reg_64480                     |  16|   0|   16|          0|
    |a_9_reg_64485                     |  16|   0|   16|          0|
    |a_reg_64475                       |  16|   0|   16|          0|
    |ap_CS_fsm                         |   1|   0|    1|          0|
    |ap_done_reg                       |   1|   0|    1|          0|
    |ap_enable_reg_pp0_iter1           |   1|   0|    1|          0|
    |ap_enable_reg_pp0_iter2           |   1|   0|    1|          0|
    |ap_enable_reg_pp0_iter3           |   1|   0|    1|          0|
    |ap_loop_exit_ready_pp0_iter1_reg  |   1|   0|    1|          0|
    |ap_loop_exit_ready_pp0_iter2_reg  |   1|   0|    1|          0|
    |i_02_fu_110                       |   9|   0|    9|          0|
    |mul_ln42_10_reg_64163             |  26|   0|   26|          0|
    |mul_ln42_11_reg_64167             |  26|   0|   26|          0|
    |mul_ln42_12_reg_64171             |  25|   0|   25|          0|
    |mul_ln42_8_reg_64155              |  26|   0|   26|          0|
    |mul_ln42_9_reg_64159              |  26|   0|   26|          0|
    |mul_ln42_reg_64151                |  26|   0|   26|          0|
    |start_once_reg                    |   1|   0|    1|          0|
    |tmp_35_reg_64511                  |  16|   0|   16|          0|
    |tmp_35_reg_64511_pp0_iter2_reg    |  16|   0|   16|          0|
    |tmp_reg_64505                     |  16|   0|   16|          0|
    |tmp_reg_64505_pp0_iter2_reg       |  16|   0|   16|          0|
    +----------------------------------+----+----+-----+-----------+
    |Total                             | 332|   0|  332|          0|
    +----------------------------------+----+----+-----+-----------+



================================================================
== Interface
================================================================
* Summary: 
+---------------------------+-----+-----+------------+-----------------------------------------------------------------------+--------------+
|         RTL Ports         | Dir | Bits|  Protocol  |                             Source Object                             |    C Type    |
+---------------------------+-----+-----+------------+-----------------------------------------------------------------------+--------------+
|ap_clk                     |   in|    1|  ap_ctrl_hs|  normalize<array<ap_fixed,8u>,array<ap_fixed<33,21,5,3,0>,8u>,config9>|  return value|
|ap_rst                     |   in|    1|  ap_ctrl_hs|  normalize<array<ap_fixed,8u>,array<ap_fixed<33,21,5,3,0>,8u>,config9>|  return value|
|ap_start                   |   in|    1|  ap_ctrl_hs|  normalize<array<ap_fixed,8u>,array<ap_fixed<33,21,5,3,0>,8u>,config9>|  return value|
|start_full_n               |   in|    1|  ap_ctrl_hs|  normalize<array<ap_fixed,8u>,array<ap_fixed<33,21,5,3,0>,8u>,config9>|  return value|
|ap_done                    |  out|    1|  ap_ctrl_hs|  normalize<array<ap_fixed,8u>,array<ap_fixed<33,21,5,3,0>,8u>,config9>|  return value|
|ap_continue                |   in|    1|  ap_ctrl_hs|  normalize<array<ap_fixed,8u>,array<ap_fixed<33,21,5,3,0>,8u>,config9>|  return value|
|ap_idle                    |  out|    1|  ap_ctrl_hs|  normalize<array<ap_fixed,8u>,array<ap_fixed<33,21,5,3,0>,8u>,config9>|  return value|
|ap_ready                   |  out|    1|  ap_ctrl_hs|  normalize<array<ap_fixed,8u>,array<ap_fixed<33,21,5,3,0>,8u>,config9>|  return value|
|start_out                  |  out|    1|  ap_ctrl_hs|  normalize<array<ap_fixed,8u>,array<ap_fixed<33,21,5,3,0>,8u>,config9>|  return value|
|start_write                |  out|    1|  ap_ctrl_hs|  normalize<array<ap_fixed,8u>,array<ap_fixed<33,21,5,3,0>,8u>,config9>|  return value|
|layer7_out_dout            |   in|  128|     ap_fifo|                                                             layer7_out|       pointer|
|layer7_out_num_data_valid  |   in|   10|     ap_fifo|                                                             layer7_out|       pointer|
|layer7_out_fifo_cap        |   in|   10|     ap_fifo|                                                             layer7_out|       pointer|
|layer7_out_empty_n         |   in|    1|     ap_fifo|                                                             layer7_out|       pointer|
|layer7_out_read            |  out|    1|     ap_fifo|                                                             layer7_out|       pointer|
|layer9_out_din             |  out|  264|     ap_fifo|                                                             layer9_out|       pointer|
|layer9_out_num_data_valid  |   in|   10|     ap_fifo|                                                             layer9_out|       pointer|
|layer9_out_fifo_cap        |   in|   10|     ap_fifo|                                                             layer9_out|       pointer|
|layer9_out_full_n          |   in|    1|     ap_fifo|                                                             layer9_out|       pointer|
|layer9_out_write           |  out|    1|     ap_fifo|                                                             layer9_out|       pointer|
+---------------------------+-----+-----+------------+-----------------------------------------------------------------------+--------------+

