

================================================================
== Vitis HLS Report for 'normalize_array_ap_fixed_8u_array_ap_fixed_33_21_5_3_0_8u_config14_s'
================================================================
* Date:           Sun Mar 22 09:55:20 2026

* Version:        2023.2 (Build 4023990 on Oct 11 2023)
* Project:        myproject_prj
* Solution:       solution1 (Vivado IP Flow Target)
* Product family: zynquplus
* Target device:  xck26-sfvc784-2LV-c


================================================================
== Performance Estimates
================================================================
+ Timing: 
    * Summary: 
    +--------+---------+----------+------------+
    |  Clock |  Target | Estimated| Uncertainty|
    +--------+---------+----------+------------+
    |ap_clk  |  5.00 ns|  2.768 ns|     1.35 ns|
    +--------+---------+----------+------------+

+ Latency: 
    * Summary: 
    +---------+---------+----------+----------+-----+-----+---------+
    |  Latency (cycles) |  Latency (absolute) |  Interval | Pipeline|
    |   min   |   max   |    min   |    max   | min | max |   Type  |
    +---------+---------+----------+----------+-----+-----+---------+
    |       44|       44|  0.220 us|  0.220 us|   44|   44|       no|
    +---------+---------+----------+----------+-----+-----+---------+

    + Detail: 
        * Instance: 
        N/A

        * Loop: 
        +-----------------+---------+---------+----------+-----------+-----------+------+----------+
        |                 |  Latency (cycles) | Iteration|  Initiation Interval  | Trip |          |
        |    Loop Name    |   min   |   max   |  Latency |  achieved |   target  | Count| Pipelined|
        +-----------------+---------+---------+----------+-----------+-----------+------+----------+
        |- BatchNormLoop  |       42|       42|         4|          1|          1|    40|       yes|
        +-----------------+---------+---------+----------+-----------+-----------+------+----------+



================================================================
== Utilization Estimates
================================================================
* Summary: 
+-----------------+---------+------+--------+--------+-----+
|       Name      | BRAM_18K|  DSP |   FF   |   LUT  | URAM|
+-----------------+---------+------+--------+--------+-----+
|DSP              |        -|     -|       -|       -|    -|
|Expression       |        -|     -|       0|     315|    -|
|FIFO             |        -|     -|       -|       -|    -|
|Instance         |        -|     6|       0|      30|    -|
|Memory           |        -|     -|       -|       -|    -|
|Multiplexer      |        -|     -|       -|      63|    -|
|Register         |        -|     -|     330|       -|    -|
+-----------------+---------+------+--------+--------+-----+
|Total            |        0|     6|     330|     408|    0|
+-----------------+---------+------+--------+--------+-----+
|Available        |      288|  1248|  234240|  117120|   64|
+-----------------+---------+------+--------+--------+-----+
|Utilization (%)  |        0|    ~0|      ~0|      ~0|    0|
+-----------------+---------+------+--------+--------+-----+

+ Detail: 
    * Instance: 
    +--------------------------+---------------------+---------+----+---+----+-----+
    |         Instance         |        Module       | BRAM_18K| DSP| FF| LUT| URAM|
    +--------------------------+---------------------+---------+----+---+----+-----+
    |mul_16s_11ns_26_1_1_U492  |mul_16s_11ns_26_1_1  |        0|   1|  0|   5|    0|
    |mul_16s_11ns_26_1_1_U493  |mul_16s_11ns_26_1_1  |        0|   1|  0|   5|    0|
    |mul_16s_11ns_26_1_1_U494  |mul_16s_11ns_26_1_1  |        0|   1|  0|   5|    0|
    |mul_16s_11ns_26_1_1_U495  |mul_16s_11ns_26_1_1  |        0|   1|  0|   5|    0|
    |mul_16s_11ns_26_1_1_U496  |mul_16s_11ns_26_1_1  |        0|   1|  0|   5|    0|
    |mul_16s_11ns_26_1_1_U497  |mul_16s_11ns_26_1_1  |        0|   1|  0|   5|    0|
    +--------------------------+---------------------+---------+----+---+----+-----+
    |Total                     |                     |        0|   6|  0|  30|    0|
    +--------------------------+---------------------+---------+----+---+----+-----+

    * DSP: 
    N/A

    * Memory: 
    N/A

    * FIFO: 
    N/A

    * Expression: 
    +---------------------------+----------+----+---+----+------------+------------+
    |       Variable Name       | Operation| DSP| FF| LUT| Bitwidth P0| Bitwidth P1|
    +---------------------------+----------+----+---+----+------------+------------+
    |add_ln42_15_fu_8337_p2     |         +|   0|  0|  33|          26|          12|
    |add_ln42_16_fu_8347_p2     |         +|   0|  0|  33|          26|          15|
    |add_ln42_17_fu_8357_p2     |         +|   0|  0|  33|          26|          15|
    |add_ln42_18_fu_8378_p2     |         +|   0|  0|  33|          26|          14|
    |add_ln42_19_fu_8384_p2     |         +|   0|  0|  33|          26|          14|
    |add_ln42_20_fu_8394_p2     |         +|   0|  0|  33|          26|          14|
    |add_ln42_21_fu_8404_p2     |         +|   0|  0|  33|          26|          13|
    |add_ln42_fu_8327_p2        |         +|   0|  0|  26|          26|          13|
    |i_15_fu_8190_p2            |         +|   0|  0|  13|           6|           1|
    |sub_ln73_fu_8321_p2        |         -|   0|  0|  26|          26|          26|
    |ap_condition_150           |       and|   0|  0|   2|           1|           1|
    |icmp_ln25_fu_8184_p2       |      icmp|   0|  0|  13|           6|           6|
    |ap_block_pp0_stage0_01001  |        or|   0|  0|   2|           1|           1|
    |ap_enable_pp0              |       xor|   0|  0|   2|           1|           2|
    +---------------------------+----------+----+---+----+------------+------------+
    |Total                      |          |   0|  0| 315|         249|         147|
    +---------------------------+----------+----+---+----+------------+------------+

    * Multiplexer: 
    +-------------------------+----+-----------+-----+-----------+
    |           Name          | LUT| Input Size| Bits| Total Bits|
    +-------------------------+----+-----------+-----+-----------+
    |ap_done_int              |   9|          2|    1|          2|
    |ap_enable_reg_pp0_iter1  |   9|          2|    1|          2|
    |ap_sig_allocacmp_i       |   9|          2|    6|         12|
    |i_02_fu_110              |   9|          2|    6|         12|
    |layer12_out_blk_n        |   9|          2|    1|          2|
    |layer14_out_blk_n        |   9|          2|    1|          2|
    |real_start               |   9|          2|    1|          2|
    +-------------------------+----+-----------+-----+-----------+
    |Total                    |  63|         14|   17|         34|
    +-------------------------+----+-----------+-----+-----------+

    * Register: 
    +-----------------------------------+----+----+-----+-----------+
    |                Name               | FF | LUT| Bits| Const Bits|
    +-----------------------------------+----+----+-----+-----------+
    |a_3_reg_8455                       |  16|   0|   16|          0|
    |a_4_reg_8460                       |  16|   0|   16|          0|
    |a_5_reg_8465                       |  16|   0|   16|          0|
    |a_6_reg_8470                       |  16|   0|   16|          0|
    |a_7_reg_8475                       |  16|   0|   16|          0|
    |a_reg_8450                         |  16|   0|   16|          0|
    |ap_CS_fsm                          |   1|   0|    1|          0|
    |ap_done_reg                        |   1|   0|    1|          0|
    |ap_enable_reg_pp0_iter1            |   1|   0|    1|          0|
    |ap_enable_reg_pp0_iter2            |   1|   0|    1|          0|
    |ap_enable_reg_pp0_iter3            |   1|   0|    1|          0|
    |ap_loop_exit_ready_pp0_iter1_reg   |   1|   0|    1|          0|
    |ap_loop_exit_ready_pp0_iter2_reg   |   1|   0|    1|          0|
    |i_02_fu_110                        |   6|   0|    6|          0|
    |mul_ln42_13_reg_8155               |  26|   0|   26|          0|
    |mul_ln42_14_reg_8159               |  26|   0|   26|          0|
    |mul_ln42_15_reg_8163               |  26|   0|   26|          0|
    |mul_ln42_16_reg_8167               |  26|   0|   26|          0|
    |mul_ln42_17_reg_8171               |  26|   0|   26|          0|
    |mul_ln42_reg_8151                  |  26|   0|   26|          0|
    |start_once_reg                     |   1|   0|    1|          0|
    |tmp_38_reg_8486                    |  16|   0|   16|          0|
    |tmp_38_reg_8486_pp0_iter2_reg      |  16|   0|   16|          0|
    |trunc_ln73_reg_8480                |  16|   0|   16|          0|
    |trunc_ln73_reg_8480_pp0_iter2_reg  |  16|   0|   16|          0|
    +-----------------------------------+----+----+-----+-----------+
    |Total                              | 330|   0|  330|          0|
    +-----------------------------------+----+----+-----+-----------+



================================================================
== Interface
================================================================
* Summary: 
+----------------------------+-----+-----+------------+------------------------------------------------------------------------+--------------+
|          RTL Ports         | Dir | Bits|  Protocol  |                              Source Object                             |    C Type    |
+----------------------------+-----+-----+------------+------------------------------------------------------------------------+--------------+
|ap_clk                      |   in|    1|  ap_ctrl_hs|  normalize<array<ap_fixed,8u>,array<ap_fixed<33,21,5,3,0>,8u>,config14>|  return value|
|ap_rst                      |   in|    1|  ap_ctrl_hs|  normalize<array<ap_fixed,8u>,array<ap_fixed<33,21,5,3,0>,8u>,config14>|  return value|
|ap_start                    |   in|    1|  ap_ctrl_hs|  normalize<array<ap_fixed,8u>,array<ap_fixed<33,21,5,3,0>,8u>,config14>|  return value|
|start_full_n                |   in|    1|  ap_ctrl_hs|  normalize<array<ap_fixed,8u>,array<ap_fixed<33,21,5,3,0>,8u>,config14>|  return value|
|ap_done                     |  out|    1|  ap_ctrl_hs|  normalize<array<ap_fixed,8u>,array<ap_fixed<33,21,5,3,0>,8u>,config14>|  return value|
|ap_continue                 |   in|    1|  ap_ctrl_hs|  normalize<array<ap_fixed,8u>,array<ap_fixed<33,21,5,3,0>,8u>,config14>|  return value|
|ap_idle                     |  out|    1|  ap_ctrl_hs|  normalize<array<ap_fixed,8u>,array<ap_fixed<33,21,5,3,0>,8u>,config14>|  return value|
|ap_ready                    |  out|    1|  ap_ctrl_hs|  normalize<array<ap_fixed,8u>,array<ap_fixed<33,21,5,3,0>,8u>,config14>|  return value|
|start_out                   |  out|    1|  ap_ctrl_hs|  normalize<array<ap_fixed,8u>,array<ap_fixed<33,21,5,3,0>,8u>,config14>|  return value|
|start_write                 |  out|    1|  ap_ctrl_hs|  normalize<array<ap_fixed,8u>,array<ap_fixed<33,21,5,3,0>,8u>,config14>|  return value|
|layer12_out_dout            |   in|  128|     ap_fifo|                                                             layer12_out|       pointer|
|layer12_out_num_data_valid  |   in|    7|     ap_fifo|                                                             layer12_out|       pointer|
|layer12_out_fifo_cap        |   in|    7|     ap_fifo|                                                             layer12_out|       pointer|
|layer12_out_empty_n         |   in|    1|     ap_fifo|                                                             layer12_out|       pointer|
|layer12_out_read            |  out|    1|     ap_fifo|                                                             layer12_out|       pointer|
|layer14_out_din             |  out|  264|     ap_fifo|                                                             layer14_out|       pointer|
|layer14_out_num_data_valid  |   in|    7|     ap_fifo|                                                             layer14_out|       pointer|
|layer14_out_fifo_cap        |   in|    7|     ap_fifo|                                                             layer14_out|       pointer|
|layer14_out_full_n          |   in|    1|     ap_fifo|                                                             layer14_out|       pointer|
|layer14_out_write           |  out|    1|     ap_fifo|                                                             layer14_out|       pointer|
+----------------------------+-----+-----+------------+------------------------------------------------------------------------+--------------+

