

================================================================
== Vitis HLS Report for 'normalize_array_ap_fixed_16u_array_ap_fixed_33_21_5_3_0_16u_config9_s'
================================================================
* Date:           Sat Mar 21 19:28:09 2026

* Version:        2023.2 (Build 4023990 on Oct 11 2023)
* Project:        myproject_prj
* Solution:       solution1 (Vivado IP Flow Target)
* Product family: zynquplus
* Target device:  xck26-sfvc784-2LV-c


================================================================
== Performance Estimates
================================================================
+ Timing: 
    * Summary: 
    +--------+---------+----------+------------+
    |  Clock |  Target | Estimated| Uncertainty|
    +--------+---------+----------+------------+
    |ap_clk  |  5.00 ns|  2.831 ns|     1.35 ns|
    +--------+---------+----------+------------+

+ Latency: 
    * Summary: 
    +---------+---------+----------+----------+-----+-----+---------+
    |  Latency (cycles) |  Latency (absolute) |  Interval | Pipeline|
    |   min   |   max   |    min   |    max   | min | max |   Type  |
    +---------+---------+----------+----------+-----+-----+---------+
    |      704|      704|  3.520 us|  3.520 us|  704|  704|       no|
    +---------+---------+----------+----------+-----+-----+---------+

    + Detail: 
        * Instance: 
        N/A

        * Loop: 
        +-----------------+---------+---------+----------+-----------+-----------+------+----------+
        |                 |  Latency (cycles) | Iteration|  Initiation Interval  | Trip |          |
        |    Loop Name    |   min   |   max   |  Latency |  achieved |   target  | Count| Pipelined|
        +-----------------+---------+---------+----------+-----------+-----------+------+----------+
        |- BatchNormLoop  |      702|      702|         4|          1|          1|   700|       yes|
        +-----------------+---------+---------+----------+-----------+-----------+------+----------+



================================================================
== Utilization Estimates
================================================================
* Summary: 
+-----------------+---------+------+--------+--------+-----+
|       Name      | BRAM_18K|  DSP |   FF   |   LUT  | URAM|
+-----------------+---------+------+--------+--------+-----+
|DSP              |        -|     -|       -|       -|    -|
|Expression       |        -|     -|       0|     594|    -|
|FIFO             |        -|     -|       -|       -|    -|
|Instance         |        -|    16|       0|      80|    -|
|Memory           |        -|     -|       -|       -|    -|
|Multiplexer      |        -|     -|       -|      63|    -|
|Register         |        -|     -|     716|       -|    -|
+-----------------+---------+------+--------+--------+-----+
|Total            |        0|    16|     716|     737|    0|
+-----------------+---------+------+--------+--------+-----+
|Available        |      288|  1248|  234240|  117120|   64|
+-----------------+---------+------+--------+--------+-----+
|Utilization (%)  |        0|     1|      ~0|      ~0|    0|
+-----------------+---------+------+--------+--------+-----+

+ Detail: 
    * Instance: 
    +--------------------------+---------------------+---------+----+---+----+-----+
    |         Instance         |        Module       | BRAM_18K| DSP| FF| LUT| URAM|
    +--------------------------+---------------------+---------+----+---+----+-----+
    |mul_16s_11ns_26_1_1_U602  |mul_16s_11ns_26_1_1  |        0|   1|  0|   5|    0|
    |mul_16s_11ns_26_1_1_U603  |mul_16s_11ns_26_1_1  |        0|   1|  0|   5|    0|
    |mul_16s_11ns_26_1_1_U606  |mul_16s_11ns_26_1_1  |        0|   1|  0|   5|    0|
    |mul_16s_11ns_26_1_1_U610  |mul_16s_11ns_26_1_1  |        0|   1|  0|   5|    0|
    |mul_16s_12ns_27_1_1_U604  |mul_16s_12ns_27_1_1  |        0|   1|  0|   5|    0|
    |mul_16s_12ns_27_1_1_U605  |mul_16s_12ns_27_1_1  |        0|   1|  0|   5|    0|
    |mul_16s_12ns_27_1_1_U607  |mul_16s_12ns_27_1_1  |        0|   1|  0|   5|    0|
    |mul_16s_12ns_27_1_1_U608  |mul_16s_12ns_27_1_1  |        0|   1|  0|   5|    0|
    |mul_16s_12ns_27_1_1_U611  |mul_16s_12ns_27_1_1  |        0|   1|  0|   5|    0|
    |mul_16s_12ns_27_1_1_U614  |mul_16s_12ns_27_1_1  |        0|   1|  0|   5|    0|
    |mul_16s_12ns_27_1_1_U615  |mul_16s_12ns_27_1_1  |        0|   1|  0|   5|    0|
    |mul_16s_13ns_28_1_1_U612  |mul_16s_13ns_28_1_1  |        0|   1|  0|   5|    0|
    |mul_16s_13ns_28_1_1_U613  |mul_16s_13ns_28_1_1  |        0|   1|  0|   5|    0|
    |mul_16s_16ns_31_1_1_U600  |mul_16s_16ns_31_1_1  |        0|   1|  0|   5|    0|
    |mul_16s_16ns_31_1_1_U601  |mul_16s_16ns_31_1_1  |        0|   1|  0|   5|    0|
    |mul_16s_16ns_31_1_1_U609  |mul_16s_16ns_31_1_1  |        0|   1|  0|   5|    0|
    +--------------------------+---------------------+---------+----+---+----+-----+
    |Total                     |                     |        0|  16|  0|  80|    0|
    +--------------------------+---------------------+---------+----+---+----+-----+

    * DSP: 
    N/A

    * Memory: 
    N/A

    * FIFO: 
    N/A

    * Expression: 
    +---------------------------+----------+----+---+----+------------+------------+
    |       Variable Name       | Operation| DSP| FF| LUT| Bitwidth P0| Bitwidth P1|
    +---------------------------+----------+----+---+----+------------+------------+
    |add_ln42_23_fu_728569_p2   |         +|   0|  0|  33|          26|          14|
    |add_ln42_24_fu_728579_p2   |         +|   0|  0|  34|          27|          13|
    |add_ln42_25_fu_728589_p2   |         +|   0|  0|  33|          26|           9|
    |add_ln42_26_fu_728599_p2   |         +|   0|  0|  38|          31|          10|
    |add_ln42_27_fu_728609_p2   |         +|   0|  0|  33|          26|          14|
    |add_ln42_28_fu_728619_p2   |         +|   0|  0|  34|          27|          12|
    |add_ln42_29_fu_728629_p2   |         +|   0|  0|  34|          27|          12|
    |add_ln42_30_fu_728639_p2   |         +|   0|  0|  33|          26|          14|
    |add_ln42_31_fu_728649_p2   |         +|   0|  0|  34|          27|          11|
    |add_ln42_32_fu_728659_p2   |         +|   0|  0|  38|          31|          11|
    |add_ln42_33_fu_728669_p2   |         +|   0|  0|  34|          27|          13|
    |add_ln42_34_fu_728679_p2   |         +|   0|  0|  35|          28|          10|
    |add_ln42_35_fu_728689_p2   |         +|   0|  0|  34|          27|          14|
    |add_ln42_36_fu_728699_p2   |         +|   0|  0|  35|          28|          12|
    |add_ln42_37_fu_728709_p2   |         +|   0|  0|  34|          27|          11|
    |add_ln42_fu_728559_p2      |         +|   0|  0|  38|          31|          11|
    |i_11_fu_728330_p2          |         +|   0|  0|  17|          10|           1|
    |ap_condition_182           |       and|   0|  0|   2|           1|           1|
    |icmp_ln25_fu_728324_p2     |      icmp|   0|  0|  17|          10|          10|
    |ap_block_pp0_stage0_01001  |        or|   0|  0|   2|           1|           1|
    |ap_enable_pp0              |       xor|   0|  0|   2|           1|           2|
    +---------------------------+----------+----+---+----+------------+------------+
    |Total                      |          |   0|  0| 594|         465|         206|
    +---------------------------+----------+----+---+----+------------+------------+

    * Multiplexer: 
    +-------------------------+----+-----------+-----+-----------+
    |           Name          | LUT| Input Size| Bits| Total Bits|
    +-------------------------+----+-----------+-----+-----------+
    |ap_done_int              |   9|          2|    1|          2|
    |ap_enable_reg_pp0_iter1  |   9|          2|    1|          2|
    |ap_sig_allocacmp_i       |   9|          2|   10|         20|
    |i_02_fu_170              |   9|          2|   10|         20|
    |layer7_out_blk_n         |   9|          2|    1|          2|
    |layer9_out_blk_n         |   9|          2|    1|          2|
    |real_start               |   9|          2|    1|          2|
    +-------------------------+----+-----------+-----+-----------+
    |Total                    |  63|         14|   25|         50|
    +-------------------------+----+-----------+-----+-----------+

    * Register: 
    +----------------------------------+----+----+-----+-----------+
    |               Name               | FF | LUT| Bits| Const Bits|
    +----------------------------------+----+----+-----+-----------+
    |a_15_reg_728777                   |  16|   0|   16|          0|
    |a_16_reg_728782                   |  16|   0|   16|          0|
    |a_17_reg_728787                   |  16|   0|   16|          0|
    |a_18_reg_728792                   |  16|   0|   16|          0|
    |a_19_reg_728797                   |  16|   0|   16|          0|
    |a_20_reg_728802                   |  16|   0|   16|          0|
    |a_21_reg_728807                   |  16|   0|   16|          0|
    |a_22_reg_728812                   |  16|   0|   16|          0|
    |a_23_reg_728817                   |  16|   0|   16|          0|
    |a_24_reg_728822                   |  16|   0|   16|          0|
    |a_25_reg_728827                   |  16|   0|   16|          0|
    |a_26_reg_728832                   |  16|   0|   16|          0|
    |a_27_reg_728837                   |  16|   0|   16|          0|
    |a_28_reg_728842                   |  16|   0|   16|          0|
    |a_29_reg_728772                   |  16|   0|   16|          0|
    |a_reg_728767                      |  16|   0|   16|          0|
    |ap_CS_fsm                         |   1|   0|    1|          0|
    |ap_done_reg                       |   1|   0|    1|          0|
    |ap_enable_reg_pp0_iter1           |   1|   0|    1|          0|
    |ap_enable_reg_pp0_iter2           |   1|   0|    1|          0|
    |ap_enable_reg_pp0_iter3           |   1|   0|    1|          0|
    |ap_loop_exit_ready_pp0_iter1_reg  |   1|   0|    1|          0|
    |ap_loop_exit_ready_pp0_iter2_reg  |   1|   0|    1|          0|
    |i_02_fu_170                       |  10|   0|   10|          0|
    |mul_ln42_22_reg_728255            |  26|   0|   26|          0|
    |mul_ln42_23_reg_728259            |  27|   0|   27|          0|
    |mul_ln42_24_reg_728263            |  26|   0|   26|          0|
    |mul_ln42_25_reg_728267            |  31|   0|   31|          0|
    |mul_ln42_26_reg_728271            |  26|   0|   26|          0|
    |mul_ln42_27_reg_728275            |  27|   0|   27|          0|
    |mul_ln42_28_reg_728279            |  27|   0|   27|          0|
    |mul_ln42_29_reg_728283            |  26|   0|   26|          0|
    |mul_ln42_30_reg_728287            |  27|   0|   27|          0|
    |mul_ln42_31_reg_728291            |  31|   0|   31|          0|
    |mul_ln42_32_reg_728295            |  27|   0|   27|          0|
    |mul_ln42_33_reg_728299            |  28|   0|   28|          0|
    |mul_ln42_34_reg_728303            |  27|   0|   27|          0|
    |mul_ln42_35_reg_728307            |  28|   0|   28|          0|
    |mul_ln42_36_reg_728311            |  27|   0|   27|          0|
    |mul_ln42_reg_728251               |  31|   0|   31|          0|
    |start_once_reg                    |   1|   0|    1|          0|
    +----------------------------------+----+----+-----+-----------+
    |Total                             | 716|   0|  716|          0|
    +----------------------------------+----+----+-----+-----------+



================================================================
== Interface
================================================================
* Summary: 
+---------------------------+-----+-----+------------+-------------------------------------------------------------------------+--------------+
|         RTL Ports         | Dir | Bits|  Protocol  |                              Source Object                              |    C Type    |
+---------------------------+-----+-----+------------+-------------------------------------------------------------------------+--------------+
|ap_clk                     |   in|    1|  ap_ctrl_hs|  normalize<array<ap_fixed,16u>,array<ap_fixed<33,21,5,3,0>,16u>,config9>|  return value|
|ap_rst                     |   in|    1|  ap_ctrl_hs|  normalize<array<ap_fixed,16u>,array<ap_fixed<33,21,5,3,0>,16u>,config9>|  return value|
|ap_start                   |   in|    1|  ap_ctrl_hs|  normalize<array<ap_fixed,16u>,array<ap_fixed<33,21,5,3,0>,16u>,config9>|  return value|
|start_full_n               |   in|    1|  ap_ctrl_hs|  normalize<array<ap_fixed,16u>,array<ap_fixed<33,21,5,3,0>,16u>,config9>|  return value|
|ap_done                    |  out|    1|  ap_ctrl_hs|  normalize<array<ap_fixed,16u>,array<ap_fixed<33,21,5,3,0>,16u>,config9>|  return value|
|ap_continue                |   in|    1|  ap_ctrl_hs|  normalize<array<ap_fixed,16u>,array<ap_fixed<33,21,5,3,0>,16u>,config9>|  return value|
|ap_idle                    |  out|    1|  ap_ctrl_hs|  normalize<array<ap_fixed,16u>,array<ap_fixed<33,21,5,3,0>,16u>,config9>|  return value|
|ap_ready                   |  out|    1|  ap_ctrl_hs|  normalize<array<ap_fixed,16u>,array<ap_fixed<33,21,5,3,0>,16u>,config9>|  return value|
|start_out                  |  out|    1|  ap_ctrl_hs|  normalize<array<ap_fixed,16u>,array<ap_fixed<33,21,5,3,0>,16u>,config9>|  return value|
|start_write                |  out|    1|  ap_ctrl_hs|  normalize<array<ap_fixed,16u>,array<ap_fixed<33,21,5,3,0>,16u>,config9>|  return value|
|layer7_out_dout            |   in|  256|     ap_fifo|                                                               layer7_out|       pointer|
|layer7_out_num_data_valid  |   in|   11|     ap_fifo|                                                               layer7_out|       pointer|
|layer7_out_fifo_cap        |   in|   11|     ap_fifo|                                                               layer7_out|       pointer|
|layer7_out_empty_n         |   in|    1|     ap_fifo|                                                               layer7_out|       pointer|
|layer7_out_read            |  out|    1|     ap_fifo|                                                               layer7_out|       pointer|
|layer9_out_din             |  out|  528|     ap_fifo|                                                               layer9_out|       pointer|
|layer9_out_num_data_valid  |   in|   11|     ap_fifo|                                                               layer9_out|       pointer|
|layer9_out_fifo_cap        |   in|   11|     ap_fifo|                                                               layer9_out|       pointer|
|layer9_out_full_n          |   in|    1|     ap_fifo|                                                               layer9_out|       pointer|
|layer9_out_write           |  out|    1|     ap_fifo|                                                               layer9_out|       pointer|
+---------------------------+-----+-----+------------+-------------------------------------------------------------------------+--------------+

