

================================================================
== Vitis HLS Report for 'pooling2d_cl_array_ap_ufixed_8u_array_ap_ufixed_4_3_4_0_0_8u_config6_s'
================================================================
* Date:           Sat Mar 21 19:28:05 2026

* Version:        2023.2 (Build 4023990 on Oct 11 2023)
* Project:        myproject_prj
* Solution:       solution1 (Vivado IP Flow Target)
* Product family: zynquplus
* Target device:  xck26-sfvc784-2LV-c


================================================================
== Performance Estimates
================================================================
+ Timing: 
    * Summary: 
    +--------+---------+----------+------------+
    |  Clock |  Target | Estimated| Uncertainty|
    +--------+---------+----------+------------+
    |ap_clk  |  5.00 ns|  3.458 ns|     1.35 ns|
    +--------+---------+----------+------------+

+ Latency: 
    * Summary: 
    +---------+---------+-----------+-----------+-------+-------+---------+
    |  Latency (cycles) |   Latency (absolute)  |    Interval   | Pipeline|
    |   min   |   max   |    min    |    max    |  min  |  max  |   Type  |
    +---------+---------+-----------+-----------+-------+-------+---------+
    |    11283|    11283|  56.415 us|  56.415 us|  11283|  11283|       no|
    +---------+---------+-----------+-----------+-------+-------+---------+

    + Detail: 
        * Instance: 
        +---------------------------------------------------------------------------+----------------------------------------------------------+---------+---------+----------+----------+-----+-----+---------+
        |                                                                           |                                                          |  Latency (cycles) |  Latency (absolute) |  Interval | Pipeline|
        |                                  Instance                                 |                          Module                          |   min   |   max   |    min   |    max   | min | max |   Type  |
        +---------------------------------------------------------------------------+----------------------------------------------------------+---------+---------+----------+----------+-----+-----+---------+
        |call_ln52_shift_line_buffer_array_ap_ufixed_4_3_4_0_0_8u_config6_s_fu_268  |shift_line_buffer_array_ap_ufixed_4_3_4_0_0_8u_config6_s  |        0|        0|      0 ns|      0 ns|    1|    1|      yes|
        +---------------------------------------------------------------------------+----------------------------------------------------------+---------+---------+----------+----------+-----+-----+---------+

        * Loop: 
        +----------------------------------+---------+---------+----------+-----------+-----------+------+----------+
        |                                  |  Latency (cycles) | Iteration|  Initiation Interval  | Trip |          |
        |             Loop Name            |   min   |   max   |  Latency |  achieved |   target  | Count| Pipelined|
        +----------------------------------+---------+---------+----------+-----------+-----------+------+----------+
        |- ReadInputHeight_ReadInputWidth  |    11281|    11281|         4|          2|          1|  5640|       yes|
        +----------------------------------+---------+---------+----------+-----------+-----------+------+----------+



================================================================
== Utilization Estimates
================================================================
* Summary: 
+-----------------+---------+------+--------+--------+-----+
|       Name      | BRAM_18K|  DSP |   FF   |   LUT  | URAM|
+-----------------+---------+------+--------+--------+-----+
|DSP              |        -|     -|       -|       -|    -|
|Expression       |        -|     -|       0|    2338|    -|
|FIFO             |        -|     -|       -|       -|    -|
|Instance         |        -|     -|     513|     688|    -|
|Memory           |        -|     -|       -|       -|    -|
|Multiplexer      |        -|     -|       -|     122|    -|
|Register         |        -|     -|     474|       -|    -|
+-----------------+---------+------+--------+--------+-----+
|Total            |        0|     0|     987|    3148|    0|
+-----------------+---------+------+--------+--------+-----+
|Available        |      288|  1248|  234240|  117120|   64|
+-----------------+---------+------+--------+--------+-----+
|Utilization (%)  |        0|     0|      ~0|       2|    0|
+-----------------+---------+------+--------+--------+-----+

+ Detail: 
    * Instance: 
    +---------------------------------------------------------------------------+----------------------------------------------------------+---------+----+-----+-----+-----+
    |                                  Instance                                 |                          Module                          | BRAM_18K| DSP|  FF | LUT | URAM|
    +---------------------------------------------------------------------------+----------------------------------------------------------+---------+----+-----+-----+-----+
    |call_ln52_shift_line_buffer_array_ap_ufixed_4_3_4_0_0_8u_config6_s_fu_268  |shift_line_buffer_array_ap_ufixed_4_3_4_0_0_8u_config6_s  |        0|   0|  513|  688|    0|
    +---------------------------------------------------------------------------+----------------------------------------------------------+---------+----+-----+-----+-----+
    |Total                                                                      |                                                          |        0|   0|  513|  688|    0|
    +---------------------------------------------------------------------------+----------------------------------------------------------+---------+----+-----+-----+-----+

    * DSP: 
    N/A

    * Memory: 
    N/A

    * FIFO: 
    N/A

    * Expression: 
    +------------------------------------------+----------+----+---+----+------------+------------+
    |               Variable Name              | Operation| DSP| FF| LUT| Bitwidth P0| Bitwidth P1|
    +------------------------------------------+----------+----+---+----+------------+------------+
    |add_ln109_fu_438_p2                       |         +|   0|  0|  20|          13|           1|
    |add_ln76_fu_496_p2                        |         +|   0|  0|  39|          32|           1|
    |add_ln80_fu_550_p2                        |         +|   0|  0|  39|          32|           1|
    |add_ln86_fu_586_p2                        |         +|   0|  0|  39|          32|          32|
    |add_ln91_fu_522_p2                        |         +|   0|  0|  39|          32|          32|
    |and_ln55_1_fu_490_p2                      |       and|   0|  0|   2|           1|           1|
    |and_ln55_fu_484_p2                        |       and|   0|  0|   2|           1|           1|
    |ap_block_state2_pp0_stage1_iter0          |       and|   0|  0|   2|           1|           1|
    |ap_block_state4_pp0_stage1_iter1          |       and|   0|  0|   2|           1|           1|
    |ap_condition_434                          |       and|   0|  0|   2|           1|           1|
    |ap_condition_450                          |       and|   0|  0|   2|           1|           1|
    |ap_condition_842                          |       and|   0|  0|   2|           1|           1|
    |ap_predicate_op381_write_state4           |       and|   0|  0|   2|           1|           1|
    |icmp_ln109_fu_432_p2                      |      icmp|   0|  0|  20|          13|          13|
    |icmp_ln55_1_fu_462_p2                     |      icmp|   0|  0|  39|          32|           1|
    |icmp_ln55_2_fu_472_p2                     |      icmp|   0|  0|  39|          32|           1|
    |icmp_ln55_3_fu_478_p2                     |      icmp|   0|  0|  39|          32|           2|
    |icmp_ln55_fu_448_p2                       |      icmp|   0|  0|  39|          32|           2|
    |icmp_ln66_10_fu_827_p2                    |      icmp|   0|  0|  20|          13|          13|
    |icmp_ln66_11_fu_847_p2                    |      icmp|   0|  0|  20|          13|          13|
    |icmp_ln66_12_fu_867_p2                    |      icmp|   0|  0|  20|          13|          13|
    |icmp_ln66_13_fu_887_p2                    |      icmp|   0|  0|  20|          13|          13|
    |icmp_ln66_14_fu_907_p2                    |      icmp|   0|  0|  20|          13|          13|
    |icmp_ln66_15_fu_1043_p2                   |      icmp|   0|  0|  20|          13|          13|
    |icmp_ln66_16_fu_1063_p2                   |      icmp|   0|  0|  20|          13|          13|
    |icmp_ln66_17_fu_1083_p2                   |      icmp|   0|  0|  20|          13|          13|
    |icmp_ln66_18_fu_1103_p2                   |      icmp|   0|  0|  20|          13|          13|
    |icmp_ln66_19_fu_1123_p2                   |      icmp|   0|  0|  20|          13|          13|
    |icmp_ln66_20_fu_1143_p2                   |      icmp|   0|  0|  20|          13|          13|
    |icmp_ln66_21_fu_1163_p2                   |      icmp|   0|  0|  20|          13|          13|
    |icmp_ln66_22_fu_1299_p2                   |      icmp|   0|  0|  20|          13|          13|
    |icmp_ln66_23_fu_1319_p2                   |      icmp|   0|  0|  20|          13|          13|
    |icmp_ln66_24_fu_1339_p2                   |      icmp|   0|  0|  20|          13|          13|
    |icmp_ln66_25_fu_1359_p2                   |      icmp|   0|  0|  20|          13|          13|
    |icmp_ln66_26_fu_1379_p2                   |      icmp|   0|  0|  20|          13|          13|
    |icmp_ln66_27_fu_1399_p2                   |      icmp|   0|  0|  20|          13|          13|
    |icmp_ln66_28_fu_1419_p2                   |      icmp|   0|  0|  20|          13|          13|
    |icmp_ln66_29_fu_1555_p2                   |      icmp|   0|  0|  20|          13|          13|
    |icmp_ln66_30_fu_1575_p2                   |      icmp|   0|  0|  20|          13|          13|
    |icmp_ln66_31_fu_1595_p2                   |      icmp|   0|  0|  20|          13|          13|
    |icmp_ln66_32_fu_1615_p2                   |      icmp|   0|  0|  20|          13|          13|
    |icmp_ln66_33_fu_1635_p2                   |      icmp|   0|  0|  20|          13|          13|
    |icmp_ln66_34_fu_1655_p2                   |      icmp|   0|  0|  20|          13|          13|
    |icmp_ln66_35_fu_1675_p2                   |      icmp|   0|  0|  20|          13|          13|
    |icmp_ln66_36_fu_1811_p2                   |      icmp|   0|  0|  20|          13|          13|
    |icmp_ln66_37_fu_1831_p2                   |      icmp|   0|  0|  20|          13|          13|
    |icmp_ln66_38_fu_1851_p2                   |      icmp|   0|  0|  20|          13|          13|
    |icmp_ln66_39_fu_1871_p2                   |      icmp|   0|  0|  20|          13|          13|
    |icmp_ln66_40_fu_1891_p2                   |      icmp|   0|  0|  20|          13|          13|
    |icmp_ln66_41_fu_1911_p2                   |      icmp|   0|  0|  20|          13|          13|
    |icmp_ln66_42_fu_1931_p2                   |      icmp|   0|  0|  20|          13|          13|
    |icmp_ln66_43_fu_2067_p2                   |      icmp|   0|  0|  20|          13|          13|
    |icmp_ln66_44_fu_2087_p2                   |      icmp|   0|  0|  20|          13|          13|
    |icmp_ln66_45_fu_2107_p2                   |      icmp|   0|  0|  20|          13|          13|
    |icmp_ln66_46_fu_2127_p2                   |      icmp|   0|  0|  20|          13|          13|
    |icmp_ln66_47_fu_2147_p2                   |      icmp|   0|  0|  20|          13|          13|
    |icmp_ln66_48_fu_2167_p2                   |      icmp|   0|  0|  20|          13|          13|
    |icmp_ln66_49_fu_2187_p2                   |      icmp|   0|  0|  20|          13|          13|
    |icmp_ln66_50_fu_2323_p2                   |      icmp|   0|  0|  20|          13|          13|
    |icmp_ln66_51_fu_2343_p2                   |      icmp|   0|  0|  20|          13|          13|
    |icmp_ln66_52_fu_2363_p2                   |      icmp|   0|  0|  20|          13|          13|
    |icmp_ln66_53_fu_2383_p2                   |      icmp|   0|  0|  20|          13|          13|
    |icmp_ln66_54_fu_2403_p2                   |      icmp|   0|  0|  20|          13|          13|
    |icmp_ln66_55_fu_2423_p2                   |      icmp|   0|  0|  20|          13|          13|
    |icmp_ln66_56_fu_2443_p2                   |      icmp|   0|  0|  20|          13|          13|
    |icmp_ln66_57_fu_2579_p2                   |      icmp|   0|  0|  20|          13|          13|
    |icmp_ln66_58_fu_2599_p2                   |      icmp|   0|  0|  20|          13|          13|
    |icmp_ln66_59_fu_2619_p2                   |      icmp|   0|  0|  20|          13|          13|
    |icmp_ln66_60_fu_2639_p2                   |      icmp|   0|  0|  20|          13|          13|
    |icmp_ln66_61_fu_2659_p2                   |      icmp|   0|  0|  20|          13|          13|
    |icmp_ln66_62_fu_2679_p2                   |      icmp|   0|  0|  20|          13|          13|
    |icmp_ln66_63_fu_2699_p2                   |      icmp|   0|  0|  20|          13|          13|
    |icmp_ln66_9_fu_807_p2                     |      icmp|   0|  0|  20|          13|          13|
    |icmp_ln66_fu_787_p2                       |      icmp|   0|  0|  20|          13|          13|
    |icmp_ln76_fu_502_p2                       |      icmp|   0|  0|  39|          32|           9|
    |icmp_ln80_fu_556_p2                       |      icmp|   0|  0|  39|          32|           5|
    |icmp_ln86_fu_572_p2                       |      icmp|   0|  0|  39|          32|           1|
    |ap_block_pp0_stage0_11001                 |        or|   0|  0|   2|           1|           1|
    |ap_block_pp0_stage1_01001                 |        or|   0|  0|   2|           1|           1|
    |ap_block_pp0_stage1_11001_ignoreCallOp64  |        or|   0|  0|   2|           1|           1|
    |res_pack_1_fu_1195_p3                     |    select|   0|  0|   4|           1|           4|
    |res_pack_2_fu_1451_p3                     |    select|   0|  0|   4|           1|           4|
    |res_pack_3_fu_1707_p3                     |    select|   0|  0|   4|           1|           4|
    |res_pack_4_fu_1963_p3                     |    select|   0|  0|   4|           1|           4|
    |res_pack_5_fu_2219_p3                     |    select|   0|  0|   4|           1|           4|
    |res_pack_6_fu_2475_p3                     |    select|   0|  0|   4|           1|           4|
    |res_pack_7_fu_2731_p3                     |    select|   0|  0|   4|           1|           4|
    |res_pack_fu_939_p3                        |    select|   0|  0|   4|           1|           4|
    |select_ln0_10_fu_1135_p3                  |    select|   0|  0|  12|           1|          13|
    |select_ln0_11_fu_1155_p3                  |    select|   0|  0|  12|           1|          13|
    |select_ln0_12_fu_1311_p3                  |    select|   0|  0|  12|           1|          13|
    |select_ln0_13_fu_1331_p3                  |    select|   0|  0|  12|           1|          13|
    |select_ln0_14_fu_1351_p3                  |    select|   0|  0|  12|           1|          13|
    |select_ln0_15_fu_1371_p3                  |    select|   0|  0|  12|           1|          13|
    |select_ln0_16_fu_1391_p3                  |    select|   0|  0|  12|           1|          13|
    |select_ln0_17_fu_1411_p3                  |    select|   0|  0|  12|           1|          13|
    |select_ln0_18_fu_1567_p3                  |    select|   0|  0|  12|           1|          13|
    |select_ln0_19_fu_1587_p3                  |    select|   0|  0|  12|           1|          13|
    |select_ln0_1_fu_819_p3                    |    select|   0|  0|  12|           1|          13|
    |select_ln0_20_fu_1607_p3                  |    select|   0|  0|  12|           1|          13|
    |select_ln0_21_fu_1627_p3                  |    select|   0|  0|  12|           1|          13|
    |select_ln0_22_fu_1647_p3                  |    select|   0|  0|  12|           1|          13|
    |select_ln0_23_fu_1667_p3                  |    select|   0|  0|  12|           1|          13|
    |select_ln0_24_fu_1823_p3                  |    select|   0|  0|  12|           1|          13|
    |select_ln0_25_fu_1843_p3                  |    select|   0|  0|  12|           1|          13|
    |select_ln0_26_fu_1863_p3                  |    select|   0|  0|  12|           1|          13|
    |select_ln0_27_fu_1883_p3                  |    select|   0|  0|  12|           1|          13|
    |select_ln0_28_fu_1903_p3                  |    select|   0|  0|  12|           1|          13|
    |select_ln0_29_fu_1923_p3                  |    select|   0|  0|  12|           1|          13|
    |select_ln0_2_fu_839_p3                    |    select|   0|  0|  12|           1|          13|
    |select_ln0_30_fu_2079_p3                  |    select|   0|  0|  12|           1|          13|
    |select_ln0_31_fu_2099_p3                  |    select|   0|  0|  12|           1|          13|
    |select_ln0_32_fu_2119_p3                  |    select|   0|  0|  12|           1|          13|
    |select_ln0_33_fu_2139_p3                  |    select|   0|  0|  12|           1|          13|
    |select_ln0_34_fu_2159_p3                  |    select|   0|  0|  12|           1|          13|
    |select_ln0_35_fu_2179_p3                  |    select|   0|  0|  12|           1|          13|
    |select_ln0_36_fu_2335_p3                  |    select|   0|  0|  12|           1|          13|
    |select_ln0_37_fu_2355_p3                  |    select|   0|  0|  12|           1|          13|
    |select_ln0_38_fu_2375_p3                  |    select|   0|  0|  12|           1|          13|
    |select_ln0_39_fu_2395_p3                  |    select|   0|  0|  12|           1|          13|
    |select_ln0_3_fu_859_p3                    |    select|   0|  0|  12|           1|          13|
    |select_ln0_40_fu_2415_p3                  |    select|   0|  0|  12|           1|          13|
    |select_ln0_41_fu_2435_p3                  |    select|   0|  0|  12|           1|          13|
    |select_ln0_42_fu_2591_p3                  |    select|   0|  0|  12|           1|          13|
    |select_ln0_43_fu_2611_p3                  |    select|   0|  0|  12|           1|          13|
    |select_ln0_44_fu_2631_p3                  |    select|   0|  0|  12|           1|          13|
    |select_ln0_45_fu_2651_p3                  |    select|   0|  0|  12|           1|          13|
    |select_ln0_46_fu_2671_p3                  |    select|   0|  0|  12|           1|          13|
    |select_ln0_47_fu_2691_p3                  |    select|   0|  0|  12|           1|          13|
    |select_ln0_4_fu_879_p3                    |    select|   0|  0|  12|           1|          13|
    |select_ln0_5_fu_899_p3                    |    select|   0|  0|  12|           1|          13|
    |select_ln0_6_fu_1055_p3                   |    select|   0|  0|  12|           1|          13|
    |select_ln0_7_fu_1075_p3                   |    select|   0|  0|  12|           1|          13|
    |select_ln0_8_fu_1095_p3                   |    select|   0|  0|  12|           1|          13|
    |select_ln0_9_fu_1115_p3                   |    select|   0|  0|  12|           1|          13|
    |select_ln0_fu_799_p3                      |    select|   0|  0|  12|           1|          13|
    |select_ln86_fu_578_p3                     |    select|   0|  0|   2|           1|           2|
    |select_ln91_fu_514_p3                     |    select|   0|  0|   3|           1|           3|
    |ap_enable_pp0                             |       xor|   0|  0|   2|           1|           2|
    |xor_ln66_10_fu_833_p2                     |       xor|   0|  0|   2|           1|           2|
    |xor_ln66_11_fu_853_p2                     |       xor|   0|  0|   2|           1|           2|
    |xor_ln66_12_fu_873_p2                     |       xor|   0|  0|   2|           1|           2|
    |xor_ln66_13_fu_893_p2                     |       xor|   0|  0|   2|           1|           2|
    |xor_ln66_14_fu_913_p2                     |       xor|   0|  0|   2|           1|           2|
    |xor_ln66_15_fu_1049_p2                    |       xor|   0|  0|   2|           1|           2|
    |xor_ln66_16_fu_1069_p2                    |       xor|   0|  0|   2|           1|           2|
    |xor_ln66_17_fu_1089_p2                    |       xor|   0|  0|   2|           1|           2|
    |xor_ln66_18_fu_1109_p2                    |       xor|   0|  0|   2|           1|           2|
    |xor_ln66_19_fu_1129_p2                    |       xor|   0|  0|   2|           1|           2|
    |xor_ln66_20_fu_1149_p2                    |       xor|   0|  0|   2|           1|           2|
    |xor_ln66_21_fu_1169_p2                    |       xor|   0|  0|   2|           1|           2|
    |xor_ln66_22_fu_1305_p2                    |       xor|   0|  0|   2|           1|           2|
    |xor_ln66_23_fu_1325_p2                    |       xor|   0|  0|   2|           1|           2|
    |xor_ln66_24_fu_1345_p2                    |       xor|   0|  0|   2|           1|           2|
    |xor_ln66_25_fu_1365_p2                    |       xor|   0|  0|   2|           1|           2|
    |xor_ln66_26_fu_1385_p2                    |       xor|   0|  0|   2|           1|           2|
    |xor_ln66_27_fu_1405_p2                    |       xor|   0|  0|   2|           1|           2|
    |xor_ln66_28_fu_1425_p2                    |       xor|   0|  0|   2|           1|           2|
    |xor_ln66_29_fu_1561_p2                    |       xor|   0|  0|   2|           1|           2|
    |xor_ln66_30_fu_1581_p2                    |       xor|   0|  0|   2|           1|           2|
    |xor_ln66_31_fu_1601_p2                    |       xor|   0|  0|   2|           1|           2|
    |xor_ln66_32_fu_1621_p2                    |       xor|   0|  0|   2|           1|           2|
    |xor_ln66_33_fu_1641_p2                    |       xor|   0|  0|   2|           1|           2|
    |xor_ln66_34_fu_1661_p2                    |       xor|   0|  0|   2|           1|           2|
    |xor_ln66_35_fu_1681_p2                    |       xor|   0|  0|   2|           1|           2|
    |xor_ln66_36_fu_1817_p2                    |       xor|   0|  0|   2|           1|           2|
    |xor_ln66_37_fu_1837_p2                    |       xor|   0|  0|   2|           1|           2|
    |xor_ln66_38_fu_1857_p2                    |       xor|   0|  0|   2|           1|           2|
    |xor_ln66_39_fu_1877_p2                    |       xor|   0|  0|   2|           1|           2|
    |xor_ln66_40_fu_1897_p2                    |       xor|   0|  0|   2|           1|           2|
    |xor_ln66_41_fu_1917_p2                    |       xor|   0|  0|   2|           1|           2|
    |xor_ln66_42_fu_1937_p2                    |       xor|   0|  0|   2|           1|           2|
    |xor_ln66_43_fu_2073_p2                    |       xor|   0|  0|   2|           1|           2|
    |xor_ln66_44_fu_2093_p2                    |       xor|   0|  0|   2|           1|           2|
    |xor_ln66_45_fu_2113_p2                    |       xor|   0|  0|   2|           1|           2|
    |xor_ln66_46_fu_2133_p2                    |       xor|   0|  0|   2|           1|           2|
    |xor_ln66_47_fu_2153_p2                    |       xor|   0|  0|   2|           1|           2|
    |xor_ln66_48_fu_2173_p2                    |       xor|   0|  0|   2|           1|           2|
    |xor_ln66_49_fu_2193_p2                    |       xor|   0|  0|   2|           1|           2|
    |xor_ln66_50_fu_2329_p2                    |       xor|   0|  0|   2|           1|           2|
    |xor_ln66_51_fu_2349_p2                    |       xor|   0|  0|   2|           1|           2|
    |xor_ln66_52_fu_2369_p2                    |       xor|   0|  0|   2|           1|           2|
    |xor_ln66_53_fu_2389_p2                    |       xor|   0|  0|   2|           1|           2|
    |xor_ln66_54_fu_2409_p2                    |       xor|   0|  0|   2|           1|           2|
    |xor_ln66_55_fu_2429_p2                    |       xor|   0|  0|   2|           1|           2|
    |xor_ln66_56_fu_2449_p2                    |       xor|   0|  0|   2|           1|           2|
    |xor_ln66_57_fu_2585_p2                    |       xor|   0|  0|   2|           1|           2|
    |xor_ln66_58_fu_2605_p2                    |       xor|   0|  0|   2|           1|           2|
    |xor_ln66_59_fu_2625_p2                    |       xor|   0|  0|   2|           1|           2|
    |xor_ln66_60_fu_2645_p2                    |       xor|   0|  0|   2|           1|           2|
    |xor_ln66_61_fu_2665_p2                    |       xor|   0|  0|   2|           1|           2|
    |xor_ln66_62_fu_2685_p2                    |       xor|   0|  0|   2|           1|           2|
    |xor_ln66_63_fu_2705_p2                    |       xor|   0|  0|   2|           1|           2|
    |xor_ln66_9_fu_813_p2                      |       xor|   0|  0|   2|           1|           2|
    |xor_ln66_fu_793_p2                        |       xor|   0|  0|   2|           1|           2|
    +------------------------------------------+----------+----+---+----+------------+------------+
    |Total                                     |          |   0|  0|2338|        1232|        1615|
    +------------------------------------------+----------+----+---+----+------------+------------+

    * Multiplexer: 
    +-----------------------------------------+----+-----------+-----+-----------+
    |                   Name                  | LUT| Input Size| Bits| Total Bits|
    +-----------------------------------------+----+-----------+-----+-----------+
    |ap_NS_fsm                                |  14|          3|    1|          3|
    |ap_done_int                              |   9|          2|    1|          2|
    |ap_enable_reg_pp0_iter0                  |   9|          2|    1|          2|
    |ap_enable_reg_pp0_iter1                  |   9|          2|    1|          2|
    |ap_phi_reg_pp0_iter0_storemerge_reg_257  |   9|          2|   32|         64|
    |ap_sig_allocacmp_indvar_flatten_load     |   9|          2|   13|         26|
    |indvar_flatten_fu_240                    |   9|          2|   13|         26|
    |layer5_out_blk_n                         |   9|          2|    1|          2|
    |layer6_out_blk_n                         |   9|          2|    1|          2|
    |pX                                       |   9|          2|   32|         64|
    |pY                                       |   9|          2|   32|         64|
    |real_start                               |   9|          2|    1|          2|
    |sX                                       |   9|          2|   32|         64|
    +-----------------------------------------+----+-----------+-----+-----------+
    |Total                                    | 122|         27|  161|        323|
    +-----------------------------------------+----+-----------+-----+-----------+

    * Register: 
    +----------------------------------------------------------------------------------------+----+----+-----+-----------+
    |                                          Name                                          | FF | LUT| Bits| Const Bits|
    +----------------------------------------------------------------------------------------+----+----+-----+-----------+
    |and_ln55_1_reg_2767                                                                     |   1|   0|    1|          0|
    |and_ln55_1_reg_2767_pp0_iter1_reg                                                       |   1|   0|    1|          0|
    |ap_CS_fsm                                                                               |   2|   0|    2|          0|
    |ap_done_reg                                                                             |   1|   0|    1|          0|
    |ap_enable_reg_pp0_iter0_reg                                                             |   1|   0|    1|          0|
    |ap_enable_reg_pp0_iter1                                                                 |   1|   0|    1|          0|
    |ap_phi_reg_pp0_iter0_storemerge_reg_257                                                 |  32|   0|   32|          0|
    |call_ln52_shift_line_buffer_array_ap_ufixed_4_3_4_0_0_8u_config6_s_fu_268_ap_start_reg  |   1|   0|    1|          0|
    |icmp_ln109_reg_2759                                                                     |   1|   0|    1|          0|
    |icmp_ln55_reg_2763                                                                      |   1|   0|    1|          0|
    |icmp_ln55_reg_2763_pp0_iter1_reg                                                        |   1|   0|    1|          0|
    |icmp_ln76_reg_2771                                                                      |   1|   0|    1|          0|
    |indvar_flatten_fu_240                                                                   |  13|   0|   13|          0|
    |pX                                                                                      |  32|   0|   32|          0|
    |pY                                                                                      |  32|   0|   32|          0|
    |p_ZZN4nnet22compute_pool_buffer_2dINS_5arrayI9ap_ufixedILi4ELi3EL9ap_q_mode4EL9ap       |   4|   0|    4|          0|
    |p_ZZN4nnet22compute_pool_buffer_2dINS_5arrayI9ap_ufixedILi4ELi3EL9ap_q_mode4EL9ap_1     |   4|   0|    4|          0|
    |p_ZZN4nnet22compute_pool_buffer_2dINS_5arrayI9ap_ufixedILi4ELi3EL9ap_q_mode4EL9ap_10    |   4|   0|    4|          0|
    |p_ZZN4nnet22compute_pool_buffer_2dINS_5arrayI9ap_ufixedILi4ELi3EL9ap_q_mode4EL9ap_11    |   4|   0|    4|          0|
    |p_ZZN4nnet22compute_pool_buffer_2dINS_5arrayI9ap_ufixedILi4ELi3EL9ap_q_mode4EL9ap_12    |   4|   0|    4|          0|
    |p_ZZN4nnet22compute_pool_buffer_2dINS_5arrayI9ap_ufixedILi4ELi3EL9ap_q_mode4EL9ap_13    |   4|   0|    4|          0|
    |p_ZZN4nnet22compute_pool_buffer_2dINS_5arrayI9ap_ufixedILi4ELi3EL9ap_q_mode4EL9ap_14    |   4|   0|    4|          0|
    |p_ZZN4nnet22compute_pool_buffer_2dINS_5arrayI9ap_ufixedILi4ELi3EL9ap_q_mode4EL9ap_15    |   4|   0|    4|          0|
    |p_ZZN4nnet22compute_pool_buffer_2dINS_5arrayI9ap_ufixedILi4ELi3EL9ap_q_mode4EL9ap_16    |   4|   0|    4|          0|
    |p_ZZN4nnet22compute_pool_buffer_2dINS_5arrayI9ap_ufixedILi4ELi3EL9ap_q_mode4EL9ap_17    |   4|   0|    4|          0|
    |p_ZZN4nnet22compute_pool_buffer_2dINS_5arrayI9ap_ufixedILi4ELi3EL9ap_q_mode4EL9ap_18    |   4|   0|    4|          0|
    |p_ZZN4nnet22compute_pool_buffer_2dINS_5arrayI9ap_ufixedILi4ELi3EL9ap_q_mode4EL9ap_19    |   4|   0|    4|          0|
    |p_ZZN4nnet22compute_pool_buffer_2dINS_5arrayI9ap_ufixedILi4ELi3EL9ap_q_mode4EL9ap_2     |   4|   0|    4|          0|
    |p_ZZN4nnet22compute_pool_buffer_2dINS_5arrayI9ap_ufixedILi4ELi3EL9ap_q_mode4EL9ap_20    |   4|   0|    4|          0|
    |p_ZZN4nnet22compute_pool_buffer_2dINS_5arrayI9ap_ufixedILi4ELi3EL9ap_q_mode4EL9ap_21    |   4|   0|    4|          0|
    |p_ZZN4nnet22compute_pool_buffer_2dINS_5arrayI9ap_ufixedILi4ELi3EL9ap_q_mode4EL9ap_22    |   4|   0|    4|          0|
    |p_ZZN4nnet22compute_pool_buffer_2dINS_5arrayI9ap_ufixedILi4ELi3EL9ap_q_mode4EL9ap_23    |   4|   0|    4|          0|
    |p_ZZN4nnet22compute_pool_buffer_2dINS_5arrayI9ap_ufixedILi4ELi3EL9ap_q_mode4EL9ap_24    |   4|   0|    4|          0|
    |p_ZZN4nnet22compute_pool_buffer_2dINS_5arrayI9ap_ufixedILi4ELi3EL9ap_q_mode4EL9ap_25    |   4|   0|    4|          0|
    |p_ZZN4nnet22compute_pool_buffer_2dINS_5arrayI9ap_ufixedILi4ELi3EL9ap_q_mode4EL9ap_26    |   4|   0|    4|          0|
    |p_ZZN4nnet22compute_pool_buffer_2dINS_5arrayI9ap_ufixedILi4ELi3EL9ap_q_mode4EL9ap_27    |   4|   0|    4|          0|
    |p_ZZN4nnet22compute_pool_buffer_2dINS_5arrayI9ap_ufixedILi4ELi3EL9ap_q_mode4EL9ap_28    |   4|   0|    4|          0|
    |p_ZZN4nnet22compute_pool_buffer_2dINS_5arrayI9ap_ufixedILi4ELi3EL9ap_q_mode4EL9ap_29    |   4|   0|    4|          0|
    |p_ZZN4nnet22compute_pool_buffer_2dINS_5arrayI9ap_ufixedILi4ELi3EL9ap_q_mode4EL9ap_3     |   4|   0|    4|          0|
    |p_ZZN4nnet22compute_pool_buffer_2dINS_5arrayI9ap_ufixedILi4ELi3EL9ap_q_mode4EL9ap_30    |   4|   0|    4|          0|
    |p_ZZN4nnet22compute_pool_buffer_2dINS_5arrayI9ap_ufixedILi4ELi3EL9ap_q_mode4EL9ap_31    |   4|   0|    4|          0|
    |p_ZZN4nnet22compute_pool_buffer_2dINS_5arrayI9ap_ufixedILi4ELi3EL9ap_q_mode4EL9ap_32    |   4|   0|    4|          0|
    |p_ZZN4nnet22compute_pool_buffer_2dINS_5arrayI9ap_ufixedILi4ELi3EL9ap_q_mode4EL9ap_33    |   4|   0|    4|          0|
    |p_ZZN4nnet22compute_pool_buffer_2dINS_5arrayI9ap_ufixedILi4ELi3EL9ap_q_mode4EL9ap_34    |   4|   0|    4|          0|
    |p_ZZN4nnet22compute_pool_buffer_2dINS_5arrayI9ap_ufixedILi4ELi3EL9ap_q_mode4EL9ap_35    |   4|   0|    4|          0|
    |p_ZZN4nnet22compute_pool_buffer_2dINS_5arrayI9ap_ufixedILi4ELi3EL9ap_q_mode4EL9ap_36    |   4|   0|    4|          0|
    |p_ZZN4nnet22compute_pool_buffer_2dINS_5arrayI9ap_ufixedILi4ELi3EL9ap_q_mode4EL9ap_37    |   4|   0|    4|          0|
    |p_ZZN4nnet22compute_pool_buffer_2dINS_5arrayI9ap_ufixedILi4ELi3EL9ap_q_mode4EL9ap_38    |   4|   0|    4|          0|
    |p_ZZN4nnet22compute_pool_buffer_2dINS_5arrayI9ap_ufixedILi4ELi3EL9ap_q_mode4EL9ap_39    |   4|   0|    4|          0|
    |p_ZZN4nnet22compute_pool_buffer_2dINS_5arrayI9ap_ufixedILi4ELi3EL9ap_q_mode4EL9ap_4     |   4|   0|    4|          0|
    |p_ZZN4nnet22compute_pool_buffer_2dINS_5arrayI9ap_ufixedILi4ELi3EL9ap_q_mode4EL9ap_40    |   4|   0|    4|          0|
    |p_ZZN4nnet22compute_pool_buffer_2dINS_5arrayI9ap_ufixedILi4ELi3EL9ap_q_mode4EL9ap_41    |   4|   0|    4|          0|
    |p_ZZN4nnet22compute_pool_buffer_2dINS_5arrayI9ap_ufixedILi4ELi3EL9ap_q_mode4EL9ap_42    |   4|   0|    4|          0|
    |p_ZZN4nnet22compute_pool_buffer_2dINS_5arrayI9ap_ufixedILi4ELi3EL9ap_q_mode4EL9ap_43    |   4|   0|    4|          0|
    |p_ZZN4nnet22compute_pool_buffer_2dINS_5arrayI9ap_ufixedILi4ELi3EL9ap_q_mode4EL9ap_44    |   4|   0|    4|          0|
    |p_ZZN4nnet22compute_pool_buffer_2dINS_5arrayI9ap_ufixedILi4ELi3EL9ap_q_mode4EL9ap_45    |   4|   0|    4|          0|
    |p_ZZN4nnet22compute_pool_buffer_2dINS_5arrayI9ap_ufixedILi4ELi3EL9ap_q_mode4EL9ap_46    |   4|   0|    4|          0|
    |p_ZZN4nnet22compute_pool_buffer_2dINS_5arrayI9ap_ufixedILi4ELi3EL9ap_q_mode4EL9ap_47    |   4|   0|    4|          0|
    |p_ZZN4nnet22compute_pool_buffer_2dINS_5arrayI9ap_ufixedILi4ELi3EL9ap_q_mode4EL9ap_48    |   4|   0|    4|          0|
    |p_ZZN4nnet22compute_pool_buffer_2dINS_5arrayI9ap_ufixedILi4ELi3EL9ap_q_mode4EL9ap_49    |   4|   0|    4|          0|
    |p_ZZN4nnet22compute_pool_buffer_2dINS_5arrayI9ap_ufixedILi4ELi3EL9ap_q_mode4EL9ap_5     |   4|   0|    4|          0|
    |p_ZZN4nnet22compute_pool_buffer_2dINS_5arrayI9ap_ufixedILi4ELi3EL9ap_q_mode4EL9ap_50    |   4|   0|    4|          0|
    |p_ZZN4nnet22compute_pool_buffer_2dINS_5arrayI9ap_ufixedILi4ELi3EL9ap_q_mode4EL9ap_51    |   4|   0|    4|          0|
    |p_ZZN4nnet22compute_pool_buffer_2dINS_5arrayI9ap_ufixedILi4ELi3EL9ap_q_mode4EL9ap_52    |   4|   0|    4|          0|
    |p_ZZN4nnet22compute_pool_buffer_2dINS_5arrayI9ap_ufixedILi4ELi3EL9ap_q_mode4EL9ap_53    |   4|   0|    4|          0|
    |p_ZZN4nnet22compute_pool_buffer_2dINS_5arrayI9ap_ufixedILi4ELi3EL9ap_q_mode4EL9ap_6     |   4|   0|    4|          0|
    |p_ZZN4nnet22compute_pool_buffer_2dINS_5arrayI9ap_ufixedILi4ELi3EL9ap_q_mode4EL9ap_7     |   4|   0|    4|          0|
    |p_ZZN4nnet22compute_pool_buffer_2dINS_5arrayI9ap_ufixedILi4ELi3EL9ap_q_mode4EL9ap_8     |   4|   0|    4|          0|
    |p_ZZN4nnet22compute_pool_buffer_2dINS_5arrayI9ap_ufixedILi4ELi3EL9ap_q_mode4EL9ap_9     |   4|   0|    4|          0|
    |res_pack_1_reg_2789                                                                     |   4|   0|    4|          0|
    |res_pack_2_reg_2794                                                                     |   4|   0|    4|          0|
    |res_pack_3_reg_2799                                                                     |   4|   0|    4|          0|
    |res_pack_4_reg_2804                                                                     |   4|   0|    4|          0|
    |res_pack_5_reg_2809                                                                     |   4|   0|    4|          0|
    |res_pack_6_reg_2814                                                                     |   4|   0|    4|          0|
    |res_pack_7_reg_2819                                                                     |   4|   0|    4|          0|
    |res_pack_reg_2784                                                                       |   4|   0|    4|          0|
    |sX                                                                                      |  32|   0|   32|          0|
    |sY                                                                                      |  32|   0|   32|          0|
    |start_once_reg                                                                          |   1|   0|    1|          0|
    |void_compute_pool_buffer_2d_array_const_ap_shift_reg_n_filt_stream_kernel               |   4|   0|    4|          0|
    |void_compute_pool_buffer_2d_array_const_ap_shift_reg_n_filt_stream_kernel_1             |   4|   0|    4|          0|
    |void_compute_pool_buffer_2d_array_const_ap_shift_reg_n_filt_stream_kernel_2             |   4|   0|    4|          0|
    |void_compute_pool_buffer_2d_array_const_ap_shift_reg_n_filt_stream_kernel_3             |   4|   0|    4|          0|
    |void_compute_pool_buffer_2d_array_const_ap_shift_reg_n_filt_stream_kernel_4             |   4|   0|    4|          0|
    |void_compute_pool_buffer_2d_array_const_ap_shift_reg_n_filt_stream_kernel_5             |   4|   0|    4|          0|
    |void_compute_pool_buffer_2d_array_const_ap_shift_reg_n_filt_stream_kernel_6             |   4|   0|    4|          0|
    |void_compute_pool_buffer_2d_array_const_ap_shift_reg_n_filt_stream_kernel_7             |   4|   0|    4|          0|
    |void_compute_pool_buffer_2d_array_const_ap_shift_reg_n_filt_stream_kernel_8             |   4|   0|    4|          0|
    |void_compute_pool_buffer_2d_array_const_ap_shift_reg_n_filt_stream_kernel_9             |   4|   0|    4|          0|
    +----------------------------------------------------------------------------------------+----+----+-----+-----------+
    |Total                                                                                   | 474|   0|  474|          0|
    +----------------------------------------------------------------------------------------+----+----+-----+-----------+



================================================================
== Interface
================================================================
* Summary: 
+---------------------------+-----+-----+------------+--------------------------------------------------------------------------+--------------+
|         RTL Ports         | Dir | Bits|  Protocol  |                               Source Object                              |    C Type    |
+---------------------------+-----+-----+------------+--------------------------------------------------------------------------+--------------+
|ap_clk                     |   in|    1|  ap_ctrl_hs|  pooling2d_cl<array<ap_ufixed,8u>,array<ap_ufixed<4,3,4,0,0>,8u>,config6>|  return value|
|ap_rst                     |   in|    1|  ap_ctrl_hs|  pooling2d_cl<array<ap_ufixed,8u>,array<ap_ufixed<4,3,4,0,0>,8u>,config6>|  return value|
|ap_start                   |   in|    1|  ap_ctrl_hs|  pooling2d_cl<array<ap_ufixed,8u>,array<ap_ufixed<4,3,4,0,0>,8u>,config6>|  return value|
|start_full_n               |   in|    1|  ap_ctrl_hs|  pooling2d_cl<array<ap_ufixed,8u>,array<ap_ufixed<4,3,4,0,0>,8u>,config6>|  return value|
|ap_done                    |  out|    1|  ap_ctrl_hs|  pooling2d_cl<array<ap_ufixed,8u>,array<ap_ufixed<4,3,4,0,0>,8u>,config6>|  return value|
|ap_continue                |   in|    1|  ap_ctrl_hs|  pooling2d_cl<array<ap_ufixed,8u>,array<ap_ufixed<4,3,4,0,0>,8u>,config6>|  return value|
|ap_idle                    |  out|    1|  ap_ctrl_hs|  pooling2d_cl<array<ap_ufixed,8u>,array<ap_ufixed<4,3,4,0,0>,8u>,config6>|  return value|
|ap_ready                   |  out|    1|  ap_ctrl_hs|  pooling2d_cl<array<ap_ufixed,8u>,array<ap_ufixed<4,3,4,0,0>,8u>,config6>|  return value|
|start_out                  |  out|    1|  ap_ctrl_hs|  pooling2d_cl<array<ap_ufixed,8u>,array<ap_ufixed<4,3,4,0,0>,8u>,config6>|  return value|
|start_write                |  out|    1|  ap_ctrl_hs|  pooling2d_cl<array<ap_ufixed,8u>,array<ap_ufixed<4,3,4,0,0>,8u>,config6>|  return value|
|layer5_out_dout            |   in|   32|     ap_fifo|                                                                layer5_out|       pointer|
|layer5_out_num_data_valid  |   in|   14|     ap_fifo|                                                                layer5_out|       pointer|
|layer5_out_fifo_cap        |   in|   14|     ap_fifo|                                                                layer5_out|       pointer|
|layer5_out_empty_n         |   in|    1|     ap_fifo|                                                                layer5_out|       pointer|
|layer5_out_read            |  out|    1|     ap_fifo|                                                                layer5_out|       pointer|
|layer6_out_din             |  out|   32|     ap_fifo|                                                                layer6_out|       pointer|
|layer6_out_num_data_valid  |   in|   11|     ap_fifo|                                                                layer6_out|       pointer|
|layer6_out_fifo_cap        |   in|   11|     ap_fifo|                                                                layer6_out|       pointer|
|layer6_out_full_n          |   in|    1|     ap_fifo|                                                                layer6_out|       pointer|
|layer6_out_write           |  out|    1|     ap_fifo|                                                                layer6_out|       pointer|
+---------------------------+-----+-----+------------+--------------------------------------------------------------------------+--------------+

