

================================================================
== Vitis HLS Report for 'shift_line_buffer_array_ap_ufixed_4_3_4_0_0_8u_config7_s'
================================================================
* Date:           Mon Mar 30 19:13:42 2026

* Version:        2023.2 (Build 4023990 on Oct 11 2023)
* Project:        myproject_prj
* Solution:       solution1 (Vivado IP Flow Target)
* Product family: zynquplus
* Target device:  xck26-sfvc784-2LV-c


================================================================
== Performance Estimates
================================================================
+ Timing: 
    * Summary: 
    +--------+---------+----------+------------+
    |  Clock |  Target | Estimated| Uncertainty|
    +--------+---------+----------+------------+
    |ap_clk  |  5.00 ns|  1.434 ns|     1.35 ns|
    +--------+---------+----------+------------+

+ Latency: 
    * Summary: 
    +---------+---------+----------+----------+-----+-----+---------+
    |  Latency (cycles) |  Latency (absolute) |  Interval | Pipeline|
    |   min   |   max   |    min   |    max   | min | max |   Type  |
    +---------+---------+----------+----------+-----+-----+---------+
    |        0|        0|      0 ns|      0 ns|    1|    1|      yes|
    +---------+---------+----------+----------+-----+-----+---------+

    + Detail: 
        * Instance: 
        N/A

        * Loop: 
        N/A



================================================================
== Utilization Estimates
================================================================
* Summary: 
+-----------------+---------+------+--------+--------+-----+
|       Name      | BRAM_18K|  DSP |   FF   |   LUT  | URAM|
+-----------------+---------+------+--------+--------+-----+
|DSP              |        -|     -|       -|       -|    -|
|Expression       |        -|     -|       -|       -|    -|
|FIFO             |        -|     -|       -|       -|    -|
|Instance         |        -|     -|       -|       -|    -|
|Memory           |        -|     -|     960|     480|    -|
|Multiplexer      |        -|     -|       -|     306|    -|
|Register         |        -|     -|      29|       -|    -|
+-----------------+---------+------+--------+--------+-----+
|Total            |        0|     0|     989|     786|    0|
+-----------------+---------+------+--------+--------+-----+
|Available        |      288|  1248|  234240|  117120|   64|
+-----------------+---------+------+--------+--------+-----+
|Utilization (%)  |        0|     0|      ~0|      ~0|    0|
+-----------------+---------+------+--------+--------+-----+

+ Detail: 
    * Instance: 
    N/A

    * DSP: 
    N/A

    * Memory: 
    +----------------------------------------------------------------------------------------+----------------------------------------------------------------------------------+---------+----+----+-----+------+-----+------+-------------+
    |                                         Memory                                         |                                      Module                                      | BRAM_18K| FF | LUT| URAM| Words| Bits| Banks| W*Bits*Banks|
    +----------------------------------------------------------------------------------------+----------------------------------------------------------------------------------+---------+----+----+-----+------+-----+------+-------------+
    |p_ZZN4nnet25conv_2d_buffer_latency_clINS_5arrayI9ap_ufixedILi4ELi3EL9ap_q_mode4EL_31_U  |shift_line_buffer_array_ap_ufixed_4_3_4_0_0_8u_config7_s_p_ZZN4nnet25conv_2d_ncg  |        0|  64|  32|    0|    34|    4|     1|          136|
    |p_ZZN4nnet25conv_2d_buffer_latency_clINS_5arrayI9ap_ufixedILi4ELi3EL9ap_q_mode4EL_23_U  |shift_line_buffer_array_ap_ufixed_4_3_4_0_0_8u_config7_s_p_ZZN4nnet25conv_2d_ncg  |        0|  64|  32|    0|    34|    4|     1|          136|
    |p_ZZN4nnet25conv_2d_buffer_latency_clINS_5arrayI9ap_ufixedILi4ELi3EL9ap_q_mode4EL_30_U  |shift_line_buffer_array_ap_ufixed_4_3_4_0_0_8u_config7_s_p_ZZN4nnet25conv_2d_ncg  |        0|  64|  32|    0|    34|    4|     1|          136|
    |p_ZZN4nnet25conv_2d_buffer_latency_clINS_5arrayI9ap_ufixedILi4ELi3EL9ap_q_mode4EL_29_U  |shift_line_buffer_array_ap_ufixed_4_3_4_0_0_8u_config7_s_p_ZZN4nnet25conv_2d_ncg  |        0|  64|  32|    0|    34|    4|     1|          136|
    |p_ZZN4nnet25conv_2d_buffer_latency_clINS_5arrayI9ap_ufixedILi4ELi3EL9ap_q_mode4EL_21_U  |shift_line_buffer_array_ap_ufixed_4_3_4_0_0_8u_config7_s_p_ZZN4nnet25conv_2d_ncg  |        0|  64|  32|    0|    34|    4|     1|          136|
    |p_ZZN4nnet25conv_2d_buffer_latency_clINS_5arrayI9ap_ufixedILi4ELi3EL9ap_q_mode4EL_28_U  |shift_line_buffer_array_ap_ufixed_4_3_4_0_0_8u_config7_s_p_ZZN4nnet25conv_2d_ncg  |        0|  64|  32|    0|    34|    4|     1|          136|
    |p_ZZN4nnet25conv_2d_buffer_latency_clINS_5arrayI9ap_ufixedILi4ELi3EL9ap_q_mode4EL_20_U  |shift_line_buffer_array_ap_ufixed_4_3_4_0_0_8u_config7_s_p_ZZN4nnet25conv_2d_ncg  |        0|  64|  32|    0|    34|    4|     1|          136|
    |p_ZZN4nnet25conv_2d_buffer_latency_clINS_5arrayI9ap_ufixedILi4ELi3EL9ap_q_mode4EL_27_U  |shift_line_buffer_array_ap_ufixed_4_3_4_0_0_8u_config7_s_p_ZZN4nnet25conv_2d_ncg  |        0|  64|  32|    0|    34|    4|     1|          136|
    |p_ZZN4nnet25conv_2d_buffer_latency_clINS_5arrayI9ap_ufixedILi4ELi3EL9ap_q_mode4EL_19_U  |shift_line_buffer_array_ap_ufixed_4_3_4_0_0_8u_config7_s_p_ZZN4nnet25conv_2d_ncg  |        0|  64|  32|    0|    34|    4|     1|          136|
    |p_ZZN4nnet25conv_2d_buffer_latency_clINS_5arrayI9ap_ufixedILi4ELi3EL9ap_q_mode4EL_26_U  |shift_line_buffer_array_ap_ufixed_4_3_4_0_0_8u_config7_s_p_ZZN4nnet25conv_2d_ncg  |        0|  64|  32|    0|    34|    4|     1|          136|
    |p_ZZN4nnet25conv_2d_buffer_latency_clINS_5arrayI9ap_ufixedILi4ELi3EL9ap_q_mode4EL_18_U  |shift_line_buffer_array_ap_ufixed_4_3_4_0_0_8u_config7_s_p_ZZN4nnet25conv_2d_ncg  |        0|  64|  32|    0|    34|    4|     1|          136|
    |p_ZZN4nnet25conv_2d_buffer_latency_clINS_5arrayI9ap_ufixedILi4ELi3EL9ap_q_mode4EL_25_U  |shift_line_buffer_array_ap_ufixed_4_3_4_0_0_8u_config7_s_p_ZZN4nnet25conv_2d_ncg  |        0|  64|  32|    0|    34|    4|     1|          136|
    |p_ZZN4nnet25conv_2d_buffer_latency_clINS_5arrayI9ap_ufixedILi4ELi3EL9ap_q_mode4EL_17_U  |shift_line_buffer_array_ap_ufixed_4_3_4_0_0_8u_config7_s_p_ZZN4nnet25conv_2d_ncg  |        0|  64|  32|    0|    34|    4|     1|          136|
    |p_ZZN4nnet25conv_2d_buffer_latency_clINS_5arrayI9ap_ufixedILi4ELi3EL9ap_q_mode4EL_24_U  |shift_line_buffer_array_ap_ufixed_4_3_4_0_0_8u_config7_s_p_ZZN4nnet25conv_2d_ncg  |        0|  64|  32|    0|    34|    4|     1|          136|
    |p_ZZN4nnet25conv_2d_buffer_latency_clINS_5arrayI9ap_ufixedILi4ELi3EL9ap_q_mode4EL_16_U  |shift_line_buffer_array_ap_ufixed_4_3_4_0_0_8u_config7_s_p_ZZN4nnet25conv_2d_ncg  |        0|  64|  32|    0|    34|    4|     1|          136|
    +----------------------------------------------------------------------------------------+----------------------------------------------------------------------------------+---------+----+----+-----+------+-----+------+-------------+
    |Total                                                                                   |                                                                                  |        0| 960| 480|    0|   510|   60|    15|         2040|
    +----------------------------------------------------------------------------------------+----------------------------------------------------------------------------------+---------+----+----+-----+------+-----+------+-------------+

    * FIFO: 
    N/A

    * Expression: 
    N/A

    * Multiplexer: 
    +-----------------------------------------------------------------------------------------+----+-----------+-----+-----------+
    |                                           Name                                          | LUT| Input Size| Bits| Total Bits|
    +-----------------------------------------------------------------------------------------+----+-----------+-----+-----------+
    |p_ZZN4nnet24compute_output_buffer_2dINS_5arrayI9ap_ufixedILi4ELi3EL9ap_q_mode4EL9_115_o  |   9|          2|    4|          8|
    |p_ZZN4nnet24compute_output_buffer_2dINS_5arrayI9ap_ufixedILi4ELi3EL9ap_q_mode4EL9_116_o  |   9|          2|    4|          8|
    |p_ZZN4nnet24compute_output_buffer_2dINS_5arrayI9ap_ufixedILi4ELi3EL9ap_q_mode4EL9_117_o  |   9|          2|    4|          8|
    |p_ZZN4nnet24compute_output_buffer_2dINS_5arrayI9ap_ufixedILi4ELi3EL9ap_q_mode4EL9_118_o  |   9|          2|    4|          8|
    |p_ZZN4nnet24compute_output_buffer_2dINS_5arrayI9ap_ufixedILi4ELi3EL9ap_q_mode4EL9_120_o  |   9|          2|    4|          8|
    |p_ZZN4nnet24compute_output_buffer_2dINS_5arrayI9ap_ufixedILi4ELi3EL9ap_q_mode4EL9_121_o  |   9|          2|    4|          8|
    |p_ZZN4nnet24compute_output_buffer_2dINS_5arrayI9ap_ufixedILi4ELi3EL9ap_q_mode4EL9_124_o  |   9|          2|    4|          8|
    |p_ZZN4nnet24compute_output_buffer_2dINS_5arrayI9ap_ufixedILi4ELi3EL9ap_q_mode4EL9_126_o  |   9|          2|    4|          8|
    |p_ZZN4nnet24compute_output_buffer_2dINS_5arrayI9ap_ufixedILi4ELi3EL9ap_q_mode4EL9_58_o   |   9|          2|    4|          8|
    |p_ZZN4nnet24compute_output_buffer_2dINS_5arrayI9ap_ufixedILi4ELi3EL9ap_q_mode4EL9_59_o   |   9|          2|    4|          8|
    |p_ZZN4nnet24compute_output_buffer_2dINS_5arrayI9ap_ufixedILi4ELi3EL9ap_q_mode4EL9_60_o   |   9|          2|    4|          8|
    |p_ZZN4nnet24compute_output_buffer_2dINS_5arrayI9ap_ufixedILi4ELi3EL9ap_q_mode4EL9_61_o   |   9|          2|    4|          8|
    |p_ZZN4nnet24compute_output_buffer_2dINS_5arrayI9ap_ufixedILi4ELi3EL9ap_q_mode4EL9_63_o   |   9|          2|    4|          8|
    |p_ZZN4nnet24compute_output_buffer_2dINS_5arrayI9ap_ufixedILi4ELi3EL9ap_q_mode4EL9_64_o   |   9|          2|    4|          8|
    |p_ZZN4nnet24compute_output_buffer_2dINS_5arrayI9ap_ufixedILi4ELi3EL9ap_q_mode4EL9_65_o   |   9|          2|    4|          8|
    |p_ZZN4nnet24compute_output_buffer_2dINS_5arrayI9ap_ufixedILi4ELi3EL9ap_q_mode4EL9_66_o   |   9|          2|    4|          8|
    |p_ZZN4nnet24compute_output_buffer_2dINS_5arrayI9ap_ufixedILi4ELi3EL9ap_q_mode4EL9_68_o   |   9|          2|    4|          8|
    |p_ZZN4nnet24compute_output_buffer_2dINS_5arrayI9ap_ufixedILi4ELi3EL9ap_q_mode4EL9_69_o   |   9|          2|    4|          8|
    |p_ZZN4nnet24compute_output_buffer_2dINS_5arrayI9ap_ufixedILi4ELi3EL9ap_q_mode4EL9_70_o   |   9|          2|    4|          8|
    |p_ZZN4nnet24compute_output_buffer_2dINS_5arrayI9ap_ufixedILi4ELi3EL9ap_q_mode4EL9_71_o   |   9|          2|    4|          8|
    |p_ZZN4nnet24compute_output_buffer_2dINS_5arrayI9ap_ufixedILi4ELi3EL9ap_q_mode4EL9_73_o   |   9|          2|    4|          8|
    |p_ZZN4nnet24compute_output_buffer_2dINS_5arrayI9ap_ufixedILi4ELi3EL9ap_q_mode4EL9_81_o   |   9|          2|    4|          8|
    |p_ZZN4nnet24compute_output_buffer_2dINS_5arrayI9ap_ufixedILi4ELi3EL9ap_q_mode4EL9_82_o   |   9|          2|    4|          8|
    |p_ZZN4nnet24compute_output_buffer_2dINS_5arrayI9ap_ufixedILi4ELi3EL9ap_q_mode4EL9_83_o   |   9|          2|    4|          8|
    |p_ZZN4nnet24compute_output_buffer_2dINS_5arrayI9ap_ufixedILi4ELi3EL9ap_q_mode4EL9_84_o   |   9|          2|    4|          8|
    |p_ZZN4nnet24compute_output_buffer_2dINS_5arrayI9ap_ufixedILi4ELi3EL9ap_q_mode4EL9_86_o   |   9|          2|    4|          8|
    |p_ZZN4nnet24compute_output_buffer_2dINS_5arrayI9ap_ufixedILi4ELi3EL9ap_q_mode4EL9_87_o   |   9|          2|    4|          8|
    |p_ZZN4nnet24compute_output_buffer_2dINS_5arrayI9ap_ufixedILi4ELi3EL9ap_q_mode4EL9_88_o   |   9|          2|    4|          8|
    |p_ZZN4nnet24compute_output_buffer_2dINS_5arrayI9ap_ufixedILi4ELi3EL9ap_q_mode4EL9_90_o   |   9|          2|    4|          8|
    |p_ZZN4nnet24compute_output_buffer_2dINS_5arrayI9ap_ufixedILi4ELi3EL9ap_q_mode4EL9_91_o   |   9|          2|    4|          8|
    |p_ZZN4nnet24compute_output_buffer_2dINS_5arrayI9ap_ufixedILi4ELi3EL9ap_q_mode4EL9_93_o   |   9|          2|    4|          8|
    |p_ZZN4nnet24compute_output_buffer_2dINS_5arrayI9ap_ufixedILi4ELi3EL9ap_q_mode4EL9_94_o   |   9|          2|    4|          8|
    |p_ZZN4nnet24compute_output_buffer_2dINS_5arrayI9ap_ufixedILi4ELi3EL9ap_q_mode4EL9_96_o   |   9|          2|    4|          8|
    |void_compute_output_buffer_2d_array_const_ap_shift_reg_n_chan_stream_weig_o              |   9|          2|    4|          8|
    +-----------------------------------------------------------------------------------------+----+-----------+-----+-----------+
    |Total                                                                                    | 306|         68|  136|        272|
    +-----------------------------------------------------------------------------------------+----+-----------+-----+-----------+

    * Register: 
    +---------------------------------------------------------------------------------------+---+----+-----+-----------+
    |                                          Name                                         | FF| LUT| Bits| Const Bits|
    +---------------------------------------------------------------------------------------+---+----+-----+-----------+
    |ap_CS_fsm                                                                              |  1|   0|    1|          0|
    |p_ZZN4nnet24compute_output_buffer_2dINS_5arrayI9ap_ufixedILi4ELi3EL9ap_q_mode4EL9_122  |  4|   0|    4|          0|
    |p_ZZN4nnet24compute_output_buffer_2dINS_5arrayI9ap_ufixedILi4ELi3EL9ap_q_mode4EL9_123  |  4|   0|    4|          0|
    |p_ZZN4nnet24compute_output_buffer_2dINS_5arrayI9ap_ufixedILi4ELi3EL9ap_q_mode4EL9_62   |  4|   0|    4|          0|
    |p_ZZN4nnet24compute_output_buffer_2dINS_5arrayI9ap_ufixedILi4ELi3EL9ap_q_mode4EL9_72   |  4|   0|    4|          0|
    |p_ZZN4nnet24compute_output_buffer_2dINS_5arrayI9ap_ufixedILi4ELi3EL9ap_q_mode4EL9_85   |  4|   0|    4|          0|
    |p_ZZN4nnet24compute_output_buffer_2dINS_5arrayI9ap_ufixedILi4ELi3EL9ap_q_mode4EL9_89   |  4|   0|    4|          0|
    |p_ZZN4nnet24compute_output_buffer_2dINS_5arrayI9ap_ufixedILi4ELi3EL9ap_q_mode4EL9_92   |  4|   0|    4|          0|
    +---------------------------------------------------------------------------------------+---+----+-----+-----------+
    |Total                                                                                  | 29|   0|   29|          0|
    +---------------------------------------------------------------------------------------+---+----+-----+-----------+



================================================================
== Interface
================================================================
* Summary: 
+------------------------------------------------------------------------------------------------+-----+-----+------------+---------------------------------------------------------------------------------------+--------------+
|                                            RTL Ports                                           | Dir | Bits|  Protocol  |                                     Source Object                                     |    C Type    |
+------------------------------------------------------------------------------------------------+-----+-----+------------+---------------------------------------------------------------------------------------+--------------+
|ap_clk                                                                                          |   in|    1|  ap_ctrl_hs|                        shift_line_buffer<array<ap_ufixed<4, 3, 4, 0, 0>, 8u>, config7>|  return value|
|ap_rst                                                                                          |   in|    1|  ap_ctrl_hs|                        shift_line_buffer<array<ap_ufixed<4, 3, 4, 0, 0>, 8u>, config7>|  return value|
|ap_start                                                                                        |   in|    1|  ap_ctrl_hs|                        shift_line_buffer<array<ap_ufixed<4, 3, 4, 0, 0>, 8u>, config7>|  return value|
|ap_done                                                                                         |  out|    1|  ap_ctrl_hs|                        shift_line_buffer<array<ap_ufixed<4, 3, 4, 0, 0>, 8u>, config7>|  return value|
|ap_idle                                                                                         |  out|    1|  ap_ctrl_hs|                        shift_line_buffer<array<ap_ufixed<4, 3, 4, 0, 0>, 8u>, config7>|  return value|
|ap_ready                                                                                        |  out|    1|  ap_ctrl_hs|                        shift_line_buffer<array<ap_ufixed<4, 3, 4, 0, 0>, 8u>, config7>|  return value|
|ap_ce                                                                                           |   in|    1|  ap_ctrl_hs|                        shift_line_buffer<array<ap_ufixed<4, 3, 4, 0, 0>, 8u>, config7>|  return value|
|p_read                                                                                          |   in|    4|     ap_none|                                                                                 p_read|        scalar|
|p_read1                                                                                         |   in|    4|     ap_none|                                                                                p_read1|        scalar|
|p_read2                                                                                         |   in|    4|     ap_none|                                                                                p_read2|        scalar|
|p_read3                                                                                         |   in|    4|     ap_none|                                                                                p_read3|        scalar|
|p_read4                                                                                         |   in|    4|     ap_none|                                                                                p_read4|        scalar|
|p_read5                                                                                         |   in|    4|     ap_none|                                                                                p_read5|        scalar|
|p_read6                                                                                         |   in|    4|     ap_none|                                                                                p_read6|        scalar|
|p_read7                                                                                         |   in|    4|     ap_none|                                                                                p_read7|        scalar|
|void_compute_output_buffer_2d_array_const_ap_shift_reg_n_chan_stream_weig_i                     |   in|    4|     ap_ovld|              void_compute_output_buffer_2d_array_const_ap_shift_reg_n_chan_stream_weig|       pointer|
|void_compute_output_buffer_2d_array_const_ap_shift_reg_n_chan_stream_weig_o                     |  out|    4|     ap_ovld|              void_compute_output_buffer_2d_array_const_ap_shift_reg_n_chan_stream_weig|       pointer|
|void_compute_output_buffer_2d_array_const_ap_shift_reg_n_chan_stream_weig_o_ap_vld              |  out|    1|     ap_ovld|              void_compute_output_buffer_2d_array_const_ap_shift_reg_n_chan_stream_weig|       pointer|
|void_compute_output_buffer_2d_array_const_ap_shift_reg_n_chan_stream_weig_5                     |  out|    4|      ap_vld|            void_compute_output_buffer_2d_array_const_ap_shift_reg_n_chan_stream_weig_5|       pointer|
|void_compute_output_buffer_2d_array_const_ap_shift_reg_n_chan_stream_weig_5_ap_vld              |  out|    1|      ap_vld|            void_compute_output_buffer_2d_array_const_ap_shift_reg_n_chan_stream_weig_5|       pointer|
|p_ZZN4nnet24compute_output_buffer_2dINS_5arrayI9ap_ufixedILi4ELi3EL9ap_q_mode4EL9_115_i         |   in|    4|     ap_ovld|  p_ZZN4nnet24compute_output_buffer_2dINS_5arrayI9ap_ufixedILi4ELi3EL9ap_q_mode4EL9_115|       pointer|
|p_ZZN4nnet24compute_output_buffer_2dINS_5arrayI9ap_ufixedILi4ELi3EL9ap_q_mode4EL9_115_o         |  out|    4|     ap_ovld|  p_ZZN4nnet24compute_output_buffer_2dINS_5arrayI9ap_ufixedILi4ELi3EL9ap_q_mode4EL9_115|       pointer|
|p_ZZN4nnet24compute_output_buffer_2dINS_5arrayI9ap_ufixedILi4ELi3EL9ap_q_mode4EL9_115_o_ap_vld  |  out|    1|     ap_ovld|  p_ZZN4nnet24compute_output_buffer_2dINS_5arrayI9ap_ufixedILi4ELi3EL9ap_q_mode4EL9_115|       pointer|
|void_compute_output_buffer_2d_array_const_ap_shift_reg_n_chan_stream_weig_4                     |  out|    4|      ap_vld|            void_compute_output_buffer_2d_array_const_ap_shift_reg_n_chan_stream_weig_4|       pointer|
|void_compute_output_buffer_2d_array_const_ap_shift_reg_n_chan_stream_weig_4_ap_vld              |  out|    1|      ap_vld|            void_compute_output_buffer_2d_array_const_ap_shift_reg_n_chan_stream_weig_4|       pointer|
|p_ZZN4nnet24compute_output_buffer_2dINS_5arrayI9ap_ufixedILi4ELi3EL9ap_q_mode4EL9_116_i         |   in|    4|     ap_ovld|  p_ZZN4nnet24compute_output_buffer_2dINS_5arrayI9ap_ufixedILi4ELi3EL9ap_q_mode4EL9_116|       pointer|
|p_ZZN4nnet24compute_output_buffer_2dINS_5arrayI9ap_ufixedILi4ELi3EL9ap_q_mode4EL9_116_o         |  out|    4|     ap_ovld|  p_ZZN4nnet24compute_output_buffer_2dINS_5arrayI9ap_ufixedILi4ELi3EL9ap_q_mode4EL9_116|       pointer|
|p_ZZN4nnet24compute_output_buffer_2dINS_5arrayI9ap_ufixedILi4ELi3EL9ap_q_mode4EL9_116_o_ap_vld  |  out|    1|     ap_ovld|  p_ZZN4nnet24compute_output_buffer_2dINS_5arrayI9ap_ufixedILi4ELi3EL9ap_q_mode4EL9_116|       pointer|
|void_compute_output_buffer_2d_array_const_ap_shift_reg_n_chan_stream_weig_3                     |  out|    4|      ap_vld|            void_compute_output_buffer_2d_array_const_ap_shift_reg_n_chan_stream_weig_3|       pointer|
|void_compute_output_buffer_2d_array_const_ap_shift_reg_n_chan_stream_weig_3_ap_vld              |  out|    1|      ap_vld|            void_compute_output_buffer_2d_array_const_ap_shift_reg_n_chan_stream_weig_3|       pointer|
|p_ZZN4nnet24compute_output_buffer_2dINS_5arrayI9ap_ufixedILi4ELi3EL9ap_q_mode4EL9_117_i         |   in|    4|     ap_ovld|  p_ZZN4nnet24compute_output_buffer_2dINS_5arrayI9ap_ufixedILi4ELi3EL9ap_q_mode4EL9_117|       pointer|
|p_ZZN4nnet24compute_output_buffer_2dINS_5arrayI9ap_ufixedILi4ELi3EL9ap_q_mode4EL9_117_o         |  out|    4|     ap_ovld|  p_ZZN4nnet24compute_output_buffer_2dINS_5arrayI9ap_ufixedILi4ELi3EL9ap_q_mode4EL9_117|       pointer|
|p_ZZN4nnet24compute_output_buffer_2dINS_5arrayI9ap_ufixedILi4ELi3EL9ap_q_mode4EL9_117_o_ap_vld  |  out|    1|     ap_ovld|  p_ZZN4nnet24compute_output_buffer_2dINS_5arrayI9ap_ufixedILi4ELi3EL9ap_q_mode4EL9_117|       pointer|
|void_compute_output_buffer_2d_array_const_ap_shift_reg_n_chan_stream_weig_2                     |  out|    4|      ap_vld|            void_compute_output_buffer_2d_array_const_ap_shift_reg_n_chan_stream_weig_2|       pointer|
|void_compute_output_buffer_2d_array_const_ap_shift_reg_n_chan_stream_weig_2_ap_vld              |  out|    1|      ap_vld|            void_compute_output_buffer_2d_array_const_ap_shift_reg_n_chan_stream_weig_2|       pointer|
|p_ZZN4nnet24compute_output_buffer_2dINS_5arrayI9ap_ufixedILi4ELi3EL9ap_q_mode4EL9_118_i         |   in|    4|     ap_ovld|  p_ZZN4nnet24compute_output_buffer_2dINS_5arrayI9ap_ufixedILi4ELi3EL9ap_q_mode4EL9_118|       pointer|
|p_ZZN4nnet24compute_output_buffer_2dINS_5arrayI9ap_ufixedILi4ELi3EL9ap_q_mode4EL9_118_o         |  out|    4|     ap_ovld|  p_ZZN4nnet24compute_output_buffer_2dINS_5arrayI9ap_ufixedILi4ELi3EL9ap_q_mode4EL9_118|       pointer|
|p_ZZN4nnet24compute_output_buffer_2dINS_5arrayI9ap_ufixedILi4ELi3EL9ap_q_mode4EL9_118_o_ap_vld  |  out|    1|     ap_ovld|  p_ZZN4nnet24compute_output_buffer_2dINS_5arrayI9ap_ufixedILi4ELi3EL9ap_q_mode4EL9_118|       pointer|
|void_compute_output_buffer_2d_array_const_ap_shift_reg_n_chan_stream_weig_1                     |  out|    4|      ap_vld|            void_compute_output_buffer_2d_array_const_ap_shift_reg_n_chan_stream_weig_1|       pointer|
|void_compute_output_buffer_2d_array_const_ap_shift_reg_n_chan_stream_weig_1_ap_vld              |  out|    1|      ap_vld|            void_compute_output_buffer_2d_array_const_ap_shift_reg_n_chan_stream_weig_1|       pointer|
|p_ZZN4nnet24compute_output_buffer_2dINS_5arrayI9ap_ufixedILi4ELi3EL9ap_q_mode4EL9_96_i          |   in|    4|     ap_ovld|   p_ZZN4nnet24compute_output_buffer_2dINS_5arrayI9ap_ufixedILi4ELi3EL9ap_q_mode4EL9_96|       pointer|
|p_ZZN4nnet24compute_output_buffer_2dINS_5arrayI9ap_ufixedILi4ELi3EL9ap_q_mode4EL9_96_o          |  out|    4|     ap_ovld|   p_ZZN4nnet24compute_output_buffer_2dINS_5arrayI9ap_ufixedILi4ELi3EL9ap_q_mode4EL9_96|       pointer|
|p_ZZN4nnet24compute_output_buffer_2dINS_5arrayI9ap_ufixedILi4ELi3EL9ap_q_mode4EL9_96_o_ap_vld   |  out|    1|     ap_ovld|   p_ZZN4nnet24compute_output_buffer_2dINS_5arrayI9ap_ufixedILi4ELi3EL9ap_q_mode4EL9_96|       pointer|
|p_ZZN4nnet24compute_output_buffer_2dINS_5arrayI9ap_ufixedILi4ELi3EL9ap_q_mode4EL9_127           |  out|    4|      ap_vld|  p_ZZN4nnet24compute_output_buffer_2dINS_5arrayI9ap_ufixedILi4ELi3EL9ap_q_mode4EL9_127|       pointer|
|p_ZZN4nnet24compute_output_buffer_2dINS_5arrayI9ap_ufixedILi4ELi3EL9ap_q_mode4EL9_127_ap_vld    |  out|    1|      ap_vld|  p_ZZN4nnet24compute_output_buffer_2dINS_5arrayI9ap_ufixedILi4ELi3EL9ap_q_mode4EL9_127|       pointer|
|p_ZZN4nnet24compute_output_buffer_2dINS_5arrayI9ap_ufixedILi4ELi3EL9ap_q_mode4EL9_94_i          |   in|    4|     ap_ovld|   p_ZZN4nnet24compute_output_buffer_2dINS_5arrayI9ap_ufixedILi4ELi3EL9ap_q_mode4EL9_94|       pointer|
|p_ZZN4nnet24compute_output_buffer_2dINS_5arrayI9ap_ufixedILi4ELi3EL9ap_q_mode4EL9_94_o          |  out|    4|     ap_ovld|   p_ZZN4nnet24compute_output_buffer_2dINS_5arrayI9ap_ufixedILi4ELi3EL9ap_q_mode4EL9_94|       pointer|
|p_ZZN4nnet24compute_output_buffer_2dINS_5arrayI9ap_ufixedILi4ELi3EL9ap_q_mode4EL9_94_o_ap_vld   |  out|    1|     ap_ovld|   p_ZZN4nnet24compute_output_buffer_2dINS_5arrayI9ap_ufixedILi4ELi3EL9ap_q_mode4EL9_94|       pointer|
|p_ZZN4nnet24compute_output_buffer_2dINS_5arrayI9ap_ufixedILi4ELi3EL9ap_q_mode4EL9_128           |  out|    4|      ap_vld|  p_ZZN4nnet24compute_output_buffer_2dINS_5arrayI9ap_ufixedILi4ELi3EL9ap_q_mode4EL9_128|       pointer|
|p_ZZN4nnet24compute_output_buffer_2dINS_5arrayI9ap_ufixedILi4ELi3EL9ap_q_mode4EL9_128_ap_vld    |  out|    1|      ap_vld|  p_ZZN4nnet24compute_output_buffer_2dINS_5arrayI9ap_ufixedILi4ELi3EL9ap_q_mode4EL9_128|       pointer|
|p_ZZN4nnet24compute_output_buffer_2dINS_5arrayI9ap_ufixedILi4ELi3EL9ap_q_mode4EL9_93_i          |   in|    4|     ap_ovld|   p_ZZN4nnet24compute_output_buffer_2dINS_5arrayI9ap_ufixedILi4ELi3EL9ap_q_mode4EL9_93|       pointer|
|p_ZZN4nnet24compute_output_buffer_2dINS_5arrayI9ap_ufixedILi4ELi3EL9ap_q_mode4EL9_93_o          |  out|    4|     ap_ovld|   p_ZZN4nnet24compute_output_buffer_2dINS_5arrayI9ap_ufixedILi4ELi3EL9ap_q_mode4EL9_93|       pointer|
|p_ZZN4nnet24compute_output_buffer_2dINS_5arrayI9ap_ufixedILi4ELi3EL9ap_q_mode4EL9_93_o_ap_vld   |  out|    1|     ap_ovld|   p_ZZN4nnet24compute_output_buffer_2dINS_5arrayI9ap_ufixedILi4ELi3EL9ap_q_mode4EL9_93|       pointer|
|p_ZZN4nnet24compute_output_buffer_2dINS_5arrayI9ap_ufixedILi4ELi3EL9ap_q_mode4EL9_129           |  out|    4|      ap_vld|  p_ZZN4nnet24compute_output_buffer_2dINS_5arrayI9ap_ufixedILi4ELi3EL9ap_q_mode4EL9_129|       pointer|
|p_ZZN4nnet24compute_output_buffer_2dINS_5arrayI9ap_ufixedILi4ELi3EL9ap_q_mode4EL9_129_ap_vld    |  out|    1|      ap_vld|  p_ZZN4nnet24compute_output_buffer_2dINS_5arrayI9ap_ufixedILi4ELi3EL9ap_q_mode4EL9_129|       pointer|
|p_ZZN4nnet24compute_output_buffer_2dINS_5arrayI9ap_ufixedILi4ELi3EL9ap_q_mode4EL9_130           |  out|    4|      ap_vld|  p_ZZN4nnet24compute_output_buffer_2dINS_5arrayI9ap_ufixedILi4ELi3EL9ap_q_mode4EL9_130|       pointer|
|p_ZZN4nnet24compute_output_buffer_2dINS_5arrayI9ap_ufixedILi4ELi3EL9ap_q_mode4EL9_130_ap_vld    |  out|    1|      ap_vld|  p_ZZN4nnet24compute_output_buffer_2dINS_5arrayI9ap_ufixedILi4ELi3EL9ap_q_mode4EL9_130|       pointer|
|p_ZZN4nnet24compute_output_buffer_2dINS_5arrayI9ap_ufixedILi4ELi3EL9ap_q_mode4EL9_91_i          |   in|    4|     ap_ovld|   p_ZZN4nnet24compute_output_buffer_2dINS_5arrayI9ap_ufixedILi4ELi3EL9ap_q_mode4EL9_91|       pointer|
|p_ZZN4nnet24compute_output_buffer_2dINS_5arrayI9ap_ufixedILi4ELi3EL9ap_q_mode4EL9_91_o          |  out|    4|     ap_ovld|   p_ZZN4nnet24compute_output_buffer_2dINS_5arrayI9ap_ufixedILi4ELi3EL9ap_q_mode4EL9_91|       pointer|
|p_ZZN4nnet24compute_output_buffer_2dINS_5arrayI9ap_ufixedILi4ELi3EL9ap_q_mode4EL9_91_o_ap_vld   |  out|    1|     ap_ovld|   p_ZZN4nnet24compute_output_buffer_2dINS_5arrayI9ap_ufixedILi4ELi3EL9ap_q_mode4EL9_91|       pointer|
|p_ZZN4nnet24compute_output_buffer_2dINS_5arrayI9ap_ufixedILi4ELi3EL9ap_q_mode4EL9_99            |  out|    4|      ap_vld|   p_ZZN4nnet24compute_output_buffer_2dINS_5arrayI9ap_ufixedILi4ELi3EL9ap_q_mode4EL9_99|       pointer|
|p_ZZN4nnet24compute_output_buffer_2dINS_5arrayI9ap_ufixedILi4ELi3EL9ap_q_mode4EL9_99_ap_vld     |  out|    1|      ap_vld|   p_ZZN4nnet24compute_output_buffer_2dINS_5arrayI9ap_ufixedILi4ELi3EL9ap_q_mode4EL9_99|       pointer|
|p_ZZN4nnet24compute_output_buffer_2dINS_5arrayI9ap_ufixedILi4ELi3EL9ap_q_mode4EL9_90_i          |   in|    4|     ap_ovld|   p_ZZN4nnet24compute_output_buffer_2dINS_5arrayI9ap_ufixedILi4ELi3EL9ap_q_mode4EL9_90|       pointer|
|p_ZZN4nnet24compute_output_buffer_2dINS_5arrayI9ap_ufixedILi4ELi3EL9ap_q_mode4EL9_90_o          |  out|    4|     ap_ovld|   p_ZZN4nnet24compute_output_buffer_2dINS_5arrayI9ap_ufixedILi4ELi3EL9ap_q_mode4EL9_90|       pointer|
|p_ZZN4nnet24compute_output_buffer_2dINS_5arrayI9ap_ufixedILi4ELi3EL9ap_q_mode4EL9_90_o_ap_vld   |  out|    1|     ap_ovld|   p_ZZN4nnet24compute_output_buffer_2dINS_5arrayI9ap_ufixedILi4ELi3EL9ap_q_mode4EL9_90|       pointer|
|p_ZZN4nnet24compute_output_buffer_2dINS_5arrayI9ap_ufixedILi4ELi3EL9ap_q_mode4EL9_98            |  out|    4|      ap_vld|   p_ZZN4nnet24compute_output_buffer_2dINS_5arrayI9ap_ufixedILi4ELi3EL9ap_q_mode4EL9_98|       pointer|
|p_ZZN4nnet24compute_output_buffer_2dINS_5arrayI9ap_ufixedILi4ELi3EL9ap_q_mode4EL9_98_ap_vld     |  out|    1|      ap_vld|   p_ZZN4nnet24compute_output_buffer_2dINS_5arrayI9ap_ufixedILi4ELi3EL9ap_q_mode4EL9_98|       pointer|
|p_ZZN4nnet24compute_output_buffer_2dINS_5arrayI9ap_ufixedILi4ELi3EL9ap_q_mode4EL9_97            |  out|    4|      ap_vld|   p_ZZN4nnet24compute_output_buffer_2dINS_5arrayI9ap_ufixedILi4ELi3EL9ap_q_mode4EL9_97|       pointer|
|p_ZZN4nnet24compute_output_buffer_2dINS_5arrayI9ap_ufixedILi4ELi3EL9ap_q_mode4EL9_97_ap_vld     |  out|    1|      ap_vld|   p_ZZN4nnet24compute_output_buffer_2dINS_5arrayI9ap_ufixedILi4ELi3EL9ap_q_mode4EL9_97|       pointer|
|p_ZZN4nnet24compute_output_buffer_2dINS_5arrayI9ap_ufixedILi4ELi3EL9ap_q_mode4EL9_73_i          |   in|    4|     ap_ovld|   p_ZZN4nnet24compute_output_buffer_2dINS_5arrayI9ap_ufixedILi4ELi3EL9ap_q_mode4EL9_73|       pointer|
|p_ZZN4nnet24compute_output_buffer_2dINS_5arrayI9ap_ufixedILi4ELi3EL9ap_q_mode4EL9_73_o          |  out|    4|     ap_ovld|   p_ZZN4nnet24compute_output_buffer_2dINS_5arrayI9ap_ufixedILi4ELi3EL9ap_q_mode4EL9_73|       pointer|
|p_ZZN4nnet24compute_output_buffer_2dINS_5arrayI9ap_ufixedILi4ELi3EL9ap_q_mode4EL9_73_o_ap_vld   |  out|    1|     ap_ovld|   p_ZZN4nnet24compute_output_buffer_2dINS_5arrayI9ap_ufixedILi4ELi3EL9ap_q_mode4EL9_73|       pointer|
|p_ZZN4nnet24compute_output_buffer_2dINS_5arrayI9ap_ufixedILi4ELi3EL9ap_q_mode4EL9_80            |  out|    4|      ap_vld|   p_ZZN4nnet24compute_output_buffer_2dINS_5arrayI9ap_ufixedILi4ELi3EL9ap_q_mode4EL9_80|       pointer|
|p_ZZN4nnet24compute_output_buffer_2dINS_5arrayI9ap_ufixedILi4ELi3EL9ap_q_mode4EL9_80_ap_vld     |  out|    1|      ap_vld|   p_ZZN4nnet24compute_output_buffer_2dINS_5arrayI9ap_ufixedILi4ELi3EL9ap_q_mode4EL9_80|       pointer|
|p_ZZN4nnet24compute_output_buffer_2dINS_5arrayI9ap_ufixedILi4ELi3EL9ap_q_mode4EL9_79            |  out|    4|      ap_vld|   p_ZZN4nnet24compute_output_buffer_2dINS_5arrayI9ap_ufixedILi4ELi3EL9ap_q_mode4EL9_79|       pointer|
|p_ZZN4nnet24compute_output_buffer_2dINS_5arrayI9ap_ufixedILi4ELi3EL9ap_q_mode4EL9_79_ap_vld     |  out|    1|      ap_vld|   p_ZZN4nnet24compute_output_buffer_2dINS_5arrayI9ap_ufixedILi4ELi3EL9ap_q_mode4EL9_79|       pointer|
|p_ZZN4nnet24compute_output_buffer_2dINS_5arrayI9ap_ufixedILi4ELi3EL9ap_q_mode4EL9_71_i          |   in|    4|     ap_ovld|   p_ZZN4nnet24compute_output_buffer_2dINS_5arrayI9ap_ufixedILi4ELi3EL9ap_q_mode4EL9_71|       pointer|
|p_ZZN4nnet24compute_output_buffer_2dINS_5arrayI9ap_ufixedILi4ELi3EL9ap_q_mode4EL9_71_o          |  out|    4|     ap_ovld|   p_ZZN4nnet24compute_output_buffer_2dINS_5arrayI9ap_ufixedILi4ELi3EL9ap_q_mode4EL9_71|       pointer|
|p_ZZN4nnet24compute_output_buffer_2dINS_5arrayI9ap_ufixedILi4ELi3EL9ap_q_mode4EL9_71_o_ap_vld   |  out|    1|     ap_ovld|   p_ZZN4nnet24compute_output_buffer_2dINS_5arrayI9ap_ufixedILi4ELi3EL9ap_q_mode4EL9_71|       pointer|
|p_ZZN4nnet24compute_output_buffer_2dINS_5arrayI9ap_ufixedILi4ELi3EL9ap_q_mode4EL9_78            |  out|    4|      ap_vld|   p_ZZN4nnet24compute_output_buffer_2dINS_5arrayI9ap_ufixedILi4ELi3EL9ap_q_mode4EL9_78|       pointer|
|p_ZZN4nnet24compute_output_buffer_2dINS_5arrayI9ap_ufixedILi4ELi3EL9ap_q_mode4EL9_78_ap_vld     |  out|    1|      ap_vld|   p_ZZN4nnet24compute_output_buffer_2dINS_5arrayI9ap_ufixedILi4ELi3EL9ap_q_mode4EL9_78|       pointer|
|p_ZZN4nnet24compute_output_buffer_2dINS_5arrayI9ap_ufixedILi4ELi3EL9ap_q_mode4EL9_70_i          |   in|    4|     ap_ovld|   p_ZZN4nnet24compute_output_buffer_2dINS_5arrayI9ap_ufixedILi4ELi3EL9ap_q_mode4EL9_70|       pointer|
|p_ZZN4nnet24compute_output_buffer_2dINS_5arrayI9ap_ufixedILi4ELi3EL9ap_q_mode4EL9_70_o          |  out|    4|     ap_ovld|   p_ZZN4nnet24compute_output_buffer_2dINS_5arrayI9ap_ufixedILi4ELi3EL9ap_q_mode4EL9_70|       pointer|
|p_ZZN4nnet24compute_output_buffer_2dINS_5arrayI9ap_ufixedILi4ELi3EL9ap_q_mode4EL9_70_o_ap_vld   |  out|    1|     ap_ovld|   p_ZZN4nnet24compute_output_buffer_2dINS_5arrayI9ap_ufixedILi4ELi3EL9ap_q_mode4EL9_70|       pointer|
|p_ZZN4nnet24compute_output_buffer_2dINS_5arrayI9ap_ufixedILi4ELi3EL9ap_q_mode4EL9_77            |  out|    4|      ap_vld|   p_ZZN4nnet24compute_output_buffer_2dINS_5arrayI9ap_ufixedILi4ELi3EL9ap_q_mode4EL9_77|       pointer|
|p_ZZN4nnet24compute_output_buffer_2dINS_5arrayI9ap_ufixedILi4ELi3EL9ap_q_mode4EL9_77_ap_vld     |  out|    1|      ap_vld|   p_ZZN4nnet24compute_output_buffer_2dINS_5arrayI9ap_ufixedILi4ELi3EL9ap_q_mode4EL9_77|       pointer|
|p_ZZN4nnet24compute_output_buffer_2dINS_5arrayI9ap_ufixedILi4ELi3EL9ap_q_mode4EL9_69_i          |   in|    4|     ap_ovld|   p_ZZN4nnet24compute_output_buffer_2dINS_5arrayI9ap_ufixedILi4ELi3EL9ap_q_mode4EL9_69|       pointer|
|p_ZZN4nnet24compute_output_buffer_2dINS_5arrayI9ap_ufixedILi4ELi3EL9ap_q_mode4EL9_69_o          |  out|    4|     ap_ovld|   p_ZZN4nnet24compute_output_buffer_2dINS_5arrayI9ap_ufixedILi4ELi3EL9ap_q_mode4EL9_69|       pointer|
|p_ZZN4nnet24compute_output_buffer_2dINS_5arrayI9ap_ufixedILi4ELi3EL9ap_q_mode4EL9_69_o_ap_vld   |  out|    1|     ap_ovld|   p_ZZN4nnet24compute_output_buffer_2dINS_5arrayI9ap_ufixedILi4ELi3EL9ap_q_mode4EL9_69|       pointer|
|p_ZZN4nnet24compute_output_buffer_2dINS_5arrayI9ap_ufixedILi4ELi3EL9ap_q_mode4EL9_76            |  out|    4|      ap_vld|   p_ZZN4nnet24compute_output_buffer_2dINS_5arrayI9ap_ufixedILi4ELi3EL9ap_q_mode4EL9_76|       pointer|
|p_ZZN4nnet24compute_output_buffer_2dINS_5arrayI9ap_ufixedILi4ELi3EL9ap_q_mode4EL9_76_ap_vld     |  out|    1|      ap_vld|   p_ZZN4nnet24compute_output_buffer_2dINS_5arrayI9ap_ufixedILi4ELi3EL9ap_q_mode4EL9_76|       pointer|
|p_ZZN4nnet24compute_output_buffer_2dINS_5arrayI9ap_ufixedILi4ELi3EL9ap_q_mode4EL9_68_i          |   in|    4|     ap_ovld|   p_ZZN4nnet24compute_output_buffer_2dINS_5arrayI9ap_ufixedILi4ELi3EL9ap_q_mode4EL9_68|       pointer|
|p_ZZN4nnet24compute_output_buffer_2dINS_5arrayI9ap_ufixedILi4ELi3EL9ap_q_mode4EL9_68_o          |  out|    4|     ap_ovld|   p_ZZN4nnet24compute_output_buffer_2dINS_5arrayI9ap_ufixedILi4ELi3EL9ap_q_mode4EL9_68|       pointer|
|p_ZZN4nnet24compute_output_buffer_2dINS_5arrayI9ap_ufixedILi4ELi3EL9ap_q_mode4EL9_68_o_ap_vld   |  out|    1|     ap_ovld|   p_ZZN4nnet24compute_output_buffer_2dINS_5arrayI9ap_ufixedILi4ELi3EL9ap_q_mode4EL9_68|       pointer|
|p_ZZN4nnet24compute_output_buffer_2dINS_5arrayI9ap_ufixedILi4ELi3EL9ap_q_mode4EL9_75            |  out|    4|      ap_vld|   p_ZZN4nnet24compute_output_buffer_2dINS_5arrayI9ap_ufixedILi4ELi3EL9ap_q_mode4EL9_75|       pointer|
|p_ZZN4nnet24compute_output_buffer_2dINS_5arrayI9ap_ufixedILi4ELi3EL9ap_q_mode4EL9_75_ap_vld     |  out|    1|      ap_vld|   p_ZZN4nnet24compute_output_buffer_2dINS_5arrayI9ap_ufixedILi4ELi3EL9ap_q_mode4EL9_75|       pointer|
|p_ZZN4nnet24compute_output_buffer_2dINS_5arrayI9ap_ufixedILi4ELi3EL9ap_q_mode4EL9_66_i          |   in|    4|     ap_ovld|   p_ZZN4nnet24compute_output_buffer_2dINS_5arrayI9ap_ufixedILi4ELi3EL9ap_q_mode4EL9_66|       pointer|
|p_ZZN4nnet24compute_output_buffer_2dINS_5arrayI9ap_ufixedILi4ELi3EL9ap_q_mode4EL9_66_o          |  out|    4|     ap_ovld|   p_ZZN4nnet24compute_output_buffer_2dINS_5arrayI9ap_ufixedILi4ELi3EL9ap_q_mode4EL9_66|       pointer|
|p_ZZN4nnet24compute_output_buffer_2dINS_5arrayI9ap_ufixedILi4ELi3EL9ap_q_mode4EL9_66_o_ap_vld   |  out|    1|     ap_ovld|   p_ZZN4nnet24compute_output_buffer_2dINS_5arrayI9ap_ufixedILi4ELi3EL9ap_q_mode4EL9_66|       pointer|
|p_ZZN4nnet24compute_output_buffer_2dINS_5arrayI9ap_ufixedILi4ELi3EL9ap_q_mode4EL9_74            |  out|    4|      ap_vld|   p_ZZN4nnet24compute_output_buffer_2dINS_5arrayI9ap_ufixedILi4ELi3EL9ap_q_mode4EL9_74|       pointer|
|p_ZZN4nnet24compute_output_buffer_2dINS_5arrayI9ap_ufixedILi4ELi3EL9ap_q_mode4EL9_74_ap_vld     |  out|    1|      ap_vld|   p_ZZN4nnet24compute_output_buffer_2dINS_5arrayI9ap_ufixedILi4ELi3EL9ap_q_mode4EL9_74|       pointer|
|p_ZZN4nnet24compute_output_buffer_2dINS_5arrayI9ap_ufixedILi4ELi3EL9ap_q_mode4EL9_120_i         |   in|    4|     ap_ovld|  p_ZZN4nnet24compute_output_buffer_2dINS_5arrayI9ap_ufixedILi4ELi3EL9ap_q_mode4EL9_120|       pointer|
|p_ZZN4nnet24compute_output_buffer_2dINS_5arrayI9ap_ufixedILi4ELi3EL9ap_q_mode4EL9_120_o         |  out|    4|     ap_ovld|  p_ZZN4nnet24compute_output_buffer_2dINS_5arrayI9ap_ufixedILi4ELi3EL9ap_q_mode4EL9_120|       pointer|
|p_ZZN4nnet24compute_output_buffer_2dINS_5arrayI9ap_ufixedILi4ELi3EL9ap_q_mode4EL9_120_o_ap_vld  |  out|    1|     ap_ovld|  p_ZZN4nnet24compute_output_buffer_2dINS_5arrayI9ap_ufixedILi4ELi3EL9ap_q_mode4EL9_120|       pointer|
|p_ZZN4nnet24compute_output_buffer_2dINS_5arrayI9ap_ufixedILi4ELi3EL9ap_q_mode4EL9_121_i         |   in|    4|     ap_ovld|  p_ZZN4nnet24compute_output_buffer_2dINS_5arrayI9ap_ufixedILi4ELi3EL9ap_q_mode4EL9_121|       pointer|
|p_ZZN4nnet24compute_output_buffer_2dINS_5arrayI9ap_ufixedILi4ELi3EL9ap_q_mode4EL9_121_o         |  out|    4|     ap_ovld|  p_ZZN4nnet24compute_output_buffer_2dINS_5arrayI9ap_ufixedILi4ELi3EL9ap_q_mode4EL9_121|       pointer|
|p_ZZN4nnet24compute_output_buffer_2dINS_5arrayI9ap_ufixedILi4ELi3EL9ap_q_mode4EL9_121_o_ap_vld  |  out|    1|     ap_ovld|  p_ZZN4nnet24compute_output_buffer_2dINS_5arrayI9ap_ufixedILi4ELi3EL9ap_q_mode4EL9_121|       pointer|
|p_ZZN4nnet24compute_output_buffer_2dINS_5arrayI9ap_ufixedILi4ELi3EL9ap_q_mode4EL9_124_i         |   in|    4|     ap_ovld|  p_ZZN4nnet24compute_output_buffer_2dINS_5arrayI9ap_ufixedILi4ELi3EL9ap_q_mode4EL9_124|       pointer|
|p_ZZN4nnet24compute_output_buffer_2dINS_5arrayI9ap_ufixedILi4ELi3EL9ap_q_mode4EL9_124_o         |  out|    4|     ap_ovld|  p_ZZN4nnet24compute_output_buffer_2dINS_5arrayI9ap_ufixedILi4ELi3EL9ap_q_mode4EL9_124|       pointer|
|p_ZZN4nnet24compute_output_buffer_2dINS_5arrayI9ap_ufixedILi4ELi3EL9ap_q_mode4EL9_124_o_ap_vld  |  out|    1|     ap_ovld|  p_ZZN4nnet24compute_output_buffer_2dINS_5arrayI9ap_ufixedILi4ELi3EL9ap_q_mode4EL9_124|       pointer|
|p_ZZN4nnet24compute_output_buffer_2dINS_5arrayI9ap_ufixedILi4ELi3EL9ap_q_mode4EL9_126_i         |   in|    4|     ap_ovld|  p_ZZN4nnet24compute_output_buffer_2dINS_5arrayI9ap_ufixedILi4ELi3EL9ap_q_mode4EL9_126|       pointer|
|p_ZZN4nnet24compute_output_buffer_2dINS_5arrayI9ap_ufixedILi4ELi3EL9ap_q_mode4EL9_126_o         |  out|    4|     ap_ovld|  p_ZZN4nnet24compute_output_buffer_2dINS_5arrayI9ap_ufixedILi4ELi3EL9ap_q_mode4EL9_126|       pointer|
|p_ZZN4nnet24compute_output_buffer_2dINS_5arrayI9ap_ufixedILi4ELi3EL9ap_q_mode4EL9_126_o_ap_vld  |  out|    1|     ap_ovld|  p_ZZN4nnet24compute_output_buffer_2dINS_5arrayI9ap_ufixedILi4ELi3EL9ap_q_mode4EL9_126|       pointer|
|p_ZZN4nnet24compute_output_buffer_2dINS_5arrayI9ap_ufixedILi4ELi3EL9ap_q_mode4EL9_119           |  out|    4|      ap_vld|  p_ZZN4nnet24compute_output_buffer_2dINS_5arrayI9ap_ufixedILi4ELi3EL9ap_q_mode4EL9_119|       pointer|
|p_ZZN4nnet24compute_output_buffer_2dINS_5arrayI9ap_ufixedILi4ELi3EL9ap_q_mode4EL9_119_ap_vld    |  out|    1|      ap_vld|  p_ZZN4nnet24compute_output_buffer_2dINS_5arrayI9ap_ufixedILi4ELi3EL9ap_q_mode4EL9_119|       pointer|
|p_ZZN4nnet24compute_output_buffer_2dINS_5arrayI9ap_ufixedILi4ELi3EL9ap_q_mode4EL9_88_i          |   in|    4|     ap_ovld|   p_ZZN4nnet24compute_output_buffer_2dINS_5arrayI9ap_ufixedILi4ELi3EL9ap_q_mode4EL9_88|       pointer|
|p_ZZN4nnet24compute_output_buffer_2dINS_5arrayI9ap_ufixedILi4ELi3EL9ap_q_mode4EL9_88_o          |  out|    4|     ap_ovld|   p_ZZN4nnet24compute_output_buffer_2dINS_5arrayI9ap_ufixedILi4ELi3EL9ap_q_mode4EL9_88|       pointer|
|p_ZZN4nnet24compute_output_buffer_2dINS_5arrayI9ap_ufixedILi4ELi3EL9ap_q_mode4EL9_88_o_ap_vld   |  out|    1|     ap_ovld|   p_ZZN4nnet24compute_output_buffer_2dINS_5arrayI9ap_ufixedILi4ELi3EL9ap_q_mode4EL9_88|       pointer|
|p_ZZN4nnet24compute_output_buffer_2dINS_5arrayI9ap_ufixedILi4ELi3EL9ap_q_mode4EL9_87_i          |   in|    4|     ap_ovld|   p_ZZN4nnet24compute_output_buffer_2dINS_5arrayI9ap_ufixedILi4ELi3EL9ap_q_mode4EL9_87|       pointer|
|p_ZZN4nnet24compute_output_buffer_2dINS_5arrayI9ap_ufixedILi4ELi3EL9ap_q_mode4EL9_87_o          |  out|    4|     ap_ovld|   p_ZZN4nnet24compute_output_buffer_2dINS_5arrayI9ap_ufixedILi4ELi3EL9ap_q_mode4EL9_87|       pointer|
|p_ZZN4nnet24compute_output_buffer_2dINS_5arrayI9ap_ufixedILi4ELi3EL9ap_q_mode4EL9_87_o_ap_vld   |  out|    1|     ap_ovld|   p_ZZN4nnet24compute_output_buffer_2dINS_5arrayI9ap_ufixedILi4ELi3EL9ap_q_mode4EL9_87|       pointer|
|p_ZZN4nnet24compute_output_buffer_2dINS_5arrayI9ap_ufixedILi4ELi3EL9ap_q_mode4EL9_95            |  out|    4|      ap_vld|   p_ZZN4nnet24compute_output_buffer_2dINS_5arrayI9ap_ufixedILi4ELi3EL9ap_q_mode4EL9_95|       pointer|
|p_ZZN4nnet24compute_output_buffer_2dINS_5arrayI9ap_ufixedILi4ELi3EL9ap_q_mode4EL9_95_ap_vld     |  out|    1|      ap_vld|   p_ZZN4nnet24compute_output_buffer_2dINS_5arrayI9ap_ufixedILi4ELi3EL9ap_q_mode4EL9_95|       pointer|
|p_ZZN4nnet24compute_output_buffer_2dINS_5arrayI9ap_ufixedILi4ELi3EL9ap_q_mode4EL9_86_i          |   in|    4|     ap_ovld|   p_ZZN4nnet24compute_output_buffer_2dINS_5arrayI9ap_ufixedILi4ELi3EL9ap_q_mode4EL9_86|       pointer|
|p_ZZN4nnet24compute_output_buffer_2dINS_5arrayI9ap_ufixedILi4ELi3EL9ap_q_mode4EL9_86_o          |  out|    4|     ap_ovld|   p_ZZN4nnet24compute_output_buffer_2dINS_5arrayI9ap_ufixedILi4ELi3EL9ap_q_mode4EL9_86|       pointer|
|p_ZZN4nnet24compute_output_buffer_2dINS_5arrayI9ap_ufixedILi4ELi3EL9ap_q_mode4EL9_86_o_ap_vld   |  out|    1|     ap_ovld|   p_ZZN4nnet24compute_output_buffer_2dINS_5arrayI9ap_ufixedILi4ELi3EL9ap_q_mode4EL9_86|       pointer|
|p_ZZN4nnet24compute_output_buffer_2dINS_5arrayI9ap_ufixedILi4ELi3EL9ap_q_mode4EL9_84_i          |   in|    4|     ap_ovld|   p_ZZN4nnet24compute_output_buffer_2dINS_5arrayI9ap_ufixedILi4ELi3EL9ap_q_mode4EL9_84|       pointer|
|p_ZZN4nnet24compute_output_buffer_2dINS_5arrayI9ap_ufixedILi4ELi3EL9ap_q_mode4EL9_84_o          |  out|    4|     ap_ovld|   p_ZZN4nnet24compute_output_buffer_2dINS_5arrayI9ap_ufixedILi4ELi3EL9ap_q_mode4EL9_84|       pointer|
|p_ZZN4nnet24compute_output_buffer_2dINS_5arrayI9ap_ufixedILi4ELi3EL9ap_q_mode4EL9_84_o_ap_vld   |  out|    1|     ap_ovld|   p_ZZN4nnet24compute_output_buffer_2dINS_5arrayI9ap_ufixedILi4ELi3EL9ap_q_mode4EL9_84|       pointer|
|p_ZZN4nnet24compute_output_buffer_2dINS_5arrayI9ap_ufixedILi4ELi3EL9ap_q_mode4EL9_83_i          |   in|    4|     ap_ovld|   p_ZZN4nnet24compute_output_buffer_2dINS_5arrayI9ap_ufixedILi4ELi3EL9ap_q_mode4EL9_83|       pointer|
|p_ZZN4nnet24compute_output_buffer_2dINS_5arrayI9ap_ufixedILi4ELi3EL9ap_q_mode4EL9_83_o          |  out|    4|     ap_ovld|   p_ZZN4nnet24compute_output_buffer_2dINS_5arrayI9ap_ufixedILi4ELi3EL9ap_q_mode4EL9_83|       pointer|
|p_ZZN4nnet24compute_output_buffer_2dINS_5arrayI9ap_ufixedILi4ELi3EL9ap_q_mode4EL9_83_o_ap_vld   |  out|    1|     ap_ovld|   p_ZZN4nnet24compute_output_buffer_2dINS_5arrayI9ap_ufixedILi4ELi3EL9ap_q_mode4EL9_83|       pointer|
|p_ZZN4nnet24compute_output_buffer_2dINS_5arrayI9ap_ufixedILi4ELi3EL9ap_q_mode4EL9_82_i          |   in|    4|     ap_ovld|   p_ZZN4nnet24compute_output_buffer_2dINS_5arrayI9ap_ufixedILi4ELi3EL9ap_q_mode4EL9_82|       pointer|
|p_ZZN4nnet24compute_output_buffer_2dINS_5arrayI9ap_ufixedILi4ELi3EL9ap_q_mode4EL9_82_o          |  out|    4|     ap_ovld|   p_ZZN4nnet24compute_output_buffer_2dINS_5arrayI9ap_ufixedILi4ELi3EL9ap_q_mode4EL9_82|       pointer|
|p_ZZN4nnet24compute_output_buffer_2dINS_5arrayI9ap_ufixedILi4ELi3EL9ap_q_mode4EL9_82_o_ap_vld   |  out|    1|     ap_ovld|   p_ZZN4nnet24compute_output_buffer_2dINS_5arrayI9ap_ufixedILi4ELi3EL9ap_q_mode4EL9_82|       pointer|
|p_ZZN4nnet24compute_output_buffer_2dINS_5arrayI9ap_ufixedILi4ELi3EL9ap_q_mode4EL9_81_i          |   in|    4|     ap_ovld|   p_ZZN4nnet24compute_output_buffer_2dINS_5arrayI9ap_ufixedILi4ELi3EL9ap_q_mode4EL9_81|       pointer|
|p_ZZN4nnet24compute_output_buffer_2dINS_5arrayI9ap_ufixedILi4ELi3EL9ap_q_mode4EL9_81_o          |  out|    4|     ap_ovld|   p_ZZN4nnet24compute_output_buffer_2dINS_5arrayI9ap_ufixedILi4ELi3EL9ap_q_mode4EL9_81|       pointer|
|p_ZZN4nnet24compute_output_buffer_2dINS_5arrayI9ap_ufixedILi4ELi3EL9ap_q_mode4EL9_81_o_ap_vld   |  out|    1|     ap_ovld|   p_ZZN4nnet24compute_output_buffer_2dINS_5arrayI9ap_ufixedILi4ELi3EL9ap_q_mode4EL9_81|       pointer|
|p_ZZN4nnet24compute_output_buffer_2dINS_5arrayI9ap_ufixedILi4ELi3EL9ap_q_mode4EL9_65_i          |   in|    4|     ap_ovld|   p_ZZN4nnet24compute_output_buffer_2dINS_5arrayI9ap_ufixedILi4ELi3EL9ap_q_mode4EL9_65|       pointer|
|p_ZZN4nnet24compute_output_buffer_2dINS_5arrayI9ap_ufixedILi4ELi3EL9ap_q_mode4EL9_65_o          |  out|    4|     ap_ovld|   p_ZZN4nnet24compute_output_buffer_2dINS_5arrayI9ap_ufixedILi4ELi3EL9ap_q_mode4EL9_65|       pointer|
|p_ZZN4nnet24compute_output_buffer_2dINS_5arrayI9ap_ufixedILi4ELi3EL9ap_q_mode4EL9_65_o_ap_vld   |  out|    1|     ap_ovld|   p_ZZN4nnet24compute_output_buffer_2dINS_5arrayI9ap_ufixedILi4ELi3EL9ap_q_mode4EL9_65|       pointer|
|p_ZZN4nnet24compute_output_buffer_2dINS_5arrayI9ap_ufixedILi4ELi3EL9ap_q_mode4EL9_64_i          |   in|    4|     ap_ovld|   p_ZZN4nnet24compute_output_buffer_2dINS_5arrayI9ap_ufixedILi4ELi3EL9ap_q_mode4EL9_64|       pointer|
|p_ZZN4nnet24compute_output_buffer_2dINS_5arrayI9ap_ufixedILi4ELi3EL9ap_q_mode4EL9_64_o          |  out|    4|     ap_ovld|   p_ZZN4nnet24compute_output_buffer_2dINS_5arrayI9ap_ufixedILi4ELi3EL9ap_q_mode4EL9_64|       pointer|
|p_ZZN4nnet24compute_output_buffer_2dINS_5arrayI9ap_ufixedILi4ELi3EL9ap_q_mode4EL9_64_o_ap_vld   |  out|    1|     ap_ovld|   p_ZZN4nnet24compute_output_buffer_2dINS_5arrayI9ap_ufixedILi4ELi3EL9ap_q_mode4EL9_64|       pointer|
|p_ZZN4nnet24compute_output_buffer_2dINS_5arrayI9ap_ufixedILi4ELi3EL9ap_q_mode4EL9_63_i          |   in|    4|     ap_ovld|   p_ZZN4nnet24compute_output_buffer_2dINS_5arrayI9ap_ufixedILi4ELi3EL9ap_q_mode4EL9_63|       pointer|
|p_ZZN4nnet24compute_output_buffer_2dINS_5arrayI9ap_ufixedILi4ELi3EL9ap_q_mode4EL9_63_o          |  out|    4|     ap_ovld|   p_ZZN4nnet24compute_output_buffer_2dINS_5arrayI9ap_ufixedILi4ELi3EL9ap_q_mode4EL9_63|       pointer|
|p_ZZN4nnet24compute_output_buffer_2dINS_5arrayI9ap_ufixedILi4ELi3EL9ap_q_mode4EL9_63_o_ap_vld   |  out|    1|     ap_ovld|   p_ZZN4nnet24compute_output_buffer_2dINS_5arrayI9ap_ufixedILi4ELi3EL9ap_q_mode4EL9_63|       pointer|
|p_ZZN4nnet24compute_output_buffer_2dINS_5arrayI9ap_ufixedILi4ELi3EL9ap_q_mode4EL9_61_i          |   in|    4|     ap_ovld|   p_ZZN4nnet24compute_output_buffer_2dINS_5arrayI9ap_ufixedILi4ELi3EL9ap_q_mode4EL9_61|       pointer|
|p_ZZN4nnet24compute_output_buffer_2dINS_5arrayI9ap_ufixedILi4ELi3EL9ap_q_mode4EL9_61_o          |  out|    4|     ap_ovld|   p_ZZN4nnet24compute_output_buffer_2dINS_5arrayI9ap_ufixedILi4ELi3EL9ap_q_mode4EL9_61|       pointer|
|p_ZZN4nnet24compute_output_buffer_2dINS_5arrayI9ap_ufixedILi4ELi3EL9ap_q_mode4EL9_61_o_ap_vld   |  out|    1|     ap_ovld|   p_ZZN4nnet24compute_output_buffer_2dINS_5arrayI9ap_ufixedILi4ELi3EL9ap_q_mode4EL9_61|       pointer|
|p_ZZN4nnet24compute_output_buffer_2dINS_5arrayI9ap_ufixedILi4ELi3EL9ap_q_mode4EL9_60_i          |   in|    4|     ap_ovld|   p_ZZN4nnet24compute_output_buffer_2dINS_5arrayI9ap_ufixedILi4ELi3EL9ap_q_mode4EL9_60|       pointer|
|p_ZZN4nnet24compute_output_buffer_2dINS_5arrayI9ap_ufixedILi4ELi3EL9ap_q_mode4EL9_60_o          |  out|    4|     ap_ovld|   p_ZZN4nnet24compute_output_buffer_2dINS_5arrayI9ap_ufixedILi4ELi3EL9ap_q_mode4EL9_60|       pointer|
|p_ZZN4nnet24compute_output_buffer_2dINS_5arrayI9ap_ufixedILi4ELi3EL9ap_q_mode4EL9_60_o_ap_vld   |  out|    1|     ap_ovld|   p_ZZN4nnet24compute_output_buffer_2dINS_5arrayI9ap_ufixedILi4ELi3EL9ap_q_mode4EL9_60|       pointer|
|p_ZZN4nnet24compute_output_buffer_2dINS_5arrayI9ap_ufixedILi4ELi3EL9ap_q_mode4EL9_59_i          |   in|    4|     ap_ovld|   p_ZZN4nnet24compute_output_buffer_2dINS_5arrayI9ap_ufixedILi4ELi3EL9ap_q_mode4EL9_59|       pointer|
|p_ZZN4nnet24compute_output_buffer_2dINS_5arrayI9ap_ufixedILi4ELi3EL9ap_q_mode4EL9_59_o          |  out|    4|     ap_ovld|   p_ZZN4nnet24compute_output_buffer_2dINS_5arrayI9ap_ufixedILi4ELi3EL9ap_q_mode4EL9_59|       pointer|
|p_ZZN4nnet24compute_output_buffer_2dINS_5arrayI9ap_ufixedILi4ELi3EL9ap_q_mode4EL9_59_o_ap_vld   |  out|    1|     ap_ovld|   p_ZZN4nnet24compute_output_buffer_2dINS_5arrayI9ap_ufixedILi4ELi3EL9ap_q_mode4EL9_59|       pointer|
|p_ZZN4nnet24compute_output_buffer_2dINS_5arrayI9ap_ufixedILi4ELi3EL9ap_q_mode4EL9_67            |  out|    4|      ap_vld|   p_ZZN4nnet24compute_output_buffer_2dINS_5arrayI9ap_ufixedILi4ELi3EL9ap_q_mode4EL9_67|       pointer|
|p_ZZN4nnet24compute_output_buffer_2dINS_5arrayI9ap_ufixedILi4ELi3EL9ap_q_mode4EL9_67_ap_vld     |  out|    1|      ap_vld|   p_ZZN4nnet24compute_output_buffer_2dINS_5arrayI9ap_ufixedILi4ELi3EL9ap_q_mode4EL9_67|       pointer|
|p_ZZN4nnet24compute_output_buffer_2dINS_5arrayI9ap_ufixedILi4ELi3EL9ap_q_mode4EL9_58_i          |   in|    4|     ap_ovld|   p_ZZN4nnet24compute_output_buffer_2dINS_5arrayI9ap_ufixedILi4ELi3EL9ap_q_mode4EL9_58|       pointer|
|p_ZZN4nnet24compute_output_buffer_2dINS_5arrayI9ap_ufixedILi4ELi3EL9ap_q_mode4EL9_58_o          |  out|    4|     ap_ovld|   p_ZZN4nnet24compute_output_buffer_2dINS_5arrayI9ap_ufixedILi4ELi3EL9ap_q_mode4EL9_58|       pointer|
|p_ZZN4nnet24compute_output_buffer_2dINS_5arrayI9ap_ufixedILi4ELi3EL9ap_q_mode4EL9_58_o_ap_vld   |  out|    1|     ap_ovld|   p_ZZN4nnet24compute_output_buffer_2dINS_5arrayI9ap_ufixedILi4ELi3EL9ap_q_mode4EL9_58|       pointer|
|p_ZZN4nnet24compute_output_buffer_2dINS_5arrayI9ap_ufixedILi4ELi3EL9ap_q_mode4EL9_125           |  out|    4|      ap_vld|  p_ZZN4nnet24compute_output_buffer_2dINS_5arrayI9ap_ufixedILi4ELi3EL9ap_q_mode4EL9_125|       pointer|
|p_ZZN4nnet24compute_output_buffer_2dINS_5arrayI9ap_ufixedILi4ELi3EL9ap_q_mode4EL9_125_ap_vld    |  out|    1|      ap_vld|  p_ZZN4nnet24compute_output_buffer_2dINS_5arrayI9ap_ufixedILi4ELi3EL9ap_q_mode4EL9_125|       pointer|
+------------------------------------------------------------------------------------------------+-----+-----+------------+---------------------------------------------------------------------------------------+--------------+

