

================================================================
== Vitis HLS Report for 'softmax_stable_array_array_ap_fixed_16_6_5_3_0_10u_softmax_config23_s'
================================================================
* Date:           Sat Mar 21 19:28:29 2026

* Version:        2023.2 (Build 4023990 on Oct 11 2023)
* Project:        myproject_prj
* Solution:       solution1 (Vivado IP Flow Target)
* Product family: zynquplus
* Target device:  xck26-sfvc784-2LV-c


================================================================
== Performance Estimates
================================================================
+ Timing: 
    * Summary: 
    +--------+---------+----------+------------+
    |  Clock |  Target | Estimated| Uncertainty|
    +--------+---------+----------+------------+
    |ap_clk  |  5.00 ns|  3.972 ns|     1.35 ns|
    +--------+---------+----------+------------+

+ Latency: 
    * Summary: 
    +---------+---------+----------+----------+------+------+---------+
    |  Latency (cycles) |  Latency (absolute) |   Interval  | Pipeline|
    |   min   |   max   |    min   |    max   |  min |  max |   Type  |
    +---------+---------+----------+----------+------+------+---------+
    |     1055|     1055|  5.275 us|  5.275 us|  1055|  1055|       no|
    +---------+---------+----------+----------+------+------+---------+

    + Detail: 
        * Instance: 
        +--------------------------------------------------------------------+---------------------------------------------------------+---------+---------+----------+----------+------+------+---------+
        |                                                                    |                                                         |  Latency (cycles) |  Latency (absolute) |   Interval  | Pipeline|
        |                              Instance                              |                          Module                         |   min   |   max   |    min   |    max   |  min |  max |   Type  |
        +--------------------------------------------------------------------+---------------------------------------------------------+---------+---------+----------+----------+------+------+---------+
        |grp_init_exp_table_ap_ufixed_13_11_5_3_0_softmax_config23_s_fu_620  |init_exp_table_ap_ufixed_13_11_5_3_0_softmax_config23_s  |     1044|     1044|  5.220 us|  5.220 us|  1044|  1044|       no|
        +--------------------------------------------------------------------+---------------------------------------------------------+---------+---------+----------+----------+------+------+---------+

        * Loop: 
        N/A



================================================================
== Utilization Estimates
================================================================
* Summary: 
+-----------------+---------+------+--------+--------+-----+
|       Name      | BRAM_18K|  DSP |   FF   |   LUT  | URAM|
+-----------------+---------+------+--------+--------+-----+
|DSP              |        -|     -|       -|       -|    -|
|Expression       |        -|     -|       0|     684|    -|
|FIFO             |        -|     -|       -|       -|    -|
|Instance         |        -|    17|    1121|    3540|    -|
|Memory           |        2|     -|       0|       0|    0|
|Multiplexer      |        -|     -|       -|     174|    -|
|Register         |        -|     -|     498|       -|    -|
+-----------------+---------+------+--------+--------+-----+
|Total            |        2|    17|    1619|    4398|    0|
+-----------------+---------+------+--------+--------+-----+
|Available        |      288|  1248|  234240|  117120|   64|
+-----------------+---------+------+--------+--------+-----+
|Utilization (%)  |       ~0|     1|      ~0|       3|    0|
+-----------------+---------+------+--------+--------+-----+

+ Detail: 
    * Instance: 
    +--------------------------------------------------------------------+---------------------------------------------------------+---------+----+------+------+-----+
    |                              Instance                              |                          Module                         | BRAM_18K| DSP|  FF  |  LUT | URAM|
    +--------------------------------------------------------------------+---------------------------------------------------------+---------+----+------+------+-----+
    |grp_init_exp_table_ap_ufixed_13_11_5_3_0_softmax_config23_s_fu_620  |init_exp_table_ap_ufixed_13_11_5_3_0_softmax_config23_s  |        0|   7|  1121|  3490|    0|
    |mul_18s_16s_26_1_1_U2131                                            |mul_18s_16s_26_1_1                                       |        0|   1|     0|     5|    0|
    |mul_18s_16s_26_1_1_U2132                                            |mul_18s_16s_26_1_1                                       |        0|   1|     0|     5|    0|
    |mul_18s_16s_26_1_1_U2133                                            |mul_18s_16s_26_1_1                                       |        0|   1|     0|     5|    0|
    |mul_18s_16s_26_1_1_U2134                                            |mul_18s_16s_26_1_1                                       |        0|   1|     0|     5|    0|
    |mul_18s_16s_26_1_1_U2135                                            |mul_18s_16s_26_1_1                                       |        0|   1|     0|     5|    0|
    |mul_18s_16s_26_1_1_U2136                                            |mul_18s_16s_26_1_1                                       |        0|   1|     0|     5|    0|
    |mul_18s_16s_26_1_1_U2137                                            |mul_18s_16s_26_1_1                                       |        0|   1|     0|     5|    0|
    |mul_18s_16s_26_1_1_U2138                                            |mul_18s_16s_26_1_1                                       |        0|   1|     0|     5|    0|
    |mul_18s_16s_26_1_1_U2139                                            |mul_18s_16s_26_1_1                                       |        0|   1|     0|     5|    0|
    |mul_18s_16s_26_1_1_U2140                                            |mul_18s_16s_26_1_1                                       |        0|   1|     0|     5|    0|
    +--------------------------------------------------------------------+---------------------------------------------------------+---------+----+------+------+-----+
    |Total                                                               |                                                         |        0|  17|  1121|  3540|    0|
    +--------------------------------------------------------------------+---------------------------------------------------------+---------+----+------+------+-----+

    * DSP: 
    N/A

    * Memory: 
    +----------------+----------------------------------------------------------------------------------+---------+---+----+-----+------+-----+------+-------------+
    |     Memory     |                                      Module                                      | BRAM_18K| FF| LUT| URAM| Words| Bits| Banks| W*Bits*Banks|
    +----------------+----------------------------------------------------------------------------------+---------+---+----+-----+------+-----+------+-------------+
    |exp_table_U     |softmax_stable_array_array_ap_fixed_16_6_5_3_0_10u_softmax_config23_s_exp_tabcwx  |        1|  0|   0|    0|  1024|   16|     1|        16384|
    |invert_table_U  |softmax_stable_array_array_ap_fixed_16_6_5_3_0_10u_softmax_config23_s_invert_cvx  |        1|  0|   0|    0|  1024|   18|     1|        18432|
    +----------------+----------------------------------------------------------------------------------+---------+---+----+-----+------+-----+------+-------------+
    |Total           |                                                                                  |        2|  0|   0|    0|  2048|   34|     2|        34816|
    +----------------+----------------------------------------------------------------------------------+---------+---+----+-----+------+-----+------+-------------+

    * FIFO: 
    N/A

    * Expression: 
    +-------------------------+----------+----+---+----+------------+------------+
    |      Variable Name      | Operation| DSP| FF| LUT| Bitwidth P0| Bitwidth P1|
    +-------------------------+----------+----+---+----+------------+------------+
    |add_ln51_1_fu_1176_p2    |         +|   0|  0|  16|          16|          16|
    |add_ln51_2_fu_1210_p2    |         +|   0|  0|  16|          16|          16|
    |add_ln51_3_fu_1180_p2    |         +|   0|  0|  16|          16|          16|
    |add_ln51_4_fu_1185_p2    |         +|   0|  0|  16|          16|          16|
    |add_ln51_5_fu_1191_p2    |         +|   0|  0|  16|          16|          16|
    |add_ln51_6_fu_1195_p2    |         +|   0|  0|  16|          16|          16|
    |add_ln51_7_fu_1199_p2    |         +|   0|  0|  16|          16|          16|
    |add_ln51_8_fu_1204_p2    |         +|   0|  0|  16|          16|          16|
    |add_ln51_fu_1172_p2      |         +|   0|  0|  23|          16|          16|
    |d_xi_xmax_10_fu_994_p2   |         -|   0|  0|  20|          13|          13|
    |d_xi_xmax_11_fu_998_p2   |         -|   0|  0|  20|          13|          13|
    |d_xi_xmax_12_fu_1002_p2  |         -|   0|  0|  20|          13|          13|
    |d_xi_xmax_13_fu_1006_p2  |         -|   0|  0|  20|          13|          13|
    |d_xi_xmax_14_fu_1010_p2  |         -|   0|  0|  20|          13|          13|
    |d_xi_xmax_15_fu_1014_p2  |         -|   0|  0|  20|          13|          13|
    |d_xi_xmax_16_fu_1018_p2  |         -|   0|  0|  20|          13|          13|
    |d_xi_xmax_17_fu_1022_p2  |         -|   0|  0|  20|          13|          13|
    |d_xi_xmax_18_fu_1026_p2  |         -|   0|  0|  20|          13|          13|
    |d_xi_xmax_fu_990_p2      |         -|   0|  0|  20|          13|          13|
    |icmp_ln66_1_fu_740_p2    |      icmp|   0|  0|  21|          14|          14|
    |icmp_ln66_2_fu_894_p2    |      icmp|   0|  0|  21|          14|          14|
    |icmp_ln66_3_fu_760_p2    |      icmp|   0|  0|  21|          14|          14|
    |icmp_ln66_4_fu_780_p2    |      icmp|   0|  0|  21|          14|          14|
    |icmp_ln66_5_fu_910_p2    |      icmp|   0|  0|  21|          14|          14|
    |icmp_ln66_6_fu_926_p2    |      icmp|   0|  0|  21|          14|          14|
    |icmp_ln66_7_fu_946_p2    |      icmp|   0|  0|  21|          14|          14|
    |icmp_ln66_8_fu_962_p2    |      icmp|   0|  0|  21|          14|          14|
    |icmp_ln66_fu_720_p2      |      icmp|   0|  0|  21|          14|          14|
    |ap_block_state1          |        or|   0|  0|   2|           1|           1|
    |select_ln66_1_fu_752_p3  |    select|   0|  0|  14|           1|          14|
    |select_ln66_2_fu_904_p3  |    select|   0|  0|  14|           1|          14|
    |select_ln66_3_fu_772_p3  |    select|   0|  0|  14|           1|          14|
    |select_ln66_4_fu_792_p3  |    select|   0|  0|  14|           1|          14|
    |select_ln66_5_fu_920_p3  |    select|   0|  0|  14|           1|          14|
    |select_ln66_6_fu_938_p3  |    select|   0|  0|  14|           1|          14|
    |select_ln66_7_fu_956_p3  |    select|   0|  0|  14|           1|          14|
    |select_ln66_8_fu_982_p3  |    select|   0|  0|  12|           1|          13|
    |select_ln66_fu_732_p3    |    select|   0|  0|  14|           1|          14|
    |xor_ln66_1_fu_746_p2     |       xor|   0|  0|   2|           1|           2|
    |xor_ln66_2_fu_898_p2     |       xor|   0|  0|   2|           1|           2|
    |xor_ln66_3_fu_766_p2     |       xor|   0|  0|   2|           1|           2|
    |xor_ln66_4_fu_786_p2     |       xor|   0|  0|   2|           1|           2|
    |xor_ln66_5_fu_914_p2     |       xor|   0|  0|   2|           1|           2|
    |xor_ln66_6_fu_932_p2     |       xor|   0|  0|   2|           1|           2|
    |xor_ln66_7_fu_950_p2     |       xor|   0|  0|   2|           1|           2|
    |xor_ln66_8_fu_968_p2     |       xor|   0|  0|   2|           1|           2|
    |xor_ln66_fu_726_p2       |       xor|   0|  0|   2|           1|           2|
    +-------------------------+----------+----+---+----+------------+------------+
    |Total                    |          |   0|  0| 684|         419|         544|
    +-------------------------+----------+----+---+----+------------+------------+

    * Multiplexer: 
    +-------------------------+----+-----------+-----+-----------+
    |           Name          | LUT| Input Size| Bits| Total Bits|
    +-------------------------+----+-----------+-----+-----------+
    |ap_NS_fsm                |  65|         13|    1|         13|
    |exp_table_address0       |  37|          7|   10|         70|
    |exp_table_address1       |  31|          6|   10|         60|
    |exp_table_ce0            |  14|          3|    1|          3|
    |exp_table_we0            |   9|          2|    1|          2|
    |layer21_out_blk_n        |   9|          2|    1|          2|
    |layer23_out_TDATA_blk_n  |   9|          2|    1|          2|
    +-------------------------+----+-----------+-----+-----------+
    |Total                    | 174|         35|   25|        152|
    +-------------------------+----+-----------+-----+-----------+

    * Register: 
    +---------------------------------------------------------------------------------+----+----+-----+-----------+
    |                                       Name                                      | FF | LUT| Bits| Const Bits|
    +---------------------------------------------------------------------------------+----+----+-----+-----------+
    |ap_CS_fsm                                                                        |  12|   0|   12|          0|
    |data_array_8_reg_1413                                                            |  14|   0|   14|          0|
    |data_array_9_reg_1419                                                            |  14|   0|   14|          0|
    |exp_res_1_reg_1569                                                               |  16|   0|   16|          0|
    |exp_res_2_reg_1585                                                               |  16|   0|   16|          0|
    |exp_res_3_reg_1591                                                               |  16|   0|   16|          0|
    |exp_res_4_reg_1607                                                               |  16|   0|   16|          0|
    |exp_res_5_reg_1613                                                               |  16|   0|   16|          0|
    |exp_res_6_reg_1629                                                               |  16|   0|   16|          0|
    |exp_res_7_reg_1635                                                               |  16|   0|   16|          0|
    |exp_res_8_reg_1651                                                               |  16|   0|   16|          0|
    |exp_res_9_reg_1657                                                               |  16|   0|   16|          0|
    |exp_res_reg_1563                                                                 |  16|   0|   16|          0|
    |grp_init_exp_table_ap_ufixed_13_11_5_3_0_softmax_config23_s_fu_620_ap_start_reg  |   1|   0|    1|          0|
    |inv_exp_sum_reg_1668                                                             |  18|   0|   18|          0|
    |select_ln66_1_reg_1431                                                           |  14|   0|   14|          0|
    |select_ln66_3_reg_1437                                                           |  14|   0|   14|          0|
    |select_ln66_4_reg_1443                                                           |  14|   0|   14|          0|
    |select_ln66_8_reg_1499                                                           |  13|   0|   13|          0|
    |select_ln66_reg_1425                                                             |  14|   0|   14|          0|
    |tmp_1_reg_1523                                                                   |  10|   0|   10|          0|
    |tmp_2_reg_1528                                                                   |  10|   0|   10|          0|
    |tmp_3_reg_1533                                                                   |  10|   0|   10|          0|
    |tmp_4_reg_1538                                                                   |  10|   0|   10|          0|
    |tmp_5_reg_1543                                                                   |  10|   0|   10|          0|
    |tmp_6_reg_1548                                                                   |  10|   0|   10|          0|
    |tmp_7_reg_1553                                                                   |  10|   0|   10|          0|
    |tmp_8_reg_1558                                                                   |  10|   0|   10|          0|
    |trunc_ln213_2_reg_1454                                                           |  13|   0|   13|          0|
    |trunc_ln213_3_reg_1459                                                           |  13|   0|   13|          0|
    |trunc_ln213_4_reg_1464                                                           |  13|   0|   13|          0|
    |trunc_ln213_5_reg_1469                                                           |  13|   0|   13|          0|
    |trunc_ln213_6_reg_1474                                                           |  13|   0|   13|          0|
    |trunc_ln213_7_reg_1479                                                           |  13|   0|   13|          0|
    |trunc_ln213_8_reg_1484                                                           |  13|   0|   13|          0|
    |trunc_ln213_9_reg_1489                                                           |  13|   0|   13|          0|
    |trunc_ln213_reg_1449                                                             |  13|   0|   13|          0|
    |trunc_ln213_s_reg_1494                                                           |  13|   0|   13|          0|
    +---------------------------------------------------------------------------------+----+----+-----+-----------+
    |Total                                                                            | 498|   0|  498|          0|
    +---------------------------------------------------------------------------------+----+----+-----+-----------+



================================================================
== Interface
================================================================
* Summary: 
+----------------------------+-----+-----+------------+------------------------------------------------------------------------+--------------+
|          RTL Ports         | Dir | Bits|  Protocol  |                              Source Object                             |    C Type    |
+----------------------------+-----+-----+------------+------------------------------------------------------------------------+--------------+
|ap_clk                      |   in|    1|  ap_ctrl_hs|  softmax_stable<array,array<ap_fixed<16,6,5,3,0>,10u>,softmax_config23>|  return value|
|ap_rst                      |   in|    1|  ap_ctrl_hs|  softmax_stable<array,array<ap_fixed<16,6,5,3,0>,10u>,softmax_config23>|  return value|
|ap_start                    |   in|    1|  ap_ctrl_hs|  softmax_stable<array,array<ap_fixed<16,6,5,3,0>,10u>,softmax_config23>|  return value|
|ap_done                     |  out|    1|  ap_ctrl_hs|  softmax_stable<array,array<ap_fixed<16,6,5,3,0>,10u>,softmax_config23>|  return value|
|ap_idle                     |  out|    1|  ap_ctrl_hs|  softmax_stable<array,array<ap_fixed<16,6,5,3,0>,10u>,softmax_config23>|  return value|
|ap_ready                    |  out|    1|  ap_ctrl_hs|  softmax_stable<array,array<ap_fixed<16,6,5,3,0>,10u>,softmax_config23>|  return value|
|layer21_out_dout            |   in|  140|     ap_fifo|                                                             layer21_out|       pointer|
|layer21_out_num_data_valid  |   in|    2|     ap_fifo|                                                             layer21_out|       pointer|
|layer21_out_fifo_cap        |   in|    2|     ap_fifo|                                                             layer21_out|       pointer|
|layer21_out_empty_n         |   in|    1|     ap_fifo|                                                             layer21_out|       pointer|
|layer21_out_read            |  out|    1|     ap_fifo|                                                             layer21_out|       pointer|
|layer23_out_TDATA           |  out|  160|        axis|                                                             layer23_out|       pointer|
|layer23_out_TVALID          |  out|    1|        axis|                                                             layer23_out|       pointer|
|layer23_out_TREADY          |   in|    1|        axis|                                                             layer23_out|       pointer|
+----------------------------+-----+-----+------------+------------------------------------------------------------------------+--------------+

