

================================================================
== Vitis HLS Report for 'zeropad2d_cl_array_array_ap_ufixed_4_3_4_0_0_8u_config26_Pipeline_PadMain'
================================================================
* Date:           Sun Mar 22 09:55:18 2026

* Version:        2023.2 (Build 4023990 on Oct 11 2023)
* Project:        myproject_prj
* Solution:       solution1 (Vivado IP Flow Target)
* Product family: zynquplus
* Target device:  xck26-sfvc784-2LV-c


================================================================
== Performance Estimates
================================================================
+ Timing: 
    * Summary: 
    +--------+---------+----------+------------+
    |  Clock |  Target | Estimated| Uncertainty|
    +--------+---------+----------+------------+
    |ap_clk  |  5.00 ns|  1.813 ns|     1.35 ns|
    +--------+---------+----------+------------+

+ Latency: 
    * Summary: 
    +---------+---------+----------+----------+-----+-----+---------+
    |  Latency (cycles) |  Latency (absolute) |  Interval | Pipeline|
    |   min   |   max   |    min   |    max   | min | max |   Type  |
    +---------+---------+----------+----------+-----+-----+---------+
    |       52|       52|  0.260 us|  0.260 us|   52|   52|       no|
    +---------+---------+----------+----------+-----+-----+---------+

    + Detail: 
        * Instance: 
        N/A

        * Loop: 
        +-----------+---------+---------+----------+-----------+-----------+------+----------+
        |           |  Latency (cycles) | Iteration|  Initiation Interval  | Trip |          |
        | Loop Name |   min   |   max   |  Latency |  achieved |   target  | Count| Pipelined|
        +-----------+---------+---------+----------+-----------+-----------+------+----------+
        |- PadMain  |       50|       50|        11|         10|          1|     5|       yes|
        +-----------+---------+---------+----------+-----------+-----------+------+----------+



================================================================
== Utilization Estimates
================================================================
* Summary: 
+-----------------+---------+------+--------+--------+-----+
|       Name      | BRAM_18K|  DSP |   FF   |   LUT  | URAM|
+-----------------+---------+------+--------+--------+-----+
|DSP              |        -|     -|       -|       -|    -|
|Expression       |        -|     -|       0|      46|    -|
|FIFO             |        -|     -|       -|       -|    -|
|Instance         |        -|     -|       -|       -|    -|
|Memory           |        -|     -|       -|       -|    -|
|Multiplexer      |        -|     -|       -|     145|    -|
|Register         |        -|     -|      49|       -|    -|
+-----------------+---------+------+--------+--------+-----+
|Total            |        0|     0|      49|     191|    0|
+-----------------+---------+------+--------+--------+-----+
|Available        |      288|  1248|  234240|  117120|   64|
+-----------------+---------+------+--------+--------+-----+
|Utilization (%)  |        0|     0|      ~0|      ~0|    0|
+-----------------+---------+------+--------+--------+-----+

+ Detail: 
    * Instance: 
    N/A

    * DSP: 
    N/A

    * Memory: 
    N/A

    * FIFO: 
    N/A

    * Expression: 
    +-----------------------------------+----------+----+---+----+------------+------------+
    |           Variable Name           | Operation| DSP| FF| LUT| Bitwidth P0| Bitwidth P1|
    +-----------------------------------+----------+----+---+----+------------+------------+
    |i_2_fu_73_p2                       |         +|   0|  0|  10|           3|           1|
    |ap_block_pp0_stage0_01001          |       and|   0|  0|   2|           1|           1|
    |ap_block_pp0_stage1_01001          |       and|   0|  0|   2|           1|           1|
    |ap_block_pp0_stage2_01001          |       and|   0|  0|   2|           1|           1|
    |ap_block_pp0_stage3_01001          |       and|   0|  0|   2|           1|           1|
    |ap_block_pp0_stage4_01001          |       and|   0|  0|   2|           1|           1|
    |ap_block_pp0_stage5_01001          |       and|   0|  0|   2|           1|           1|
    |ap_block_pp0_stage6_01001          |       and|   0|  0|   2|           1|           1|
    |ap_block_pp0_stage7_01001          |       and|   0|  0|   2|           1|           1|
    |ap_block_pp0_stage8_01001          |       and|   0|  0|   2|           1|           1|
    |ap_block_pp0_stage9_01001          |       and|   0|  0|   2|           1|           1|
    |ap_block_state10_pp0_stage9_iter0  |       and|   0|  0|   2|           1|           1|
    |icmp_ln59_fu_67_p2                 |      icmp|   0|  0|  10|           3|           3|
    |ap_block_state2_pp0_stage1_iter0   |        or|   0|  0|   2|           1|           1|
    |ap_enable_pp0                      |       xor|   0|  0|   2|           1|           2|
    +-----------------------------------+----------+----+---+----+------------+------------+
    |Total                              |          |   0|  0|  46|          19|          18|
    +-----------------------------------+----------+----+---+----+------------+------------+

    * Multiplexer: 
    +-----------------------------+----+-----------+-----+-----------+
    |             Name            | LUT| Input Size| Bits| Total Bits|
    +-----------------------------+----+-----------+-----+-----------+
    |ap_NS_fsm                    |  59|         11|    1|         11|
    |ap_done_int                  |   9|          2|    1|          2|
    |ap_enable_reg_pp0_iter0      |   9|          2|    1|          2|
    |ap_enable_reg_pp0_iter0_reg  |   9|          2|    1|          2|
    |ap_enable_reg_pp0_iter1      |   9|          2|    1|          2|
    |ap_sig_allocacmp_i_1         |   9|          2|    3|          6|
    |i_fu_36                      |   9|          2|    3|          6|
    |layer11_out_blk_n            |   9|          2|    1|          2|
    |layer26_out_blk_n            |   9|          2|    1|          2|
    |layer26_out_din              |  14|          3|   32|         96|
    +-----------------------------+----+-----------+-----+-----------+
    |Total                        | 145|         30|   45|        131|
    +-----------------------------+----+-----------+-----+-----------+

    * Register: 
    +-----------------------------+----+----+-----+-----------+
    |             Name            | FF | LUT| Bits| Const Bits|
    +-----------------------------+----+----+-----+-----------+
    |ap_CS_fsm                    |  10|   0|   10|          0|
    |ap_done_reg                  |   1|   0|    1|          0|
    |ap_enable_reg_pp0_iter0_reg  |   1|   0|    1|          0|
    |ap_enable_reg_pp0_iter1      |   1|   0|    1|          0|
    |i_fu_36                      |   3|   0|    3|          0|
    |icmp_ln59_reg_91             |   1|   0|    1|          0|
    |reg_54                       |  32|   0|   32|          0|
    +-----------------------------+----+----+-----+-----------+
    |Total                        |  49|   0|   49|          0|
    +-----------------------------+----+----+-----+-----------+



================================================================
== Interface
================================================================
* Summary: 
+----------------------------+-----+-----+------------+------------------------------------------------------------------------------+--------------+
|          RTL Ports         | Dir | Bits|  Protocol  |                                 Source Object                                |    C Type    |
+----------------------------+-----+-----+------------+------------------------------------------------------------------------------+--------------+
|ap_clk                      |   in|    1|  ap_ctrl_hs|  zeropad2d_cl<array,array<ap_ufixed<4,3,4,0,0>,8u>,config26>_Pipeline_PadMain|  return value|
|ap_rst                      |   in|    1|  ap_ctrl_hs|  zeropad2d_cl<array,array<ap_ufixed<4,3,4,0,0>,8u>,config26>_Pipeline_PadMain|  return value|
|ap_start                    |   in|    1|  ap_ctrl_hs|  zeropad2d_cl<array,array<ap_ufixed<4,3,4,0,0>,8u>,config26>_Pipeline_PadMain|  return value|
|ap_done                     |  out|    1|  ap_ctrl_hs|  zeropad2d_cl<array,array<ap_ufixed<4,3,4,0,0>,8u>,config26>_Pipeline_PadMain|  return value|
|ap_idle                     |  out|    1|  ap_ctrl_hs|  zeropad2d_cl<array,array<ap_ufixed<4,3,4,0,0>,8u>,config26>_Pipeline_PadMain|  return value|
|ap_ready                    |  out|    1|  ap_ctrl_hs|  zeropad2d_cl<array,array<ap_ufixed<4,3,4,0,0>,8u>,config26>_Pipeline_PadMain|  return value|
|layer26_out_din             |  out|   32|     ap_fifo|                                                                   layer26_out|       pointer|
|layer26_out_num_data_valid  |   in|    8|     ap_fifo|                                                                   layer26_out|       pointer|
|layer26_out_fifo_cap        |   in|    8|     ap_fifo|                                                                   layer26_out|       pointer|
|layer26_out_full_n          |   in|    1|     ap_fifo|                                                                   layer26_out|       pointer|
|layer26_out_write           |  out|    1|     ap_fifo|                                                                   layer26_out|       pointer|
|layer11_out_dout            |   in|   32|     ap_fifo|                                                                   layer11_out|       pointer|
|layer11_out_num_data_valid  |   in|    7|     ap_fifo|                                                                   layer11_out|       pointer|
|layer11_out_fifo_cap        |   in|    7|     ap_fifo|                                                                   layer11_out|       pointer|
|layer11_out_empty_n         |   in|    1|     ap_fifo|                                                                   layer11_out|       pointer|
|layer11_out_read            |  out|    1|     ap_fifo|                                                                   layer11_out|       pointer|
+----------------------------+-----+-----+------------+------------------------------------------------------------------------------+--------------+

