

================================================================
== Vitis HLS Report for 'dense_array_array_ap_fixed_21_14_5_3_0_16u_config18_Pipeline_DataPrepare'
================================================================
* Date:           Sun Mar 22 09:52:18 2026

* Version:        2023.2 (Build 4023990 on Oct 11 2023)
* Project:        myproject_prj
* Solution:       solution1 (Vivado IP Flow Target)
* Product family: zynquplus
* Target device:  xck26-sfvc784-2LV-c


================================================================
== Performance Estimates
================================================================
+ Timing: 
    * Summary: 
    +--------+---------+----------+------------+
    |  Clock |  Target | Estimated| Uncertainty|
    +--------+---------+----------+------------+
    |ap_clk  |  5.00 ns|  2.218 ns|     1.35 ns|
    +--------+---------+----------+------------+

+ Latency: 
    * Summary: 
    +---------+---------+-----------+-----------+-----+-----+---------+
    |  Latency (cycles) |   Latency (absolute)  |  Interval | Pipeline|
    |   min   |   max   |    min    |    max    | min | max |   Type  |
    +---------+---------+-----------+-----------+-----+-----+---------+
    |        4|        4|  20.000 ns|  20.000 ns|    4|    4|       no|
    +---------+---------+-----------+-----------+-----+-----+---------+

    + Detail: 
        * Instance: 
        N/A

        * Loop: 
        +---------------+---------+---------+----------+-----------+-----------+------+----------+
        |               |  Latency (cycles) | Iteration|  Initiation Interval  | Trip |          |
        |   Loop Name   |   min   |   max   |  Latency |  achieved |   target  | Count| Pipelined|
        +---------------+---------+---------+----------+-----------+-----------+------+----------+
        |- DataPrepare  |        2|        2|         2|          1|          1|     2|       yes|
        +---------------+---------+---------+----------+-----------+-----------+------+----------+

============================================================
+ Verbose Summary: Synthesis Manager
============================================================
InlineROM: 1
ExposeGlobal: 0
============================================================
+ Verbose Summary: CDFG Model
============================================================
IsTopModel: 0
ResetActiveHigh: 1
IsCombinational: 0
IsDatapathOnly: 0
HasWiredReturn: 1
HasMFsm: 2
HasVarLatency: 1
IsPipeline: 0
IsRtlPipelined: 0
IsInstanceOverlapped: 0
IsDontTouch: 0
HasImplIP: 0
IsGatedGlobalClock: 0

+ Individual pipeline summary: 
  * Pipeline-0: initiation interval (II) = 1, depth = 2


============================================================
+ Verbose Summary: Schedule
============================================================
* Number of FSM states : 2
* Pipeline : 1
  Pipeline-0 : II = 1, D = 2, States = { 1 2 }
* Dataflow Pipeline: 0

* FSM state transitions: 
1 --> 2 
2 --> 

* FSM state operations: 

State 1 <SV = 0> <Delay = 1.40>
ST_1 : Operation 5 [1/1] (0.00ns)   --->   "%i_in = alloca i32 1" [firmware/nnet_utils/nnet_dense_stream.h:33->firmware/nnet_utils/nnet_dense_stream.h:93]   --->   Operation 5 'alloca' 'i_in' <Predicate = true> <Delay = 0.00>
ST_1 : Operation 6 [1/1] (0.00ns)   --->   "%p_0_0_0_0_01 = alloca i32 1"   --->   Operation 6 'alloca' 'p_0_0_0_0_01' <Predicate = true> <Delay = 0.00>
ST_1 : Operation 7 [1/1] (0.00ns)   --->   "%p_0_1_0_0_03 = alloca i32 1"   --->   Operation 7 'alloca' 'p_0_1_0_0_03' <Predicate = true> <Delay = 0.00>
ST_1 : Operation 8 [1/1] (0.00ns)   --->   "%p_0_2_0_0_05 = alloca i32 1"   --->   Operation 8 'alloca' 'p_0_2_0_0_05' <Predicate = true> <Delay = 0.00>
ST_1 : Operation 9 [1/1] (0.00ns)   --->   "%p_0_3_0_0_07 = alloca i32 1"   --->   Operation 9 'alloca' 'p_0_3_0_0_07' <Predicate = true> <Delay = 0.00>
ST_1 : Operation 10 [1/1] (0.00ns)   --->   "%p_0_4_0_0_09 = alloca i32 1"   --->   Operation 10 'alloca' 'p_0_4_0_0_09' <Predicate = true> <Delay = 0.00>
ST_1 : Operation 11 [1/1] (0.00ns)   --->   "%p_0_5_0_0_011 = alloca i32 1"   --->   Operation 11 'alloca' 'p_0_5_0_0_011' <Predicate = true> <Delay = 0.00>
ST_1 : Operation 12 [1/1] (0.00ns)   --->   "%p_0_6_0_0_013 = alloca i32 1"   --->   Operation 12 'alloca' 'p_0_6_0_0_013' <Predicate = true> <Delay = 0.00>
ST_1 : Operation 13 [1/1] (0.00ns)   --->   "%p_0_7_0_0_015 = alloca i32 1"   --->   Operation 13 'alloca' 'p_0_7_0_0_015' <Predicate = true> <Delay = 0.00>
ST_1 : Operation 14 [1/1] (0.00ns)   --->   "%p_0_0_0_0_017 = alloca i32 1"   --->   Operation 14 'alloca' 'p_0_0_0_0_017' <Predicate = true> <Delay = 0.00>
ST_1 : Operation 15 [1/1] (0.00ns)   --->   "%p_0_1_0_0_019 = alloca i32 1"   --->   Operation 15 'alloca' 'p_0_1_0_0_019' <Predicate = true> <Delay = 0.00>
ST_1 : Operation 16 [1/1] (0.00ns)   --->   "%p_0_2_0_0_021 = alloca i32 1"   --->   Operation 16 'alloca' 'p_0_2_0_0_021' <Predicate = true> <Delay = 0.00>
ST_1 : Operation 17 [1/1] (0.00ns)   --->   "%p_0_3_0_0_023 = alloca i32 1"   --->   Operation 17 'alloca' 'p_0_3_0_0_023' <Predicate = true> <Delay = 0.00>
ST_1 : Operation 18 [1/1] (0.00ns)   --->   "%p_0_4_0_0_025 = alloca i32 1"   --->   Operation 18 'alloca' 'p_0_4_0_0_025' <Predicate = true> <Delay = 0.00>
ST_1 : Operation 19 [1/1] (0.00ns)   --->   "%p_0_5_0_0_027 = alloca i32 1"   --->   Operation 19 'alloca' 'p_0_5_0_0_027' <Predicate = true> <Delay = 0.00>
ST_1 : Operation 20 [1/1] (0.00ns)   --->   "%p_0_6_0_0_029 = alloca i32 1"   --->   Operation 20 'alloca' 'p_0_6_0_0_029' <Predicate = true> <Delay = 0.00>
ST_1 : Operation 21 [1/1] (0.00ns)   --->   "%p_0_7_0_0_031 = alloca i32 1"   --->   Operation 21 'alloca' 'p_0_7_0_0_031' <Predicate = true> <Delay = 0.00>
ST_1 : Operation 22 [1/1] (0.00ns)   --->   "%specinterface_ln0 = specinterface void @_ssdm_op_SpecInterface, i64 %layer16_out, void @empty_11, i32 0, i32 0, void @empty_1, i32 0, i32 0, void @empty_1, void @empty_1, void @empty_1, i32 0, i32 0, i32 0, i32 0, void @empty_1, void @empty_1, i32 4294967295, i32 0"   --->   Operation 22 'specinterface' 'specinterface_ln0' <Predicate = true> <Delay = 0.00>
ST_1 : Operation 23 [1/1] (0.42ns)   --->   "%store_ln33 = store i2 0, i2 %i_in" [firmware/nnet_utils/nnet_dense_stream.h:33->firmware/nnet_utils/nnet_dense_stream.h:93]   --->   Operation 23 'store' 'store_ln33' <Predicate = true> <Delay = 0.42>
ST_1 : Operation 24 [1/1] (0.00ns)   --->   "%br_ln0 = br void %for.body.i"   --->   Operation 24 'br' 'br_ln0' <Predicate = true> <Delay = 0.00>
ST_1 : Operation 25 [1/1] (0.00ns)   --->   "%i_in_1 = load i2 %i_in" [firmware/nnet_utils/nnet_dense_stream.h:33->firmware/nnet_utils/nnet_dense_stream.h:93]   --->   Operation 25 'load' 'i_in_1' <Predicate = true> <Delay = 0.00>
ST_1 : Operation 26 [1/1] (0.54ns)   --->   "%icmp_ln33 = icmp_eq  i2 %i_in_1, i2 2" [firmware/nnet_utils/nnet_dense_stream.h:33->firmware/nnet_utils/nnet_dense_stream.h:93]   --->   Operation 26 'icmp' 'icmp_ln33' <Predicate = true> <Delay = 0.54> <CoreInst = "Cmp">   --->   Core 9 'Cmp' <Latency = 0> <II = 1> <Delay = 0.54> <FuncUnit> <Opcode : 'icmp'> <InPorts = 2> <OutPorts = 1>
ST_1 : Operation 27 [1/1] (0.54ns)   --->   "%i_in_2 = add i2 %i_in_1, i2 1" [firmware/nnet_utils/nnet_dense_stream.h:33->firmware/nnet_utils/nnet_dense_stream.h:93]   --->   Operation 27 'add' 'i_in_2' <Predicate = true> <Delay = 0.54> <CoreInst = "Adder">   --->   Core 1 'Adder' <Latency = 0> <II = 1> <Delay = 0.54> <FuncUnit> <Opcode : 'add' 'sub'> <InPorts = 2> <OutPorts = 1>
ST_1 : Operation 28 [1/1] (0.00ns)   --->   "%br_ln33 = br i1 %icmp_ln33, void %for.body.i.split, void %_ZN4nnet12data_prepareINS_5arrayI9ap_ufixedILi8ELi4EL9ap_q_mode4EL9ap_o_mode0ELi0EELj8EEE8config18EEvRN3hls6streamIT_Li0EEEPNSA_10value_typeE.11.exit.exitStub" [firmware/nnet_utils/nnet_dense_stream.h:33->firmware/nnet_utils/nnet_dense_stream.h:93]   --->   Operation 28 'br' 'br_ln33' <Predicate = true> <Delay = 0.00>
ST_1 : Operation 29 [1/1] (0.00ns)   --->   "%trunc_ln33 = trunc i2 %i_in_1" [firmware/nnet_utils/nnet_dense_stream.h:33->firmware/nnet_utils/nnet_dense_stream.h:93]   --->   Operation 29 'trunc' 'trunc_ln33' <Predicate = (!icmp_ln33)> <Delay = 0.00>
ST_1 : Operation 30 [1/1] (0.42ns)   --->   "%store_ln33 = store i2 %i_in_2, i2 %i_in" [firmware/nnet_utils/nnet_dense_stream.h:33->firmware/nnet_utils/nnet_dense_stream.h:93]   --->   Operation 30 'store' 'store_ln33' <Predicate = (!icmp_ln33)> <Delay = 0.42>
ST_1 : Operation 92 [1/1] (0.00ns)   --->   "%p_0_0_0_0_01_load = load i8 %p_0_0_0_0_01"   --->   Operation 92 'load' 'p_0_0_0_0_01_load' <Predicate = (icmp_ln33)> <Delay = 0.00>
ST_1 : Operation 93 [1/1] (0.00ns)   --->   "%p_0_1_0_0_03_load = load i8 %p_0_1_0_0_03"   --->   Operation 93 'load' 'p_0_1_0_0_03_load' <Predicate = (icmp_ln33)> <Delay = 0.00>
ST_1 : Operation 94 [1/1] (0.00ns)   --->   "%p_0_2_0_0_05_load = load i8 %p_0_2_0_0_05"   --->   Operation 94 'load' 'p_0_2_0_0_05_load' <Predicate = (icmp_ln33)> <Delay = 0.00>
ST_1 : Operation 95 [1/1] (0.00ns)   --->   "%p_0_3_0_0_07_load = load i8 %p_0_3_0_0_07"   --->   Operation 95 'load' 'p_0_3_0_0_07_load' <Predicate = (icmp_ln33)> <Delay = 0.00>
ST_1 : Operation 96 [1/1] (0.00ns)   --->   "%p_0_4_0_0_09_load = load i8 %p_0_4_0_0_09"   --->   Operation 96 'load' 'p_0_4_0_0_09_load' <Predicate = (icmp_ln33)> <Delay = 0.00>
ST_1 : Operation 97 [1/1] (0.00ns)   --->   "%p_0_5_0_0_011_load = load i8 %p_0_5_0_0_011"   --->   Operation 97 'load' 'p_0_5_0_0_011_load' <Predicate = (icmp_ln33)> <Delay = 0.00>
ST_1 : Operation 98 [1/1] (0.00ns)   --->   "%p_0_6_0_0_013_load = load i8 %p_0_6_0_0_013"   --->   Operation 98 'load' 'p_0_6_0_0_013_load' <Predicate = (icmp_ln33)> <Delay = 0.00>
ST_1 : Operation 99 [1/1] (0.00ns)   --->   "%p_0_7_0_0_015_load = load i8 %p_0_7_0_0_015"   --->   Operation 99 'load' 'p_0_7_0_0_015_load' <Predicate = (icmp_ln33)> <Delay = 0.00>
ST_1 : Operation 100 [1/1] (0.00ns)   --->   "%p_0_0_0_0_017_load = load i8 %p_0_0_0_0_017"   --->   Operation 100 'load' 'p_0_0_0_0_017_load' <Predicate = (icmp_ln33)> <Delay = 0.00>
ST_1 : Operation 101 [1/1] (0.00ns)   --->   "%p_0_1_0_0_019_load = load i8 %p_0_1_0_0_019"   --->   Operation 101 'load' 'p_0_1_0_0_019_load' <Predicate = (icmp_ln33)> <Delay = 0.00>
ST_1 : Operation 102 [1/1] (0.00ns)   --->   "%p_0_2_0_0_021_load = load i8 %p_0_2_0_0_021"   --->   Operation 102 'load' 'p_0_2_0_0_021_load' <Predicate = (icmp_ln33)> <Delay = 0.00>
ST_1 : Operation 103 [1/1] (0.00ns)   --->   "%p_0_3_0_0_023_load = load i8 %p_0_3_0_0_023"   --->   Operation 103 'load' 'p_0_3_0_0_023_load' <Predicate = (icmp_ln33)> <Delay = 0.00>
ST_1 : Operation 104 [1/1] (0.00ns)   --->   "%p_0_4_0_0_025_load = load i8 %p_0_4_0_0_025"   --->   Operation 104 'load' 'p_0_4_0_0_025_load' <Predicate = (icmp_ln33)> <Delay = 0.00>
ST_1 : Operation 105 [1/1] (0.00ns)   --->   "%p_0_5_0_0_027_load = load i8 %p_0_5_0_0_027"   --->   Operation 105 'load' 'p_0_5_0_0_027_load' <Predicate = (icmp_ln33)> <Delay = 0.00>
ST_1 : Operation 106 [1/1] (0.00ns)   --->   "%p_0_6_0_0_029_load = load i8 %p_0_6_0_0_029"   --->   Operation 106 'load' 'p_0_6_0_0_029_load' <Predicate = (icmp_ln33)> <Delay = 0.00>
ST_1 : Operation 107 [1/1] (0.00ns)   --->   "%p_0_7_0_0_031_load = load i8 %p_0_7_0_0_031"   --->   Operation 107 'load' 'p_0_7_0_0_031_load' <Predicate = (icmp_ln33)> <Delay = 0.00>
ST_1 : Operation 108 [1/1] (0.00ns)   --->   "%write_ln0 = write void @_ssdm_op_Write.ap_auto.i8P0A, i8 %p_0_7_0_0_031_out, i8 %p_0_7_0_0_031_load"   --->   Operation 108 'write' 'write_ln0' <Predicate = (icmp_ln33)> <Delay = 0.00>
ST_1 : Operation 109 [1/1] (0.00ns)   --->   "%write_ln0 = write void @_ssdm_op_Write.ap_auto.i8P0A, i8 %p_0_6_0_0_029_out, i8 %p_0_6_0_0_029_load"   --->   Operation 109 'write' 'write_ln0' <Predicate = (icmp_ln33)> <Delay = 0.00>
ST_1 : Operation 110 [1/1] (0.00ns)   --->   "%write_ln0 = write void @_ssdm_op_Write.ap_auto.i8P0A, i8 %p_0_5_0_0_027_out, i8 %p_0_5_0_0_027_load"   --->   Operation 110 'write' 'write_ln0' <Predicate = (icmp_ln33)> <Delay = 0.00>
ST_1 : Operation 111 [1/1] (0.00ns)   --->   "%write_ln0 = write void @_ssdm_op_Write.ap_auto.i8P0A, i8 %p_0_4_0_0_025_out, i8 %p_0_4_0_0_025_load"   --->   Operation 111 'write' 'write_ln0' <Predicate = (icmp_ln33)> <Delay = 0.00>
ST_1 : Operation 112 [1/1] (0.00ns)   --->   "%write_ln0 = write void @_ssdm_op_Write.ap_auto.i8P0A, i8 %p_0_3_0_0_023_out, i8 %p_0_3_0_0_023_load"   --->   Operation 112 'write' 'write_ln0' <Predicate = (icmp_ln33)> <Delay = 0.00>
ST_1 : Operation 113 [1/1] (0.00ns)   --->   "%write_ln0 = write void @_ssdm_op_Write.ap_auto.i8P0A, i8 %p_0_2_0_0_021_out, i8 %p_0_2_0_0_021_load"   --->   Operation 113 'write' 'write_ln0' <Predicate = (icmp_ln33)> <Delay = 0.00>
ST_1 : Operation 114 [1/1] (0.00ns)   --->   "%write_ln0 = write void @_ssdm_op_Write.ap_auto.i8P0A, i8 %p_0_1_0_0_019_out, i8 %p_0_1_0_0_019_load"   --->   Operation 114 'write' 'write_ln0' <Predicate = (icmp_ln33)> <Delay = 0.00>
ST_1 : Operation 115 [1/1] (0.00ns)   --->   "%write_ln0 = write void @_ssdm_op_Write.ap_auto.i8P0A, i8 %p_0_0_0_0_017_out, i8 %p_0_0_0_0_017_load"   --->   Operation 115 'write' 'write_ln0' <Predicate = (icmp_ln33)> <Delay = 0.00>
ST_1 : Operation 116 [1/1] (0.00ns)   --->   "%write_ln0 = write void @_ssdm_op_Write.ap_auto.i8P0A, i8 %p_0_7_0_0_015_out, i8 %p_0_7_0_0_015_load"   --->   Operation 116 'write' 'write_ln0' <Predicate = (icmp_ln33)> <Delay = 0.00>
ST_1 : Operation 117 [1/1] (0.00ns)   --->   "%write_ln0 = write void @_ssdm_op_Write.ap_auto.i8P0A, i8 %p_0_6_0_0_013_out, i8 %p_0_6_0_0_013_load"   --->   Operation 117 'write' 'write_ln0' <Predicate = (icmp_ln33)> <Delay = 0.00>
ST_1 : Operation 118 [1/1] (0.00ns)   --->   "%write_ln0 = write void @_ssdm_op_Write.ap_auto.i8P0A, i8 %p_0_5_0_0_011_out, i8 %p_0_5_0_0_011_load"   --->   Operation 118 'write' 'write_ln0' <Predicate = (icmp_ln33)> <Delay = 0.00>
ST_1 : Operation 119 [1/1] (0.00ns)   --->   "%write_ln0 = write void @_ssdm_op_Write.ap_auto.i8P0A, i8 %p_0_4_0_0_09_out, i8 %p_0_4_0_0_09_load"   --->   Operation 119 'write' 'write_ln0' <Predicate = (icmp_ln33)> <Delay = 0.00>
ST_1 : Operation 120 [1/1] (0.00ns)   --->   "%write_ln0 = write void @_ssdm_op_Write.ap_auto.i8P0A, i8 %p_0_3_0_0_07_out, i8 %p_0_3_0_0_07_load"   --->   Operation 120 'write' 'write_ln0' <Predicate = (icmp_ln33)> <Delay = 0.00>
ST_1 : Operation 121 [1/1] (0.00ns)   --->   "%write_ln0 = write void @_ssdm_op_Write.ap_auto.i8P0A, i8 %p_0_2_0_0_05_out, i8 %p_0_2_0_0_05_load"   --->   Operation 121 'write' 'write_ln0' <Predicate = (icmp_ln33)> <Delay = 0.00>
ST_1 : Operation 122 [1/1] (0.00ns)   --->   "%write_ln0 = write void @_ssdm_op_Write.ap_auto.i8P0A, i8 %p_0_1_0_0_03_out, i8 %p_0_1_0_0_03_load"   --->   Operation 122 'write' 'write_ln0' <Predicate = (icmp_ln33)> <Delay = 0.00>
ST_1 : Operation 123 [1/1] (0.00ns)   --->   "%write_ln0 = write void @_ssdm_op_Write.ap_auto.i8P0A, i8 %p_0_0_0_0_01_out, i8 %p_0_0_0_0_01_load"   --->   Operation 123 'write' 'write_ln0' <Predicate = (icmp_ln33)> <Delay = 0.00>
ST_1 : Operation 124 [1/1] (0.00ns)   --->   "%ret_ln0 = ret"   --->   Operation 124 'ret' 'ret_ln0' <Predicate = (icmp_ln33)> <Delay = 0.00>

State 2 <SV = 1> <Delay = 2.21>
ST_2 : Operation 31 [1/1] (0.00ns)   --->   "%p_0_0_0_0_01_load_1 = load i8 %p_0_0_0_0_01" [firmware/nnet_utils/nnet_dense_stream.h:39->firmware/nnet_utils/nnet_dense_stream.h:93]   --->   Operation 31 'load' 'p_0_0_0_0_01_load_1' <Predicate = (!trunc_ln33)> <Delay = 0.00>
ST_2 : Operation 32 [1/1] (0.00ns)   --->   "%p_0_1_0_0_03_load_1 = load i8 %p_0_1_0_0_03" [firmware/nnet_utils/nnet_dense_stream.h:39->firmware/nnet_utils/nnet_dense_stream.h:93]   --->   Operation 32 'load' 'p_0_1_0_0_03_load_1' <Predicate = (!trunc_ln33)> <Delay = 0.00>
ST_2 : Operation 33 [1/1] (0.00ns)   --->   "%p_0_2_0_0_05_load_1 = load i8 %p_0_2_0_0_05" [firmware/nnet_utils/nnet_dense_stream.h:39->firmware/nnet_utils/nnet_dense_stream.h:93]   --->   Operation 33 'load' 'p_0_2_0_0_05_load_1' <Predicate = (!trunc_ln33)> <Delay = 0.00>
ST_2 : Operation 34 [1/1] (0.00ns)   --->   "%p_0_3_0_0_07_load_1 = load i8 %p_0_3_0_0_07" [firmware/nnet_utils/nnet_dense_stream.h:39->firmware/nnet_utils/nnet_dense_stream.h:93]   --->   Operation 34 'load' 'p_0_3_0_0_07_load_1' <Predicate = (!trunc_ln33)> <Delay = 0.00>
ST_2 : Operation 35 [1/1] (0.00ns)   --->   "%p_0_4_0_0_09_load_1 = load i8 %p_0_4_0_0_09" [firmware/nnet_utils/nnet_dense_stream.h:39->firmware/nnet_utils/nnet_dense_stream.h:93]   --->   Operation 35 'load' 'p_0_4_0_0_09_load_1' <Predicate = (!trunc_ln33)> <Delay = 0.00>
ST_2 : Operation 36 [1/1] (0.00ns)   --->   "%p_0_5_0_0_011_load_1 = load i8 %p_0_5_0_0_011" [firmware/nnet_utils/nnet_dense_stream.h:39->firmware/nnet_utils/nnet_dense_stream.h:93]   --->   Operation 36 'load' 'p_0_5_0_0_011_load_1' <Predicate = (!trunc_ln33)> <Delay = 0.00>
ST_2 : Operation 37 [1/1] (0.00ns)   --->   "%p_0_6_0_0_013_load_1 = load i8 %p_0_6_0_0_013" [firmware/nnet_utils/nnet_dense_stream.h:39->firmware/nnet_utils/nnet_dense_stream.h:93]   --->   Operation 37 'load' 'p_0_6_0_0_013_load_1' <Predicate = (!trunc_ln33)> <Delay = 0.00>
ST_2 : Operation 38 [1/1] (0.00ns)   --->   "%p_0_7_0_0_015_load_1 = load i8 %p_0_7_0_0_015" [firmware/nnet_utils/nnet_dense_stream.h:39->firmware/nnet_utils/nnet_dense_stream.h:93]   --->   Operation 38 'load' 'p_0_7_0_0_015_load_1' <Predicate = (!trunc_ln33)> <Delay = 0.00>
ST_2 : Operation 39 [1/1] (0.00ns)   --->   "%p_0_0_0_0_017_load_1 = load i8 %p_0_0_0_0_017" [firmware/nnet_utils/nnet_dense_stream.h:39->firmware/nnet_utils/nnet_dense_stream.h:93]   --->   Operation 39 'load' 'p_0_0_0_0_017_load_1' <Predicate = (trunc_ln33)> <Delay = 0.00>
ST_2 : Operation 40 [1/1] (0.00ns)   --->   "%p_0_1_0_0_019_load_1 = load i8 %p_0_1_0_0_019" [firmware/nnet_utils/nnet_dense_stream.h:39->firmware/nnet_utils/nnet_dense_stream.h:93]   --->   Operation 40 'load' 'p_0_1_0_0_019_load_1' <Predicate = (trunc_ln33)> <Delay = 0.00>
ST_2 : Operation 41 [1/1] (0.00ns)   --->   "%p_0_2_0_0_021_load_1 = load i8 %p_0_2_0_0_021" [firmware/nnet_utils/nnet_dense_stream.h:39->firmware/nnet_utils/nnet_dense_stream.h:93]   --->   Operation 41 'load' 'p_0_2_0_0_021_load_1' <Predicate = (trunc_ln33)> <Delay = 0.00>
ST_2 : Operation 42 [1/1] (0.00ns)   --->   "%p_0_3_0_0_023_load_1 = load i8 %p_0_3_0_0_023" [firmware/nnet_utils/nnet_dense_stream.h:39->firmware/nnet_utils/nnet_dense_stream.h:93]   --->   Operation 42 'load' 'p_0_3_0_0_023_load_1' <Predicate = (trunc_ln33)> <Delay = 0.00>
ST_2 : Operation 43 [1/1] (0.00ns)   --->   "%p_0_4_0_0_025_load_1 = load i8 %p_0_4_0_0_025" [firmware/nnet_utils/nnet_dense_stream.h:39->firmware/nnet_utils/nnet_dense_stream.h:93]   --->   Operation 43 'load' 'p_0_4_0_0_025_load_1' <Predicate = (trunc_ln33)> <Delay = 0.00>
ST_2 : Operation 44 [1/1] (0.00ns)   --->   "%p_0_5_0_0_027_load_1 = load i8 %p_0_5_0_0_027" [firmware/nnet_utils/nnet_dense_stream.h:39->firmware/nnet_utils/nnet_dense_stream.h:93]   --->   Operation 44 'load' 'p_0_5_0_0_027_load_1' <Predicate = (trunc_ln33)> <Delay = 0.00>
ST_2 : Operation 45 [1/1] (0.00ns)   --->   "%p_0_6_0_0_029_load_1 = load i8 %p_0_6_0_0_029" [firmware/nnet_utils/nnet_dense_stream.h:39->firmware/nnet_utils/nnet_dense_stream.h:93]   --->   Operation 45 'load' 'p_0_6_0_0_029_load_1' <Predicate = (trunc_ln33)> <Delay = 0.00>
ST_2 : Operation 46 [1/1] (0.00ns)   --->   "%p_0_7_0_0_031_load_1 = load i8 %p_0_7_0_0_031" [firmware/nnet_utils/nnet_dense_stream.h:39->firmware/nnet_utils/nnet_dense_stream.h:93]   --->   Operation 46 'load' 'p_0_7_0_0_031_load_1' <Predicate = (trunc_ln33)> <Delay = 0.00>
ST_2 : Operation 47 [1/1] (0.00ns)   --->   "%specpipeline_ln34 = specpipeline void @_ssdm_op_SpecPipeline, i32 4294967295, i32 0, i32 0, i32 0, void @empty_1" [firmware/nnet_utils/nnet_dense_stream.h:34->firmware/nnet_utils/nnet_dense_stream.h:93]   --->   Operation 47 'specpipeline' 'specpipeline_ln34' <Predicate = true> <Delay = 0.00>
ST_2 : Operation 48 [1/1] (0.00ns)   --->   "%speclooptripcount_ln33 = speclooptripcount void @_ssdm_op_SpecLoopTripCount, i64 2, i64 2, i64 2" [firmware/nnet_utils/nnet_dense_stream.h:33->firmware/nnet_utils/nnet_dense_stream.h:93]   --->   Operation 48 'speclooptripcount' 'speclooptripcount_ln33' <Predicate = true> <Delay = 0.00>
ST_2 : Operation 49 [1/1] (0.00ns)   --->   "%specloopname_ln33 = specloopname void @_ssdm_op_SpecLoopName, void @empty_20" [firmware/nnet_utils/nnet_dense_stream.h:33->firmware/nnet_utils/nnet_dense_stream.h:93]   --->   Operation 49 'specloopname' 'specloopname_ln33' <Predicate = true> <Delay = 0.00>
ST_2 : Operation 50 [1/1] (1.82ns)   --->   "%layer16_out_read = read i64 @_ssdm_op_Read.ap_fifo.volatile.i64P0A, i64 %layer16_out" [firmware/nnet_utils/nnet_dense_stream.h:35->firmware/nnet_utils/nnet_dense_stream.h:93]   --->   Operation 50 'read' 'layer16_out_read' <Predicate = true> <Delay = 1.82> <CoreInst = "FIFO_SRL">   --->   Core 81 'FIFO_SRL' <Latency = 0> <II = 1> <Delay = 1.83> <Storage> <Opcode : 'read' 'write' 'nbread' 'nbwrite'> <Ports = 0> <Width = 64> <Depth = 2> <FIFO>
ST_2 : Operation 51 [1/1] (0.00ns)   --->   "%data_pack = trunc i64 %layer16_out_read" [firmware/nnet_utils/nnet_dense_stream.h:35->firmware/nnet_utils/nnet_dense_stream.h:93]   --->   Operation 51 'trunc' 'data_pack' <Predicate = true> <Delay = 0.00>
ST_2 : Operation 52 [1/1] (0.00ns)   --->   "%data_pack_1 = partselect i8 @_ssdm_op_PartSelect.i8.i64.i32.i32, i64 %layer16_out_read, i32 8, i32 15" [firmware/nnet_utils/nnet_dense_stream.h:35->firmware/nnet_utils/nnet_dense_stream.h:93]   --->   Operation 52 'partselect' 'data_pack_1' <Predicate = true> <Delay = 0.00>
ST_2 : Operation 53 [1/1] (0.00ns)   --->   "%data_pack_2 = partselect i8 @_ssdm_op_PartSelect.i8.i64.i32.i32, i64 %layer16_out_read, i32 16, i32 23" [firmware/nnet_utils/nnet_dense_stream.h:35->firmware/nnet_utils/nnet_dense_stream.h:93]   --->   Operation 53 'partselect' 'data_pack_2' <Predicate = true> <Delay = 0.00>
ST_2 : Operation 54 [1/1] (0.00ns)   --->   "%data_pack_3 = partselect i8 @_ssdm_op_PartSelect.i8.i64.i32.i32, i64 %layer16_out_read, i32 24, i32 31" [firmware/nnet_utils/nnet_dense_stream.h:35->firmware/nnet_utils/nnet_dense_stream.h:93]   --->   Operation 54 'partselect' 'data_pack_3' <Predicate = true> <Delay = 0.00>
ST_2 : Operation 55 [1/1] (0.00ns)   --->   "%data_pack_4 = partselect i8 @_ssdm_op_PartSelect.i8.i64.i32.i32, i64 %layer16_out_read, i32 32, i32 39" [firmware/nnet_utils/nnet_dense_stream.h:35->firmware/nnet_utils/nnet_dense_stream.h:93]   --->   Operation 55 'partselect' 'data_pack_4' <Predicate = true> <Delay = 0.00>
ST_2 : Operation 56 [1/1] (0.00ns)   --->   "%data_pack_5 = partselect i8 @_ssdm_op_PartSelect.i8.i64.i32.i32, i64 %layer16_out_read, i32 40, i32 47" [firmware/nnet_utils/nnet_dense_stream.h:35->firmware/nnet_utils/nnet_dense_stream.h:93]   --->   Operation 56 'partselect' 'data_pack_5' <Predicate = true> <Delay = 0.00>
ST_2 : Operation 57 [1/1] (0.00ns)   --->   "%data_pack_6 = partselect i8 @_ssdm_op_PartSelect.i8.i64.i32.i32, i64 %layer16_out_read, i32 48, i32 55" [firmware/nnet_utils/nnet_dense_stream.h:35->firmware/nnet_utils/nnet_dense_stream.h:93]   --->   Operation 57 'partselect' 'data_pack_6' <Predicate = true> <Delay = 0.00>
ST_2 : Operation 58 [1/1] (0.00ns)   --->   "%data_pack_7 = partselect i8 @_ssdm_op_PartSelect.i8.i64.i32.i32, i64 %layer16_out_read, i32 56, i32 63" [firmware/nnet_utils/nnet_dense_stream.h:35->firmware/nnet_utils/nnet_dense_stream.h:93]   --->   Operation 58 'partselect' 'data_pack_7' <Predicate = true> <Delay = 0.00>
ST_2 : Operation 59 [1/1] (0.39ns)   --->   "%select_ln39 = select i1 %trunc_ln33, i8 %p_0_7_0_0_031_load_1, i8 %data_pack_7" [firmware/nnet_utils/nnet_dense_stream.h:39->firmware/nnet_utils/nnet_dense_stream.h:93]   --->   Operation 59 'select' 'select_ln39' <Predicate = true> <Delay = 0.39> <CoreInst = "Sel">   --->   Core 73 'Sel' <Latency = 0> <II = 1> <Delay = 0.39> <FuncUnit> <Opcode : 'select'> <InPorts = 3> <OutPorts = 1>
ST_2 : Operation 60 [1/1] (0.39ns)   --->   "%select_ln39_1 = select i1 %trunc_ln33, i8 %p_0_6_0_0_029_load_1, i8 %data_pack_6" [firmware/nnet_utils/nnet_dense_stream.h:39->firmware/nnet_utils/nnet_dense_stream.h:93]   --->   Operation 60 'select' 'select_ln39_1' <Predicate = true> <Delay = 0.39> <CoreInst = "Sel">   --->   Core 73 'Sel' <Latency = 0> <II = 1> <Delay = 0.39> <FuncUnit> <Opcode : 'select'> <InPorts = 3> <OutPorts = 1>
ST_2 : Operation 61 [1/1] (0.39ns)   --->   "%select_ln39_2 = select i1 %trunc_ln33, i8 %p_0_5_0_0_027_load_1, i8 %data_pack_5" [firmware/nnet_utils/nnet_dense_stream.h:39->firmware/nnet_utils/nnet_dense_stream.h:93]   --->   Operation 61 'select' 'select_ln39_2' <Predicate = true> <Delay = 0.39> <CoreInst = "Sel">   --->   Core 73 'Sel' <Latency = 0> <II = 1> <Delay = 0.39> <FuncUnit> <Opcode : 'select'> <InPorts = 3> <OutPorts = 1>
ST_2 : Operation 62 [1/1] (0.39ns)   --->   "%select_ln39_3 = select i1 %trunc_ln33, i8 %p_0_4_0_0_025_load_1, i8 %data_pack_4" [firmware/nnet_utils/nnet_dense_stream.h:39->firmware/nnet_utils/nnet_dense_stream.h:93]   --->   Operation 62 'select' 'select_ln39_3' <Predicate = true> <Delay = 0.39> <CoreInst = "Sel">   --->   Core 73 'Sel' <Latency = 0> <II = 1> <Delay = 0.39> <FuncUnit> <Opcode : 'select'> <InPorts = 3> <OutPorts = 1>
ST_2 : Operation 63 [1/1] (0.39ns)   --->   "%select_ln39_4 = select i1 %trunc_ln33, i8 %p_0_3_0_0_023_load_1, i8 %data_pack_3" [firmware/nnet_utils/nnet_dense_stream.h:39->firmware/nnet_utils/nnet_dense_stream.h:93]   --->   Operation 63 'select' 'select_ln39_4' <Predicate = true> <Delay = 0.39> <CoreInst = "Sel">   --->   Core 73 'Sel' <Latency = 0> <II = 1> <Delay = 0.39> <FuncUnit> <Opcode : 'select'> <InPorts = 3> <OutPorts = 1>
ST_2 : Operation 64 [1/1] (0.39ns)   --->   "%select_ln39_5 = select i1 %trunc_ln33, i8 %p_0_2_0_0_021_load_1, i8 %data_pack_2" [firmware/nnet_utils/nnet_dense_stream.h:39->firmware/nnet_utils/nnet_dense_stream.h:93]   --->   Operation 64 'select' 'select_ln39_5' <Predicate = true> <Delay = 0.39> <CoreInst = "Sel">   --->   Core 73 'Sel' <Latency = 0> <II = 1> <Delay = 0.39> <FuncUnit> <Opcode : 'select'> <InPorts = 3> <OutPorts = 1>
ST_2 : Operation 65 [1/1] (0.39ns)   --->   "%select_ln39_6 = select i1 %trunc_ln33, i8 %p_0_1_0_0_019_load_1, i8 %data_pack_1" [firmware/nnet_utils/nnet_dense_stream.h:39->firmware/nnet_utils/nnet_dense_stream.h:93]   --->   Operation 65 'select' 'select_ln39_6' <Predicate = true> <Delay = 0.39> <CoreInst = "Sel">   --->   Core 73 'Sel' <Latency = 0> <II = 1> <Delay = 0.39> <FuncUnit> <Opcode : 'select'> <InPorts = 3> <OutPorts = 1>
ST_2 : Operation 66 [1/1] (0.39ns)   --->   "%select_ln39_7 = select i1 %trunc_ln33, i8 %p_0_0_0_0_017_load_1, i8 %data_pack" [firmware/nnet_utils/nnet_dense_stream.h:39->firmware/nnet_utils/nnet_dense_stream.h:93]   --->   Operation 66 'select' 'select_ln39_7' <Predicate = true> <Delay = 0.39> <CoreInst = "Sel">   --->   Core 73 'Sel' <Latency = 0> <II = 1> <Delay = 0.39> <FuncUnit> <Opcode : 'select'> <InPorts = 3> <OutPorts = 1>
ST_2 : Operation 67 [1/1] (0.39ns)   --->   "%select_ln39_8 = select i1 %trunc_ln33, i8 %data_pack_7, i8 %p_0_7_0_0_015_load_1" [firmware/nnet_utils/nnet_dense_stream.h:39->firmware/nnet_utils/nnet_dense_stream.h:93]   --->   Operation 67 'select' 'select_ln39_8' <Predicate = true> <Delay = 0.39> <CoreInst = "Sel">   --->   Core 73 'Sel' <Latency = 0> <II = 1> <Delay = 0.39> <FuncUnit> <Opcode : 'select'> <InPorts = 3> <OutPorts = 1>
ST_2 : Operation 68 [1/1] (0.39ns)   --->   "%select_ln39_9 = select i1 %trunc_ln33, i8 %data_pack_6, i8 %p_0_6_0_0_013_load_1" [firmware/nnet_utils/nnet_dense_stream.h:39->firmware/nnet_utils/nnet_dense_stream.h:93]   --->   Operation 68 'select' 'select_ln39_9' <Predicate = true> <Delay = 0.39> <CoreInst = "Sel">   --->   Core 73 'Sel' <Latency = 0> <II = 1> <Delay = 0.39> <FuncUnit> <Opcode : 'select'> <InPorts = 3> <OutPorts = 1>
ST_2 : Operation 69 [1/1] (0.39ns)   --->   "%select_ln39_10 = select i1 %trunc_ln33, i8 %data_pack_5, i8 %p_0_5_0_0_011_load_1" [firmware/nnet_utils/nnet_dense_stream.h:39->firmware/nnet_utils/nnet_dense_stream.h:93]   --->   Operation 69 'select' 'select_ln39_10' <Predicate = true> <Delay = 0.39> <CoreInst = "Sel">   --->   Core 73 'Sel' <Latency = 0> <II = 1> <Delay = 0.39> <FuncUnit> <Opcode : 'select'> <InPorts = 3> <OutPorts = 1>
ST_2 : Operation 70 [1/1] (0.39ns)   --->   "%select_ln39_11 = select i1 %trunc_ln33, i8 %data_pack_4, i8 %p_0_4_0_0_09_load_1" [firmware/nnet_utils/nnet_dense_stream.h:39->firmware/nnet_utils/nnet_dense_stream.h:93]   --->   Operation 70 'select' 'select_ln39_11' <Predicate = true> <Delay = 0.39> <CoreInst = "Sel">   --->   Core 73 'Sel' <Latency = 0> <II = 1> <Delay = 0.39> <FuncUnit> <Opcode : 'select'> <InPorts = 3> <OutPorts = 1>
ST_2 : Operation 71 [1/1] (0.39ns)   --->   "%select_ln39_12 = select i1 %trunc_ln33, i8 %data_pack_3, i8 %p_0_3_0_0_07_load_1" [firmware/nnet_utils/nnet_dense_stream.h:39->firmware/nnet_utils/nnet_dense_stream.h:93]   --->   Operation 71 'select' 'select_ln39_12' <Predicate = true> <Delay = 0.39> <CoreInst = "Sel">   --->   Core 73 'Sel' <Latency = 0> <II = 1> <Delay = 0.39> <FuncUnit> <Opcode : 'select'> <InPorts = 3> <OutPorts = 1>
ST_2 : Operation 72 [1/1] (0.39ns)   --->   "%select_ln39_13 = select i1 %trunc_ln33, i8 %data_pack_2, i8 %p_0_2_0_0_05_load_1" [firmware/nnet_utils/nnet_dense_stream.h:39->firmware/nnet_utils/nnet_dense_stream.h:93]   --->   Operation 72 'select' 'select_ln39_13' <Predicate = true> <Delay = 0.39> <CoreInst = "Sel">   --->   Core 73 'Sel' <Latency = 0> <II = 1> <Delay = 0.39> <FuncUnit> <Opcode : 'select'> <InPorts = 3> <OutPorts = 1>
ST_2 : Operation 73 [1/1] (0.39ns)   --->   "%select_ln39_14 = select i1 %trunc_ln33, i8 %data_pack_1, i8 %p_0_1_0_0_03_load_1" [firmware/nnet_utils/nnet_dense_stream.h:39->firmware/nnet_utils/nnet_dense_stream.h:93]   --->   Operation 73 'select' 'select_ln39_14' <Predicate = true> <Delay = 0.39> <CoreInst = "Sel">   --->   Core 73 'Sel' <Latency = 0> <II = 1> <Delay = 0.39> <FuncUnit> <Opcode : 'select'> <InPorts = 3> <OutPorts = 1>
ST_2 : Operation 74 [1/1] (0.39ns)   --->   "%select_ln39_15 = select i1 %trunc_ln33, i8 %data_pack, i8 %p_0_0_0_0_01_load_1" [firmware/nnet_utils/nnet_dense_stream.h:39->firmware/nnet_utils/nnet_dense_stream.h:93]   --->   Operation 74 'select' 'select_ln39_15' <Predicate = true> <Delay = 0.39> <CoreInst = "Sel">   --->   Core 73 'Sel' <Latency = 0> <II = 1> <Delay = 0.39> <FuncUnit> <Opcode : 'select'> <InPorts = 3> <OutPorts = 1>
ST_2 : Operation 75 [1/1] (0.00ns)   --->   "%store_ln39 = store i8 %select_ln39, i8 %p_0_7_0_0_031" [firmware/nnet_utils/nnet_dense_stream.h:39->firmware/nnet_utils/nnet_dense_stream.h:93]   --->   Operation 75 'store' 'store_ln39' <Predicate = true> <Delay = 0.00>
ST_2 : Operation 76 [1/1] (0.00ns)   --->   "%store_ln39 = store i8 %select_ln39_1, i8 %p_0_6_0_0_029" [firmware/nnet_utils/nnet_dense_stream.h:39->firmware/nnet_utils/nnet_dense_stream.h:93]   --->   Operation 76 'store' 'store_ln39' <Predicate = true> <Delay = 0.00>
ST_2 : Operation 77 [1/1] (0.00ns)   --->   "%store_ln39 = store i8 %select_ln39_2, i8 %p_0_5_0_0_027" [firmware/nnet_utils/nnet_dense_stream.h:39->firmware/nnet_utils/nnet_dense_stream.h:93]   --->   Operation 77 'store' 'store_ln39' <Predicate = true> <Delay = 0.00>
ST_2 : Operation 78 [1/1] (0.00ns)   --->   "%store_ln39 = store i8 %select_ln39_3, i8 %p_0_4_0_0_025" [firmware/nnet_utils/nnet_dense_stream.h:39->firmware/nnet_utils/nnet_dense_stream.h:93]   --->   Operation 78 'store' 'store_ln39' <Predicate = true> <Delay = 0.00>
ST_2 : Operation 79 [1/1] (0.00ns)   --->   "%store_ln39 = store i8 %select_ln39_4, i8 %p_0_3_0_0_023" [firmware/nnet_utils/nnet_dense_stream.h:39->firmware/nnet_utils/nnet_dense_stream.h:93]   --->   Operation 79 'store' 'store_ln39' <Predicate = true> <Delay = 0.00>
ST_2 : Operation 80 [1/1] (0.00ns)   --->   "%store_ln39 = store i8 %select_ln39_5, i8 %p_0_2_0_0_021" [firmware/nnet_utils/nnet_dense_stream.h:39->firmware/nnet_utils/nnet_dense_stream.h:93]   --->   Operation 80 'store' 'store_ln39' <Predicate = true> <Delay = 0.00>
ST_2 : Operation 81 [1/1] (0.00ns)   --->   "%store_ln39 = store i8 %select_ln39_6, i8 %p_0_1_0_0_019" [firmware/nnet_utils/nnet_dense_stream.h:39->firmware/nnet_utils/nnet_dense_stream.h:93]   --->   Operation 81 'store' 'store_ln39' <Predicate = true> <Delay = 0.00>
ST_2 : Operation 82 [1/1] (0.00ns)   --->   "%store_ln39 = store i8 %select_ln39_7, i8 %p_0_0_0_0_017" [firmware/nnet_utils/nnet_dense_stream.h:39->firmware/nnet_utils/nnet_dense_stream.h:93]   --->   Operation 82 'store' 'store_ln39' <Predicate = true> <Delay = 0.00>
ST_2 : Operation 83 [1/1] (0.00ns)   --->   "%store_ln39 = store i8 %select_ln39_8, i8 %p_0_7_0_0_015" [firmware/nnet_utils/nnet_dense_stream.h:39->firmware/nnet_utils/nnet_dense_stream.h:93]   --->   Operation 83 'store' 'store_ln39' <Predicate = true> <Delay = 0.00>
ST_2 : Operation 84 [1/1] (0.00ns)   --->   "%store_ln39 = store i8 %select_ln39_9, i8 %p_0_6_0_0_013" [firmware/nnet_utils/nnet_dense_stream.h:39->firmware/nnet_utils/nnet_dense_stream.h:93]   --->   Operation 84 'store' 'store_ln39' <Predicate = true> <Delay = 0.00>
ST_2 : Operation 85 [1/1] (0.00ns)   --->   "%store_ln39 = store i8 %select_ln39_10, i8 %p_0_5_0_0_011" [firmware/nnet_utils/nnet_dense_stream.h:39->firmware/nnet_utils/nnet_dense_stream.h:93]   --->   Operation 85 'store' 'store_ln39' <Predicate = true> <Delay = 0.00>
ST_2 : Operation 86 [1/1] (0.00ns)   --->   "%store_ln39 = store i8 %select_ln39_11, i8 %p_0_4_0_0_09" [firmware/nnet_utils/nnet_dense_stream.h:39->firmware/nnet_utils/nnet_dense_stream.h:93]   --->   Operation 86 'store' 'store_ln39' <Predicate = true> <Delay = 0.00>
ST_2 : Operation 87 [1/1] (0.00ns)   --->   "%store_ln39 = store i8 %select_ln39_12, i8 %p_0_3_0_0_07" [firmware/nnet_utils/nnet_dense_stream.h:39->firmware/nnet_utils/nnet_dense_stream.h:93]   --->   Operation 87 'store' 'store_ln39' <Predicate = true> <Delay = 0.00>
ST_2 : Operation 88 [1/1] (0.00ns)   --->   "%store_ln39 = store i8 %select_ln39_13, i8 %p_0_2_0_0_05" [firmware/nnet_utils/nnet_dense_stream.h:39->firmware/nnet_utils/nnet_dense_stream.h:93]   --->   Operation 88 'store' 'store_ln39' <Predicate = true> <Delay = 0.00>
ST_2 : Operation 89 [1/1] (0.00ns)   --->   "%store_ln39 = store i8 %select_ln39_14, i8 %p_0_1_0_0_03" [firmware/nnet_utils/nnet_dense_stream.h:39->firmware/nnet_utils/nnet_dense_stream.h:93]   --->   Operation 89 'store' 'store_ln39' <Predicate = true> <Delay = 0.00>
ST_2 : Operation 90 [1/1] (0.00ns)   --->   "%store_ln39 = store i8 %select_ln39_15, i8 %p_0_0_0_0_01" [firmware/nnet_utils/nnet_dense_stream.h:39->firmware/nnet_utils/nnet_dense_stream.h:93]   --->   Operation 90 'store' 'store_ln39' <Predicate = true> <Delay = 0.00>
ST_2 : Operation 91 [1/1] (0.00ns)   --->   "%br_ln33 = br void %for.body.i" [firmware/nnet_utils/nnet_dense_stream.h:33->firmware/nnet_utils/nnet_dense_stream.h:93]   --->   Operation 91 'br' 'br_ln33' <Predicate = true> <Delay = 0.00>


============================================================
+ Verbose Summary: Timing violations
============================================================
Target clock period: 5.000ns, clock uncertainty: 1.350ns.

 <State 1>: 1.402ns
The critical path consists of the following:
	'store' operation 0 bit ('store_ln33', firmware/nnet_utils/nnet_dense_stream.h:33->firmware/nnet_utils/nnet_dense_stream.h:93) of constant 0 on local variable 'i_in', firmware/nnet_utils/nnet_dense_stream.h:33->firmware/nnet_utils/nnet_dense_stream.h:93 [36]  (0.427 ns)
	'load' operation 2 bit ('i_in', firmware/nnet_utils/nnet_dense_stream.h:33->firmware/nnet_utils/nnet_dense_stream.h:93) on local variable 'i_in', firmware/nnet_utils/nnet_dense_stream.h:33->firmware/nnet_utils/nnet_dense_stream.h:93 [39]  (0.000 ns)
	'add' operation 2 bit ('i_in', firmware/nnet_utils/nnet_dense_stream.h:33->firmware/nnet_utils/nnet_dense_stream.h:93) [41]  (0.548 ns)
	'store' operation 0 bit ('store_ln33', firmware/nnet_utils/nnet_dense_stream.h:33->firmware/nnet_utils/nnet_dense_stream.h:93) of variable 'i_in', firmware/nnet_utils/nnet_dense_stream.h:33->firmware/nnet_utils/nnet_dense_stream.h:93 on local variable 'i_in', firmware/nnet_utils/nnet_dense_stream.h:33->firmware/nnet_utils/nnet_dense_stream.h:93 [105]  (0.427 ns)

 <State 2>: 2.218ns
The critical path consists of the following:
	fifo read operation ('layer16_out_read', firmware/nnet_utils/nnet_dense_stream.h:35->firmware/nnet_utils/nnet_dense_stream.h:93) on port 'layer16_out' (firmware/nnet_utils/nnet_dense_stream.h:35->firmware/nnet_utils/nnet_dense_stream.h:93) [64]  (1.825 ns)
	'select' operation 8 bit ('select_ln39', firmware/nnet_utils/nnet_dense_stream.h:39->firmware/nnet_utils/nnet_dense_stream.h:93) [73]  (0.393 ns)


============================================================
+ Verbose Summary: Binding
============================================================
N/A
* FSMD analyzer results:
  - Output states:
 - Input state : 
  - Chain level:
	State 1
	State 2


============================================================
+ Verbose Summary: Datapath Resource usage 
============================================================
N/A
