

================================================================
== Vitis HLS Report for 'dense_array_ap_ufixed_8u_array_ap_fixed_21_14_5_3_0_16u_config18_s'
================================================================
* Date:           Sun Mar 22 09:52:38 2026

* Version:        2023.2 (Build 4023990 on Oct 11 2023)
* Project:        myproject_prj
* Solution:       solution1 (Vivado IP Flow Target)
* Product family: zynquplus
* Target device:  xck26-sfvc784-2LV-c


================================================================
== Performance Estimates
================================================================
+ Timing: 
    * Summary: 
    +--------+---------+----------+------------+
    |  Clock |  Target | Estimated| Uncertainty|
    +--------+---------+----------+------------+
    |ap_clk  |  5.00 ns|  3.635 ns|     1.35 ns|
    +--------+---------+----------+------------+

+ Latency: 
    * Summary: 
    +---------+---------+-----------+-----------+-----+-----+---------+
    |  Latency (cycles) |   Latency (absolute)  |  Interval | Pipeline|
    |   min   |   max   |    min    |    max    | min | max |   Type  |
    +---------+---------+-----------+-----------+-----+-----+---------+
    |        8|        8|  40.000 ns|  40.000 ns|    8|    8|       no|
    +---------+---------+-----------+-----------+-----+-----+---------+

    + Detail: 
        * Instance: 
        +------------------------------------------------------------------------------------+--------------------------------------------------------------------------+---------+---------+-----------+-----------+-----+-----+---------+
        |                                                                                    |                                                                          |  Latency (cycles) |   Latency (absolute)  |  Interval | Pipeline|
        |                                      Instance                                      |                                  Module                                  |   min   |   max   |    min    |    max    | min | max |   Type  |
        +------------------------------------------------------------------------------------+--------------------------------------------------------------------------+---------+---------+-----------+-----------+-----+-----+---------+
        |grp_dense_array_array_ap_fixed_21_14_5_3_0_16u_config18_Pipeline_DataPrepare_fu_97  |dense_array_array_ap_fixed_21_14_5_3_0_16u_config18_Pipeline_DataPrepare  |        4|        4|  20.000 ns|  20.000 ns|    4|    4|       no|
        |grp_dense_latency_wrapper_ap_ufixed_ap_fixed_21_14_5_3_0_config18_s_fu_119          |dense_latency_wrapper_ap_ufixed_ap_fixed_21_14_5_3_0_config18_s           |        1|        1|   5.000 ns|   5.000 ns|    1|    1|      yes|
        +------------------------------------------------------------------------------------+--------------------------------------------------------------------------+---------+---------+-----------+-----------+-----+-----+---------+

        * Loop: 
        N/A



================================================================
== Utilization Estimates
================================================================
* Summary: 
+-----------------+---------+------+--------+--------+-----+
|       Name      | BRAM_18K|  DSP |   FF   |   LUT  | URAM|
+-----------------+---------+------+--------+--------+-----+
|DSP              |        -|     -|       -|       -|    -|
|Expression       |        -|     -|       0|       2|    -|
|FIFO             |        -|     -|       -|       -|    -|
|Instance         |        -|     -|     844|    5494|    -|
|Memory           |        -|     -|       -|       -|    -|
|Multiplexer      |        -|     -|       -|      67|    -|
|Register         |        -|     -|     344|       -|    -|
+-----------------+---------+------+--------+--------+-----+
|Total            |        0|     0|    1188|    5563|    0|
+-----------------+---------+------+--------+--------+-----+
|Available        |      288|  1248|  234240|  117120|   64|
+-----------------+---------+------+--------+--------+-----+
|Utilization (%)  |        0|     0|      ~0|       4|    0|
+-----------------+---------+------+--------+--------+-----+

+ Detail: 
    * Instance: 
    +------------------------------------------------------------------------------------+--------------------------------------------------------------------------+---------+----+-----+------+-----+
    |                                      Instance                                      |                                  Module                                  | BRAM_18K| DSP|  FF |  LUT | URAM|
    +------------------------------------------------------------------------------------+--------------------------------------------------------------------------+---------+----+-----+------+-----+
    |grp_dense_array_array_ap_fixed_21_14_5_3_0_16u_config18_Pipeline_DataPrepare_fu_97  |dense_array_array_ap_fixed_21_14_5_3_0_16u_config18_Pipeline_DataPrepare  |        0|   0|  134|   196|    0|
    |grp_dense_latency_wrapper_ap_ufixed_ap_fixed_21_14_5_3_0_config18_s_fu_119          |dense_latency_wrapper_ap_ufixed_ap_fixed_21_14_5_3_0_config18_s           |        0|   0|  710|  5298|    0|
    +------------------------------------------------------------------------------------+--------------------------------------------------------------------------+---------+----+-----+------+-----+
    |Total                                                                               |                                                                          |        0|   0|  844|  5494|    0|
    +------------------------------------------------------------------------------------+--------------------------------------------------------------------------+---------+----+-----+------+-----+

    * DSP: 
    N/A

    * Memory: 
    N/A

    * FIFO: 
    N/A

    * Expression: 
    +-----------------+----------+----+---+----+------------+------------+
    |  Variable Name  | Operation| DSP| FF| LUT| Bitwidth P0| Bitwidth P1|
    +-----------------+----------+----+---+----+------------+------------+
    |ap_block_state1  |        or|   0|  0|   2|           1|           1|
    +-----------------+----------+----+---+----+------------+------------+
    |Total            |          |   0|  0|   2|           1|           1|
    +-----------------+----------+----+---+----+------------+------------+

    * Multiplexer: 
    +-------------------+----+-----------+-----+-----------+
    |        Name       | LUT| Input Size| Bits| Total Bits|
    +-------------------+----+-----------+-----+-----------+
    |ap_NS_fsm          |  31|          6|    1|          6|
    |ap_done            |   9|          2|    1|          2|
    |layer16_out_read   |   9|          2|    1|          2|
    |layer18_out_blk_n  |   9|          2|    1|          2|
    |real_start         |   9|          2|    1|          2|
    +-------------------+----+-----------+-----+-----------+
    |Total              |  67|         14|    5|         14|
    +-------------------+----+-----------+-----+-----------+

    * Register: 
    +-------------------------------------------------------------------------------------------------+----+----+-----+-----------+
    |                                               Name                                              | FF | LUT| Bits| Const Bits|
    +-------------------------------------------------------------------------------------------------+----+----+-----+-----------+
    |ap_CS_fsm                                                                                        |   5|   0|    5|          0|
    |ap_done_reg                                                                                      |   1|   0|    1|          0|
    |grp_dense_array_array_ap_fixed_21_14_5_3_0_16u_config18_Pipeline_DataPrepare_fu_97_ap_start_reg  |   1|   0|    1|          0|
    |res_10_reg_434                                                                                   |  21|   0|   21|          0|
    |res_11_reg_439                                                                                   |  21|   0|   21|          0|
    |res_12_reg_444                                                                                   |  21|   0|   21|          0|
    |res_13_reg_449                                                                                   |  21|   0|   21|          0|
    |res_14_reg_454                                                                                   |  21|   0|   21|          0|
    |res_15_reg_459                                                                                   |  21|   0|   21|          0|
    |res_1_reg_389                                                                                    |  21|   0|   21|          0|
    |res_2_reg_394                                                                                    |  21|   0|   21|          0|
    |res_3_reg_399                                                                                    |  21|   0|   21|          0|
    |res_4_reg_404                                                                                    |  21|   0|   21|          0|
    |res_5_reg_409                                                                                    |  21|   0|   21|          0|
    |res_6_reg_414                                                                                    |  21|   0|   21|          0|
    |res_7_reg_419                                                                                    |  21|   0|   21|          0|
    |res_8_reg_424                                                                                    |  21|   0|   21|          0|
    |res_9_reg_429                                                                                    |  21|   0|   21|          0|
    |res_reg_384                                                                                      |  21|   0|   21|          0|
    |start_once_reg                                                                                   |   1|   0|    1|          0|
    +-------------------------------------------------------------------------------------------------+----+----+-----+-----------+
    |Total                                                                                            | 344|   0|  344|          0|
    +-------------------------------------------------------------------------------------------------+----+----+-----+-----------+



================================================================
== Interface
================================================================
* Summary: 
+----------------------------+-----+-----+------------+----------------------------------------------------------------------+--------------+
|          RTL Ports         | Dir | Bits|  Protocol  |                             Source Object                            |    C Type    |
+----------------------------+-----+-----+------------+----------------------------------------------------------------------+--------------+
|ap_clk                      |   in|    1|  ap_ctrl_hs|  dense<array<ap_ufixed,8u>,array<ap_fixed<21,14,5,3,0>,16u>,config18>|  return value|
|ap_rst                      |   in|    1|  ap_ctrl_hs|  dense<array<ap_ufixed,8u>,array<ap_fixed<21,14,5,3,0>,16u>,config18>|  return value|
|ap_start                    |   in|    1|  ap_ctrl_hs|  dense<array<ap_ufixed,8u>,array<ap_fixed<21,14,5,3,0>,16u>,config18>|  return value|
|start_full_n                |   in|    1|  ap_ctrl_hs|  dense<array<ap_ufixed,8u>,array<ap_fixed<21,14,5,3,0>,16u>,config18>|  return value|
|ap_done                     |  out|    1|  ap_ctrl_hs|  dense<array<ap_ufixed,8u>,array<ap_fixed<21,14,5,3,0>,16u>,config18>|  return value|
|ap_continue                 |   in|    1|  ap_ctrl_hs|  dense<array<ap_ufixed,8u>,array<ap_fixed<21,14,5,3,0>,16u>,config18>|  return value|
|ap_idle                     |  out|    1|  ap_ctrl_hs|  dense<array<ap_ufixed,8u>,array<ap_fixed<21,14,5,3,0>,16u>,config18>|  return value|
|ap_ready                    |  out|    1|  ap_ctrl_hs|  dense<array<ap_ufixed,8u>,array<ap_fixed<21,14,5,3,0>,16u>,config18>|  return value|
|start_out                   |  out|    1|  ap_ctrl_hs|  dense<array<ap_ufixed,8u>,array<ap_fixed<21,14,5,3,0>,16u>,config18>|  return value|
|start_write                 |  out|    1|  ap_ctrl_hs|  dense<array<ap_ufixed,8u>,array<ap_fixed<21,14,5,3,0>,16u>,config18>|  return value|
|layer16_out_dout            |   in|   64|     ap_fifo|                                                           layer16_out|       pointer|
|layer16_out_num_data_valid  |   in|    3|     ap_fifo|                                                           layer16_out|       pointer|
|layer16_out_fifo_cap        |   in|    3|     ap_fifo|                                                           layer16_out|       pointer|
|layer16_out_empty_n         |   in|    1|     ap_fifo|                                                           layer16_out|       pointer|
|layer16_out_read            |  out|    1|     ap_fifo|                                                           layer16_out|       pointer|
|layer18_out_din             |  out|  336|     ap_fifo|                                                           layer18_out|       pointer|
|layer18_out_num_data_valid  |   in|    2|     ap_fifo|                                                           layer18_out|       pointer|
|layer18_out_fifo_cap        |   in|    2|     ap_fifo|                                                           layer18_out|       pointer|
|layer18_out_full_n          |   in|    1|     ap_fifo|                                                           layer18_out|       pointer|
|layer18_out_write           |  out|    1|     ap_fifo|                                                           layer18_out|       pointer|
+----------------------------+-----+-----+------------+----------------------------------------------------------------------+--------------+

============================================================
+ Verbose Summary: Synthesis Manager
============================================================
InlineROM: 1
ExposeGlobal: 0
============================================================
+ Verbose Summary: CDFG Model
============================================================
IsTopModel: 0
ResetActiveHigh: 1
IsCombinational: 2
IsDatapathOnly: 0
HasWiredReturn: 1
HasMFsm: 0
HasVarLatency: 1
IsPipeline: 0
IsRtlPipelined: 0
IsInstanceOverlapped: 0
IsDontTouch: 0
HasImplIP: 0
IsGatedGlobalClock: 0


============================================================
+ Verbose Summary: Schedule
============================================================
* Number of FSM states : 5
* Pipeline : 0
* Dataflow Pipeline: 0

* FSM state transitions: 
1 --> 2 
2 --> 3 
3 --> 4 
4 --> 5 
5 --> 

* FSM state operations: 

State 1 <SV = 0> <Delay = 0.00>
ST_1 : Operation 6 [1/1] (0.00ns)   --->   "%p_0_0_0_0_01_loc = alloca i64 1"   --->   Operation 6 'alloca' 'p_0_0_0_0_01_loc' <Predicate = true> <Delay = 0.00>
ST_1 : Operation 7 [1/1] (0.00ns)   --->   "%p_0_1_0_0_03_loc = alloca i64 1"   --->   Operation 7 'alloca' 'p_0_1_0_0_03_loc' <Predicate = true> <Delay = 0.00>
ST_1 : Operation 8 [1/1] (0.00ns)   --->   "%p_0_2_0_0_05_loc = alloca i64 1"   --->   Operation 8 'alloca' 'p_0_2_0_0_05_loc' <Predicate = true> <Delay = 0.00>
ST_1 : Operation 9 [1/1] (0.00ns)   --->   "%p_0_3_0_0_07_loc = alloca i64 1"   --->   Operation 9 'alloca' 'p_0_3_0_0_07_loc' <Predicate = true> <Delay = 0.00>
ST_1 : Operation 10 [1/1] (0.00ns)   --->   "%p_0_4_0_0_09_loc = alloca i64 1"   --->   Operation 10 'alloca' 'p_0_4_0_0_09_loc' <Predicate = true> <Delay = 0.00>
ST_1 : Operation 11 [1/1] (0.00ns)   --->   "%p_0_5_0_0_011_loc = alloca i64 1"   --->   Operation 11 'alloca' 'p_0_5_0_0_011_loc' <Predicate = true> <Delay = 0.00>
ST_1 : Operation 12 [1/1] (0.00ns)   --->   "%p_0_6_0_0_013_loc = alloca i64 1"   --->   Operation 12 'alloca' 'p_0_6_0_0_013_loc' <Predicate = true> <Delay = 0.00>
ST_1 : Operation 13 [1/1] (0.00ns)   --->   "%p_0_7_0_0_015_loc = alloca i64 1"   --->   Operation 13 'alloca' 'p_0_7_0_0_015_loc' <Predicate = true> <Delay = 0.00>
ST_1 : Operation 14 [1/1] (0.00ns)   --->   "%p_0_0_0_0_017_loc = alloca i64 1"   --->   Operation 14 'alloca' 'p_0_0_0_0_017_loc' <Predicate = true> <Delay = 0.00>
ST_1 : Operation 15 [1/1] (0.00ns)   --->   "%p_0_1_0_0_019_loc = alloca i64 1"   --->   Operation 15 'alloca' 'p_0_1_0_0_019_loc' <Predicate = true> <Delay = 0.00>
ST_1 : Operation 16 [1/1] (0.00ns)   --->   "%p_0_2_0_0_021_loc = alloca i64 1"   --->   Operation 16 'alloca' 'p_0_2_0_0_021_loc' <Predicate = true> <Delay = 0.00>
ST_1 : Operation 17 [1/1] (0.00ns)   --->   "%p_0_3_0_0_023_loc = alloca i64 1"   --->   Operation 17 'alloca' 'p_0_3_0_0_023_loc' <Predicate = true> <Delay = 0.00>
ST_1 : Operation 18 [1/1] (0.00ns)   --->   "%p_0_4_0_0_025_loc = alloca i64 1"   --->   Operation 18 'alloca' 'p_0_4_0_0_025_loc' <Predicate = true> <Delay = 0.00>
ST_1 : Operation 19 [1/1] (0.00ns)   --->   "%p_0_5_0_0_027_loc = alloca i64 1"   --->   Operation 19 'alloca' 'p_0_5_0_0_027_loc' <Predicate = true> <Delay = 0.00>
ST_1 : Operation 20 [1/1] (0.00ns)   --->   "%p_0_6_0_0_029_loc = alloca i64 1"   --->   Operation 20 'alloca' 'p_0_6_0_0_029_loc' <Predicate = true> <Delay = 0.00>
ST_1 : Operation 21 [1/1] (0.00ns)   --->   "%p_0_7_0_0_031_loc = alloca i64 1"   --->   Operation 21 'alloca' 'p_0_7_0_0_031_loc' <Predicate = true> <Delay = 0.00>
ST_1 : Operation 22 [1/1] (0.00ns)   --->   "%empty = wait i32 @_ssdm_op_Wait"   --->   Operation 22 'wait' 'empty' <Predicate = true> <Delay = 0.00>
ST_1 : Operation 23 [2/2] (0.00ns)   --->   "%call_ln0 = call void @dense<array,array<ap_fixed<21,14,5,3,0>,16u>,config18>_Pipeline_DataPrepare, i64 %layer16_out, i8 %p_0_7_0_0_031_loc, i8 %p_0_6_0_0_029_loc, i8 %p_0_5_0_0_027_loc, i8 %p_0_4_0_0_025_loc, i8 %p_0_3_0_0_023_loc, i8 %p_0_2_0_0_021_loc, i8 %p_0_1_0_0_019_loc, i8 %p_0_0_0_0_017_loc, i8 %p_0_7_0_0_015_loc, i8 %p_0_6_0_0_013_loc, i8 %p_0_5_0_0_011_loc, i8 %p_0_4_0_0_09_loc, i8 %p_0_3_0_0_07_loc, i8 %p_0_2_0_0_05_loc, i8 %p_0_1_0_0_03_loc, i8 %p_0_0_0_0_01_loc"   --->   Operation 23 'call' 'call_ln0' <Predicate = true> <Delay = 0.00> <CoreType = "Generic">   --->   Core 0 '' <Latency = 0> <II = 1> <Delay = 1.00> <Generic> <Opcode : >

State 2 <SV = 1> <Delay = 0.97>
ST_2 : Operation 24 [1/2] (0.97ns)   --->   "%call_ln0 = call void @dense<array,array<ap_fixed<21,14,5,3,0>,16u>,config18>_Pipeline_DataPrepare, i64 %layer16_out, i8 %p_0_7_0_0_031_loc, i8 %p_0_6_0_0_029_loc, i8 %p_0_5_0_0_027_loc, i8 %p_0_4_0_0_025_loc, i8 %p_0_3_0_0_023_loc, i8 %p_0_2_0_0_021_loc, i8 %p_0_1_0_0_019_loc, i8 %p_0_0_0_0_017_loc, i8 %p_0_7_0_0_015_loc, i8 %p_0_6_0_0_013_loc, i8 %p_0_5_0_0_011_loc, i8 %p_0_4_0_0_09_loc, i8 %p_0_3_0_0_07_loc, i8 %p_0_2_0_0_05_loc, i8 %p_0_1_0_0_03_loc, i8 %p_0_0_0_0_01_loc"   --->   Operation 24 'call' 'call_ln0' <Predicate = true> <Delay = 0.97> <CoreType = "Generic">   --->   Core 0 '' <Latency = 0> <II = 1> <Delay = 1.00> <Generic> <Opcode : >

State 3 <SV = 2> <Delay = 3.33>
ST_3 : Operation 25 [1/1] (0.00ns)   --->   "%p_0_7_0_0_031_loc_load = load i8 %p_0_7_0_0_031_loc"   --->   Operation 25 'load' 'p_0_7_0_0_031_loc_load' <Predicate = true> <Delay = 0.00>
ST_3 : Operation 26 [1/1] (0.00ns)   --->   "%p_0_6_0_0_029_loc_load = load i8 %p_0_6_0_0_029_loc"   --->   Operation 26 'load' 'p_0_6_0_0_029_loc_load' <Predicate = true> <Delay = 0.00>
ST_3 : Operation 27 [1/1] (0.00ns)   --->   "%p_0_5_0_0_027_loc_load = load i8 %p_0_5_0_0_027_loc"   --->   Operation 27 'load' 'p_0_5_0_0_027_loc_load' <Predicate = true> <Delay = 0.00>
ST_3 : Operation 28 [1/1] (0.00ns)   --->   "%p_0_4_0_0_025_loc_load = load i8 %p_0_4_0_0_025_loc"   --->   Operation 28 'load' 'p_0_4_0_0_025_loc_load' <Predicate = true> <Delay = 0.00>
ST_3 : Operation 29 [1/1] (0.00ns)   --->   "%p_0_3_0_0_023_loc_load = load i8 %p_0_3_0_0_023_loc"   --->   Operation 29 'load' 'p_0_3_0_0_023_loc_load' <Predicate = true> <Delay = 0.00>
ST_3 : Operation 30 [1/1] (0.00ns)   --->   "%p_0_2_0_0_021_loc_load = load i8 %p_0_2_0_0_021_loc"   --->   Operation 30 'load' 'p_0_2_0_0_021_loc_load' <Predicate = true> <Delay = 0.00>
ST_3 : Operation 31 [1/1] (0.00ns)   --->   "%p_0_1_0_0_019_loc_load = load i8 %p_0_1_0_0_019_loc"   --->   Operation 31 'load' 'p_0_1_0_0_019_loc_load' <Predicate = true> <Delay = 0.00>
ST_3 : Operation 32 [1/1] (0.00ns)   --->   "%p_0_0_0_0_017_loc_load = load i8 %p_0_0_0_0_017_loc"   --->   Operation 32 'load' 'p_0_0_0_0_017_loc_load' <Predicate = true> <Delay = 0.00>
ST_3 : Operation 33 [1/1] (0.00ns)   --->   "%p_0_7_0_0_015_loc_load = load i8 %p_0_7_0_0_015_loc"   --->   Operation 33 'load' 'p_0_7_0_0_015_loc_load' <Predicate = true> <Delay = 0.00>
ST_3 : Operation 34 [1/1] (0.00ns)   --->   "%p_0_6_0_0_013_loc_load = load i8 %p_0_6_0_0_013_loc"   --->   Operation 34 'load' 'p_0_6_0_0_013_loc_load' <Predicate = true> <Delay = 0.00>
ST_3 : Operation 35 [1/1] (0.00ns)   --->   "%p_0_5_0_0_011_loc_load = load i8 %p_0_5_0_0_011_loc"   --->   Operation 35 'load' 'p_0_5_0_0_011_loc_load' <Predicate = true> <Delay = 0.00>
ST_3 : Operation 36 [1/1] (0.00ns)   --->   "%p_0_4_0_0_09_loc_load = load i8 %p_0_4_0_0_09_loc"   --->   Operation 36 'load' 'p_0_4_0_0_09_loc_load' <Predicate = true> <Delay = 0.00>
ST_3 : Operation 37 [1/1] (0.00ns)   --->   "%p_0_3_0_0_07_loc_load = load i8 %p_0_3_0_0_07_loc"   --->   Operation 37 'load' 'p_0_3_0_0_07_loc_load' <Predicate = true> <Delay = 0.00>
ST_3 : Operation 38 [1/1] (0.00ns)   --->   "%p_0_2_0_0_05_loc_load = load i8 %p_0_2_0_0_05_loc"   --->   Operation 38 'load' 'p_0_2_0_0_05_loc_load' <Predicate = true> <Delay = 0.00>
ST_3 : Operation 39 [1/1] (0.00ns)   --->   "%p_0_1_0_0_03_loc_load = load i8 %p_0_1_0_0_03_loc"   --->   Operation 39 'load' 'p_0_1_0_0_03_loc_load' <Predicate = true> <Delay = 0.00>
ST_3 : Operation 40 [1/1] (0.00ns)   --->   "%p_0_0_0_0_01_loc_load = load i8 %p_0_0_0_0_01_loc"   --->   Operation 40 'load' 'p_0_0_0_0_01_loc_load' <Predicate = true> <Delay = 0.00>
ST_3 : Operation 41 [1/1] (0.00ns)   --->   "%empty_198 = wait i32 @_ssdm_op_Wait"   --->   Operation 41 'wait' 'empty_198' <Predicate = true> <Delay = 0.00>
ST_3 : Operation 42 [2/2] (3.33ns)   --->   "%call_ret = call i336 @dense_latency_wrapper<ap_ufixed,ap_fixed<21,14,5,3,0>,config18>, i8 %p_0_0_0_0_017_loc_load, i8 %p_0_1_0_0_019_loc_load, i8 %p_0_2_0_0_021_loc_load, i8 %p_0_3_0_0_023_loc_load, i8 %p_0_4_0_0_025_loc_load, i8 %p_0_5_0_0_027_loc_load, i8 %p_0_6_0_0_029_loc_load, i8 %p_0_7_0_0_031_loc_load, i8 %p_0_0_0_0_01_loc_load, i8 %p_0_1_0_0_03_loc_load, i8 %p_0_2_0_0_05_loc_load, i8 %p_0_3_0_0_07_loc_load, i8 %p_0_4_0_0_09_loc_load, i8 %p_0_5_0_0_011_loc_load, i8 %p_0_6_0_0_013_loc_load, i8 %p_0_7_0_0_015_loc_load" [firmware/nnet_utils/nnet_dense_stream.h:95]   --->   Operation 42 'call' 'call_ret' <Predicate = true> <Delay = 3.33> <CoreType = "Generic">   --->   Core 0 '' <Latency = 0> <II = 1> <Delay = 1.00> <Generic> <Opcode : >

State 4 <SV = 3> <Delay = 3.63>
ST_4 : Operation 43 [1/2] (3.63ns)   --->   "%call_ret = call i336 @dense_latency_wrapper<ap_ufixed,ap_fixed<21,14,5,3,0>,config18>, i8 %p_0_0_0_0_017_loc_load, i8 %p_0_1_0_0_019_loc_load, i8 %p_0_2_0_0_021_loc_load, i8 %p_0_3_0_0_023_loc_load, i8 %p_0_4_0_0_025_loc_load, i8 %p_0_5_0_0_027_loc_load, i8 %p_0_6_0_0_029_loc_load, i8 %p_0_7_0_0_031_loc_load, i8 %p_0_0_0_0_01_loc_load, i8 %p_0_1_0_0_03_loc_load, i8 %p_0_2_0_0_05_loc_load, i8 %p_0_3_0_0_07_loc_load, i8 %p_0_4_0_0_09_loc_load, i8 %p_0_5_0_0_011_loc_load, i8 %p_0_6_0_0_013_loc_load, i8 %p_0_7_0_0_015_loc_load" [firmware/nnet_utils/nnet_dense_stream.h:95]   --->   Operation 43 'call' 'call_ret' <Predicate = true> <Delay = 3.63> <CoreType = "Generic">   --->   Core 0 '' <Latency = 0> <II = 1> <Delay = 1.00> <Generic> <Opcode : >
ST_4 : Operation 44 [1/1] (0.00ns)   --->   "%res = extractvalue i336 %call_ret" [firmware/nnet_utils/nnet_dense_stream.h:95]   --->   Operation 44 'extractvalue' 'res' <Predicate = true> <Delay = 0.00>
ST_4 : Operation 45 [1/1] (0.00ns)   --->   "%res_1 = extractvalue i336 %call_ret" [firmware/nnet_utils/nnet_dense_stream.h:95]   --->   Operation 45 'extractvalue' 'res_1' <Predicate = true> <Delay = 0.00>
ST_4 : Operation 46 [1/1] (0.00ns)   --->   "%res_2 = extractvalue i336 %call_ret" [firmware/nnet_utils/nnet_dense_stream.h:95]   --->   Operation 46 'extractvalue' 'res_2' <Predicate = true> <Delay = 0.00>
ST_4 : Operation 47 [1/1] (0.00ns)   --->   "%res_3 = extractvalue i336 %call_ret" [firmware/nnet_utils/nnet_dense_stream.h:95]   --->   Operation 47 'extractvalue' 'res_3' <Predicate = true> <Delay = 0.00>
ST_4 : Operation 48 [1/1] (0.00ns)   --->   "%res_4 = extractvalue i336 %call_ret" [firmware/nnet_utils/nnet_dense_stream.h:95]   --->   Operation 48 'extractvalue' 'res_4' <Predicate = true> <Delay = 0.00>
ST_4 : Operation 49 [1/1] (0.00ns)   --->   "%res_5 = extractvalue i336 %call_ret" [firmware/nnet_utils/nnet_dense_stream.h:95]   --->   Operation 49 'extractvalue' 'res_5' <Predicate = true> <Delay = 0.00>
ST_4 : Operation 50 [1/1] (0.00ns)   --->   "%res_6 = extractvalue i336 %call_ret" [firmware/nnet_utils/nnet_dense_stream.h:95]   --->   Operation 50 'extractvalue' 'res_6' <Predicate = true> <Delay = 0.00>
ST_4 : Operation 51 [1/1] (0.00ns)   --->   "%res_7 = extractvalue i336 %call_ret" [firmware/nnet_utils/nnet_dense_stream.h:95]   --->   Operation 51 'extractvalue' 'res_7' <Predicate = true> <Delay = 0.00>
ST_4 : Operation 52 [1/1] (0.00ns)   --->   "%res_8 = extractvalue i336 %call_ret" [firmware/nnet_utils/nnet_dense_stream.h:95]   --->   Operation 52 'extractvalue' 'res_8' <Predicate = true> <Delay = 0.00>
ST_4 : Operation 53 [1/1] (0.00ns)   --->   "%res_9 = extractvalue i336 %call_ret" [firmware/nnet_utils/nnet_dense_stream.h:95]   --->   Operation 53 'extractvalue' 'res_9' <Predicate = true> <Delay = 0.00>
ST_4 : Operation 54 [1/1] (0.00ns)   --->   "%res_10 = extractvalue i336 %call_ret" [firmware/nnet_utils/nnet_dense_stream.h:95]   --->   Operation 54 'extractvalue' 'res_10' <Predicate = true> <Delay = 0.00>
ST_4 : Operation 55 [1/1] (0.00ns)   --->   "%res_11 = extractvalue i336 %call_ret" [firmware/nnet_utils/nnet_dense_stream.h:95]   --->   Operation 55 'extractvalue' 'res_11' <Predicate = true> <Delay = 0.00>
ST_4 : Operation 56 [1/1] (0.00ns)   --->   "%res_12 = extractvalue i336 %call_ret" [firmware/nnet_utils/nnet_dense_stream.h:95]   --->   Operation 56 'extractvalue' 'res_12' <Predicate = true> <Delay = 0.00>
ST_4 : Operation 57 [1/1] (0.00ns)   --->   "%res_13 = extractvalue i336 %call_ret" [firmware/nnet_utils/nnet_dense_stream.h:95]   --->   Operation 57 'extractvalue' 'res_13' <Predicate = true> <Delay = 0.00>
ST_4 : Operation 58 [1/1] (0.00ns)   --->   "%res_14 = extractvalue i336 %call_ret" [firmware/nnet_utils/nnet_dense_stream.h:95]   --->   Operation 58 'extractvalue' 'res_14' <Predicate = true> <Delay = 0.00>
ST_4 : Operation 59 [1/1] (0.00ns)   --->   "%res_15 = extractvalue i336 %call_ret" [firmware/nnet_utils/nnet_dense_stream.h:95]   --->   Operation 59 'extractvalue' 'res_15' <Predicate = true> <Delay = 0.00>

State 5 <SV = 4> <Delay = 1.82>
ST_5 : Operation 60 [1/1] (0.00ns)   --->   "%specinterface_ln0 = specinterface void @_ssdm_op_SpecInterface, i336 %layer18_out, void @empty_11, i32 0, i32 0, void @empty_1, i32 0, i32 0, void @empty_1, void @empty_1, void @empty_1, i32 0, i32 0, i32 0, i32 0, void @empty_1, void @empty_1, i32 4294967295, i32 0"   --->   Operation 60 'specinterface' 'specinterface_ln0' <Predicate = true> <Delay = 0.00>
ST_5 : Operation 61 [1/1] (0.00ns)   --->   "%specinterface_ln0 = specinterface void @_ssdm_op_SpecInterface, i64 %layer16_out, void @empty_11, i32 0, i32 0, void @empty_1, i32 0, i32 0, void @empty_1, void @empty_1, void @empty_1, i32 0, i32 0, i32 0, i32 0, void @empty_1, void @empty_1, i32 4294967295, i32 0"   --->   Operation 61 'specinterface' 'specinterface_ln0' <Predicate = true> <Delay = 0.00>
ST_5 : Operation 62 [1/1] (0.00ns)   --->   "%p_0 = bitconcatenate i336 @_ssdm_op_BitConcatenate.i336.i21.i21.i21.i21.i21.i21.i21.i21.i21.i21.i21.i21.i21.i21.i21.i21, i21 %res_15, i21 %res_14, i21 %res_13, i21 %res_12, i21 %res_11, i21 %res_10, i21 %res_9, i21 %res_8, i21 %res_7, i21 %res_6, i21 %res_5, i21 %res_4, i21 %res_3, i21 %res_2, i21 %res_1, i21 %res" [firmware/nnet_utils/nnet_dense_stream.h:77->firmware/nnet_utils/nnet_dense_stream.h:100]   --->   Operation 62 'bitconcatenate' 'p_0' <Predicate = true> <Delay = 0.00>
ST_5 : Operation 63 [1/1] (1.82ns)   --->   "%write_ln77 = write void @_ssdm_op_Write.ap_fifo.volatile.i336P0A, i336 %layer18_out, i336 %p_0" [firmware/nnet_utils/nnet_dense_stream.h:77->firmware/nnet_utils/nnet_dense_stream.h:100]   --->   Operation 63 'write' 'write_ln77' <Predicate = true> <Delay = 1.82> <CoreInst = "FIFO_SRL">   --->   Core 81 'FIFO_SRL' <Latency = 0> <II = 1> <Delay = 1.83> <Storage> <Opcode : 'read' 'write' 'nbread' 'nbwrite'> <Ports = 0> <Width = 336> <Depth = 1> <FIFO>
ST_5 : Operation 64 [1/1] (0.00ns)   --->   "%ret_ln101 = ret" [firmware/nnet_utils/nnet_dense_stream.h:101]   --->   Operation 64 'ret' 'ret_ln101' <Predicate = true> <Delay = 0.00>


============================================================
+ Verbose Summary: Binding
============================================================
STG Binding: 
---------------- STG Properties BEGIN ----------------
- Is combinational: 0
- Is one-state seq: 0
- Is datapath-only: 0
- Is pipelined: 0
- Is top level: 0
Port [ Return ] is wired: 1; IO mode=ap_ctrl_hs:ce=0
Port [ layer16_out]:  wired=1; compound=1; hidden=0; nouse=0; global=0; static=0; extern=0; dir=0; type=3; pingpong=0; private_global=0; IO mode=ap_fifo:ce=0
Port [ layer18_out]:  wired=1; compound=1; hidden=0; nouse=0; global=0; static=0; extern=0; dir=1; type=3; pingpong=0; private_global=0; IO mode=ap_fifo:ce=0
---------------- STG Properties END ------------------

---------------- Datapath Model BEGIN ----------------

<LifeTime>
<method=bitvector/>
p_0_0_0_0_01_loc       (alloca        ) [ 011100]
p_0_1_0_0_03_loc       (alloca        ) [ 011100]
p_0_2_0_0_05_loc       (alloca        ) [ 011100]
p_0_3_0_0_07_loc       (alloca        ) [ 011100]
p_0_4_0_0_09_loc       (alloca        ) [ 011100]
p_0_5_0_0_011_loc      (alloca        ) [ 011100]
p_0_6_0_0_013_loc      (alloca        ) [ 011100]
p_0_7_0_0_015_loc      (alloca        ) [ 011100]
p_0_0_0_0_017_loc      (alloca        ) [ 011100]
p_0_1_0_0_019_loc      (alloca        ) [ 011100]
p_0_2_0_0_021_loc      (alloca        ) [ 011100]
p_0_3_0_0_023_loc      (alloca        ) [ 011100]
p_0_4_0_0_025_loc      (alloca        ) [ 011100]
p_0_5_0_0_027_loc      (alloca        ) [ 011100]
p_0_6_0_0_029_loc      (alloca        ) [ 011100]
p_0_7_0_0_031_loc      (alloca        ) [ 011100]
empty                  (wait          ) [ 000000]
call_ln0               (call          ) [ 000000]
p_0_7_0_0_031_loc_load (load          ) [ 000000]
p_0_6_0_0_029_loc_load (load          ) [ 000000]
p_0_5_0_0_027_loc_load (load          ) [ 000000]
p_0_4_0_0_025_loc_load (load          ) [ 000000]
p_0_3_0_0_023_loc_load (load          ) [ 000000]
p_0_2_0_0_021_loc_load (load          ) [ 000000]
p_0_1_0_0_019_loc_load (load          ) [ 000000]
p_0_0_0_0_017_loc_load (load          ) [ 000000]
p_0_7_0_0_015_loc_load (load          ) [ 000000]
p_0_6_0_0_013_loc_load (load          ) [ 000000]
p_0_5_0_0_011_loc_load (load          ) [ 000000]
p_0_4_0_0_09_loc_load  (load          ) [ 000000]
p_0_3_0_0_07_loc_load  (load          ) [ 000000]
p_0_2_0_0_05_loc_load  (load          ) [ 000000]
p_0_1_0_0_03_loc_load  (load          ) [ 000000]
p_0_0_0_0_01_loc_load  (load          ) [ 000000]
empty_198              (wait          ) [ 000000]
call_ret               (call          ) [ 000000]
res                    (extractvalue  ) [ 000001]
res_1                  (extractvalue  ) [ 000001]
res_2                  (extractvalue  ) [ 000001]
res_3                  (extractvalue  ) [ 000001]
res_4                  (extractvalue  ) [ 000001]
res_5                  (extractvalue  ) [ 000001]
res_6                  (extractvalue  ) [ 000001]
res_7                  (extractvalue  ) [ 000001]
res_8                  (extractvalue  ) [ 000001]
res_9                  (extractvalue  ) [ 000001]
res_10                 (extractvalue  ) [ 000001]
res_11                 (extractvalue  ) [ 000001]
res_12                 (extractvalue  ) [ 000001]
res_13                 (extractvalue  ) [ 000001]
res_14                 (extractvalue  ) [ 000001]
res_15                 (extractvalue  ) [ 000001]
specinterface_ln0      (specinterface ) [ 000000]
specinterface_ln0      (specinterface ) [ 000000]
p_0                    (bitconcatenate) [ 000000]
write_ln77             (write         ) [ 000000]
ret_ln101              (ret           ) [ 000000]
</LifeTime>

<model>

<comp_list>
<comp id="0" class="1000" name="layer16_out">
<pin_list>
<pin id="1" dir="1" index="0" bw="1" slack="0"/>
</pin_list>
<bind>
<StgValue><ssdm name="layer16_out"/></StgValue>
</bind>
</comp>

<comp id="2" class="1000" name="layer18_out">
<pin_list>
<pin id="3" dir="1" index="0" bw="1" slack="0"/>
</pin_list>
<bind>
<StgValue><ssdm name="layer18_out"/></StgValue>
</bind>
</comp>

<comp id="4" class="1001" name="const_4">
<pin_list>
<pin id="5" dir="1" index="0" bw="1" slack="0"/>
</pin_list>
<bind>
<StgValue><ssdm name=""/></StgValue>
</bind>
</comp>

<comp id="6" class="1001" name="const_6">
<pin_list>
<pin id="7" dir="1" index="0" bw="1" slack="2147483647"/>
</pin_list>
<bind>
<StgValue><ssdm name="_ssdm_op_Wait"/></StgValue>
</bind>
</comp>

<comp id="8" class="1001" name="const_8">
<pin_list>
<pin id="9" dir="1" index="0" bw="1" slack="0"/>
</pin_list>
<bind>
<StgValue><ssdm name="dense<array,array<ap_fixed<21,14,5,3,0>,16u>,config18>_Pipeline_DataPrepare"/></StgValue>
</bind>
</comp>

<comp id="10" class="1001" name="const_10">
<pin_list>
<pin id="11" dir="1" index="0" bw="1" slack="0"/>
</pin_list>
<bind>
<StgValue><ssdm name="dense_latency_wrapper<ap_ufixed,ap_fixed<21,14,5,3,0>,config18>"/></StgValue>
</bind>
</comp>

<comp id="12" class="1001" name="const_12">
<pin_list>
<pin id="13" dir="1" index="0" bw="1" slack="2147483647"/>
</pin_list>
<bind>
<StgValue><ssdm name="_ssdm_op_SpecInterface"/></StgValue>
</bind>
</comp>

<comp id="14" class="1001" name="const_14">
<pin_list>
<pin id="15" dir="1" index="0" bw="1" slack="2147483647"/>
</pin_list>
<bind>
<StgValue><ssdm name="empty_11"/></StgValue>
</bind>
</comp>

<comp id="16" class="1001" name="const_16">
<pin_list>
<pin id="17" dir="1" index="0" bw="1" slack="2147483647"/>
</pin_list>
<bind>
<StgValue><ssdm name=""/></StgValue>
</bind>
</comp>

<comp id="18" class="1001" name="const_18">
<pin_list>
<pin id="19" dir="1" index="0" bw="1" slack="2147483647"/>
</pin_list>
<bind>
<StgValue><ssdm name="empty_1"/></StgValue>
</bind>
</comp>

<comp id="20" class="1001" name="const_20">
<pin_list>
<pin id="21" dir="1" index="0" bw="1" slack="2147483647"/>
</pin_list>
<bind>
<StgValue><ssdm name=""/></StgValue>
</bind>
</comp>

<comp id="22" class="1001" name="const_22">
<pin_list>
<pin id="23" dir="1" index="0" bw="1" slack="0"/>
</pin_list>
<bind>
<StgValue><ssdm name="_ssdm_op_BitConcatenate.i336.i21.i21.i21.i21.i21.i21.i21.i21.i21.i21.i21.i21.i21.i21.i21.i21"/></StgValue>
</bind>
</comp>

<comp id="24" class="1001" name="const_24">
<pin_list>
<pin id="25" dir="1" index="0" bw="1" slack="0"/>
</pin_list>
<bind>
<StgValue><ssdm name="_ssdm_op_Write.ap_fifo.volatile.i336P0A"/></StgValue>
</bind>
</comp>

<comp id="26" class="1004" name="p_0_0_0_0_01_loc_fu_26">
<pin_list>
<pin id="27" dir="0" index="0" bw="1" slack="0"/>
<pin id="28" dir="1" index="1" bw="8" slack="0"/>
</pin_list>
<bind>
<opcode="alloca(26) " fcode="alloca"/>
<opset="p_0_0_0_0_01_loc/1 "/>
</bind>
</comp>

<comp id="30" class="1004" name="p_0_1_0_0_03_loc_fu_30">
<pin_list>
<pin id="31" dir="0" index="0" bw="1" slack="0"/>
<pin id="32" dir="1" index="1" bw="8" slack="0"/>
</pin_list>
<bind>
<opcode="alloca(26) " fcode="alloca"/>
<opset="p_0_1_0_0_03_loc/1 "/>
</bind>
</comp>

<comp id="34" class="1004" name="p_0_2_0_0_05_loc_fu_34">
<pin_list>
<pin id="35" dir="0" index="0" bw="1" slack="0"/>
<pin id="36" dir="1" index="1" bw="8" slack="0"/>
</pin_list>
<bind>
<opcode="alloca(26) " fcode="alloca"/>
<opset="p_0_2_0_0_05_loc/1 "/>
</bind>
</comp>

<comp id="38" class="1004" name="p_0_3_0_0_07_loc_fu_38">
<pin_list>
<pin id="39" dir="0" index="0" bw="1" slack="0"/>
<pin id="40" dir="1" index="1" bw="8" slack="0"/>
</pin_list>
<bind>
<opcode="alloca(26) " fcode="alloca"/>
<opset="p_0_3_0_0_07_loc/1 "/>
</bind>
</comp>

<comp id="42" class="1004" name="p_0_4_0_0_09_loc_fu_42">
<pin_list>
<pin id="43" dir="0" index="0" bw="1" slack="0"/>
<pin id="44" dir="1" index="1" bw="8" slack="0"/>
</pin_list>
<bind>
<opcode="alloca(26) " fcode="alloca"/>
<opset="p_0_4_0_0_09_loc/1 "/>
</bind>
</comp>

<comp id="46" class="1004" name="p_0_5_0_0_011_loc_fu_46">
<pin_list>
<pin id="47" dir="0" index="0" bw="1" slack="0"/>
<pin id="48" dir="1" index="1" bw="8" slack="0"/>
</pin_list>
<bind>
<opcode="alloca(26) " fcode="alloca"/>
<opset="p_0_5_0_0_011_loc/1 "/>
</bind>
</comp>

<comp id="50" class="1004" name="p_0_6_0_0_013_loc_fu_50">
<pin_list>
<pin id="51" dir="0" index="0" bw="1" slack="0"/>
<pin id="52" dir="1" index="1" bw="8" slack="0"/>
</pin_list>
<bind>
<opcode="alloca(26) " fcode="alloca"/>
<opset="p_0_6_0_0_013_loc/1 "/>
</bind>
</comp>

<comp id="54" class="1004" name="p_0_7_0_0_015_loc_fu_54">
<pin_list>
<pin id="55" dir="0" index="0" bw="1" slack="0"/>
<pin id="56" dir="1" index="1" bw="8" slack="0"/>
</pin_list>
<bind>
<opcode="alloca(26) " fcode="alloca"/>
<opset="p_0_7_0_0_015_loc/1 "/>
</bind>
</comp>

<comp id="58" class="1004" name="p_0_0_0_0_017_loc_fu_58">
<pin_list>
<pin id="59" dir="0" index="0" bw="1" slack="0"/>
<pin id="60" dir="1" index="1" bw="8" slack="0"/>
</pin_list>
<bind>
<opcode="alloca(26) " fcode="alloca"/>
<opset="p_0_0_0_0_017_loc/1 "/>
</bind>
</comp>

<comp id="62" class="1004" name="p_0_1_0_0_019_loc_fu_62">
<pin_list>
<pin id="63" dir="0" index="0" bw="1" slack="0"/>
<pin id="64" dir="1" index="1" bw="8" slack="0"/>
</pin_list>
<bind>
<opcode="alloca(26) " fcode="alloca"/>
<opset="p_0_1_0_0_019_loc/1 "/>
</bind>
</comp>

<comp id="66" class="1004" name="p_0_2_0_0_021_loc_fu_66">
<pin_list>
<pin id="67" dir="0" index="0" bw="1" slack="0"/>
<pin id="68" dir="1" index="1" bw="8" slack="0"/>
</pin_list>
<bind>
<opcode="alloca(26) " fcode="alloca"/>
<opset="p_0_2_0_0_021_loc/1 "/>
</bind>
</comp>

<comp id="70" class="1004" name="p_0_3_0_0_023_loc_fu_70">
<pin_list>
<pin id="71" dir="0" index="0" bw="1" slack="0"/>
<pin id="72" dir="1" index="1" bw="8" slack="0"/>
</pin_list>
<bind>
<opcode="alloca(26) " fcode="alloca"/>
<opset="p_0_3_0_0_023_loc/1 "/>
</bind>
</comp>

<comp id="74" class="1004" name="p_0_4_0_0_025_loc_fu_74">
<pin_list>
<pin id="75" dir="0" index="0" bw="1" slack="0"/>
<pin id="76" dir="1" index="1" bw="8" slack="0"/>
</pin_list>
<bind>
<opcode="alloca(26) " fcode="alloca"/>
<opset="p_0_4_0_0_025_loc/1 "/>
</bind>
</comp>

<comp id="78" class="1004" name="p_0_5_0_0_027_loc_fu_78">
<pin_list>
<pin id="79" dir="0" index="0" bw="1" slack="0"/>
<pin id="80" dir="1" index="1" bw="8" slack="0"/>
</pin_list>
<bind>
<opcode="alloca(26) " fcode="alloca"/>
<opset="p_0_5_0_0_027_loc/1 "/>
</bind>
</comp>

<comp id="82" class="1004" name="p_0_6_0_0_029_loc_fu_82">
<pin_list>
<pin id="83" dir="0" index="0" bw="1" slack="0"/>
<pin id="84" dir="1" index="1" bw="8" slack="0"/>
</pin_list>
<bind>
<opcode="alloca(26) " fcode="alloca"/>
<opset="p_0_6_0_0_029_loc/1 "/>
</bind>
</comp>

<comp id="86" class="1004" name="p_0_7_0_0_031_loc_fu_86">
<pin_list>
<pin id="87" dir="0" index="0" bw="1" slack="0"/>
<pin id="88" dir="1" index="1" bw="8" slack="0"/>
</pin_list>
<bind>
<opcode="alloca(26) " fcode="alloca"/>
<opset="p_0_7_0_0_031_loc/1 "/>
</bind>
</comp>

<comp id="90" class="1004" name="write_ln77_write_fu_90">
<pin_list>
<pin id="91" dir="0" index="0" bw="0" slack="0"/>
<pin id="92" dir="0" index="1" bw="336" slack="0"/>
<pin id="93" dir="0" index="2" bw="336" slack="0"/>
<pin id="94" dir="1" index="3" bw="0" slack="2147483647"/>
</pin_list>
<bind>
<opcode="write(1151) " fcode="write"/>
<opset="write_ln77/5 "/>
</bind>
</comp>

<comp id="97" class="1004" name="grp_dense_array_array_ap_fixed_21_14_5_3_0_16u_config18_Pipeline_DataPrepare_fu_97">
<pin_list>
<pin id="98" dir="0" index="0" bw="0" slack="0"/>
<pin id="99" dir="0" index="1" bw="64" slack="0"/>
<pin id="100" dir="0" index="2" bw="8" slack="0"/>
<pin id="101" dir="0" index="3" bw="8" slack="0"/>
<pin id="102" dir="0" index="4" bw="8" slack="0"/>
<pin id="103" dir="0" index="5" bw="8" slack="0"/>
<pin id="104" dir="0" index="6" bw="8" slack="0"/>
<pin id="105" dir="0" index="7" bw="8" slack="0"/>
<pin id="106" dir="0" index="8" bw="8" slack="0"/>
<pin id="107" dir="0" index="9" bw="8" slack="0"/>
<pin id="108" dir="0" index="10" bw="8" slack="0"/>
<pin id="109" dir="0" index="11" bw="8" slack="0"/>
<pin id="110" dir="0" index="12" bw="8" slack="0"/>
<pin id="111" dir="0" index="13" bw="8" slack="0"/>
<pin id="112" dir="0" index="14" bw="8" slack="0"/>
<pin id="113" dir="0" index="15" bw="8" slack="0"/>
<pin id="114" dir="0" index="16" bw="8" slack="0"/>
<pin id="115" dir="0" index="17" bw="8" slack="0"/>
<pin id="116" dir="1" index="18" bw="0" slack="2147483647"/>
</pin_list>
<bind>
<opcode="call(48) " fcode="call"/>
<opset="call_ln0/1 "/>
</bind>
</comp>

<comp id="119" class="1004" name="grp_dense_latency_wrapper_ap_ufixed_ap_fixed_21_14_5_3_0_config18_s_fu_119">
<pin_list>
<pin id="120" dir="0" index="0" bw="336" slack="0"/>
<pin id="121" dir="0" index="1" bw="8" slack="0"/>
<pin id="122" dir="0" index="2" bw="8" slack="0"/>
<pin id="123" dir="0" index="3" bw="8" slack="0"/>
<pin id="124" dir="0" index="4" bw="8" slack="0"/>
<pin id="125" dir="0" index="5" bw="8" slack="0"/>
<pin id="126" dir="0" index="6" bw="8" slack="0"/>
<pin id="127" dir="0" index="7" bw="8" slack="0"/>
<pin id="128" dir="0" index="8" bw="8" slack="0"/>
<pin id="129" dir="0" index="9" bw="8" slack="0"/>
<pin id="130" dir="0" index="10" bw="8" slack="0"/>
<pin id="131" dir="0" index="11" bw="8" slack="0"/>
<pin id="132" dir="0" index="12" bw="8" slack="0"/>
<pin id="133" dir="0" index="13" bw="8" slack="0"/>
<pin id="134" dir="0" index="14" bw="8" slack="0"/>
<pin id="135" dir="0" index="15" bw="8" slack="0"/>
<pin id="136" dir="0" index="16" bw="8" slack="0"/>
<pin id="137" dir="1" index="17" bw="336" slack="0"/>
</pin_list>
<bind>
<opcode="call(48) " fcode="call"/>
<opset="call_ret/3 "/>
</bind>
</comp>

<comp id="139" class="1004" name="p_0_7_0_0_031_loc_load_load_fu_139">
<pin_list>
<pin id="140" dir="0" index="0" bw="8" slack="2"/>
<pin id="141" dir="1" index="1" bw="8" slack="0"/>
</pin_list>
<bind>
<opcode="load(27) " fcode="load"/>
<opset="p_0_7_0_0_031_loc_load/3 "/>
</bind>
</comp>

<comp id="143" class="1004" name="p_0_6_0_0_029_loc_load_load_fu_143">
<pin_list>
<pin id="144" dir="0" index="0" bw="8" slack="2"/>
<pin id="145" dir="1" index="1" bw="8" slack="0"/>
</pin_list>
<bind>
<opcode="load(27) " fcode="load"/>
<opset="p_0_6_0_0_029_loc_load/3 "/>
</bind>
</comp>

<comp id="147" class="1004" name="p_0_5_0_0_027_loc_load_load_fu_147">
<pin_list>
<pin id="148" dir="0" index="0" bw="8" slack="2"/>
<pin id="149" dir="1" index="1" bw="8" slack="0"/>
</pin_list>
<bind>
<opcode="load(27) " fcode="load"/>
<opset="p_0_5_0_0_027_loc_load/3 "/>
</bind>
</comp>

<comp id="151" class="1004" name="p_0_4_0_0_025_loc_load_load_fu_151">
<pin_list>
<pin id="152" dir="0" index="0" bw="8" slack="2"/>
<pin id="153" dir="1" index="1" bw="8" slack="0"/>
</pin_list>
<bind>
<opcode="load(27) " fcode="load"/>
<opset="p_0_4_0_0_025_loc_load/3 "/>
</bind>
</comp>

<comp id="155" class="1004" name="p_0_3_0_0_023_loc_load_load_fu_155">
<pin_list>
<pin id="156" dir="0" index="0" bw="8" slack="2"/>
<pin id="157" dir="1" index="1" bw="8" slack="0"/>
</pin_list>
<bind>
<opcode="load(27) " fcode="load"/>
<opset="p_0_3_0_0_023_loc_load/3 "/>
</bind>
</comp>

<comp id="159" class="1004" name="p_0_2_0_0_021_loc_load_load_fu_159">
<pin_list>
<pin id="160" dir="0" index="0" bw="8" slack="2"/>
<pin id="161" dir="1" index="1" bw="8" slack="0"/>
</pin_list>
<bind>
<opcode="load(27) " fcode="load"/>
<opset="p_0_2_0_0_021_loc_load/3 "/>
</bind>
</comp>

<comp id="163" class="1004" name="p_0_1_0_0_019_loc_load_load_fu_163">
<pin_list>
<pin id="164" dir="0" index="0" bw="8" slack="2"/>
<pin id="165" dir="1" index="1" bw="8" slack="0"/>
</pin_list>
<bind>
<opcode="load(27) " fcode="load"/>
<opset="p_0_1_0_0_019_loc_load/3 "/>
</bind>
</comp>

<comp id="167" class="1004" name="p_0_0_0_0_017_loc_load_load_fu_167">
<pin_list>
<pin id="168" dir="0" index="0" bw="8" slack="2"/>
<pin id="169" dir="1" index="1" bw="8" slack="0"/>
</pin_list>
<bind>
<opcode="load(27) " fcode="load"/>
<opset="p_0_0_0_0_017_loc_load/3 "/>
</bind>
</comp>

<comp id="171" class="1004" name="p_0_7_0_0_015_loc_load_load_fu_171">
<pin_list>
<pin id="172" dir="0" index="0" bw="8" slack="2"/>
<pin id="173" dir="1" index="1" bw="8" slack="0"/>
</pin_list>
<bind>
<opcode="load(27) " fcode="load"/>
<opset="p_0_7_0_0_015_loc_load/3 "/>
</bind>
</comp>

<comp id="175" class="1004" name="p_0_6_0_0_013_loc_load_load_fu_175">
<pin_list>
<pin id="176" dir="0" index="0" bw="8" slack="2"/>
<pin id="177" dir="1" index="1" bw="8" slack="0"/>
</pin_list>
<bind>
<opcode="load(27) " fcode="load"/>
<opset="p_0_6_0_0_013_loc_load/3 "/>
</bind>
</comp>

<comp id="179" class="1004" name="p_0_5_0_0_011_loc_load_load_fu_179">
<pin_list>
<pin id="180" dir="0" index="0" bw="8" slack="2"/>
<pin id="181" dir="1" index="1" bw="8" slack="0"/>
</pin_list>
<bind>
<opcode="load(27) " fcode="load"/>
<opset="p_0_5_0_0_011_loc_load/3 "/>
</bind>
</comp>

<comp id="183" class="1004" name="p_0_4_0_0_09_loc_load_load_fu_183">
<pin_list>
<pin id="184" dir="0" index="0" bw="8" slack="2"/>
<pin id="185" dir="1" index="1" bw="8" slack="0"/>
</pin_list>
<bind>
<opcode="load(27) " fcode="load"/>
<opset="p_0_4_0_0_09_loc_load/3 "/>
</bind>
</comp>

<comp id="187" class="1004" name="p_0_3_0_0_07_loc_load_load_fu_187">
<pin_list>
<pin id="188" dir="0" index="0" bw="8" slack="2"/>
<pin id="189" dir="1" index="1" bw="8" slack="0"/>
</pin_list>
<bind>
<opcode="load(27) " fcode="load"/>
<opset="p_0_3_0_0_07_loc_load/3 "/>
</bind>
</comp>

<comp id="191" class="1004" name="p_0_2_0_0_05_loc_load_load_fu_191">
<pin_list>
<pin id="192" dir="0" index="0" bw="8" slack="2"/>
<pin id="193" dir="1" index="1" bw="8" slack="0"/>
</pin_list>
<bind>
<opcode="load(27) " fcode="load"/>
<opset="p_0_2_0_0_05_loc_load/3 "/>
</bind>
</comp>

<comp id="195" class="1004" name="p_0_1_0_0_03_loc_load_load_fu_195">
<pin_list>
<pin id="196" dir="0" index="0" bw="8" slack="2"/>
<pin id="197" dir="1" index="1" bw="8" slack="0"/>
</pin_list>
<bind>
<opcode="load(27) " fcode="load"/>
<opset="p_0_1_0_0_03_loc_load/3 "/>
</bind>
</comp>

<comp id="199" class="1004" name="p_0_0_0_0_01_loc_load_load_fu_199">
<pin_list>
<pin id="200" dir="0" index="0" bw="8" slack="2"/>
<pin id="201" dir="1" index="1" bw="8" slack="0"/>
</pin_list>
<bind>
<opcode="load(27) " fcode="load"/>
<opset="p_0_0_0_0_01_loc_load/3 "/>
</bind>
</comp>

<comp id="203" class="1004" name="res_fu_203">
<pin_list>
<pin id="204" dir="0" index="0" bw="336" slack="0"/>
<pin id="205" dir="1" index="1" bw="21" slack="1"/>
</pin_list>
<bind>
<opcode="extractvalue(56) " fcode="extractvalue"/>
<opset="res/4 "/>
</bind>
</comp>

<comp id="207" class="1004" name="res_1_fu_207">
<pin_list>
<pin id="208" dir="0" index="0" bw="336" slack="0"/>
<pin id="209" dir="1" index="1" bw="21" slack="1"/>
</pin_list>
<bind>
<opcode="extractvalue(56) " fcode="extractvalue"/>
<opset="res_1/4 "/>
</bind>
</comp>

<comp id="211" class="1004" name="res_2_fu_211">
<pin_list>
<pin id="212" dir="0" index="0" bw="336" slack="0"/>
<pin id="213" dir="1" index="1" bw="21" slack="1"/>
</pin_list>
<bind>
<opcode="extractvalue(56) " fcode="extractvalue"/>
<opset="res_2/4 "/>
</bind>
</comp>

<comp id="215" class="1004" name="res_3_fu_215">
<pin_list>
<pin id="216" dir="0" index="0" bw="336" slack="0"/>
<pin id="217" dir="1" index="1" bw="21" slack="1"/>
</pin_list>
<bind>
<opcode="extractvalue(56) " fcode="extractvalue"/>
<opset="res_3/4 "/>
</bind>
</comp>

<comp id="219" class="1004" name="res_4_fu_219">
<pin_list>
<pin id="220" dir="0" index="0" bw="336" slack="0"/>
<pin id="221" dir="1" index="1" bw="21" slack="1"/>
</pin_list>
<bind>
<opcode="extractvalue(56) " fcode="extractvalue"/>
<opset="res_4/4 "/>
</bind>
</comp>

<comp id="223" class="1004" name="res_5_fu_223">
<pin_list>
<pin id="224" dir="0" index="0" bw="336" slack="0"/>
<pin id="225" dir="1" index="1" bw="21" slack="1"/>
</pin_list>
<bind>
<opcode="extractvalue(56) " fcode="extractvalue"/>
<opset="res_5/4 "/>
</bind>
</comp>

<comp id="227" class="1004" name="res_6_fu_227">
<pin_list>
<pin id="228" dir="0" index="0" bw="336" slack="0"/>
<pin id="229" dir="1" index="1" bw="21" slack="1"/>
</pin_list>
<bind>
<opcode="extractvalue(56) " fcode="extractvalue"/>
<opset="res_6/4 "/>
</bind>
</comp>

<comp id="231" class="1004" name="res_7_fu_231">
<pin_list>
<pin id="232" dir="0" index="0" bw="336" slack="0"/>
<pin id="233" dir="1" index="1" bw="21" slack="1"/>
</pin_list>
<bind>
<opcode="extractvalue(56) " fcode="extractvalue"/>
<opset="res_7/4 "/>
</bind>
</comp>

<comp id="235" class="1004" name="res_8_fu_235">
<pin_list>
<pin id="236" dir="0" index="0" bw="336" slack="0"/>
<pin id="237" dir="1" index="1" bw="21" slack="1"/>
</pin_list>
<bind>
<opcode="extractvalue(56) " fcode="extractvalue"/>
<opset="res_8/4 "/>
</bind>
</comp>

<comp id="239" class="1004" name="res_9_fu_239">
<pin_list>
<pin id="240" dir="0" index="0" bw="336" slack="0"/>
<pin id="241" dir="1" index="1" bw="21" slack="1"/>
</pin_list>
<bind>
<opcode="extractvalue(56) " fcode="extractvalue"/>
<opset="res_9/4 "/>
</bind>
</comp>

<comp id="243" class="1004" name="res_10_fu_243">
<pin_list>
<pin id="244" dir="0" index="0" bw="336" slack="0"/>
<pin id="245" dir="1" index="1" bw="21" slack="1"/>
</pin_list>
<bind>
<opcode="extractvalue(56) " fcode="extractvalue"/>
<opset="res_10/4 "/>
</bind>
</comp>

<comp id="247" class="1004" name="res_11_fu_247">
<pin_list>
<pin id="248" dir="0" index="0" bw="336" slack="0"/>
<pin id="249" dir="1" index="1" bw="21" slack="1"/>
</pin_list>
<bind>
<opcode="extractvalue(56) " fcode="extractvalue"/>
<opset="res_11/4 "/>
</bind>
</comp>

<comp id="251" class="1004" name="res_12_fu_251">
<pin_list>
<pin id="252" dir="0" index="0" bw="336" slack="0"/>
<pin id="253" dir="1" index="1" bw="21" slack="1"/>
</pin_list>
<bind>
<opcode="extractvalue(56) " fcode="extractvalue"/>
<opset="res_12/4 "/>
</bind>
</comp>

<comp id="255" class="1004" name="res_13_fu_255">
<pin_list>
<pin id="256" dir="0" index="0" bw="336" slack="0"/>
<pin id="257" dir="1" index="1" bw="21" slack="1"/>
</pin_list>
<bind>
<opcode="extractvalue(56) " fcode="extractvalue"/>
<opset="res_13/4 "/>
</bind>
</comp>

<comp id="259" class="1004" name="res_14_fu_259">
<pin_list>
<pin id="260" dir="0" index="0" bw="336" slack="0"/>
<pin id="261" dir="1" index="1" bw="21" slack="1"/>
</pin_list>
<bind>
<opcode="extractvalue(56) " fcode="extractvalue"/>
<opset="res_14/4 "/>
</bind>
</comp>

<comp id="263" class="1004" name="res_15_fu_263">
<pin_list>
<pin id="264" dir="0" index="0" bw="336" slack="0"/>
<pin id="265" dir="1" index="1" bw="21" slack="1"/>
</pin_list>
<bind>
<opcode="extractvalue(56) " fcode="extractvalue"/>
<opset="res_15/4 "/>
</bind>
</comp>

<comp id="267" class="1004" name="p_0_fu_267">
<pin_list>
<pin id="268" dir="0" index="0" bw="336" slack="0"/>
<pin id="269" dir="0" index="1" bw="21" slack="1"/>
<pin id="270" dir="0" index="2" bw="21" slack="1"/>
<pin id="271" dir="0" index="3" bw="21" slack="1"/>
<pin id="272" dir="0" index="4" bw="21" slack="1"/>
<pin id="273" dir="0" index="5" bw="21" slack="1"/>
<pin id="274" dir="0" index="6" bw="21" slack="1"/>
<pin id="275" dir="0" index="7" bw="21" slack="1"/>
<pin id="276" dir="0" index="8" bw="21" slack="1"/>
<pin id="277" dir="0" index="9" bw="21" slack="1"/>
<pin id="278" dir="0" index="10" bw="21" slack="1"/>
<pin id="279" dir="0" index="11" bw="21" slack="1"/>
<pin id="280" dir="0" index="12" bw="21" slack="1"/>
<pin id="281" dir="0" index="13" bw="21" slack="1"/>
<pin id="282" dir="0" index="14" bw="21" slack="1"/>
<pin id="283" dir="0" index="15" bw="21" slack="1"/>
<pin id="284" dir="0" index="16" bw="21" slack="1"/>
<pin id="285" dir="1" index="17" bw="336" slack="0"/>
</pin_list>
<bind>
<opcode="bitconcatenate(1004) " fcode="bitconcatenate"/>
<opset="p_0/5 "/>
</bind>
</comp>

<comp id="288" class="1005" name="p_0_0_0_0_01_loc_reg_288">
<pin_list>
<pin id="289" dir="0" index="0" bw="8" slack="0"/>
<pin id="290" dir="1" index="1" bw="8" slack="0"/>
</pin_list>
<bind>
<opset="p_0_0_0_0_01_loc "/>
</bind>
</comp>

<comp id="294" class="1005" name="p_0_1_0_0_03_loc_reg_294">
<pin_list>
<pin id="295" dir="0" index="0" bw="8" slack="0"/>
<pin id="296" dir="1" index="1" bw="8" slack="0"/>
</pin_list>
<bind>
<opset="p_0_1_0_0_03_loc "/>
</bind>
</comp>

<comp id="300" class="1005" name="p_0_2_0_0_05_loc_reg_300">
<pin_list>
<pin id="301" dir="0" index="0" bw="8" slack="0"/>
<pin id="302" dir="1" index="1" bw="8" slack="0"/>
</pin_list>
<bind>
<opset="p_0_2_0_0_05_loc "/>
</bind>
</comp>

<comp id="306" class="1005" name="p_0_3_0_0_07_loc_reg_306">
<pin_list>
<pin id="307" dir="0" index="0" bw="8" slack="0"/>
<pin id="308" dir="1" index="1" bw="8" slack="0"/>
</pin_list>
<bind>
<opset="p_0_3_0_0_07_loc "/>
</bind>
</comp>

<comp id="312" class="1005" name="p_0_4_0_0_09_loc_reg_312">
<pin_list>
<pin id="313" dir="0" index="0" bw="8" slack="0"/>
<pin id="314" dir="1" index="1" bw="8" slack="0"/>
</pin_list>
<bind>
<opset="p_0_4_0_0_09_loc "/>
</bind>
</comp>

<comp id="318" class="1005" name="p_0_5_0_0_011_loc_reg_318">
<pin_list>
<pin id="319" dir="0" index="0" bw="8" slack="0"/>
<pin id="320" dir="1" index="1" bw="8" slack="0"/>
</pin_list>
<bind>
<opset="p_0_5_0_0_011_loc "/>
</bind>
</comp>

<comp id="324" class="1005" name="p_0_6_0_0_013_loc_reg_324">
<pin_list>
<pin id="325" dir="0" index="0" bw="8" slack="0"/>
<pin id="326" dir="1" index="1" bw="8" slack="0"/>
</pin_list>
<bind>
<opset="p_0_6_0_0_013_loc "/>
</bind>
</comp>

<comp id="330" class="1005" name="p_0_7_0_0_015_loc_reg_330">
<pin_list>
<pin id="331" dir="0" index="0" bw="8" slack="0"/>
<pin id="332" dir="1" index="1" bw="8" slack="0"/>
</pin_list>
<bind>
<opset="p_0_7_0_0_015_loc "/>
</bind>
</comp>

<comp id="336" class="1005" name="p_0_0_0_0_017_loc_reg_336">
<pin_list>
<pin id="337" dir="0" index="0" bw="8" slack="0"/>
<pin id="338" dir="1" index="1" bw="8" slack="0"/>
</pin_list>
<bind>
<opset="p_0_0_0_0_017_loc "/>
</bind>
</comp>

<comp id="342" class="1005" name="p_0_1_0_0_019_loc_reg_342">
<pin_list>
<pin id="343" dir="0" index="0" bw="8" slack="0"/>
<pin id="344" dir="1" index="1" bw="8" slack="0"/>
</pin_list>
<bind>
<opset="p_0_1_0_0_019_loc "/>
</bind>
</comp>

<comp id="348" class="1005" name="p_0_2_0_0_021_loc_reg_348">
<pin_list>
<pin id="349" dir="0" index="0" bw="8" slack="0"/>
<pin id="350" dir="1" index="1" bw="8" slack="0"/>
</pin_list>
<bind>
<opset="p_0_2_0_0_021_loc "/>
</bind>
</comp>

<comp id="354" class="1005" name="p_0_3_0_0_023_loc_reg_354">
<pin_list>
<pin id="355" dir="0" index="0" bw="8" slack="0"/>
<pin id="356" dir="1" index="1" bw="8" slack="0"/>
</pin_list>
<bind>
<opset="p_0_3_0_0_023_loc "/>
</bind>
</comp>

<comp id="360" class="1005" name="p_0_4_0_0_025_loc_reg_360">
<pin_list>
<pin id="361" dir="0" index="0" bw="8" slack="0"/>
<pin id="362" dir="1" index="1" bw="8" slack="0"/>
</pin_list>
<bind>
<opset="p_0_4_0_0_025_loc "/>
</bind>
</comp>

<comp id="366" class="1005" name="p_0_5_0_0_027_loc_reg_366">
<pin_list>
<pin id="367" dir="0" index="0" bw="8" slack="0"/>
<pin id="368" dir="1" index="1" bw="8" slack="0"/>
</pin_list>
<bind>
<opset="p_0_5_0_0_027_loc "/>
</bind>
</comp>

<comp id="372" class="1005" name="p_0_6_0_0_029_loc_reg_372">
<pin_list>
<pin id="373" dir="0" index="0" bw="8" slack="0"/>
<pin id="374" dir="1" index="1" bw="8" slack="0"/>
</pin_list>
<bind>
<opset="p_0_6_0_0_029_loc "/>
</bind>
</comp>

<comp id="378" class="1005" name="p_0_7_0_0_031_loc_reg_378">
<pin_list>
<pin id="379" dir="0" index="0" bw="8" slack="0"/>
<pin id="380" dir="1" index="1" bw="8" slack="0"/>
</pin_list>
<bind>
<opset="p_0_7_0_0_031_loc "/>
</bind>
</comp>

<comp id="384" class="1005" name="res_reg_384">
<pin_list>
<pin id="385" dir="0" index="0" bw="21" slack="1"/>
<pin id="386" dir="1" index="1" bw="21" slack="1"/>
</pin_list>
<bind>
<opset="res "/>
</bind>
</comp>

<comp id="389" class="1005" name="res_1_reg_389">
<pin_list>
<pin id="390" dir="0" index="0" bw="21" slack="1"/>
<pin id="391" dir="1" index="1" bw="21" slack="1"/>
</pin_list>
<bind>
<opset="res_1 "/>
</bind>
</comp>

<comp id="394" class="1005" name="res_2_reg_394">
<pin_list>
<pin id="395" dir="0" index="0" bw="21" slack="1"/>
<pin id="396" dir="1" index="1" bw="21" slack="1"/>
</pin_list>
<bind>
<opset="res_2 "/>
</bind>
</comp>

<comp id="399" class="1005" name="res_3_reg_399">
<pin_list>
<pin id="400" dir="0" index="0" bw="21" slack="1"/>
<pin id="401" dir="1" index="1" bw="21" slack="1"/>
</pin_list>
<bind>
<opset="res_3 "/>
</bind>
</comp>

<comp id="404" class="1005" name="res_4_reg_404">
<pin_list>
<pin id="405" dir="0" index="0" bw="21" slack="1"/>
<pin id="406" dir="1" index="1" bw="21" slack="1"/>
</pin_list>
<bind>
<opset="res_4 "/>
</bind>
</comp>

<comp id="409" class="1005" name="res_5_reg_409">
<pin_list>
<pin id="410" dir="0" index="0" bw="21" slack="1"/>
<pin id="411" dir="1" index="1" bw="21" slack="1"/>
</pin_list>
<bind>
<opset="res_5 "/>
</bind>
</comp>

<comp id="414" class="1005" name="res_6_reg_414">
<pin_list>
<pin id="415" dir="0" index="0" bw="21" slack="1"/>
<pin id="416" dir="1" index="1" bw="21" slack="1"/>
</pin_list>
<bind>
<opset="res_6 "/>
</bind>
</comp>

<comp id="419" class="1005" name="res_7_reg_419">
<pin_list>
<pin id="420" dir="0" index="0" bw="21" slack="1"/>
<pin id="421" dir="1" index="1" bw="21" slack="1"/>
</pin_list>
<bind>
<opset="res_7 "/>
</bind>
</comp>

<comp id="424" class="1005" name="res_8_reg_424">
<pin_list>
<pin id="425" dir="0" index="0" bw="21" slack="1"/>
<pin id="426" dir="1" index="1" bw="21" slack="1"/>
</pin_list>
<bind>
<opset="res_8 "/>
</bind>
</comp>

<comp id="429" class="1005" name="res_9_reg_429">
<pin_list>
<pin id="430" dir="0" index="0" bw="21" slack="1"/>
<pin id="431" dir="1" index="1" bw="21" slack="1"/>
</pin_list>
<bind>
<opset="res_9 "/>
</bind>
</comp>

<comp id="434" class="1005" name="res_10_reg_434">
<pin_list>
<pin id="435" dir="0" index="0" bw="21" slack="1"/>
<pin id="436" dir="1" index="1" bw="21" slack="1"/>
</pin_list>
<bind>
<opset="res_10 "/>
</bind>
</comp>

<comp id="439" class="1005" name="res_11_reg_439">
<pin_list>
<pin id="440" dir="0" index="0" bw="21" slack="1"/>
<pin id="441" dir="1" index="1" bw="21" slack="1"/>
</pin_list>
<bind>
<opset="res_11 "/>
</bind>
</comp>

<comp id="444" class="1005" name="res_12_reg_444">
<pin_list>
<pin id="445" dir="0" index="0" bw="21" slack="1"/>
<pin id="446" dir="1" index="1" bw="21" slack="1"/>
</pin_list>
<bind>
<opset="res_12 "/>
</bind>
</comp>

<comp id="449" class="1005" name="res_13_reg_449">
<pin_list>
<pin id="450" dir="0" index="0" bw="21" slack="1"/>
<pin id="451" dir="1" index="1" bw="21" slack="1"/>
</pin_list>
<bind>
<opset="res_13 "/>
</bind>
</comp>

<comp id="454" class="1005" name="res_14_reg_454">
<pin_list>
<pin id="455" dir="0" index="0" bw="21" slack="1"/>
<pin id="456" dir="1" index="1" bw="21" slack="1"/>
</pin_list>
<bind>
<opset="res_14 "/>
</bind>
</comp>

<comp id="459" class="1005" name="res_15_reg_459">
<pin_list>
<pin id="460" dir="0" index="0" bw="21" slack="1"/>
<pin id="461" dir="1" index="1" bw="21" slack="1"/>
</pin_list>
<bind>
<opset="res_15 "/>
</bind>
</comp>

</comp_list>

<net_list>
<net id="29"><net_src comp="4" pin="0"/><net_sink comp="26" pin=0"/></net>

<net id="33"><net_src comp="4" pin="0"/><net_sink comp="30" pin=0"/></net>

<net id="37"><net_src comp="4" pin="0"/><net_sink comp="34" pin=0"/></net>

<net id="41"><net_src comp="4" pin="0"/><net_sink comp="38" pin=0"/></net>

<net id="45"><net_src comp="4" pin="0"/><net_sink comp="42" pin=0"/></net>

<net id="49"><net_src comp="4" pin="0"/><net_sink comp="46" pin=0"/></net>

<net id="53"><net_src comp="4" pin="0"/><net_sink comp="50" pin=0"/></net>

<net id="57"><net_src comp="4" pin="0"/><net_sink comp="54" pin=0"/></net>

<net id="61"><net_src comp="4" pin="0"/><net_sink comp="58" pin=0"/></net>

<net id="65"><net_src comp="4" pin="0"/><net_sink comp="62" pin=0"/></net>

<net id="69"><net_src comp="4" pin="0"/><net_sink comp="66" pin=0"/></net>

<net id="73"><net_src comp="4" pin="0"/><net_sink comp="70" pin=0"/></net>

<net id="77"><net_src comp="4" pin="0"/><net_sink comp="74" pin=0"/></net>

<net id="81"><net_src comp="4" pin="0"/><net_sink comp="78" pin=0"/></net>

<net id="85"><net_src comp="4" pin="0"/><net_sink comp="82" pin=0"/></net>

<net id="89"><net_src comp="4" pin="0"/><net_sink comp="86" pin=0"/></net>

<net id="95"><net_src comp="24" pin="0"/><net_sink comp="90" pin=0"/></net>

<net id="96"><net_src comp="2" pin="0"/><net_sink comp="90" pin=1"/></net>

<net id="117"><net_src comp="8" pin="0"/><net_sink comp="97" pin=0"/></net>

<net id="118"><net_src comp="0" pin="0"/><net_sink comp="97" pin=1"/></net>

<net id="138"><net_src comp="10" pin="0"/><net_sink comp="119" pin=0"/></net>

<net id="142"><net_src comp="139" pin="1"/><net_sink comp="119" pin=8"/></net>

<net id="146"><net_src comp="143" pin="1"/><net_sink comp="119" pin=7"/></net>

<net id="150"><net_src comp="147" pin="1"/><net_sink comp="119" pin=6"/></net>

<net id="154"><net_src comp="151" pin="1"/><net_sink comp="119" pin=5"/></net>

<net id="158"><net_src comp="155" pin="1"/><net_sink comp="119" pin=4"/></net>

<net id="162"><net_src comp="159" pin="1"/><net_sink comp="119" pin=3"/></net>

<net id="166"><net_src comp="163" pin="1"/><net_sink comp="119" pin=2"/></net>

<net id="170"><net_src comp="167" pin="1"/><net_sink comp="119" pin=1"/></net>

<net id="174"><net_src comp="171" pin="1"/><net_sink comp="119" pin=16"/></net>

<net id="178"><net_src comp="175" pin="1"/><net_sink comp="119" pin=15"/></net>

<net id="182"><net_src comp="179" pin="1"/><net_sink comp="119" pin=14"/></net>

<net id="186"><net_src comp="183" pin="1"/><net_sink comp="119" pin=13"/></net>

<net id="190"><net_src comp="187" pin="1"/><net_sink comp="119" pin=12"/></net>

<net id="194"><net_src comp="191" pin="1"/><net_sink comp="119" pin=11"/></net>

<net id="198"><net_src comp="195" pin="1"/><net_sink comp="119" pin=10"/></net>

<net id="202"><net_src comp="199" pin="1"/><net_sink comp="119" pin=9"/></net>

<net id="206"><net_src comp="119" pin="17"/><net_sink comp="203" pin=0"/></net>

<net id="210"><net_src comp="119" pin="17"/><net_sink comp="207" pin=0"/></net>

<net id="214"><net_src comp="119" pin="17"/><net_sink comp="211" pin=0"/></net>

<net id="218"><net_src comp="119" pin="17"/><net_sink comp="215" pin=0"/></net>

<net id="222"><net_src comp="119" pin="17"/><net_sink comp="219" pin=0"/></net>

<net id="226"><net_src comp="119" pin="17"/><net_sink comp="223" pin=0"/></net>

<net id="230"><net_src comp="119" pin="17"/><net_sink comp="227" pin=0"/></net>

<net id="234"><net_src comp="119" pin="17"/><net_sink comp="231" pin=0"/></net>

<net id="238"><net_src comp="119" pin="17"/><net_sink comp="235" pin=0"/></net>

<net id="242"><net_src comp="119" pin="17"/><net_sink comp="239" pin=0"/></net>

<net id="246"><net_src comp="119" pin="17"/><net_sink comp="243" pin=0"/></net>

<net id="250"><net_src comp="119" pin="17"/><net_sink comp="247" pin=0"/></net>

<net id="254"><net_src comp="119" pin="17"/><net_sink comp="251" pin=0"/></net>

<net id="258"><net_src comp="119" pin="17"/><net_sink comp="255" pin=0"/></net>

<net id="262"><net_src comp="119" pin="17"/><net_sink comp="259" pin=0"/></net>

<net id="266"><net_src comp="119" pin="17"/><net_sink comp="263" pin=0"/></net>

<net id="286"><net_src comp="22" pin="0"/><net_sink comp="267" pin=0"/></net>

<net id="287"><net_src comp="267" pin="17"/><net_sink comp="90" pin=2"/></net>

<net id="291"><net_src comp="26" pin="1"/><net_sink comp="288" pin=0"/></net>

<net id="292"><net_src comp="288" pin="1"/><net_sink comp="97" pin=17"/></net>

<net id="293"><net_src comp="288" pin="1"/><net_sink comp="199" pin=0"/></net>

<net id="297"><net_src comp="30" pin="1"/><net_sink comp="294" pin=0"/></net>

<net id="298"><net_src comp="294" pin="1"/><net_sink comp="97" pin=16"/></net>

<net id="299"><net_src comp="294" pin="1"/><net_sink comp="195" pin=0"/></net>

<net id="303"><net_src comp="34" pin="1"/><net_sink comp="300" pin=0"/></net>

<net id="304"><net_src comp="300" pin="1"/><net_sink comp="97" pin=15"/></net>

<net id="305"><net_src comp="300" pin="1"/><net_sink comp="191" pin=0"/></net>

<net id="309"><net_src comp="38" pin="1"/><net_sink comp="306" pin=0"/></net>

<net id="310"><net_src comp="306" pin="1"/><net_sink comp="97" pin=14"/></net>

<net id="311"><net_src comp="306" pin="1"/><net_sink comp="187" pin=0"/></net>

<net id="315"><net_src comp="42" pin="1"/><net_sink comp="312" pin=0"/></net>

<net id="316"><net_src comp="312" pin="1"/><net_sink comp="97" pin=13"/></net>

<net id="317"><net_src comp="312" pin="1"/><net_sink comp="183" pin=0"/></net>

<net id="321"><net_src comp="46" pin="1"/><net_sink comp="318" pin=0"/></net>

<net id="322"><net_src comp="318" pin="1"/><net_sink comp="97" pin=12"/></net>

<net id="323"><net_src comp="318" pin="1"/><net_sink comp="179" pin=0"/></net>

<net id="327"><net_src comp="50" pin="1"/><net_sink comp="324" pin=0"/></net>

<net id="328"><net_src comp="324" pin="1"/><net_sink comp="97" pin=11"/></net>

<net id="329"><net_src comp="324" pin="1"/><net_sink comp="175" pin=0"/></net>

<net id="333"><net_src comp="54" pin="1"/><net_sink comp="330" pin=0"/></net>

<net id="334"><net_src comp="330" pin="1"/><net_sink comp="97" pin=10"/></net>

<net id="335"><net_src comp="330" pin="1"/><net_sink comp="171" pin=0"/></net>

<net id="339"><net_src comp="58" pin="1"/><net_sink comp="336" pin=0"/></net>

<net id="340"><net_src comp="336" pin="1"/><net_sink comp="97" pin=9"/></net>

<net id="341"><net_src comp="336" pin="1"/><net_sink comp="167" pin=0"/></net>

<net id="345"><net_src comp="62" pin="1"/><net_sink comp="342" pin=0"/></net>

<net id="346"><net_src comp="342" pin="1"/><net_sink comp="97" pin=8"/></net>

<net id="347"><net_src comp="342" pin="1"/><net_sink comp="163" pin=0"/></net>

<net id="351"><net_src comp="66" pin="1"/><net_sink comp="348" pin=0"/></net>

<net id="352"><net_src comp="348" pin="1"/><net_sink comp="97" pin=7"/></net>

<net id="353"><net_src comp="348" pin="1"/><net_sink comp="159" pin=0"/></net>

<net id="357"><net_src comp="70" pin="1"/><net_sink comp="354" pin=0"/></net>

<net id="358"><net_src comp="354" pin="1"/><net_sink comp="97" pin=6"/></net>

<net id="359"><net_src comp="354" pin="1"/><net_sink comp="155" pin=0"/></net>

<net id="363"><net_src comp="74" pin="1"/><net_sink comp="360" pin=0"/></net>

<net id="364"><net_src comp="360" pin="1"/><net_sink comp="97" pin=5"/></net>

<net id="365"><net_src comp="360" pin="1"/><net_sink comp="151" pin=0"/></net>

<net id="369"><net_src comp="78" pin="1"/><net_sink comp="366" pin=0"/></net>

<net id="370"><net_src comp="366" pin="1"/><net_sink comp="97" pin=4"/></net>

<net id="371"><net_src comp="366" pin="1"/><net_sink comp="147" pin=0"/></net>

<net id="375"><net_src comp="82" pin="1"/><net_sink comp="372" pin=0"/></net>

<net id="376"><net_src comp="372" pin="1"/><net_sink comp="97" pin=3"/></net>

<net id="377"><net_src comp="372" pin="1"/><net_sink comp="143" pin=0"/></net>

<net id="381"><net_src comp="86" pin="1"/><net_sink comp="378" pin=0"/></net>

<net id="382"><net_src comp="378" pin="1"/><net_sink comp="97" pin=2"/></net>

<net id="383"><net_src comp="378" pin="1"/><net_sink comp="139" pin=0"/></net>

<net id="387"><net_src comp="203" pin="1"/><net_sink comp="384" pin=0"/></net>

<net id="388"><net_src comp="384" pin="1"/><net_sink comp="267" pin=16"/></net>

<net id="392"><net_src comp="207" pin="1"/><net_sink comp="389" pin=0"/></net>

<net id="393"><net_src comp="389" pin="1"/><net_sink comp="267" pin=15"/></net>

<net id="397"><net_src comp="211" pin="1"/><net_sink comp="394" pin=0"/></net>

<net id="398"><net_src comp="394" pin="1"/><net_sink comp="267" pin=14"/></net>

<net id="402"><net_src comp="215" pin="1"/><net_sink comp="399" pin=0"/></net>

<net id="403"><net_src comp="399" pin="1"/><net_sink comp="267" pin=13"/></net>

<net id="407"><net_src comp="219" pin="1"/><net_sink comp="404" pin=0"/></net>

<net id="408"><net_src comp="404" pin="1"/><net_sink comp="267" pin=12"/></net>

<net id="412"><net_src comp="223" pin="1"/><net_sink comp="409" pin=0"/></net>

<net id="413"><net_src comp="409" pin="1"/><net_sink comp="267" pin=11"/></net>

<net id="417"><net_src comp="227" pin="1"/><net_sink comp="414" pin=0"/></net>

<net id="418"><net_src comp="414" pin="1"/><net_sink comp="267" pin=10"/></net>

<net id="422"><net_src comp="231" pin="1"/><net_sink comp="419" pin=0"/></net>

<net id="423"><net_src comp="419" pin="1"/><net_sink comp="267" pin=9"/></net>

<net id="427"><net_src comp="235" pin="1"/><net_sink comp="424" pin=0"/></net>

<net id="428"><net_src comp="424" pin="1"/><net_sink comp="267" pin=8"/></net>

<net id="432"><net_src comp="239" pin="1"/><net_sink comp="429" pin=0"/></net>

<net id="433"><net_src comp="429" pin="1"/><net_sink comp="267" pin=7"/></net>

<net id="437"><net_src comp="243" pin="1"/><net_sink comp="434" pin=0"/></net>

<net id="438"><net_src comp="434" pin="1"/><net_sink comp="267" pin=6"/></net>

<net id="442"><net_src comp="247" pin="1"/><net_sink comp="439" pin=0"/></net>

<net id="443"><net_src comp="439" pin="1"/><net_sink comp="267" pin=5"/></net>

<net id="447"><net_src comp="251" pin="1"/><net_sink comp="444" pin=0"/></net>

<net id="448"><net_src comp="444" pin="1"/><net_sink comp="267" pin=4"/></net>

<net id="452"><net_src comp="255" pin="1"/><net_sink comp="449" pin=0"/></net>

<net id="453"><net_src comp="449" pin="1"/><net_sink comp="267" pin=3"/></net>

<net id="457"><net_src comp="259" pin="1"/><net_sink comp="454" pin=0"/></net>

<net id="458"><net_src comp="454" pin="1"/><net_sink comp="267" pin=2"/></net>

<net id="462"><net_src comp="263" pin="1"/><net_sink comp="459" pin=0"/></net>

<net id="463"><net_src comp="459" pin="1"/><net_sink comp="267" pin=1"/></net>

</net_list>

</model> 
---------------- Datapath Model END ------------------

* FSMD analyzer results:
  - Output states:
	Port: layer18_out | {5 }
 - Input state : 
	Port: dense<array<ap_ufixed,8u>,array<ap_fixed<21,14,5,3,0>,16u>,config18> : layer16_out | {1 2 }
  - Chain level:
	State 1
		call_ln0 : 1
	State 2
	State 3
		call_ret : 1
	State 4
		res : 1
		res_1 : 1
		res_2 : 1
		res_3 : 1
		res_4 : 1
		res_5 : 1
		res_6 : 1
		res_7 : 1
		res_8 : 1
		res_9 : 1
		res_10 : 1
		res_11 : 1
		res_12 : 1
		res_13 : 1
		res_14 : 1
		res_15 : 1
	State 5
		write_ln77 : 1


============================================================
+ Verbose Summary: Datapath Resource usage 
============================================================

* Functional unit list:
|----------|------------------------------------------------------------------------------------|---------|---------|
| Operation|                                   Functional Unit                                  |    FF   |   LUT   |
|----------|------------------------------------------------------------------------------------|---------|---------|
|   call   | grp_dense_array_array_ap_fixed_21_14_5_3_0_16u_config18_Pipeline_DataPrepare_fu_97 |   131   |   146   |
|          |     grp_dense_latency_wrapper_ap_ufixed_ap_fixed_21_14_5_3_0_config18_s_fu_119     |   905   |   5151  |
|----------|------------------------------------------------------------------------------------|---------|---------|
|   write  |                               write_ln77_write_fu_90                               |    0    |    0    |
|----------|------------------------------------------------------------------------------------|---------|---------|
|          |                                     res_fu_203                                     |    0    |    0    |
|          |                                    res_1_fu_207                                    |    0    |    0    |
|          |                                    res_2_fu_211                                    |    0    |    0    |
|          |                                    res_3_fu_215                                    |    0    |    0    |
|          |                                    res_4_fu_219                                    |    0    |    0    |
|          |                                    res_5_fu_223                                    |    0    |    0    |
|          |                                    res_6_fu_227                                    |    0    |    0    |
|extractvalue|                                    res_7_fu_231                                    |    0    |    0    |
|          |                                    res_8_fu_235                                    |    0    |    0    |
|          |                                    res_9_fu_239                                    |    0    |    0    |
|          |                                    res_10_fu_243                                   |    0    |    0    |
|          |                                    res_11_fu_247                                   |    0    |    0    |
|          |                                    res_12_fu_251                                   |    0    |    0    |
|          |                                    res_13_fu_255                                   |    0    |    0    |
|          |                                    res_14_fu_259                                   |    0    |    0    |
|          |                                    res_15_fu_263                                   |    0    |    0    |
|----------|------------------------------------------------------------------------------------|---------|---------|
|bitconcatenate|                                     p_0_fu_267                                     |    0    |    0    |
|----------|------------------------------------------------------------------------------------|---------|---------|
|   Total  |                                                                                    |   1036  |   5297  |
|----------|------------------------------------------------------------------------------------|---------|---------|

Memories:
N/A

* Register list:
+-------------------------+--------+
|                         |   FF   |
+-------------------------+--------+
|p_0_0_0_0_017_loc_reg_336|    8   |
| p_0_0_0_0_01_loc_reg_288|    8   |
|p_0_1_0_0_019_loc_reg_342|    8   |
| p_0_1_0_0_03_loc_reg_294|    8   |
|p_0_2_0_0_021_loc_reg_348|    8   |
| p_0_2_0_0_05_loc_reg_300|    8   |
|p_0_3_0_0_023_loc_reg_354|    8   |
| p_0_3_0_0_07_loc_reg_306|    8   |
|p_0_4_0_0_025_loc_reg_360|    8   |
| p_0_4_0_0_09_loc_reg_312|    8   |
|p_0_5_0_0_011_loc_reg_318|    8   |
|p_0_5_0_0_027_loc_reg_366|    8   |
|p_0_6_0_0_013_loc_reg_324|    8   |
|p_0_6_0_0_029_loc_reg_372|    8   |
|p_0_7_0_0_015_loc_reg_330|    8   |
|p_0_7_0_0_031_loc_reg_378|    8   |
|      res_10_reg_434     |   21   |
|      res_11_reg_439     |   21   |
|      res_12_reg_444     |   21   |
|      res_13_reg_449     |   21   |
|      res_14_reg_454     |   21   |
|      res_15_reg_459     |   21   |
|      res_1_reg_389      |   21   |
|      res_2_reg_394      |   21   |
|      res_3_reg_399      |   21   |
|      res_4_reg_404      |   21   |
|      res_5_reg_409      |   21   |
|      res_6_reg_414      |   21   |
|      res_7_reg_419      |   21   |
|      res_8_reg_424      |   21   |
|      res_9_reg_429      |   21   |
|       res_reg_384       |   21   |
+-------------------------+--------+
|          Total          |   464  |
+-------------------------+--------+

* Multiplexer (MUX) list: 
|--------|------|------|------|--------|
|  Comp  |  Pin | Size |  BW  | S x BW |
|--------|------|------|------|--------|
|  Total |      |      |      |    0   |
|--------|------|------|------|--------|



* Summary:
+-----------+--------+--------+
|           |   FF   |   LUT  |
+-----------+--------+--------+
|  Function |  1036  |  5297  |
|   Memory  |    -   |    -   |
|Multiplexer|    -   |    -   |
|  Register |   464  |    -   |
+-----------+--------+--------+
|   Total   |  1500  |  5297  |
+-----------+--------+--------+
