/home/chejimenez/GitHub/NBFM_SpeakerRecognition_FPGA_Accelerator/hls4ml_output_compact/qat_8bit/myproject_prj/solution1/.autopilot/db/myproject.pp.0.cpp:28530:7: warning: Added loop label VITIS_LOOP_1207_1:   [xilinx-label-all-loops]
      for (i = 0; i < __N - 1; ++i) {
      ^~~
      VITIS_LOOP_1207_1: 
/home/chejimenez/GitHub/NBFM_SpeakerRecognition_FPGA_Accelerator/hls4ml_output_compact/qat_8bit/myproject_prj/solution1/.autopilot/db/myproject.pp.0.cpp:28530:7: note: FIX-IT applied suggested code changes
/home/chejimenez/GitHub/NBFM_SpeakerRecognition_FPGA_Accelerator/hls4ml_output_compact/qat_8bit/myproject_prj/solution1/.autopilot/db/myproject.pp.0.cpp:29504:5: warning: Added loop label VITIS_LOOP_676_1:   [xilinx-label-all-loops]
    for (unsigned i = low; i != high; ++i) {
    ^~~
    VITIS_LOOP_676_1: 
/home/chejimenez/GitHub/NBFM_SpeakerRecognition_FPGA_Accelerator/hls4ml_output_compact/qat_8bit/myproject_prj/solution1/.autopilot/db/myproject.pp.0.cpp:29504:5: note: FIX-IT applied suggested code changes
/home/chejimenez/GitHub/NBFM_SpeakerRecognition_FPGA_Accelerator/hls4ml_output_compact/qat_8bit/myproject_prj/solution1/.autopilot/db/myproject.pp.0.cpp:29518:5: warning: Added loop label VITIS_LOOP_690_1:   [xilinx-label-all-loops]
    for (unsigned i = low; i != high; ++i) {
    ^~~
    VITIS_LOOP_690_1: 
/home/chejimenez/GitHub/NBFM_SpeakerRecognition_FPGA_Accelerator/hls4ml_output_compact/qat_8bit/myproject_prj/solution1/.autopilot/db/myproject.pp.0.cpp:29518:5: note: FIX-IT applied suggested code changes
/home/chejimenez/GitHub/NBFM_SpeakerRecognition_FPGA_Accelerator/hls4ml_output_compact/qat_8bit/myproject_prj/solution1/.autopilot/db/myproject.pp.0.cpp:29532:5: warning: Added loop label VITIS_LOOP_704_1:   [xilinx-label-all-loops]
    for (unsigned i = low; i != high; ++i) {
    ^~~
    VITIS_LOOP_704_1: 
/home/chejimenez/GitHub/NBFM_SpeakerRecognition_FPGA_Accelerator/hls4ml_output_compact/qat_8bit/myproject_prj/solution1/.autopilot/db/myproject.pp.0.cpp:29532:5: note: FIX-IT applied suggested code changes
/home/chejimenez/GitHub/NBFM_SpeakerRecognition_FPGA_Accelerator/hls4ml_output_compact/qat_8bit/myproject_prj/solution1/.autopilot/db/myproject.pp.0.cpp:31149:7: warning: Added loop label VITIS_LOOP_1247_1:   [xilinx-label-all-loops]
      for (i = 0; i < __N - 1; ++i) {
      ^~~
      VITIS_LOOP_1247_1: 
/home/chejimenez/GitHub/NBFM_SpeakerRecognition_FPGA_Accelerator/hls4ml_output_compact/qat_8bit/myproject_prj/solution1/.autopilot/db/myproject.pp.0.cpp:31149:7: note: FIX-IT applied suggested code changes
/home/chejimenez/GitHub/NBFM_SpeakerRecognition_FPGA_Accelerator/hls4ml_output_compact/qat_8bit/myproject_prj/solution1/.autopilot/db/myproject.pp.0.cpp:33132:9: warning: Added loop label VITIS_LOOP_27_1:   [xilinx-label-all-loops]
        for (unsigned i = 0; i < N; i++) {
        ^~~
        VITIS_LOOP_27_1: 
/home/chejimenez/GitHub/NBFM_SpeakerRecognition_FPGA_Accelerator/hls4ml_output_compact/qat_8bit/myproject_prj/solution1/.autopilot/db/myproject.pp.0.cpp:33132:9: note: FIX-IT applied suggested code changes
/home/chejimenez/GitHub/NBFM_SpeakerRecognition_FPGA_Accelerator/hls4ml_output_compact/qat_8bit/myproject_prj/solution1/.autopilot/db/myproject.pp.0.cpp:33144:9: warning: Added loop label VITIS_LOOP_39_1:   [xilinx-label-all-loops]
        for (unsigned i = 0; i < N; i++) {
        ^~~
        VITIS_LOOP_39_1: 
/home/chejimenez/GitHub/NBFM_SpeakerRecognition_FPGA_Accelerator/hls4ml_output_compact/qat_8bit/myproject_prj/solution1/.autopilot/db/myproject.pp.0.cpp:33144:9: note: FIX-IT applied suggested code changes
/home/chejimenez/GitHub/NBFM_SpeakerRecognition_FPGA_Accelerator/hls4ml_output_compact/qat_8bit/myproject_prj/solution1/.autopilot/db/myproject.pp.0.cpp:33161:9: warning: Added loop label VITIS_LOOP_56_1:   [xilinx-label-all-loops]
        for (size_t i = 0; i < N; i++) {
        ^~~
        VITIS_LOOP_56_1: 
/home/chejimenez/GitHub/NBFM_SpeakerRecognition_FPGA_Accelerator/hls4ml_output_compact/qat_8bit/myproject_prj/solution1/.autopilot/db/myproject.pp.0.cpp:33161:9: note: FIX-IT applied suggested code changes
/home/chejimenez/GitHub/NBFM_SpeakerRecognition_FPGA_Accelerator/hls4ml_output_compact/qat_8bit/myproject_prj/solution1/.autopilot/db/myproject.pp.0.cpp:56389:5: warning: Added loop label VITIS_LOOP_265_1:   [xilinx-label-all-loops]
    for (typename std::vector<src_T>::const_iterator i = in_begin; i != in_end; ++i) {
    ^~~
    VITIS_LOOP_265_1: 
/home/chejimenez/GitHub/NBFM_SpeakerRecognition_FPGA_Accelerator/hls4ml_output_compact/qat_8bit/myproject_prj/solution1/.autopilot/db/myproject.pp.0.cpp:56389:5: note: FIX-IT applied suggested code changes
/home/chejimenez/GitHub/NBFM_SpeakerRecognition_FPGA_Accelerator/hls4ml_output_compact/qat_8bit/myproject_prj/solution1/.autopilot/db/myproject.pp.0.cpp:56399:5: warning: Added loop label VITIS_LOOP_275_1:   [xilinx-label-all-loops]
    for (auto i = 0; i < SIZE; i++)
    ^~~
    VITIS_LOOP_275_1: 
/home/chejimenez/GitHub/NBFM_SpeakerRecognition_FPGA_Accelerator/hls4ml_output_compact/qat_8bit/myproject_prj/solution1/.autopilot/db/myproject.pp.0.cpp:56399:5: note: FIX-IT applied suggested code changes
/home/chejimenez/GitHub/NBFM_SpeakerRecognition_FPGA_Accelerator/hls4ml_output_compact/qat_8bit/myproject_prj/solution1/.autopilot/db/myproject.pp.0.cpp:56410:5: warning: Added loop label VITIS_LOOP_286_1:   [xilinx-label-all-loops]
    for (int i = 0; i < SIZE; i++) {
    ^~~
    VITIS_LOOP_286_1: 
/home/chejimenez/GitHub/NBFM_SpeakerRecognition_FPGA_Accelerator/hls4ml_output_compact/qat_8bit/myproject_prj/solution1/.autopilot/db/myproject.pp.0.cpp:56410:5: note: FIX-IT applied suggested code changes
/home/chejimenez/GitHub/NBFM_SpeakerRecognition_FPGA_Accelerator/hls4ml_output_compact/qat_8bit/myproject_prj/solution1/.autopilot/db/myproject.pp.0.cpp:56417:5: warning: Added loop label VITIS_LOOP_293_1:   [xilinx-label-all-loops]
    for (int i = 0; i < SIZE / res_T::size; i++) {
    ^~~
    VITIS_LOOP_293_1: 
/home/chejimenez/GitHub/NBFM_SpeakerRecognition_FPGA_Accelerator/hls4ml_output_compact/qat_8bit/myproject_prj/solution1/.autopilot/db/myproject.pp.0.cpp:56417:5: note: FIX-IT applied suggested code changes
/home/chejimenez/GitHub/NBFM_SpeakerRecognition_FPGA_Accelerator/hls4ml_output_compact/qat_8bit/myproject_prj/solution1/.autopilot/db/myproject.pp.0.cpp:56419:9: warning: Added loop label VITIS_LOOP_295_2:   [xilinx-label-all-loops]
        for (int j = 0; j < res_T::size; j++) {
        ^~~
        VITIS_LOOP_295_2: 
/home/chejimenez/GitHub/NBFM_SpeakerRecognition_FPGA_Accelerator/hls4ml_output_compact/qat_8bit/myproject_prj/solution1/.autopilot/db/myproject.pp.0.cpp:56419:9: note: FIX-IT applied suggested code changes
/home/chejimenez/GitHub/NBFM_SpeakerRecognition_FPGA_Accelerator/hls4ml_output_compact/qat_8bit/myproject_prj/solution1/.autopilot/db/myproject.pp.0.cpp:56431:5: warning: Added loop label VITIS_LOOP_307_1:   [xilinx-label-all-loops]
    for (int i = 0; i < SIZE / data_T::size; i++) {
    ^~~
    VITIS_LOOP_307_1: 
/home/chejimenez/GitHub/NBFM_SpeakerRecognition_FPGA_Accelerator/hls4ml_output_compact/qat_8bit/myproject_prj/solution1/.autopilot/db/myproject.pp.0.cpp:56431:5: note: FIX-IT applied suggested code changes
/home/chejimenez/GitHub/NBFM_SpeakerRecognition_FPGA_Accelerator/hls4ml_output_compact/qat_8bit/myproject_prj/solution1/.autopilot/db/myproject.pp.0.cpp:56433:9: warning: Added loop label VITIS_LOOP_309_2:   [xilinx-label-all-loops]
        for (int j = 0; j < data_T::size; j++) {
        ^~~
        VITIS_LOOP_309_2: 
/home/chejimenez/GitHub/NBFM_SpeakerRecognition_FPGA_Accelerator/hls4ml_output_compact/qat_8bit/myproject_prj/solution1/.autopilot/db/myproject.pp.0.cpp:56433:9: note: FIX-IT applied suggested code changes
/home/chejimenez/GitHub/NBFM_SpeakerRecognition_FPGA_Accelerator/hls4ml_output_compact/qat_8bit/myproject_prj/solution1/.autopilot/db/myproject.pp.0.cpp:56448:5: warning: Added loop label VITIS_LOOP_324_1:   [xilinx-label-all-loops]
    for (int ii = 0; ii < nrows; ii++) {
    ^~~
    VITIS_LOOP_324_1: 
/home/chejimenez/GitHub/NBFM_SpeakerRecognition_FPGA_Accelerator/hls4ml_output_compact/qat_8bit/myproject_prj/solution1/.autopilot/db/myproject.pp.0.cpp:56448:5: note: FIX-IT applied suggested code changes
/home/chejimenez/GitHub/NBFM_SpeakerRecognition_FPGA_Accelerator/hls4ml_output_compact/qat_8bit/myproject_prj/solution1/.autopilot/db/myproject.pp.0.cpp:56468:5: warning: Added loop label VITIS_LOOP_344_1:   [xilinx-label-all-loops]
    for (int ii = 0; ii < nrows; ii++) {
    ^~~
    VITIS_LOOP_344_1: 
/home/chejimenez/GitHub/NBFM_SpeakerRecognition_FPGA_Accelerator/hls4ml_output_compact/qat_8bit/myproject_prj/solution1/.autopilot/db/myproject.pp.0.cpp:56468:5: note: FIX-IT applied suggested code changes
/home/chejimenez/GitHub/NBFM_SpeakerRecognition_FPGA_Accelerator/hls4ml_output_compact/qat_8bit/myproject_prj/solution1/.autopilot/db/myproject.pp.0.cpp:56469:9: warning: Added loop label VITIS_LOOP_345_2:   [xilinx-label-all-loops]
        for (int jj = 0; jj < ncols; jj++) {
        ^~~
        VITIS_LOOP_345_2: 
/home/chejimenez/GitHub/NBFM_SpeakerRecognition_FPGA_Accelerator/hls4ml_output_compact/qat_8bit/myproject_prj/solution1/.autopilot/db/myproject.pp.0.cpp:56469:9: note: FIX-IT applied suggested code changes
/home/chejimenez/GitHub/NBFM_SpeakerRecognition_FPGA_Accelerator/hls4ml_output_compact/qat_8bit/myproject_prj/solution1/.autopilot/db/myproject.pp.0.cpp:56484:5: warning: Added loop label VITIS_LOOP_360_1:   [xilinx-label-all-loops]
    for (int ii = 0; ii < N_IN; ii++) {
    ^~~
    VITIS_LOOP_360_1: 
/home/chejimenez/GitHub/NBFM_SpeakerRecognition_FPGA_Accelerator/hls4ml_output_compact/qat_8bit/myproject_prj/solution1/.autopilot/db/myproject.pp.0.cpp:56484:5: note: FIX-IT applied suggested code changes
/home/chejimenez/GitHub/NBFM_SpeakerRecognition_FPGA_Accelerator/hls4ml_output_compact/qat_8bit/myproject_prj/solution1/.autopilot/db/myproject.pp.0.cpp:56491:5: warning: Added loop label VITIS_LOOP_367_1:   [xilinx-label-all-loops]
    for (int ii = 0; ii < N_IN; ii++) {
    ^~~
    VITIS_LOOP_367_1: 
/home/chejimenez/GitHub/NBFM_SpeakerRecognition_FPGA_Accelerator/hls4ml_output_compact/qat_8bit/myproject_prj/solution1/.autopilot/db/myproject.pp.0.cpp:56491:5: note: FIX-IT applied suggested code changes
/home/chejimenez/GitHub/NBFM_SpeakerRecognition_FPGA_Accelerator/hls4ml_output_compact/qat_8bit/myproject_prj/solution1/.autopilot/db/myproject.pp.0.cpp:56801:5: warning: Added loop label VITIS_LOOP_136_1:   [xilinx-label-all-loops]
    for (int ii = 0; ii < CONFIG_T::out_width / CONFIG_T::n_partitions; ii++) {
    ^~~
    VITIS_LOOP_136_1: 
/home/chejimenez/GitHub/NBFM_SpeakerRecognition_FPGA_Accelerator/hls4ml_output_compact/qat_8bit/myproject_prj/solution1/.autopilot/db/myproject.pp.0.cpp:56801:5: note: FIX-IT applied suggested code changes
/home/chejimenez/GitHub/NBFM_SpeakerRecognition_FPGA_Accelerator/hls4ml_output_compact/qat_8bit/myproject_prj/solution1/.autopilot/db/myproject.pp.0.cpp:56802:9: warning: Added loop label VITIS_LOOP_137_2:   [xilinx-label-all-loops]
        for (int ff = 0; ff < CONFIG_T::n_filt; ff++) {
        ^~~
        VITIS_LOOP_137_2: 
/home/chejimenez/GitHub/NBFM_SpeakerRecognition_FPGA_Accelerator/hls4ml_output_compact/qat_8bit/myproject_prj/solution1/.autopilot/db/myproject.pp.0.cpp:56802:9: note: FIX-IT applied suggested code changes
/home/chejimenez/GitHub/NBFM_SpeakerRecognition_FPGA_Accelerator/hls4ml_output_compact/qat_8bit/myproject_prj/solution1/.autopilot/db/myproject.pp.0.cpp:56823:5: warning: Added loop label VITIS_LOOP_158_3:   [xilinx-label-all-loops]
    for (int ii = 0; ii < CONFIG_T::out_width / CONFIG_T::n_partitions; ii++) {
    ^~~
    VITIS_LOOP_158_3: 
/home/chejimenez/GitHub/NBFM_SpeakerRecognition_FPGA_Accelerator/hls4ml_output_compact/qat_8bit/myproject_prj/solution1/.autopilot/db/myproject.pp.0.cpp:56823:5: note: FIX-IT applied suggested code changes
/home/chejimenez/GitHub/NBFM_SpeakerRecognition_FPGA_Accelerator/hls4ml_output_compact/qat_8bit/myproject_prj/solution1/.autopilot/db/myproject.pp.0.cpp:56824:9: warning: Added loop label VITIS_LOOP_159_4:   [xilinx-label-all-loops]
        for (int ff = 0; ff < CONFIG_T::n_filt; ff++) {
        ^~~
        VITIS_LOOP_159_4: 
/home/chejimenez/GitHub/NBFM_SpeakerRecognition_FPGA_Accelerator/hls4ml_output_compact/qat_8bit/myproject_prj/solution1/.autopilot/db/myproject.pp.0.cpp:56824:9: note: FIX-IT applied suggested code changes
/home/chejimenez/GitHub/NBFM_SpeakerRecognition_FPGA_Accelerator/hls4ml_output_compact/qat_8bit/myproject_prj/solution1/.autopilot/db/myproject.pp.0.cpp:56971:2: warning: Added loop label VITIS_LOOP_31_1:   [xilinx-label-all-loops]
 for (int ii = 0; ii < CONFIG_T::n_in; ii++) {
 ^~~
 VITIS_LOOP_31_1: 
/home/chejimenez/GitHub/NBFM_SpeakerRecognition_FPGA_Accelerator/hls4ml_output_compact/qat_8bit/myproject_prj/solution1/.autopilot/db/myproject.pp.0.cpp:56971:2: note: FIX-IT applied suggested code changes
/home/chejimenez/GitHub/NBFM_SpeakerRecognition_FPGA_Accelerator/hls4ml_output_compact/qat_8bit/myproject_prj/solution1/.autopilot/db/myproject.pp.0.cpp:56983:5: warning: Added loop label VITIS_LOOP_43_1:   [xilinx-label-all-loops]
    for (int ii = 0; ii < CONFIG_T::n_in; ii++) {
    ^~~
    VITIS_LOOP_43_1: 
/home/chejimenez/GitHub/NBFM_SpeakerRecognition_FPGA_Accelerator/hls4ml_output_compact/qat_8bit/myproject_prj/solution1/.autopilot/db/myproject.pp.0.cpp:56983:5: note: FIX-IT applied suggested code changes
/home/chejimenez/GitHub/NBFM_SpeakerRecognition_FPGA_Accelerator/hls4ml_output_compact/qat_8bit/myproject_prj/solution1/.autopilot/db/myproject.pp.0.cpp:56997:5: warning: Added loop label VITIS_LOOP_57_1:   [xilinx-label-all-loops]
    for (int ii = 0; ii < CONFIG_T::n_in; ii++) {
    ^~~
    VITIS_LOOP_57_1: 
/home/chejimenez/GitHub/NBFM_SpeakerRecognition_FPGA_Accelerator/hls4ml_output_compact/qat_8bit/myproject_prj/solution1/.autopilot/db/myproject.pp.0.cpp:56997:5: note: FIX-IT applied suggested code changes
/home/chejimenez/GitHub/NBFM_SpeakerRecognition_FPGA_Accelerator/hls4ml_output_compact/qat_8bit/myproject_prj/solution1/.autopilot/db/myproject.pp.0.cpp:57024:5: warning: Added loop label VITIS_LOOP_84_1:   [xilinx-label-all-loops]
    for (int ii = 0; ii < N_TABLE; ii++) {
    ^~~
    VITIS_LOOP_84_1: 
/home/chejimenez/GitHub/NBFM_SpeakerRecognition_FPGA_Accelerator/hls4ml_output_compact/qat_8bit/myproject_prj/solution1/.autopilot/db/myproject.pp.0.cpp:57024:5: note: FIX-IT applied suggested code changes
/home/chejimenez/GitHub/NBFM_SpeakerRecognition_FPGA_Accelerator/hls4ml_output_compact/qat_8bit/myproject_prj/solution1/.autopilot/db/myproject.pp.0.cpp:57054:5: warning: Added loop label VITIS_LOOP_114_1:   [xilinx-label-all-loops]
    for (int ii = 0; ii < CONFIG_T::n_in; ii++) {
    ^~~
    VITIS_LOOP_114_1: 
/home/chejimenez/GitHub/NBFM_SpeakerRecognition_FPGA_Accelerator/hls4ml_output_compact/qat_8bit/myproject_prj/solution1/.autopilot/db/myproject.pp.0.cpp:57054:5: note: FIX-IT applied suggested code changes
/home/chejimenez/GitHub/NBFM_SpeakerRecognition_FPGA_Accelerator/hls4ml_output_compact/qat_8bit/myproject_prj/solution1/.autopilot/db/myproject.pp.0.cpp:57091:5: warning: Added loop label VITIS_LOOP_151_1:   [xilinx-label-all-loops]
    for (unsigned i = 0; i < CONFIG_T::exp_table_size; i++) {
    ^~~
    VITIS_LOOP_151_1: 
/home/chejimenez/GitHub/NBFM_SpeakerRecognition_FPGA_Accelerator/hls4ml_output_compact/qat_8bit/myproject_prj/solution1/.autopilot/db/myproject.pp.0.cpp:57091:5: note: FIX-IT applied suggested code changes
/home/chejimenez/GitHub/NBFM_SpeakerRecognition_FPGA_Accelerator/hls4ml_output_compact/qat_8bit/myproject_prj/solution1/.autopilot/db/myproject.pp.0.cpp:57107:5: warning: Added loop label VITIS_LOOP_167_1:   [xilinx-label-all-loops]
    for (unsigned i = 0; i < CONFIG_T::inv_table_size; i++) {
    ^~~
    VITIS_LOOP_167_1: 
/home/chejimenez/GitHub/NBFM_SpeakerRecognition_FPGA_Accelerator/hls4ml_output_compact/qat_8bit/myproject_prj/solution1/.autopilot/db/myproject.pp.0.cpp:57107:5: note: FIX-IT applied suggested code changes
/home/chejimenez/GitHub/NBFM_SpeakerRecognition_FPGA_Accelerator/hls4ml_output_compact/qat_8bit/myproject_prj/solution1/.autopilot/db/myproject.pp.0.cpp:57140:5: warning: Added loop label VITIS_LOOP_200_1:   [xilinx-label-all-loops]
    for (unsigned i = 0; i < CONFIG_T::n_slice; i++) {
    ^~~
    VITIS_LOOP_200_1: 
/home/chejimenez/GitHub/NBFM_SpeakerRecognition_FPGA_Accelerator/hls4ml_output_compact/qat_8bit/myproject_prj/solution1/.autopilot/db/myproject.pp.0.cpp:57140:5: note: FIX-IT applied suggested code changes
/home/chejimenez/GitHub/NBFM_SpeakerRecognition_FPGA_Accelerator/hls4ml_output_compact/qat_8bit/myproject_prj/solution1/.autopilot/db/myproject.pp.0.cpp:57153:5: warning: Added loop label VITIS_LOOP_213_2:   [xilinx-label-all-loops]
    for (unsigned i = 0; i < CONFIG_T::n_slice; i++) {
    ^~~
    VITIS_LOOP_213_2: 
/home/chejimenez/GitHub/NBFM_SpeakerRecognition_FPGA_Accelerator/hls4ml_output_compact/qat_8bit/myproject_prj/solution1/.autopilot/db/myproject.pp.0.cpp:57153:5: note: FIX-IT applied suggested code changes
/home/chejimenez/GitHub/NBFM_SpeakerRecognition_FPGA_Accelerator/hls4ml_output_compact/qat_8bit/myproject_prj/solution1/.autopilot/db/myproject.pp.0.cpp:57186:5: warning: Added loop label VITIS_LOOP_246_1:   [xilinx-label-all-loops]
    for (unsigned i = 0; i < CONFIG_T::n_slice; i++) {
    ^~~
    VITIS_LOOP_246_1: 
/home/chejimenez/GitHub/NBFM_SpeakerRecognition_FPGA_Accelerator/hls4ml_output_compact/qat_8bit/myproject_prj/solution1/.autopilot/db/myproject.pp.0.cpp:57186:5: note: FIX-IT applied suggested code changes
/home/chejimenez/GitHub/NBFM_SpeakerRecognition_FPGA_Accelerator/hls4ml_output_compact/qat_8bit/myproject_prj/solution1/.autopilot/db/myproject.pp.0.cpp:57195:5: warning: Added loop label VITIS_LOOP_255_2:   [xilinx-label-all-loops]
    for (unsigned i = 0; i < CONFIG_T::n_slice; i++) {
    ^~~
    VITIS_LOOP_255_2: 
/home/chejimenez/GitHub/NBFM_SpeakerRecognition_FPGA_Accelerator/hls4ml_output_compact/qat_8bit/myproject_prj/solution1/.autopilot/db/myproject.pp.0.cpp:57195:5: note: FIX-IT applied suggested code changes
/home/chejimenez/GitHub/NBFM_SpeakerRecognition_FPGA_Accelerator/hls4ml_output_compact/qat_8bit/myproject_prj/solution1/.autopilot/db/myproject.pp.0.cpp:57208:5: warning: Added loop label VITIS_LOOP_268_3:   [xilinx-label-all-loops]
    for (unsigned i = 0; i < CONFIG_T::n_slice; i++) {
    ^~~
    VITIS_LOOP_268_3: 
/home/chejimenez/GitHub/NBFM_SpeakerRecognition_FPGA_Accelerator/hls4ml_output_compact/qat_8bit/myproject_prj/solution1/.autopilot/db/myproject.pp.0.cpp:57208:5: note: FIX-IT applied suggested code changes
/home/chejimenez/GitHub/NBFM_SpeakerRecognition_FPGA_Accelerator/hls4ml_output_compact/qat_8bit/myproject_prj/solution1/.autopilot/db/myproject.pp.0.cpp:57215:5: warning: Added loop label VITIS_LOOP_275_1:   [xilinx-label-all-loops]
    for (int ii = 0; ii < N_TABLE; ii++) {
    ^~~
    VITIS_LOOP_275_1: 
/home/chejimenez/GitHub/NBFM_SpeakerRecognition_FPGA_Accelerator/hls4ml_output_compact/qat_8bit/myproject_prj/solution1/.autopilot/db/myproject.pp.0.cpp:57215:5: note: FIX-IT applied suggested code changes
/home/chejimenez/GitHub/NBFM_SpeakerRecognition_FPGA_Accelerator/hls4ml_output_compact/qat_8bit/myproject_prj/solution1/.autopilot/db/myproject.pp.0.cpp:57228:5: warning: Added loop label VITIS_LOOP_288_1:   [xilinx-label-all-loops]
    for (int ii = 0; ii < N_TABLE; ii++) {
    ^~~
    VITIS_LOOP_288_1: 
/home/chejimenez/GitHub/NBFM_SpeakerRecognition_FPGA_Accelerator/hls4ml_output_compact/qat_8bit/myproject_prj/solution1/.autopilot/db/myproject.pp.0.cpp:57228:5: note: FIX-IT applied suggested code changes
/home/chejimenez/GitHub/NBFM_SpeakerRecognition_FPGA_Accelerator/hls4ml_output_compact/qat_8bit/myproject_prj/solution1/.autopilot/db/myproject.pp.0.cpp:57265:5: warning: Added loop label VITIS_LOOP_325_1:   [xilinx-label-all-loops]
    for (int ii = 0; ii < CONFIG_T::n_slice; ii++) {
    ^~~
    VITIS_LOOP_325_1: 
/home/chejimenez/GitHub/NBFM_SpeakerRecognition_FPGA_Accelerator/hls4ml_output_compact/qat_8bit/myproject_prj/solution1/.autopilot/db/myproject.pp.0.cpp:57265:5: note: FIX-IT applied suggested code changes
/home/chejimenez/GitHub/NBFM_SpeakerRecognition_FPGA_Accelerator/hls4ml_output_compact/qat_8bit/myproject_prj/solution1/.autopilot/db/myproject.pp.0.cpp:57270:5: warning: Added loop label VITIS_LOOP_330_2:   [xilinx-label-all-loops]
    for (int ii = 0; ii < CONFIG_T::n_slice; ii++) {
    ^~~
    VITIS_LOOP_330_2: 
/home/chejimenez/GitHub/NBFM_SpeakerRecognition_FPGA_Accelerator/hls4ml_output_compact/qat_8bit/myproject_prj/solution1/.autopilot/db/myproject.pp.0.cpp:57270:5: note: FIX-IT applied suggested code changes
/home/chejimenez/GitHub/NBFM_SpeakerRecognition_FPGA_Accelerator/hls4ml_output_compact/qat_8bit/myproject_prj/solution1/.autopilot/db/myproject.pp.0.cpp:57271:9: warning: Added loop label VITIS_LOOP_331_3:   [xilinx-label-all-loops]
        for (int jj = 0; jj < CONFIG_T::n_slice; jj++) {
        ^~~
        VITIS_LOOP_331_3: 
/home/chejimenez/GitHub/NBFM_SpeakerRecognition_FPGA_Accelerator/hls4ml_output_compact/qat_8bit/myproject_prj/solution1/.autopilot/db/myproject.pp.0.cpp:57271:9: note: FIX-IT applied suggested code changes
/home/chejimenez/GitHub/NBFM_SpeakerRecognition_FPGA_Accelerator/hls4ml_output_compact/qat_8bit/myproject_prj/solution1/.autopilot/db/myproject.pp.0.cpp:57288:5: warning: Added loop label VITIS_LOOP_348_4:   [xilinx-label-all-loops]
    for (int ii = 0; ii < CONFIG_T::n_slice; ii++) {
    ^~~
    VITIS_LOOP_348_4: 
/home/chejimenez/GitHub/NBFM_SpeakerRecognition_FPGA_Accelerator/hls4ml_output_compact/qat_8bit/myproject_prj/solution1/.autopilot/db/myproject.pp.0.cpp:57288:5: note: FIX-IT applied suggested code changes
/home/chejimenez/GitHub/NBFM_SpeakerRecognition_FPGA_Accelerator/hls4ml_output_compact/qat_8bit/myproject_prj/solution1/.autopilot/db/myproject.pp.0.cpp:57301:5: warning: Added loop label VITIS_LOOP_361_1:   [xilinx-label-all-loops]
    for (int i = 0; i < CONFIG_T::n_slice; i++) {
    ^~~
    VITIS_LOOP_361_1: 
/home/chejimenez/GitHub/NBFM_SpeakerRecognition_FPGA_Accelerator/hls4ml_output_compact/qat_8bit/myproject_prj/solution1/.autopilot/db/myproject.pp.0.cpp:57301:5: note: FIX-IT applied suggested code changes
/home/chejimenez/GitHub/NBFM_SpeakerRecognition_FPGA_Accelerator/hls4ml_output_compact/qat_8bit/myproject_prj/solution1/.autopilot/db/myproject.pp.0.cpp:57309:5: warning: Added loop label VITIS_LOOP_369_2:   [xilinx-label-all-loops]
    for (int i = 1; i < CONFIG_T::n_slice; i++) {
    ^~~
    VITIS_LOOP_369_2: 
/home/chejimenez/GitHub/NBFM_SpeakerRecognition_FPGA_Accelerator/hls4ml_output_compact/qat_8bit/myproject_prj/solution1/.autopilot/db/myproject.pp.0.cpp:57309:5: note: FIX-IT applied suggested code changes
/home/chejimenez/GitHub/NBFM_SpeakerRecognition_FPGA_Accelerator/hls4ml_output_compact/qat_8bit/myproject_prj/solution1/.autopilot/db/myproject.pp.0.cpp:57345:5: warning: Added loop label VITIS_LOOP_405_1:   [xilinx-label-all-loops]
    for (signed i = 0; i < CONFIG_T::n_outer; i++) {
    ^~~
    VITIS_LOOP_405_1: 
/home/chejimenez/GitHub/NBFM_SpeakerRecognition_FPGA_Accelerator/hls4ml_output_compact/qat_8bit/myproject_prj/solution1/.autopilot/db/myproject.pp.0.cpp:57345:5: note: FIX-IT applied suggested code changes
/home/chejimenez/GitHub/NBFM_SpeakerRecognition_FPGA_Accelerator/hls4ml_output_compact/qat_8bit/myproject_prj/solution1/.autopilot/db/myproject.pp.0.cpp:57347:2: warning: Added loop label VITIS_LOOP_407_2:   [xilinx-label-all-loops]
 for (signed k = 0; k < CONFIG_T::n_inner; k++) {
 ^~~
 VITIS_LOOP_407_2: 
/home/chejimenez/GitHub/NBFM_SpeakerRecognition_FPGA_Accelerator/hls4ml_output_compact/qat_8bit/myproject_prj/solution1/.autopilot/db/myproject.pp.0.cpp:57347:2: note: FIX-IT applied suggested code changes
/home/chejimenez/GitHub/NBFM_SpeakerRecognition_FPGA_Accelerator/hls4ml_output_compact/qat_8bit/myproject_prj/solution1/.autopilot/db/myproject.pp.0.cpp:57349:2: warning: Added loop label VITIS_LOOP_409_3:   [xilinx-label-all-loops]
 for (signed j = 0; j < CONFIG_T::n_slice; j++) {
 ^~~
 VITIS_LOOP_409_3: 
/home/chejimenez/GitHub/NBFM_SpeakerRecognition_FPGA_Accelerator/hls4ml_output_compact/qat_8bit/myproject_prj/solution1/.autopilot/db/myproject.pp.0.cpp:57349:2: note: FIX-IT applied suggested code changes
/home/chejimenez/GitHub/NBFM_SpeakerRecognition_FPGA_Accelerator/hls4ml_output_compact/qat_8bit/myproject_prj/solution1/.autopilot/db/myproject.pp.0.cpp:57354:13: warning: Added loop label VITIS_LOOP_414_4:   [xilinx-label-all-loops]
            for (signed j = 0; j < CONFIG_T::n_slice; j++) {
            ^~~
            VITIS_LOOP_414_4: 
/home/chejimenez/GitHub/NBFM_SpeakerRecognition_FPGA_Accelerator/hls4ml_output_compact/qat_8bit/myproject_prj/solution1/.autopilot/db/myproject.pp.0.cpp:57354:13: note: FIX-IT applied suggested code changes
/home/chejimenez/GitHub/NBFM_SpeakerRecognition_FPGA_Accelerator/hls4ml_output_compact/qat_8bit/myproject_prj/solution1/.autopilot/db/myproject.pp.0.cpp:57367:5: warning: Added loop label VITIS_LOOP_427_1:   [xilinx-label-all-loops]
    for (int ii = 0; ii < N_TABLE; ii++) {
    ^~~
    VITIS_LOOP_427_1: 
/home/chejimenez/GitHub/NBFM_SpeakerRecognition_FPGA_Accelerator/hls4ml_output_compact/qat_8bit/myproject_prj/solution1/.autopilot/db/myproject.pp.0.cpp:57367:5: note: FIX-IT applied suggested code changes
/home/chejimenez/GitHub/NBFM_SpeakerRecognition_FPGA_Accelerator/hls4ml_output_compact/qat_8bit/myproject_prj/solution1/.autopilot/db/myproject.pp.0.cpp:57397:5: warning: Added loop label VITIS_LOOP_457_1:   [xilinx-label-all-loops]
    for (int ii = 0; ii < CONFIG_T::n_in; ii++) {
    ^~~
    VITIS_LOOP_457_1: 
/home/chejimenez/GitHub/NBFM_SpeakerRecognition_FPGA_Accelerator/hls4ml_output_compact/qat_8bit/myproject_prj/solution1/.autopilot/db/myproject.pp.0.cpp:57397:5: note: FIX-IT applied suggested code changes
/home/chejimenez/GitHub/NBFM_SpeakerRecognition_FPGA_Accelerator/hls4ml_output_compact/qat_8bit/myproject_prj/solution1/.autopilot/db/myproject.pp.0.cpp:57424:2: warning: Added loop label VITIS_LOOP_484_1:   [xilinx-label-all-loops]
 for (int ii = 0; ii < CONFIG_T::n_in; ii++) {
 ^~~
 VITIS_LOOP_484_1: 
/home/chejimenez/GitHub/NBFM_SpeakerRecognition_FPGA_Accelerator/hls4ml_output_compact/qat_8bit/myproject_prj/solution1/.autopilot/db/myproject.pp.0.cpp:57424:2: note: FIX-IT applied suggested code changes
/home/chejimenez/GitHub/NBFM_SpeakerRecognition_FPGA_Accelerator/hls4ml_output_compact/qat_8bit/myproject_prj/solution1/.autopilot/db/myproject.pp.0.cpp:57438:2: warning: Added loop label VITIS_LOOP_498_1:   [xilinx-label-all-loops]
 for (int ii = 0; ii < CONFIG_T::n_in; ii++) {
 ^~~
 VITIS_LOOP_498_1: 
/home/chejimenez/GitHub/NBFM_SpeakerRecognition_FPGA_Accelerator/hls4ml_output_compact/qat_8bit/myproject_prj/solution1/.autopilot/db/myproject.pp.0.cpp:57438:2: note: FIX-IT applied suggested code changes
/home/chejimenez/GitHub/NBFM_SpeakerRecognition_FPGA_Accelerator/hls4ml_output_compact/qat_8bit/myproject_prj/solution1/.autopilot/db/myproject.pp.0.cpp:57454:5: warning: Added loop label VITIS_LOOP_514_1:   [xilinx-label-all-loops]
    for (int ii = 0; ii < CONFIG_T::n_in; ii++) {
    ^~~
    VITIS_LOOP_514_1: 
/home/chejimenez/GitHub/NBFM_SpeakerRecognition_FPGA_Accelerator/hls4ml_output_compact/qat_8bit/myproject_prj/solution1/.autopilot/db/myproject.pp.0.cpp:57454:5: note: FIX-IT applied suggested code changes
/home/chejimenez/GitHub/NBFM_SpeakerRecognition_FPGA_Accelerator/hls4ml_output_compact/qat_8bit/myproject_prj/solution1/.autopilot/db/myproject.pp.0.cpp:57472:5: warning: Added loop label VITIS_LOOP_532_1:   [xilinx-label-all-loops]
    for (int ii = 0; ii < CONFIG_T::n_in; ii++) {
    ^~~
    VITIS_LOOP_532_1: 
/home/chejimenez/GitHub/NBFM_SpeakerRecognition_FPGA_Accelerator/hls4ml_output_compact/qat_8bit/myproject_prj/solution1/.autopilot/db/myproject.pp.0.cpp:57472:5: note: FIX-IT applied suggested code changes
/home/chejimenez/GitHub/NBFM_SpeakerRecognition_FPGA_Accelerator/hls4ml_output_compact/qat_8bit/myproject_prj/solution1/.autopilot/db/myproject.pp.0.cpp:57489:5: warning: Added loop label VITIS_LOOP_549_1:   [xilinx-label-all-loops]
    for (int ii = 0; ii < CONFIG_T::n_in; ii++) {
    ^~~
    VITIS_LOOP_549_1: 
/home/chejimenez/GitHub/NBFM_SpeakerRecognition_FPGA_Accelerator/hls4ml_output_compact/qat_8bit/myproject_prj/solution1/.autopilot/db/myproject.pp.0.cpp:57489:5: note: FIX-IT applied suggested code changes
/home/chejimenez/GitHub/NBFM_SpeakerRecognition_FPGA_Accelerator/hls4ml_output_compact/qat_8bit/myproject_prj/solution1/.autopilot/db/myproject.pp.0.cpp:57506:5: warning: Added loop label VITIS_LOOP_566_1:   [xilinx-label-all-loops]
    for (int ii = 0; ii < N_TABLE; ii++) {
    ^~~
    VITIS_LOOP_566_1: 
/home/chejimenez/GitHub/NBFM_SpeakerRecognition_FPGA_Accelerator/hls4ml_output_compact/qat_8bit/myproject_prj/solution1/.autopilot/db/myproject.pp.0.cpp:57506:5: note: FIX-IT applied suggested code changes
/home/chejimenez/GitHub/NBFM_SpeakerRecognition_FPGA_Accelerator/hls4ml_output_compact/qat_8bit/myproject_prj/solution1/.autopilot/db/myproject.pp.0.cpp:57536:5: warning: Added loop label VITIS_LOOP_596_1:   [xilinx-label-all-loops]
    for (int ii = 0; ii < CONFIG_T::n_in; ii++) {
    ^~~
    VITIS_LOOP_596_1: 
/home/chejimenez/GitHub/NBFM_SpeakerRecognition_FPGA_Accelerator/hls4ml_output_compact/qat_8bit/myproject_prj/solution1/.autopilot/db/myproject.pp.0.cpp:57536:5: note: FIX-IT applied suggested code changes
/home/chejimenez/GitHub/NBFM_SpeakerRecognition_FPGA_Accelerator/hls4ml_output_compact/qat_8bit/myproject_prj/solution1/.autopilot/db/myproject.pp.0.cpp:57555:5: warning: Added loop label VITIS_LOOP_615_1:   [xilinx-label-all-loops]
    for (int ii = 0; ii < N_TABLE; ii++) {
    ^~~
    VITIS_LOOP_615_1: 
/home/chejimenez/GitHub/NBFM_SpeakerRecognition_FPGA_Accelerator/hls4ml_output_compact/qat_8bit/myproject_prj/solution1/.autopilot/db/myproject.pp.0.cpp:57555:5: note: FIX-IT applied suggested code changes
/home/chejimenez/GitHub/NBFM_SpeakerRecognition_FPGA_Accelerator/hls4ml_output_compact/qat_8bit/myproject_prj/solution1/.autopilot/db/myproject.pp.0.cpp:57585:5: warning: Added loop label VITIS_LOOP_645_1:   [xilinx-label-all-loops]
    for (int ii = 0; ii < CONFIG_T::n_in; ii++) {
    ^~~
    VITIS_LOOP_645_1: 
/home/chejimenez/GitHub/NBFM_SpeakerRecognition_FPGA_Accelerator/hls4ml_output_compact/qat_8bit/myproject_prj/solution1/.autopilot/db/myproject.pp.0.cpp:57585:5: note: FIX-IT applied suggested code changes
/home/chejimenez/GitHub/NBFM_SpeakerRecognition_FPGA_Accelerator/hls4ml_output_compact/qat_8bit/myproject_prj/solution1/.autopilot/db/myproject.pp.0.cpp:57604:5: warning: Added loop label VITIS_LOOP_664_1:   [xilinx-label-all-loops]
    for (int ii = 0; ii < N_TABLE; ii++) {
    ^~~
    VITIS_LOOP_664_1: 
/home/chejimenez/GitHub/NBFM_SpeakerRecognition_FPGA_Accelerator/hls4ml_output_compact/qat_8bit/myproject_prj/solution1/.autopilot/db/myproject.pp.0.cpp:57604:5: note: FIX-IT applied suggested code changes
/home/chejimenez/GitHub/NBFM_SpeakerRecognition_FPGA_Accelerator/hls4ml_output_compact/qat_8bit/myproject_prj/solution1/.autopilot/db/myproject.pp.0.cpp:57634:5: warning: Added loop label VITIS_LOOP_694_1:   [xilinx-label-all-loops]
    for (int ii = 0; ii < CONFIG_T::n_in; ii++) {
    ^~~
    VITIS_LOOP_694_1: 
/home/chejimenez/GitHub/NBFM_SpeakerRecognition_FPGA_Accelerator/hls4ml_output_compact/qat_8bit/myproject_prj/solution1/.autopilot/db/myproject.pp.0.cpp:57634:5: note: FIX-IT applied suggested code changes
/home/chejimenez/GitHub/NBFM_SpeakerRecognition_FPGA_Accelerator/hls4ml_output_compact/qat_8bit/myproject_prj/solution1/.autopilot/db/myproject.pp.0.cpp:57661:5: warning: Added loop label VITIS_LOOP_721_1:   [xilinx-label-all-loops]
    for (int ii = 0; ii < N_TABLE; ii++) {
    ^~~
    VITIS_LOOP_721_1: 
/home/chejimenez/GitHub/NBFM_SpeakerRecognition_FPGA_Accelerator/hls4ml_output_compact/qat_8bit/myproject_prj/solution1/.autopilot/db/myproject.pp.0.cpp:57661:5: note: FIX-IT applied suggested code changes
/home/chejimenez/GitHub/NBFM_SpeakerRecognition_FPGA_Accelerator/hls4ml_output_compact/qat_8bit/myproject_prj/solution1/.autopilot/db/myproject.pp.0.cpp:57689:2: warning: Added loop label VITIS_LOOP_749_1:   [xilinx-label-all-loops]
 for (int ii = 0; ii < CONFIG_T::n_in; ii++) {
 ^~~
 VITIS_LOOP_749_1: 
/home/chejimenez/GitHub/NBFM_SpeakerRecognition_FPGA_Accelerator/hls4ml_output_compact/qat_8bit/myproject_prj/solution1/.autopilot/db/myproject.pp.0.cpp:57689:2: note: FIX-IT applied suggested code changes
/home/chejimenez/GitHub/NBFM_SpeakerRecognition_FPGA_Accelerator/hls4ml_output_compact/qat_8bit/myproject_prj/solution1/.autopilot/db/myproject.pp.0.cpp:57719:5: warning: Added loop label VITIS_LOOP_779_1:   [xilinx-label-all-loops]
    for (int ii = 0; ii < CONFIG_T::n_in; ii++) {
    ^~~
    VITIS_LOOP_779_1: 
/home/chejimenez/GitHub/NBFM_SpeakerRecognition_FPGA_Accelerator/hls4ml_output_compact/qat_8bit/myproject_prj/solution1/.autopilot/db/myproject.pp.0.cpp:57719:5: note: FIX-IT applied suggested code changes
/home/chejimenez/GitHub/NBFM_SpeakerRecognition_FPGA_Accelerator/hls4ml_output_compact/qat_8bit/myproject_prj/solution1/.autopilot/db/myproject.pp.0.cpp:57748:5: warning: Added loop label VITIS_LOOP_808_1:   [xilinx-label-all-loops]
    for (int ii = 0; ii < CONFIG_T::n_in; ii++) {
    ^~~
    VITIS_LOOP_808_1: 
/home/chejimenez/GitHub/NBFM_SpeakerRecognition_FPGA_Accelerator/hls4ml_output_compact/qat_8bit/myproject_prj/solution1/.autopilot/db/myproject.pp.0.cpp:57748:5: note: FIX-IT applied suggested code changes
/home/chejimenez/GitHub/NBFM_SpeakerRecognition_FPGA_Accelerator/hls4ml_output_compact/qat_8bit/myproject_prj/solution1/.autopilot/db/myproject.pp.0.cpp:57768:5: warning: Added loop label VITIS_LOOP_828_1:   [xilinx-label-all-loops]
    for (int ii = 0; ii < CONFIG_T::n_in; ii++) {
    ^~~
    VITIS_LOOP_828_1: 
/home/chejimenez/GitHub/NBFM_SpeakerRecognition_FPGA_Accelerator/hls4ml_output_compact/qat_8bit/myproject_prj/solution1/.autopilot/db/myproject.pp.0.cpp:57768:5: note: FIX-IT applied suggested code changes
/home/chejimenez/GitHub/NBFM_SpeakerRecognition_FPGA_Accelerator/hls4ml_output_compact/qat_8bit/myproject_prj/solution1/.autopilot/db/myproject.pp.0.cpp:58013:9: warning: Added loop label VITIS_LOOP_229_1:   [xilinx-label-all-loops]
        for (int i = 0; i < N / data_T::size; i++) {
        ^~~
        VITIS_LOOP_229_1: 
/home/chejimenez/GitHub/NBFM_SpeakerRecognition_FPGA_Accelerator/hls4ml_output_compact/qat_8bit/myproject_prj/solution1/.autopilot/db/myproject.pp.0.cpp:58013:9: note: FIX-IT applied suggested code changes
/home/chejimenez/GitHub/NBFM_SpeakerRecognition_FPGA_Accelerator/hls4ml_output_compact/qat_8bit/myproject_prj/solution1/.autopilot/db/myproject.pp.0.cpp:58020:13: warning: Added loop label VITIS_LOOP_236_2:   [xilinx-label-all-loops]
            for (int j = 0; j < data_T::size; j++) {
            ^~~
            VITIS_LOOP_236_2: 
/home/chejimenez/GitHub/NBFM_SpeakerRecognition_FPGA_Accelerator/hls4ml_output_compact/qat_8bit/myproject_prj/solution1/.autopilot/db/myproject.pp.0.cpp:58020:13: note: FIX-IT applied suggested code changes
/home/chejimenez/GitHub/NBFM_SpeakerRecognition_FPGA_Accelerator/hls4ml_output_compact/qat_8bit/myproject_prj/solution1/.autopilot/db/myproject.pp.0.cpp:58029:9: warning: Added loop label VITIS_LOOP_245_3:   [xilinx-label-all-loops]
        for (int i = 0; i < N / data_T::size; i++) {
        ^~~
        VITIS_LOOP_245_3: 
/home/chejimenez/GitHub/NBFM_SpeakerRecognition_FPGA_Accelerator/hls4ml_output_compact/qat_8bit/myproject_prj/solution1/.autopilot/db/myproject.pp.0.cpp:58029:9: note: FIX-IT applied suggested code changes
/home/chejimenez/GitHub/NBFM_SpeakerRecognition_FPGA_Accelerator/hls4ml_output_compact/qat_8bit/myproject_prj/solution1/.autopilot/db/myproject.pp.0.cpp:58038:13: warning: Added loop label VITIS_LOOP_254_4:   [xilinx-label-all-loops]
            for (int j = 0; j < pack_diff; j++) {
            ^~~
            VITIS_LOOP_254_4: 
/home/chejimenez/GitHub/NBFM_SpeakerRecognition_FPGA_Accelerator/hls4ml_output_compact/qat_8bit/myproject_prj/solution1/.autopilot/db/myproject.pp.0.cpp:58038:13: note: FIX-IT applied suggested code changes
/home/chejimenez/GitHub/NBFM_SpeakerRecognition_FPGA_Accelerator/hls4ml_output_compact/qat_8bit/myproject_prj/solution1/.autopilot/db/myproject.pp.0.cpp:58042:17: warning: Added loop label VITIS_LOOP_258_5:   [xilinx-label-all-loops]
                for (int k = 0; k < res_T::size; k++) {
                ^~~
                VITIS_LOOP_258_5: 
/home/chejimenez/GitHub/NBFM_SpeakerRecognition_FPGA_Accelerator/hls4ml_output_compact/qat_8bit/myproject_prj/solution1/.autopilot/db/myproject.pp.0.cpp:58042:17: note: FIX-IT applied suggested code changes
/home/chejimenez/GitHub/NBFM_SpeakerRecognition_FPGA_Accelerator/hls4ml_output_compact/qat_8bit/myproject_prj/solution1/.autopilot/db/myproject.pp.0.cpp:58053:9: warning: Added loop label VITIS_LOOP_269_6:   [xilinx-label-all-loops]
        for (int i = 0; i < N / data_T::size; i++) {
        ^~~
        VITIS_LOOP_269_6: 
/home/chejimenez/GitHub/NBFM_SpeakerRecognition_FPGA_Accelerator/hls4ml_output_compact/qat_8bit/myproject_prj/solution1/.autopilot/db/myproject.pp.0.cpp:58053:9: note: FIX-IT applied suggested code changes
/home/chejimenez/GitHub/NBFM_SpeakerRecognition_FPGA_Accelerator/hls4ml_output_compact/qat_8bit/myproject_prj/solution1/.autopilot/db/myproject.pp.0.cpp:58057:13: warning: Added loop label VITIS_LOOP_273_7:   [xilinx-label-all-loops]
            for (int j = 0; j < data_T::size; j++) {
            ^~~
            VITIS_LOOP_273_7: 
/home/chejimenez/GitHub/NBFM_SpeakerRecognition_FPGA_Accelerator/hls4ml_output_compact/qat_8bit/myproject_prj/solution1/.autopilot/db/myproject.pp.0.cpp:58057:13: note: FIX-IT applied suggested code changes
/home/chejimenez/GitHub/NBFM_SpeakerRecognition_FPGA_Accelerator/hls4ml_output_compact/qat_8bit/myproject_prj/solution1/.autopilot/db/myproject.pp.0.cpp:58081:9: warning: Added loop label VITIS_LOOP_297_1:   [xilinx-label-all-loops]
        for (int j = 0; j < n_dupl; j++) {
        ^~~
        VITIS_LOOP_297_1: 
/home/chejimenez/GitHub/NBFM_SpeakerRecognition_FPGA_Accelerator/hls4ml_output_compact/qat_8bit/myproject_prj/solution1/.autopilot/db/myproject.pp.0.cpp:58081:9: note: FIX-IT applied suggested code changes
/home/chejimenez/GitHub/NBFM_SpeakerRecognition_FPGA_Accelerator/hls4ml_output_compact/qat_8bit/myproject_prj/solution1/.autopilot/db/myproject.pp.0.cpp:58085:13: warning: Added loop label VITIS_LOOP_301_2:   [xilinx-label-all-loops]
            for (int k = 0; k < res_T::size; k++) {
            ^~~
            VITIS_LOOP_301_2: 
/home/chejimenez/GitHub/NBFM_SpeakerRecognition_FPGA_Accelerator/hls4ml_output_compact/qat_8bit/myproject_prj/solution1/.autopilot/db/myproject.pp.0.cpp:58085:13: note: FIX-IT applied suggested code changes
/home/chejimenez/GitHub/NBFM_SpeakerRecognition_FPGA_Accelerator/hls4ml_output_compact/qat_8bit/myproject_prj/solution1/.autopilot/db/myproject.pp.0.cpp:58104:9: warning: Added loop label VITIS_LOOP_320_1:   [xilinx-label-all-loops]
        for (int k = 0; k < res_T::size; k++) {
        ^~~
        VITIS_LOOP_320_1: 
/home/chejimenez/GitHub/NBFM_SpeakerRecognition_FPGA_Accelerator/hls4ml_output_compact/qat_8bit/myproject_prj/solution1/.autopilot/db/myproject.pp.0.cpp:58104:9: note: FIX-IT applied suggested code changes
/home/chejimenez/GitHub/NBFM_SpeakerRecognition_FPGA_Accelerator/hls4ml_output_compact/qat_8bit/myproject_prj/solution1/.autopilot/db/myproject.pp.0.cpp:58328:9: warning: Added loop label VITIS_LOOP_211_1:   [xilinx-label-all-loops]
        for (unsigned j = 0; j < data_T::size; j++) {
        ^~~
        VITIS_LOOP_211_1: 
/home/chejimenez/GitHub/NBFM_SpeakerRecognition_FPGA_Accelerator/hls4ml_output_compact/qat_8bit/myproject_prj/solution1/.autopilot/db/myproject.pp.0.cpp:58328:9: note: FIX-IT applied suggested code changes
/home/chejimenez/GitHub/NBFM_SpeakerRecognition_FPGA_Accelerator/hls4ml_output_compact/qat_8bit/myproject_prj/solution1/.autopilot/db/myproject.pp.0.cpp:58337:9: warning: Added loop label VITIS_LOOP_220_2:   [xilinx-label-all-loops]
        for (unsigned j = 0; j < data_T::size; j++) {
        ^~~
        VITIS_LOOP_220_2: 
/home/chejimenez/GitHub/NBFM_SpeakerRecognition_FPGA_Accelerator/hls4ml_output_compact/qat_8bit/myproject_prj/solution1/.autopilot/db/myproject.pp.0.cpp:58337:9: note: FIX-IT applied suggested code changes
/home/chejimenez/GitHub/NBFM_SpeakerRecognition_FPGA_Accelerator/hls4ml_output_compact/qat_8bit/myproject_prj/solution1/.autopilot/db/myproject.pp.0.cpp:58442:5: warning: Added loop label VITIS_LOOP_325_1:   [xilinx-label-all-loops]
    for (int i = 0; i < CONFIG_T::n_in / res_T::size; i++) {
    ^~~
    VITIS_LOOP_325_1: 
/home/chejimenez/GitHub/NBFM_SpeakerRecognition_FPGA_Accelerator/hls4ml_output_compact/qat_8bit/myproject_prj/solution1/.autopilot/db/myproject.pp.0.cpp:58442:5: note: FIX-IT applied suggested code changes
/home/chejimenez/GitHub/NBFM_SpeakerRecognition_FPGA_Accelerator/hls4ml_output_compact/qat_8bit/myproject_prj/solution1/.autopilot/db/myproject.pp.0.cpp:58447:9: warning: Added loop label VITIS_LOOP_330_2:   [xilinx-label-all-loops]
        for (int i = 0; i < res_T::size; i++) {
        ^~~
        VITIS_LOOP_330_2: 
/home/chejimenez/GitHub/NBFM_SpeakerRecognition_FPGA_Accelerator/hls4ml_output_compact/qat_8bit/myproject_prj/solution1/.autopilot/db/myproject.pp.0.cpp:58447:9: note: FIX-IT applied suggested code changes
/home/chejimenez/GitHub/NBFM_SpeakerRecognition_FPGA_Accelerator/hls4ml_output_compact/qat_8bit/myproject_prj/solution1/.autopilot/db/myproject.pp.0.cpp:58455:9: warning: Added loop label VITIS_LOOP_338_3:   [xilinx-label-all-loops]
        for (int i = 1; i < res_T::size; i++) {
        ^~~
        VITIS_LOOP_338_3: 
/home/chejimenez/GitHub/NBFM_SpeakerRecognition_FPGA_Accelerator/hls4ml_output_compact/qat_8bit/myproject_prj/solution1/.autopilot/db/myproject.pp.0.cpp:58455:9: note: FIX-IT applied suggested code changes
/home/chejimenez/GitHub/NBFM_SpeakerRecognition_FPGA_Accelerator/hls4ml_output_compact/qat_8bit/myproject_prj/solution1/.autopilot/db/myproject.pp.0.cpp:59043:9: error: Resource with core_name: ROM_nP_BRAM pragma is ignored, because this core doesn't exist at all  [clang-diagnostic-error]
#pragma HLS RESOURCE variable=weights core=ROM_nP_BRAM
        ^
/home/chejimenez/GitHub/NBFM_SpeakerRecognition_FPGA_Accelerator/hls4ml_output_compact/qat_8bit/myproject_prj/solution1/.autopilot/db/myproject.pp.0.cpp:59117:9: error: Resource with core_name: ROM_nP_BRAM pragma is ignored, because this core doesn't exist at all  [clang-diagnostic-error]
#pragma HLS RESOURCE variable=weights core=ROM_nP_BRAM
        ^
/home/chejimenez/GitHub/NBFM_SpeakerRecognition_FPGA_Accelerator/hls4ml_output_compact/qat_8bit/myproject_prj/solution1/.autopilot/db/myproject.pp.0.cpp:59199:9: error: Resource with core_name: ROM_nP_BRAM pragma is ignored, because this core doesn't exist at all  [clang-diagnostic-error]
#pragma HLS RESOURCE variable=weights core=ROM_nP_BRAM
        ^
/home/chejimenez/GitHub/NBFM_SpeakerRecognition_FPGA_Accelerator/hls4ml_output_compact/qat_8bit/myproject_prj/solution1/.autopilot/db/myproject.pp.0.cpp:59439:5: warning: Added loop label VITIS_LOOP_88_1:   [xilinx-label-all-loops]
    for (int ii = 0; ii < CONFIG_T::n_in; ii++) {
    ^~~
    VITIS_LOOP_88_1: 
/home/chejimenez/GitHub/NBFM_SpeakerRecognition_FPGA_Accelerator/hls4ml_output_compact/qat_8bit/myproject_prj/solution1/.autopilot/db/myproject.pp.0.cpp:59439:5: note: FIX-IT applied suggested code changes
/home/chejimenez/GitHub/NBFM_SpeakerRecognition_FPGA_Accelerator/hls4ml_output_compact/qat_8bit/myproject_prj/solution1/.autopilot/db/myproject.pp.0.cpp:59459:5: warning: Added loop label VITIS_LOOP_108_1:   [xilinx-label-all-loops]
    for (int ii = 0; ii < CONFIG_T::n_in; ii++) {
    ^~~
    VITIS_LOOP_108_1: 
/home/chejimenez/GitHub/NBFM_SpeakerRecognition_FPGA_Accelerator/hls4ml_output_compact/qat_8bit/myproject_prj/solution1/.autopilot/db/myproject.pp.0.cpp:59459:5: note: FIX-IT applied suggested code changes
/home/chejimenez/GitHub/NBFM_SpeakerRecognition_FPGA_Accelerator/hls4ml_output_compact/qat_8bit/myproject_prj/solution1/.autopilot/db/myproject.pp.0.cpp:59917:9: warning: Added loop label VITIS_LOOP_64_1:   [xilinx-label-all-loops]
        for (unsigned i = 0; i < __SHIFT_DEPTH__; ++i)
        ^~~
        VITIS_LOOP_64_1: 
/home/chejimenez/GitHub/NBFM_SpeakerRecognition_FPGA_Accelerator/hls4ml_output_compact/qat_8bit/myproject_prj/solution1/.autopilot/db/myproject.pp.0.cpp:59917:9: note: FIX-IT applied suggested code changes
/home/chejimenez/GitHub/NBFM_SpeakerRecognition_FPGA_Accelerator/hls4ml_output_compact/qat_8bit/myproject_prj/solution1/.autopilot/db/myproject.pp.0.cpp:59924:9: warning: Added loop label VITIS_LOOP_71_1:   [xilinx-label-all-loops]
        for (unsigned i = 0; i < __SHIFT_DEPTH__; ++i)
        ^~~
        VITIS_LOOP_71_1: 
/home/chejimenez/GitHub/NBFM_SpeakerRecognition_FPGA_Accelerator/hls4ml_output_compact/qat_8bit/myproject_prj/solution1/.autopilot/db/myproject.pp.0.cpp:59924:9: note: FIX-IT applied suggested code changes
/home/chejimenez/GitHub/NBFM_SpeakerRecognition_FPGA_Accelerator/hls4ml_output_compact/qat_8bit/myproject_prj/solution1/.autopilot/db/myproject.pp.0.cpp:60446:5: warning: Added loop label VITIS_LOOP_14_1:   [xilinx-label-all-loops]
    for (unsigned k = 0; k < CONFIG_T::n_out; k++) {
    ^~~
    VITIS_LOOP_14_1: 
/home/chejimenez/GitHub/NBFM_SpeakerRecognition_FPGA_Accelerator/hls4ml_output_compact/qat_8bit/myproject_prj/solution1/.autopilot/db/myproject.pp.0.cpp:60446:5: note: FIX-IT applied suggested code changes
/home/chejimenez/GitHub/NBFM_SpeakerRecognition_FPGA_Accelerator/hls4ml_output_compact/qat_8bit/myproject_prj/solution1/.autopilot/db/myproject.pp.0.cpp:60506:9: warning: Added loop label VITIS_LOOP_74_1:   [xilinx-label-all-loops]
        for (int im = 0; im < CONFIG_T::n_out; im++) {
        ^~~
        VITIS_LOOP_74_1: 
/home/chejimenez/GitHub/NBFM_SpeakerRecognition_FPGA_Accelerator/hls4ml_output_compact/qat_8bit/myproject_prj/solution1/.autopilot/db/myproject.pp.0.cpp:60506:9: note: FIX-IT applied suggested code changes
/home/chejimenez/GitHub/NBFM_SpeakerRecognition_FPGA_Accelerator/hls4ml_output_compact/qat_8bit/myproject_prj/solution1/.autopilot/db/myproject.pp.0.cpp:60650:2: warning: Added loop label VITIS_LOOP_20_1:   [xilinx-label-all-loops]
 for (int j = 0; j < CONFIG_T::n_chan; j++) {
 ^~~
 VITIS_LOOP_20_1: 
/home/chejimenez/GitHub/NBFM_SpeakerRecognition_FPGA_Accelerator/hls4ml_output_compact/qat_8bit/myproject_prj/solution1/.autopilot/db/myproject.pp.0.cpp:60650:2: note: FIX-IT applied suggested code changes
/home/chejimenez/GitHub/NBFM_SpeakerRecognition_FPGA_Accelerator/hls4ml_output_compact/qat_8bit/myproject_prj/solution1/.autopilot/db/myproject.pp.0.cpp:60651:9: warning: Added loop label VITIS_LOOP_21_2:   [xilinx-label-all-loops]
        for (int i = 0; i < CONFIG_T::pad_left; i++) {
        ^~~
        VITIS_LOOP_21_2: 
/home/chejimenez/GitHub/NBFM_SpeakerRecognition_FPGA_Accelerator/hls4ml_output_compact/qat_8bit/myproject_prj/solution1/.autopilot/db/myproject.pp.0.cpp:60651:9: note: FIX-IT applied suggested code changes
/home/chejimenez/GitHub/NBFM_SpeakerRecognition_FPGA_Accelerator/hls4ml_output_compact/qat_8bit/myproject_prj/solution1/.autopilot/db/myproject.pp.0.cpp:60655:9: warning: Added loop label VITIS_LOOP_25_3:   [xilinx-label-all-loops]
        for (int i = 0; i < CONFIG_T::in_width; i++) {
        ^~~
        VITIS_LOOP_25_3: 
/home/chejimenez/GitHub/NBFM_SpeakerRecognition_FPGA_Accelerator/hls4ml_output_compact/qat_8bit/myproject_prj/solution1/.autopilot/db/myproject.pp.0.cpp:60655:9: note: FIX-IT applied suggested code changes
/home/chejimenez/GitHub/NBFM_SpeakerRecognition_FPGA_Accelerator/hls4ml_output_compact/qat_8bit/myproject_prj/solution1/.autopilot/db/myproject.pp.0.cpp:60659:9: warning: Added loop label VITIS_LOOP_29_4:   [xilinx-label-all-loops]
        for (int i = 0; i < CONFIG_T::pad_right; i++) {
        ^~~
        VITIS_LOOP_29_4: 
/home/chejimenez/GitHub/NBFM_SpeakerRecognition_FPGA_Accelerator/hls4ml_output_compact/qat_8bit/myproject_prj/solution1/.autopilot/db/myproject.pp.0.cpp:60659:9: note: FIX-IT applied suggested code changes
/home/chejimenez/GitHub/NBFM_SpeakerRecognition_FPGA_Accelerator/hls4ml_output_compact/qat_8bit/myproject_prj/solution1/.autopilot/db/myproject.pp.0.cpp:60669:2: warning: Added loop label VITIS_LOOP_39_1:   [xilinx-label-all-loops]
 for (int i = 0; i < CONFIG_T::pad_left; i++) {
 ^~~
 VITIS_LOOP_39_1: 
/home/chejimenez/GitHub/NBFM_SpeakerRecognition_FPGA_Accelerator/hls4ml_output_compact/qat_8bit/myproject_prj/solution1/.autopilot/db/myproject.pp.0.cpp:60669:2: note: FIX-IT applied suggested code changes
/home/chejimenez/GitHub/NBFM_SpeakerRecognition_FPGA_Accelerator/hls4ml_output_compact/qat_8bit/myproject_prj/solution1/.autopilot/db/myproject.pp.0.cpp:60670:9: warning: Added loop label VITIS_LOOP_40_2:   [xilinx-label-all-loops]
        for (int j = 0; j < CONFIG_T::n_chan; j++) {
        ^~~
        VITIS_LOOP_40_2: 
/home/chejimenez/GitHub/NBFM_SpeakerRecognition_FPGA_Accelerator/hls4ml_output_compact/qat_8bit/myproject_prj/solution1/.autopilot/db/myproject.pp.0.cpp:60670:9: note: FIX-IT applied suggested code changes
/home/chejimenez/GitHub/NBFM_SpeakerRecognition_FPGA_Accelerator/hls4ml_output_compact/qat_8bit/myproject_prj/solution1/.autopilot/db/myproject.pp.0.cpp:60675:5: warning: Added loop label VITIS_LOOP_45_3:   [xilinx-label-all-loops]
    for (int i = 0; i < CONFIG_T::in_width; i++) {
    ^~~
    VITIS_LOOP_45_3: 
/home/chejimenez/GitHub/NBFM_SpeakerRecognition_FPGA_Accelerator/hls4ml_output_compact/qat_8bit/myproject_prj/solution1/.autopilot/db/myproject.pp.0.cpp:60675:5: note: FIX-IT applied suggested code changes
/home/chejimenez/GitHub/NBFM_SpeakerRecognition_FPGA_Accelerator/hls4ml_output_compact/qat_8bit/myproject_prj/solution1/.autopilot/db/myproject.pp.0.cpp:60676:9: warning: Added loop label VITIS_LOOP_46_4:   [xilinx-label-all-loops]
        for (int j = 0; j < CONFIG_T::n_chan; j++) {
        ^~~
        VITIS_LOOP_46_4: 
/home/chejimenez/GitHub/NBFM_SpeakerRecognition_FPGA_Accelerator/hls4ml_output_compact/qat_8bit/myproject_prj/solution1/.autopilot/db/myproject.pp.0.cpp:60676:9: note: FIX-IT applied suggested code changes
/home/chejimenez/GitHub/NBFM_SpeakerRecognition_FPGA_Accelerator/hls4ml_output_compact/qat_8bit/myproject_prj/solution1/.autopilot/db/myproject.pp.0.cpp:60681:5: warning: Added loop label VITIS_LOOP_51_5:   [xilinx-label-all-loops]
    for (int i = 0; i < CONFIG_T::pad_right; i++) {
    ^~~
    VITIS_LOOP_51_5: 
/home/chejimenez/GitHub/NBFM_SpeakerRecognition_FPGA_Accelerator/hls4ml_output_compact/qat_8bit/myproject_prj/solution1/.autopilot/db/myproject.pp.0.cpp:60681:5: note: FIX-IT applied suggested code changes
/home/chejimenez/GitHub/NBFM_SpeakerRecognition_FPGA_Accelerator/hls4ml_output_compact/qat_8bit/myproject_prj/solution1/.autopilot/db/myproject.pp.0.cpp:60682:9: warning: Added loop label VITIS_LOOP_52_6:   [xilinx-label-all-loops]
        for (int j = 0; j < CONFIG_T::n_chan; j++) {
        ^~~
        VITIS_LOOP_52_6: 
/home/chejimenez/GitHub/NBFM_SpeakerRecognition_FPGA_Accelerator/hls4ml_output_compact/qat_8bit/myproject_prj/solution1/.autopilot/db/myproject.pp.0.cpp:60682:9: note: FIX-IT applied suggested code changes
/home/chejimenez/GitHub/NBFM_SpeakerRecognition_FPGA_Accelerator/hls4ml_output_compact/qat_8bit/myproject_prj/solution1/.autopilot/db/myproject.pp.0.cpp:60705:2: warning: Added loop label VITIS_LOOP_75_1:   [xilinx-label-all-loops]
 for (int k = 0; k < CONFIG_T::n_chan; k++) {
 ^~~
 VITIS_LOOP_75_1: 
/home/chejimenez/GitHub/NBFM_SpeakerRecognition_FPGA_Accelerator/hls4ml_output_compact/qat_8bit/myproject_prj/solution1/.autopilot/db/myproject.pp.0.cpp:60705:2: note: FIX-IT applied suggested code changes
/home/chejimenez/GitHub/NBFM_SpeakerRecognition_FPGA_Accelerator/hls4ml_output_compact/qat_8bit/myproject_prj/solution1/.autopilot/db/myproject.pp.0.cpp:60707:9: warning: Added loop label VITIS_LOOP_77_2:   [xilinx-label-all-loops]
        for (int i = 0; i < CONFIG_T::pad_top; i++) {
        ^~~
        VITIS_LOOP_77_2: 
/home/chejimenez/GitHub/NBFM_SpeakerRecognition_FPGA_Accelerator/hls4ml_output_compact/qat_8bit/myproject_prj/solution1/.autopilot/db/myproject.pp.0.cpp:60707:9: note: FIX-IT applied suggested code changes
/home/chejimenez/GitHub/NBFM_SpeakerRecognition_FPGA_Accelerator/hls4ml_output_compact/qat_8bit/myproject_prj/solution1/.autopilot/db/myproject.pp.0.cpp:60708:13: warning: Added loop label VITIS_LOOP_78_3:   [xilinx-label-all-loops]
            for (int j = 0; j < CONFIG_T::out_width; j++) {
            ^~~
            VITIS_LOOP_78_3: 
/home/chejimenez/GitHub/NBFM_SpeakerRecognition_FPGA_Accelerator/hls4ml_output_compact/qat_8bit/myproject_prj/solution1/.autopilot/db/myproject.pp.0.cpp:60708:13: note: FIX-IT applied suggested code changes
/home/chejimenez/GitHub/NBFM_SpeakerRecognition_FPGA_Accelerator/hls4ml_output_compact/qat_8bit/myproject_prj/solution1/.autopilot/db/myproject.pp.0.cpp:60713:9: warning: Added loop label VITIS_LOOP_83_4:   [xilinx-label-all-loops]
        for (int i = 0; i < CONFIG_T::in_height; i++) {
        ^~~
        VITIS_LOOP_83_4: 
/home/chejimenez/GitHub/NBFM_SpeakerRecognition_FPGA_Accelerator/hls4ml_output_compact/qat_8bit/myproject_prj/solution1/.autopilot/db/myproject.pp.0.cpp:60713:9: note: FIX-IT applied suggested code changes
/home/chejimenez/GitHub/NBFM_SpeakerRecognition_FPGA_Accelerator/hls4ml_output_compact/qat_8bit/myproject_prj/solution1/.autopilot/db/myproject.pp.0.cpp:60714:13: warning: Added loop label VITIS_LOOP_84_5:   [xilinx-label-all-loops]
            for (int j = 0; j < CONFIG_T::pad_left; j++) {
            ^~~
            VITIS_LOOP_84_5: 
/home/chejimenez/GitHub/NBFM_SpeakerRecognition_FPGA_Accelerator/hls4ml_output_compact/qat_8bit/myproject_prj/solution1/.autopilot/db/myproject.pp.0.cpp:60714:13: note: FIX-IT applied suggested code changes
/home/chejimenez/GitHub/NBFM_SpeakerRecognition_FPGA_Accelerator/hls4ml_output_compact/qat_8bit/myproject_prj/solution1/.autopilot/db/myproject.pp.0.cpp:60717:13: warning: Added loop label VITIS_LOOP_87_6:   [xilinx-label-all-loops]
            for (int j = 0; j < CONFIG_T::in_width; j++) {
            ^~~
            VITIS_LOOP_87_6: 
/home/chejimenez/GitHub/NBFM_SpeakerRecognition_FPGA_Accelerator/hls4ml_output_compact/qat_8bit/myproject_prj/solution1/.autopilot/db/myproject.pp.0.cpp:60717:13: note: FIX-IT applied suggested code changes
/home/chejimenez/GitHub/NBFM_SpeakerRecognition_FPGA_Accelerator/hls4ml_output_compact/qat_8bit/myproject_prj/solution1/.autopilot/db/myproject.pp.0.cpp:60720:13: warning: Added loop label VITIS_LOOP_90_7:   [xilinx-label-all-loops]
            for (int j = 0; j < CONFIG_T::pad_right; j++) {
            ^~~
            VITIS_LOOP_90_7: 
/home/chejimenez/GitHub/NBFM_SpeakerRecognition_FPGA_Accelerator/hls4ml_output_compact/qat_8bit/myproject_prj/solution1/.autopilot/db/myproject.pp.0.cpp:60720:13: note: FIX-IT applied suggested code changes
/home/chejimenez/GitHub/NBFM_SpeakerRecognition_FPGA_Accelerator/hls4ml_output_compact/qat_8bit/myproject_prj/solution1/.autopilot/db/myproject.pp.0.cpp:60725:9: warning: Added loop label VITIS_LOOP_95_8:   [xilinx-label-all-loops]
        for (int i = 0; i < CONFIG_T::pad_bottom; i++) {
        ^~~
        VITIS_LOOP_95_8: 
/home/chejimenez/GitHub/NBFM_SpeakerRecognition_FPGA_Accelerator/hls4ml_output_compact/qat_8bit/myproject_prj/solution1/.autopilot/db/myproject.pp.0.cpp:60725:9: note: FIX-IT applied suggested code changes
/home/chejimenez/GitHub/NBFM_SpeakerRecognition_FPGA_Accelerator/hls4ml_output_compact/qat_8bit/myproject_prj/solution1/.autopilot/db/myproject.pp.0.cpp:60726:13: warning: Added loop label VITIS_LOOP_96_9:   [xilinx-label-all-loops]
            for (int j = 0; j < CONFIG_T::out_width; j++) {
            ^~~
            VITIS_LOOP_96_9: 
/home/chejimenez/GitHub/NBFM_SpeakerRecognition_FPGA_Accelerator/hls4ml_output_compact/qat_8bit/myproject_prj/solution1/.autopilot/db/myproject.pp.0.cpp:60726:13: note: FIX-IT applied suggested code changes
/home/chejimenez/GitHub/NBFM_SpeakerRecognition_FPGA_Accelerator/hls4ml_output_compact/qat_8bit/myproject_prj/solution1/.autopilot/db/myproject.pp.0.cpp:60738:2: warning: Added loop label VITIS_LOOP_108_1:   [xilinx-label-all-loops]
 for (int i = 0; i < CONFIG_T::pad_top; i++) {
 ^~~
 VITIS_LOOP_108_1: 
/home/chejimenez/GitHub/NBFM_SpeakerRecognition_FPGA_Accelerator/hls4ml_output_compact/qat_8bit/myproject_prj/solution1/.autopilot/db/myproject.pp.0.cpp:60738:2: note: FIX-IT applied suggested code changes
/home/chejimenez/GitHub/NBFM_SpeakerRecognition_FPGA_Accelerator/hls4ml_output_compact/qat_8bit/myproject_prj/solution1/.autopilot/db/myproject.pp.0.cpp:60739:9: warning: Added loop label VITIS_LOOP_109_2:   [xilinx-label-all-loops]
        for (int j = 0; j < CONFIG_T::out_width; j++) {
        ^~~
        VITIS_LOOP_109_2: 
/home/chejimenez/GitHub/NBFM_SpeakerRecognition_FPGA_Accelerator/hls4ml_output_compact/qat_8bit/myproject_prj/solution1/.autopilot/db/myproject.pp.0.cpp:60739:9: note: FIX-IT applied suggested code changes
/home/chejimenez/GitHub/NBFM_SpeakerRecognition_FPGA_Accelerator/hls4ml_output_compact/qat_8bit/myproject_prj/solution1/.autopilot/db/myproject.pp.0.cpp:60740:13: warning: Added loop label VITIS_LOOP_110_3:   [xilinx-label-all-loops]
            for (int k = 0; k < CONFIG_T::n_chan; k++) {
            ^~~
            VITIS_LOOP_110_3: 
/home/chejimenez/GitHub/NBFM_SpeakerRecognition_FPGA_Accelerator/hls4ml_output_compact/qat_8bit/myproject_prj/solution1/.autopilot/db/myproject.pp.0.cpp:60740:13: note: FIX-IT applied suggested code changes
/home/chejimenez/GitHub/NBFM_SpeakerRecognition_FPGA_Accelerator/hls4ml_output_compact/qat_8bit/myproject_prj/solution1/.autopilot/db/myproject.pp.0.cpp:60746:5: warning: Added loop label VITIS_LOOP_116_4:   [xilinx-label-all-loops]
    for (int i = 0; i < CONFIG_T::in_height; i++) {
    ^~~
    VITIS_LOOP_116_4: 
/home/chejimenez/GitHub/NBFM_SpeakerRecognition_FPGA_Accelerator/hls4ml_output_compact/qat_8bit/myproject_prj/solution1/.autopilot/db/myproject.pp.0.cpp:60746:5: note: FIX-IT applied suggested code changes
/home/chejimenez/GitHub/NBFM_SpeakerRecognition_FPGA_Accelerator/hls4ml_output_compact/qat_8bit/myproject_prj/solution1/.autopilot/db/myproject.pp.0.cpp:60747:9: warning: Added loop label VITIS_LOOP_117_5:   [xilinx-label-all-loops]
        for (int j = 0; j < CONFIG_T::pad_left; j++) {
        ^~~
        VITIS_LOOP_117_5: 
/home/chejimenez/GitHub/NBFM_SpeakerRecognition_FPGA_Accelerator/hls4ml_output_compact/qat_8bit/myproject_prj/solution1/.autopilot/db/myproject.pp.0.cpp:60747:9: note: FIX-IT applied suggested code changes
/home/chejimenez/GitHub/NBFM_SpeakerRecognition_FPGA_Accelerator/hls4ml_output_compact/qat_8bit/myproject_prj/solution1/.autopilot/db/myproject.pp.0.cpp:60748:13: warning: Added loop label VITIS_LOOP_118_6:   [xilinx-label-all-loops]
            for (int k = 0; k < CONFIG_T::n_chan; k++) {
            ^~~
            VITIS_LOOP_118_6: 
/home/chejimenez/GitHub/NBFM_SpeakerRecognition_FPGA_Accelerator/hls4ml_output_compact/qat_8bit/myproject_prj/solution1/.autopilot/db/myproject.pp.0.cpp:60748:13: note: FIX-IT applied suggested code changes
/home/chejimenez/GitHub/NBFM_SpeakerRecognition_FPGA_Accelerator/hls4ml_output_compact/qat_8bit/myproject_prj/solution1/.autopilot/db/myproject.pp.0.cpp:60752:9: warning: Added loop label VITIS_LOOP_122_7:   [xilinx-label-all-loops]
        for (int j = 0; j < CONFIG_T::in_width; j++) {
        ^~~
        VITIS_LOOP_122_7: 
/home/chejimenez/GitHub/NBFM_SpeakerRecognition_FPGA_Accelerator/hls4ml_output_compact/qat_8bit/myproject_prj/solution1/.autopilot/db/myproject.pp.0.cpp:60752:9: note: FIX-IT applied suggested code changes
/home/chejimenez/GitHub/NBFM_SpeakerRecognition_FPGA_Accelerator/hls4ml_output_compact/qat_8bit/myproject_prj/solution1/.autopilot/db/myproject.pp.0.cpp:60753:13: warning: Added loop label VITIS_LOOP_123_8:   [xilinx-label-all-loops]
            for (int k = 0; k < CONFIG_T::n_chan; k++) {
            ^~~
            VITIS_LOOP_123_8: 
/home/chejimenez/GitHub/NBFM_SpeakerRecognition_FPGA_Accelerator/hls4ml_output_compact/qat_8bit/myproject_prj/solution1/.autopilot/db/myproject.pp.0.cpp:60753:13: note: FIX-IT applied suggested code changes
/home/chejimenez/GitHub/NBFM_SpeakerRecognition_FPGA_Accelerator/hls4ml_output_compact/qat_8bit/myproject_prj/solution1/.autopilot/db/myproject.pp.0.cpp:60757:9: warning: Added loop label VITIS_LOOP_127_9:   [xilinx-label-all-loops]
        for (int j = 0; j < CONFIG_T::pad_right; j++) {
        ^~~
        VITIS_LOOP_127_9: 
/home/chejimenez/GitHub/NBFM_SpeakerRecognition_FPGA_Accelerator/hls4ml_output_compact/qat_8bit/myproject_prj/solution1/.autopilot/db/myproject.pp.0.cpp:60757:9: note: FIX-IT applied suggested code changes
/home/chejimenez/GitHub/NBFM_SpeakerRecognition_FPGA_Accelerator/hls4ml_output_compact/qat_8bit/myproject_prj/solution1/.autopilot/db/myproject.pp.0.cpp:60758:13: warning: Added loop label VITIS_LOOP_128_10:   [xilinx-label-all-loops]
            for (int k = 0; k < CONFIG_T::n_chan; k++) {
            ^~~
            VITIS_LOOP_128_10: 
/home/chejimenez/GitHub/NBFM_SpeakerRecognition_FPGA_Accelerator/hls4ml_output_compact/qat_8bit/myproject_prj/solution1/.autopilot/db/myproject.pp.0.cpp:60758:13: note: FIX-IT applied suggested code changes
/home/chejimenez/GitHub/NBFM_SpeakerRecognition_FPGA_Accelerator/hls4ml_output_compact/qat_8bit/myproject_prj/solution1/.autopilot/db/myproject.pp.0.cpp:60764:5: warning: Added loop label VITIS_LOOP_134_11:   [xilinx-label-all-loops]
    for (int i = 0; i < CONFIG_T::pad_bottom; i++) {
    ^~~
    VITIS_LOOP_134_11: 
/home/chejimenez/GitHub/NBFM_SpeakerRecognition_FPGA_Accelerator/hls4ml_output_compact/qat_8bit/myproject_prj/solution1/.autopilot/db/myproject.pp.0.cpp:60764:5: note: FIX-IT applied suggested code changes
/home/chejimenez/GitHub/NBFM_SpeakerRecognition_FPGA_Accelerator/hls4ml_output_compact/qat_8bit/myproject_prj/solution1/.autopilot/db/myproject.pp.0.cpp:60765:9: warning: Added loop label VITIS_LOOP_135_12:   [xilinx-label-all-loops]
        for (int j = 0; j < CONFIG_T::out_width; j++) {
        ^~~
        VITIS_LOOP_135_12: 
/home/chejimenez/GitHub/NBFM_SpeakerRecognition_FPGA_Accelerator/hls4ml_output_compact/qat_8bit/myproject_prj/solution1/.autopilot/db/myproject.pp.0.cpp:60765:9: note: FIX-IT applied suggested code changes
/home/chejimenez/GitHub/NBFM_SpeakerRecognition_FPGA_Accelerator/hls4ml_output_compact/qat_8bit/myproject_prj/solution1/.autopilot/db/myproject.pp.0.cpp:60766:13: warning: Added loop label VITIS_LOOP_136_13:   [xilinx-label-all-loops]
            for (int k = 0; k < CONFIG_T::n_chan; k++) {
            ^~~
            VITIS_LOOP_136_13: 
/home/chejimenez/GitHub/NBFM_SpeakerRecognition_FPGA_Accelerator/hls4ml_output_compact/qat_8bit/myproject_prj/solution1/.autopilot/db/myproject.pp.0.cpp:60766:13: note: FIX-IT applied suggested code changes
/home/chejimenez/GitHub/NBFM_SpeakerRecognition_FPGA_Accelerator/hls4ml_output_compact/qat_8bit/myproject_prj/solution1/.autopilot/db/myproject.pp.0.cpp:60787:5: warning: Added loop label VITIS_LOOP_11_1:   [xilinx-label-all-loops]
    for (int c = 0; c < CONFIG_T::n_chan; c++) {
    ^~~
    VITIS_LOOP_11_1: 
/home/chejimenez/GitHub/NBFM_SpeakerRecognition_FPGA_Accelerator/hls4ml_output_compact/qat_8bit/myproject_prj/solution1/.autopilot/db/myproject.pp.0.cpp:60787:5: note: FIX-IT applied suggested code changes
/home/chejimenez/GitHub/NBFM_SpeakerRecognition_FPGA_Accelerator/hls4ml_output_compact/qat_8bit/myproject_prj/solution1/.autopilot/db/myproject.pp.0.cpp:60798:5: warning: Added loop label VITIS_LOOP_22_1:   [xilinx-label-all-loops]
    for (int c = 0; c < CONFIG_T::n_chan; c++) {
    ^~~
    VITIS_LOOP_22_1: 
/home/chejimenez/GitHub/NBFM_SpeakerRecognition_FPGA_Accelerator/hls4ml_output_compact/qat_8bit/myproject_prj/solution1/.autopilot/db/myproject.pp.0.cpp:60798:5: note: FIX-IT applied suggested code changes
/home/chejimenez/GitHub/NBFM_SpeakerRecognition_FPGA_Accelerator/hls4ml_output_compact/qat_8bit/myproject_prj/solution1/.autopilot/db/myproject.pp.0.cpp:60874:5: warning: Added loop label VITIS_LOOP_13_1:   [xilinx-label-all-loops]
    for (int i = 1; i < N; i++) {
    ^~~
    VITIS_LOOP_13_1: 
/home/chejimenez/GitHub/NBFM_SpeakerRecognition_FPGA_Accelerator/hls4ml_output_compact/qat_8bit/myproject_prj/solution1/.autopilot/db/myproject.pp.0.cpp:60874:5: note: FIX-IT applied suggested code changes
/home/chejimenez/GitHub/NBFM_SpeakerRecognition_FPGA_Accelerator/hls4ml_output_compact/qat_8bit/myproject_prj/solution1/.autopilot/db/myproject.pp.0.cpp:60883:5: warning: Added loop label VITIS_LOOP_22_1:   [xilinx-label-all-loops]
    for (int i = 0; i < N; i++) {
    ^~~
    VITIS_LOOP_22_1: 
/home/chejimenez/GitHub/NBFM_SpeakerRecognition_FPGA_Accelerator/hls4ml_output_compact/qat_8bit/myproject_prj/solution1/.autopilot/db/myproject.pp.0.cpp:60883:5: note: FIX-IT applied suggested code changes
/home/chejimenez/GitHub/NBFM_SpeakerRecognition_FPGA_Accelerator/hls4ml_output_compact/qat_8bit/myproject_prj/solution1/.autopilot/db/myproject.pp.0.cpp:60958:5: warning: Added loop label VITIS_LOOP_97_1:   [xilinx-label-all-loops]
    for (int ff = 0; ff < CONFIG_T::n_filt; ff++) {
    ^~~
    VITIS_LOOP_97_1: 
/home/chejimenez/GitHub/NBFM_SpeakerRecognition_FPGA_Accelerator/hls4ml_output_compact/qat_8bit/myproject_prj/solution1/.autopilot/db/myproject.pp.0.cpp:60958:5: note: FIX-IT applied suggested code changes
/home/chejimenez/GitHub/NBFM_SpeakerRecognition_FPGA_Accelerator/hls4ml_output_compact/qat_8bit/myproject_prj/solution1/.autopilot/db/myproject.pp.0.cpp:60960:9: warning: Added loop label VITIS_LOOP_99_2:   [xilinx-label-all-loops]
        for (int ii = 0; ii < restricted_padded_width; ii += CONFIG_T::stride_width) {
        ^~~
        VITIS_LOOP_99_2: 
/home/chejimenez/GitHub/NBFM_SpeakerRecognition_FPGA_Accelerator/hls4ml_output_compact/qat_8bit/myproject_prj/solution1/.autopilot/db/myproject.pp.0.cpp:60960:9: note: FIX-IT applied suggested code changes
/home/chejimenez/GitHub/NBFM_SpeakerRecognition_FPGA_Accelerator/hls4ml_output_compact/qat_8bit/myproject_prj/solution1/.autopilot/db/myproject.pp.0.cpp:60965:2: warning: Added loop label VITIS_LOOP_104_3:   [xilinx-label-all-loops]
 for (int jj = 0; jj < CONFIG_T::pool_width; jj++) {
 ^~~
 VITIS_LOOP_104_3: 
/home/chejimenez/GitHub/NBFM_SpeakerRecognition_FPGA_Accelerator/hls4ml_output_compact/qat_8bit/myproject_prj/solution1/.autopilot/db/myproject.pp.0.cpp:60965:2: note: FIX-IT applied suggested code changes
/home/chejimenez/GitHub/NBFM_SpeakerRecognition_FPGA_Accelerator/hls4ml_output_compact/qat_8bit/myproject_prj/solution1/.autopilot/db/myproject.pp.0.cpp:60993:2: warning: Added loop label VITIS_LOOP_132_1:   [xilinx-label-all-loops]
 for (int ff = 0; ff < CONFIG_T::n_filt; ff++) {
 ^~~
 VITIS_LOOP_132_1: 
/home/chejimenez/GitHub/NBFM_SpeakerRecognition_FPGA_Accelerator/hls4ml_output_compact/qat_8bit/myproject_prj/solution1/.autopilot/db/myproject.pp.0.cpp:60993:2: note: FIX-IT applied suggested code changes
/home/chejimenez/GitHub/NBFM_SpeakerRecognition_FPGA_Accelerator/hls4ml_output_compact/qat_8bit/myproject_prj/solution1/.autopilot/db/myproject.pp.0.cpp:60996:2: warning: Added loop label VITIS_LOOP_135_2:   [xilinx-label-all-loops]
 for (int jj = 0; jj < CONFIG_T::n_in; jj++) {
 ^~~
 VITIS_LOOP_135_2: 
/home/chejimenez/GitHub/NBFM_SpeakerRecognition_FPGA_Accelerator/hls4ml_output_compact/qat_8bit/myproject_prj/solution1/.autopilot/db/myproject.pp.0.cpp:60996:2: note: FIX-IT applied suggested code changes
/home/chejimenez/GitHub/NBFM_SpeakerRecognition_FPGA_Accelerator/hls4ml_output_compact/qat_8bit/myproject_prj/solution1/.autopilot/db/myproject.pp.0.cpp:61051:5: warning: Added loop label VITIS_LOOP_190_1:   [xilinx-label-all-loops]
    for (int ff = 0; ff < CONFIG_T::n_filt; ff++) {
    ^~~
    VITIS_LOOP_190_1: 
/home/chejimenez/GitHub/NBFM_SpeakerRecognition_FPGA_Accelerator/hls4ml_output_compact/qat_8bit/myproject_prj/solution1/.autopilot/db/myproject.pp.0.cpp:61051:5: note: FIX-IT applied suggested code changes
/home/chejimenez/GitHub/NBFM_SpeakerRecognition_FPGA_Accelerator/hls4ml_output_compact/qat_8bit/myproject_prj/solution1/.autopilot/db/myproject.pp.0.cpp:61053:9: warning: Added loop label VITIS_LOOP_192_2:   [xilinx-label-all-loops]
        for (int ii = 0; ii < restricted_padded_height; ii += CONFIG_T::stride_height) {
        ^~~
        VITIS_LOOP_192_2: 
/home/chejimenez/GitHub/NBFM_SpeakerRecognition_FPGA_Accelerator/hls4ml_output_compact/qat_8bit/myproject_prj/solution1/.autopilot/db/myproject.pp.0.cpp:61053:9: note: FIX-IT applied suggested code changes
/home/chejimenez/GitHub/NBFM_SpeakerRecognition_FPGA_Accelerator/hls4ml_output_compact/qat_8bit/myproject_prj/solution1/.autopilot/db/myproject.pp.0.cpp:61055:13: warning: Added loop label VITIS_LOOP_194_3:   [xilinx-label-all-loops]
            for (int jj = 0; jj < restricted_padded_width; jj += CONFIG_T::stride_width) {
            ^~~
            VITIS_LOOP_194_3: 
/home/chejimenez/GitHub/NBFM_SpeakerRecognition_FPGA_Accelerator/hls4ml_output_compact/qat_8bit/myproject_prj/solution1/.autopilot/db/myproject.pp.0.cpp:61055:13: note: FIX-IT applied suggested code changes
/home/chejimenez/GitHub/NBFM_SpeakerRecognition_FPGA_Accelerator/hls4ml_output_compact/qat_8bit/myproject_prj/solution1/.autopilot/db/myproject.pp.0.cpp:61062:17: warning: Added loop label VITIS_LOOP_201_4:   [xilinx-label-all-loops]
                for (int kk = 0; kk < CONFIG_T::pool_height; kk++) {
                ^~~
                VITIS_LOOP_201_4: 
/home/chejimenez/GitHub/NBFM_SpeakerRecognition_FPGA_Accelerator/hls4ml_output_compact/qat_8bit/myproject_prj/solution1/.autopilot/db/myproject.pp.0.cpp:61062:17: note: FIX-IT applied suggested code changes
/home/chejimenez/GitHub/NBFM_SpeakerRecognition_FPGA_Accelerator/hls4ml_output_compact/qat_8bit/myproject_prj/solution1/.autopilot/db/myproject.pp.0.cpp:61064:21: warning: Added loop label VITIS_LOOP_203_5:   [xilinx-label-all-loops]
                    for (int ll = 0; ll < CONFIG_T::pool_width; ll++) {
                    ^~~
                    VITIS_LOOP_203_5: 
/home/chejimenez/GitHub/NBFM_SpeakerRecognition_FPGA_Accelerator/hls4ml_output_compact/qat_8bit/myproject_prj/solution1/.autopilot/db/myproject.pp.0.cpp:61064:21: note: FIX-IT applied suggested code changes
/home/chejimenez/GitHub/NBFM_SpeakerRecognition_FPGA_Accelerator/hls4ml_output_compact/qat_8bit/myproject_prj/solution1/.autopilot/db/myproject.pp.0.cpp:61105:5: warning: Added loop label VITIS_LOOP_244_1:   [xilinx-label-all-loops]
    for (int ff = 0; ff < CONFIG_T::n_filt; ff++) {
    ^~~
    VITIS_LOOP_244_1: 
/home/chejimenez/GitHub/NBFM_SpeakerRecognition_FPGA_Accelerator/hls4ml_output_compact/qat_8bit/myproject_prj/solution1/.autopilot/db/myproject.pp.0.cpp:61105:5: note: FIX-IT applied suggested code changes
/home/chejimenez/GitHub/NBFM_SpeakerRecognition_FPGA_Accelerator/hls4ml_output_compact/qat_8bit/myproject_prj/solution1/.autopilot/db/myproject.pp.0.cpp:61107:9: warning: Added loop label VITIS_LOOP_246_2:   [xilinx-label-all-loops]
        for (int ii = 0; ii < restricted_padded_height; ii += CONFIG_T::stride_height) {
        ^~~
        VITIS_LOOP_246_2: 
/home/chejimenez/GitHub/NBFM_SpeakerRecognition_FPGA_Accelerator/hls4ml_output_compact/qat_8bit/myproject_prj/solution1/.autopilot/db/myproject.pp.0.cpp:61107:9: note: FIX-IT applied suggested code changes
/home/chejimenez/GitHub/NBFM_SpeakerRecognition_FPGA_Accelerator/hls4ml_output_compact/qat_8bit/myproject_prj/solution1/.autopilot/db/myproject.pp.0.cpp:61109:13: warning: Added loop label VITIS_LOOP_248_3:   [xilinx-label-all-loops]
            for (int jj = 0; jj < restricted_padded_width; jj += CONFIG_T::stride_width) {
            ^~~
            VITIS_LOOP_248_3: 
/home/chejimenez/GitHub/NBFM_SpeakerRecognition_FPGA_Accelerator/hls4ml_output_compact/qat_8bit/myproject_prj/solution1/.autopilot/db/myproject.pp.0.cpp:61109:13: note: FIX-IT applied suggested code changes
/home/chejimenez/GitHub/NBFM_SpeakerRecognition_FPGA_Accelerator/hls4ml_output_compact/qat_8bit/myproject_prj/solution1/.autopilot/db/myproject.pp.0.cpp:61115:17: warning: Added loop label VITIS_LOOP_254_4:   [xilinx-label-all-loops]
                for (int kk = 0; kk < CONFIG_T::stride_height; kk++) {
                ^~~
                VITIS_LOOP_254_4: 
/home/chejimenez/GitHub/NBFM_SpeakerRecognition_FPGA_Accelerator/hls4ml_output_compact/qat_8bit/myproject_prj/solution1/.autopilot/db/myproject.pp.0.cpp:61115:17: note: FIX-IT applied suggested code changes
/home/chejimenez/GitHub/NBFM_SpeakerRecognition_FPGA_Accelerator/hls4ml_output_compact/qat_8bit/myproject_prj/solution1/.autopilot/db/myproject.pp.0.cpp:61117:21: warning: Added loop label VITIS_LOOP_256_5:   [xilinx-label-all-loops]
                    for (int ll = 0; ll < CONFIG_T::stride_width; ll++) {
                    ^~~
                    VITIS_LOOP_256_5: 
/home/chejimenez/GitHub/NBFM_SpeakerRecognition_FPGA_Accelerator/hls4ml_output_compact/qat_8bit/myproject_prj/solution1/.autopilot/db/myproject.pp.0.cpp:61117:21: note: FIX-IT applied suggested code changes
