

================================================================
== Vitis HLS Report for 'shift_line_buffer_array_ap_ufixed_8_4_4_0_0_8u_config11_s'
================================================================
* Date:           Sun Mar 22 09:52:13 2026

* Version:        2023.2 (Build 4023990 on Oct 11 2023)
* Project:        myproject_prj
* Solution:       solution1 (Vivado IP Flow Target)
* Product family: zynquplus
* Target device:  xck26-sfvc784-2LV-c


================================================================
== Performance Estimates
================================================================
+ Timing: 
    * Summary: 
    +--------+---------+----------+------------+
    |  Clock |  Target | Estimated| Uncertainty|
    +--------+---------+----------+------------+
    |ap_clk  |  5.00 ns|  0.717 ns|     1.35 ns|
    +--------+---------+----------+------------+

+ Latency: 
    * Summary: 
    +---------+---------+----------+----------+-----+-----+---------+
    |  Latency (cycles) |  Latency (absolute) |  Interval | Pipeline|
    |   min   |   max   |    min   |    max   | min | max |   Type  |
    +---------+---------+----------+----------+-----+-----+---------+
    |        0|        0|      0 ns|      0 ns|    1|    1|      yes|
    +---------+---------+----------+----------+-----+-----+---------+

    + Detail: 
        * Instance: 
        N/A

        * Loop: 
        N/A

============================================================
+ Verbose Summary: Synthesis Manager
============================================================
InlineROM: 1
ExposeGlobal: 0
============================================================
+ Verbose Summary: CDFG Model
============================================================
IsTopModel: 0
ResetActiveHigh: 1
IsCombinational: 0
IsDatapathOnly: 0
HasWiredReturn: 1
HasMFsm: 2
HasVarLatency: 0
IsPipeline: 1
IsRtlPipelined: 0
IsInstanceOverlapped: 0
IsDontTouch: 0
HasImplIP: 0
IsGatedGlobalClock: 0

+ Individual pipeline summary: 
  * Pipeline-0: initiation interval (II) = 1, depth = 1


============================================================
+ Verbose Summary: Schedule
============================================================
* Number of FSM states : 1
* Pipeline : 1
  Pipeline-0 : II = 1, D = 1, States = { 1 }
* Dataflow Pipeline: 0

* FSM state transitions: 
1 --> 

* FSM state operations: 

State 1 <SV = 0> <Delay = 0.71>
ST_1 : Operation 2 [1/1] (0.00ns)   --->   "%specpipeline_ln232 = specpipeline void @_ssdm_op_SpecPipeline, i32 4294967295, i32 0, i32 0, i32 0, void @empty_1" [firmware/nnet_utils/nnet_conv_stream.h:232]   --->   Operation 2 'specpipeline' 'specpipeline_ln232' <Predicate = true> <Delay = 0.00>
ST_1 : Operation 3 [1/1] (0.00ns)   --->   "%p_read_30 = read i8 @_ssdm_op_Read.ap_auto.i8, i8 %p_read7" [firmware/nnet_utils/nnet_conv_stream.h:241]   --->   Operation 3 'read' 'p_read_30' <Predicate = true> <Delay = 0.00>
ST_1 : Operation 4 [1/1] (0.00ns)   --->   "%p_read_31 = read i8 @_ssdm_op_Read.ap_auto.i8, i8 %p_read6" [firmware/nnet_utils/nnet_conv_stream.h:241]   --->   Operation 4 'read' 'p_read_31' <Predicate = true> <Delay = 0.00>
ST_1 : Operation 5 [1/1] (0.00ns)   --->   "%p_read_32 = read i8 @_ssdm_op_Read.ap_auto.i8, i8 %p_read5" [firmware/nnet_utils/nnet_conv_stream.h:241]   --->   Operation 5 'read' 'p_read_32' <Predicate = true> <Delay = 0.00>
ST_1 : Operation 6 [1/1] (0.00ns)   --->   "%p_read_33 = read i8 @_ssdm_op_Read.ap_auto.i8, i8 %p_read4" [firmware/nnet_utils/nnet_conv_stream.h:241]   --->   Operation 6 'read' 'p_read_33' <Predicate = true> <Delay = 0.00>
ST_1 : Operation 7 [1/1] (0.00ns)   --->   "%p_read_34 = read i8 @_ssdm_op_Read.ap_auto.i8, i8 %p_read3" [firmware/nnet_utils/nnet_conv_stream.h:241]   --->   Operation 7 'read' 'p_read_34' <Predicate = true> <Delay = 0.00>
ST_1 : Operation 8 [1/1] (0.00ns)   --->   "%p_read_35 = read i8 @_ssdm_op_Read.ap_auto.i8, i8 %p_read2" [firmware/nnet_utils/nnet_conv_stream.h:241]   --->   Operation 8 'read' 'p_read_35' <Predicate = true> <Delay = 0.00>
ST_1 : Operation 9 [1/1] (0.00ns)   --->   "%p_read_36 = read i8 @_ssdm_op_Read.ap_auto.i8, i8 %p_read1" [firmware/nnet_utils/nnet_conv_stream.h:241]   --->   Operation 9 'read' 'p_read_36' <Predicate = true> <Delay = 0.00>
ST_1 : Operation 10 [1/1] (0.00ns)   --->   "%p_read52 = read i8 @_ssdm_op_Read.ap_auto.i8, i8 %p_read" [firmware/nnet_utils/nnet_conv_stream.h:241]   --->   Operation 10 'read' 'p_read52' <Predicate = true> <Delay = 0.00>
ST_1 : Operation 11 [1/1] (0.71ns)   --->   "%p_015_i = memshiftread i8 @_ssdm_op_MemShiftRead.[32 x i8]P0A, i8 31, i8 %p_read52, i1 1" [firmware/nnet_utils/nnet_conv_stream.h:241]   --->   Operation 11 'memshiftread' 'p_015_i' <Predicate = true> <Delay = 0.71> <CoreInst = "ShiftReg">   --->   Core 77 'ShiftReg' <Latency = 0> <II = 1> <Delay = 0.71> <Storage> <Opcode : 'load' 'memshiftread'> <Ports = 1> <Width = 8> <Depth = 32> <ShiftMem>
ST_1 : Operation 12 [1/1] (0.71ns)   --->   "%p_016_i = memshiftread i8 @_ssdm_op_MemShiftRead.[32 x i8]P0A, i8 31, i8 %p_read_36, i1 1" [firmware/nnet_utils/nnet_conv_stream.h:241]   --->   Operation 12 'memshiftread' 'p_016_i' <Predicate = true> <Delay = 0.71> <CoreInst = "ShiftReg">   --->   Core 77 'ShiftReg' <Latency = 0> <II = 1> <Delay = 0.71> <Storage> <Opcode : 'load' 'memshiftread'> <Ports = 1> <Width = 8> <Depth = 32> <ShiftMem>
ST_1 : Operation 13 [1/1] (0.71ns)   --->   "%p_017_i = memshiftread i8 @_ssdm_op_MemShiftRead.[32 x i8]P0A, i8 31, i8 %p_read_35, i1 1" [firmware/nnet_utils/nnet_conv_stream.h:241]   --->   Operation 13 'memshiftread' 'p_017_i' <Predicate = true> <Delay = 0.71> <CoreInst = "ShiftReg">   --->   Core 77 'ShiftReg' <Latency = 0> <II = 1> <Delay = 0.71> <Storage> <Opcode : 'load' 'memshiftread'> <Ports = 1> <Width = 8> <Depth = 32> <ShiftMem>
ST_1 : Operation 14 [1/1] (0.71ns)   --->   "%p_018_i = memshiftread i8 @_ssdm_op_MemShiftRead.[32 x i8]P0A, i8 31, i8 %p_read_34, i1 1" [firmware/nnet_utils/nnet_conv_stream.h:241]   --->   Operation 14 'memshiftread' 'p_018_i' <Predicate = true> <Delay = 0.71> <CoreInst = "ShiftReg">   --->   Core 77 'ShiftReg' <Latency = 0> <II = 1> <Delay = 0.71> <Storage> <Opcode : 'load' 'memshiftread'> <Ports = 1> <Width = 8> <Depth = 32> <ShiftMem>
ST_1 : Operation 15 [1/1] (0.71ns)   --->   "%p_019_i = memshiftread i8 @_ssdm_op_MemShiftRead.[32 x i8]P0A, i8 31, i8 %p_read_33, i1 1" [firmware/nnet_utils/nnet_conv_stream.h:241]   --->   Operation 15 'memshiftread' 'p_019_i' <Predicate = true> <Delay = 0.71> <CoreInst = "ShiftReg">   --->   Core 77 'ShiftReg' <Latency = 0> <II = 1> <Delay = 0.71> <Storage> <Opcode : 'load' 'memshiftread'> <Ports = 1> <Width = 8> <Depth = 32> <ShiftMem>
ST_1 : Operation 16 [1/1] (0.71ns)   --->   "%p_020_i = memshiftread i8 @_ssdm_op_MemShiftRead.[32 x i8]P0A, i8 31, i8 %p_read_32, i1 1" [firmware/nnet_utils/nnet_conv_stream.h:241]   --->   Operation 16 'memshiftread' 'p_020_i' <Predicate = true> <Delay = 0.71> <CoreInst = "ShiftReg">   --->   Core 77 'ShiftReg' <Latency = 0> <II = 1> <Delay = 0.71> <Storage> <Opcode : 'load' 'memshiftread'> <Ports = 1> <Width = 8> <Depth = 32> <ShiftMem>
ST_1 : Operation 17 [1/1] (0.71ns)   --->   "%p_021_i = memshiftread i8 @_ssdm_op_MemShiftRead.[32 x i8]P0A, i8 31, i8 %p_read_31, i1 1" [firmware/nnet_utils/nnet_conv_stream.h:241]   --->   Operation 17 'memshiftread' 'p_021_i' <Predicate = true> <Delay = 0.71> <CoreInst = "ShiftReg">   --->   Core 77 'ShiftReg' <Latency = 0> <II = 1> <Delay = 0.71> <Storage> <Opcode : 'load' 'memshiftread'> <Ports = 1> <Width = 8> <Depth = 32> <ShiftMem>
ST_1 : Operation 18 [1/1] (0.71ns)   --->   "%p_0_i = memshiftread i8 @_ssdm_op_MemShiftRead.[32 x i8]P0A, i8 31, i8 %p_read_30, i1 1" [firmware/nnet_utils/nnet_conv_stream.h:241]   --->   Operation 18 'memshiftread' 'p_0_i' <Predicate = true> <Delay = 0.71> <CoreInst = "ShiftReg">   --->   Core 77 'ShiftReg' <Latency = 0> <II = 1> <Delay = 0.71> <Storage> <Opcode : 'load' 'memshiftread'> <Ports = 1> <Width = 8> <Depth = 32> <ShiftMem>
ST_1 : Operation 19 [1/1] (0.00ns)   --->   "%void_compute_pool_buffer_2d_array_const_ap_shift_reg_n_filt_stream_kernel_34 = load i8 %void_compute_pool_buffer_2d_array_const_ap_shift_reg_n_filt_stream_kernel_21" [firmware/nnet_utils/nnet_conv_stream.h:196->firmware/nnet_utils/nnet_conv_stream.h:247]   --->   Operation 19 'load' 'void_compute_pool_buffer_2d_array_const_ap_shift_reg_n_filt_stream_kernel_34' <Predicate = true> <Delay = 0.00>
ST_1 : Operation 20 [1/1] (0.00ns)   --->   "%store_ln196 = store i8 %void_compute_pool_buffer_2d_array_const_ap_shift_reg_n_filt_stream_kernel_34, i8 %void_compute_pool_buffer_2d_array_const_ap_shift_reg_n_filt_stream_kernel_29" [firmware/nnet_utils/nnet_conv_stream.h:196->firmware/nnet_utils/nnet_conv_stream.h:247]   --->   Operation 20 'store' 'store_ln196' <Predicate = true> <Delay = 0.00>
ST_1 : Operation 21 [1/1] (0.00ns)   --->   "%void_compute_pool_buffer_2d_array_const_ap_shift_reg_n_filt_stream_kernel_35 = load i8 %void_compute_pool_buffer_2d_array_const_ap_shift_reg_n_filt_stream_kernel_20" [firmware/nnet_utils/nnet_conv_stream.h:196->firmware/nnet_utils/nnet_conv_stream.h:247]   --->   Operation 21 'load' 'void_compute_pool_buffer_2d_array_const_ap_shift_reg_n_filt_stream_kernel_35' <Predicate = true> <Delay = 0.00>
ST_1 : Operation 22 [1/1] (0.00ns)   --->   "%store_ln196 = store i8 %void_compute_pool_buffer_2d_array_const_ap_shift_reg_n_filt_stream_kernel_35, i8 %void_compute_pool_buffer_2d_array_const_ap_shift_reg_n_filt_stream_kernel_28" [firmware/nnet_utils/nnet_conv_stream.h:196->firmware/nnet_utils/nnet_conv_stream.h:247]   --->   Operation 22 'store' 'store_ln196' <Predicate = true> <Delay = 0.00>
ST_1 : Operation 23 [1/1] (0.00ns)   --->   "%p_ZZN4nnet22compute_pool_buffer_2dINS_5arrayI9ap_ufixedILi8ELi4EL9ap_q_mode4EL9ap_483 = load i8 %p_ZZN4nnet22compute_pool_buffer_2dINS_5arrayI9ap_ufixedILi8ELi4EL9ap_q_mode4EL9ap_247" [firmware/nnet_utils/nnet_conv_stream.h:196->firmware/nnet_utils/nnet_conv_stream.h:247]   --->   Operation 23 'load' 'p_ZZN4nnet22compute_pool_buffer_2dINS_5arrayI9ap_ufixedILi8ELi4EL9ap_q_mode4EL9ap_483' <Predicate = true> <Delay = 0.00>
ST_1 : Operation 24 [1/1] (0.00ns)   --->   "%store_ln196 = store i8 %p_ZZN4nnet22compute_pool_buffer_2dINS_5arrayI9ap_ufixedILi8ELi4EL9ap_q_mode4EL9ap_483, i8 %void_compute_pool_buffer_2d_array_const_ap_shift_reg_n_filt_stream_kernel_27" [firmware/nnet_utils/nnet_conv_stream.h:196->firmware/nnet_utils/nnet_conv_stream.h:247]   --->   Operation 24 'store' 'store_ln196' <Predicate = true> <Delay = 0.00>
ST_1 : Operation 25 [1/1] (0.00ns)   --->   "%p_ZZN4nnet22compute_pool_buffer_2dINS_5arrayI9ap_ufixedILi8ELi4EL9ap_q_mode4EL9ap_484 = load i8 %p_ZZN4nnet22compute_pool_buffer_2dINS_5arrayI9ap_ufixedILi8ELi4EL9ap_q_mode4EL9ap_248" [firmware/nnet_utils/nnet_conv_stream.h:196->firmware/nnet_utils/nnet_conv_stream.h:247]   --->   Operation 25 'load' 'p_ZZN4nnet22compute_pool_buffer_2dINS_5arrayI9ap_ufixedILi8ELi4EL9ap_q_mode4EL9ap_484' <Predicate = true> <Delay = 0.00>
ST_1 : Operation 26 [1/1] (0.00ns)   --->   "%store_ln196 = store i8 %p_ZZN4nnet22compute_pool_buffer_2dINS_5arrayI9ap_ufixedILi8ELi4EL9ap_q_mode4EL9ap_484, i8 %void_compute_pool_buffer_2d_array_const_ap_shift_reg_n_filt_stream_kernel_26" [firmware/nnet_utils/nnet_conv_stream.h:196->firmware/nnet_utils/nnet_conv_stream.h:247]   --->   Operation 26 'store' 'store_ln196' <Predicate = true> <Delay = 0.00>
ST_1 : Operation 27 [1/1] (0.00ns)   --->   "%p_ZZN4nnet22compute_pool_buffer_2dINS_5arrayI9ap_ufixedILi8ELi4EL9ap_q_mode4EL9ap_485 = load i8 %p_ZZN4nnet22compute_pool_buffer_2dINS_5arrayI9ap_ufixedILi8ELi4EL9ap_q_mode4EL9ap_249" [firmware/nnet_utils/nnet_conv_stream.h:196->firmware/nnet_utils/nnet_conv_stream.h:247]   --->   Operation 27 'load' 'p_ZZN4nnet22compute_pool_buffer_2dINS_5arrayI9ap_ufixedILi8ELi4EL9ap_q_mode4EL9ap_485' <Predicate = true> <Delay = 0.00>
ST_1 : Operation 28 [1/1] (0.00ns)   --->   "%store_ln196 = store i8 %p_ZZN4nnet22compute_pool_buffer_2dINS_5arrayI9ap_ufixedILi8ELi4EL9ap_q_mode4EL9ap_485, i8 %void_compute_pool_buffer_2d_array_const_ap_shift_reg_n_filt_stream_kernel_25" [firmware/nnet_utils/nnet_conv_stream.h:196->firmware/nnet_utils/nnet_conv_stream.h:247]   --->   Operation 28 'store' 'store_ln196' <Predicate = true> <Delay = 0.00>
ST_1 : Operation 29 [1/1] (0.00ns)   --->   "%p_ZZN4nnet22compute_pool_buffer_2dINS_5arrayI9ap_ufixedILi8ELi4EL9ap_q_mode4EL9ap_486 = load i8 %p_ZZN4nnet22compute_pool_buffer_2dINS_5arrayI9ap_ufixedILi8ELi4EL9ap_q_mode4EL9ap_250" [firmware/nnet_utils/nnet_conv_stream.h:196->firmware/nnet_utils/nnet_conv_stream.h:247]   --->   Operation 29 'load' 'p_ZZN4nnet22compute_pool_buffer_2dINS_5arrayI9ap_ufixedILi8ELi4EL9ap_q_mode4EL9ap_486' <Predicate = true> <Delay = 0.00>
ST_1 : Operation 30 [1/1] (0.00ns)   --->   "%store_ln196 = store i8 %p_ZZN4nnet22compute_pool_buffer_2dINS_5arrayI9ap_ufixedILi8ELi4EL9ap_q_mode4EL9ap_486, i8 %void_compute_pool_buffer_2d_array_const_ap_shift_reg_n_filt_stream_kernel_24" [firmware/nnet_utils/nnet_conv_stream.h:196->firmware/nnet_utils/nnet_conv_stream.h:247]   --->   Operation 30 'store' 'store_ln196' <Predicate = true> <Delay = 0.00>
ST_1 : Operation 31 [1/1] (0.00ns)   --->   "%p_ZZN4nnet22compute_pool_buffer_2dINS_5arrayI9ap_ufixedILi8ELi4EL9ap_q_mode4EL9ap_487 = load i8 %p_ZZN4nnet22compute_pool_buffer_2dINS_5arrayI9ap_ufixedILi8ELi4EL9ap_q_mode4EL9ap_251" [firmware/nnet_utils/nnet_conv_stream.h:196->firmware/nnet_utils/nnet_conv_stream.h:247]   --->   Operation 31 'load' 'p_ZZN4nnet22compute_pool_buffer_2dINS_5arrayI9ap_ufixedILi8ELi4EL9ap_q_mode4EL9ap_487' <Predicate = true> <Delay = 0.00>
ST_1 : Operation 32 [1/1] (0.00ns)   --->   "%store_ln196 = store i8 %p_ZZN4nnet22compute_pool_buffer_2dINS_5arrayI9ap_ufixedILi8ELi4EL9ap_q_mode4EL9ap_487, i8 %void_compute_pool_buffer_2d_array_const_ap_shift_reg_n_filt_stream_kernel_23" [firmware/nnet_utils/nnet_conv_stream.h:196->firmware/nnet_utils/nnet_conv_stream.h:247]   --->   Operation 32 'store' 'store_ln196' <Predicate = true> <Delay = 0.00>
ST_1 : Operation 33 [1/1] (0.00ns)   --->   "%p_ZZN4nnet22compute_pool_buffer_2dINS_5arrayI9ap_ufixedILi8ELi4EL9ap_q_mode4EL9ap_488 = load i8 %p_ZZN4nnet22compute_pool_buffer_2dINS_5arrayI9ap_ufixedILi8ELi4EL9ap_q_mode4EL9ap_252" [firmware/nnet_utils/nnet_conv_stream.h:196->firmware/nnet_utils/nnet_conv_stream.h:247]   --->   Operation 33 'load' 'p_ZZN4nnet22compute_pool_buffer_2dINS_5arrayI9ap_ufixedILi8ELi4EL9ap_q_mode4EL9ap_488' <Predicate = true> <Delay = 0.00>
ST_1 : Operation 34 [1/1] (0.00ns)   --->   "%store_ln196 = store i8 %p_ZZN4nnet22compute_pool_buffer_2dINS_5arrayI9ap_ufixedILi8ELi4EL9ap_q_mode4EL9ap_488, i8 %void_compute_pool_buffer_2d_array_const_ap_shift_reg_n_filt_stream_kernel_22" [firmware/nnet_utils/nnet_conv_stream.h:196->firmware/nnet_utils/nnet_conv_stream.h:247]   --->   Operation 34 'store' 'store_ln196' <Predicate = true> <Delay = 0.00>
ST_1 : Operation 35 [1/1] (0.00ns)   --->   "%p_ZZN4nnet22compute_pool_buffer_2dINS_5arrayI9ap_ufixedILi8ELi4EL9ap_q_mode4EL9ap_489 = load i8 %p_ZZN4nnet22compute_pool_buffer_2dINS_5arrayI9ap_ufixedILi8ELi4EL9ap_q_mode4EL9ap_277" [firmware/nnet_utils/nnet_conv_stream.h:196->firmware/nnet_utils/nnet_conv_stream.h:247]   --->   Operation 35 'load' 'p_ZZN4nnet22compute_pool_buffer_2dINS_5arrayI9ap_ufixedILi8ELi4EL9ap_q_mode4EL9ap_489' <Predicate = true> <Delay = 0.00>
ST_1 : Operation 36 [1/1] (0.00ns)   --->   "%store_ln196 = store i8 %p_ZZN4nnet22compute_pool_buffer_2dINS_5arrayI9ap_ufixedILi8ELi4EL9ap_q_mode4EL9ap_489, i8 %p_ZZN4nnet22compute_pool_buffer_2dINS_5arrayI9ap_ufixedILi8ELi4EL9ap_q_mode4EL9ap_269" [firmware/nnet_utils/nnet_conv_stream.h:196->firmware/nnet_utils/nnet_conv_stream.h:247]   --->   Operation 36 'store' 'store_ln196' <Predicate = true> <Delay = 0.00>
ST_1 : Operation 37 [1/1] (0.00ns)   --->   "%p_ZZN4nnet22compute_pool_buffer_2dINS_5arrayI9ap_ufixedILi8ELi4EL9ap_q_mode4EL9ap_490 = load i8 %p_ZZN4nnet22compute_pool_buffer_2dINS_5arrayI9ap_ufixedILi8ELi4EL9ap_q_mode4EL9ap_278" [firmware/nnet_utils/nnet_conv_stream.h:196->firmware/nnet_utils/nnet_conv_stream.h:247]   --->   Operation 37 'load' 'p_ZZN4nnet22compute_pool_buffer_2dINS_5arrayI9ap_ufixedILi8ELi4EL9ap_q_mode4EL9ap_490' <Predicate = true> <Delay = 0.00>
ST_1 : Operation 38 [1/1] (0.00ns)   --->   "%store_ln196 = store i8 %p_ZZN4nnet22compute_pool_buffer_2dINS_5arrayI9ap_ufixedILi8ELi4EL9ap_q_mode4EL9ap_490, i8 %p_ZZN4nnet22compute_pool_buffer_2dINS_5arrayI9ap_ufixedILi8ELi4EL9ap_q_mode4EL9ap_270" [firmware/nnet_utils/nnet_conv_stream.h:196->firmware/nnet_utils/nnet_conv_stream.h:247]   --->   Operation 38 'store' 'store_ln196' <Predicate = true> <Delay = 0.00>
ST_1 : Operation 39 [1/1] (0.00ns)   --->   "%p_ZZN4nnet22compute_pool_buffer_2dINS_5arrayI9ap_ufixedILi8ELi4EL9ap_q_mode4EL9ap_491 = load i8 %p_ZZN4nnet22compute_pool_buffer_2dINS_5arrayI9ap_ufixedILi8ELi4EL9ap_q_mode4EL9ap_279" [firmware/nnet_utils/nnet_conv_stream.h:196->firmware/nnet_utils/nnet_conv_stream.h:247]   --->   Operation 39 'load' 'p_ZZN4nnet22compute_pool_buffer_2dINS_5arrayI9ap_ufixedILi8ELi4EL9ap_q_mode4EL9ap_491' <Predicate = true> <Delay = 0.00>
ST_1 : Operation 40 [1/1] (0.00ns)   --->   "%store_ln196 = store i8 %p_ZZN4nnet22compute_pool_buffer_2dINS_5arrayI9ap_ufixedILi8ELi4EL9ap_q_mode4EL9ap_491, i8 %p_ZZN4nnet22compute_pool_buffer_2dINS_5arrayI9ap_ufixedILi8ELi4EL9ap_q_mode4EL9ap_271" [firmware/nnet_utils/nnet_conv_stream.h:196->firmware/nnet_utils/nnet_conv_stream.h:247]   --->   Operation 40 'store' 'store_ln196' <Predicate = true> <Delay = 0.00>
ST_1 : Operation 41 [1/1] (0.00ns)   --->   "%p_ZZN4nnet22compute_pool_buffer_2dINS_5arrayI9ap_ufixedILi8ELi4EL9ap_q_mode4EL9ap_492 = load i8 %p_ZZN4nnet22compute_pool_buffer_2dINS_5arrayI9ap_ufixedILi8ELi4EL9ap_q_mode4EL9ap_280" [firmware/nnet_utils/nnet_conv_stream.h:196->firmware/nnet_utils/nnet_conv_stream.h:247]   --->   Operation 41 'load' 'p_ZZN4nnet22compute_pool_buffer_2dINS_5arrayI9ap_ufixedILi8ELi4EL9ap_q_mode4EL9ap_492' <Predicate = true> <Delay = 0.00>
ST_1 : Operation 42 [1/1] (0.00ns)   --->   "%store_ln196 = store i8 %p_ZZN4nnet22compute_pool_buffer_2dINS_5arrayI9ap_ufixedILi8ELi4EL9ap_q_mode4EL9ap_492, i8 %p_ZZN4nnet22compute_pool_buffer_2dINS_5arrayI9ap_ufixedILi8ELi4EL9ap_q_mode4EL9ap_272" [firmware/nnet_utils/nnet_conv_stream.h:196->firmware/nnet_utils/nnet_conv_stream.h:247]   --->   Operation 42 'store' 'store_ln196' <Predicate = true> <Delay = 0.00>
ST_1 : Operation 43 [1/1] (0.00ns)   --->   "%p_ZZN4nnet22compute_pool_buffer_2dINS_5arrayI9ap_ufixedILi8ELi4EL9ap_q_mode4EL9ap_493 = load i8 %p_ZZN4nnet22compute_pool_buffer_2dINS_5arrayI9ap_ufixedILi8ELi4EL9ap_q_mode4EL9ap_281" [firmware/nnet_utils/nnet_conv_stream.h:196->firmware/nnet_utils/nnet_conv_stream.h:247]   --->   Operation 43 'load' 'p_ZZN4nnet22compute_pool_buffer_2dINS_5arrayI9ap_ufixedILi8ELi4EL9ap_q_mode4EL9ap_493' <Predicate = true> <Delay = 0.00>
ST_1 : Operation 44 [1/1] (0.00ns)   --->   "%store_ln196 = store i8 %p_ZZN4nnet22compute_pool_buffer_2dINS_5arrayI9ap_ufixedILi8ELi4EL9ap_q_mode4EL9ap_493, i8 %p_ZZN4nnet22compute_pool_buffer_2dINS_5arrayI9ap_ufixedILi8ELi4EL9ap_q_mode4EL9ap_273" [firmware/nnet_utils/nnet_conv_stream.h:196->firmware/nnet_utils/nnet_conv_stream.h:247]   --->   Operation 44 'store' 'store_ln196' <Predicate = true> <Delay = 0.00>
ST_1 : Operation 45 [1/1] (0.00ns)   --->   "%p_ZZN4nnet22compute_pool_buffer_2dINS_5arrayI9ap_ufixedILi8ELi4EL9ap_q_mode4EL9ap_494 = load i8 %p_ZZN4nnet22compute_pool_buffer_2dINS_5arrayI9ap_ufixedILi8ELi4EL9ap_q_mode4EL9ap_282" [firmware/nnet_utils/nnet_conv_stream.h:196->firmware/nnet_utils/nnet_conv_stream.h:247]   --->   Operation 45 'load' 'p_ZZN4nnet22compute_pool_buffer_2dINS_5arrayI9ap_ufixedILi8ELi4EL9ap_q_mode4EL9ap_494' <Predicate = true> <Delay = 0.00>
ST_1 : Operation 46 [1/1] (0.00ns)   --->   "%store_ln196 = store i8 %p_ZZN4nnet22compute_pool_buffer_2dINS_5arrayI9ap_ufixedILi8ELi4EL9ap_q_mode4EL9ap_494, i8 %p_ZZN4nnet22compute_pool_buffer_2dINS_5arrayI9ap_ufixedILi8ELi4EL9ap_q_mode4EL9ap_274" [firmware/nnet_utils/nnet_conv_stream.h:196->firmware/nnet_utils/nnet_conv_stream.h:247]   --->   Operation 46 'store' 'store_ln196' <Predicate = true> <Delay = 0.00>
ST_1 : Operation 47 [1/1] (0.00ns)   --->   "%p_ZZN4nnet22compute_pool_buffer_2dINS_5arrayI9ap_ufixedILi8ELi4EL9ap_q_mode4EL9ap_495 = load i8 %p_ZZN4nnet22compute_pool_buffer_2dINS_5arrayI9ap_ufixedILi8ELi4EL9ap_q_mode4EL9ap_283" [firmware/nnet_utils/nnet_conv_stream.h:196->firmware/nnet_utils/nnet_conv_stream.h:247]   --->   Operation 47 'load' 'p_ZZN4nnet22compute_pool_buffer_2dINS_5arrayI9ap_ufixedILi8ELi4EL9ap_q_mode4EL9ap_495' <Predicate = true> <Delay = 0.00>
ST_1 : Operation 48 [1/1] (0.00ns)   --->   "%store_ln196 = store i8 %p_ZZN4nnet22compute_pool_buffer_2dINS_5arrayI9ap_ufixedILi8ELi4EL9ap_q_mode4EL9ap_495, i8 %p_ZZN4nnet22compute_pool_buffer_2dINS_5arrayI9ap_ufixedILi8ELi4EL9ap_q_mode4EL9ap_275" [firmware/nnet_utils/nnet_conv_stream.h:196->firmware/nnet_utils/nnet_conv_stream.h:247]   --->   Operation 48 'store' 'store_ln196' <Predicate = true> <Delay = 0.00>
ST_1 : Operation 49 [1/1] (0.00ns)   --->   "%p_ZZN4nnet22compute_pool_buffer_2dINS_5arrayI9ap_ufixedILi8ELi4EL9ap_q_mode4EL9ap_496 = load i8 %p_ZZN4nnet22compute_pool_buffer_2dINS_5arrayI9ap_ufixedILi8ELi4EL9ap_q_mode4EL9ap_284" [firmware/nnet_utils/nnet_conv_stream.h:196->firmware/nnet_utils/nnet_conv_stream.h:247]   --->   Operation 49 'load' 'p_ZZN4nnet22compute_pool_buffer_2dINS_5arrayI9ap_ufixedILi8ELi4EL9ap_q_mode4EL9ap_496' <Predicate = true> <Delay = 0.00>
ST_1 : Operation 50 [1/1] (0.00ns)   --->   "%store_ln196 = store i8 %p_ZZN4nnet22compute_pool_buffer_2dINS_5arrayI9ap_ufixedILi8ELi4EL9ap_q_mode4EL9ap_496, i8 %p_ZZN4nnet22compute_pool_buffer_2dINS_5arrayI9ap_ufixedILi8ELi4EL9ap_q_mode4EL9ap_276" [firmware/nnet_utils/nnet_conv_stream.h:196->firmware/nnet_utils/nnet_conv_stream.h:247]   --->   Operation 50 'store' 'store_ln196' <Predicate = true> <Delay = 0.00>
ST_1 : Operation 51 [1/1] (0.00ns)   --->   "%p_ZZN4nnet22compute_pool_buffer_2dINS_5arrayI9ap_ufixedILi8ELi4EL9ap_q_mode4EL9ap_497 = load i8 %p_ZZN4nnet22compute_pool_buffer_2dINS_5arrayI9ap_ufixedILi8ELi4EL9ap_q_mode4EL9ap_253" [firmware/nnet_utils/nnet_conv_stream.h:196->firmware/nnet_utils/nnet_conv_stream.h:247]   --->   Operation 51 'load' 'p_ZZN4nnet22compute_pool_buffer_2dINS_5arrayI9ap_ufixedILi8ELi4EL9ap_q_mode4EL9ap_497' <Predicate = true> <Delay = 0.00>
ST_1 : Operation 52 [1/1] (0.00ns)   --->   "%store_ln196 = store i8 %p_ZZN4nnet22compute_pool_buffer_2dINS_5arrayI9ap_ufixedILi8ELi4EL9ap_q_mode4EL9ap_497, i8 %void_compute_pool_buffer_2d_array_const_ap_shift_reg_n_filt_stream_kernel_21" [firmware/nnet_utils/nnet_conv_stream.h:196->firmware/nnet_utils/nnet_conv_stream.h:247]   --->   Operation 52 'store' 'store_ln196' <Predicate = true> <Delay = 0.00>
ST_1 : Operation 53 [1/1] (0.00ns)   --->   "%p_ZZN4nnet22compute_pool_buffer_2dINS_5arrayI9ap_ufixedILi8ELi4EL9ap_q_mode4EL9ap_498 = load i8 %p_ZZN4nnet22compute_pool_buffer_2dINS_5arrayI9ap_ufixedILi8ELi4EL9ap_q_mode4EL9ap_254" [firmware/nnet_utils/nnet_conv_stream.h:196->firmware/nnet_utils/nnet_conv_stream.h:247]   --->   Operation 53 'load' 'p_ZZN4nnet22compute_pool_buffer_2dINS_5arrayI9ap_ufixedILi8ELi4EL9ap_q_mode4EL9ap_498' <Predicate = true> <Delay = 0.00>
ST_1 : Operation 54 [1/1] (0.00ns)   --->   "%store_ln196 = store i8 %p_ZZN4nnet22compute_pool_buffer_2dINS_5arrayI9ap_ufixedILi8ELi4EL9ap_q_mode4EL9ap_498, i8 %void_compute_pool_buffer_2d_array_const_ap_shift_reg_n_filt_stream_kernel_20" [firmware/nnet_utils/nnet_conv_stream.h:196->firmware/nnet_utils/nnet_conv_stream.h:247]   --->   Operation 54 'store' 'store_ln196' <Predicate = true> <Delay = 0.00>
ST_1 : Operation 55 [1/1] (0.00ns)   --->   "%p_ZZN4nnet22compute_pool_buffer_2dINS_5arrayI9ap_ufixedILi8ELi4EL9ap_q_mode4EL9ap_499 = load i8 %p_ZZN4nnet22compute_pool_buffer_2dINS_5arrayI9ap_ufixedILi8ELi4EL9ap_q_mode4EL9ap_255" [firmware/nnet_utils/nnet_conv_stream.h:196->firmware/nnet_utils/nnet_conv_stream.h:247]   --->   Operation 55 'load' 'p_ZZN4nnet22compute_pool_buffer_2dINS_5arrayI9ap_ufixedILi8ELi4EL9ap_q_mode4EL9ap_499' <Predicate = true> <Delay = 0.00>
ST_1 : Operation 56 [1/1] (0.00ns)   --->   "%store_ln196 = store i8 %p_ZZN4nnet22compute_pool_buffer_2dINS_5arrayI9ap_ufixedILi8ELi4EL9ap_q_mode4EL9ap_499, i8 %p_ZZN4nnet22compute_pool_buffer_2dINS_5arrayI9ap_ufixedILi8ELi4EL9ap_q_mode4EL9ap_247" [firmware/nnet_utils/nnet_conv_stream.h:196->firmware/nnet_utils/nnet_conv_stream.h:247]   --->   Operation 56 'store' 'store_ln196' <Predicate = true> <Delay = 0.00>
ST_1 : Operation 57 [1/1] (0.00ns)   --->   "%p_ZZN4nnet22compute_pool_buffer_2dINS_5arrayI9ap_ufixedILi8ELi4EL9ap_q_mode4EL9ap_500 = load i8 %p_ZZN4nnet22compute_pool_buffer_2dINS_5arrayI9ap_ufixedILi8ELi4EL9ap_q_mode4EL9ap_256" [firmware/nnet_utils/nnet_conv_stream.h:196->firmware/nnet_utils/nnet_conv_stream.h:247]   --->   Operation 57 'load' 'p_ZZN4nnet22compute_pool_buffer_2dINS_5arrayI9ap_ufixedILi8ELi4EL9ap_q_mode4EL9ap_500' <Predicate = true> <Delay = 0.00>
ST_1 : Operation 58 [1/1] (0.00ns)   --->   "%store_ln196 = store i8 %p_ZZN4nnet22compute_pool_buffer_2dINS_5arrayI9ap_ufixedILi8ELi4EL9ap_q_mode4EL9ap_500, i8 %p_ZZN4nnet22compute_pool_buffer_2dINS_5arrayI9ap_ufixedILi8ELi4EL9ap_q_mode4EL9ap_248" [firmware/nnet_utils/nnet_conv_stream.h:196->firmware/nnet_utils/nnet_conv_stream.h:247]   --->   Operation 58 'store' 'store_ln196' <Predicate = true> <Delay = 0.00>
ST_1 : Operation 59 [1/1] (0.00ns)   --->   "%p_ZZN4nnet22compute_pool_buffer_2dINS_5arrayI9ap_ufixedILi8ELi4EL9ap_q_mode4EL9ap_501 = load i8 %p_ZZN4nnet22compute_pool_buffer_2dINS_5arrayI9ap_ufixedILi8ELi4EL9ap_q_mode4EL9ap_257" [firmware/nnet_utils/nnet_conv_stream.h:196->firmware/nnet_utils/nnet_conv_stream.h:247]   --->   Operation 59 'load' 'p_ZZN4nnet22compute_pool_buffer_2dINS_5arrayI9ap_ufixedILi8ELi4EL9ap_q_mode4EL9ap_501' <Predicate = true> <Delay = 0.00>
ST_1 : Operation 60 [1/1] (0.00ns)   --->   "%store_ln196 = store i8 %p_ZZN4nnet22compute_pool_buffer_2dINS_5arrayI9ap_ufixedILi8ELi4EL9ap_q_mode4EL9ap_501, i8 %p_ZZN4nnet22compute_pool_buffer_2dINS_5arrayI9ap_ufixedILi8ELi4EL9ap_q_mode4EL9ap_249" [firmware/nnet_utils/nnet_conv_stream.h:196->firmware/nnet_utils/nnet_conv_stream.h:247]   --->   Operation 60 'store' 'store_ln196' <Predicate = true> <Delay = 0.00>
ST_1 : Operation 61 [1/1] (0.00ns)   --->   "%p_ZZN4nnet22compute_pool_buffer_2dINS_5arrayI9ap_ufixedILi8ELi4EL9ap_q_mode4EL9ap_502 = load i8 %p_ZZN4nnet22compute_pool_buffer_2dINS_5arrayI9ap_ufixedILi8ELi4EL9ap_q_mode4EL9ap_258" [firmware/nnet_utils/nnet_conv_stream.h:196->firmware/nnet_utils/nnet_conv_stream.h:247]   --->   Operation 61 'load' 'p_ZZN4nnet22compute_pool_buffer_2dINS_5arrayI9ap_ufixedILi8ELi4EL9ap_q_mode4EL9ap_502' <Predicate = true> <Delay = 0.00>
ST_1 : Operation 62 [1/1] (0.00ns)   --->   "%store_ln196 = store i8 %p_ZZN4nnet22compute_pool_buffer_2dINS_5arrayI9ap_ufixedILi8ELi4EL9ap_q_mode4EL9ap_502, i8 %p_ZZN4nnet22compute_pool_buffer_2dINS_5arrayI9ap_ufixedILi8ELi4EL9ap_q_mode4EL9ap_250" [firmware/nnet_utils/nnet_conv_stream.h:196->firmware/nnet_utils/nnet_conv_stream.h:247]   --->   Operation 62 'store' 'store_ln196' <Predicate = true> <Delay = 0.00>
ST_1 : Operation 63 [1/1] (0.00ns)   --->   "%p_ZZN4nnet22compute_pool_buffer_2dINS_5arrayI9ap_ufixedILi8ELi4EL9ap_q_mode4EL9ap_503 = load i8 %p_ZZN4nnet22compute_pool_buffer_2dINS_5arrayI9ap_ufixedILi8ELi4EL9ap_q_mode4EL9ap_259" [firmware/nnet_utils/nnet_conv_stream.h:196->firmware/nnet_utils/nnet_conv_stream.h:247]   --->   Operation 63 'load' 'p_ZZN4nnet22compute_pool_buffer_2dINS_5arrayI9ap_ufixedILi8ELi4EL9ap_q_mode4EL9ap_503' <Predicate = true> <Delay = 0.00>
ST_1 : Operation 64 [1/1] (0.00ns)   --->   "%store_ln196 = store i8 %p_ZZN4nnet22compute_pool_buffer_2dINS_5arrayI9ap_ufixedILi8ELi4EL9ap_q_mode4EL9ap_503, i8 %p_ZZN4nnet22compute_pool_buffer_2dINS_5arrayI9ap_ufixedILi8ELi4EL9ap_q_mode4EL9ap_251" [firmware/nnet_utils/nnet_conv_stream.h:196->firmware/nnet_utils/nnet_conv_stream.h:247]   --->   Operation 64 'store' 'store_ln196' <Predicate = true> <Delay = 0.00>
ST_1 : Operation 65 [1/1] (0.00ns)   --->   "%p_ZZN4nnet22compute_pool_buffer_2dINS_5arrayI9ap_ufixedILi8ELi4EL9ap_q_mode4EL9ap_504 = load i8 %p_ZZN4nnet22compute_pool_buffer_2dINS_5arrayI9ap_ufixedILi8ELi4EL9ap_q_mode4EL9ap_260" [firmware/nnet_utils/nnet_conv_stream.h:196->firmware/nnet_utils/nnet_conv_stream.h:247]   --->   Operation 65 'load' 'p_ZZN4nnet22compute_pool_buffer_2dINS_5arrayI9ap_ufixedILi8ELi4EL9ap_q_mode4EL9ap_504' <Predicate = true> <Delay = 0.00>
ST_1 : Operation 66 [1/1] (0.00ns)   --->   "%store_ln196 = store i8 %p_ZZN4nnet22compute_pool_buffer_2dINS_5arrayI9ap_ufixedILi8ELi4EL9ap_q_mode4EL9ap_504, i8 %p_ZZN4nnet22compute_pool_buffer_2dINS_5arrayI9ap_ufixedILi8ELi4EL9ap_q_mode4EL9ap_252" [firmware/nnet_utils/nnet_conv_stream.h:196->firmware/nnet_utils/nnet_conv_stream.h:247]   --->   Operation 66 'store' 'store_ln196' <Predicate = true> <Delay = 0.00>
ST_1 : Operation 67 [1/1] (0.00ns)   --->   "%p_ZZN4nnet22compute_pool_buffer_2dINS_5arrayI9ap_ufixedILi8ELi4EL9ap_q_mode4EL9ap_505 = load i8 %p_ZZN4nnet22compute_pool_buffer_2dINS_5arrayI9ap_ufixedILi8ELi4EL9ap_q_mode4EL9ap_285" [firmware/nnet_utils/nnet_conv_stream.h:196->firmware/nnet_utils/nnet_conv_stream.h:247]   --->   Operation 67 'load' 'p_ZZN4nnet22compute_pool_buffer_2dINS_5arrayI9ap_ufixedILi8ELi4EL9ap_q_mode4EL9ap_505' <Predicate = true> <Delay = 0.00>
ST_1 : Operation 68 [1/1] (0.00ns)   --->   "%store_ln196 = store i8 %p_ZZN4nnet22compute_pool_buffer_2dINS_5arrayI9ap_ufixedILi8ELi4EL9ap_q_mode4EL9ap_505, i8 %p_ZZN4nnet22compute_pool_buffer_2dINS_5arrayI9ap_ufixedILi8ELi4EL9ap_q_mode4EL9ap_277" [firmware/nnet_utils/nnet_conv_stream.h:196->firmware/nnet_utils/nnet_conv_stream.h:247]   --->   Operation 68 'store' 'store_ln196' <Predicate = true> <Delay = 0.00>
ST_1 : Operation 69 [1/1] (0.00ns)   --->   "%p_ZZN4nnet22compute_pool_buffer_2dINS_5arrayI9ap_ufixedILi8ELi4EL9ap_q_mode4EL9ap_506 = load i8 %p_ZZN4nnet22compute_pool_buffer_2dINS_5arrayI9ap_ufixedILi8ELi4EL9ap_q_mode4EL9ap_286" [firmware/nnet_utils/nnet_conv_stream.h:196->firmware/nnet_utils/nnet_conv_stream.h:247]   --->   Operation 69 'load' 'p_ZZN4nnet22compute_pool_buffer_2dINS_5arrayI9ap_ufixedILi8ELi4EL9ap_q_mode4EL9ap_506' <Predicate = true> <Delay = 0.00>
ST_1 : Operation 70 [1/1] (0.00ns)   --->   "%store_ln196 = store i8 %p_ZZN4nnet22compute_pool_buffer_2dINS_5arrayI9ap_ufixedILi8ELi4EL9ap_q_mode4EL9ap_506, i8 %p_ZZN4nnet22compute_pool_buffer_2dINS_5arrayI9ap_ufixedILi8ELi4EL9ap_q_mode4EL9ap_278" [firmware/nnet_utils/nnet_conv_stream.h:196->firmware/nnet_utils/nnet_conv_stream.h:247]   --->   Operation 70 'store' 'store_ln196' <Predicate = true> <Delay = 0.00>
ST_1 : Operation 71 [1/1] (0.00ns)   --->   "%p_ZZN4nnet22compute_pool_buffer_2dINS_5arrayI9ap_ufixedILi8ELi4EL9ap_q_mode4EL9ap_507 = load i8 %p_ZZN4nnet22compute_pool_buffer_2dINS_5arrayI9ap_ufixedILi8ELi4EL9ap_q_mode4EL9ap_287" [firmware/nnet_utils/nnet_conv_stream.h:196->firmware/nnet_utils/nnet_conv_stream.h:247]   --->   Operation 71 'load' 'p_ZZN4nnet22compute_pool_buffer_2dINS_5arrayI9ap_ufixedILi8ELi4EL9ap_q_mode4EL9ap_507' <Predicate = true> <Delay = 0.00>
ST_1 : Operation 72 [1/1] (0.00ns)   --->   "%store_ln196 = store i8 %p_ZZN4nnet22compute_pool_buffer_2dINS_5arrayI9ap_ufixedILi8ELi4EL9ap_q_mode4EL9ap_507, i8 %p_ZZN4nnet22compute_pool_buffer_2dINS_5arrayI9ap_ufixedILi8ELi4EL9ap_q_mode4EL9ap_279" [firmware/nnet_utils/nnet_conv_stream.h:196->firmware/nnet_utils/nnet_conv_stream.h:247]   --->   Operation 72 'store' 'store_ln196' <Predicate = true> <Delay = 0.00>
ST_1 : Operation 73 [1/1] (0.00ns)   --->   "%p_ZZN4nnet22compute_pool_buffer_2dINS_5arrayI9ap_ufixedILi8ELi4EL9ap_q_mode4EL9ap_508 = load i8 %p_ZZN4nnet22compute_pool_buffer_2dINS_5arrayI9ap_ufixedILi8ELi4EL9ap_q_mode4EL9ap_288" [firmware/nnet_utils/nnet_conv_stream.h:196->firmware/nnet_utils/nnet_conv_stream.h:247]   --->   Operation 73 'load' 'p_ZZN4nnet22compute_pool_buffer_2dINS_5arrayI9ap_ufixedILi8ELi4EL9ap_q_mode4EL9ap_508' <Predicate = true> <Delay = 0.00>
ST_1 : Operation 74 [1/1] (0.00ns)   --->   "%store_ln196 = store i8 %p_ZZN4nnet22compute_pool_buffer_2dINS_5arrayI9ap_ufixedILi8ELi4EL9ap_q_mode4EL9ap_508, i8 %p_ZZN4nnet22compute_pool_buffer_2dINS_5arrayI9ap_ufixedILi8ELi4EL9ap_q_mode4EL9ap_280" [firmware/nnet_utils/nnet_conv_stream.h:196->firmware/nnet_utils/nnet_conv_stream.h:247]   --->   Operation 74 'store' 'store_ln196' <Predicate = true> <Delay = 0.00>
ST_1 : Operation 75 [1/1] (0.00ns)   --->   "%p_ZZN4nnet22compute_pool_buffer_2dINS_5arrayI9ap_ufixedILi8ELi4EL9ap_q_mode4EL9ap_509 = load i8 %p_ZZN4nnet22compute_pool_buffer_2dINS_5arrayI9ap_ufixedILi8ELi4EL9ap_q_mode4EL9ap_289" [firmware/nnet_utils/nnet_conv_stream.h:196->firmware/nnet_utils/nnet_conv_stream.h:247]   --->   Operation 75 'load' 'p_ZZN4nnet22compute_pool_buffer_2dINS_5arrayI9ap_ufixedILi8ELi4EL9ap_q_mode4EL9ap_509' <Predicate = true> <Delay = 0.00>
ST_1 : Operation 76 [1/1] (0.00ns)   --->   "%store_ln196 = store i8 %p_ZZN4nnet22compute_pool_buffer_2dINS_5arrayI9ap_ufixedILi8ELi4EL9ap_q_mode4EL9ap_509, i8 %p_ZZN4nnet22compute_pool_buffer_2dINS_5arrayI9ap_ufixedILi8ELi4EL9ap_q_mode4EL9ap_281" [firmware/nnet_utils/nnet_conv_stream.h:196->firmware/nnet_utils/nnet_conv_stream.h:247]   --->   Operation 76 'store' 'store_ln196' <Predicate = true> <Delay = 0.00>
ST_1 : Operation 77 [1/1] (0.00ns)   --->   "%p_ZZN4nnet22compute_pool_buffer_2dINS_5arrayI9ap_ufixedILi8ELi4EL9ap_q_mode4EL9ap_510 = load i8 %p_ZZN4nnet22compute_pool_buffer_2dINS_5arrayI9ap_ufixedILi8ELi4EL9ap_q_mode4EL9ap_290" [firmware/nnet_utils/nnet_conv_stream.h:196->firmware/nnet_utils/nnet_conv_stream.h:247]   --->   Operation 77 'load' 'p_ZZN4nnet22compute_pool_buffer_2dINS_5arrayI9ap_ufixedILi8ELi4EL9ap_q_mode4EL9ap_510' <Predicate = true> <Delay = 0.00>
ST_1 : Operation 78 [1/1] (0.00ns)   --->   "%store_ln196 = store i8 %p_ZZN4nnet22compute_pool_buffer_2dINS_5arrayI9ap_ufixedILi8ELi4EL9ap_q_mode4EL9ap_510, i8 %p_ZZN4nnet22compute_pool_buffer_2dINS_5arrayI9ap_ufixedILi8ELi4EL9ap_q_mode4EL9ap_282" [firmware/nnet_utils/nnet_conv_stream.h:196->firmware/nnet_utils/nnet_conv_stream.h:247]   --->   Operation 78 'store' 'store_ln196' <Predicate = true> <Delay = 0.00>
ST_1 : Operation 79 [1/1] (0.00ns)   --->   "%p_ZZN4nnet22compute_pool_buffer_2dINS_5arrayI9ap_ufixedILi8ELi4EL9ap_q_mode4EL9ap_511 = load i8 %p_ZZN4nnet22compute_pool_buffer_2dINS_5arrayI9ap_ufixedILi8ELi4EL9ap_q_mode4EL9ap_291" [firmware/nnet_utils/nnet_conv_stream.h:196->firmware/nnet_utils/nnet_conv_stream.h:247]   --->   Operation 79 'load' 'p_ZZN4nnet22compute_pool_buffer_2dINS_5arrayI9ap_ufixedILi8ELi4EL9ap_q_mode4EL9ap_511' <Predicate = true> <Delay = 0.00>
ST_1 : Operation 80 [1/1] (0.00ns)   --->   "%store_ln196 = store i8 %p_ZZN4nnet22compute_pool_buffer_2dINS_5arrayI9ap_ufixedILi8ELi4EL9ap_q_mode4EL9ap_511, i8 %p_ZZN4nnet22compute_pool_buffer_2dINS_5arrayI9ap_ufixedILi8ELi4EL9ap_q_mode4EL9ap_283" [firmware/nnet_utils/nnet_conv_stream.h:196->firmware/nnet_utils/nnet_conv_stream.h:247]   --->   Operation 80 'store' 'store_ln196' <Predicate = true> <Delay = 0.00>
ST_1 : Operation 81 [1/1] (0.00ns)   --->   "%p_ZZN4nnet22compute_pool_buffer_2dINS_5arrayI9ap_ufixedILi8ELi4EL9ap_q_mode4EL9ap_512 = load i8 %p_ZZN4nnet22compute_pool_buffer_2dINS_5arrayI9ap_ufixedILi8ELi4EL9ap_q_mode4EL9ap_292" [firmware/nnet_utils/nnet_conv_stream.h:196->firmware/nnet_utils/nnet_conv_stream.h:247]   --->   Operation 81 'load' 'p_ZZN4nnet22compute_pool_buffer_2dINS_5arrayI9ap_ufixedILi8ELi4EL9ap_q_mode4EL9ap_512' <Predicate = true> <Delay = 0.00>
ST_1 : Operation 82 [1/1] (0.00ns)   --->   "%store_ln196 = store i8 %p_ZZN4nnet22compute_pool_buffer_2dINS_5arrayI9ap_ufixedILi8ELi4EL9ap_q_mode4EL9ap_512, i8 %p_ZZN4nnet22compute_pool_buffer_2dINS_5arrayI9ap_ufixedILi8ELi4EL9ap_q_mode4EL9ap_284" [firmware/nnet_utils/nnet_conv_stream.h:196->firmware/nnet_utils/nnet_conv_stream.h:247]   --->   Operation 82 'store' 'store_ln196' <Predicate = true> <Delay = 0.00>
ST_1 : Operation 83 [1/1] (0.00ns)   --->   "%p_ZZN4nnet22compute_pool_buffer_2dINS_5arrayI9ap_ufixedILi8ELi4EL9ap_q_mode4EL9ap_513 = load i8 %p_ZZN4nnet22compute_pool_buffer_2dINS_5arrayI9ap_ufixedILi8ELi4EL9ap_q_mode4EL9ap_261" [firmware/nnet_utils/nnet_conv_stream.h:196->firmware/nnet_utils/nnet_conv_stream.h:247]   --->   Operation 83 'load' 'p_ZZN4nnet22compute_pool_buffer_2dINS_5arrayI9ap_ufixedILi8ELi4EL9ap_q_mode4EL9ap_513' <Predicate = true> <Delay = 0.00>
ST_1 : Operation 84 [1/1] (0.00ns)   --->   "%store_ln196 = store i8 %p_ZZN4nnet22compute_pool_buffer_2dINS_5arrayI9ap_ufixedILi8ELi4EL9ap_q_mode4EL9ap_513, i8 %p_ZZN4nnet22compute_pool_buffer_2dINS_5arrayI9ap_ufixedILi8ELi4EL9ap_q_mode4EL9ap_253" [firmware/nnet_utils/nnet_conv_stream.h:196->firmware/nnet_utils/nnet_conv_stream.h:247]   --->   Operation 84 'store' 'store_ln196' <Predicate = true> <Delay = 0.00>
ST_1 : Operation 85 [1/1] (0.00ns)   --->   "%p_ZZN4nnet22compute_pool_buffer_2dINS_5arrayI9ap_ufixedILi8ELi4EL9ap_q_mode4EL9ap_514 = load i8 %p_ZZN4nnet22compute_pool_buffer_2dINS_5arrayI9ap_ufixedILi8ELi4EL9ap_q_mode4EL9ap_262" [firmware/nnet_utils/nnet_conv_stream.h:196->firmware/nnet_utils/nnet_conv_stream.h:247]   --->   Operation 85 'load' 'p_ZZN4nnet22compute_pool_buffer_2dINS_5arrayI9ap_ufixedILi8ELi4EL9ap_q_mode4EL9ap_514' <Predicate = true> <Delay = 0.00>
ST_1 : Operation 86 [1/1] (0.00ns)   --->   "%store_ln196 = store i8 %p_ZZN4nnet22compute_pool_buffer_2dINS_5arrayI9ap_ufixedILi8ELi4EL9ap_q_mode4EL9ap_514, i8 %p_ZZN4nnet22compute_pool_buffer_2dINS_5arrayI9ap_ufixedILi8ELi4EL9ap_q_mode4EL9ap_254" [firmware/nnet_utils/nnet_conv_stream.h:196->firmware/nnet_utils/nnet_conv_stream.h:247]   --->   Operation 86 'store' 'store_ln196' <Predicate = true> <Delay = 0.00>
ST_1 : Operation 87 [1/1] (0.00ns)   --->   "%p_ZZN4nnet22compute_pool_buffer_2dINS_5arrayI9ap_ufixedILi8ELi4EL9ap_q_mode4EL9ap_515 = load i8 %p_ZZN4nnet22compute_pool_buffer_2dINS_5arrayI9ap_ufixedILi8ELi4EL9ap_q_mode4EL9ap_263" [firmware/nnet_utils/nnet_conv_stream.h:196->firmware/nnet_utils/nnet_conv_stream.h:247]   --->   Operation 87 'load' 'p_ZZN4nnet22compute_pool_buffer_2dINS_5arrayI9ap_ufixedILi8ELi4EL9ap_q_mode4EL9ap_515' <Predicate = true> <Delay = 0.00>
ST_1 : Operation 88 [1/1] (0.00ns)   --->   "%store_ln196 = store i8 %p_ZZN4nnet22compute_pool_buffer_2dINS_5arrayI9ap_ufixedILi8ELi4EL9ap_q_mode4EL9ap_515, i8 %p_ZZN4nnet22compute_pool_buffer_2dINS_5arrayI9ap_ufixedILi8ELi4EL9ap_q_mode4EL9ap_255" [firmware/nnet_utils/nnet_conv_stream.h:196->firmware/nnet_utils/nnet_conv_stream.h:247]   --->   Operation 88 'store' 'store_ln196' <Predicate = true> <Delay = 0.00>
ST_1 : Operation 89 [1/1] (0.00ns)   --->   "%p_ZZN4nnet22compute_pool_buffer_2dINS_5arrayI9ap_ufixedILi8ELi4EL9ap_q_mode4EL9ap_516 = load i8 %p_ZZN4nnet22compute_pool_buffer_2dINS_5arrayI9ap_ufixedILi8ELi4EL9ap_q_mode4EL9ap_264" [firmware/nnet_utils/nnet_conv_stream.h:196->firmware/nnet_utils/nnet_conv_stream.h:247]   --->   Operation 89 'load' 'p_ZZN4nnet22compute_pool_buffer_2dINS_5arrayI9ap_ufixedILi8ELi4EL9ap_q_mode4EL9ap_516' <Predicate = true> <Delay = 0.00>
ST_1 : Operation 90 [1/1] (0.00ns)   --->   "%store_ln196 = store i8 %p_ZZN4nnet22compute_pool_buffer_2dINS_5arrayI9ap_ufixedILi8ELi4EL9ap_q_mode4EL9ap_516, i8 %p_ZZN4nnet22compute_pool_buffer_2dINS_5arrayI9ap_ufixedILi8ELi4EL9ap_q_mode4EL9ap_256" [firmware/nnet_utils/nnet_conv_stream.h:196->firmware/nnet_utils/nnet_conv_stream.h:247]   --->   Operation 90 'store' 'store_ln196' <Predicate = true> <Delay = 0.00>
ST_1 : Operation 91 [1/1] (0.00ns)   --->   "%p_ZZN4nnet22compute_pool_buffer_2dINS_5arrayI9ap_ufixedILi8ELi4EL9ap_q_mode4EL9ap_517 = load i8 %p_ZZN4nnet22compute_pool_buffer_2dINS_5arrayI9ap_ufixedILi8ELi4EL9ap_q_mode4EL9ap_265" [firmware/nnet_utils/nnet_conv_stream.h:196->firmware/nnet_utils/nnet_conv_stream.h:247]   --->   Operation 91 'load' 'p_ZZN4nnet22compute_pool_buffer_2dINS_5arrayI9ap_ufixedILi8ELi4EL9ap_q_mode4EL9ap_517' <Predicate = true> <Delay = 0.00>
ST_1 : Operation 92 [1/1] (0.00ns)   --->   "%store_ln196 = store i8 %p_ZZN4nnet22compute_pool_buffer_2dINS_5arrayI9ap_ufixedILi8ELi4EL9ap_q_mode4EL9ap_517, i8 %p_ZZN4nnet22compute_pool_buffer_2dINS_5arrayI9ap_ufixedILi8ELi4EL9ap_q_mode4EL9ap_257" [firmware/nnet_utils/nnet_conv_stream.h:196->firmware/nnet_utils/nnet_conv_stream.h:247]   --->   Operation 92 'store' 'store_ln196' <Predicate = true> <Delay = 0.00>
ST_1 : Operation 93 [1/1] (0.00ns)   --->   "%p_ZZN4nnet22compute_pool_buffer_2dINS_5arrayI9ap_ufixedILi8ELi4EL9ap_q_mode4EL9ap_518 = load i8 %p_ZZN4nnet22compute_pool_buffer_2dINS_5arrayI9ap_ufixedILi8ELi4EL9ap_q_mode4EL9ap_266" [firmware/nnet_utils/nnet_conv_stream.h:196->firmware/nnet_utils/nnet_conv_stream.h:247]   --->   Operation 93 'load' 'p_ZZN4nnet22compute_pool_buffer_2dINS_5arrayI9ap_ufixedILi8ELi4EL9ap_q_mode4EL9ap_518' <Predicate = true> <Delay = 0.00>
ST_1 : Operation 94 [1/1] (0.00ns)   --->   "%store_ln196 = store i8 %p_ZZN4nnet22compute_pool_buffer_2dINS_5arrayI9ap_ufixedILi8ELi4EL9ap_q_mode4EL9ap_518, i8 %p_ZZN4nnet22compute_pool_buffer_2dINS_5arrayI9ap_ufixedILi8ELi4EL9ap_q_mode4EL9ap_258" [firmware/nnet_utils/nnet_conv_stream.h:196->firmware/nnet_utils/nnet_conv_stream.h:247]   --->   Operation 94 'store' 'store_ln196' <Predicate = true> <Delay = 0.00>
ST_1 : Operation 95 [1/1] (0.00ns)   --->   "%p_ZZN4nnet22compute_pool_buffer_2dINS_5arrayI9ap_ufixedILi8ELi4EL9ap_q_mode4EL9ap_519 = load i8 %p_ZZN4nnet22compute_pool_buffer_2dINS_5arrayI9ap_ufixedILi8ELi4EL9ap_q_mode4EL9ap_267" [firmware/nnet_utils/nnet_conv_stream.h:196->firmware/nnet_utils/nnet_conv_stream.h:247]   --->   Operation 95 'load' 'p_ZZN4nnet22compute_pool_buffer_2dINS_5arrayI9ap_ufixedILi8ELi4EL9ap_q_mode4EL9ap_519' <Predicate = true> <Delay = 0.00>
ST_1 : Operation 96 [1/1] (0.00ns)   --->   "%store_ln196 = store i8 %p_ZZN4nnet22compute_pool_buffer_2dINS_5arrayI9ap_ufixedILi8ELi4EL9ap_q_mode4EL9ap_519, i8 %p_ZZN4nnet22compute_pool_buffer_2dINS_5arrayI9ap_ufixedILi8ELi4EL9ap_q_mode4EL9ap_259" [firmware/nnet_utils/nnet_conv_stream.h:196->firmware/nnet_utils/nnet_conv_stream.h:247]   --->   Operation 96 'store' 'store_ln196' <Predicate = true> <Delay = 0.00>
ST_1 : Operation 97 [1/1] (0.00ns)   --->   "%p_ZZN4nnet22compute_pool_buffer_2dINS_5arrayI9ap_ufixedILi8ELi4EL9ap_q_mode4EL9ap_520 = load i8 %p_ZZN4nnet22compute_pool_buffer_2dINS_5arrayI9ap_ufixedILi8ELi4EL9ap_q_mode4EL9ap_268" [firmware/nnet_utils/nnet_conv_stream.h:196->firmware/nnet_utils/nnet_conv_stream.h:247]   --->   Operation 97 'load' 'p_ZZN4nnet22compute_pool_buffer_2dINS_5arrayI9ap_ufixedILi8ELi4EL9ap_q_mode4EL9ap_520' <Predicate = true> <Delay = 0.00>
ST_1 : Operation 98 [1/1] (0.00ns)   --->   "%store_ln196 = store i8 %p_ZZN4nnet22compute_pool_buffer_2dINS_5arrayI9ap_ufixedILi8ELi4EL9ap_q_mode4EL9ap_520, i8 %p_ZZN4nnet22compute_pool_buffer_2dINS_5arrayI9ap_ufixedILi8ELi4EL9ap_q_mode4EL9ap_260" [firmware/nnet_utils/nnet_conv_stream.h:196->firmware/nnet_utils/nnet_conv_stream.h:247]   --->   Operation 98 'store' 'store_ln196' <Predicate = true> <Delay = 0.00>
ST_1 : Operation 99 [1/1] (0.00ns)   --->   "%p_ZZN4nnet22compute_pool_buffer_2dINS_5arrayI9ap_ufixedILi8ELi4EL9ap_q_mode4EL9ap_521 = load i8 %p_ZZN4nnet22compute_pool_buffer_2dINS_5arrayI9ap_ufixedILi8ELi4EL9ap_q_mode4EL9ap_293" [firmware/nnet_utils/nnet_conv_stream.h:196->firmware/nnet_utils/nnet_conv_stream.h:247]   --->   Operation 99 'load' 'p_ZZN4nnet22compute_pool_buffer_2dINS_5arrayI9ap_ufixedILi8ELi4EL9ap_q_mode4EL9ap_521' <Predicate = true> <Delay = 0.00>
ST_1 : Operation 100 [1/1] (0.00ns)   --->   "%store_ln196 = store i8 %p_ZZN4nnet22compute_pool_buffer_2dINS_5arrayI9ap_ufixedILi8ELi4EL9ap_q_mode4EL9ap_521, i8 %p_ZZN4nnet22compute_pool_buffer_2dINS_5arrayI9ap_ufixedILi8ELi4EL9ap_q_mode4EL9ap_285" [firmware/nnet_utils/nnet_conv_stream.h:196->firmware/nnet_utils/nnet_conv_stream.h:247]   --->   Operation 100 'store' 'store_ln196' <Predicate = true> <Delay = 0.00>
ST_1 : Operation 101 [1/1] (0.00ns)   --->   "%p_ZZN4nnet22compute_pool_buffer_2dINS_5arrayI9ap_ufixedILi8ELi4EL9ap_q_mode4EL9ap_522 = load i8 %p_ZZN4nnet22compute_pool_buffer_2dINS_5arrayI9ap_ufixedILi8ELi4EL9ap_q_mode4EL9ap_294" [firmware/nnet_utils/nnet_conv_stream.h:196->firmware/nnet_utils/nnet_conv_stream.h:247]   --->   Operation 101 'load' 'p_ZZN4nnet22compute_pool_buffer_2dINS_5arrayI9ap_ufixedILi8ELi4EL9ap_q_mode4EL9ap_522' <Predicate = true> <Delay = 0.00>
ST_1 : Operation 102 [1/1] (0.00ns)   --->   "%store_ln196 = store i8 %p_ZZN4nnet22compute_pool_buffer_2dINS_5arrayI9ap_ufixedILi8ELi4EL9ap_q_mode4EL9ap_522, i8 %p_ZZN4nnet22compute_pool_buffer_2dINS_5arrayI9ap_ufixedILi8ELi4EL9ap_q_mode4EL9ap_286" [firmware/nnet_utils/nnet_conv_stream.h:196->firmware/nnet_utils/nnet_conv_stream.h:247]   --->   Operation 102 'store' 'store_ln196' <Predicate = true> <Delay = 0.00>
ST_1 : Operation 103 [1/1] (0.00ns)   --->   "%p_ZZN4nnet22compute_pool_buffer_2dINS_5arrayI9ap_ufixedILi8ELi4EL9ap_q_mode4EL9ap_523 = load i8 %p_ZZN4nnet22compute_pool_buffer_2dINS_5arrayI9ap_ufixedILi8ELi4EL9ap_q_mode4EL9ap_295" [firmware/nnet_utils/nnet_conv_stream.h:196->firmware/nnet_utils/nnet_conv_stream.h:247]   --->   Operation 103 'load' 'p_ZZN4nnet22compute_pool_buffer_2dINS_5arrayI9ap_ufixedILi8ELi4EL9ap_q_mode4EL9ap_523' <Predicate = true> <Delay = 0.00>
ST_1 : Operation 104 [1/1] (0.00ns)   --->   "%store_ln196 = store i8 %p_ZZN4nnet22compute_pool_buffer_2dINS_5arrayI9ap_ufixedILi8ELi4EL9ap_q_mode4EL9ap_523, i8 %p_ZZN4nnet22compute_pool_buffer_2dINS_5arrayI9ap_ufixedILi8ELi4EL9ap_q_mode4EL9ap_287" [firmware/nnet_utils/nnet_conv_stream.h:196->firmware/nnet_utils/nnet_conv_stream.h:247]   --->   Operation 104 'store' 'store_ln196' <Predicate = true> <Delay = 0.00>
ST_1 : Operation 105 [1/1] (0.00ns)   --->   "%p_ZZN4nnet22compute_pool_buffer_2dINS_5arrayI9ap_ufixedILi8ELi4EL9ap_q_mode4EL9ap_524 = load i8 %p_ZZN4nnet22compute_pool_buffer_2dINS_5arrayI9ap_ufixedILi8ELi4EL9ap_q_mode4EL9ap_296" [firmware/nnet_utils/nnet_conv_stream.h:196->firmware/nnet_utils/nnet_conv_stream.h:247]   --->   Operation 105 'load' 'p_ZZN4nnet22compute_pool_buffer_2dINS_5arrayI9ap_ufixedILi8ELi4EL9ap_q_mode4EL9ap_524' <Predicate = true> <Delay = 0.00>
ST_1 : Operation 106 [1/1] (0.00ns)   --->   "%store_ln196 = store i8 %p_ZZN4nnet22compute_pool_buffer_2dINS_5arrayI9ap_ufixedILi8ELi4EL9ap_q_mode4EL9ap_524, i8 %p_ZZN4nnet22compute_pool_buffer_2dINS_5arrayI9ap_ufixedILi8ELi4EL9ap_q_mode4EL9ap_288" [firmware/nnet_utils/nnet_conv_stream.h:196->firmware/nnet_utils/nnet_conv_stream.h:247]   --->   Operation 106 'store' 'store_ln196' <Predicate = true> <Delay = 0.00>
ST_1 : Operation 107 [1/1] (0.00ns)   --->   "%p_ZZN4nnet22compute_pool_buffer_2dINS_5arrayI9ap_ufixedILi8ELi4EL9ap_q_mode4EL9ap_525 = load i8 %p_ZZN4nnet22compute_pool_buffer_2dINS_5arrayI9ap_ufixedILi8ELi4EL9ap_q_mode4EL9ap_297" [firmware/nnet_utils/nnet_conv_stream.h:196->firmware/nnet_utils/nnet_conv_stream.h:247]   --->   Operation 107 'load' 'p_ZZN4nnet22compute_pool_buffer_2dINS_5arrayI9ap_ufixedILi8ELi4EL9ap_q_mode4EL9ap_525' <Predicate = true> <Delay = 0.00>
ST_1 : Operation 108 [1/1] (0.00ns)   --->   "%store_ln196 = store i8 %p_ZZN4nnet22compute_pool_buffer_2dINS_5arrayI9ap_ufixedILi8ELi4EL9ap_q_mode4EL9ap_525, i8 %p_ZZN4nnet22compute_pool_buffer_2dINS_5arrayI9ap_ufixedILi8ELi4EL9ap_q_mode4EL9ap_289" [firmware/nnet_utils/nnet_conv_stream.h:196->firmware/nnet_utils/nnet_conv_stream.h:247]   --->   Operation 108 'store' 'store_ln196' <Predicate = true> <Delay = 0.00>
ST_1 : Operation 109 [1/1] (0.00ns)   --->   "%p_ZZN4nnet22compute_pool_buffer_2dINS_5arrayI9ap_ufixedILi8ELi4EL9ap_q_mode4EL9ap_526 = load i8 %p_ZZN4nnet22compute_pool_buffer_2dINS_5arrayI9ap_ufixedILi8ELi4EL9ap_q_mode4EL9ap_298" [firmware/nnet_utils/nnet_conv_stream.h:196->firmware/nnet_utils/nnet_conv_stream.h:247]   --->   Operation 109 'load' 'p_ZZN4nnet22compute_pool_buffer_2dINS_5arrayI9ap_ufixedILi8ELi4EL9ap_q_mode4EL9ap_526' <Predicate = true> <Delay = 0.00>
ST_1 : Operation 110 [1/1] (0.00ns)   --->   "%store_ln196 = store i8 %p_ZZN4nnet22compute_pool_buffer_2dINS_5arrayI9ap_ufixedILi8ELi4EL9ap_q_mode4EL9ap_526, i8 %p_ZZN4nnet22compute_pool_buffer_2dINS_5arrayI9ap_ufixedILi8ELi4EL9ap_q_mode4EL9ap_290" [firmware/nnet_utils/nnet_conv_stream.h:196->firmware/nnet_utils/nnet_conv_stream.h:247]   --->   Operation 110 'store' 'store_ln196' <Predicate = true> <Delay = 0.00>
ST_1 : Operation 111 [1/1] (0.00ns)   --->   "%p_ZZN4nnet22compute_pool_buffer_2dINS_5arrayI9ap_ufixedILi8ELi4EL9ap_q_mode4EL9ap_527 = load i8 %p_ZZN4nnet22compute_pool_buffer_2dINS_5arrayI9ap_ufixedILi8ELi4EL9ap_q_mode4EL9ap_299" [firmware/nnet_utils/nnet_conv_stream.h:196->firmware/nnet_utils/nnet_conv_stream.h:247]   --->   Operation 111 'load' 'p_ZZN4nnet22compute_pool_buffer_2dINS_5arrayI9ap_ufixedILi8ELi4EL9ap_q_mode4EL9ap_527' <Predicate = true> <Delay = 0.00>
ST_1 : Operation 112 [1/1] (0.00ns)   --->   "%store_ln196 = store i8 %p_ZZN4nnet22compute_pool_buffer_2dINS_5arrayI9ap_ufixedILi8ELi4EL9ap_q_mode4EL9ap_527, i8 %p_ZZN4nnet22compute_pool_buffer_2dINS_5arrayI9ap_ufixedILi8ELi4EL9ap_q_mode4EL9ap_291" [firmware/nnet_utils/nnet_conv_stream.h:196->firmware/nnet_utils/nnet_conv_stream.h:247]   --->   Operation 112 'store' 'store_ln196' <Predicate = true> <Delay = 0.00>
ST_1 : Operation 113 [1/1] (0.00ns)   --->   "%p_ZZN4nnet22compute_pool_buffer_2dINS_5arrayI9ap_ufixedILi8ELi4EL9ap_q_mode4EL9ap_528 = load i8 %p_ZZN4nnet22compute_pool_buffer_2dINS_5arrayI9ap_ufixedILi8ELi4EL9ap_q_mode4EL9ap_300" [firmware/nnet_utils/nnet_conv_stream.h:196->firmware/nnet_utils/nnet_conv_stream.h:247]   --->   Operation 113 'load' 'p_ZZN4nnet22compute_pool_buffer_2dINS_5arrayI9ap_ufixedILi8ELi4EL9ap_q_mode4EL9ap_528' <Predicate = true> <Delay = 0.00>
ST_1 : Operation 114 [1/1] (0.00ns)   --->   "%store_ln196 = store i8 %p_ZZN4nnet22compute_pool_buffer_2dINS_5arrayI9ap_ufixedILi8ELi4EL9ap_q_mode4EL9ap_528, i8 %p_ZZN4nnet22compute_pool_buffer_2dINS_5arrayI9ap_ufixedILi8ELi4EL9ap_q_mode4EL9ap_292" [firmware/nnet_utils/nnet_conv_stream.h:196->firmware/nnet_utils/nnet_conv_stream.h:247]   --->   Operation 114 'store' 'store_ln196' <Predicate = true> <Delay = 0.00>
ST_1 : Operation 115 [1/1] (0.00ns)   --->   "%store_ln209 = store i8 %p_015_i, i8 %p_ZZN4nnet22compute_pool_buffer_2dINS_5arrayI9ap_ufixedILi8ELi4EL9ap_q_mode4EL9ap_261" [firmware/nnet_utils/nnet_conv_stream.h:209->firmware/nnet_utils/nnet_conv_stream.h:247]   --->   Operation 115 'store' 'store_ln209' <Predicate = true> <Delay = 0.00>
ST_1 : Operation 116 [1/1] (0.00ns)   --->   "%store_ln209 = store i8 %p_016_i, i8 %p_ZZN4nnet22compute_pool_buffer_2dINS_5arrayI9ap_ufixedILi8ELi4EL9ap_q_mode4EL9ap_262" [firmware/nnet_utils/nnet_conv_stream.h:209->firmware/nnet_utils/nnet_conv_stream.h:247]   --->   Operation 116 'store' 'store_ln209' <Predicate = true> <Delay = 0.00>
ST_1 : Operation 117 [1/1] (0.00ns)   --->   "%store_ln209 = store i8 %p_017_i, i8 %p_ZZN4nnet22compute_pool_buffer_2dINS_5arrayI9ap_ufixedILi8ELi4EL9ap_q_mode4EL9ap_263" [firmware/nnet_utils/nnet_conv_stream.h:209->firmware/nnet_utils/nnet_conv_stream.h:247]   --->   Operation 117 'store' 'store_ln209' <Predicate = true> <Delay = 0.00>
ST_1 : Operation 118 [1/1] (0.00ns)   --->   "%store_ln209 = store i8 %p_018_i, i8 %p_ZZN4nnet22compute_pool_buffer_2dINS_5arrayI9ap_ufixedILi8ELi4EL9ap_q_mode4EL9ap_264" [firmware/nnet_utils/nnet_conv_stream.h:209->firmware/nnet_utils/nnet_conv_stream.h:247]   --->   Operation 118 'store' 'store_ln209' <Predicate = true> <Delay = 0.00>
ST_1 : Operation 119 [1/1] (0.00ns)   --->   "%store_ln209 = store i8 %p_019_i, i8 %p_ZZN4nnet22compute_pool_buffer_2dINS_5arrayI9ap_ufixedILi8ELi4EL9ap_q_mode4EL9ap_265" [firmware/nnet_utils/nnet_conv_stream.h:209->firmware/nnet_utils/nnet_conv_stream.h:247]   --->   Operation 119 'store' 'store_ln209' <Predicate = true> <Delay = 0.00>
ST_1 : Operation 120 [1/1] (0.00ns)   --->   "%store_ln209 = store i8 %p_020_i, i8 %p_ZZN4nnet22compute_pool_buffer_2dINS_5arrayI9ap_ufixedILi8ELi4EL9ap_q_mode4EL9ap_266" [firmware/nnet_utils/nnet_conv_stream.h:209->firmware/nnet_utils/nnet_conv_stream.h:247]   --->   Operation 120 'store' 'store_ln209' <Predicate = true> <Delay = 0.00>
ST_1 : Operation 121 [1/1] (0.00ns)   --->   "%store_ln209 = store i8 %p_021_i, i8 %p_ZZN4nnet22compute_pool_buffer_2dINS_5arrayI9ap_ufixedILi8ELi4EL9ap_q_mode4EL9ap_267" [firmware/nnet_utils/nnet_conv_stream.h:209->firmware/nnet_utils/nnet_conv_stream.h:247]   --->   Operation 121 'store' 'store_ln209' <Predicate = true> <Delay = 0.00>
ST_1 : Operation 122 [1/1] (0.00ns)   --->   "%store_ln209 = store i8 %p_0_i, i8 %p_ZZN4nnet22compute_pool_buffer_2dINS_5arrayI9ap_ufixedILi8ELi4EL9ap_q_mode4EL9ap_268" [firmware/nnet_utils/nnet_conv_stream.h:209->firmware/nnet_utils/nnet_conv_stream.h:247]   --->   Operation 122 'store' 'store_ln209' <Predicate = true> <Delay = 0.00>
ST_1 : Operation 123 [1/1] (0.00ns)   --->   "%store_ln209 = store i8 %p_read52, i8 %p_ZZN4nnet22compute_pool_buffer_2dINS_5arrayI9ap_ufixedILi8ELi4EL9ap_q_mode4EL9ap_293" [firmware/nnet_utils/nnet_conv_stream.h:209->firmware/nnet_utils/nnet_conv_stream.h:247]   --->   Operation 123 'store' 'store_ln209' <Predicate = true> <Delay = 0.00>
ST_1 : Operation 124 [1/1] (0.00ns)   --->   "%store_ln209 = store i8 %p_read_36, i8 %p_ZZN4nnet22compute_pool_buffer_2dINS_5arrayI9ap_ufixedILi8ELi4EL9ap_q_mode4EL9ap_294" [firmware/nnet_utils/nnet_conv_stream.h:209->firmware/nnet_utils/nnet_conv_stream.h:247]   --->   Operation 124 'store' 'store_ln209' <Predicate = true> <Delay = 0.00>
ST_1 : Operation 125 [1/1] (0.00ns)   --->   "%store_ln209 = store i8 %p_read_35, i8 %p_ZZN4nnet22compute_pool_buffer_2dINS_5arrayI9ap_ufixedILi8ELi4EL9ap_q_mode4EL9ap_295" [firmware/nnet_utils/nnet_conv_stream.h:209->firmware/nnet_utils/nnet_conv_stream.h:247]   --->   Operation 125 'store' 'store_ln209' <Predicate = true> <Delay = 0.00>
ST_1 : Operation 126 [1/1] (0.00ns)   --->   "%store_ln209 = store i8 %p_read_34, i8 %p_ZZN4nnet22compute_pool_buffer_2dINS_5arrayI9ap_ufixedILi8ELi4EL9ap_q_mode4EL9ap_296" [firmware/nnet_utils/nnet_conv_stream.h:209->firmware/nnet_utils/nnet_conv_stream.h:247]   --->   Operation 126 'store' 'store_ln209' <Predicate = true> <Delay = 0.00>
ST_1 : Operation 127 [1/1] (0.00ns)   --->   "%store_ln209 = store i8 %p_read_33, i8 %p_ZZN4nnet22compute_pool_buffer_2dINS_5arrayI9ap_ufixedILi8ELi4EL9ap_q_mode4EL9ap_297" [firmware/nnet_utils/nnet_conv_stream.h:209->firmware/nnet_utils/nnet_conv_stream.h:247]   --->   Operation 127 'store' 'store_ln209' <Predicate = true> <Delay = 0.00>
ST_1 : Operation 128 [1/1] (0.00ns)   --->   "%store_ln209 = store i8 %p_read_32, i8 %p_ZZN4nnet22compute_pool_buffer_2dINS_5arrayI9ap_ufixedILi8ELi4EL9ap_q_mode4EL9ap_298" [firmware/nnet_utils/nnet_conv_stream.h:209->firmware/nnet_utils/nnet_conv_stream.h:247]   --->   Operation 128 'store' 'store_ln209' <Predicate = true> <Delay = 0.00>
ST_1 : Operation 129 [1/1] (0.00ns)   --->   "%store_ln209 = store i8 %p_read_31, i8 %p_ZZN4nnet22compute_pool_buffer_2dINS_5arrayI9ap_ufixedILi8ELi4EL9ap_q_mode4EL9ap_299" [firmware/nnet_utils/nnet_conv_stream.h:209->firmware/nnet_utils/nnet_conv_stream.h:247]   --->   Operation 129 'store' 'store_ln209' <Predicate = true> <Delay = 0.00>
ST_1 : Operation 130 [1/1] (0.00ns)   --->   "%store_ln209 = store i8 %p_read_30, i8 %p_ZZN4nnet22compute_pool_buffer_2dINS_5arrayI9ap_ufixedILi8ELi4EL9ap_q_mode4EL9ap_300" [firmware/nnet_utils/nnet_conv_stream.h:209->firmware/nnet_utils/nnet_conv_stream.h:247]   --->   Operation 130 'store' 'store_ln209' <Predicate = true> <Delay = 0.00>
ST_1 : Operation 131 [1/1] (0.00ns)   --->   "%ret_ln232 = ret" [firmware/nnet_utils/nnet_conv_stream.h:232]   --->   Operation 131 'ret' 'ret_ln232' <Predicate = true> <Delay = 0.00>


============================================================
+ Verbose Summary: Timing violations
============================================================
Target clock period: 5.000ns, clock uncertainty: 1.350ns.

 <State 1>: 0.717ns
The critical path consists of the following:
	wire read operation ('p_read52', firmware/nnet_utils/nnet_conv_stream.h:241) on port 'p_read' (firmware/nnet_utils/nnet_conv_stream.h:241) [81]  (0.000 ns)
	'memshiftread' operation 8 bit ('p_015_i', firmware/nnet_utils/nnet_conv_stream.h:241) [82]  (0.717 ns)


============================================================
+ Verbose Summary: Binding
============================================================
N/A
* FSMD analyzer results:
  - Output states:
 - Input state : 
  - Chain level:
	State 1


============================================================
+ Verbose Summary: Datapath Resource usage 
============================================================
N/A
