xilinx rtfpga
rt::do_reinfer_area_combined 1
WARNING: [Synth 8-7129] Port layer15_out_num_data_valid[6] in module myproject_axi_pooling2d_cl_array_ap_fixed_8u_array_ap_fixed_16_6_5_3_0_8u_config16_s is either unconnected or has no load
WARNING: [Synth 8-7129] Port layer15_out_num_data_valid[5] in module myproject_axi_pooling2d_cl_array_ap_fixed_8u_array_ap_fixed_16_6_5_3_0_8u_config16_s is either unconnected or has no load
WARNING: [Synth 8-7129] Port layer15_out_num_data_valid[4] in module myproject_axi_pooling2d_cl_array_ap_fixed_8u_array_ap_fixed_16_6_5_3_0_8u_config16_s is either unconnected or has no load
WARNING: [Synth 8-7129] Port layer15_out_num_data_valid[3] in module myproject_axi_pooling2d_cl_array_ap_fixed_8u_array_ap_fixed_16_6_5_3_0_8u_config16_s is either unconnected or has no load
WARNING: [Synth 8-7129] Port layer15_out_num_data_valid[2] in module myproject_axi_pooling2d_cl_array_ap_fixed_8u_array_ap_fixed_16_6_5_3_0_8u_config16_s is either unconnected or has no load
WARNING: [Synth 8-7129] Port layer15_out_num_data_valid[1] in module myproject_axi_pooling2d_cl_array_ap_fixed_8u_array_ap_fixed_16_6_5_3_0_8u_config16_s is either unconnected or has no load
WARNING: [Synth 8-7129] Port layer15_out_num_data_valid[0] in module myproject_axi_pooling2d_cl_array_ap_fixed_8u_array_ap_fixed_16_6_5_3_0_8u_config16_s is either unconnected or has no load
WARNING: [Synth 8-7129] Port layer15_out_fifo_cap[6] in module myproject_axi_pooling2d_cl_array_ap_fixed_8u_array_ap_fixed_16_6_5_3_0_8u_config16_s is either unconnected or has no load
WARNING: [Synth 8-7129] Port layer15_out_fifo_cap[5] in module myproject_axi_pooling2d_cl_array_ap_fixed_8u_array_ap_fixed_16_6_5_3_0_8u_config16_s is either unconnected or has no load
WARNING: [Synth 8-7129] Port layer15_out_fifo_cap[4] in module myproject_axi_pooling2d_cl_array_ap_fixed_8u_array_ap_fixed_16_6_5_3_0_8u_config16_s is either unconnected or has no load
WARNING: [Synth 8-7129] Port layer15_out_fifo_cap[3] in module myproject_axi_pooling2d_cl_array_ap_fixed_8u_array_ap_fixed_16_6_5_3_0_8u_config16_s is either unconnected or has no load
WARNING: [Synth 8-7129] Port layer15_out_fifo_cap[2] in module myproject_axi_pooling2d_cl_array_ap_fixed_8u_array_ap_fixed_16_6_5_3_0_8u_config16_s is either unconnected or has no load
WARNING: [Synth 8-7129] Port layer15_out_fifo_cap[1] in module myproject_axi_pooling2d_cl_array_ap_fixed_8u_array_ap_fixed_16_6_5_3_0_8u_config16_s is either unconnected or has no load
WARNING: [Synth 8-7129] Port layer15_out_fifo_cap[0] in module myproject_axi_pooling2d_cl_array_ap_fixed_8u_array_ap_fixed_16_6_5_3_0_8u_config16_s is either unconnected or has no load
WARNING: [Synth 8-7129] Port layer16_out_num_data_valid[2] in module myproject_axi_pooling2d_cl_array_ap_fixed_8u_array_ap_fixed_16_6_5_3_0_8u_config16_s is either unconnected or has no load
WARNING: [Synth 8-7129] Port layer16_out_num_data_valid[1] in module myproject_axi_pooling2d_cl_array_ap_fixed_8u_array_ap_fixed_16_6_5_3_0_8u_config16_s is either unconnected or has no load
WARNING: [Synth 8-7129] Port layer16_out_num_data_valid[0] in module myproject_axi_pooling2d_cl_array_ap_fixed_8u_array_ap_fixed_16_6_5_3_0_8u_config16_s is either unconnected or has no load
WARNING: [Synth 8-7129] Port layer16_out_fifo_cap[2] in module myproject_axi_pooling2d_cl_array_ap_fixed_8u_array_ap_fixed_16_6_5_3_0_8u_config16_s is either unconnected or has no load
WARNING: [Synth 8-7129] Port layer16_out_fifo_cap[1] in module myproject_axi_pooling2d_cl_array_ap_fixed_8u_array_ap_fixed_16_6_5_3_0_8u_config16_s is either unconnected or has no load
WARNING: [Synth 8-7129] Port layer16_out_fifo_cap[0] in module myproject_axi_pooling2d_cl_array_ap_fixed_8u_array_ap_fixed_16_6_5_3_0_8u_config16_s is either unconnected or has no load
INFO: [Synth 8-3333] propagating constant 1 across sequential element (call_ln52_shift_line_buffer_array_ap_fixed_16_6_5_3_0_8u_config16_s_fu_510/\ap_CS_fsm_reg[0] )
