xilinx rtfpga
rt::do_reinfer_area_combined 1
DSP Report: Generating DSP mul_16s_10ns_26_1_0_U1398/tmp_product, operation Mode is: A*(B:0x1ed).
DSP Report: operator mul_16s_10ns_26_1_0_U1398/tmp_product is absorbed into DSP mul_16s_10ns_26_1_0_U1398/tmp_product.
DSP Report: Generating DSP mul_16s_11ns_26_1_0_U1399/tmp_product, operation Mode is: A*(B:0x27a).
DSP Report: operator mul_16s_11ns_26_1_0_U1399/tmp_product is absorbed into DSP mul_16s_11ns_26_1_0_U1399/tmp_product.
DSP Report: Generating DSP mul_16s_12s_26_1_1_U1417/tmp_product, operation Mode is: A*(B:0x3faf0).
DSP Report: operator mul_16s_12s_26_1_1_U1417/tmp_product is absorbed into DSP mul_16s_12s_26_1_1_U1417/tmp_product.
DSP Report: Generating DSP mul_16s_11ns_26_1_0_U1524/tmp_product, operation Mode is: A*(B:0x2c2).
DSP Report: operator mul_16s_11ns_26_1_0_U1524/tmp_product is absorbed into DSP mul_16s_11ns_26_1_0_U1524/tmp_product.
DSP Report: Generating DSP mul_16s_10s_26_1_0_U1475/tmp_product, operation Mode is: A*(B:0x3fe17).
DSP Report: operator mul_16s_10s_26_1_0_U1475/tmp_product is absorbed into DSP mul_16s_10s_26_1_0_U1475/tmp_product.
DSP Report: Generating DSP mul_16s_12s_26_1_1_U1433/tmp_product, operation Mode is: A*(B:0x3f849).
DSP Report: operator mul_16s_12s_26_1_1_U1433/tmp_product is absorbed into DSP mul_16s_12s_26_1_1_U1433/tmp_product.
DSP Report: Generating DSP mul_16s_10ns_26_1_0_U1465/tmp_product, operation Mode is: A*(B:0x112).
DSP Report: operator mul_16s_10ns_26_1_0_U1465/tmp_product is absorbed into DSP mul_16s_10ns_26_1_0_U1465/tmp_product.
DSP Report: Generating DSP mul_16s_12s_26_1_1_U1445/tmp_product, operation Mode is: A*(B:0x3f8d6).
DSP Report: operator mul_16s_12s_26_1_1_U1445/tmp_product is absorbed into DSP mul_16s_12s_26_1_1_U1445/tmp_product.
DSP Report: Generating DSP mul_16s_12s_26_1_1_U1410/tmp_product, operation Mode is: A*(B:0x3f9be).
DSP Report: operator mul_16s_12s_26_1_1_U1410/tmp_product is absorbed into DSP mul_16s_12s_26_1_1_U1410/tmp_product.
DSP Report: Generating DSP mul_16s_10ns_26_1_0_U1455/tmp_product, operation Mode is: A*(B:0x10c).
DSP Report: operator mul_16s_10ns_26_1_0_U1455/tmp_product is absorbed into DSP mul_16s_10ns_26_1_0_U1455/tmp_product.
DSP Report: Generating DSP mul_16s_11ns_26_1_0_U1407/tmp_product, operation Mode is: A*(B:0x241).
DSP Report: operator mul_16s_11ns_26_1_0_U1407/tmp_product is absorbed into DSP mul_16s_11ns_26_1_0_U1407/tmp_product.
DSP Report: Generating DSP mul_16s_10ns_26_1_0_U1478/tmp_product, operation Mode is: A*(B:0x1d1).
DSP Report: operator mul_16s_10ns_26_1_0_U1478/tmp_product is absorbed into DSP mul_16s_10ns_26_1_0_U1478/tmp_product.
DSP Report: Generating DSP mul_16s_12s_26_1_1_U1427/tmp_product, operation Mode is: A*(B:0x3fa10).
DSP Report: operator mul_16s_12s_26_1_1_U1427/tmp_product is absorbed into DSP mul_16s_12s_26_1_1_U1427/tmp_product.
DSP Report: Generating DSP mul_16s_11s_26_1_0_U1443/tmp_product, operation Mode is: A*(B:0x3fcc2).
DSP Report: operator mul_16s_11s_26_1_0_U1443/tmp_product is absorbed into DSP mul_16s_11s_26_1_0_U1443/tmp_product.
DSP Report: Generating DSP mul_16s_9s_25_1_0_U1409/tmp_product, operation Mode is: A*(B:0x3ff74).
DSP Report: operator mul_16s_9s_25_1_0_U1409/tmp_product is absorbed into DSP mul_16s_9s_25_1_0_U1409/tmp_product.
DSP Report: Generating DSP mul_16s_7s_23_1_0_U1512/tmp_product, operation Mode is: A*(B:0x3ffc3).
DSP Report: operator mul_16s_7s_23_1_0_U1512/tmp_product is absorbed into DSP mul_16s_7s_23_1_0_U1512/tmp_product.
DSP Report: Generating DSP mul_16s_6s_22_1_0_U1467/tmp_product, operation Mode is: A*(B:0x3ffe9).
DSP Report: operator mul_16s_6s_22_1_0_U1467/tmp_product is absorbed into DSP mul_16s_6s_22_1_0_U1467/tmp_product.
DSP Report: Generating DSP mul_16s_12s_26_1_1_U1463/tmp_product, operation Mode is: A*(B:0x3f904).
DSP Report: operator mul_16s_12s_26_1_1_U1463/tmp_product is absorbed into DSP mul_16s_12s_26_1_1_U1463/tmp_product.
DSP Report: Generating DSP mul_16s_10ns_26_1_0_U1520/tmp_product, operation Mode is: A*(B:0x1c3).
DSP Report: operator mul_16s_10ns_26_1_0_U1520/tmp_product is absorbed into DSP mul_16s_10ns_26_1_0_U1520/tmp_product.
DSP Report: Generating DSP mul_16s_11ns_26_1_0_U1484/tmp_product, operation Mode is: A*(B:0x2e5).
DSP Report: operator mul_16s_11ns_26_1_0_U1484/tmp_product is absorbed into DSP mul_16s_11ns_26_1_0_U1484/tmp_product.
DSP Report: Generating DSP mul_16s_11ns_26_1_0_U1517/tmp_product, operation Mode is: A*(B:0x213).
DSP Report: operator mul_16s_11ns_26_1_0_U1517/tmp_product is absorbed into DSP mul_16s_11ns_26_1_0_U1517/tmp_product.
DSP Report: Generating DSP mul_16s_11s_26_1_0_U1488/tmp_product, operation Mode is: A*(B:0x3fc16).
DSP Report: operator mul_16s_11s_26_1_0_U1488/tmp_product is absorbed into DSP mul_16s_11s_26_1_0_U1488/tmp_product.
DSP Report: Generating DSP mul_16s_11s_26_1_0_U1485/tmp_product, operation Mode is: A*(B:0x3fce6).
DSP Report: operator mul_16s_11s_26_1_0_U1485/tmp_product is absorbed into DSP mul_16s_11s_26_1_0_U1485/tmp_product.
DSP Report: Generating DSP mul_16s_9s_25_1_0_U1413/tmp_product, operation Mode is: A*(B:0x3ff1d).
DSP Report: operator mul_16s_9s_25_1_0_U1413/tmp_product is absorbed into DSP mul_16s_9s_25_1_0_U1413/tmp_product.
DSP Report: Generating DSP mul_16s_11s_26_1_0_U1396/tmp_product, operation Mode is: A*(B:0x3fcd4).
DSP Report: operator mul_16s_11s_26_1_0_U1396/tmp_product is absorbed into DSP mul_16s_11s_26_1_0_U1396/tmp_product.
DSP Report: Generating DSP mul_16s_8s_24_1_0_U1493/tmp_product, operation Mode is: A*(B:0x3ffb3).
DSP Report: operator mul_16s_8s_24_1_0_U1493/tmp_product is absorbed into DSP mul_16s_8s_24_1_0_U1493/tmp_product.
DSP Report: Generating DSP mul_16s_9s_25_1_0_U1522/tmp_product, operation Mode is: A*(B:0x3ff71).
DSP Report: operator mul_16s_9s_25_1_0_U1522/tmp_product is absorbed into DSP mul_16s_9s_25_1_0_U1522/tmp_product.
DSP Report: Generating DSP mul_16s_10ns_26_1_0_U1490/tmp_product, operation Mode is: A*(B:0x197).
DSP Report: operator mul_16s_10ns_26_1_0_U1490/tmp_product is absorbed into DSP mul_16s_10ns_26_1_0_U1490/tmp_product.
DSP Report: Generating DSP mul_16s_11s_26_1_0_U1521/tmp_product, operation Mode is: A*(B:0x3fddc).
DSP Report: operator mul_16s_11s_26_1_0_U1521/tmp_product is absorbed into DSP mul_16s_11s_26_1_0_U1521/tmp_product.
DSP Report: Generating DSP mul_16s_12s_26_1_1_U1414/tmp_product, operation Mode is: A*(B:0x3fb64).
DSP Report: operator mul_16s_12s_26_1_1_U1414/tmp_product is absorbed into DSP mul_16s_12s_26_1_1_U1414/tmp_product.
DSP Report: Generating DSP mul_16s_10s_26_1_0_U1471/tmp_product, operation Mode is: A*(B:0x3fe1c).
DSP Report: operator mul_16s_10s_26_1_0_U1471/tmp_product is absorbed into DSP mul_16s_10s_26_1_0_U1471/tmp_product.
DSP Report: Generating DSP mul_16s_12s_26_1_1_U1389/tmp_product, operation Mode is: A*(B:0x3fa84).
DSP Report: operator mul_16s_12s_26_1_1_U1389/tmp_product is absorbed into DSP mul_16s_12s_26_1_1_U1389/tmp_product.
DSP Report: Generating DSP mul_16s_11ns_26_1_0_U1384/tmp_product, operation Mode is: A*(B:0x2f5).
DSP Report: operator mul_16s_11ns_26_1_0_U1384/tmp_product is absorbed into DSP mul_16s_11ns_26_1_0_U1384/tmp_product.
DSP Report: Generating DSP mul_16s_12s_26_1_1_U1523/tmp_product, operation Mode is: A*(B:0x3fb9d).
DSP Report: operator mul_16s_12s_26_1_1_U1523/tmp_product is absorbed into DSP mul_16s_12s_26_1_1_U1523/tmp_product.
DSP Report: Generating DSP mul_16s_10s_26_1_0_U1411/tmp_product, operation Mode is: A*(B:0x3fee4).
DSP Report: operator mul_16s_10s_26_1_0_U1411/tmp_product is absorbed into DSP mul_16s_10s_26_1_0_U1411/tmp_product.
DSP Report: Generating DSP mul_16s_10s_26_1_0_U1431/tmp_product, operation Mode is: A*(B:0x3feb0).
DSP Report: operator mul_16s_10s_26_1_0_U1431/tmp_product is absorbed into DSP mul_16s_10s_26_1_0_U1431/tmp_product.
DSP Report: Generating DSP mul_16s_10ns_26_1_0_U1454/tmp_product, operation Mode is: A*(B:0x153).
DSP Report: operator mul_16s_10ns_26_1_0_U1454/tmp_product is absorbed into DSP mul_16s_10ns_26_1_0_U1454/tmp_product.
DSP Report: Generating DSP mul_16s_11s_26_1_0_U1487/tmp_product, operation Mode is: A*(B:0x3fc07).
DSP Report: operator mul_16s_11s_26_1_0_U1487/tmp_product is absorbed into DSP mul_16s_11s_26_1_0_U1487/tmp_product.
DSP Report: Generating DSP mul_16s_10ns_26_1_0_U1402/tmp_product, operation Mode is: A*(B:0x132).
DSP Report: operator mul_16s_10ns_26_1_0_U1402/tmp_product is absorbed into DSP mul_16s_10ns_26_1_0_U1402/tmp_product.
DSP Report: Generating DSP mul_16s_10ns_26_1_0_U1428/tmp_product, operation Mode is: A*(B:0x190).
DSP Report: operator mul_16s_10ns_26_1_0_U1428/tmp_product is absorbed into DSP mul_16s_10ns_26_1_0_U1428/tmp_product.
DSP Report: Generating DSP mul_16s_11ns_26_1_0_U1383/tmp_product, operation Mode is: A*(B:0x2ef).
DSP Report: operator mul_16s_11ns_26_1_0_U1383/tmp_product is absorbed into DSP mul_16s_11ns_26_1_0_U1383/tmp_product.
DSP Report: Generating DSP mul_16s_11ns_26_1_0_U1416/tmp_product, operation Mode is: A*(B:0x34b).
DSP Report: operator mul_16s_11ns_26_1_0_U1416/tmp_product is absorbed into DSP mul_16s_11ns_26_1_0_U1416/tmp_product.
DSP Report: Generating DSP mul_16s_12s_26_1_1_U1477/tmp_product, operation Mode is: A*(B:0x3fa69).
DSP Report: operator mul_16s_12s_26_1_1_U1477/tmp_product is absorbed into DSP mul_16s_12s_26_1_1_U1477/tmp_product.
DSP Report: Generating DSP mul_16s_9ns_25_1_0_U1525/tmp_product, operation Mode is: A*(B:0x9a).
DSP Report: operator mul_16s_9ns_25_1_0_U1525/tmp_product is absorbed into DSP mul_16s_9ns_25_1_0_U1525/tmp_product.
DSP Report: Generating DSP mul_16s_9ns_25_1_0_U1404/tmp_product, operation Mode is: A*(B:0xdf).
DSP Report: operator mul_16s_9ns_25_1_0_U1404/tmp_product is absorbed into DSP mul_16s_9ns_25_1_0_U1404/tmp_product.
DSP Report: Generating DSP mul_16s_11ns_26_1_0_U1489/tmp_product, operation Mode is: A*(B:0x266).
DSP Report: operator mul_16s_11ns_26_1_0_U1489/tmp_product is absorbed into DSP mul_16s_11ns_26_1_0_U1489/tmp_product.
DSP Report: Generating DSP mul_16s_11ns_26_1_0_U1424/tmp_product, operation Mode is: A*(B:0x261).
DSP Report: operator mul_16s_11ns_26_1_0_U1424/tmp_product is absorbed into DSP mul_16s_11ns_26_1_0_U1424/tmp_product.
DSP Report: Generating DSP mul_16s_10ns_26_1_0_U1408/tmp_product, operation Mode is: A*(B:0x1cb).
DSP Report: operator mul_16s_10ns_26_1_0_U1408/tmp_product is absorbed into DSP mul_16s_10ns_26_1_0_U1408/tmp_product.
DSP Report: Generating DSP mul_16s_10ns_26_1_0_U1457/tmp_product, operation Mode is: A*(B:0x10d).
DSP Report: operator mul_16s_10ns_26_1_0_U1457/tmp_product is absorbed into DSP mul_16s_10ns_26_1_0_U1457/tmp_product.
DSP Report: Generating DSP mul_16s_12s_26_1_1_U1453/tmp_product, operation Mode is: A*(B:0x3fba5).
DSP Report: operator mul_16s_12s_26_1_1_U1453/tmp_product is absorbed into DSP mul_16s_12s_26_1_1_U1453/tmp_product.
DSP Report: Generating DSP mul_16s_12s_26_1_1_U1420/tmp_product, operation Mode is: A*(B:0x3fb27).
DSP Report: operator mul_16s_12s_26_1_1_U1420/tmp_product is absorbed into DSP mul_16s_12s_26_1_1_U1420/tmp_product.
DSP Report: Generating DSP mul_16s_9ns_25_1_0_U1448/tmp_product, operation Mode is: A*(B:0xb5).
DSP Report: operator mul_16s_9ns_25_1_0_U1448/tmp_product is absorbed into DSP mul_16s_9ns_25_1_0_U1448/tmp_product.
DSP Report: Generating DSP mul_16s_10s_26_1_0_U1518/tmp_product, operation Mode is: A*(B:0x3fe9e).
DSP Report: operator mul_16s_10s_26_1_0_U1518/tmp_product is absorbed into DSP mul_16s_10s_26_1_0_U1518/tmp_product.
DSP Report: Generating DSP mul_16s_8ns_24_1_0_U1511/tmp_product, operation Mode is: A*(B:0x71).
DSP Report: operator mul_16s_8ns_24_1_0_U1511/tmp_product is absorbed into DSP mul_16s_8ns_24_1_0_U1511/tmp_product.
DSP Report: Generating DSP mul_16s_8s_24_1_0_U1483/tmp_product, operation Mode is: A*(B:0x3ffb4).
DSP Report: operator mul_16s_8s_24_1_0_U1483/tmp_product is absorbed into DSP mul_16s_8s_24_1_0_U1483/tmp_product.
DSP Report: Generating DSP mul_16s_9ns_25_1_0_U1468/tmp_product, operation Mode is: A*(B:0xd5).
DSP Report: operator mul_16s_9ns_25_1_0_U1468/tmp_product is absorbed into DSP mul_16s_9ns_25_1_0_U1468/tmp_product.
DSP Report: Generating DSP mul_16s_10s_26_1_0_U1426/tmp_product, operation Mode is: A*(B:0x3feb6).
DSP Report: operator mul_16s_10s_26_1_0_U1426/tmp_product is absorbed into DSP mul_16s_10s_26_1_0_U1426/tmp_product.
DSP Report: Generating DSP mul_16s_10s_26_1_0_U1482/tmp_product, operation Mode is: A*(B:0x3fed8).
DSP Report: operator mul_16s_10s_26_1_0_U1482/tmp_product is absorbed into DSP mul_16s_10s_26_1_0_U1482/tmp_product.
DSP Report: Generating DSP mul_16s_8s_24_1_0_U1388/tmp_product, operation Mode is: A*(B:0x3ff89).
DSP Report: operator mul_16s_8s_24_1_0_U1388/tmp_product is absorbed into DSP mul_16s_8s_24_1_0_U1388/tmp_product.
DSP Report: Generating DSP mul_16s_12s_26_1_1_U1401/tmp_product, operation Mode is: A*(B:0x3f8e6).
DSP Report: operator mul_16s_12s_26_1_1_U1401/tmp_product is absorbed into DSP mul_16s_12s_26_1_1_U1401/tmp_product.
DSP Report: Generating DSP mul_16s_12s_26_1_1_U1444/tmp_product, operation Mode is: A*(B:0x3fbef).
DSP Report: operator mul_16s_12s_26_1_1_U1444/tmp_product is absorbed into DSP mul_16s_12s_26_1_1_U1444/tmp_product.
DSP Report: Generating DSP mul_16s_12s_26_1_1_U1421/tmp_product, operation Mode is: A*(B:0x3fb92).
DSP Report: operator mul_16s_12s_26_1_1_U1421/tmp_product is absorbed into DSP mul_16s_12s_26_1_1_U1421/tmp_product.
DSP Report: Generating DSP mul_16s_12s_26_1_1_U1440/tmp_product, operation Mode is: A*(B:0x3fadc).
DSP Report: operator mul_16s_12s_26_1_1_U1440/tmp_product is absorbed into DSP mul_16s_12s_26_1_1_U1440/tmp_product.
DSP Report: Generating DSP mul_16s_10ns_26_1_0_U1449/tmp_product, operation Mode is: A*(B:0x1fd).
DSP Report: operator mul_16s_10ns_26_1_0_U1449/tmp_product is absorbed into DSP mul_16s_10ns_26_1_0_U1449/tmp_product.
DSP Report: Generating DSP mul_16s_11ns_26_1_0_U1441/tmp_product, operation Mode is: A*(B:0x253).
DSP Report: operator mul_16s_11ns_26_1_0_U1441/tmp_product is absorbed into DSP mul_16s_11ns_26_1_0_U1441/tmp_product.
DSP Report: Generating DSP mul_16s_11s_26_1_0_U1394/tmp_product, operation Mode is: A*(B:0x3fd8f).
DSP Report: operator mul_16s_11s_26_1_0_U1394/tmp_product is absorbed into DSP mul_16s_11s_26_1_0_U1394/tmp_product.
DSP Report: Generating DSP mul_16s_11s_26_1_0_U1386/tmp_product, operation Mode is: A*(B:0x3fdc4).
DSP Report: operator mul_16s_11s_26_1_0_U1386/tmp_product is absorbed into DSP mul_16s_11s_26_1_0_U1386/tmp_product.
DSP Report: Generating DSP mul_16s_12s_26_1_1_U1442/tmp_product, operation Mode is: A*(B:0x3fb13).
DSP Report: operator mul_16s_12s_26_1_1_U1442/tmp_product is absorbed into DSP mul_16s_12s_26_1_1_U1442/tmp_product.
DSP Report: Generating DSP mul_16s_12s_26_1_1_U1476/tmp_product, operation Mode is: A*(B:0x3f9a9).
DSP Report: operator mul_16s_12s_26_1_1_U1476/tmp_product is absorbed into DSP mul_16s_12s_26_1_1_U1476/tmp_product.
DSP Report: Generating DSP mul_16s_11ns_26_1_0_U1497/tmp_product, operation Mode is: A*(B:0x289).
DSP Report: operator mul_16s_11ns_26_1_0_U1497/tmp_product is absorbed into DSP mul_16s_11ns_26_1_0_U1497/tmp_product.
DSP Report: Generating DSP mul_16s_10ns_26_1_0_U1460/tmp_product, operation Mode is: A*(B:0x1d4).
DSP Report: operator mul_16s_10ns_26_1_0_U1460/tmp_product is absorbed into DSP mul_16s_10ns_26_1_0_U1460/tmp_product.
DSP Report: Generating DSP mul_16s_12s_26_1_1_U1422/tmp_product, operation Mode is: A*(B:0x3fb2e).
DSP Report: operator mul_16s_12s_26_1_1_U1422/tmp_product is absorbed into DSP mul_16s_12s_26_1_1_U1422/tmp_product.
DSP Report: Generating DSP mul_16s_12s_26_1_1_U1519/tmp_product, operation Mode is: A*(B:0x3fbc9).
DSP Report: operator mul_16s_12s_26_1_1_U1519/tmp_product is absorbed into DSP mul_16s_12s_26_1_1_U1519/tmp_product.
DSP Report: Generating DSP mul_16s_12s_26_1_1_U1391/tmp_product, operation Mode is: A*(B:0x3f823).
DSP Report: operator mul_16s_12s_26_1_1_U1391/tmp_product is absorbed into DSP mul_16s_12s_26_1_1_U1391/tmp_product.
DSP Report: Generating DSP mul_16s_11ns_26_1_0_U1464/tmp_product, operation Mode is: A*(B:0x338).
DSP Report: operator mul_16s_11ns_26_1_0_U1464/tmp_product is absorbed into DSP mul_16s_11ns_26_1_0_U1464/tmp_product.
DSP Report: Generating DSP mul_16s_11ns_26_1_0_U1501/tmp_product, operation Mode is: A*(B:0x31c).
DSP Report: operator mul_16s_11ns_26_1_0_U1501/tmp_product is absorbed into DSP mul_16s_11ns_26_1_0_U1501/tmp_product.
DSP Report: Generating DSP mul_16s_12s_26_1_1_U1510/tmp_product, operation Mode is: A*(B:0x3fbc5).
DSP Report: operator mul_16s_12s_26_1_1_U1510/tmp_product is absorbed into DSP mul_16s_12s_26_1_1_U1510/tmp_product.
DSP Report: Generating DSP mul_16s_10ns_26_1_0_U1506/tmp_product, operation Mode is: A*(B:0x15a).
DSP Report: operator mul_16s_10ns_26_1_0_U1506/tmp_product is absorbed into DSP mul_16s_10ns_26_1_0_U1506/tmp_product.
DSP Report: Generating DSP mul_16s_10ns_26_1_0_U1499/tmp_product, operation Mode is: A*(B:0x159).
DSP Report: operator mul_16s_10ns_26_1_0_U1499/tmp_product is absorbed into DSP mul_16s_10ns_26_1_0_U1499/tmp_product.
DSP Report: Generating DSP mul_16s_13s_26_1_1_U1429/tmp_product, operation Mode is: A*(B:0x3f7ac).
DSP Report: operator mul_16s_13s_26_1_1_U1429/tmp_product is absorbed into DSP mul_16s_13s_26_1_1_U1429/tmp_product.
DSP Report: Generating DSP mul_16s_9ns_25_1_0_U1437/tmp_product, operation Mode is: A*(B:0xf4).
DSP Report: operator mul_16s_9ns_25_1_0_U1437/tmp_product is absorbed into DSP mul_16s_9ns_25_1_0_U1437/tmp_product.
DSP Report: Generating DSP mul_16s_11ns_26_1_0_U1446/tmp_product, operation Mode is: A*(B:0x203).
DSP Report: operator mul_16s_11ns_26_1_0_U1446/tmp_product is absorbed into DSP mul_16s_11ns_26_1_0_U1446/tmp_product.
DSP Report: Generating DSP mul_16s_12s_26_1_1_U1495/tmp_product, operation Mode is: A*(B:0x3f91a).
DSP Report: operator mul_16s_12s_26_1_1_U1495/tmp_product is absorbed into DSP mul_16s_12s_26_1_1_U1495/tmp_product.
DSP Report: Generating DSP mul_16s_10s_26_1_0_U1397/tmp_product, operation Mode is: A*(B:0x3fede).
DSP Report: operator mul_16s_10s_26_1_0_U1397/tmp_product is absorbed into DSP mul_16s_10s_26_1_0_U1397/tmp_product.
DSP Report: Generating DSP mul_16s_10s_26_1_0_U1505/tmp_product, operation Mode is: A*(B:0x3fea0).
DSP Report: operator mul_16s_10s_26_1_0_U1505/tmp_product is absorbed into DSP mul_16s_10s_26_1_0_U1505/tmp_product.
DSP Report: Generating DSP mul_16s_10ns_26_1_0_U1494/tmp_product, operation Mode is: A*(B:0x1db).
DSP Report: operator mul_16s_10ns_26_1_0_U1494/tmp_product is absorbed into DSP mul_16s_10ns_26_1_0_U1494/tmp_product.
DSP Report: Generating DSP mul_16s_9ns_25_1_0_U1392/tmp_product, operation Mode is: A*(B:0xec).
DSP Report: operator mul_16s_9ns_25_1_0_U1392/tmp_product is absorbed into DSP mul_16s_9ns_25_1_0_U1392/tmp_product.
DSP Report: Generating DSP mul_16s_9ns_25_1_0_U1507/tmp_product, operation Mode is: A*(B:0xe7).
DSP Report: operator mul_16s_9ns_25_1_0_U1507/tmp_product is absorbed into DSP mul_16s_9ns_25_1_0_U1507/tmp_product.
DSP Report: Generating DSP mul_16s_11s_26_1_0_U1461/tmp_product, operation Mode is: A*(B:0x3fc69).
DSP Report: operator mul_16s_11s_26_1_0_U1461/tmp_product is absorbed into DSP mul_16s_11s_26_1_0_U1461/tmp_product.
DSP Report: Generating DSP mul_16s_10ns_26_1_0_U1387/tmp_product, operation Mode is: A*(B:0x185).
DSP Report: operator mul_16s_10ns_26_1_0_U1387/tmp_product is absorbed into DSP mul_16s_10ns_26_1_0_U1387/tmp_product.
DSP Report: Generating DSP mul_16s_11ns_26_1_0_U1462/tmp_product, operation Mode is: A*(B:0x2e6).
DSP Report: operator mul_16s_11ns_26_1_0_U1462/tmp_product is absorbed into DSP mul_16s_11ns_26_1_0_U1462/tmp_product.
DSP Report: Generating DSP mul_16s_11ns_26_1_0_U1439/tmp_product, operation Mode is: A*(B:0x29e).
DSP Report: operator mul_16s_11ns_26_1_0_U1439/tmp_product is absorbed into DSP mul_16s_11ns_26_1_0_U1439/tmp_product.
DSP Report: Generating DSP mul_16s_12s_26_1_1_U1496/tmp_product, operation Mode is: A*(B:0x3fa52).
DSP Report: operator mul_16s_12s_26_1_1_U1496/tmp_product is absorbed into DSP mul_16s_12s_26_1_1_U1496/tmp_product.
DSP Report: Generating DSP mul_16s_10ns_26_1_0_U1498/tmp_product, operation Mode is: A*(B:0x1a7).
DSP Report: operator mul_16s_10ns_26_1_0_U1498/tmp_product is absorbed into DSP mul_16s_10ns_26_1_0_U1498/tmp_product.
DSP Report: Generating DSP mul_16s_11ns_26_1_0_U1406/tmp_product, operation Mode is: A*(B:0x32e).
DSP Report: operator mul_16s_11ns_26_1_0_U1406/tmp_product is absorbed into DSP mul_16s_11ns_26_1_0_U1406/tmp_product.
DSP Report: Generating DSP mul_16s_12s_26_1_1_U1432/tmp_product, operation Mode is: A*(B:0x3fb71).
DSP Report: operator mul_16s_12s_26_1_1_U1432/tmp_product is absorbed into DSP mul_16s_12s_26_1_1_U1432/tmp_product.
DSP Report: Generating DSP mul_16s_9ns_25_1_0_U1385/tmp_product, operation Mode is: A*(B:0xb2).
DSP Report: operator mul_16s_9ns_25_1_0_U1385/tmp_product is absorbed into DSP mul_16s_9ns_25_1_0_U1385/tmp_product.
DSP Report: Generating DSP mul_16s_11s_26_1_0_U1481/tmp_product, operation Mode is: A*(B:0x3fd46).
DSP Report: operator mul_16s_11s_26_1_0_U1481/tmp_product is absorbed into DSP mul_16s_11s_26_1_0_U1481/tmp_product.
DSP Report: Generating DSP mul_16s_11s_26_1_0_U1472/tmp_product, operation Mode is: A*(B:0x3fd9d).
DSP Report: operator mul_16s_11s_26_1_0_U1472/tmp_product is absorbed into DSP mul_16s_11s_26_1_0_U1472/tmp_product.
DSP Report: Generating DSP mul_16s_10ns_26_1_0_U1458/tmp_product, operation Mode is: A*(B:0x150).
DSP Report: operator mul_16s_10ns_26_1_0_U1458/tmp_product is absorbed into DSP mul_16s_10ns_26_1_0_U1458/tmp_product.
DSP Report: Generating DSP mul_16s_11s_26_1_0_U1419/tmp_product, operation Mode is: A*(B:0x3fd4d).
DSP Report: operator mul_16s_11s_26_1_0_U1419/tmp_product is absorbed into DSP mul_16s_11s_26_1_0_U1419/tmp_product.
DSP Report: Generating DSP mul_16s_10ns_26_1_0_U1509/tmp_product, operation Mode is: A*(B:0x1b4).
DSP Report: operator mul_16s_10ns_26_1_0_U1509/tmp_product is absorbed into DSP mul_16s_10ns_26_1_0_U1509/tmp_product.
DSP Report: Generating DSP mul_16s_9s_25_1_0_U1434/tmp_product, operation Mode is: A*(B:0x3ff72).
DSP Report: operator mul_16s_9s_25_1_0_U1434/tmp_product is absorbed into DSP mul_16s_9s_25_1_0_U1434/tmp_product.
DSP Report: Generating DSP mul_16s_9ns_25_1_0_U1503/tmp_product, operation Mode is: A*(B:0xd9).
DSP Report: operator mul_16s_9ns_25_1_0_U1503/tmp_product is absorbed into DSP mul_16s_9ns_25_1_0_U1503/tmp_product.
DSP Report: Generating DSP mul_16s_12s_26_1_1_U1473/tmp_product, operation Mode is: A*(B:0x3f890).
DSP Report: operator mul_16s_12s_26_1_1_U1473/tmp_product is absorbed into DSP mul_16s_12s_26_1_1_U1473/tmp_product.
DSP Report: Generating DSP mul_16s_10ns_26_1_0_U1508/tmp_product, operation Mode is: A*(B:0x107).
DSP Report: operator mul_16s_10ns_26_1_0_U1508/tmp_product is absorbed into DSP mul_16s_10ns_26_1_0_U1508/tmp_product.
DSP Report: Generating DSP mul_16s_12s_26_1_1_U1513/tmp_product, operation Mode is: A*(B:0x3fa82).
DSP Report: operator mul_16s_12s_26_1_1_U1513/tmp_product is absorbed into DSP mul_16s_12s_26_1_1_U1513/tmp_product.
DSP Report: Generating DSP mul_16s_11ns_26_1_0_U1474/tmp_product, operation Mode is: A*(B:0x259).
DSP Report: operator mul_16s_11ns_26_1_0_U1474/tmp_product is absorbed into DSP mul_16s_11ns_26_1_0_U1474/tmp_product.
DSP Report: Generating DSP mul_16s_10ns_26_1_0_U1400/tmp_product, operation Mode is: A*(B:0x1a3).
DSP Report: operator mul_16s_10ns_26_1_0_U1400/tmp_product is absorbed into DSP mul_16s_10ns_26_1_0_U1400/tmp_product.
DSP Report: Generating DSP mul_16s_10ns_26_1_0_U1466/tmp_product, operation Mode is: A*(B:0x179).
DSP Report: operator mul_16s_10ns_26_1_0_U1466/tmp_product is absorbed into DSP mul_16s_10ns_26_1_0_U1466/tmp_product.
DSP Report: Generating DSP mul_16s_12s_26_1_1_U1430/tmp_product, operation Mode is: A*(B:0x3fb47).
DSP Report: operator mul_16s_12s_26_1_1_U1430/tmp_product is absorbed into DSP mul_16s_12s_26_1_1_U1430/tmp_product.
DSP Report: Generating DSP mul_16s_11ns_26_1_0_U1403/tmp_product, operation Mode is: A*(B:0x2c2).
DSP Report: operator mul_16s_11ns_26_1_0_U1403/tmp_product is absorbed into DSP mul_16s_11ns_26_1_0_U1403/tmp_product.
DSP Report: Generating DSP mul_16s_10s_26_1_0_U1459/tmp_product, operation Mode is: A*(B:0x3fe15).
DSP Report: operator mul_16s_10s_26_1_0_U1459/tmp_product is absorbed into DSP mul_16s_10s_26_1_0_U1459/tmp_product.
DSP Report: Generating DSP mul_16s_11ns_26_1_0_U1405/tmp_product, operation Mode is: A*(B:0x36c).
DSP Report: operator mul_16s_11ns_26_1_0_U1405/tmp_product is absorbed into DSP mul_16s_11ns_26_1_0_U1405/tmp_product.
DSP Report: Generating DSP mul_16s_10ns_26_1_0_U1516/tmp_product, operation Mode is: A*(B:0x1a6).
DSP Report: operator mul_16s_10ns_26_1_0_U1516/tmp_product is absorbed into DSP mul_16s_10ns_26_1_0_U1516/tmp_product.
DSP Report: Generating DSP mul_16s_9ns_25_1_0_U1469/tmp_product, operation Mode is: A*(B:0xd4).
DSP Report: operator mul_16s_9ns_25_1_0_U1469/tmp_product is absorbed into DSP mul_16s_9ns_25_1_0_U1469/tmp_product.
DSP Report: Generating DSP mul_16s_10ns_26_1_0_U1514/tmp_product, operation Mode is: A*(B:0x15d).
DSP Report: operator mul_16s_10ns_26_1_0_U1514/tmp_product is absorbed into DSP mul_16s_10ns_26_1_0_U1514/tmp_product.
DSP Report: Generating DSP mul_16s_12s_26_1_1_U1438/tmp_product, operation Mode is: A*(B:0x3f8d9).
DSP Report: operator mul_16s_12s_26_1_1_U1438/tmp_product is absorbed into DSP mul_16s_12s_26_1_1_U1438/tmp_product.
DSP Report: Generating DSP mul_16s_12s_26_1_1_U1500/tmp_product, operation Mode is: A*(B:0x3fa4b).
DSP Report: operator mul_16s_12s_26_1_1_U1500/tmp_product is absorbed into DSP mul_16s_12s_26_1_1_U1500/tmp_product.
DSP Report: Generating DSP mul_16s_11s_26_1_0_U1415/tmp_product, operation Mode is: A*(B:0x3fde7).
DSP Report: operator mul_16s_11s_26_1_0_U1415/tmp_product is absorbed into DSP mul_16s_11s_26_1_0_U1415/tmp_product.
DSP Report: Generating DSP mul_16s_10ns_26_1_0_U1486/tmp_product, operation Mode is: A*(B:0x1dc).
DSP Report: operator mul_16s_10ns_26_1_0_U1486/tmp_product is absorbed into DSP mul_16s_10ns_26_1_0_U1486/tmp_product.
DSP Report: Generating DSP mul_16s_10ns_26_1_0_U1436/tmp_product, operation Mode is: A*(B:0x157).
DSP Report: operator mul_16s_10ns_26_1_0_U1436/tmp_product is absorbed into DSP mul_16s_10ns_26_1_0_U1436/tmp_product.
DSP Report: Generating DSP mul_16s_10s_26_1_0_U1502/tmp_product, operation Mode is: A*(B:0x3fe77).
DSP Report: operator mul_16s_10s_26_1_0_U1502/tmp_product is absorbed into DSP mul_16s_10s_26_1_0_U1502/tmp_product.
DSP Report: Generating DSP mul_16s_10s_26_1_0_U1456/tmp_product, operation Mode is: A*(B:0x3fe03).
DSP Report: operator mul_16s_10s_26_1_0_U1456/tmp_product is absorbed into DSP mul_16s_10s_26_1_0_U1456/tmp_product.
DSP Report: Generating DSP mul_16s_9s_25_1_0_U1447/tmp_product, operation Mode is: A*(B:0x3ff39).
DSP Report: operator mul_16s_9s_25_1_0_U1447/tmp_product is absorbed into DSP mul_16s_9s_25_1_0_U1447/tmp_product.
DSP Report: Generating DSP mul_16s_11s_26_1_0_U1435/tmp_product, operation Mode is: A*(B:0x3fcd4).
DSP Report: operator mul_16s_11s_26_1_0_U1435/tmp_product is absorbed into DSP mul_16s_11s_26_1_0_U1435/tmp_product.
DSP Report: Generating DSP mul_16s_11s_26_1_0_U1492/tmp_product, operation Mode is: A*(B:0x3fca9).
DSP Report: operator mul_16s_11s_26_1_0_U1492/tmp_product is absorbed into DSP mul_16s_11s_26_1_0_U1492/tmp_product.
DSP Report: Generating DSP mul_16s_11ns_26_1_0_U1479/tmp_product, operation Mode is: A*(B:0x227).
DSP Report: operator mul_16s_11ns_26_1_0_U1479/tmp_product is absorbed into DSP mul_16s_11ns_26_1_0_U1479/tmp_product.
DSP Report: Generating DSP mul_16s_9s_25_1_0_U1480/tmp_product, operation Mode is: A*(B:0x3ff48).
DSP Report: operator mul_16s_9s_25_1_0_U1480/tmp_product is absorbed into DSP mul_16s_9s_25_1_0_U1480/tmp_product.
DSP Report: Generating DSP mul_16s_6ns_22_1_0_U1395/tmp_product, operation Mode is: A*(B:0x19).
DSP Report: operator mul_16s_6ns_22_1_0_U1395/tmp_product is absorbed into DSP mul_16s_6ns_22_1_0_U1395/tmp_product.
DSP Report: Generating DSP mul_16s_6ns_22_1_0_U1452/tmp_product, operation Mode is: A*(B:0x19).
DSP Report: operator mul_16s_6ns_22_1_0_U1452/tmp_product is absorbed into DSP mul_16s_6ns_22_1_0_U1452/tmp_product.
DSP Report: Generating DSP mul_16s_11s_26_1_0_U1491/tmp_product, operation Mode is: A*(B:0x3fd8b).
DSP Report: operator mul_16s_11s_26_1_0_U1491/tmp_product is absorbed into DSP mul_16s_11s_26_1_0_U1491/tmp_product.
DSP Report: Generating DSP mul_16s_10ns_26_1_0_U1412/tmp_product, operation Mode is: A*(B:0x1c3).
DSP Report: operator mul_16s_10ns_26_1_0_U1412/tmp_product is absorbed into DSP mul_16s_10ns_26_1_0_U1412/tmp_product.
DSP Report: Generating DSP mul_16s_11s_26_1_0_U1450/tmp_product, operation Mode is: A*(B:0x3fdf6).
DSP Report: operator mul_16s_11s_26_1_0_U1450/tmp_product is absorbed into DSP mul_16s_11s_26_1_0_U1450/tmp_product.
DSP Report: Generating DSP mul_16s_12s_26_1_1_U1393/tmp_product, operation Mode is: A*(B:0x3f8bf).
DSP Report: operator mul_16s_12s_26_1_1_U1393/tmp_product is absorbed into DSP mul_16s_12s_26_1_1_U1393/tmp_product.
DSP Report: Generating DSP mul_16s_10ns_26_1_0_U1390/tmp_product, operation Mode is: A*(B:0x1c5).
DSP Report: operator mul_16s_10ns_26_1_0_U1390/tmp_product is absorbed into DSP mul_16s_10ns_26_1_0_U1390/tmp_product.
DSP Report: Generating DSP mul_16s_11s_26_1_0_U1470/tmp_product, operation Mode is: A*(B:0x3fcea).
DSP Report: operator mul_16s_11s_26_1_0_U1470/tmp_product is absorbed into DSP mul_16s_11s_26_1_0_U1470/tmp_product.
DSP Report: Generating DSP mul_16s_12s_26_1_1_U1423/tmp_product, operation Mode is: A*(B:0x3faa4).
DSP Report: operator mul_16s_12s_26_1_1_U1423/tmp_product is absorbed into DSP mul_16s_12s_26_1_1_U1423/tmp_product.
DSP Report: Generating DSP mul_16s_9ns_25_1_0_U1504/tmp_product, operation Mode is: A*(B:0xe5).
DSP Report: operator mul_16s_9ns_25_1_0_U1504/tmp_product is absorbed into DSP mul_16s_9ns_25_1_0_U1504/tmp_product.
DSP Report: Generating DSP mul_16s_10ns_26_1_0_U1515/tmp_product, operation Mode is: A*(B:0x1a3).
DSP Report: operator mul_16s_10ns_26_1_0_U1515/tmp_product is absorbed into DSP mul_16s_10ns_26_1_0_U1515/tmp_product.
DSP Report: Generating DSP mul_16s_10s_26_1_0_U1425/tmp_product, operation Mode is: A*(B:0x3fef6).
DSP Report: operator mul_16s_10s_26_1_0_U1425/tmp_product is absorbed into DSP mul_16s_10s_26_1_0_U1425/tmp_product.
DSP Report: Generating DSP mul_16s_10s_26_1_0_U1451/tmp_product, operation Mode is: A*(B:0x3fe56).
DSP Report: operator mul_16s_10s_26_1_0_U1451/tmp_product is absorbed into DSP mul_16s_10s_26_1_0_U1451/tmp_product.
DSP Report: Generating DSP mul_16s_12s_26_1_1_U1418/tmp_product, operation Mode is: A*(B:0x3fbfd).
DSP Report: operator mul_16s_12s_26_1_1_U1418/tmp_product is absorbed into DSP mul_16s_12s_26_1_1_U1418/tmp_product.
DSP Report: Generating DSP mul_16s_10ns_26_1_0_U1526/tmp_product, operation Mode is: A*(B:0x19f).
DSP Report: operator mul_16s_10ns_26_1_0_U1526/tmp_product is absorbed into DSP mul_16s_10ns_26_1_0_U1526/tmp_product.
WARNING: [Synth 8-3917] design myproject_axi_myproject__GCB1 has port if_fifo_cap[1] driven by constant 0
WARNING: [Synth 8-3917] design myproject_axi_myproject__GCB1 has port if_fifo_cap[0] driven by constant 1
WARNING: [Synth 8-3917] design myproject_axi_myproject__GCB1 has port O205[9] driven by constant 0
WARNING: [Synth 8-3917] design myproject_axi_myproject__GCB1 has port O205[8] driven by constant 1
WARNING: [Synth 8-3917] design myproject_axi_myproject__GCB1 has port O205[7] driven by constant 0
WARNING: [Synth 8-3917] design myproject_axi_myproject__GCB1 has port O205[6] driven by constant 1
WARNING: [Synth 8-3917] design myproject_axi_myproject__GCB1 has port O205[5] driven by constant 0
WARNING: [Synth 8-3917] design myproject_axi_myproject__GCB1 has port O205[4] driven by constant 0
WARNING: [Synth 8-3917] design myproject_axi_myproject__GCB1 has port O205[3] driven by constant 0
WARNING: [Synth 8-3917] design myproject_axi_myproject__GCB1 has port O205[2] driven by constant 0
WARNING: [Synth 8-3917] design myproject_axi_myproject__GCB1 has port O205[1] driven by constant 0
WARNING: [Synth 8-3917] design myproject_axi_myproject__GCB1 has port O205[0] driven by constant 0
WARNING: [Synth 8-7129] Port ap_rst in module myproject_axi_dense_latency_wrapper_ap_fixed_ap_fixed_37_17_5_3_0_config21_s is either unconnected or has no load
RAM ("myproject_axi_myproject__GCB1/layer7_out_U/U_myproject_axi_fifo_w320_d320_A_ram/mem_reg") is too shallow (depth = 319) to use URAM. Choosing BRAM instead of URAM 
INFO: [Synth 8-3333] propagating constant 0 across sequential element (\dense_array_ap_fixed_16u_array_ap_fixed_37_17_5_3_0_10u_config21_U0/ap_done_reg_reg )
INFO: [Synth 8-3333] propagating constant 0 across sequential element (\relu_array_ap_fixed_8u_array_ap_fixed_16_6_5_3_0_8u_relu_config10_U0/ap_done_reg_reg )
INFO: [Synth 8-3333] propagating constant 1 across sequential element (\relu_array_ap_fixed_8u_array_ap_fixed_16_6_5_3_0_8u_relu_config10_U0/ap_CS_fsm_reg[0] )
INFO: [Synth 8-3886] merging instance 'dense_array_ap_fixed_16u_array_ap_fixed_37_17_5_3_0_10u_config21_U0/res_reg_406_reg[0]' (FDE) to 'dense_array_ap_fixed_16u_array_ap_fixed_37_17_5_3_0_10u_config21_U0/res_9_reg_451_reg[0]'
INFO: [Synth 8-3886] merging instance 'dense_array_ap_fixed_16u_array_ap_fixed_37_17_5_3_0_10u_config21_U0/res_reg_406_reg[1]' (FDE) to 'dense_array_ap_fixed_16u_array_ap_fixed_37_17_5_3_0_10u_config21_U0/res_9_reg_451_reg[0]'
INFO: [Synth 8-3886] merging instance 'dense_array_ap_fixed_16u_array_ap_fixed_37_17_5_3_0_10u_config21_U0/res_reg_406_reg[2]' (FDE) to 'dense_array_ap_fixed_16u_array_ap_fixed_37_17_5_3_0_10u_config21_U0/res_9_reg_451_reg[0]'
INFO: [Synth 8-3886] merging instance 'dense_array_ap_fixed_16u_array_ap_fixed_37_17_5_3_0_10u_config21_U0/res_reg_406_reg[3]' (FDE) to 'dense_array_ap_fixed_16u_array_ap_fixed_37_17_5_3_0_10u_config21_U0/res_9_reg_451_reg[0]'
INFO: [Synth 8-3886] merging instance 'dense_array_ap_fixed_16u_array_ap_fixed_37_17_5_3_0_10u_config21_U0/res_reg_406_reg[4]' (FDE) to 'dense_array_ap_fixed_16u_array_ap_fixed_37_17_5_3_0_10u_config21_U0/res_9_reg_451_reg[0]'
INFO: [Synth 8-3886] merging instance 'dense_array_ap_fixed_16u_array_ap_fixed_37_17_5_3_0_10u_config21_U0/res_reg_406_reg[5]' (FDE) to 'dense_array_ap_fixed_16u_array_ap_fixed_37_17_5_3_0_10u_config21_U0/res_9_reg_451_reg[0]'
INFO: [Synth 8-3886] merging instance 'dense_array_ap_fixed_16u_array_ap_fixed_37_17_5_3_0_10u_config21_U0/res_reg_406_reg[6]' (FDE) to 'dense_array_ap_fixed_16u_array_ap_fixed_37_17_5_3_0_10u_config21_U0/res_9_reg_451_reg[0]'
INFO: [Synth 8-3886] merging instance 'dense_array_ap_fixed_16u_array_ap_fixed_37_17_5_3_0_10u_config21_U0/res_reg_406_reg[7]' (FDE) to 'dense_array_ap_fixed_16u_array_ap_fixed_37_17_5_3_0_10u_config21_U0/res_9_reg_451_reg[0]'
INFO: [Synth 8-3886] merging instance 'dense_array_ap_fixed_16u_array_ap_fixed_37_17_5_3_0_10u_config21_U0/res_reg_406_reg[8]' (FDE) to 'dense_array_ap_fixed_16u_array_ap_fixed_37_17_5_3_0_10u_config21_U0/res_9_reg_451_reg[0]'
INFO: [Synth 8-3886] merging instance 'dense_array_ap_fixed_16u_array_ap_fixed_37_17_5_3_0_10u_config21_U0/res_reg_406_reg[9]' (FDE) to 'dense_array_ap_fixed_16u_array_ap_fixed_37_17_5_3_0_10u_config21_U0/res_9_reg_451_reg[0]'
INFO: [Synth 8-3886] merging instance 'dense_array_ap_fixed_16u_array_ap_fixed_37_17_5_3_0_10u_config21_U0/res_reg_406_reg[25]' (FDE) to 'dense_array_ap_fixed_16u_array_ap_fixed_37_17_5_3_0_10u_config21_U0/res_reg_406_reg[26]'
INFO: [Synth 8-3886] merging instance 'dense_array_ap_fixed_16u_array_ap_fixed_37_17_5_3_0_10u_config21_U0/res_reg_406_reg[26]' (FDE) to 'dense_array_ap_fixed_16u_array_ap_fixed_37_17_5_3_0_10u_config21_U0/res_reg_406_reg[27]'
INFO: [Synth 8-3886] merging instance 'dense_array_ap_fixed_16u_array_ap_fixed_37_17_5_3_0_10u_config21_U0/res_reg_406_reg[27]' (FDE) to 'dense_array_ap_fixed_16u_array_ap_fixed_37_17_5_3_0_10u_config21_U0/res_reg_406_reg[28]'
INFO: [Synth 8-3886] merging instance 'dense_array_ap_fixed_16u_array_ap_fixed_37_17_5_3_0_10u_config21_U0/res_reg_406_reg[28]' (FDE) to 'dense_array_ap_fixed_16u_array_ap_fixed_37_17_5_3_0_10u_config21_U0/res_reg_406_reg[29]'
INFO: [Synth 8-3886] merging instance 'dense_array_ap_fixed_16u_array_ap_fixed_37_17_5_3_0_10u_config21_U0/res_reg_406_reg[29]' (FDE) to 'dense_array_ap_fixed_16u_array_ap_fixed_37_17_5_3_0_10u_config21_U0/res_reg_406_reg[30]'
INFO: [Synth 8-3886] merging instance 'dense_array_ap_fixed_16u_array_ap_fixed_37_17_5_3_0_10u_config21_U0/res_reg_406_reg[30]' (FDE) to 'dense_array_ap_fixed_16u_array_ap_fixed_37_17_5_3_0_10u_config21_U0/res_reg_406_reg[31]'
INFO: [Synth 8-3886] merging instance 'dense_array_ap_fixed_16u_array_ap_fixed_37_17_5_3_0_10u_config21_U0/res_reg_406_reg[31]' (FDE) to 'dense_array_ap_fixed_16u_array_ap_fixed_37_17_5_3_0_10u_config21_U0/res_reg_406_reg[32]'
INFO: [Synth 8-3886] merging instance 'dense_array_ap_fixed_16u_array_ap_fixed_37_17_5_3_0_10u_config21_U0/res_reg_406_reg[32]' (FDE) to 'dense_array_ap_fixed_16u_array_ap_fixed_37_17_5_3_0_10u_config21_U0/res_reg_406_reg[33]'
INFO: [Synth 8-3886] merging instance 'dense_array_ap_fixed_16u_array_ap_fixed_37_17_5_3_0_10u_config21_U0/res_reg_406_reg[33]' (FDE) to 'dense_array_ap_fixed_16u_array_ap_fixed_37_17_5_3_0_10u_config21_U0/res_reg_406_reg[34]'
INFO: [Synth 8-3886] merging instance 'dense_array_ap_fixed_16u_array_ap_fixed_37_17_5_3_0_10u_config21_U0/res_reg_406_reg[34]' (FDE) to 'dense_array_ap_fixed_16u_array_ap_fixed_37_17_5_3_0_10u_config21_U0/res_reg_406_reg[35]'
INFO: [Synth 8-3886] merging instance 'dense_array_ap_fixed_16u_array_ap_fixed_37_17_5_3_0_10u_config21_U0/res_reg_406_reg[35]' (FDE) to 'dense_array_ap_fixed_16u_array_ap_fixed_37_17_5_3_0_10u_config21_U0/res_reg_406_reg[36]'
INFO: [Synth 8-3886] merging instance 'dense_array_ap_fixed_16u_array_ap_fixed_37_17_5_3_0_10u_config21_U0/res_1_reg_411_reg[0]' (FDE) to 'dense_array_ap_fixed_16u_array_ap_fixed_37_17_5_3_0_10u_config21_U0/res_9_reg_451_reg[0]'
INFO: [Synth 8-3886] merging instance 'dense_array_ap_fixed_16u_array_ap_fixed_37_17_5_3_0_10u_config21_U0/res_1_reg_411_reg[1]' (FDE) to 'dense_array_ap_fixed_16u_array_ap_fixed_37_17_5_3_0_10u_config21_U0/res_9_reg_451_reg[0]'
INFO: [Synth 8-3886] merging instance 'dense_array_ap_fixed_16u_array_ap_fixed_37_17_5_3_0_10u_config21_U0/res_1_reg_411_reg[2]' (FDE) to 'dense_array_ap_fixed_16u_array_ap_fixed_37_17_5_3_0_10u_config21_U0/res_9_reg_451_reg[0]'
INFO: [Synth 8-3886] merging instance 'dense_array_ap_fixed_16u_array_ap_fixed_37_17_5_3_0_10u_config21_U0/res_1_reg_411_reg[3]' (FDE) to 'dense_array_ap_fixed_16u_array_ap_fixed_37_17_5_3_0_10u_config21_U0/res_9_reg_451_reg[0]'
INFO: [Synth 8-3886] merging instance 'dense_array_ap_fixed_16u_array_ap_fixed_37_17_5_3_0_10u_config21_U0/res_1_reg_411_reg[4]' (FDE) to 'dense_array_ap_fixed_16u_array_ap_fixed_37_17_5_3_0_10u_config21_U0/res_9_reg_451_reg[0]'
INFO: [Synth 8-3886] merging instance 'dense_array_ap_fixed_16u_array_ap_fixed_37_17_5_3_0_10u_config21_U0/res_1_reg_411_reg[5]' (FDE) to 'dense_array_ap_fixed_16u_array_ap_fixed_37_17_5_3_0_10u_config21_U0/res_9_reg_451_reg[0]'
INFO: [Synth 8-3886] merging instance 'dense_array_ap_fixed_16u_array_ap_fixed_37_17_5_3_0_10u_config21_U0/res_1_reg_411_reg[6]' (FDE) to 'dense_array_ap_fixed_16u_array_ap_fixed_37_17_5_3_0_10u_config21_U0/res_9_reg_451_reg[0]'
INFO: [Synth 8-3886] merging instance 'dense_array_ap_fixed_16u_array_ap_fixed_37_17_5_3_0_10u_config21_U0/res_1_reg_411_reg[7]' (FDE) to 'dense_array_ap_fixed_16u_array_ap_fixed_37_17_5_3_0_10u_config21_U0/res_9_reg_451_reg[0]'
INFO: [Synth 8-3886] merging instance 'dense_array_ap_fixed_16u_array_ap_fixed_37_17_5_3_0_10u_config21_U0/res_1_reg_411_reg[8]' (FDE) to 'dense_array_ap_fixed_16u_array_ap_fixed_37_17_5_3_0_10u_config21_U0/res_9_reg_451_reg[0]'
INFO: [Synth 8-3886] merging instance 'dense_array_ap_fixed_16u_array_ap_fixed_37_17_5_3_0_10u_config21_U0/res_1_reg_411_reg[9]' (FDE) to 'dense_array_ap_fixed_16u_array_ap_fixed_37_17_5_3_0_10u_config21_U0/res_9_reg_451_reg[0]'
INFO: [Synth 8-3886] merging instance 'dense_array_ap_fixed_16u_array_ap_fixed_37_17_5_3_0_10u_config21_U0/res_1_reg_411_reg[25]' (FDE) to 'dense_array_ap_fixed_16u_array_ap_fixed_37_17_5_3_0_10u_config21_U0/res_1_reg_411_reg[26]'
INFO: [Synth 8-3886] merging instance 'dense_array_ap_fixed_16u_array_ap_fixed_37_17_5_3_0_10u_config21_U0/res_1_reg_411_reg[26]' (FDE) to 'dense_array_ap_fixed_16u_array_ap_fixed_37_17_5_3_0_10u_config21_U0/res_1_reg_411_reg[27]'
INFO: [Synth 8-3886] merging instance 'dense_array_ap_fixed_16u_array_ap_fixed_37_17_5_3_0_10u_config21_U0/res_1_reg_411_reg[27]' (FDE) to 'dense_array_ap_fixed_16u_array_ap_fixed_37_17_5_3_0_10u_config21_U0/res_1_reg_411_reg[28]'
INFO: [Synth 8-3886] merging instance 'dense_array_ap_fixed_16u_array_ap_fixed_37_17_5_3_0_10u_config21_U0/res_1_reg_411_reg[28]' (FDE) to 'dense_array_ap_fixed_16u_array_ap_fixed_37_17_5_3_0_10u_config21_U0/res_1_reg_411_reg[29]'
INFO: [Synth 8-3886] merging instance 'dense_array_ap_fixed_16u_array_ap_fixed_37_17_5_3_0_10u_config21_U0/res_1_reg_411_reg[29]' (FDE) to 'dense_array_ap_fixed_16u_array_ap_fixed_37_17_5_3_0_10u_config21_U0/res_1_reg_411_reg[30]'
INFO: [Synth 8-3886] merging instance 'dense_array_ap_fixed_16u_array_ap_fixed_37_17_5_3_0_10u_config21_U0/res_1_reg_411_reg[30]' (FDE) to 'dense_array_ap_fixed_16u_array_ap_fixed_37_17_5_3_0_10u_config21_U0/res_1_reg_411_reg[31]'
INFO: [Synth 8-3886] merging instance 'dense_array_ap_fixed_16u_array_ap_fixed_37_17_5_3_0_10u_config21_U0/res_1_reg_411_reg[31]' (FDE) to 'dense_array_ap_fixed_16u_array_ap_fixed_37_17_5_3_0_10u_config21_U0/res_1_reg_411_reg[32]'
INFO: [Synth 8-3886] merging instance 'dense_array_ap_fixed_16u_array_ap_fixed_37_17_5_3_0_10u_config21_U0/res_1_reg_411_reg[32]' (FDE) to 'dense_array_ap_fixed_16u_array_ap_fixed_37_17_5_3_0_10u_config21_U0/res_1_reg_411_reg[33]'
INFO: [Synth 8-3886] merging instance 'dense_array_ap_fixed_16u_array_ap_fixed_37_17_5_3_0_10u_config21_U0/res_1_reg_411_reg[33]' (FDE) to 'dense_array_ap_fixed_16u_array_ap_fixed_37_17_5_3_0_10u_config21_U0/res_1_reg_411_reg[34]'
INFO: [Synth 8-3886] merging instance 'dense_array_ap_fixed_16u_array_ap_fixed_37_17_5_3_0_10u_config21_U0/res_1_reg_411_reg[34]' (FDE) to 'dense_array_ap_fixed_16u_array_ap_fixed_37_17_5_3_0_10u_config21_U0/res_1_reg_411_reg[35]'
INFO: [Synth 8-3886] merging instance 'dense_array_ap_fixed_16u_array_ap_fixed_37_17_5_3_0_10u_config21_U0/res_1_reg_411_reg[35]' (FDE) to 'dense_array_ap_fixed_16u_array_ap_fixed_37_17_5_3_0_10u_config21_U0/res_1_reg_411_reg[36]'
INFO: [Synth 8-3886] merging instance 'dense_array_ap_fixed_16u_array_ap_fixed_37_17_5_3_0_10u_config21_U0/res_2_reg_416_reg[0]' (FDE) to 'dense_array_ap_fixed_16u_array_ap_fixed_37_17_5_3_0_10u_config21_U0/res_9_reg_451_reg[0]'
INFO: [Synth 8-3886] merging instance 'dense_array_ap_fixed_16u_array_ap_fixed_37_17_5_3_0_10u_config21_U0/res_2_reg_416_reg[1]' (FDE) to 'dense_array_ap_fixed_16u_array_ap_fixed_37_17_5_3_0_10u_config21_U0/res_9_reg_451_reg[0]'
INFO: [Synth 8-3886] merging instance 'dense_array_ap_fixed_16u_array_ap_fixed_37_17_5_3_0_10u_config21_U0/res_2_reg_416_reg[2]' (FDE) to 'dense_array_ap_fixed_16u_array_ap_fixed_37_17_5_3_0_10u_config21_U0/res_9_reg_451_reg[0]'
INFO: [Synth 8-3886] merging instance 'dense_array_ap_fixed_16u_array_ap_fixed_37_17_5_3_0_10u_config21_U0/res_2_reg_416_reg[3]' (FDE) to 'dense_array_ap_fixed_16u_array_ap_fixed_37_17_5_3_0_10u_config21_U0/res_9_reg_451_reg[0]'
INFO: [Synth 8-3886] merging instance 'dense_array_ap_fixed_16u_array_ap_fixed_37_17_5_3_0_10u_config21_U0/res_2_reg_416_reg[4]' (FDE) to 'dense_array_ap_fixed_16u_array_ap_fixed_37_17_5_3_0_10u_config21_U0/res_9_reg_451_reg[0]'
INFO: [Synth 8-3886] merging instance 'dense_array_ap_fixed_16u_array_ap_fixed_37_17_5_3_0_10u_config21_U0/res_2_reg_416_reg[5]' (FDE) to 'dense_array_ap_fixed_16u_array_ap_fixed_37_17_5_3_0_10u_config21_U0/res_9_reg_451_reg[0]'
INFO: [Synth 8-3886] merging instance 'dense_array_ap_fixed_16u_array_ap_fixed_37_17_5_3_0_10u_config21_U0/res_2_reg_416_reg[6]' (FDE) to 'dense_array_ap_fixed_16u_array_ap_fixed_37_17_5_3_0_10u_config21_U0/res_9_reg_451_reg[0]'
INFO: [Synth 8-3886] merging instance 'dense_array_ap_fixed_16u_array_ap_fixed_37_17_5_3_0_10u_config21_U0/res_2_reg_416_reg[7]' (FDE) to 'dense_array_ap_fixed_16u_array_ap_fixed_37_17_5_3_0_10u_config21_U0/res_9_reg_451_reg[0]'
INFO: [Synth 8-3886] merging instance 'dense_array_ap_fixed_16u_array_ap_fixed_37_17_5_3_0_10u_config21_U0/res_2_reg_416_reg[8]' (FDE) to 'dense_array_ap_fixed_16u_array_ap_fixed_37_17_5_3_0_10u_config21_U0/res_9_reg_451_reg[0]'
INFO: [Synth 8-3886] merging instance 'dense_array_ap_fixed_16u_array_ap_fixed_37_17_5_3_0_10u_config21_U0/res_2_reg_416_reg[9]' (FDE) to 'dense_array_ap_fixed_16u_array_ap_fixed_37_17_5_3_0_10u_config21_U0/res_9_reg_451_reg[0]'
INFO: [Synth 8-3886] merging instance 'dense_array_ap_fixed_16u_array_ap_fixed_37_17_5_3_0_10u_config21_U0/res_2_reg_416_reg[25]' (FDE) to 'dense_array_ap_fixed_16u_array_ap_fixed_37_17_5_3_0_10u_config21_U0/res_2_reg_416_reg[26]'
INFO: [Synth 8-3886] merging instance 'dense_array_ap_fixed_16u_array_ap_fixed_37_17_5_3_0_10u_config21_U0/res_2_reg_416_reg[26]' (FDE) to 'dense_array_ap_fixed_16u_array_ap_fixed_37_17_5_3_0_10u_config21_U0/res_2_reg_416_reg[27]'
INFO: [Synth 8-3886] merging instance 'dense_array_ap_fixed_16u_array_ap_fixed_37_17_5_3_0_10u_config21_U0/res_2_reg_416_reg[27]' (FDE) to 'dense_array_ap_fixed_16u_array_ap_fixed_37_17_5_3_0_10u_config21_U0/res_2_reg_416_reg[28]'
INFO: [Synth 8-3886] merging instance 'dense_array_ap_fixed_16u_array_ap_fixed_37_17_5_3_0_10u_config21_U0/res_2_reg_416_reg[28]' (FDE) to 'dense_array_ap_fixed_16u_array_ap_fixed_37_17_5_3_0_10u_config21_U0/res_2_reg_416_reg[29]'
INFO: [Synth 8-3886] merging instance 'dense_array_ap_fixed_16u_array_ap_fixed_37_17_5_3_0_10u_config21_U0/res_2_reg_416_reg[29]' (FDE) to 'dense_array_ap_fixed_16u_array_ap_fixed_37_17_5_3_0_10u_config21_U0/res_2_reg_416_reg[30]'
INFO: [Synth 8-3886] merging instance 'dense_array_ap_fixed_16u_array_ap_fixed_37_17_5_3_0_10u_config21_U0/res_2_reg_416_reg[30]' (FDE) to 'dense_array_ap_fixed_16u_array_ap_fixed_37_17_5_3_0_10u_config21_U0/res_2_reg_416_reg[31]'
INFO: [Synth 8-3886] merging instance 'dense_array_ap_fixed_16u_array_ap_fixed_37_17_5_3_0_10u_config21_U0/res_2_reg_416_reg[31]' (FDE) to 'dense_array_ap_fixed_16u_array_ap_fixed_37_17_5_3_0_10u_config21_U0/res_2_reg_416_reg[32]'
INFO: [Synth 8-3886] merging instance 'dense_array_ap_fixed_16u_array_ap_fixed_37_17_5_3_0_10u_config21_U0/res_2_reg_416_reg[32]' (FDE) to 'dense_array_ap_fixed_16u_array_ap_fixed_37_17_5_3_0_10u_config21_U0/res_2_reg_416_reg[33]'
INFO: [Synth 8-3886] merging instance 'dense_array_ap_fixed_16u_array_ap_fixed_37_17_5_3_0_10u_config21_U0/res_2_reg_416_reg[33]' (FDE) to 'dense_array_ap_fixed_16u_array_ap_fixed_37_17_5_3_0_10u_config21_U0/res_2_reg_416_reg[34]'
INFO: [Synth 8-3886] merging instance 'dense_array_ap_fixed_16u_array_ap_fixed_37_17_5_3_0_10u_config21_U0/res_2_reg_416_reg[34]' (FDE) to 'dense_array_ap_fixed_16u_array_ap_fixed_37_17_5_3_0_10u_config21_U0/res_2_reg_416_reg[35]'
INFO: [Synth 8-3886] merging instance 'dense_array_ap_fixed_16u_array_ap_fixed_37_17_5_3_0_10u_config21_U0/res_2_reg_416_reg[35]' (FDE) to 'dense_array_ap_fixed_16u_array_ap_fixed_37_17_5_3_0_10u_config21_U0/res_2_reg_416_reg[36]'
INFO: [Synth 8-3886] merging instance 'dense_array_ap_fixed_16u_array_ap_fixed_37_17_5_3_0_10u_config21_U0/res_3_reg_421_reg[0]' (FDE) to 'dense_array_ap_fixed_16u_array_ap_fixed_37_17_5_3_0_10u_config21_U0/res_9_reg_451_reg[0]'
INFO: [Synth 8-3886] merging instance 'dense_array_ap_fixed_16u_array_ap_fixed_37_17_5_3_0_10u_config21_U0/res_3_reg_421_reg[1]' (FDE) to 'dense_array_ap_fixed_16u_array_ap_fixed_37_17_5_3_0_10u_config21_U0/res_9_reg_451_reg[0]'
INFO: [Synth 8-3886] merging instance 'dense_array_ap_fixed_16u_array_ap_fixed_37_17_5_3_0_10u_config21_U0/res_3_reg_421_reg[2]' (FDE) to 'dense_array_ap_fixed_16u_array_ap_fixed_37_17_5_3_0_10u_config21_U0/res_9_reg_451_reg[0]'
INFO: [Synth 8-3886] merging instance 'dense_array_ap_fixed_16u_array_ap_fixed_37_17_5_3_0_10u_config21_U0/res_3_reg_421_reg[3]' (FDE) to 'dense_array_ap_fixed_16u_array_ap_fixed_37_17_5_3_0_10u_config21_U0/res_9_reg_451_reg[0]'
INFO: [Synth 8-3886] merging instance 'dense_array_ap_fixed_16u_array_ap_fixed_37_17_5_3_0_10u_config21_U0/res_3_reg_421_reg[4]' (FDE) to 'dense_array_ap_fixed_16u_array_ap_fixed_37_17_5_3_0_10u_config21_U0/res_9_reg_451_reg[0]'
INFO: [Synth 8-3886] merging instance 'dense_array_ap_fixed_16u_array_ap_fixed_37_17_5_3_0_10u_config21_U0/res_3_reg_421_reg[5]' (FDE) to 'dense_array_ap_fixed_16u_array_ap_fixed_37_17_5_3_0_10u_config21_U0/res_9_reg_451_reg[0]'
INFO: [Synth 8-3886] merging instance 'dense_array_ap_fixed_16u_array_ap_fixed_37_17_5_3_0_10u_config21_U0/res_3_reg_421_reg[6]' (FDE) to 'dense_array_ap_fixed_16u_array_ap_fixed_37_17_5_3_0_10u_config21_U0/res_9_reg_451_reg[0]'
INFO: [Synth 8-3886] merging instance 'dense_array_ap_fixed_16u_array_ap_fixed_37_17_5_3_0_10u_config21_U0/res_3_reg_421_reg[7]' (FDE) to 'dense_array_ap_fixed_16u_array_ap_fixed_37_17_5_3_0_10u_config21_U0/res_9_reg_451_reg[0]'
INFO: [Synth 8-3886] merging instance 'dense_array_ap_fixed_16u_array_ap_fixed_37_17_5_3_0_10u_config21_U0/res_3_reg_421_reg[8]' (FDE) to 'dense_array_ap_fixed_16u_array_ap_fixed_37_17_5_3_0_10u_config21_U0/res_9_reg_451_reg[0]'
INFO: [Synth 8-3886] merging instance 'dense_array_ap_fixed_16u_array_ap_fixed_37_17_5_3_0_10u_config21_U0/res_3_reg_421_reg[9]' (FDE) to 'dense_array_ap_fixed_16u_array_ap_fixed_37_17_5_3_0_10u_config21_U0/res_9_reg_451_reg[0]'
INFO: [Synth 8-3886] merging instance 'dense_array_ap_fixed_16u_array_ap_fixed_37_17_5_3_0_10u_config21_U0/res_3_reg_421_reg[25]' (FDE) to 'dense_array_ap_fixed_16u_array_ap_fixed_37_17_5_3_0_10u_config21_U0/res_3_reg_421_reg[26]'
INFO: [Synth 8-3886] merging instance 'dense_array_ap_fixed_16u_array_ap_fixed_37_17_5_3_0_10u_config21_U0/res_3_reg_421_reg[26]' (FDE) to 'dense_array_ap_fixed_16u_array_ap_fixed_37_17_5_3_0_10u_config21_U0/res_3_reg_421_reg[27]'
INFO: [Synth 8-3886] merging instance 'dense_array_ap_fixed_16u_array_ap_fixed_37_17_5_3_0_10u_config21_U0/res_3_reg_421_reg[27]' (FDE) to 'dense_array_ap_fixed_16u_array_ap_fixed_37_17_5_3_0_10u_config21_U0/res_3_reg_421_reg[28]'
INFO: [Synth 8-3886] merging instance 'dense_array_ap_fixed_16u_array_ap_fixed_37_17_5_3_0_10u_config21_U0/res_3_reg_421_reg[28]' (FDE) to 'dense_array_ap_fixed_16u_array_ap_fixed_37_17_5_3_0_10u_config21_U0/res_3_reg_421_reg[29]'
INFO: [Synth 8-3886] merging instance 'dense_array_ap_fixed_16u_array_ap_fixed_37_17_5_3_0_10u_config21_U0/res_3_reg_421_reg[29]' (FDE) to 'dense_array_ap_fixed_16u_array_ap_fixed_37_17_5_3_0_10u_config21_U0/res_3_reg_421_reg[30]'
INFO: [Synth 8-3886] merging instance 'dense_array_ap_fixed_16u_array_ap_fixed_37_17_5_3_0_10u_config21_U0/res_3_reg_421_reg[30]' (FDE) to 'dense_array_ap_fixed_16u_array_ap_fixed_37_17_5_3_0_10u_config21_U0/res_3_reg_421_reg[31]'
INFO: [Synth 8-3886] merging instance 'dense_array_ap_fixed_16u_array_ap_fixed_37_17_5_3_0_10u_config21_U0/res_3_reg_421_reg[31]' (FDE) to 'dense_array_ap_fixed_16u_array_ap_fixed_37_17_5_3_0_10u_config21_U0/res_3_reg_421_reg[32]'
INFO: [Synth 8-3886] merging instance 'dense_array_ap_fixed_16u_array_ap_fixed_37_17_5_3_0_10u_config21_U0/res_3_reg_421_reg[32]' (FDE) to 'dense_array_ap_fixed_16u_array_ap_fixed_37_17_5_3_0_10u_config21_U0/res_3_reg_421_reg[33]'
INFO: [Synth 8-3886] merging instance 'dense_array_ap_fixed_16u_array_ap_fixed_37_17_5_3_0_10u_config21_U0/res_3_reg_421_reg[33]' (FDE) to 'dense_array_ap_fixed_16u_array_ap_fixed_37_17_5_3_0_10u_config21_U0/res_3_reg_421_reg[34]'
INFO: [Synth 8-3886] merging instance 'dense_array_ap_fixed_16u_array_ap_fixed_37_17_5_3_0_10u_config21_U0/res_3_reg_421_reg[34]' (FDE) to 'dense_array_ap_fixed_16u_array_ap_fixed_37_17_5_3_0_10u_config21_U0/res_3_reg_421_reg[35]'
INFO: [Synth 8-3886] merging instance 'dense_array_ap_fixed_16u_array_ap_fixed_37_17_5_3_0_10u_config21_U0/res_3_reg_421_reg[35]' (FDE) to 'dense_array_ap_fixed_16u_array_ap_fixed_37_17_5_3_0_10u_config21_U0/res_3_reg_421_reg[36]'
INFO: [Synth 8-3886] merging instance 'dense_array_ap_fixed_16u_array_ap_fixed_37_17_5_3_0_10u_config21_U0/res_4_reg_426_reg[0]' (FDE) to 'dense_array_ap_fixed_16u_array_ap_fixed_37_17_5_3_0_10u_config21_U0/res_9_reg_451_reg[0]'
INFO: [Synth 8-3886] merging instance 'dense_array_ap_fixed_16u_array_ap_fixed_37_17_5_3_0_10u_config21_U0/res_4_reg_426_reg[1]' (FDE) to 'dense_array_ap_fixed_16u_array_ap_fixed_37_17_5_3_0_10u_config21_U0/res_9_reg_451_reg[0]'
INFO: [Synth 8-3886] merging instance 'dense_array_ap_fixed_16u_array_ap_fixed_37_17_5_3_0_10u_config21_U0/res_4_reg_426_reg[2]' (FDE) to 'dense_array_ap_fixed_16u_array_ap_fixed_37_17_5_3_0_10u_config21_U0/res_9_reg_451_reg[0]'
INFO: [Synth 8-3886] merging instance 'dense_array_ap_fixed_16u_array_ap_fixed_37_17_5_3_0_10u_config21_U0/res_4_reg_426_reg[3]' (FDE) to 'dense_array_ap_fixed_16u_array_ap_fixed_37_17_5_3_0_10u_config21_U0/res_9_reg_451_reg[0]'
INFO: [Synth 8-3886] merging instance 'dense_array_ap_fixed_16u_array_ap_fixed_37_17_5_3_0_10u_config21_U0/res_4_reg_426_reg[4]' (FDE) to 'dense_array_ap_fixed_16u_array_ap_fixed_37_17_5_3_0_10u_config21_U0/res_9_reg_451_reg[0]'
INFO: [Synth 8-3886] merging instance 'dense_array_ap_fixed_16u_array_ap_fixed_37_17_5_3_0_10u_config21_U0/res_4_reg_426_reg[5]' (FDE) to 'dense_array_ap_fixed_16u_array_ap_fixed_37_17_5_3_0_10u_config21_U0/res_9_reg_451_reg[0]'
INFO: [Synth 8-3886] merging instance 'dense_array_ap_fixed_16u_array_ap_fixed_37_17_5_3_0_10u_config21_U0/res_4_reg_426_reg[6]' (FDE) to 'dense_array_ap_fixed_16u_array_ap_fixed_37_17_5_3_0_10u_config21_U0/res_9_reg_451_reg[0]'
INFO: [Synth 8-3886] merging instance 'dense_array_ap_fixed_16u_array_ap_fixed_37_17_5_3_0_10u_config21_U0/res_4_reg_426_reg[7]' (FDE) to 'dense_array_ap_fixed_16u_array_ap_fixed_37_17_5_3_0_10u_config21_U0/res_9_reg_451_reg[0]'
INFO: [Common 17-14] Message 'Synth 8-3886' appears 100 times and further instances of the messages will be disabled. Use the Tcl command set_msg_config to change the current settings.
INFO: [Synth 8-3333] propagating constant 0 across sequential element (\dense_array_ap_fixed_16u_array_ap_fixed_37_17_5_3_0_10u_config21_U0/res_9_reg_451_reg[9] )
