

================================================================
== Vitis HLS Report for 'conv_2d_cl_array_array_ap_fixed_41_22_5_3_0_16u_config12_s'
================================================================
* Date:           Sat Mar 21 19:19:44 2026

* Version:        2023.2 (Build 4023990 on Oct 11 2023)
* Project:        myproject_prj
* Solution:       solution1 (Vivado IP Flow Target)
* Product family: zynquplus
* Target device:  xck26-sfvc784-2LV-c


================================================================
== Performance Estimates
================================================================
+ Timing: 
    * Summary: 
    +--------+---------+----------+------------+
    |  Clock |  Target | Estimated| Uncertainty|
    +--------+---------+----------+------------+
    |ap_clk  |  5.00 ns|  3.617 ns|     1.35 ns|
    +--------+---------+----------+------------+

+ Latency: 
    * Summary: 
    +---------+---------+----------+----------+-----+------+---------+
    |  Latency (cycles) |  Latency (absolute) |  Interval  | Pipeline|
    |   min   |   max   |    min   |    max   | min |  max |   Type  |
    +---------+---------+----------+----------+-----+------+---------+
    |      449|     1681|  2.245 us|  8.405 us|  449|  1681|       no|
    +---------+---------+----------+----------+-----+------+---------+

    + Detail: 
        * Instance: 
        +-------------------------------------------------------------------------------------+--------------------------------------------------------------------------+---------+---------+-----------+-----------+-----+-----+---------+
        |                                                                                     |                                                                          |  Latency (cycles) |   Latency (absolute)  |  Interval | Pipeline|
        |                                       Instance                                      |                                  Module                                  |   min   |   max   |    min    |    max    | min | max |   Type  |
        +-------------------------------------------------------------------------------------+--------------------------------------------------------------------------+---------+---------+-----------+-----------+-----+-----+---------+
        |grp_compute_output_buffer_2d_array_array_ap_fixed_41_22_5_3_0_16u_config12_s_fu_468  |compute_output_buffer_2d_array_array_ap_fixed_41_22_5_3_0_16u_config12_s  |        2|       13|  10.000 ns|  65.000 ns|    2|   13|       no|
        +-------------------------------------------------------------------------------------+--------------------------------------------------------------------------+---------+---------+-----------+-----------+-----+-----+---------+

        * Loop: 
        +----------------------------------+---------+---------+----------+-----------+-----------+------+----------+
        |                                  |  Latency (cycles) | Iteration|  Initiation Interval  | Trip |          |
        |             Loop Name            |   min   |   max   |  Latency |  achieved |   target  | Count| Pipelined|
        +----------------------------------+---------+---------+----------+-----------+-----------+------+----------+
        |- ReadInputHeight_ReadInputWidth  |      448|     1680|    4 ~ 15|          -|          -|   112|        no|
        +----------------------------------+---------+---------+----------+-----------+-----------+------+----------+



================================================================
== Utilization Estimates
================================================================
* Summary: 
+-----------------+---------+------+--------+--------+-----+
|       Name      | BRAM_18K|  DSP |   FF   |   LUT  | URAM|
+-----------------+---------+------+--------+--------+-----+
|DSP              |        -|     -|       -|       -|    -|
|Expression       |        -|     -|       0|      32|    -|
|FIFO             |        -|     -|       -|       -|    -|
|Instance         |      128|   288|   15143|   14136|    -|
|Memory           |        -|     -|       -|       -|    -|
|Multiplexer      |        -|     -|       -|      65|    -|
|Register         |        -|     -|     269|       -|    -|
+-----------------+---------+------+--------+--------+-----+
|Total            |      128|   288|   15412|   14233|    0|
+-----------------+---------+------+--------+--------+-----+
|Available        |      288|  1248|  234240|  117120|   64|
+-----------------+---------+------+--------+--------+-----+
|Utilization (%)  |       44|    23|       6|      12|    0|
+-----------------+---------+------+--------+--------+-----+

+ Detail: 
    * Instance: 
    +-------------------------------------------------------------------------------------+--------------------------------------------------------------------------+---------+-----+-------+-------+-----+
    |                                       Instance                                      |                                  Module                                  | BRAM_18K| DSP |   FF  |  LUT  | URAM|
    +-------------------------------------------------------------------------------------+--------------------------------------------------------------------------+---------+-----+-------+-------+-----+
    |grp_compute_output_buffer_2d_array_array_ap_fixed_41_22_5_3_0_16u_config12_s_fu_468  |compute_output_buffer_2d_array_array_ap_fixed_41_22_5_3_0_16u_config12_s  |      128|  288|  15143|  14136|    0|
    +-------------------------------------------------------------------------------------+--------------------------------------------------------------------------+---------+-----+-------+-------+-----+
    |Total                                                                                |                                                                          |      128|  288|  15143|  14136|    0|
    +-------------------------------------------------------------------------------------+--------------------------------------------------------------------------+---------+-----+-------+-------+-----+

    * DSP: 
    N/A

    * Memory: 
    N/A

    * FIFO: 
    N/A

    * Expression: 
    +---------------------+----------+----+---+----+------------+------------+
    |    Variable Name    | Operation| DSP| FF| LUT| Bitwidth P0| Bitwidth P1|
    +---------------------+----------+----+---+----+------------+------------+
    |add_ln52_fu_866_p2   |         +|   0|  0|  14|           7|           1|
    |ap_block_state2      |       and|   0|  0|   2|           1|           1|
    |icmp_ln52_fu_860_p2  |      icmp|   0|  0|  14|           7|           6|
    |ap_block_state1      |        or|   0|  0|   2|           1|           1|
    +---------------------+----------+----+---+----+------------+------------+
    |Total                |          |   0|  0|  32|          16|           9|
    +---------------------+----------+----+---+----+------------+------------+

    * Multiplexer: 
    +-----------------------+----+-----------+-----+-----------+
    |          Name         | LUT| Input Size| Bits| Total Bits|
    +-----------------------+----+-----------+-----+-----------+
    |ap_NS_fsm              |  20|          4|    1|          4|
    |ap_done                |   9|          2|    1|          2|
    |indvar_flatten_fu_458  |   9|          2|    7|         14|
    |layer12_out_write      |   9|          2|    1|          2|
    |layer26_out_blk_n      |   9|          2|    1|          2|
    |real_start             |   9|          2|    1|          2|
    +-----------------------+----+-----------+-----+-----------+
    |Total                  |  65|         14|   12|         26|
    +-----------------------+----+-----------+-----+-----------+

    * Register: 
    +--------------------------------------------------------------------------------------------------+----+----+-----+-----------+
    |                                               Name                                               | FF | LUT| Bits| Const Bits|
    +--------------------------------------------------------------------------------------------------+----+----+-----+-----------+
    |ap_CS_fsm                                                                                         |   3|   0|    3|          0|
    |ap_done_reg                                                                                       |   1|   0|    1|          0|
    |grp_compute_output_buffer_2d_array_array_ap_fixed_41_22_5_3_0_16u_config12_s_fu_468_ap_start_reg  |   1|   0|    1|          0|
    |indvar_flatten_fu_458                                                                             |   7|   0|    7|          0|
    |start_once_reg                                                                                    |   1|   0|    1|          0|
    |trunc_ln58_923_reg_1067                                                                           |  16|   0|   16|          0|
    |trunc_ln58_924_reg_1072                                                                           |  16|   0|   16|          0|
    |trunc_ln58_925_reg_1077                                                                           |  16|   0|   16|          0|
    |trunc_ln58_926_reg_1082                                                                           |  16|   0|   16|          0|
    |trunc_ln58_927_reg_1087                                                                           |  16|   0|   16|          0|
    |trunc_ln58_928_reg_1092                                                                           |  16|   0|   16|          0|
    |trunc_ln58_929_reg_1097                                                                           |  16|   0|   16|          0|
    |trunc_ln58_930_reg_1102                                                                           |  16|   0|   16|          0|
    |trunc_ln58_931_reg_1107                                                                           |  16|   0|   16|          0|
    |trunc_ln58_932_reg_1112                                                                           |  16|   0|   16|          0|
    |trunc_ln58_933_reg_1117                                                                           |  16|   0|   16|          0|
    |trunc_ln58_934_reg_1122                                                                           |  16|   0|   16|          0|
    |trunc_ln58_935_reg_1127                                                                           |  16|   0|   16|          0|
    |trunc_ln58_936_reg_1132                                                                           |  16|   0|   16|          0|
    |trunc_ln58_reg_1057                                                                               |  16|   0|   16|          0|
    |trunc_ln58_s_reg_1062                                                                             |  16|   0|   16|          0|
    +--------------------------------------------------------------------------------------------------+----+----+-----+-----------+
    |Total                                                                                             | 269|   0|  269|          0|
    +--------------------------------------------------------------------------------------------------+----+----+-----+-----------+



================================================================
== Interface
================================================================
* Summary: 
+----------------------------+-----+-----+------------+-------------------------------------------------------------+--------------+
|          RTL Ports         | Dir | Bits|  Protocol  |                        Source Object                        |    C Type    |
+----------------------------+-----+-----+------------+-------------------------------------------------------------+--------------+
|ap_clk                      |   in|    1|  ap_ctrl_hs|  conv_2d_cl<array,array<ap_fixed<41,22,5,3,0>,16u>,config12>|  return value|
|ap_rst                      |   in|    1|  ap_ctrl_hs|  conv_2d_cl<array,array<ap_fixed<41,22,5,3,0>,16u>,config12>|  return value|
|ap_start                    |   in|    1|  ap_ctrl_hs|  conv_2d_cl<array,array<ap_fixed<41,22,5,3,0>,16u>,config12>|  return value|
|start_full_n                |   in|    1|  ap_ctrl_hs|  conv_2d_cl<array,array<ap_fixed<41,22,5,3,0>,16u>,config12>|  return value|
|ap_done                     |  out|    1|  ap_ctrl_hs|  conv_2d_cl<array,array<ap_fixed<41,22,5,3,0>,16u>,config12>|  return value|
|ap_continue                 |   in|    1|  ap_ctrl_hs|  conv_2d_cl<array,array<ap_fixed<41,22,5,3,0>,16u>,config12>|  return value|
|ap_idle                     |  out|    1|  ap_ctrl_hs|  conv_2d_cl<array,array<ap_fixed<41,22,5,3,0>,16u>,config12>|  return value|
|ap_ready                    |  out|    1|  ap_ctrl_hs|  conv_2d_cl<array,array<ap_fixed<41,22,5,3,0>,16u>,config12>|  return value|
|start_out                   |  out|    1|  ap_ctrl_hs|  conv_2d_cl<array,array<ap_fixed<41,22,5,3,0>,16u>,config12>|  return value|
|start_write                 |  out|    1|  ap_ctrl_hs|  conv_2d_cl<array,array<ap_fixed<41,22,5,3,0>,16u>,config12>|  return value|
|layer26_out_dout            |   in|  256|     ap_fifo|                                                  layer26_out|       pointer|
|layer26_out_num_data_valid  |   in|    8|     ap_fifo|                                                  layer26_out|       pointer|
|layer26_out_fifo_cap        |   in|    8|     ap_fifo|                                                  layer26_out|       pointer|
|layer26_out_empty_n         |   in|    1|     ap_fifo|                                                  layer26_out|       pointer|
|layer26_out_read            |  out|    1|     ap_fifo|                                                  layer26_out|       pointer|
|layer12_out_din             |  out|  656|     ap_fifo|                                                  layer12_out|       pointer|
|layer12_out_num_data_valid  |   in|    8|     ap_fifo|                                                  layer12_out|       pointer|
|layer12_out_fifo_cap        |   in|    8|     ap_fifo|                                                  layer12_out|       pointer|
|layer12_out_full_n          |   in|    1|     ap_fifo|                                                  layer12_out|       pointer|
|layer12_out_write           |  out|    1|     ap_fifo|                                                  layer12_out|       pointer|
+----------------------------+-----+-----+------------+-------------------------------------------------------------+--------------+

