

================================================================
== Vitis HLS Report for 'dense_resource_rf_leq_nin_ap_ufixed_ap_fixed_38_19_5_3_0_config21_s'
================================================================
* Date:           Sat Mar 21 19:19:53 2026

* Version:        2023.2 (Build 4023990 on Oct 11 2023)
* Project:        myproject_prj
* Solution:       solution1 (Vivado IP Flow Target)
* Product family: zynquplus
* Target device:  xck26-sfvc784-2LV-c


================================================================
== Performance Estimates
================================================================
+ Timing: 
    * Summary: 
    +--------+---------+----------+------------+
    |  Clock |  Target | Estimated| Uncertainty|
    +--------+---------+----------+------------+
    |ap_clk  |  5.00 ns|  3.617 ns|     1.35 ns|
    +--------+---------+----------+------------+

+ Latency: 
    * Summary: 
    +---------+---------+-----------+-----------+-----+-----+------------------------------------------+
    |  Latency (cycles) |   Latency (absolute)  |  Interval |                 Pipeline                 |
    |   min   |   max   |    min    |    max    | min | max |                   Type                   |
    +---------+---------+-----------+-----------+-----+-----+------------------------------------------+
    |        5|        6|  25.000 ns|  30.000 ns|    4|    4|  loop rewind stp(delay=0 clock cycles(s))|
    +---------+---------+-----------+-----------+-----+-----+------------------------------------------+

    + Detail: 
        * Instance: 
        N/A

        * Loop: 
        +-------------+---------+---------+----------+-----------+-----------+------+----------+
        |             |  Latency (cycles) | Iteration|  Initiation Interval  | Trip |          |
        |  Loop Name  |   min   |   max   |  Latency |  achieved |   target  | Count| Pipelined|
        +-------------+---------+---------+----------+-----------+-----------+------+----------+
        |- ReuseLoop  |        5|        5|         3|          1|          1|     4|       yes|
        +-------------+---------+---------+----------+-----------+-----------+------+----------+



================================================================
== Utilization Estimates
================================================================
* Summary: 
+-----------------+---------+------+--------+--------+-----+
|       Name      | BRAM_18K|  DSP |   FF   |   LUT  | URAM|
+-----------------+---------+------+--------+--------+-----+
|DSP              |        -|     -|       -|       -|    -|
|Expression       |        -|     -|       0|    1444|    -|
|FIFO             |        -|     -|       -|       -|    -|
|Instance         |        -|    80|       0|     560|    -|
|Memory           |       36|     -|       0|       0|    -|
|Multiplexer      |        -|     -|       -|    1189|    -|
|Register         |        -|     -|    2769|       -|    -|
+-----------------+---------+------+--------+--------+-----+
|Total            |       36|    80|    2769|    3193|    0|
+-----------------+---------+------+--------+--------+-----+
|Available        |      288|  1248|  234240|  117120|   64|
+-----------------+---------+------+--------+--------+-----+
|Utilization (%)  |       12|     6|       1|       2|    0|
+-----------------+---------+------+--------+--------+-----+

+ Detail: 
    * Instance: 
    +----------------------------+----------------------+---------+----+---+----+-----+
    |          Instance          |        Module        | BRAM_18K| DSP| FF| LUT| URAM|
    +----------------------------+----------------------+---------+----+---+----+-----+
    |mul_16ns_9s_25_1_1_U2216    |mul_16ns_9s_25_1_1    |        0|   1|  0|   5|    0|
    |mul_16s_16ns_25_1_1_U2130   |mul_16s_16ns_25_1_1   |        0|   1|  0|   5|    0|
    |mul_16s_16ns_25_1_1_U2132   |mul_16s_16ns_25_1_1   |        0|   1|  0|   5|    0|
    |mul_16s_16ns_25_1_1_U2134   |mul_16s_16ns_25_1_1   |        0|   1|  0|   5|    0|
    |mul_16s_16ns_25_1_1_U2136   |mul_16s_16ns_25_1_1   |        0|   1|  0|   5|    0|
    |mul_16s_16ns_25_1_1_U2138   |mul_16s_16ns_25_1_1   |        0|   1|  0|   5|    0|
    |mul_16s_16ns_25_1_1_U2140   |mul_16s_16ns_25_1_1   |        0|   1|  0|   5|    0|
    |mul_16s_16ns_25_1_1_U2142   |mul_16s_16ns_25_1_1   |        0|   1|  0|   5|    0|
    |mul_16s_16ns_25_1_1_U2144   |mul_16s_16ns_25_1_1   |        0|   1|  0|   5|    0|
    |mul_16s_16ns_25_1_1_U2145   |mul_16s_16ns_25_1_1   |        0|   1|  0|   5|    0|
    |mul_16s_16ns_25_1_1_U2146   |mul_16s_16ns_25_1_1   |        0|   1|  0|   5|    0|
    |mul_16s_16ns_25_1_1_U2147   |mul_16s_16ns_25_1_1   |        0|   1|  0|   5|    0|
    |mul_16s_16ns_25_1_1_U2148   |mul_16s_16ns_25_1_1   |        0|   1|  0|   5|    0|
    |mul_16s_16ns_25_1_1_U2149   |mul_16s_16ns_25_1_1   |        0|   1|  0|   5|    0|
    |mul_16s_16ns_25_1_1_U2150   |mul_16s_16ns_25_1_1   |        0|   1|  0|   5|    0|
    |mul_16s_16ns_25_1_1_U2151   |mul_16s_16ns_25_1_1   |        0|   1|  0|   5|    0|
    |mul_16s_16ns_25_1_1_U2152   |mul_16s_16ns_25_1_1   |        0|   1|  0|   5|    0|
    |mul_16s_16ns_25_1_1_U2153   |mul_16s_16ns_25_1_1   |        0|   1|  0|   5|    0|
    |mul_16s_16ns_25_1_1_U2154   |mul_16s_16ns_25_1_1   |        0|   1|  0|   5|    0|
    |mul_16s_16ns_25_1_1_U2155   |mul_16s_16ns_25_1_1   |        0|   1|  0|   5|    0|
    |mul_16s_16ns_25_1_1_U2156   |mul_16s_16ns_25_1_1   |        0|   1|  0|   5|    0|
    |mul_16s_16ns_25_1_1_U2157   |mul_16s_16ns_25_1_1   |        0|   1|  0|   5|    0|
    |mul_16s_16ns_25_1_1_U2158   |mul_16s_16ns_25_1_1   |        0|   1|  0|   5|    0|
    |mul_16s_16ns_25_1_1_U2159   |mul_16s_16ns_25_1_1   |        0|   1|  0|   5|    0|
    |mul_16s_16ns_25_1_1_U2160   |mul_16s_16ns_25_1_1   |        0|   1|  0|   5|    0|
    |mul_16s_16ns_25_1_1_U2161   |mul_16s_16ns_25_1_1   |        0|   1|  0|   5|    0|
    |mul_16s_16ns_25_1_1_U2162   |mul_16s_16ns_25_1_1   |        0|   1|  0|   5|    0|
    |mul_16s_16ns_25_1_1_U2163   |mul_16s_16ns_25_1_1   |        0|   1|  0|   5|    0|
    |mul_16s_16ns_25_1_1_U2164   |mul_16s_16ns_25_1_1   |        0|   1|  0|   5|    0|
    |mul_16s_16ns_25_1_1_U2165   |mul_16s_16ns_25_1_1   |        0|   1|  0|   5|    0|
    |mul_16s_16ns_25_1_1_U2166   |mul_16s_16ns_25_1_1   |        0|   1|  0|   5|    0|
    |mul_16s_16ns_25_1_1_U2167   |mul_16s_16ns_25_1_1   |        0|   1|  0|   5|    0|
    |mul_16s_16ns_25_1_1_U2168   |mul_16s_16ns_25_1_1   |        0|   1|  0|   5|    0|
    |mul_16s_16ns_25_1_1_U2169   |mul_16s_16ns_25_1_1   |        0|   1|  0|   5|    0|
    |mul_16s_16ns_25_1_1_U2170   |mul_16s_16ns_25_1_1   |        0|   1|  0|   5|    0|
    |mul_16s_16ns_25_1_1_U2171   |mul_16s_16ns_25_1_1   |        0|   1|  0|   5|    0|
    |mul_16s_16ns_25_1_1_U2172   |mul_16s_16ns_25_1_1   |        0|   1|  0|   5|    0|
    |mul_16s_16ns_25_1_1_U2173   |mul_16s_16ns_25_1_1   |        0|   1|  0|   5|    0|
    |mul_16s_16ns_25_1_1_U2174   |mul_16s_16ns_25_1_1   |        0|   1|  0|   5|    0|
    |mul_16s_16ns_25_1_1_U2175   |mul_16s_16ns_25_1_1   |        0|   1|  0|   5|    0|
    |mul_16s_16ns_25_1_1_U2176   |mul_16s_16ns_25_1_1   |        0|   1|  0|   5|    0|
    |mul_16s_16ns_25_1_1_U2177   |mul_16s_16ns_25_1_1   |        0|   1|  0|   5|    0|
    |mul_16s_16ns_25_1_1_U2178   |mul_16s_16ns_25_1_1   |        0|   1|  0|   5|    0|
    |mul_16s_16ns_25_1_1_U2179   |mul_16s_16ns_25_1_1   |        0|   1|  0|   5|    0|
    |mul_16s_16ns_25_1_1_U2180   |mul_16s_16ns_25_1_1   |        0|   1|  0|   5|    0|
    |mul_16s_16ns_25_1_1_U2181   |mul_16s_16ns_25_1_1   |        0|   1|  0|   5|    0|
    |mul_16s_16ns_25_1_1_U2182   |mul_16s_16ns_25_1_1   |        0|   1|  0|   5|    0|
    |mul_16s_16ns_25_1_1_U2183   |mul_16s_16ns_25_1_1   |        0|   1|  0|   5|    0|
    |mul_16s_16ns_25_1_1_U2184   |mul_16s_16ns_25_1_1   |        0|   1|  0|   5|    0|
    |mul_16s_16ns_25_1_1_U2185   |mul_16s_16ns_25_1_1   |        0|   1|  0|   5|    0|
    |mul_16s_16ns_25_1_1_U2186   |mul_16s_16ns_25_1_1   |        0|   1|  0|   5|    0|
    |mul_16s_16ns_25_1_1_U2187   |mul_16s_16ns_25_1_1   |        0|   1|  0|   5|    0|
    |mul_16s_16ns_25_1_1_U2188   |mul_16s_16ns_25_1_1   |        0|   1|  0|   5|    0|
    |mul_16s_16ns_25_1_1_U2189   |mul_16s_16ns_25_1_1   |        0|   1|  0|   5|    0|
    |mul_16s_16ns_25_1_1_U2190   |mul_16s_16ns_25_1_1   |        0|   1|  0|   5|    0|
    |mul_16s_16ns_25_1_1_U2191   |mul_16s_16ns_25_1_1   |        0|   1|  0|   5|    0|
    |mul_16s_16ns_25_1_1_U2192   |mul_16s_16ns_25_1_1   |        0|   1|  0|   5|    0|
    |mul_16s_16ns_25_1_1_U2193   |mul_16s_16ns_25_1_1   |        0|   1|  0|   5|    0|
    |mul_16s_16ns_25_1_1_U2194   |mul_16s_16ns_25_1_1   |        0|   1|  0|   5|    0|
    |mul_16s_16ns_25_1_1_U2195   |mul_16s_16ns_25_1_1   |        0|   1|  0|   5|    0|
    |mul_16s_16ns_25_1_1_U2196   |mul_16s_16ns_25_1_1   |        0|   1|  0|   5|    0|
    |mul_16s_16ns_25_1_1_U2197   |mul_16s_16ns_25_1_1   |        0|   1|  0|   5|    0|
    |mul_16s_16ns_25_1_1_U2198   |mul_16s_16ns_25_1_1   |        0|   1|  0|   5|    0|
    |mul_16s_16ns_25_1_1_U2199   |mul_16s_16ns_25_1_1   |        0|   1|  0|   5|    0|
    |mul_16s_16ns_25_1_1_U2200   |mul_16s_16ns_25_1_1   |        0|   1|  0|   5|    0|
    |mul_16s_16ns_25_1_1_U2201   |mul_16s_16ns_25_1_1   |        0|   1|  0|   5|    0|
    |mul_16s_16ns_25_1_1_U2202   |mul_16s_16ns_25_1_1   |        0|   1|  0|   5|    0|
    |mul_16s_16ns_25_1_1_U2203   |mul_16s_16ns_25_1_1   |        0|   1|  0|   5|    0|
    |mul_16s_16ns_25_1_1_U2204   |mul_16s_16ns_25_1_1   |        0|   1|  0|   5|    0|
    |mul_16s_16ns_25_1_1_U2205   |mul_16s_16ns_25_1_1   |        0|   1|  0|   5|    0|
    |mul_16s_16ns_25_1_1_U2206   |mul_16s_16ns_25_1_1   |        0|   1|  0|   5|    0|
    |mul_16s_16ns_25_1_1_U2207   |mul_16s_16ns_25_1_1   |        0|   1|  0|   5|    0|
    |mul_16s_16ns_25_1_1_U2208   |mul_16s_16ns_25_1_1   |        0|   1|  0|   5|    0|
    |mul_16s_16ns_25_1_1_U2209   |mul_16s_16ns_25_1_1   |        0|   1|  0|   5|    0|
    |mul_16s_16ns_25_1_1_U2210   |mul_16s_16ns_25_1_1   |        0|   1|  0|   5|    0|
    |mul_16s_16ns_25_1_1_U2211   |mul_16s_16ns_25_1_1   |        0|   1|  0|   5|    0|
    |mul_16s_16ns_25_1_1_U2212   |mul_16s_16ns_25_1_1   |        0|   1|  0|   5|    0|
    |mul_16s_16ns_25_1_1_U2213   |mul_16s_16ns_25_1_1   |        0|   1|  0|   5|    0|
    |mul_16s_16ns_25_1_1_U2214   |mul_16s_16ns_25_1_1   |        0|   1|  0|   5|    0|
    |mul_16s_16ns_25_1_1_U2215   |mul_16s_16ns_25_1_1   |        0|   1|  0|   5|    0|
    |sparsemux_9_2_16_1_1_U2129  |sparsemux_9_2_16_1_1  |        0|   0|  0|  20|    0|
    |sparsemux_9_2_16_1_1_U2131  |sparsemux_9_2_16_1_1  |        0|   0|  0|  20|    0|
    |sparsemux_9_2_16_1_1_U2133  |sparsemux_9_2_16_1_1  |        0|   0|  0|  20|    0|
    |sparsemux_9_2_16_1_1_U2135  |sparsemux_9_2_16_1_1  |        0|   0|  0|  20|    0|
    |sparsemux_9_2_16_1_1_U2137  |sparsemux_9_2_16_1_1  |        0|   0|  0|  20|    0|
    |sparsemux_9_2_16_1_1_U2139  |sparsemux_9_2_16_1_1  |        0|   0|  0|  20|    0|
    |sparsemux_9_2_16_1_1_U2141  |sparsemux_9_2_16_1_1  |        0|   0|  0|  20|    0|
    |sparsemux_9_2_16_1_1_U2143  |sparsemux_9_2_16_1_1  |        0|   0|  0|  20|    0|
    +----------------------------+----------------------+---------+----+---+----+-----+
    |Total                       |                      |        0|  80|  0| 560|    0|
    +----------------------------+----------------------+---------+----+---+----+-----+

    * DSP: 
    N/A

    * Memory: 
    +-------+----------------------------------------------------------------------------------+---------+---+----+-----+------+------+------+-------------+
    | Memory|                                      Module                                      | BRAM_18K| FF| LUT| URAM| Words| Bits | Banks| W*Bits*Banks|
    +-------+----------------------------------------------------------------------------------+---------+---+----+-----+------+------+------+-------------+
    |w21_U  |dense_resource_rf_leq_nin_ap_ufixed_ap_fixed_38_19_5_3_0_config21_s_w21_ROM_Ncux  |       36|  0|   0|    0|     4|  1273|     1|         5092|
    +-------+----------------------------------------------------------------------------------+---------+---+----+-----+------+------+------+-------------+
    |Total  |                                                                                  |       36|  0|   0|    0|     4|  1273|     1|         5092|
    +-------+----------------------------------------------------------------------------------+---------+---+----+-----+------+------+------+-------------+

    * FIFO: 
    N/A

    * Expression: 
    +-------------------------+----------+----+---+----+------------+------------+
    |      Variable Name      | Operation| DSP| FF| LUT| Bitwidth P0| Bitwidth P1|
    +-------------------------+----------+----+---+----+------------+------------+
    |add_ln58_702_fu_4307_p2  |         +|   0|  0|  23|          16|          16|
    |add_ln58_703_fu_4311_p2  |         +|   0|  0|  16|          16|          16|
    |add_ln58_704_fu_4317_p2  |         +|   0|  0|  16|          16|          16|
    |add_ln58_705_fu_4321_p2  |         +|   0|  0|  23|          16|          16|
    |add_ln58_706_fu_4325_p2  |         +|   0|  0|  16|          16|          16|
    |add_ln58_707_fu_4331_p2  |         +|   0|  0|  16|          16|          16|
    |add_ln58_709_fu_4343_p2  |         +|   0|  0|  16|          16|          16|
    |add_ln58_710_fu_4347_p2  |         +|   0|  0|  23|          16|          16|
    |add_ln58_711_fu_4351_p2  |         +|   0|  0|  16|          16|          16|
    |add_ln58_712_fu_4357_p2  |         +|   0|  0|  16|          16|          16|
    |add_ln58_713_fu_4361_p2  |         +|   0|  0|  23|          16|          16|
    |add_ln58_714_fu_4365_p2  |         +|   0|  0|  16|          16|          16|
    |add_ln58_715_fu_4371_p2  |         +|   0|  0|  16|          16|          16|
    |add_ln58_717_fu_4383_p2  |         +|   0|  0|  16|          16|          16|
    |add_ln58_718_fu_4387_p2  |         +|   0|  0|  23|          16|          16|
    |add_ln58_719_fu_4391_p2  |         +|   0|  0|  16|          16|          16|
    |add_ln58_720_fu_4397_p2  |         +|   0|  0|  16|          16|          16|
    |add_ln58_721_fu_4401_p2  |         +|   0|  0|  23|          16|          16|
    |add_ln58_722_fu_4405_p2  |         +|   0|  0|  16|          16|          16|
    |add_ln58_723_fu_4411_p2  |         +|   0|  0|  16|          16|          16|
    |add_ln58_725_fu_4423_p2  |         +|   0|  0|  16|          16|          16|
    |add_ln58_726_fu_4427_p2  |         +|   0|  0|  23|          16|          16|
    |add_ln58_727_fu_4431_p2  |         +|   0|  0|  16|          16|          16|
    |add_ln58_728_fu_4437_p2  |         +|   0|  0|  16|          16|          16|
    |add_ln58_729_fu_4441_p2  |         +|   0|  0|  23|          16|          16|
    |add_ln58_730_fu_4445_p2  |         +|   0|  0|  16|          16|          16|
    |add_ln58_731_fu_4451_p2  |         +|   0|  0|  16|          16|          16|
    |add_ln58_733_fu_4463_p2  |         +|   0|  0|  16|          16|          16|
    |add_ln58_734_fu_4467_p2  |         +|   0|  0|  23|          16|          16|
    |add_ln58_735_fu_4471_p2  |         +|   0|  0|  16|          16|          16|
    |add_ln58_736_fu_4477_p2  |         +|   0|  0|  16|          16|          16|
    |add_ln58_737_fu_4481_p2  |         +|   0|  0|  23|          16|          16|
    |add_ln58_738_fu_4485_p2  |         +|   0|  0|  16|          16|          16|
    |add_ln58_739_fu_4491_p2  |         +|   0|  0|  16|          16|          16|
    |add_ln58_741_fu_4503_p2  |         +|   0|  0|  16|          16|          16|
    |add_ln58_742_fu_4507_p2  |         +|   0|  0|  23|          16|          16|
    |add_ln58_743_fu_4511_p2  |         +|   0|  0|  16|          16|          16|
    |add_ln58_744_fu_4517_p2  |         +|   0|  0|  16|          16|          16|
    |add_ln58_745_fu_4521_p2  |         +|   0|  0|  23|          16|          16|
    |add_ln58_746_fu_4525_p2  |         +|   0|  0|  16|          16|          16|
    |add_ln58_747_fu_4531_p2  |         +|   0|  0|  16|          16|          16|
    |add_ln58_749_fu_4543_p2  |         +|   0|  0|  16|          16|          16|
    |add_ln58_750_fu_4547_p2  |         +|   0|  0|  23|          16|          16|
    |add_ln58_751_fu_4551_p2  |         +|   0|  0|  16|          16|          16|
    |add_ln58_752_fu_4557_p2  |         +|   0|  0|  16|          16|          16|
    |add_ln58_753_fu_4561_p2  |         +|   0|  0|  23|          16|          16|
    |add_ln58_754_fu_4565_p2  |         +|   0|  0|  16|          16|          16|
    |add_ln58_755_fu_4571_p2  |         +|   0|  0|  16|          16|          16|
    |add_ln58_757_fu_4583_p2  |         +|   0|  0|  16|          16|          16|
    |add_ln58_758_fu_4587_p2  |         +|   0|  0|  23|          16|          16|
    |add_ln58_759_fu_4591_p2  |         +|   0|  0|  16|          16|          16|
    |add_ln58_760_fu_4597_p2  |         +|   0|  0|  16|          16|          16|
    |add_ln58_761_fu_4601_p2  |         +|   0|  0|  23|          16|          16|
    |add_ln58_762_fu_4605_p2  |         +|   0|  0|  16|          16|          16|
    |add_ln58_763_fu_4611_p2  |         +|   0|  0|  16|          16|          16|
    |add_ln58_765_fu_4623_p2  |         +|   0|  0|  16|          16|          16|
    |add_ln58_766_fu_4627_p2  |         +|   0|  0|  23|          16|          16|
    |add_ln58_767_fu_4631_p2  |         +|   0|  0|  16|          16|          16|
    |add_ln58_768_fu_4637_p2  |         +|   0|  0|  16|          16|          16|
    |add_ln58_769_fu_4641_p2  |         +|   0|  0|  23|          16|          16|
    |add_ln58_770_fu_4645_p2  |         +|   0|  0|  16|          16|          16|
    |add_ln58_771_fu_4651_p2  |         +|   0|  0|  16|          16|          16|
    |add_ln58_773_fu_4663_p2  |         +|   0|  0|  16|          16|          16|
    |add_ln58_774_fu_4667_p2  |         +|   0|  0|  23|          16|          16|
    |add_ln58_775_fu_4671_p2  |         +|   0|  0|  16|          16|          16|
    |add_ln58_776_fu_4677_p2  |         +|   0|  0|  16|          16|          16|
    |add_ln58_777_fu_4681_p2  |         +|   0|  0|  23|          16|          16|
    |add_ln58_778_fu_4685_p2  |         +|   0|  0|  16|          16|          16|
    |add_ln58_779_fu_4691_p2  |         +|   0|  0|  16|          16|          16|
    |add_ln58_fu_4303_p2      |         +|   0|  0|  16|          16|          16|
    |w_index_fu_1673_p2       |         +|   0|  0|   9|           2|           1|
    |x_41_fu_4377_p2          |         +|   0|  0|  16|          16|          16|
    |x_42_fu_4417_p2          |         +|   0|  0|  16|          16|          16|
    |x_43_fu_4457_p2          |         +|   0|  0|  16|          16|          16|
    |x_44_fu_4497_p2          |         +|   0|  0|  16|          16|          16|
    |x_45_fu_4537_p2          |         +|   0|  0|  16|          16|          16|
    |x_46_fu_4577_p2          |         +|   0|  0|  16|          16|          16|
    |x_47_fu_4617_p2          |         +|   0|  0|  16|          16|          16|
    |x_48_fu_4657_p2          |         +|   0|  0|  16|          16|          16|
    |x_49_fu_4697_p2          |         +|   0|  0|  16|          16|          16|
    |x_fu_4337_p2             |         +|   0|  0|  16|          16|          16|
    |ap_condition_322         |       and|   0|  0|   2|           1|           1|
    |ap_condition_516         |       and|   0|  0|   2|           1|           1|
    |icmp_ln46_fu_1679_p2     |      icmp|   0|  0|   9|           2|           2|
    |ap_enable_pp0            |       xor|   0|  0|   2|           1|           2|
    +-------------------------+----------+----+---+----+------------+------------+
    |Total                    |          |   0|  0|1444|        1287|        1287|
    +-------------------------+----------+----+---+----+------------+------------+

    * Multiplexer: 
    +-------------------------------------------------+----+-----------+-----+-----------+
    |                       Name                      | LUT| Input Size| Bits| Total Bits|
    +-------------------------------------------------+----+-----------+-----+-----------+
    |ap_done_int                                      |   9|          2|    1|          2|
    |ap_loop_exit_ready_pp0_iter2_reg                 |   9|          2|    1|          2|
    |ap_phi_mux_conv_i2_i_151121_phi_fu_1546_p6       |   9|          2|   16|         32|
    |ap_phi_mux_conv_i2_i_231219_phi_fu_1560_p6       |   9|          2|   16|         32|
    |ap_phi_mux_conv_i2_i_311317_phi_fu_1574_p6       |   9|          2|   16|         32|
    |ap_phi_mux_conv_i2_i_391415_phi_fu_1588_p6       |   9|          2|   16|         32|
    |ap_phi_mux_conv_i2_i_471513_phi_fu_1602_p6       |   9|          2|   16|         32|
    |ap_phi_mux_conv_i2_i_551611_phi_fu_1616_p6       |   9|          2|   16|         32|
    |ap_phi_mux_conv_i2_i_63179_phi_fu_1630_p6        |   9|          2|   16|         32|
    |ap_phi_mux_conv_i2_i_71023_phi_fu_1532_p6        |   9|          2|   16|         32|
    |ap_phi_mux_conv_i2_i_71187_phi_fu_1644_p6        |   9|          2|   16|         32|
    |ap_phi_mux_conv_i2_i_79195_phi_fu_1658_p6        |   9|          2|   16|         32|
    |ap_phi_mux_data_0_val25_phi_phi_fu_1148_p4       |   9|          2|   16|         32|
    |ap_phi_mux_data_10_val35_phi_phi_fu_1268_p4      |   9|          2|   16|         32|
    |ap_phi_mux_data_11_val36_phi_phi_fu_1280_p4      |   9|          2|   16|         32|
    |ap_phi_mux_data_12_val37_phi_phi_fu_1292_p4      |   9|          2|   16|         32|
    |ap_phi_mux_data_13_val38_phi_phi_fu_1304_p4      |   9|          2|   16|         32|
    |ap_phi_mux_data_14_val39_phi_phi_fu_1316_p4      |   9|          2|   16|         32|
    |ap_phi_mux_data_15_val40_phi_phi_fu_1328_p4      |   9|          2|   16|         32|
    |ap_phi_mux_data_16_val41_phi_phi_fu_1340_p4      |   9|          2|   16|         32|
    |ap_phi_mux_data_17_val42_phi_phi_fu_1352_p4      |   9|          2|   16|         32|
    |ap_phi_mux_data_18_val43_phi_phi_fu_1364_p4      |   9|          2|   16|         32|
    |ap_phi_mux_data_19_val44_phi_phi_fu_1376_p4      |   9|          2|   16|         32|
    |ap_phi_mux_data_1_val26_phi_phi_fu_1160_p4       |   9|          2|   16|         32|
    |ap_phi_mux_data_20_val45_phi_phi_fu_1388_p4      |   9|          2|   16|         32|
    |ap_phi_mux_data_21_val46_phi_phi_fu_1400_p4      |   9|          2|   16|         32|
    |ap_phi_mux_data_22_val47_phi_phi_fu_1412_p4      |   9|          2|   16|         32|
    |ap_phi_mux_data_23_val48_phi_phi_fu_1424_p4      |   9|          2|   16|         32|
    |ap_phi_mux_data_24_val49_phi_phi_fu_1436_p4      |   9|          2|   16|         32|
    |ap_phi_mux_data_25_val50_phi_phi_fu_1448_p4      |   9|          2|   16|         32|
    |ap_phi_mux_data_26_val51_phi_phi_fu_1460_p4      |   9|          2|   16|         32|
    |ap_phi_mux_data_27_val52_phi_phi_fu_1472_p4      |   9|          2|   16|         32|
    |ap_phi_mux_data_28_val53_phi_phi_fu_1484_p4      |   9|          2|   16|         32|
    |ap_phi_mux_data_29_val54_phi_phi_fu_1496_p4      |   9|          2|   16|         32|
    |ap_phi_mux_data_2_val27_phi_phi_fu_1172_p4       |   9|          2|   16|         32|
    |ap_phi_mux_data_30_val55_phi_phi_fu_1508_p4      |   9|          2|   16|         32|
    |ap_phi_mux_data_31_val56_phi_phi_fu_1520_p4      |   9|          2|   16|         32|
    |ap_phi_mux_data_3_val28_phi_phi_fu_1184_p4       |   9|          2|   16|         32|
    |ap_phi_mux_data_4_val29_phi_phi_fu_1196_p4       |   9|          2|   16|         32|
    |ap_phi_mux_data_5_val30_phi_phi_fu_1208_p4       |   9|          2|   16|         32|
    |ap_phi_mux_data_6_val31_phi_phi_fu_1220_p4       |   9|          2|   16|         32|
    |ap_phi_mux_data_7_val32_phi_phi_fu_1232_p4       |   9|          2|   16|         32|
    |ap_phi_mux_data_8_val33_phi_phi_fu_1244_p4       |   9|          2|   16|         32|
    |ap_phi_mux_data_9_val34_phi_phi_fu_1256_p4       |   9|          2|   16|         32|
    |ap_phi_mux_do_init_phi_fu_670_p6                 |  14|          3|    1|          3|
    |ap_phi_mux_phi_ln49_phi_fu_685_p6                |  14|          3|    2|          6|
    |ap_phi_reg_pp0_iter1_data_0_val25_phi_reg_1144   |   9|          2|   16|         32|
    |ap_phi_reg_pp0_iter1_data_10_val35_phi_reg_1264  |   9|          2|   16|         32|
    |ap_phi_reg_pp0_iter1_data_11_val36_phi_reg_1276  |   9|          2|   16|         32|
    |ap_phi_reg_pp0_iter1_data_12_val37_phi_reg_1288  |   9|          2|   16|         32|
    |ap_phi_reg_pp0_iter1_data_13_val38_phi_reg_1300  |   9|          2|   16|         32|
    |ap_phi_reg_pp0_iter1_data_14_val39_phi_reg_1312  |   9|          2|   16|         32|
    |ap_phi_reg_pp0_iter1_data_15_val40_phi_reg_1324  |   9|          2|   16|         32|
    |ap_phi_reg_pp0_iter1_data_16_val41_phi_reg_1336  |   9|          2|   16|         32|
    |ap_phi_reg_pp0_iter1_data_17_val42_phi_reg_1348  |   9|          2|   16|         32|
    |ap_phi_reg_pp0_iter1_data_18_val43_phi_reg_1360  |   9|          2|   16|         32|
    |ap_phi_reg_pp0_iter1_data_19_val44_phi_reg_1372  |   9|          2|   16|         32|
    |ap_phi_reg_pp0_iter1_data_1_val26_phi_reg_1156   |   9|          2|   16|         32|
    |ap_phi_reg_pp0_iter1_data_20_val45_phi_reg_1384  |   9|          2|   16|         32|
    |ap_phi_reg_pp0_iter1_data_21_val46_phi_reg_1396  |   9|          2|   16|         32|
    |ap_phi_reg_pp0_iter1_data_22_val47_phi_reg_1408  |   9|          2|   16|         32|
    |ap_phi_reg_pp0_iter1_data_23_val48_phi_reg_1420  |   9|          2|   16|         32|
    |ap_phi_reg_pp0_iter1_data_24_val49_phi_reg_1432  |   9|          2|   16|         32|
    |ap_phi_reg_pp0_iter1_data_25_val50_phi_reg_1444  |   9|          2|   16|         32|
    |ap_phi_reg_pp0_iter1_data_26_val51_phi_reg_1456  |   9|          2|   16|         32|
    |ap_phi_reg_pp0_iter1_data_27_val52_phi_reg_1468  |   9|          2|   16|         32|
    |ap_phi_reg_pp0_iter1_data_28_val53_phi_reg_1480  |   9|          2|   16|         32|
    |ap_phi_reg_pp0_iter1_data_29_val54_phi_reg_1492  |   9|          2|   16|         32|
    |ap_phi_reg_pp0_iter1_data_2_val27_phi_reg_1168   |   9|          2|   16|         32|
    |ap_phi_reg_pp0_iter1_data_30_val55_phi_reg_1504  |   9|          2|   16|         32|
    |ap_phi_reg_pp0_iter1_data_31_val56_phi_reg_1516  |   9|          2|   16|         32|
    |ap_phi_reg_pp0_iter1_data_3_val28_phi_reg_1180   |   9|          2|   16|         32|
    |ap_phi_reg_pp0_iter1_data_4_val29_phi_reg_1192   |   9|          2|   16|         32|
    |ap_phi_reg_pp0_iter1_data_5_val30_phi_reg_1204   |   9|          2|   16|         32|
    |ap_phi_reg_pp0_iter1_data_6_val31_phi_reg_1216   |   9|          2|   16|         32|
    |ap_phi_reg_pp0_iter1_data_7_val32_phi_reg_1228   |   9|          2|   16|         32|
    |ap_phi_reg_pp0_iter1_data_8_val33_phi_reg_1240   |   9|          2|   16|         32|
    |ap_phi_reg_pp0_iter1_data_9_val34_phi_reg_1252   |   9|          2|   16|         32|
    |ap_return_0                                      |   9|          2|   29|         58|
    |ap_return_1                                      |   9|          2|   29|         58|
    |ap_return_2                                      |   9|          2|   29|         58|
    |ap_return_3                                      |   9|          2|   29|         58|
    |ap_return_4                                      |   9|          2|   29|         58|
    |ap_return_5                                      |   9|          2|   29|         58|
    |ap_return_6                                      |   9|          2|   29|         58|
    |ap_return_7                                      |   9|          2|   29|         58|
    |ap_return_8                                      |   9|          2|   29|         58|
    |ap_return_9                                      |   9|          2|   29|         58|
    |conv_i2_i_151121_reg_1542                        |   9|          2|   16|         32|
    |conv_i2_i_231219_reg_1556                        |   9|          2|   16|         32|
    |conv_i2_i_311317_reg_1570                        |   9|          2|   16|         32|
    |conv_i2_i_391415_reg_1584                        |   9|          2|   16|         32|
    |conv_i2_i_471513_reg_1598                        |   9|          2|   16|         32|
    |conv_i2_i_551611_reg_1612                        |   9|          2|   16|         32|
    |conv_i2_i_63179_reg_1626                         |   9|          2|   16|         32|
    |conv_i2_i_71023_reg_1528                         |   9|          2|   16|         32|
    |conv_i2_i_71187_reg_1640                         |   9|          2|   16|         32|
    |conv_i2_i_79195_reg_1654                         |   9|          2|   16|         32|
    |data_0_val25_phi_reg_1144                        |   9|          2|   16|         32|
    |data_10_val35_phi_reg_1264                       |   9|          2|   16|         32|
    |data_11_val36_phi_reg_1276                       |   9|          2|   16|         32|
    |data_12_val37_phi_reg_1288                       |   9|          2|   16|         32|
    |data_13_val38_phi_reg_1300                       |   9|          2|   16|         32|
    |data_14_val39_phi_reg_1312                       |   9|          2|   16|         32|
    |data_15_val40_phi_reg_1324                       |   9|          2|   16|         32|
    |data_16_val41_phi_reg_1336                       |   9|          2|   16|         32|
    |data_17_val42_phi_reg_1348                       |   9|          2|   16|         32|
    |data_18_val43_phi_reg_1360                       |   9|          2|   16|         32|
    |data_19_val44_phi_reg_1372                       |   9|          2|   16|         32|
    |data_1_val26_phi_reg_1156                        |   9|          2|   16|         32|
    |data_20_val45_phi_reg_1384                       |   9|          2|   16|         32|
    |data_21_val46_phi_reg_1396                       |   9|          2|   16|         32|
    |data_22_val47_phi_reg_1408                       |   9|          2|   16|         32|
    |data_23_val48_phi_reg_1420                       |   9|          2|   16|         32|
    |data_24_val49_phi_reg_1432                       |   9|          2|   16|         32|
    |data_25_val50_phi_reg_1444                       |   9|          2|   16|         32|
    |data_26_val51_phi_reg_1456                       |   9|          2|   16|         32|
    |data_27_val52_phi_reg_1468                       |   9|          2|   16|         32|
    |data_28_val53_phi_reg_1480                       |   9|          2|   16|         32|
    |data_29_val54_phi_reg_1492                       |   9|          2|   16|         32|
    |data_2_val27_phi_reg_1168                        |   9|          2|   16|         32|
    |data_30_val55_phi_reg_1504                       |   9|          2|   16|         32|
    |data_31_val56_phi_reg_1516                       |   9|          2|   16|         32|
    |data_3_val28_phi_reg_1180                        |   9|          2|   16|         32|
    |data_4_val29_phi_reg_1192                        |   9|          2|   16|         32|
    |data_5_val30_phi_reg_1204                        |   9|          2|   16|         32|
    |data_6_val31_phi_reg_1216                        |   9|          2|   16|         32|
    |data_7_val32_phi_reg_1228                        |   9|          2|   16|         32|
    |data_8_val33_phi_reg_1240                        |   9|          2|   16|         32|
    |data_9_val34_phi_reg_1252                        |   9|          2|   16|         32|
    |phi_ln49_reg_682                                 |   9|          2|    2|          4|
    +-------------------------------------------------+----+-----------+-----+-----------+
    |Total                                            |1189|        264| 2153|       4309|
    +-------------------------------------------------+----+-----------+-----+-----------+

    * Register: 
    +-------------------------------------------------+----+----+-----+-----------+
    |                       Name                      | FF | LUT| Bits| Const Bits|
    +-------------------------------------------------+----+----+-----+-----------+
    |ap_CS_fsm                                        |   1|   0|    1|          0|
    |ap_done_reg                                      |   1|   0|    1|          0|
    |ap_enable_reg_pp0_iter1                          |   1|   0|    1|          0|
    |ap_enable_reg_pp0_iter2                          |   1|   0|    1|          0|
    |ap_loop_exit_ready_pp0_iter1_reg                 |   1|   0|    1|          0|
    |ap_loop_exit_ready_pp0_iter2_reg                 |   1|   0|    1|          0|
    |ap_loop_init_pp0_iter1_reg                       |   1|   0|    1|          0|
    |ap_loop_init_pp0_iter2_reg                       |   1|   0|    1|          0|
    |ap_phi_reg_pp0_iter1_data_0_val25_phi_reg_1144   |  16|   0|   16|          0|
    |ap_phi_reg_pp0_iter1_data_10_val35_phi_reg_1264  |  16|   0|   16|          0|
    |ap_phi_reg_pp0_iter1_data_11_val36_phi_reg_1276  |  16|   0|   16|          0|
    |ap_phi_reg_pp0_iter1_data_12_val37_phi_reg_1288  |  16|   0|   16|          0|
    |ap_phi_reg_pp0_iter1_data_13_val38_phi_reg_1300  |  16|   0|   16|          0|
    |ap_phi_reg_pp0_iter1_data_14_val39_phi_reg_1312  |  16|   0|   16|          0|
    |ap_phi_reg_pp0_iter1_data_15_val40_phi_reg_1324  |  16|   0|   16|          0|
    |ap_phi_reg_pp0_iter1_data_16_val41_phi_reg_1336  |  16|   0|   16|          0|
    |ap_phi_reg_pp0_iter1_data_17_val42_phi_reg_1348  |  16|   0|   16|          0|
    |ap_phi_reg_pp0_iter1_data_18_val43_phi_reg_1360  |  16|   0|   16|          0|
    |ap_phi_reg_pp0_iter1_data_19_val44_phi_reg_1372  |  16|   0|   16|          0|
    |ap_phi_reg_pp0_iter1_data_1_val26_phi_reg_1156   |  16|   0|   16|          0|
    |ap_phi_reg_pp0_iter1_data_20_val45_phi_reg_1384  |  16|   0|   16|          0|
    |ap_phi_reg_pp0_iter1_data_21_val46_phi_reg_1396  |  16|   0|   16|          0|
    |ap_phi_reg_pp0_iter1_data_22_val47_phi_reg_1408  |  16|   0|   16|          0|
    |ap_phi_reg_pp0_iter1_data_23_val48_phi_reg_1420  |  16|   0|   16|          0|
    |ap_phi_reg_pp0_iter1_data_24_val49_phi_reg_1432  |  16|   0|   16|          0|
    |ap_phi_reg_pp0_iter1_data_25_val50_phi_reg_1444  |  16|   0|   16|          0|
    |ap_phi_reg_pp0_iter1_data_26_val51_phi_reg_1456  |  16|   0|   16|          0|
    |ap_phi_reg_pp0_iter1_data_27_val52_phi_reg_1468  |  16|   0|   16|          0|
    |ap_phi_reg_pp0_iter1_data_28_val53_phi_reg_1480  |  16|   0|   16|          0|
    |ap_phi_reg_pp0_iter1_data_29_val54_phi_reg_1492  |  16|   0|   16|          0|
    |ap_phi_reg_pp0_iter1_data_2_val27_phi_reg_1168   |  16|   0|   16|          0|
    |ap_phi_reg_pp0_iter1_data_30_val55_phi_reg_1504  |  16|   0|   16|          0|
    |ap_phi_reg_pp0_iter1_data_31_val56_phi_reg_1516  |  16|   0|   16|          0|
    |ap_phi_reg_pp0_iter1_data_3_val28_phi_reg_1180   |  16|   0|   16|          0|
    |ap_phi_reg_pp0_iter1_data_4_val29_phi_reg_1192   |  16|   0|   16|          0|
    |ap_phi_reg_pp0_iter1_data_5_val30_phi_reg_1204   |  16|   0|   16|          0|
    |ap_phi_reg_pp0_iter1_data_6_val31_phi_reg_1216   |  16|   0|   16|          0|
    |ap_phi_reg_pp0_iter1_data_7_val32_phi_reg_1228   |  16|   0|   16|          0|
    |ap_phi_reg_pp0_iter1_data_8_val33_phi_reg_1240   |  16|   0|   16|          0|
    |ap_phi_reg_pp0_iter1_data_9_val34_phi_reg_1252   |  16|   0|   16|          0|
    |ap_return_0_preg                                 |  29|   0|   38|          9|
    |ap_return_1_preg                                 |  29|   0|   38|          9|
    |ap_return_2_preg                                 |  29|   0|   38|          9|
    |ap_return_3_preg                                 |  29|   0|   38|          9|
    |ap_return_4_preg                                 |  29|   0|   38|          9|
    |ap_return_5_preg                                 |  29|   0|   38|          9|
    |ap_return_6_preg                                 |  29|   0|   38|          9|
    |ap_return_7_preg                                 |  29|   0|   38|          9|
    |ap_return_8_preg                                 |  29|   0|   38|          9|
    |ap_return_9_preg                                 |  29|   0|   38|          9|
    |conv_i2_i_151121_reg_1542                        |  16|   0|   16|          0|
    |conv_i2_i_231219_reg_1556                        |  16|   0|   16|          0|
    |conv_i2_i_311317_reg_1570                        |  16|   0|   16|          0|
    |conv_i2_i_391415_reg_1584                        |  16|   0|   16|          0|
    |conv_i2_i_471513_reg_1598                        |  16|   0|   16|          0|
    |conv_i2_i_551611_reg_1612                        |  16|   0|   16|          0|
    |conv_i2_i_63179_reg_1626                         |  16|   0|   16|          0|
    |conv_i2_i_71023_reg_1528                         |  16|   0|   16|          0|
    |conv_i2_i_71187_reg_1640                         |  16|   0|   16|          0|
    |conv_i2_i_79195_reg_1654                         |  16|   0|   16|          0|
    |data_0_val25_phi_reg_1144                        |  16|   0|   16|          0|
    |data_10_val35_phi_reg_1264                       |  16|   0|   16|          0|
    |data_11_val36_phi_reg_1276                       |  16|   0|   16|          0|
    |data_12_val37_phi_reg_1288                       |  16|   0|   16|          0|
    |data_13_val38_phi_reg_1300                       |  16|   0|   16|          0|
    |data_14_val39_phi_reg_1312                       |  16|   0|   16|          0|
    |data_15_val40_phi_reg_1324                       |  16|   0|   16|          0|
    |data_16_val41_phi_reg_1336                       |  16|   0|   16|          0|
    |data_17_val42_phi_reg_1348                       |  16|   0|   16|          0|
    |data_18_val43_phi_reg_1360                       |  16|   0|   16|          0|
    |data_19_val44_phi_reg_1372                       |  16|   0|   16|          0|
    |data_1_val26_phi_reg_1156                        |  16|   0|   16|          0|
    |data_20_val45_phi_reg_1384                       |  16|   0|   16|          0|
    |data_21_val46_phi_reg_1396                       |  16|   0|   16|          0|
    |data_22_val47_phi_reg_1408                       |  16|   0|   16|          0|
    |data_23_val48_phi_reg_1420                       |  16|   0|   16|          0|
    |data_24_val49_phi_reg_1432                       |  16|   0|   16|          0|
    |data_25_val50_phi_reg_1444                       |  16|   0|   16|          0|
    |data_26_val51_phi_reg_1456                       |  16|   0|   16|          0|
    |data_27_val52_phi_reg_1468                       |  16|   0|   16|          0|
    |data_28_val53_phi_reg_1480                       |  16|   0|   16|          0|
    |data_29_val54_phi_reg_1492                       |  16|   0|   16|          0|
    |data_2_val27_phi_reg_1168                        |  16|   0|   16|          0|
    |data_30_val55_phi_reg_1504                       |  16|   0|   16|          0|
    |data_31_val56_phi_reg_1516                       |  16|   0|   16|          0|
    |data_3_val28_phi_reg_1180                        |  16|   0|   16|          0|
    |data_4_val29_phi_reg_1192                        |  16|   0|   16|          0|
    |data_5_val30_phi_reg_1204                        |  16|   0|   16|          0|
    |data_6_val31_phi_reg_1216                        |  16|   0|   16|          0|
    |data_7_val32_phi_reg_1228                        |  16|   0|   16|          0|
    |data_8_val33_phi_reg_1240                        |  16|   0|   16|          0|
    |data_9_val34_phi_reg_1252                        |  16|   0|   16|          0|
    |do_init_reg_667                                  |   1|   0|    1|          0|
    |icmp_ln46_reg_5057                               |   1|   0|    1|          0|
    |icmp_ln46_reg_5057_pp0_iter1_reg                 |   1|   0|    1|          0|
    |phi_ln49_reg_682                                 |   2|   0|    2|          0|
    |trunc_ln58_699_reg_5071                          |  16|   0|   16|          0|
    |trunc_ln58_700_reg_5076                          |  16|   0|   16|          0|
    |trunc_ln58_701_reg_5081                          |  16|   0|   16|          0|
    |trunc_ln58_702_reg_5086                          |  16|   0|   16|          0|
    |trunc_ln58_703_reg_5091                          |  16|   0|   16|          0|
    |trunc_ln58_704_reg_5096                          |  16|   0|   16|          0|
    |trunc_ln58_705_reg_5101                          |  16|   0|   16|          0|
    |trunc_ln58_706_reg_5106                          |  16|   0|   16|          0|
    |trunc_ln58_707_reg_5111                          |  16|   0|   16|          0|
    |trunc_ln58_708_reg_5116                          |  16|   0|   16|          0|
    |trunc_ln58_709_reg_5121                          |  16|   0|   16|          0|
    |trunc_ln58_710_reg_5126                          |  16|   0|   16|          0|
    |trunc_ln58_711_reg_5131                          |  16|   0|   16|          0|
    |trunc_ln58_712_reg_5136                          |  16|   0|   16|          0|
    |trunc_ln58_713_reg_5141                          |  16|   0|   16|          0|
    |trunc_ln58_714_reg_5146                          |  16|   0|   16|          0|
    |trunc_ln58_715_reg_5151                          |  16|   0|   16|          0|
    |trunc_ln58_716_reg_5156                          |  16|   0|   16|          0|
    |trunc_ln58_717_reg_5161                          |  16|   0|   16|          0|
    |trunc_ln58_718_reg_5166                          |  16|   0|   16|          0|
    |trunc_ln58_719_reg_5171                          |  16|   0|   16|          0|
    |trunc_ln58_720_reg_5176                          |  16|   0|   16|          0|
    |trunc_ln58_721_reg_5181                          |  16|   0|   16|          0|
    |trunc_ln58_722_reg_5186                          |  16|   0|   16|          0|
    |trunc_ln58_723_reg_5191                          |  16|   0|   16|          0|
    |trunc_ln58_724_reg_5196                          |  16|   0|   16|          0|
    |trunc_ln58_725_reg_5201                          |  16|   0|   16|          0|
    |trunc_ln58_726_reg_5206                          |  16|   0|   16|          0|
    |trunc_ln58_727_reg_5211                          |  16|   0|   16|          0|
    |trunc_ln58_728_reg_5216                          |  16|   0|   16|          0|
    |trunc_ln58_729_reg_5221                          |  16|   0|   16|          0|
    |trunc_ln58_730_reg_5226                          |  16|   0|   16|          0|
    |trunc_ln58_731_reg_5231                          |  16|   0|   16|          0|
    |trunc_ln58_732_reg_5236                          |  16|   0|   16|          0|
    |trunc_ln58_733_reg_5241                          |  16|   0|   16|          0|
    |trunc_ln58_734_reg_5246                          |  16|   0|   16|          0|
    |trunc_ln58_735_reg_5251                          |  16|   0|   16|          0|
    |trunc_ln58_736_reg_5256                          |  16|   0|   16|          0|
    |trunc_ln58_737_reg_5261                          |  16|   0|   16|          0|
    |trunc_ln58_738_reg_5266                          |  16|   0|   16|          0|
    |trunc_ln58_739_reg_5271                          |  16|   0|   16|          0|
    |trunc_ln58_740_reg_5276                          |  16|   0|   16|          0|
    |trunc_ln58_741_reg_5281                          |  16|   0|   16|          0|
    |trunc_ln58_742_reg_5286                          |  16|   0|   16|          0|
    |trunc_ln58_743_reg_5291                          |  16|   0|   16|          0|
    |trunc_ln58_744_reg_5296                          |  16|   0|   16|          0|
    |trunc_ln58_745_reg_5301                          |  16|   0|   16|          0|
    |trunc_ln58_746_reg_5306                          |  16|   0|   16|          0|
    |trunc_ln58_747_reg_5311                          |  16|   0|   16|          0|
    |trunc_ln58_748_reg_5316                          |  16|   0|   16|          0|
    |trunc_ln58_749_reg_5321                          |  16|   0|   16|          0|
    |trunc_ln58_750_reg_5326                          |  16|   0|   16|          0|
    |trunc_ln58_751_reg_5331                          |  16|   0|   16|          0|
    |trunc_ln58_752_reg_5336                          |  16|   0|   16|          0|
    |trunc_ln58_753_reg_5341                          |  16|   0|   16|          0|
    |trunc_ln58_754_reg_5346                          |  16|   0|   16|          0|
    |trunc_ln58_755_reg_5351                          |  16|   0|   16|          0|
    |trunc_ln58_756_reg_5356                          |  16|   0|   16|          0|
    |trunc_ln58_757_reg_5361                          |  16|   0|   16|          0|
    |trunc_ln58_758_reg_5366                          |  16|   0|   16|          0|
    |trunc_ln58_759_reg_5371                          |  16|   0|   16|          0|
    |trunc_ln58_760_reg_5376                          |  16|   0|   16|          0|
    |trunc_ln58_761_reg_5381                          |  16|   0|   16|          0|
    |trunc_ln58_762_reg_5386                          |  16|   0|   16|          0|
    |trunc_ln58_763_reg_5391                          |  16|   0|   16|          0|
    |trunc_ln58_764_reg_5396                          |  16|   0|   16|          0|
    |trunc_ln58_765_reg_5401                          |  16|   0|   16|          0|
    |trunc_ln58_766_reg_5406                          |  16|   0|   16|          0|
    |trunc_ln58_767_reg_5411                          |  16|   0|   16|          0|
    |trunc_ln58_768_reg_5416                          |  16|   0|   16|          0|
    |trunc_ln58_769_reg_5421                          |  16|   0|   16|          0|
    |trunc_ln58_770_reg_5426                          |  16|   0|   16|          0|
    |trunc_ln58_771_reg_5431                          |  16|   0|   16|          0|
    |trunc_ln58_772_reg_5436                          |  16|   0|   16|          0|
    |trunc_ln58_773_reg_5441                          |  16|   0|   16|          0|
    |trunc_ln58_774_reg_5446                          |  16|   0|   16|          0|
    |trunc_ln58_775_reg_5451                          |  16|   0|   16|          0|
    |trunc_ln58_776_reg_5456                          |  16|   0|   16|          0|
    |trunc_ln58_s_reg_5066                            |  16|   0|   16|          0|
    |trunc_ln_reg_5061                                |  16|   0|   16|          0|
    |w_index_reg_5052                                 |   2|   0|    2|          0|
    +-------------------------------------------------+----+----+-----+-----------+
    |Total                                            |2769|   0| 2859|         90|
    +-------------------------------------------------+----+----+-----+-----------+



================================================================
== Interface
================================================================
* Summary: 
+-------------+-----+-----+------------+---------------------------------------------------------------------+--------------+
|  RTL Ports  | Dir | Bits|  Protocol  |                            Source Object                            |    C Type    |
+-------------+-----+-----+------------+---------------------------------------------------------------------+--------------+
|ap_clk       |   in|    1|  ap_ctrl_hs|  dense_resource_rf_leq_nin<ap_ufixed,ap_fixed<38,19,5,3,0>,config21>|  return value|
|ap_rst       |   in|    1|  ap_ctrl_hs|  dense_resource_rf_leq_nin<ap_ufixed,ap_fixed<38,19,5,3,0>,config21>|  return value|
|ap_start     |   in|    1|  ap_ctrl_hs|  dense_resource_rf_leq_nin<ap_ufixed,ap_fixed<38,19,5,3,0>,config21>|  return value|
|ap_done      |  out|    1|  ap_ctrl_hs|  dense_resource_rf_leq_nin<ap_ufixed,ap_fixed<38,19,5,3,0>,config21>|  return value|
|ap_idle      |  out|    1|  ap_ctrl_hs|  dense_resource_rf_leq_nin<ap_ufixed,ap_fixed<38,19,5,3,0>,config21>|  return value|
|ap_ready     |  out|    1|  ap_ctrl_hs|  dense_resource_rf_leq_nin<ap_ufixed,ap_fixed<38,19,5,3,0>,config21>|  return value|
|ap_return_0  |  out|   38|  ap_ctrl_hs|  dense_resource_rf_leq_nin<ap_ufixed,ap_fixed<38,19,5,3,0>,config21>|  return value|
|ap_return_1  |  out|   38|  ap_ctrl_hs|  dense_resource_rf_leq_nin<ap_ufixed,ap_fixed<38,19,5,3,0>,config21>|  return value|
|ap_return_2  |  out|   38|  ap_ctrl_hs|  dense_resource_rf_leq_nin<ap_ufixed,ap_fixed<38,19,5,3,0>,config21>|  return value|
|ap_return_3  |  out|   38|  ap_ctrl_hs|  dense_resource_rf_leq_nin<ap_ufixed,ap_fixed<38,19,5,3,0>,config21>|  return value|
|ap_return_4  |  out|   38|  ap_ctrl_hs|  dense_resource_rf_leq_nin<ap_ufixed,ap_fixed<38,19,5,3,0>,config21>|  return value|
|ap_return_5  |  out|   38|  ap_ctrl_hs|  dense_resource_rf_leq_nin<ap_ufixed,ap_fixed<38,19,5,3,0>,config21>|  return value|
|ap_return_6  |  out|   38|  ap_ctrl_hs|  dense_resource_rf_leq_nin<ap_ufixed,ap_fixed<38,19,5,3,0>,config21>|  return value|
|ap_return_7  |  out|   38|  ap_ctrl_hs|  dense_resource_rf_leq_nin<ap_ufixed,ap_fixed<38,19,5,3,0>,config21>|  return value|
|ap_return_8  |  out|   38|  ap_ctrl_hs|  dense_resource_rf_leq_nin<ap_ufixed,ap_fixed<38,19,5,3,0>,config21>|  return value|
|ap_return_9  |  out|   38|  ap_ctrl_hs|  dense_resource_rf_leq_nin<ap_ufixed,ap_fixed<38,19,5,3,0>,config21>|  return value|
|data_0_val   |   in|   16|     ap_none|                                                           data_0_val|        scalar|
|data_1_val   |   in|   16|     ap_none|                                                           data_1_val|        scalar|
|data_2_val   |   in|   16|     ap_none|                                                           data_2_val|        scalar|
|data_3_val   |   in|   16|     ap_none|                                                           data_3_val|        scalar|
|data_4_val   |   in|   16|     ap_none|                                                           data_4_val|        scalar|
|data_5_val   |   in|   16|     ap_none|                                                           data_5_val|        scalar|
|data_6_val   |   in|   16|     ap_none|                                                           data_6_val|        scalar|
|data_7_val   |   in|   16|     ap_none|                                                           data_7_val|        scalar|
|data_8_val   |   in|   16|     ap_none|                                                           data_8_val|        scalar|
|data_9_val   |   in|   16|     ap_none|                                                           data_9_val|        scalar|
|data_10_val  |   in|   16|     ap_none|                                                          data_10_val|        scalar|
|data_11_val  |   in|   16|     ap_none|                                                          data_11_val|        scalar|
|data_12_val  |   in|   16|     ap_none|                                                          data_12_val|        scalar|
|data_13_val  |   in|   16|     ap_none|                                                          data_13_val|        scalar|
|data_14_val  |   in|   16|     ap_none|                                                          data_14_val|        scalar|
|data_15_val  |   in|   16|     ap_none|                                                          data_15_val|        scalar|
|data_16_val  |   in|   16|     ap_none|                                                          data_16_val|        scalar|
|data_17_val  |   in|   16|     ap_none|                                                          data_17_val|        scalar|
|data_18_val  |   in|   16|     ap_none|                                                          data_18_val|        scalar|
|data_19_val  |   in|   16|     ap_none|                                                          data_19_val|        scalar|
|data_20_val  |   in|   16|     ap_none|                                                          data_20_val|        scalar|
|data_21_val  |   in|   16|     ap_none|                                                          data_21_val|        scalar|
|data_22_val  |   in|   16|     ap_none|                                                          data_22_val|        scalar|
|data_23_val  |   in|   16|     ap_none|                                                          data_23_val|        scalar|
|data_24_val  |   in|   16|     ap_none|                                                          data_24_val|        scalar|
|data_25_val  |   in|   16|     ap_none|                                                          data_25_val|        scalar|
|data_26_val  |   in|   16|     ap_none|                                                          data_26_val|        scalar|
|data_27_val  |   in|   16|     ap_none|                                                          data_27_val|        scalar|
|data_28_val  |   in|   16|     ap_none|                                                          data_28_val|        scalar|
|data_29_val  |   in|   16|     ap_none|                                                          data_29_val|        scalar|
|data_30_val  |   in|   16|     ap_none|                                                          data_30_val|        scalar|
|data_31_val  |   in|   16|     ap_none|                                                          data_31_val|        scalar|
+-------------+-----+-----+------------+---------------------------------------------------------------------+--------------+

