

================================================================
== Vitis HLS Report for 'dense_latency_wrapper_ap_ufixed_ap_fixed_37_18_5_3_0_config21_s'
================================================================
* Date:           Sun Mar 22 09:49:25 2026

* Version:        2023.2 (Build 4023990 on Oct 11 2023)
* Project:        myproject_prj
* Solution:       solution1 (Vivado IP Flow Target)
* Product family: zynquplus
* Target device:  xck26-sfvc784-2LV-c


================================================================
== Performance Estimates
================================================================
+ Timing: 
    * Summary: 
    +--------+---------+----------+------------+
    |  Clock |  Target | Estimated| Uncertainty|
    +--------+---------+----------+------------+
    |ap_clk  |  5.00 ns|  3.274 ns|     1.35 ns|
    +--------+---------+----------+------------+

+ Latency: 
    * Summary: 
    +---------+---------+----------+----------+-----+-----+---------+
    |  Latency (cycles) |  Latency (absolute) |  Interval | Pipeline|
    |   min   |   max   |    min   |    max   | min | max |   Type  |
    +---------+---------+----------+----------+-----+-----+---------+
    |        1|        1|  5.000 ns|  5.000 ns|    1|    1|      yes|
    +---------+---------+----------+----------+-----+-----+---------+

    + Detail: 
        * Instance: 
        N/A

        * Loop: 
        N/A



================================================================
== Utilization Estimates
================================================================
* Summary: 
+-----------------+---------+------+--------+--------+-----+
|       Name      | BRAM_18K|  DSP |   FF   |   LUT  | URAM|
+-----------------+---------+------+--------+--------+-----+
|DSP              |        -|     -|       -|       -|    -|
|Expression       |        -|     -|       0|    3697|    -|
|FIFO             |        -|     -|       -|       -|    -|
|Instance         |        -|   138|       0|     690|    -|
|Memory           |        -|     -|       -|       -|    -|
|Multiplexer      |        -|     -|       -|       -|    -|
|Register         |        -|     -|    1676|       -|    -|
+-----------------+---------+------+--------+--------+-----+
|Total            |        0|   138|    1676|    4387|    0|
+-----------------+---------+------+--------+--------+-----+
|Available        |      288|  1248|  234240|  117120|   64|
+-----------------+---------+------+--------+--------+-----+
|Utilization (%)  |        0|    11|      ~0|       3|    0|
+-----------------+---------+------+--------+--------+-----+

+ Detail: 
    * Instance: 
    +----------------------------+----------------------+---------+----+---+----+-----+
    |          Instance          |        Module        | BRAM_18K| DSP| FF| LUT| URAM|
    +----------------------------+----------------------+---------+----+---+----+-----+
    |mul_16ns_10ns_25_1_1_U1409  |mul_16ns_10ns_25_1_1  |        0|   1|  0|   5|    0|
    |mul_16ns_10ns_25_1_1_U1418  |mul_16ns_10ns_25_1_1  |        0|   1|  0|   5|    0|
    |mul_16ns_10ns_25_1_1_U1422  |mul_16ns_10ns_25_1_1  |        0|   1|  0|   5|    0|
    |mul_16ns_10ns_25_1_1_U1426  |mul_16ns_10ns_25_1_1  |        0|   1|  0|   5|    0|
    |mul_16ns_10ns_25_1_1_U1427  |mul_16ns_10ns_25_1_1  |        0|   1|  0|   5|    0|
    |mul_16ns_10ns_25_1_1_U1432  |mul_16ns_10ns_25_1_1  |        0|   1|  0|   5|    0|
    |mul_16ns_10ns_25_1_1_U1435  |mul_16ns_10ns_25_1_1  |        0|   1|  0|   5|    0|
    |mul_16ns_10ns_25_1_1_U1438  |mul_16ns_10ns_25_1_1  |        0|   1|  0|   5|    0|
    |mul_16ns_10ns_25_1_1_U1443  |mul_16ns_10ns_25_1_1  |        0|   1|  0|   5|    0|
    |mul_16ns_10ns_25_1_1_U1447  |mul_16ns_10ns_25_1_1  |        0|   1|  0|   5|    0|
    |mul_16ns_10ns_25_1_1_U1449  |mul_16ns_10ns_25_1_1  |        0|   1|  0|   5|    0|
    |mul_16ns_10ns_25_1_1_U1463  |mul_16ns_10ns_25_1_1  |        0|   1|  0|   5|    0|
    |mul_16ns_10ns_25_1_1_U1464  |mul_16ns_10ns_25_1_1  |        0|   1|  0|   5|    0|
    |mul_16ns_10ns_25_1_1_U1468  |mul_16ns_10ns_25_1_1  |        0|   1|  0|   5|    0|
    |mul_16ns_10ns_25_1_1_U1469  |mul_16ns_10ns_25_1_1  |        0|   1|  0|   5|    0|
    |mul_16ns_10ns_25_1_1_U1480  |mul_16ns_10ns_25_1_1  |        0|   1|  0|   5|    0|
    |mul_16ns_10ns_25_1_1_U1486  |mul_16ns_10ns_25_1_1  |        0|   1|  0|   5|    0|
    |mul_16ns_10ns_25_1_1_U1488  |mul_16ns_10ns_25_1_1  |        0|   1|  0|   5|    0|
    |mul_16ns_10ns_25_1_1_U1493  |mul_16ns_10ns_25_1_1  |        0|   1|  0|   5|    0|
    |mul_16ns_10ns_25_1_1_U1503  |mul_16ns_10ns_25_1_1  |        0|   1|  0|   5|    0|
    |mul_16ns_10ns_25_1_1_U1514  |mul_16ns_10ns_25_1_1  |        0|   1|  0|   5|    0|
    |mul_16ns_10s_25_1_1_U1380   |mul_16ns_10s_25_1_1   |        0|   1|  0|   5|    0|
    |mul_16ns_10s_25_1_1_U1383   |mul_16ns_10s_25_1_1   |        0|   1|  0|   5|    0|
    |mul_16ns_10s_25_1_1_U1384   |mul_16ns_10s_25_1_1   |        0|   1|  0|   5|    0|
    |mul_16ns_10s_25_1_1_U1387   |mul_16ns_10s_25_1_1   |        0|   1|  0|   5|    0|
    |mul_16ns_10s_25_1_1_U1388   |mul_16ns_10s_25_1_1   |        0|   1|  0|   5|    0|
    |mul_16ns_10s_25_1_1_U1390   |mul_16ns_10s_25_1_1   |        0|   1|  0|   5|    0|
    |mul_16ns_10s_25_1_1_U1391   |mul_16ns_10s_25_1_1   |        0|   1|  0|   5|    0|
    |mul_16ns_10s_25_1_1_U1400   |mul_16ns_10s_25_1_1   |        0|   1|  0|   5|    0|
    |mul_16ns_10s_25_1_1_U1408   |mul_16ns_10s_25_1_1   |        0|   1|  0|   5|    0|
    |mul_16ns_10s_25_1_1_U1424   |mul_16ns_10s_25_1_1   |        0|   1|  0|   5|    0|
    |mul_16ns_10s_25_1_1_U1429   |mul_16ns_10s_25_1_1   |        0|   1|  0|   5|    0|
    |mul_16ns_10s_25_1_1_U1433   |mul_16ns_10s_25_1_1   |        0|   1|  0|   5|    0|
    |mul_16ns_10s_25_1_1_U1452   |mul_16ns_10s_25_1_1   |        0|   1|  0|   5|    0|
    |mul_16ns_10s_25_1_1_U1454   |mul_16ns_10s_25_1_1   |        0|   1|  0|   5|    0|
    |mul_16ns_10s_25_1_1_U1465   |mul_16ns_10s_25_1_1   |        0|   1|  0|   5|    0|
    |mul_16ns_10s_25_1_1_U1473   |mul_16ns_10s_25_1_1   |        0|   1|  0|   5|    0|
    |mul_16ns_10s_25_1_1_U1476   |mul_16ns_10s_25_1_1   |        0|   1|  0|   5|    0|
    |mul_16ns_10s_25_1_1_U1485   |mul_16ns_10s_25_1_1   |        0|   1|  0|   5|    0|
    |mul_16ns_11s_25_1_1_U1377   |mul_16ns_11s_25_1_1   |        0|   1|  0|   5|    0|
    |mul_16ns_11s_25_1_1_U1381   |mul_16ns_11s_25_1_1   |        0|   1|  0|   5|    0|
    |mul_16ns_11s_25_1_1_U1392   |mul_16ns_11s_25_1_1   |        0|   1|  0|   5|    0|
    |mul_16ns_11s_25_1_1_U1410   |mul_16ns_11s_25_1_1   |        0|   1|  0|   5|    0|
    |mul_16ns_11s_25_1_1_U1412   |mul_16ns_11s_25_1_1   |        0|   1|  0|   5|    0|
    |mul_16ns_11s_25_1_1_U1417   |mul_16ns_11s_25_1_1   |        0|   1|  0|   5|    0|
    |mul_16ns_11s_25_1_1_U1423   |mul_16ns_11s_25_1_1   |        0|   1|  0|   5|    0|
    |mul_16ns_11s_25_1_1_U1425   |mul_16ns_11s_25_1_1   |        0|   1|  0|   5|    0|
    |mul_16ns_11s_25_1_1_U1434   |mul_16ns_11s_25_1_1   |        0|   1|  0|   5|    0|
    |mul_16ns_11s_25_1_1_U1439   |mul_16ns_11s_25_1_1   |        0|   1|  0|   5|    0|
    |mul_16ns_11s_25_1_1_U1440   |mul_16ns_11s_25_1_1   |        0|   1|  0|   5|    0|
    |mul_16ns_11s_25_1_1_U1445   |mul_16ns_11s_25_1_1   |        0|   1|  0|   5|    0|
    |mul_16ns_11s_25_1_1_U1446   |mul_16ns_11s_25_1_1   |        0|   1|  0|   5|    0|
    |mul_16ns_11s_25_1_1_U1450   |mul_16ns_11s_25_1_1   |        0|   1|  0|   5|    0|
    |mul_16ns_11s_25_1_1_U1453   |mul_16ns_11s_25_1_1   |        0|   1|  0|   5|    0|
    |mul_16ns_11s_25_1_1_U1456   |mul_16ns_11s_25_1_1   |        0|   1|  0|   5|    0|
    |mul_16ns_11s_25_1_1_U1460   |mul_16ns_11s_25_1_1   |        0|   1|  0|   5|    0|
    |mul_16ns_11s_25_1_1_U1461   |mul_16ns_11s_25_1_1   |        0|   1|  0|   5|    0|
    |mul_16ns_11s_25_1_1_U1462   |mul_16ns_11s_25_1_1   |        0|   1|  0|   5|    0|
    |mul_16ns_11s_25_1_1_U1467   |mul_16ns_11s_25_1_1   |        0|   1|  0|   5|    0|
    |mul_16ns_11s_25_1_1_U1478   |mul_16ns_11s_25_1_1   |        0|   1|  0|   5|    0|
    |mul_16ns_11s_25_1_1_U1487   |mul_16ns_11s_25_1_1   |        0|   1|  0|   5|    0|
    |mul_16ns_11s_25_1_1_U1489   |mul_16ns_11s_25_1_1   |        0|   1|  0|   5|    0|
    |mul_16ns_11s_25_1_1_U1492   |mul_16ns_11s_25_1_1   |        0|   1|  0|   5|    0|
    |mul_16ns_11s_25_1_1_U1495   |mul_16ns_11s_25_1_1   |        0|   1|  0|   5|    0|
    |mul_16ns_11s_25_1_1_U1498   |mul_16ns_11s_25_1_1   |        0|   1|  0|   5|    0|
    |mul_16ns_11s_25_1_1_U1500   |mul_16ns_11s_25_1_1   |        0|   1|  0|   5|    0|
    |mul_16ns_11s_25_1_1_U1501   |mul_16ns_11s_25_1_1   |        0|   1|  0|   5|    0|
    |mul_16ns_11s_25_1_1_U1502   |mul_16ns_11s_25_1_1   |        0|   1|  0|   5|    0|
    |mul_16ns_11s_25_1_1_U1506   |mul_16ns_11s_25_1_1   |        0|   1|  0|   5|    0|
    |mul_16ns_11s_25_1_1_U1509   |mul_16ns_11s_25_1_1   |        0|   1|  0|   5|    0|
    |mul_16ns_11s_25_1_1_U1512   |mul_16ns_11s_25_1_1   |        0|   1|  0|   5|    0|
    |mul_16ns_12s_25_1_1_U1458   |mul_16ns_12s_25_1_1   |        0|   1|  0|   5|    0|
    |mul_16ns_5ns_20_1_1_U1393   |mul_16ns_5ns_20_1_1   |        0|   1|  0|   5|    0|
    |mul_16ns_5ns_20_1_1_U1395   |mul_16ns_5ns_20_1_1   |        0|   1|  0|   5|    0|
    |mul_16ns_5s_21_1_1_U1448    |mul_16ns_5s_21_1_1    |        0|   1|  0|   5|    0|
    |mul_16ns_7ns_22_1_1_U1483   |mul_16ns_7ns_22_1_1   |        0|   1|  0|   5|    0|
    |mul_16ns_7s_23_1_1_U1441    |mul_16ns_7s_23_1_1    |        0|   1|  0|   5|    0|
    |mul_16ns_7s_23_1_1_U1477    |mul_16ns_7s_23_1_1    |        0|   1|  0|   5|    0|
    |mul_16ns_7s_23_1_1_U1484    |mul_16ns_7s_23_1_1    |        0|   1|  0|   5|    0|
    |mul_16ns_8ns_23_1_1_U1389   |mul_16ns_8ns_23_1_1   |        0|   1|  0|   5|    0|
    |mul_16ns_8ns_23_1_1_U1394   |mul_16ns_8ns_23_1_1   |        0|   1|  0|   5|    0|
    |mul_16ns_8ns_23_1_1_U1402   |mul_16ns_8ns_23_1_1   |        0|   1|  0|   5|    0|
    |mul_16ns_8ns_23_1_1_U1411   |mul_16ns_8ns_23_1_1   |        0|   1|  0|   5|    0|
    |mul_16ns_8ns_23_1_1_U1436   |mul_16ns_8ns_23_1_1   |        0|   1|  0|   5|    0|
    |mul_16ns_8ns_23_1_1_U1472   |mul_16ns_8ns_23_1_1   |        0|   1|  0|   5|    0|
    |mul_16ns_8ns_23_1_1_U1479   |mul_16ns_8ns_23_1_1   |        0|   1|  0|   5|    0|
    |mul_16ns_8ns_23_1_1_U1491   |mul_16ns_8ns_23_1_1   |        0|   1|  0|   5|    0|
    |mul_16ns_8ns_23_1_1_U1496   |mul_16ns_8ns_23_1_1   |        0|   1|  0|   5|    0|
    |mul_16ns_8ns_23_1_1_U1497   |mul_16ns_8ns_23_1_1   |        0|   1|  0|   5|    0|
    |mul_16ns_8ns_23_1_1_U1499   |mul_16ns_8ns_23_1_1   |        0|   1|  0|   5|    0|
    |mul_16ns_8s_24_1_1_U1379    |mul_16ns_8s_24_1_1    |        0|   1|  0|   5|    0|
    |mul_16ns_8s_24_1_1_U1382    |mul_16ns_8s_24_1_1    |        0|   1|  0|   5|    0|
    |mul_16ns_8s_24_1_1_U1397    |mul_16ns_8s_24_1_1    |        0|   1|  0|   5|    0|
    |mul_16ns_8s_24_1_1_U1404    |mul_16ns_8s_24_1_1    |        0|   1|  0|   5|    0|
    |mul_16ns_8s_24_1_1_U1444    |mul_16ns_8s_24_1_1    |        0|   1|  0|   5|    0|
    |mul_16ns_8s_24_1_1_U1482    |mul_16ns_8s_24_1_1    |        0|   1|  0|   5|    0|
    |mul_16ns_9ns_24_1_1_U1378   |mul_16ns_9ns_24_1_1   |        0|   1|  0|   5|    0|
    |mul_16ns_9ns_24_1_1_U1385   |mul_16ns_9ns_24_1_1   |        0|   1|  0|   5|    0|
    |mul_16ns_9ns_24_1_1_U1386   |mul_16ns_9ns_24_1_1   |        0|   1|  0|   5|    0|
    |mul_16ns_9ns_24_1_1_U1396   |mul_16ns_9ns_24_1_1   |        0|   1|  0|   5|    0|
    |mul_16ns_9ns_24_1_1_U1398   |mul_16ns_9ns_24_1_1   |        0|   1|  0|   5|    0|
    |mul_16ns_9ns_24_1_1_U1403   |mul_16ns_9ns_24_1_1   |        0|   1|  0|   5|    0|
    |mul_16ns_9ns_24_1_1_U1405   |mul_16ns_9ns_24_1_1   |        0|   1|  0|   5|    0|
    |mul_16ns_9ns_24_1_1_U1406   |mul_16ns_9ns_24_1_1   |        0|   1|  0|   5|    0|
    |mul_16ns_9ns_24_1_1_U1407   |mul_16ns_9ns_24_1_1   |        0|   1|  0|   5|    0|
    |mul_16ns_9ns_24_1_1_U1413   |mul_16ns_9ns_24_1_1   |        0|   1|  0|   5|    0|
    |mul_16ns_9ns_24_1_1_U1414   |mul_16ns_9ns_24_1_1   |        0|   1|  0|   5|    0|
    |mul_16ns_9ns_24_1_1_U1415   |mul_16ns_9ns_24_1_1   |        0|   1|  0|   5|    0|
    |mul_16ns_9ns_24_1_1_U1416   |mul_16ns_9ns_24_1_1   |        0|   1|  0|   5|    0|
    |mul_16ns_9ns_24_1_1_U1419   |mul_16ns_9ns_24_1_1   |        0|   1|  0|   5|    0|
    |mul_16ns_9ns_24_1_1_U1420   |mul_16ns_9ns_24_1_1   |        0|   1|  0|   5|    0|
    |mul_16ns_9ns_24_1_1_U1428   |mul_16ns_9ns_24_1_1   |        0|   1|  0|   5|    0|
    |mul_16ns_9ns_24_1_1_U1430   |mul_16ns_9ns_24_1_1   |        0|   1|  0|   5|    0|
    |mul_16ns_9ns_24_1_1_U1442   |mul_16ns_9ns_24_1_1   |        0|   1|  0|   5|    0|
    |mul_16ns_9ns_24_1_1_U1451   |mul_16ns_9ns_24_1_1   |        0|   1|  0|   5|    0|
    |mul_16ns_9ns_24_1_1_U1455   |mul_16ns_9ns_24_1_1   |        0|   1|  0|   5|    0|
    |mul_16ns_9ns_24_1_1_U1459   |mul_16ns_9ns_24_1_1   |        0|   1|  0|   5|    0|
    |mul_16ns_9ns_24_1_1_U1466   |mul_16ns_9ns_24_1_1   |        0|   1|  0|   5|    0|
    |mul_16ns_9ns_24_1_1_U1471   |mul_16ns_9ns_24_1_1   |        0|   1|  0|   5|    0|
    |mul_16ns_9ns_24_1_1_U1474   |mul_16ns_9ns_24_1_1   |        0|   1|  0|   5|    0|
    |mul_16ns_9ns_24_1_1_U1494   |mul_16ns_9ns_24_1_1   |        0|   1|  0|   5|    0|
    |mul_16ns_9ns_24_1_1_U1505   |mul_16ns_9ns_24_1_1   |        0|   1|  0|   5|    0|
    |mul_16ns_9ns_24_1_1_U1507   |mul_16ns_9ns_24_1_1   |        0|   1|  0|   5|    0|
    |mul_16ns_9ns_24_1_1_U1508   |mul_16ns_9ns_24_1_1   |        0|   1|  0|   5|    0|
    |mul_16ns_9ns_24_1_1_U1510   |mul_16ns_9ns_24_1_1   |        0|   1|  0|   5|    0|
    |mul_16ns_9s_25_1_1_U1399    |mul_16ns_9s_25_1_1    |        0|   1|  0|   5|    0|
    |mul_16ns_9s_25_1_1_U1401    |mul_16ns_9s_25_1_1    |        0|   1|  0|   5|    0|
    |mul_16ns_9s_25_1_1_U1421    |mul_16ns_9s_25_1_1    |        0|   1|  0|   5|    0|
    |mul_16ns_9s_25_1_1_U1431    |mul_16ns_9s_25_1_1    |        0|   1|  0|   5|    0|
    |mul_16ns_9s_25_1_1_U1437    |mul_16ns_9s_25_1_1    |        0|   1|  0|   5|    0|
    |mul_16ns_9s_25_1_1_U1457    |mul_16ns_9s_25_1_1    |        0|   1|  0|   5|    0|
    |mul_16ns_9s_25_1_1_U1470    |mul_16ns_9s_25_1_1    |        0|   1|  0|   5|    0|
    |mul_16ns_9s_25_1_1_U1475    |mul_16ns_9s_25_1_1    |        0|   1|  0|   5|    0|
    |mul_16ns_9s_25_1_1_U1481    |mul_16ns_9s_25_1_1    |        0|   1|  0|   5|    0|
    |mul_16ns_9s_25_1_1_U1490    |mul_16ns_9s_25_1_1    |        0|   1|  0|   5|    0|
    |mul_16ns_9s_25_1_1_U1504    |mul_16ns_9s_25_1_1    |        0|   1|  0|   5|    0|
    |mul_16ns_9s_25_1_1_U1511    |mul_16ns_9s_25_1_1    |        0|   1|  0|   5|    0|
    |mul_16ns_9s_25_1_1_U1513    |mul_16ns_9s_25_1_1    |        0|   1|  0|   5|    0|
    +----------------------------+----------------------+---------+----+---+----+-----+
    |Total                       |                      |        0| 138|  0| 690|    0|
    +----------------------------+----------------------+---------+----+---+----+-----+

    * DSP: 
    N/A

    * Memory: 
    N/A

    * FIFO: 
    N/A

    * Expression: 
    +--------------------------+----------+----+---+----+------------+------------+
    |       Variable Name      | Operation| DSP| FF| LUT| Bitwidth P0| Bitwidth P1|
    +--------------------------+----------+----+---+----+------------+------------+
    |add_ln58_100_fu_92787_p2  |         +|   0|  0|  23|          16|          16|
    |add_ln58_101_fu_93340_p2  |         +|   0|  0|  16|          16|          16|
    |add_ln58_102_fu_93345_p2  |         +|   0|  0|  16|          16|          16|
    |add_ln58_103_fu_92793_p2  |         +|   0|  0|  23|          16|          16|
    |add_ln58_104_fu_93350_p2  |         +|   0|  0|  16|          16|          16|
    |add_ln58_105_fu_93355_p2  |         +|   0|  0|  16|          16|          16|
    |add_ln58_106_fu_92799_p2  |         +|   0|  0|  23|          16|          16|
    |add_ln58_107_fu_92805_p2  |         +|   0|  0|  23|          16|          16|
    |add_ln58_108_fu_93361_p2  |         +|   0|  0|  16|          16|          16|
    |add_ln58_109_fu_93365_p2  |         +|   0|  0|  16|          16|          16|
    |add_ln58_10_fu_92561_p2   |         +|   0|  0|  23|          16|          16|
    |add_ln58_110_fu_93370_p2  |         +|   0|  0|  23|          16|          16|
    |add_ln58_111_fu_93376_p2  |         +|   0|  0|  16|          16|          16|
    |add_ln58_112_fu_93382_p2  |         +|   0|  0|  16|          16|          16|
    |add_ln58_114_fu_93394_p2  |         +|   0|  0|  16|          16|          16|
    |add_ln58_115_fu_92811_p2  |         +|   0|  0|  23|          16|          16|
    |add_ln58_116_fu_93399_p2  |         +|   0|  0|  16|          16|          16|
    |add_ln58_117_fu_93404_p2  |         +|   0|  0|  16|          16|          16|
    |add_ln58_118_fu_92817_p2  |         +|   0|  0|  23|          16|          16|
    |add_ln58_119_fu_93409_p2  |         +|   0|  0|  16|          16|          16|
    |add_ln58_11_fu_92567_p2   |         +|   0|  0|  23|          16|          16|
    |add_ln58_120_fu_93414_p2  |         +|   0|  0|  16|          16|          16|
    |add_ln58_121_fu_92823_p2  |         +|   0|  0|  23|          16|          16|
    |add_ln58_122_fu_92829_p2  |         +|   0|  0|  23|          16|          16|
    |add_ln58_123_fu_93420_p2  |         +|   0|  0|  16|          16|          16|
    |add_ln58_124_fu_92835_p2  |         +|   0|  0|  16|          16|          16|
    |add_ln58_125_fu_92841_p2  |         +|   0|  0|  20|          13|          13|
    |add_ln58_126_fu_92851_p2  |         +|   0|  0|  16|          16|          16|
    |add_ln58_127_fu_93424_p2  |         +|   0|  0|  16|          16|          16|
    |add_ln58_129_fu_93435_p2  |         +|   0|  0|  16|          16|          16|
    |add_ln58_12_fu_93055_p2   |         +|   0|  0|  16|          16|          16|
    |add_ln58_130_fu_92857_p2  |         +|   0|  0|  23|          16|          16|
    |add_ln58_131_fu_93440_p2  |         +|   0|  0|  16|          16|          16|
    |add_ln58_132_fu_93445_p2  |         +|   0|  0|  16|          16|          16|
    |add_ln58_133_fu_92863_p2  |         +|   0|  0|  23|          16|          16|
    |add_ln58_134_fu_93449_p2  |         +|   0|  0|  16|          16|          16|
    |add_ln58_135_fu_93454_p2  |         +|   0|  0|  16|          16|          16|
    |add_ln58_136_fu_92869_p2  |         +|   0|  0|  23|          16|          16|
    |add_ln58_137_fu_92875_p2  |         +|   0|  0|  23|          16|          16|
    |add_ln58_138_fu_93460_p2  |         +|   0|  0|  16|          16|          16|
    |add_ln58_139_fu_93464_p2  |         +|   0|  0|  16|          16|          16|
    |add_ln58_13_fu_93059_p2   |         +|   0|  0|  16|          16|          16|
    |add_ln58_140_fu_92881_p2  |         +|   0|  0|  22|          15|          10|
    |add_ln58_141_fu_92891_p2  |         +|   0|  0|  23|          16|          16|
    |add_ln58_142_fu_93469_p2  |         +|   0|  0|  16|          16|          16|
    |add_ln58_143_fu_93474_p2  |         +|   0|  0|  16|          16|          16|
    |add_ln58_145_fu_93486_p2  |         +|   0|  0|  16|          16|          16|
    |add_ln58_146_fu_92897_p2  |         +|   0|  0|  23|          16|          16|
    |add_ln58_147_fu_93492_p2  |         +|   0|  0|  16|          16|          16|
    |add_ln58_148_fu_93497_p2  |         +|   0|  0|  16|          16|          16|
    |add_ln58_149_fu_92903_p2  |         +|   0|  0|  23|          16|          16|
    |add_ln58_14_fu_92573_p2   |         +|   0|  0|  16|          16|          10|
    |add_ln58_150_fu_93502_p2  |         +|   0|  0|  16|          16|          16|
    |add_ln58_151_fu_93507_p2  |         +|   0|  0|  16|          16|          16|
    |add_ln58_152_fu_92909_p2  |         +|   0|  0|  23|          16|          16|
    |add_ln58_153_fu_92915_p2  |         +|   0|  0|  23|          16|          16|
    |add_ln58_154_fu_93513_p2  |         +|   0|  0|  16|          16|          16|
    |add_ln58_155_fu_93517_p2  |         +|   0|  0|  16|          16|          16|
    |add_ln58_156_fu_93522_p2  |         +|   0|  0|  23|          16|          16|
    |add_ln58_157_fu_93527_p2  |         +|   0|  0|  16|          16|          16|
    |add_ln58_158_fu_93533_p2  |         +|   0|  0|  16|          16|          16|
    |add_ln58_15_fu_92579_p2   |         +|   0|  0|  16|          16|          16|
    |add_ln58_16_fu_93064_p2   |         +|   0|  0|  16|          16|          16|
    |add_ln58_17_fu_93069_p2   |         +|   0|  0|  16|          16|          16|
    |add_ln58_19_fu_93081_p2   |         +|   0|  0|  16|          16|          16|
    |add_ln58_1_fu_92533_p2    |         +|   0|  0|  22|          15|          12|
    |add_ln58_20_fu_92585_p2   |         +|   0|  0|  23|          16|          16|
    |add_ln58_21_fu_93086_p2   |         +|   0|  0|  16|          16|          16|
    |add_ln58_22_fu_93091_p2   |         +|   0|  0|  16|          16|          16|
    |add_ln58_23_fu_92591_p2   |         +|   0|  0|  23|          16|          16|
    |add_ln58_24_fu_93096_p2   |         +|   0|  0|  16|          16|          16|
    |add_ln58_25_fu_93101_p2   |         +|   0|  0|  16|          16|          16|
    |add_ln58_26_fu_92597_p2   |         +|   0|  0|  23|          16|          16|
    |add_ln58_27_fu_92603_p2   |         +|   0|  0|  23|          16|          16|
    |add_ln58_28_fu_93107_p2   |         +|   0|  0|  16|          16|          16|
    |add_ln58_29_fu_92609_p2   |         +|   0|  0|  22|          15|          15|
    |add_ln58_2_fu_92543_p2    |         +|   0|  0|  22|          15|           9|
    |add_ln58_30_fu_92615_p2   |         +|   0|  0|  20|          13|           4|
    |add_ln58_31_fu_93117_p2   |         +|   0|  0|  21|          14|          14|
    |add_ln58_32_fu_93127_p2   |         +|   0|  0|  23|          16|          16|
    |add_ln58_33_fu_93133_p2   |         +|   0|  0|  16|          16|          16|
    |add_ln58_35_fu_93145_p2   |         +|   0|  0|  16|          16|          16|
    |add_ln58_36_fu_92621_p2   |         +|   0|  0|  23|          16|          16|
    |add_ln58_37_fu_93149_p2   |         +|   0|  0|  16|          16|          16|
    |add_ln58_38_fu_93154_p2   |         +|   0|  0|  16|          16|          16|
    |add_ln58_39_fu_92627_p2   |         +|   0|  0|  23|          16|          16|
    |add_ln58_3_fu_93030_p2    |         +|   0|  0|  16|          16|          16|
    |add_ln58_40_fu_93158_p2   |         +|   0|  0|  16|          16|          16|
    |add_ln58_41_fu_93163_p2   |         +|   0|  0|  16|          16|          16|
    |add_ln58_42_fu_92633_p2   |         +|   0|  0|  23|          16|          16|
    |add_ln58_43_fu_92639_p2   |         +|   0|  0|  23|          16|          16|
    |add_ln58_44_fu_93169_p2   |         +|   0|  0|  16|          16|          16|
    |add_ln58_45_fu_93173_p2   |         +|   0|  0|  16|          16|          16|
    |add_ln58_46_fu_92645_p2   |         +|   0|  0|  16|          16|           8|
    |add_ln58_47_fu_92651_p2   |         +|   0|  0|  16|          16|          16|
    |add_ln58_48_fu_93178_p2   |         +|   0|  0|  16|          16|          16|
    |add_ln58_49_fu_93183_p2   |         +|   0|  0|  16|          16|          16|
    |add_ln58_4_fu_92549_p2    |         +|   0|  0|  23|          16|          16|
    |add_ln58_51_fu_93195_p2   |         +|   0|  0|  16|          16|          16|
    |add_ln58_52_fu_92657_p2   |         +|   0|  0|  23|          16|          16|
    |add_ln58_53_fu_93199_p2   |         +|   0|  0|  16|          16|          16|
    |add_ln58_54_fu_93204_p2   |         +|   0|  0|  16|          16|          16|
    |add_ln58_55_fu_92663_p2   |         +|   0|  0|  23|          16|          16|
    |add_ln58_56_fu_93209_p2   |         +|   0|  0|  16|          16|          16|
    |add_ln58_57_fu_93214_p2   |         +|   0|  0|  16|          16|          16|
    |add_ln58_58_fu_92669_p2   |         +|   0|  0|  23|          16|          16|
    |add_ln58_59_fu_92675_p2   |         +|   0|  0|  23|          16|          16|
    |add_ln58_5_fu_93035_p2    |         +|   0|  0|  16|          16|          16|
    |add_ln58_60_fu_93220_p2   |         +|   0|  0|  16|          16|          16|
    |add_ln58_61_fu_93224_p2   |         +|   0|  0|  16|          16|          16|
    |add_ln58_62_fu_92681_p2   |         +|   0|  0|  22|          15|           8|
    |add_ln58_63_fu_93232_p2   |         +|   0|  0|  23|          16|          16|
    |add_ln58_64_fu_93238_p2   |         +|   0|  0|  16|          16|          16|
    |add_ln58_65_fu_93244_p2   |         +|   0|  0|  16|          16|          16|
    |add_ln58_67_fu_92687_p2   |         +|   0|  0|  16|          16|          16|
    |add_ln58_68_fu_92693_p2   |         +|   0|  0|  23|          16|          16|
    |add_ln58_69_fu_92699_p2   |         +|   0|  0|  16|          16|          16|
    |add_ln58_6_fu_93040_p2    |         +|   0|  0|  16|          16|          16|
    |add_ln58_70_fu_93256_p2   |         +|   0|  0|  16|          16|          16|
    |add_ln58_71_fu_92705_p2   |         +|   0|  0|  23|          16|          16|
    |add_ln58_72_fu_93260_p2   |         +|   0|  0|  16|          16|          16|
    |add_ln58_73_fu_93265_p2   |         +|   0|  0|  16|          16|          16|
    |add_ln58_74_fu_92711_p2   |         +|   0|  0|  23|          16|          16|
    |add_ln58_75_fu_92717_p2   |         +|   0|  0|  23|          16|          16|
    |add_ln58_76_fu_93270_p2   |         +|   0|  0|  16|          16|          16|
    |add_ln58_77_fu_92723_p2   |         +|   0|  0|  16|          16|          16|
    |add_ln58_78_fu_92729_p2   |         +|   0|  0|  22|          15|          10|
    |add_ln58_79_fu_92739_p2   |         +|   0|  0|  23|          16|          16|
    |add_ln58_7_fu_92555_p2    |         +|   0|  0|  23|          16|          16|
    |add_ln58_80_fu_92745_p2   |         +|   0|  0|  16|          16|          16|
    |add_ln58_81_fu_93274_p2   |         +|   0|  0|  16|          16|          16|
    |add_ln58_83_fu_93285_p2   |         +|   0|  0|  16|          16|          16|
    |add_ln58_84_fu_92751_p2   |         +|   0|  0|  23|          16|          16|
    |add_ln58_85_fu_93289_p2   |         +|   0|  0|  16|          16|          16|
    |add_ln58_86_fu_93294_p2   |         +|   0|  0|  16|          16|          16|
    |add_ln58_87_fu_92757_p2   |         +|   0|  0|  23|          16|          16|
    |add_ln58_88_fu_93298_p2   |         +|   0|  0|  16|          16|          16|
    |add_ln58_89_fu_93303_p2   |         +|   0|  0|  16|          16|          16|
    |add_ln58_8_fu_93044_p2    |         +|   0|  0|  16|          16|          16|
    |add_ln58_90_fu_92763_p2   |         +|   0|  0|  23|          16|          16|
    |add_ln58_91_fu_92769_p2   |         +|   0|  0|  23|          16|          16|
    |add_ln58_92_fu_93309_p2   |         +|   0|  0|  16|          16|          16|
    |add_ln58_93_fu_93313_p2   |         +|   0|  0|  16|          16|          16|
    |add_ln58_94_fu_92775_p2   |         +|   0|  0|  16|          16|          11|
    |add_ln58_95_fu_92781_p2   |         +|   0|  0|  16|          16|          16|
    |add_ln58_96_fu_93318_p2   |         +|   0|  0|  16|          16|          16|
    |add_ln58_97_fu_93323_p2   |         +|   0|  0|  16|          16|          16|
    |add_ln58_99_fu_93335_p2   |         +|   0|  0|  16|          16|          16|
    |add_ln58_9_fu_93049_p2    |         +|   0|  0|  16|          16|          16|
    |add_ln58_fu_92527_p2      |         +|   0|  0|  22|          15|          10|
    |add_ln73_1_fu_91183_p2    |         +|   0|  0|  29|          22|          22|
    |add_ln73_2_fu_91572_p2    |         +|   0|  0|  31|          24|          24|
    |add_ln73_3_fu_92449_p2    |         +|   0|  0|  32|          25|          25|
    |add_ln73_fu_90086_p2      |         +|   0|  0|  31|          24|          24|
    |x_11_fu_93139_p2          |         +|   0|  0|  16|          16|          16|
    |x_12_fu_93189_p2          |         +|   0|  0|  16|          16|          16|
    |x_13_fu_93250_p2          |         +|   0|  0|  16|          16|          16|
    |x_14_fu_93279_p2          |         +|   0|  0|  16|          16|          16|
    |x_15_fu_93329_p2          |         +|   0|  0|  16|          16|          16|
    |x_16_fu_93388_p2          |         +|   0|  0|  16|          16|          16|
    |x_17_fu_93429_p2          |         +|   0|  0|  16|          16|          16|
    |x_18_fu_93480_p2          |         +|   0|  0|  16|          16|          16|
    |x_19_fu_93539_p2          |         +|   0|  0|  16|          16|          16|
    |x_fu_93075_p2             |         +|   0|  0|  16|          16|          16|
    |sub_ln73_10_fu_91319_p2   |         -|   0|  0|  32|          25|          25|
    |sub_ln73_11_fu_91343_p2   |         -|   0|  0|  25|           1|          25|
    |sub_ln73_12_fu_91349_p2   |         -|   0|  0|  25|          25|          25|
    |sub_ln73_13_fu_91632_p2   |         -|   0|  0|  31|          24|          24|
    |sub_ln73_14_fu_91680_p2   |         -|   0|  0|  25|           1|          25|
    |sub_ln73_15_fu_91686_p2   |         -|   0|  0|  25|          25|          25|
    |sub_ln73_16_fu_92074_p2   |         -|   0|  0|  30|          23|          23|
    |sub_ln73_17_fu_92130_p2   |         -|   0|  0|  27|           1|          20|
    |sub_ln73_18_fu_92140_p2   |         -|   0|  0|  28|          21|          21|
    |sub_ln73_19_fu_92321_p2   |         -|   0|  0|  30|          23|          23|
    |sub_ln73_1_fu_92928_p2    |         -|   0|  0|  25|           1|          25|
    |sub_ln73_20_fu_92501_p2   |         -|   0|  0|  32|          25|          25|
    |sub_ln73_21_fu_91493_p2   |         -|   0|  0|  32|          25|          25|
    |sub_ln73_2_fu_92945_p2    |         -|   0|  0|  25|          25|          25|
    |sub_ln73_3_fu_90227_p2    |         -|   0|  0|  27|          20|          20|
    |sub_ln73_4_fu_90344_p2    |         -|   0|  0|  32|          25|          25|
    |sub_ln73_5_fu_90503_p2    |         -|   0|  0|  32|          25|          25|
    |sub_ln73_6_fu_90640_p2    |         -|   0|  0|  31|           1|          24|
    |sub_ln73_7_fu_90662_p2    |         -|   0|  0|  32|          25|          25|
    |sub_ln73_8_fu_90873_p2    |         -|   0|  0|  32|          25|          25|
    |sub_ln73_9_fu_91215_p2    |         -|   0|  0|  29|          22|          22|
    |sub_ln73_fu_89988_p2      |         -|   0|  0|  30|           1|          23|
    +--------------------------+----------+----+---+----+------------+------------+
    |Total                     |          |   0|  0|3697|        3029|        3106|
    +--------------------------+----------+----+---+----+------------+------------+

    * Multiplexer: 
    N/A

    * Register: 
    +----------------------------+----+----+-----+-----------+
    |            Name            | FF | LUT| Bits| Const Bits|
    +----------------------------+----+----+-----+-----------+
    |add_ln58_100_reg_94171      |  16|   0|   16|          0|
    |add_ln58_103_reg_94176      |  16|   0|   16|          0|
    |add_ln58_106_reg_94181      |  16|   0|   16|          0|
    |add_ln58_107_reg_94186      |  16|   0|   16|          0|
    |add_ln58_10_reg_94026       |  16|   0|   16|          0|
    |add_ln58_115_reg_94191      |  16|   0|   16|          0|
    |add_ln58_118_reg_94196      |  16|   0|   16|          0|
    |add_ln58_11_reg_94031       |  16|   0|   16|          0|
    |add_ln58_121_reg_94201      |  16|   0|   16|          0|
    |add_ln58_122_reg_94206      |  16|   0|   16|          0|
    |add_ln58_126_reg_94211      |  16|   0|   16|          0|
    |add_ln58_130_reg_94216      |  16|   0|   16|          0|
    |add_ln58_133_reg_94221      |  16|   0|   16|          0|
    |add_ln58_136_reg_94226      |  16|   0|   16|          0|
    |add_ln58_137_reg_94231      |  16|   0|   16|          0|
    |add_ln58_141_reg_94236      |  16|   0|   16|          0|
    |add_ln58_146_reg_94241      |  16|   0|   16|          0|
    |add_ln58_149_reg_94246      |  16|   0|   16|          0|
    |add_ln58_152_reg_94251      |  16|   0|   16|          0|
    |add_ln58_153_reg_94256      |  16|   0|   16|          0|
    |add_ln58_15_reg_94036       |  16|   0|   16|          0|
    |add_ln58_20_reg_94041       |  16|   0|   16|          0|
    |add_ln58_23_reg_94046       |  16|   0|   16|          0|
    |add_ln58_26_reg_94051       |  16|   0|   16|          0|
    |add_ln58_27_reg_94056       |  16|   0|   16|          0|
    |add_ln58_29_reg_94061       |  15|   0|   15|          0|
    |add_ln58_2_reg_94011        |  15|   0|   15|          0|
    |add_ln58_30_reg_94066       |  13|   0|   13|          0|
    |add_ln58_36_reg_94071       |  16|   0|   16|          0|
    |add_ln58_39_reg_94076       |  16|   0|   16|          0|
    |add_ln58_42_reg_94081       |  16|   0|   16|          0|
    |add_ln58_43_reg_94086       |  16|   0|   16|          0|
    |add_ln58_47_reg_94091       |  16|   0|   16|          0|
    |add_ln58_4_reg_94016        |  16|   0|   16|          0|
    |add_ln58_52_reg_94096       |  16|   0|   16|          0|
    |add_ln58_55_reg_94101       |  16|   0|   16|          0|
    |add_ln58_58_reg_94106       |  16|   0|   16|          0|
    |add_ln58_59_reg_94111       |  16|   0|   16|          0|
    |add_ln58_62_reg_94116       |  15|   0|   15|          0|
    |add_ln58_69_reg_94121       |  16|   0|   16|          0|
    |add_ln58_71_reg_94126       |  16|   0|   16|          0|
    |add_ln58_74_reg_94131       |  16|   0|   16|          0|
    |add_ln58_75_reg_94136       |  16|   0|   16|          0|
    |add_ln58_7_reg_94021        |  16|   0|   16|          0|
    |add_ln58_80_reg_94141       |  16|   0|   16|          0|
    |add_ln58_84_reg_94146       |  16|   0|   16|          0|
    |add_ln58_87_reg_94151       |  16|   0|   16|          0|
    |add_ln58_90_reg_94156       |  16|   0|   16|          0|
    |add_ln58_91_reg_94161       |  16|   0|   16|          0|
    |add_ln58_95_reg_94166       |  16|   0|   16|          0|
    |add_ln58_reg_94006          |  15|   0|   15|          0|
    |data_0_val1_read_reg_93725  |  16|   0|   16|          0|
    |tmp_10_reg_93801            |  14|   0|   14|          0|
    |tmp_13_reg_93816            |  15|   0|   15|          0|
    |tmp_14_reg_93821            |  15|   0|   15|          0|
    |tmp_16_reg_93826            |  15|   0|   15|          0|
    |tmp_19_reg_93886            |  13|   0|   13|          0|
    |tmp_21_reg_93911            |  15|   0|   15|          0|
    |tmp_22_reg_93916            |  15|   0|   15|          0|
    |tmp_23_reg_93921            |  15|   0|   15|          0|
    |tmp_29_reg_93936            |  15|   0|   15|          0|
    |tmp_38_reg_93961            |  15|   0|   15|          0|
    |tmp_39_reg_93966            |  14|   0|   14|          0|
    |tmp_41_reg_93971            |  15|   0|   15|          0|
    |tmp_44_reg_93986            |  14|   0|   14|          0|
    |tmp_47_reg_94001            |  15|   0|   15|          0|
    |tmp_4_reg_93751             |  15|   0|   15|          0|
    |tmp_5_reg_93771             |  15|   0|   15|          0|
    |tmp_6_reg_93786             |  15|   0|   15|          0|
    |trunc_ln42_102_reg_93981    |  16|   0|   16|          0|
    |trunc_ln42_107_reg_93991    |  16|   0|   16|          0|
    |trunc_ln42_108_reg_93996    |  16|   0|   16|          0|
    |trunc_ln42_10_reg_93766     |  16|   0|   16|          0|
    |trunc_ln42_11_reg_93776     |  16|   0|   16|          0|
    |trunc_ln42_12_reg_93781     |  16|   0|   16|          0|
    |trunc_ln42_16_reg_93791     |  16|   0|   16|          0|
    |trunc_ln42_17_reg_93796     |  16|   0|   16|          0|
    |trunc_ln42_19_reg_93806     |  16|   0|   16|          0|
    |trunc_ln42_21_reg_93811     |  14|   0|   14|          0|
    |trunc_ln42_23_reg_93831     |  16|   0|   16|          0|
    |trunc_ln42_25_reg_93836     |  16|   0|   16|          0|
    |trunc_ln42_27_reg_93841     |  16|   0|   16|          0|
    |trunc_ln42_28_reg_93846     |  16|   0|   16|          0|
    |trunc_ln42_2_reg_93736      |  16|   0|   16|          0|
    |trunc_ln42_30_reg_93851     |  16|   0|   16|          0|
    |trunc_ln42_32_reg_93856     |  16|   0|   16|          0|
    |trunc_ln42_34_reg_93861     |  16|   0|   16|          0|
    |trunc_ln42_35_reg_93866     |  16|   0|   16|          0|
    |trunc_ln42_36_reg_93871     |  16|   0|   16|          0|
    |trunc_ln42_37_reg_93876     |  16|   0|   16|          0|
    |trunc_ln42_3_reg_93741      |  16|   0|   16|          0|
    |trunc_ln42_40_reg_93881     |  15|   0|   15|          0|
    |trunc_ln42_46_reg_93891     |  16|   0|   16|          0|
    |trunc_ln42_47_reg_93896     |  16|   0|   16|          0|
    |trunc_ln42_48_reg_93901     |  16|   0|   16|          0|
    |trunc_ln42_49_reg_93906     |  16|   0|   16|          0|
    |trunc_ln42_56_reg_93926     |  13|   0|   13|          0|
    |trunc_ln42_5_reg_93746      |  16|   0|   16|          0|
    |trunc_ln42_66_reg_93931     |  16|   0|   16|          0|
    |trunc_ln42_72_reg_93941     |  15|   0|   15|          0|
    |trunc_ln42_81_reg_93946     |  16|   0|   16|          0|
    |trunc_ln42_83_reg_93951     |  16|   0|   16|          0|
    |trunc_ln42_86_reg_93956     |  16|   0|   16|          0|
    |trunc_ln42_97_reg_93976     |  16|   0|   16|          0|
    |trunc_ln42_9_reg_93756      |  16|   0|   16|          0|
    |trunc_ln42_s_reg_93761      |  16|   0|   16|          0|
    |trunc_ln_reg_93731          |  16|   0|   16|          0|
    +----------------------------+----+----+-----+-----------+
    |Total                       |1676|   0| 1676|          0|
    +----------------------------+----+----+-----+-----------+



================================================================
== Interface
================================================================
* Summary: 
+---------------+-----+-----+------------+-----------------------------------------------------------------+--------------+
|   RTL Ports   | Dir | Bits|  Protocol  |                          Source Object                          |    C Type    |
+---------------+-----+-----+------------+-----------------------------------------------------------------+--------------+
|ap_clk         |   in|    1|  ap_ctrl_hs|  dense_latency_wrapper<ap_ufixed,ap_fixed<37,18,5,3,0>,config21>|  return value|
|ap_rst         |   in|    1|  ap_ctrl_hs|  dense_latency_wrapper<ap_ufixed,ap_fixed<37,18,5,3,0>,config21>|  return value|
|ap_return_0    |  out|   37|  ap_ctrl_hs|  dense_latency_wrapper<ap_ufixed,ap_fixed<37,18,5,3,0>,config21>|  return value|
|ap_return_1    |  out|   37|  ap_ctrl_hs|  dense_latency_wrapper<ap_ufixed,ap_fixed<37,18,5,3,0>,config21>|  return value|
|ap_return_2    |  out|   37|  ap_ctrl_hs|  dense_latency_wrapper<ap_ufixed,ap_fixed<37,18,5,3,0>,config21>|  return value|
|ap_return_3    |  out|   37|  ap_ctrl_hs|  dense_latency_wrapper<ap_ufixed,ap_fixed<37,18,5,3,0>,config21>|  return value|
|ap_return_4    |  out|   37|  ap_ctrl_hs|  dense_latency_wrapper<ap_ufixed,ap_fixed<37,18,5,3,0>,config21>|  return value|
|ap_return_5    |  out|   37|  ap_ctrl_hs|  dense_latency_wrapper<ap_ufixed,ap_fixed<37,18,5,3,0>,config21>|  return value|
|ap_return_6    |  out|   37|  ap_ctrl_hs|  dense_latency_wrapper<ap_ufixed,ap_fixed<37,18,5,3,0>,config21>|  return value|
|ap_return_7    |  out|   37|  ap_ctrl_hs|  dense_latency_wrapper<ap_ufixed,ap_fixed<37,18,5,3,0>,config21>|  return value|
|ap_return_8    |  out|   37|  ap_ctrl_hs|  dense_latency_wrapper<ap_ufixed,ap_fixed<37,18,5,3,0>,config21>|  return value|
|ap_return_9    |  out|   37|  ap_ctrl_hs|  dense_latency_wrapper<ap_ufixed,ap_fixed<37,18,5,3,0>,config21>|  return value|
|data_0_val1    |   in|   16|     ap_none|                                                      data_0_val1|        scalar|
|data_1_val2    |   in|   16|     ap_none|                                                      data_1_val2|        scalar|
|data_2_val3    |   in|   16|     ap_none|                                                      data_2_val3|        scalar|
|data_3_val4    |   in|   16|     ap_none|                                                      data_3_val4|        scalar|
|data_4_val5    |   in|   16|     ap_none|                                                      data_4_val5|        scalar|
|data_5_val6    |   in|   16|     ap_none|                                                      data_5_val6|        scalar|
|data_6_val7    |   in|   16|     ap_none|                                                      data_6_val7|        scalar|
|data_7_val8    |   in|   16|     ap_none|                                                      data_7_val8|        scalar|
|data_8_val9    |   in|   16|     ap_none|                                                      data_8_val9|        scalar|
|data_9_val10   |   in|   16|     ap_none|                                                     data_9_val10|        scalar|
|data_10_val11  |   in|   16|     ap_none|                                                    data_10_val11|        scalar|
|data_11_val12  |   in|   16|     ap_none|                                                    data_11_val12|        scalar|
|data_12_val13  |   in|   16|     ap_none|                                                    data_12_val13|        scalar|
|data_13_val14  |   in|   16|     ap_none|                                                    data_13_val14|        scalar|
|data_14_val15  |   in|   16|     ap_none|                                                    data_14_val15|        scalar|
|data_15_val16  |   in|   16|     ap_none|                                                    data_15_val16|        scalar|
+---------------+-----+-----+------------+-----------------------------------------------------------------+--------------+

