

================================================================
== Vitis HLS Report for 'normalize_array_ap_fixed_16u_array_ap_fixed_57_28_5_3_0_16u_config9_s'
================================================================
* Date:           Sat Mar 21 19:19:34 2026

* Version:        2023.2 (Build 4023990 on Oct 11 2023)
* Project:        myproject_prj
* Solution:       solution1 (Vivado IP Flow Target)
* Product family: zynquplus
* Target device:  xck26-sfvc784-2LV-c


================================================================
== Performance Estimates
================================================================
+ Timing: 
    * Summary: 
    +--------+---------+----------+------------+
    |  Clock |  Target | Estimated| Uncertainty|
    +--------+---------+----------+------------+
    |ap_clk  |  5.00 ns|  3.340 ns|     1.35 ns|
    +--------+---------+----------+------------+

+ Latency: 
    * Summary: 
    +---------+---------+----------+----------+-----+-----+---------+
    |  Latency (cycles) |  Latency (absolute) |  Interval | Pipeline|
    |   min   |   max   |    min   |    max   | min | max |   Type  |
    +---------+---------+----------+----------+-----+-----+---------+
    |      704|      704|  3.520 us|  3.520 us|  704|  704|       no|
    +---------+---------+----------+----------+-----+-----+---------+

    + Detail: 
        * Instance: 
        N/A

        * Loop: 
        +-----------------+---------+---------+----------+-----------+-----------+------+----------+
        |                 |  Latency (cycles) | Iteration|  Initiation Interval  | Trip |          |
        |    Loop Name    |   min   |   max   |  Latency |  achieved |   target  | Count| Pipelined|
        +-----------------+---------+---------+----------+-----------+-----------+------+----------+
        |- BatchNormLoop  |      702|      702|         4|          1|          1|   700|       yes|
        +-----------------+---------+---------+----------+-----------+-----------+------+----------+



================================================================
== Utilization Estimates
================================================================
* Summary: 
+-----------------+---------+------+--------+--------+-----+
|       Name      | BRAM_18K|  DSP |   FF   |   LUT  | URAM|
+-----------------+---------+------+--------+--------+-----+
|DSP              |        -|     -|       -|       -|    -|
|Expression       |        -|     -|       0|     969|    -|
|FIFO             |        -|     -|       -|       -|    -|
|Instance         |        -|    32|       0|     448|    -|
|Memory           |        -|     -|       -|       -|    -|
|Multiplexer      |        -|     -|       -|      63|    -|
|Register         |        -|     -|    1475|       -|    -|
+-----------------+---------+------+--------+--------+-----+
|Total            |        0|    32|    1475|    1480|    0|
+-----------------+---------+------+--------+--------+-----+
|Available        |      288|  1248|  234240|  117120|   64|
+-----------------+---------+------+--------+--------+-----+
|Utilization (%)  |        0|     2|      ~0|       1|    0|
+-----------------+---------+------+--------+--------+-----+

+ Detail: 
    * Instance: 
    +--------------------------+---------------------+---------+----+---+----+-----+
    |         Instance         |        Module       | BRAM_18K| DSP| FF| LUT| URAM|
    +--------------------------+---------------------+---------+----+---+----+-----+
    |mul_40s_11ns_50_1_1_U726  |mul_40s_11ns_50_1_1  |        0|   2|  0|  28|    0|
    |mul_40s_11ns_50_1_1_U730  |mul_40s_11ns_50_1_1  |        0|   2|  0|  28|    0|
    |mul_40s_11ns_50_1_1_U732  |mul_40s_11ns_50_1_1  |        0|   2|  0|  28|    0|
    |mul_40s_12ns_51_1_1_U724  |mul_40s_12ns_51_1_1  |        0|   2|  0|  28|    0|
    |mul_40s_12ns_51_1_1_U725  |mul_40s_12ns_51_1_1  |        0|   2|  0|  28|    0|
    |mul_40s_12ns_51_1_1_U727  |mul_40s_12ns_51_1_1  |        0|   2|  0|  28|    0|
    |mul_40s_12ns_51_1_1_U729  |mul_40s_12ns_51_1_1  |        0|   2|  0|  28|    0|
    |mul_40s_12ns_51_1_1_U731  |mul_40s_12ns_51_1_1  |        0|   2|  0|  28|    0|
    |mul_40s_12ns_51_1_1_U734  |mul_40s_12ns_51_1_1  |        0|   2|  0|  28|    0|
    |mul_40s_12ns_51_1_1_U735  |mul_40s_12ns_51_1_1  |        0|   2|  0|  28|    0|
    |mul_40s_12ns_51_1_1_U736  |mul_40s_12ns_51_1_1  |        0|   2|  0|  28|    0|
    |mul_40s_12ns_51_1_1_U737  |mul_40s_12ns_51_1_1  |        0|   2|  0|  28|    0|
    |mul_40s_13ns_52_1_1_U728  |mul_40s_13ns_52_1_1  |        0|   2|  0|  28|    0|
    |mul_40s_13ns_52_1_1_U733  |mul_40s_13ns_52_1_1  |        0|   2|  0|  28|    0|
    |mul_40s_13ns_52_1_1_U738  |mul_40s_13ns_52_1_1  |        0|   2|  0|  28|    0|
    |mul_40s_13ns_52_1_1_U739  |mul_40s_13ns_52_1_1  |        0|   2|  0|  28|    0|
    +--------------------------+---------------------+---------+----+---+----+-----+
    |Total                     |                     |        0|  32|  0| 448|    0|
    +--------------------------+---------------------+---------+----+---+----+-----+

    * DSP: 
    N/A

    * Memory: 
    N/A

    * FIFO: 
    N/A

    * Expression: 
    +---------------------------+----------+----+---+----+------------+------------+
    |       Variable Name       | Operation| DSP| FF| LUT| Bitwidth P0| Bitwidth P1|
    +---------------------------+----------+----+---+----+------------+------------+
    |add_ln42_16_fu_728569_p2   |         +|   0|  0|  57|          50|          30|
    |add_ln42_17_fu_728579_p2   |         +|   0|  0|  57|          50|          30|
    |add_ln42_18_fu_728589_p2   |         +|   0|  0|  57|          50|          28|
    |add_ln42_19_fu_728599_p2   |         +|   0|  0|  58|          51|          27|
    |add_ln42_20_fu_728609_p2   |         +|   0|  0|  58|          51|          30|
    |add_ln42_21_fu_728619_p2   |         +|   0|  0|  58|          51|          27|
    |add_ln42_22_fu_728629_p2   |         +|   0|  0|  58|          51|          24|
    |add_ln42_23_fu_728639_p2   |         +|   0|  0|  58|          51|          30|
    |add_ln42_24_fu_728649_p2   |         +|   0|  0|  59|          52|          25|
    |add_ln42_25_fu_728659_p2   |         +|   0|  0|  58|          51|          24|
    |add_ln42_26_fu_728669_p2   |         +|   0|  0|  58|          51|          30|
    |add_ln42_27_fu_728679_p2   |         +|   0|  0|  58|          51|          30|
    |add_ln42_28_fu_728689_p2   |         +|   0|  0|  59|          52|          30|
    |add_ln42_29_fu_728699_p2   |         +|   0|  0|  58|          51|          29|
    |add_ln42_30_fu_728709_p2   |         +|   0|  0|  59|          52|          28|
    |add_ln42_fu_728559_p2      |         +|   0|  0|  59|          52|          30|
    |i_11_fu_728330_p2          |         +|   0|  0|  17|          10|           1|
    |ap_condition_182           |       and|   0|  0|   2|           1|           1|
    |icmp_ln25_fu_728324_p2     |      icmp|   0|  0|  17|          10|          10|
    |ap_block_pp0_stage0_01001  |        or|   0|  0|   2|           1|           1|
    |ap_enable_pp0              |       xor|   0|  0|   2|           1|           2|
    +---------------------------+----------+----+---+----+------------+------------+
    |Total                      |          |   0|  0| 969|         840|         467|
    +---------------------------+----------+----+---+----+------------+------------+

    * Multiplexer: 
    +-------------------------+----+-----------+-----+-----------+
    |           Name          | LUT| Input Size| Bits| Total Bits|
    +-------------------------+----+-----------+-----+-----------+
    |ap_done_int              |   9|          2|    1|          2|
    |ap_enable_reg_pp0_iter1  |   9|          2|    1|          2|
    |ap_sig_allocacmp_i       |   9|          2|   10|         20|
    |i_02_fu_170              |   9|          2|   10|         20|
    |layer7_out_blk_n         |   9|          2|    1|          2|
    |layer9_out_blk_n         |   9|          2|    1|          2|
    |real_start               |   9|          2|    1|          2|
    +-------------------------+----+-----------+-----+-----------+
    |Total                    |  63|         14|   25|         50|
    +-------------------------+----+-----------+-----+-----------+

    * Register: 
    +----------------------------------+----+----+-----+-----------+
    |               Name               | FF | LUT| Bits| Const Bits|
    +----------------------------------+----+----+-----+-----------+
    |a_15_reg_728777                   |  40|   0|   40|          0|
    |a_16_reg_728782                   |  40|   0|   40|          0|
    |a_17_reg_728787                   |  40|   0|   40|          0|
    |a_18_reg_728792                   |  40|   0|   40|          0|
    |a_19_reg_728797                   |  40|   0|   40|          0|
    |a_20_reg_728802                   |  40|   0|   40|          0|
    |a_21_reg_728807                   |  40|   0|   40|          0|
    |a_22_reg_728812                   |  40|   0|   40|          0|
    |a_23_reg_728817                   |  40|   0|   40|          0|
    |a_24_reg_728822                   |  40|   0|   40|          0|
    |a_25_reg_728827                   |  40|   0|   40|          0|
    |a_26_reg_728832                   |  40|   0|   40|          0|
    |a_27_reg_728837                   |  40|   0|   40|          0|
    |a_28_reg_728842                   |  40|   0|   40|          0|
    |a_29_reg_728772                   |  40|   0|   40|          0|
    |a_reg_728767                      |  40|   0|   40|          0|
    |ap_CS_fsm                         |   1|   0|    1|          0|
    |ap_done_reg                       |   1|   0|    1|          0|
    |ap_enable_reg_pp0_iter1           |   1|   0|    1|          0|
    |ap_enable_reg_pp0_iter2           |   1|   0|    1|          0|
    |ap_enable_reg_pp0_iter3           |   1|   0|    1|          0|
    |ap_loop_exit_ready_pp0_iter1_reg  |   1|   0|    1|          0|
    |ap_loop_exit_ready_pp0_iter2_reg  |   1|   0|    1|          0|
    |i_02_fu_170                       |  10|   0|   10|          0|
    |mul_ln42_1_reg_728259             |  50|   0|   50|          0|
    |mul_ln42_2_reg_728263             |  50|   0|   50|          0|
    |mul_ln42_reg_728255               |  50|   0|   50|          0|
    |mul_ln73_16_reg_728267            |  51|   0|   51|          0|
    |mul_ln73_17_reg_728271            |  51|   0|   51|          0|
    |mul_ln73_18_reg_728275            |  51|   0|   51|          0|
    |mul_ln73_19_reg_728279            |  51|   0|   51|          0|
    |mul_ln73_20_reg_728283            |  51|   0|   51|          0|
    |mul_ln73_21_reg_728287            |  52|   0|   52|          0|
    |mul_ln73_22_reg_728291            |  51|   0|   51|          0|
    |mul_ln73_23_reg_728295            |  51|   0|   51|          0|
    |mul_ln73_24_reg_728299            |  51|   0|   51|          0|
    |mul_ln73_25_reg_728303            |  52|   0|   52|          0|
    |mul_ln73_26_reg_728307            |  51|   0|   51|          0|
    |mul_ln73_27_reg_728311            |  52|   0|   52|          0|
    |mul_ln73_reg_728251               |  52|   0|   52|          0|
    |start_once_reg                    |   1|   0|    1|          0|
    +----------------------------------+----+----+-----+-----------+
    |Total                             |1475|   0| 1475|          0|
    +----------------------------------+----+----+-----+-----------+



================================================================
== Interface
================================================================
* Summary: 
+---------------------------+-----+-----+------------+-------------------------------------------------------------------------+--------------+
|         RTL Ports         | Dir | Bits|  Protocol  |                              Source Object                              |    C Type    |
+---------------------------+-----+-----+------------+-------------------------------------------------------------------------+--------------+
|ap_clk                     |   in|    1|  ap_ctrl_hs|  normalize<array<ap_fixed,16u>,array<ap_fixed<57,28,5,3,0>,16u>,config9>|  return value|
|ap_rst                     |   in|    1|  ap_ctrl_hs|  normalize<array<ap_fixed,16u>,array<ap_fixed<57,28,5,3,0>,16u>,config9>|  return value|
|ap_start                   |   in|    1|  ap_ctrl_hs|  normalize<array<ap_fixed,16u>,array<ap_fixed<57,28,5,3,0>,16u>,config9>|  return value|
|start_full_n               |   in|    1|  ap_ctrl_hs|  normalize<array<ap_fixed,16u>,array<ap_fixed<57,28,5,3,0>,16u>,config9>|  return value|
|ap_done                    |  out|    1|  ap_ctrl_hs|  normalize<array<ap_fixed,16u>,array<ap_fixed<57,28,5,3,0>,16u>,config9>|  return value|
|ap_continue                |   in|    1|  ap_ctrl_hs|  normalize<array<ap_fixed,16u>,array<ap_fixed<57,28,5,3,0>,16u>,config9>|  return value|
|ap_idle                    |  out|    1|  ap_ctrl_hs|  normalize<array<ap_fixed,16u>,array<ap_fixed<57,28,5,3,0>,16u>,config9>|  return value|
|ap_ready                   |  out|    1|  ap_ctrl_hs|  normalize<array<ap_fixed,16u>,array<ap_fixed<57,28,5,3,0>,16u>,config9>|  return value|
|start_out                  |  out|    1|  ap_ctrl_hs|  normalize<array<ap_fixed,16u>,array<ap_fixed<57,28,5,3,0>,16u>,config9>|  return value|
|start_write                |  out|    1|  ap_ctrl_hs|  normalize<array<ap_fixed,16u>,array<ap_fixed<57,28,5,3,0>,16u>,config9>|  return value|
|layer7_out_dout            |   in|  640|     ap_fifo|                                                               layer7_out|       pointer|
|layer7_out_num_data_valid  |   in|   11|     ap_fifo|                                                               layer7_out|       pointer|
|layer7_out_fifo_cap        |   in|   11|     ap_fifo|                                                               layer7_out|       pointer|
|layer7_out_empty_n         |   in|    1|     ap_fifo|                                                               layer7_out|       pointer|
|layer7_out_read            |  out|    1|     ap_fifo|                                                               layer7_out|       pointer|
|layer9_out_din             |  out|  912|     ap_fifo|                                                               layer9_out|       pointer|
|layer9_out_num_data_valid  |   in|   11|     ap_fifo|                                                               layer9_out|       pointer|
|layer9_out_fifo_cap        |   in|   11|     ap_fifo|                                                               layer9_out|       pointer|
|layer9_out_full_n          |   in|    1|     ap_fifo|                                                               layer9_out|       pointer|
|layer9_out_write           |  out|    1|     ap_fifo|                                                               layer9_out|       pointer|
+---------------------------+-----+-----+------------+-------------------------------------------------------------------------+--------------+

