

================================================================
== Vitis HLS Report for 'normalize_array_ap_fixed_16u_array_ap_fixed_58_29_5_3_0_16u_config14_s'
================================================================
* Date:           Sat Mar 21 19:19:44 2026

* Version:        2023.2 (Build 4023990 on Oct 11 2023)
* Project:        myproject_prj
* Solution:       solution1 (Vivado IP Flow Target)
* Product family: zynquplus
* Target device:  xck26-sfvc784-2LV-c


================================================================
== Performance Estimates
================================================================
+ Timing: 
    * Summary: 
    +--------+---------+----------+------------+
    |  Clock |  Target | Estimated| Uncertainty|
    +--------+---------+----------+------------+
    |ap_clk  |  5.00 ns|  3.452 ns|     1.35 ns|
    +--------+---------+----------+------------+

+ Latency: 
    * Summary: 
    +---------+---------+----------+----------+-----+-----+---------+
    |  Latency (cycles) |  Latency (absolute) |  Interval | Pipeline|
    |   min   |   max   |    min   |    max   | min | max |   Type  |
    +---------+---------+----------+----------+-----+-----+---------+
    |       74|       74|  0.370 us|  0.370 us|   74|   74|       no|
    +---------+---------+----------+----------+-----+-----+---------+

    + Detail: 
        * Instance: 
        N/A

        * Loop: 
        +-----------------+---------+---------+----------+-----------+-----------+------+----------+
        |                 |  Latency (cycles) | Iteration|  Initiation Interval  | Trip |          |
        |    Loop Name    |   min   |   max   |  Latency |  achieved |   target  | Count| Pipelined|
        +-----------------+---------+---------+----------+-----------+-----------+------+----------+
        |- BatchNormLoop  |       72|       72|         4|          1|          1|    70|       yes|
        +-----------------+---------+---------+----------+-----------+-----------+------+----------+



================================================================
== Utilization Estimates
================================================================
* Summary: 
+-----------------+---------+------+--------+--------+-----+
|       Name      | BRAM_18K|  DSP |   FF   |   LUT  | URAM|
+-----------------+---------+------+--------+--------+-----+
|DSP              |        -|     -|       -|       -|    -|
|Expression       |        -|     -|       0|     994|    -|
|FIFO             |        -|     -|       -|       -|    -|
|Instance         |        -|    32|       0|     400|    -|
|Memory           |        -|     -|       -|       -|    -|
|Multiplexer      |        -|     -|       -|      63|    -|
|Register         |        -|     -|    1519|       -|    -|
+-----------------+---------+------+--------+--------+-----+
|Total            |        0|    32|    1519|    1457|    0|
+-----------------+---------+------+--------+--------+-----+
|Available        |      288|  1248|  234240|  117120|   64|
+-----------------+---------+------+--------+--------+-----+
|Utilization (%)  |        0|     2|      ~0|       1|    0|
+-----------------+---------+------+--------+--------+-----+

+ Detail: 
    * Instance: 
    +---------------------------+---------------------+---------+----+---+----+-----+
    |          Instance         |        Module       | BRAM_18K| DSP| FF| LUT| URAM|
    +---------------------------+---------------------+---------+----+---+----+-----+
    |mul_41s_13ns_53_1_1_U1565  |mul_41s_13ns_53_1_1  |        0|   2|  0|  25|    0|
    |mul_41s_13ns_53_1_1_U1566  |mul_41s_13ns_53_1_1  |        0|   2|  0|  25|    0|
    |mul_41s_13ns_53_1_1_U1567  |mul_41s_13ns_53_1_1  |        0|   2|  0|  25|    0|
    |mul_41s_13ns_53_1_1_U1568  |mul_41s_13ns_53_1_1  |        0|   2|  0|  25|    0|
    |mul_41s_13ns_53_1_1_U1569  |mul_41s_13ns_53_1_1  |        0|   2|  0|  25|    0|
    |mul_41s_13ns_53_1_1_U1570  |mul_41s_13ns_53_1_1  |        0|   2|  0|  25|    0|
    |mul_41s_13ns_53_1_1_U1571  |mul_41s_13ns_53_1_1  |        0|   2|  0|  25|    0|
    |mul_41s_13ns_53_1_1_U1572  |mul_41s_13ns_53_1_1  |        0|   2|  0|  25|    0|
    |mul_41s_13ns_53_1_1_U1573  |mul_41s_13ns_53_1_1  |        0|   2|  0|  25|    0|
    |mul_41s_13ns_53_1_1_U1574  |mul_41s_13ns_53_1_1  |        0|   2|  0|  25|    0|
    |mul_41s_13ns_53_1_1_U1575  |mul_41s_13ns_53_1_1  |        0|   2|  0|  25|    0|
    |mul_41s_13ns_53_1_1_U1576  |mul_41s_13ns_53_1_1  |        0|   2|  0|  25|    0|
    |mul_41s_13ns_53_1_1_U1577  |mul_41s_13ns_53_1_1  |        0|   2|  0|  25|    0|
    |mul_41s_13ns_53_1_1_U1578  |mul_41s_13ns_53_1_1  |        0|   2|  0|  25|    0|
    |mul_41s_13ns_53_1_1_U1579  |mul_41s_13ns_53_1_1  |        0|   2|  0|  25|    0|
    |mul_41s_13ns_53_1_1_U1580  |mul_41s_13ns_53_1_1  |        0|   2|  0|  25|    0|
    +---------------------------+---------------------+---------+----+---+----+-----+
    |Total                      |                     |        0|  32|  0| 400|    0|
    +---------------------------+---------------------+---------+----+---+----+-----+

    * DSP: 
    N/A

    * Memory: 
    N/A

    * FIFO: 
    N/A

    * Expression: 
    +---------------------------+----------+----+---+----+------------+------------+
    |       Variable Name       | Operation| DSP| FF| LUT| Bitwidth P0| Bitwidth P1|
    +---------------------------+----------+----+---+----+------------+------------+
    |add_ln42_10_fu_73459_p2    |         +|   0|  0|  60|          53|          31|
    |add_ln42_11_fu_73469_p2    |         +|   0|  0|  60|          53|          30|
    |add_ln42_12_fu_73479_p2    |         +|   0|  0|  60|          53|          30|
    |add_ln42_13_fu_73489_p2    |         +|   0|  0|  60|          53|          31|
    |add_ln42_14_fu_73499_p2    |         +|   0|  0|  60|          53|          31|
    |add_ln42_15_fu_73509_p2    |         +|   0|  0|  60|          53|          30|
    |add_ln42_1_fu_73369_p2     |         +|   0|  0|  60|          53|          27|
    |add_ln42_2_fu_73379_p2     |         +|   0|  0|  60|          53|          30|
    |add_ln42_3_fu_73389_p2     |         +|   0|  0|  60|          53|          31|
    |add_ln42_4_fu_73399_p2     |         +|   0|  0|  60|          53|          30|
    |add_ln42_5_fu_73409_p2     |         +|   0|  0|  60|          53|          29|
    |add_ln42_6_fu_73419_p2     |         +|   0|  0|  60|          53|          31|
    |add_ln42_7_fu_73429_p2     |         +|   0|  0|  60|          53|          30|
    |add_ln42_8_fu_73439_p2     |         +|   0|  0|  60|          53|          31|
    |add_ln42_9_fu_73449_p2     |         +|   0|  0|  60|          53|          32|
    |add_ln42_fu_73359_p2       |         +|   0|  0|  60|          53|          32|
    |i_10_fu_73130_p2           |         +|   0|  0|  14|           7|           1|
    |ap_condition_182           |       and|   0|  0|   2|           1|           1|
    |icmp_ln25_fu_73124_p2      |      icmp|   0|  0|  14|           7|           7|
    |ap_block_pp0_stage0_01001  |        or|   0|  0|   2|           1|           1|
    |ap_enable_pp0              |       xor|   0|  0|   2|           1|           2|
    +---------------------------+----------+----+---+----+------------+------------+
    |Total                      |          |   0|  0| 994|         865|         498|
    +---------------------------+----------+----+---+----+------------+------------+

    * Multiplexer: 
    +-------------------------+----+-----------+-----+-----------+
    |           Name          | LUT| Input Size| Bits| Total Bits|
    +-------------------------+----+-----------+-----+-----------+
    |ap_done_int              |   9|          2|    1|          2|
    |ap_enable_reg_pp0_iter1  |   9|          2|    1|          2|
    |ap_sig_allocacmp_i       |   9|          2|    7|         14|
    |i_02_fu_170              |   9|          2|    7|         14|
    |layer12_out_blk_n        |   9|          2|    1|          2|
    |layer14_out_blk_n        |   9|          2|    1|          2|
    |real_start               |   9|          2|    1|          2|
    +-------------------------+----+-----------+-----+-----------+
    |Total                    |  63|         14|   19|         38|
    +-------------------------+----+-----------+-----+-----------+

    * Register: 
    +----------------------------------+----+----+-----+-----------+
    |               Name               | FF | LUT| Bits| Const Bits|
    +----------------------------------+----+----+-----+-----------+
    |a_10_reg_73622                    |  41|   0|   41|          0|
    |a_11_reg_73627                    |  41|   0|   41|          0|
    |a_12_reg_73632                    |  41|   0|   41|          0|
    |a_13_reg_73637                    |  41|   0|   41|          0|
    |a_14_reg_73642                    |  41|   0|   41|          0|
    |a_15_reg_73617                    |  41|   0|   41|          0|
    |a_1_reg_73572                     |  41|   0|   41|          0|
    |a_2_reg_73577                     |  41|   0|   41|          0|
    |a_3_reg_73582                     |  41|   0|   41|          0|
    |a_4_reg_73587                     |  41|   0|   41|          0|
    |a_5_reg_73592                     |  41|   0|   41|          0|
    |a_6_reg_73597                     |  41|   0|   41|          0|
    |a_7_reg_73602                     |  41|   0|   41|          0|
    |a_8_reg_73607                     |  41|   0|   41|          0|
    |a_9_reg_73612                     |  41|   0|   41|          0|
    |a_reg_73567                       |  41|   0|   41|          0|
    |ap_CS_fsm                         |   1|   0|    1|          0|
    |ap_done_reg                       |   1|   0|    1|          0|
    |ap_enable_reg_pp0_iter1           |   1|   0|    1|          0|
    |ap_enable_reg_pp0_iter2           |   1|   0|    1|          0|
    |ap_enable_reg_pp0_iter3           |   1|   0|    1|          0|
    |ap_loop_exit_ready_pp0_iter1_reg  |   1|   0|    1|          0|
    |ap_loop_exit_ready_pp0_iter2_reg  |   1|   0|    1|          0|
    |i_02_fu_170                       |   7|   0|    7|          0|
    |mul_ln73_10_reg_73091             |  53|   0|   53|          0|
    |mul_ln73_11_reg_73095             |  53|   0|   53|          0|
    |mul_ln73_12_reg_73099             |  53|   0|   53|          0|
    |mul_ln73_13_reg_73103             |  53|   0|   53|          0|
    |mul_ln73_14_reg_73107             |  53|   0|   53|          0|
    |mul_ln73_15_reg_73111             |  53|   0|   53|          0|
    |mul_ln73_1_reg_73055              |  53|   0|   53|          0|
    |mul_ln73_2_reg_73059              |  53|   0|   53|          0|
    |mul_ln73_3_reg_73063              |  53|   0|   53|          0|
    |mul_ln73_4_reg_73067              |  53|   0|   53|          0|
    |mul_ln73_5_reg_73071              |  53|   0|   53|          0|
    |mul_ln73_6_reg_73075              |  53|   0|   53|          0|
    |mul_ln73_7_reg_73079              |  53|   0|   53|          0|
    |mul_ln73_8_reg_73083              |  53|   0|   53|          0|
    |mul_ln73_9_reg_73087              |  53|   0|   53|          0|
    |mul_ln73_reg_73051                |  53|   0|   53|          0|
    |start_once_reg                    |   1|   0|    1|          0|
    +----------------------------------+----+----+-----+-----------+
    |Total                             |1519|   0| 1519|          0|
    +----------------------------------+----+----+-----+-----------+



================================================================
== Interface
================================================================
* Summary: 
+----------------------------+-----+-----+------------+--------------------------------------------------------------------------+--------------+
|          RTL Ports         | Dir | Bits|  Protocol  |                               Source Object                              |    C Type    |
+----------------------------+-----+-----+------------+--------------------------------------------------------------------------+--------------+
|ap_clk                      |   in|    1|  ap_ctrl_hs|  normalize<array<ap_fixed,16u>,array<ap_fixed<58,29,5,3,0>,16u>,config14>|  return value|
|ap_rst                      |   in|    1|  ap_ctrl_hs|  normalize<array<ap_fixed,16u>,array<ap_fixed<58,29,5,3,0>,16u>,config14>|  return value|
|ap_start                    |   in|    1|  ap_ctrl_hs|  normalize<array<ap_fixed,16u>,array<ap_fixed<58,29,5,3,0>,16u>,config14>|  return value|
|start_full_n                |   in|    1|  ap_ctrl_hs|  normalize<array<ap_fixed,16u>,array<ap_fixed<58,29,5,3,0>,16u>,config14>|  return value|
|ap_done                     |  out|    1|  ap_ctrl_hs|  normalize<array<ap_fixed,16u>,array<ap_fixed<58,29,5,3,0>,16u>,config14>|  return value|
|ap_continue                 |   in|    1|  ap_ctrl_hs|  normalize<array<ap_fixed,16u>,array<ap_fixed<58,29,5,3,0>,16u>,config14>|  return value|
|ap_idle                     |  out|    1|  ap_ctrl_hs|  normalize<array<ap_fixed,16u>,array<ap_fixed<58,29,5,3,0>,16u>,config14>|  return value|
|ap_ready                    |  out|    1|  ap_ctrl_hs|  normalize<array<ap_fixed,16u>,array<ap_fixed<58,29,5,3,0>,16u>,config14>|  return value|
|start_out                   |  out|    1|  ap_ctrl_hs|  normalize<array<ap_fixed,16u>,array<ap_fixed<58,29,5,3,0>,16u>,config14>|  return value|
|start_write                 |  out|    1|  ap_ctrl_hs|  normalize<array<ap_fixed,16u>,array<ap_fixed<58,29,5,3,0>,16u>,config14>|  return value|
|layer12_out_dout            |   in|  656|     ap_fifo|                                                               layer12_out|       pointer|
|layer12_out_num_data_valid  |   in|    8|     ap_fifo|                                                               layer12_out|       pointer|
|layer12_out_fifo_cap        |   in|    8|     ap_fifo|                                                               layer12_out|       pointer|
|layer12_out_empty_n         |   in|    1|     ap_fifo|                                                               layer12_out|       pointer|
|layer12_out_read            |  out|    1|     ap_fifo|                                                               layer12_out|       pointer|
|layer14_out_din             |  out|  928|     ap_fifo|                                                               layer14_out|       pointer|
|layer14_out_num_data_valid  |   in|    8|     ap_fifo|                                                               layer14_out|       pointer|
|layer14_out_fifo_cap        |   in|    8|     ap_fifo|                                                               layer14_out|       pointer|
|layer14_out_full_n          |   in|    1|     ap_fifo|                                                               layer14_out|       pointer|
|layer14_out_write           |  out|    1|     ap_fifo|                                                               layer14_out|       pointer|
+----------------------------+-----+-----+------------+--------------------------------------------------------------------------+--------------+

