

================================================================
== Vitis HLS Report for 'normalize_array_ap_fixed_8u_array_ap_fixed_55_26_5_3_0_8u_config4_s'
================================================================
* Date:           Sun Mar 22 09:49:05 2026

* Version:        2023.2 (Build 4023990 on Oct 11 2023)
* Project:        myproject_prj
* Solution:       solution1 (Vivado IP Flow Target)
* Product family: zynquplus
* Target device:  xck26-sfvc784-2LV-c


================================================================
== Performance Estimates
================================================================
+ Timing: 
    * Summary: 
    +--------+---------+----------+------------+
    |  Clock |  Target | Estimated| Uncertainty|
    +--------+---------+----------+------------+
    |ap_clk  |  5.00 ns|  3.570 ns|     1.35 ns|
    +--------+---------+----------+------------+

+ Latency: 
    * Summary: 
    +---------+---------+----------+----------+------+------+---------+
    |  Latency (cycles) |  Latency (absolute) |   Interval  | Pipeline|
    |   min   |   max   |    min   |    max   |  min |  max |   Type  |
    +---------+---------+----------+----------+------+------+---------+
    |     1284|     1284|  6.420 us|  6.420 us|  1284|  1284|       no|
    +---------+---------+----------+----------+------+------+---------+

    + Detail: 
        * Instance: 
        N/A

        * Loop: 
        +-----------------+---------+---------+----------+-----------+-----------+------+----------+
        |                 |  Latency (cycles) | Iteration|  Initiation Interval  | Trip |          |
        |    Loop Name    |   min   |   max   |  Latency |  achieved |   target  | Count| Pipelined|
        +-----------------+---------+---------+----------+-----------+-----------+------+----------+
        |- BatchNormLoop  |     1282|     1282|         4|          1|          1|  1280|       yes|
        +-----------------+---------+---------+----------+-----------+-----------+------+----------+



================================================================
== Utilization Estimates
================================================================
* Summary: 
+-----------------+---------+------+--------+--------+-----+
|       Name      | BRAM_18K|  DSP |   FF   |   LUT  | URAM|
+-----------------+---------+------+--------+--------+-----+
|DSP              |        -|     -|       -|       -|    -|
|Expression       |        -|     -|       0|     490|    -|
|FIFO             |        -|     -|       -|       -|    -|
|Instance         |        -|    16|       0|     208|    -|
|Memory           |        -|     -|       -|       -|    -|
|Multiplexer      |        -|     -|       -|      63|    -|
|Register         |        -|     -|     715|       -|    -|
+-----------------+---------+------+--------+--------+-----+
|Total            |        0|    16|     715|     761|    0|
+-----------------+---------+------+--------+--------+-----+
|Available        |      288|  1248|  234240|  117120|   64|
+-----------------+---------+------+--------+--------+-----+
|Utilization (%)  |        0|     1|      ~0|      ~0|    0|
+-----------------+---------+------+--------+--------+-----+

+ Detail: 
    * Instance: 
    +--------------------------+---------------------+---------+----+---+----+-----+
    |         Instance         |        Module       | BRAM_18K| DSP| FF| LUT| URAM|
    +--------------------------+---------------------+---------+----+---+----+-----+
    |mul_38s_11ns_48_1_1_U153  |mul_38s_11ns_48_1_1  |        0|   2|  0|  26|    0|
    |mul_38s_12ns_49_1_1_U154  |mul_38s_12ns_49_1_1  |        0|   2|  0|  26|    0|
    |mul_38s_12ns_49_1_1_U155  |mul_38s_12ns_49_1_1  |        0|   2|  0|  26|    0|
    |mul_38s_12ns_49_1_1_U156  |mul_38s_12ns_49_1_1  |        0|   2|  0|  26|    0|
    |mul_38s_12ns_49_1_1_U157  |mul_38s_12ns_49_1_1  |        0|   2|  0|  26|    0|
    |mul_38s_12ns_49_1_1_U158  |mul_38s_12ns_49_1_1  |        0|   2|  0|  26|    0|
    |mul_38s_12ns_49_1_1_U160  |mul_38s_12ns_49_1_1  |        0|   2|  0|  26|    0|
    |mul_38s_13ns_50_1_1_U159  |mul_38s_13ns_50_1_1  |        0|   2|  0|  26|    0|
    +--------------------------+---------------------+---------+----+---+----+-----+
    |Total                     |                     |        0|  16|  0| 208|    0|
    +--------------------------+---------------------+---------+----+---+----+-----+

    * DSP: 
    N/A

    * Memory: 
    N/A

    * FIFO: 
    N/A

    * Expression: 
    +---------------------------+----------+----+---+----+------------+------------+
    |       Variable Name       | Operation| DSP| FF| LUT| Bitwidth P0| Bitwidth P1|
    +---------------------------+----------+----+---+----+------------+------------+
    |add_ln42_15_fu_338249_p2   |         +|   0|  0|  56|          49|          29|
    |add_ln42_16_fu_338259_p2   |         +|   0|  0|  57|          50|          28|
    |add_ln42_17_fu_338269_p2   |         +|   0|  0|  56|          49|          26|
    |add_ln42_18_fu_338279_p2   |         +|   0|  0|  56|          49|          28|
    |add_ln42_19_fu_338289_p2   |         +|   0|  0|  56|          49|          28|
    |add_ln42_20_fu_338299_p2   |         +|   0|  0|  56|          49|          27|
    |add_ln42_21_fu_338309_p2   |         +|   0|  0|  56|          49|          27|
    |add_ln42_fu_338239_p2      |         +|   0|  0|  55|          48|          26|
    |i_15_fu_338122_p2          |         +|   0|  0|  18|          11|           1|
    |ap_condition_150           |       and|   0|  0|   2|           1|           1|
    |icmp_ln25_fu_338116_p2     |      icmp|   0|  0|  18|          11|          11|
    |ap_block_pp0_stage0_01001  |        or|   0|  0|   2|           1|           1|
    |ap_enable_pp0              |       xor|   0|  0|   2|           1|           2|
    +---------------------------+----------+----+---+----+------------+------------+
    |Total                      |          |   0|  0| 490|         417|         235|
    +---------------------------+----------+----+---+----+------------+------------+

    * Multiplexer: 
    +-------------------------+----+-----------+-----+-----------+
    |           Name          | LUT| Input Size| Bits| Total Bits|
    +-------------------------+----+-----------+-----+-----------+
    |ap_done_int              |   9|          2|    1|          2|
    |ap_enable_reg_pp0_iter1  |   9|          2|    1|          2|
    |ap_sig_allocacmp_i       |   9|          2|   11|         22|
    |i_02_fu_106              |   9|          2|   11|         22|
    |layer2_out_blk_n         |   9|          2|    1|          2|
    |layer4_out_blk_n         |   9|          2|    1|          2|
    |real_start               |   9|          2|    1|          2|
    +-------------------------+----+-----------+-----+-----------+
    |Total                    |  63|         14|   27|         54|
    +-------------------------+----+-----------+-----+-----------+

    * Register: 
    +----------------------------------+----+----+-----+-----------+
    |               Name               | FF | LUT| Bits| Const Bits|
    +----------------------------------+----+----+-----+-----------+
    |a_11_reg_338356                   |  38|   0|   38|          0|
    |a_1_reg_338386                    |  38|   0|   38|          0|
    |a_5_reg_338361                    |  38|   0|   38|          0|
    |a_6_reg_338366                    |  38|   0|   38|          0|
    |a_7_reg_338371                    |  38|   0|   38|          0|
    |a_8_reg_338376                    |  38|   0|   38|          0|
    |a_9_reg_338381                    |  38|   0|   38|          0|
    |a_reg_338351                      |  38|   0|   38|          0|
    |ap_CS_fsm                         |   1|   0|    1|          0|
    |ap_done_reg                       |   1|   0|    1|          0|
    |ap_enable_reg_pp0_iter1           |   1|   0|    1|          0|
    |ap_enable_reg_pp0_iter2           |   1|   0|    1|          0|
    |ap_enable_reg_pp0_iter3           |   1|   0|    1|          0|
    |ap_loop_exit_ready_pp0_iter1_reg  |   1|   0|    1|          0|
    |ap_loop_exit_ready_pp0_iter2_reg  |   1|   0|    1|          0|
    |i_02_fu_106                       |  11|   0|   11|          0|
    |mul_ln42_10_reg_338103            |  49|   0|   49|          0|
    |mul_ln42_4_reg_338079             |  49|   0|   49|          0|
    |mul_ln42_5_reg_338083             |  50|   0|   50|          0|
    |mul_ln42_6_reg_338087             |  49|   0|   49|          0|
    |mul_ln42_7_reg_338091             |  49|   0|   49|          0|
    |mul_ln42_8_reg_338095             |  49|   0|   49|          0|
    |mul_ln42_9_reg_338099             |  49|   0|   49|          0|
    |mul_ln42_reg_338075               |  48|   0|   48|          0|
    |start_once_reg                    |   1|   0|    1|          0|
    +----------------------------------+----+----+-----+-----------+
    |Total                             | 715|   0|  715|          0|
    +----------------------------------+----+----+-----+-----------+



================================================================
== Interface
================================================================
* Summary: 
+---------------------------+-----+-----+------------+-----------------------------------------------------------------------+--------------+
|         RTL Ports         | Dir | Bits|  Protocol  |                             Source Object                             |    C Type    |
+---------------------------+-----+-----+------------+-----------------------------------------------------------------------+--------------+
|ap_clk                     |   in|    1|  ap_ctrl_hs|  normalize<array<ap_fixed,8u>,array<ap_fixed<55,26,5,3,0>,8u>,config4>|  return value|
|ap_rst                     |   in|    1|  ap_ctrl_hs|  normalize<array<ap_fixed,8u>,array<ap_fixed<55,26,5,3,0>,8u>,config4>|  return value|
|ap_start                   |   in|    1|  ap_ctrl_hs|  normalize<array<ap_fixed,8u>,array<ap_fixed<55,26,5,3,0>,8u>,config4>|  return value|
|start_full_n               |   in|    1|  ap_ctrl_hs|  normalize<array<ap_fixed,8u>,array<ap_fixed<55,26,5,3,0>,8u>,config4>|  return value|
|ap_done                    |  out|    1|  ap_ctrl_hs|  normalize<array<ap_fixed,8u>,array<ap_fixed<55,26,5,3,0>,8u>,config4>|  return value|
|ap_continue                |   in|    1|  ap_ctrl_hs|  normalize<array<ap_fixed,8u>,array<ap_fixed<55,26,5,3,0>,8u>,config4>|  return value|
|ap_idle                    |  out|    1|  ap_ctrl_hs|  normalize<array<ap_fixed,8u>,array<ap_fixed<55,26,5,3,0>,8u>,config4>|  return value|
|ap_ready                   |  out|    1|  ap_ctrl_hs|  normalize<array<ap_fixed,8u>,array<ap_fixed<55,26,5,3,0>,8u>,config4>|  return value|
|start_out                  |  out|    1|  ap_ctrl_hs|  normalize<array<ap_fixed,8u>,array<ap_fixed<55,26,5,3,0>,8u>,config4>|  return value|
|start_write                |  out|    1|  ap_ctrl_hs|  normalize<array<ap_fixed,8u>,array<ap_fixed<55,26,5,3,0>,8u>,config4>|  return value|
|layer2_out_dout            |   in|  304|     ap_fifo|                                                             layer2_out|       pointer|
|layer2_out_num_data_valid  |   in|   12|     ap_fifo|                                                             layer2_out|       pointer|
|layer2_out_fifo_cap        |   in|   12|     ap_fifo|                                                             layer2_out|       pointer|
|layer2_out_empty_n         |   in|    1|     ap_fifo|                                                             layer2_out|       pointer|
|layer2_out_read            |  out|    1|     ap_fifo|                                                             layer2_out|       pointer|
|layer4_out_din             |  out|  440|     ap_fifo|                                                             layer4_out|       pointer|
|layer4_out_num_data_valid  |   in|   12|     ap_fifo|                                                             layer4_out|       pointer|
|layer4_out_fifo_cap        |   in|   12|     ap_fifo|                                                             layer4_out|       pointer|
|layer4_out_full_n          |   in|    1|     ap_fifo|                                                             layer4_out|       pointer|
|layer4_out_write           |  out|    1|     ap_fifo|                                                             layer4_out|       pointer|
+---------------------------+-----+-----+------------+-----------------------------------------------------------------------+--------------+

