

================================================================
== Vitis HLS Report for 'pooling2d_cl_array_array_ap_ufixed_16_6_4_0_0_8u_config6_s'
================================================================
* Date:           Sat Mar 21 19:19:30 2026

* Version:        2023.2 (Build 4023990 on Oct 11 2023)
* Project:        myproject_prj
* Solution:       solution1 (Vivado IP Flow Target)
* Product family: zynquplus
* Target device:  xck26-sfvc784-2LV-c


================================================================
== Performance Estimates
================================================================
+ Timing: 
    * Summary: 
    +--------+---------+----------+------------+
    |  Clock |  Target | Estimated| Uncertainty|
    +--------+---------+----------+------------+
    |ap_clk  |  5.00 ns|  3.630 ns|     1.35 ns|
    +--------+---------+----------+------------+

+ Latency: 
    * Summary: 
    +---------+---------+-----------+-----------+-------+-------+---------+
    |  Latency (cycles) |   Latency (absolute)  |    Interval   | Pipeline|
    |   min   |   max   |    min    |    max    |  min  |  max  |   Type  |
    +---------+---------+-----------+-----------+-------+-------+---------+
    |    11283|    11283|  56.415 us|  56.415 us|  11283|  11283|       no|
    +---------+---------+-----------+-----------+-------+-------+---------+

    + Detail: 
        * Instance: 
        +----------------------------------------------------------------------------+-----------------------------------------------------------+---------+---------+----------+----------+-----+-----+---------+
        |                                                                            |                                                           |  Latency (cycles) |  Latency (absolute) |  Interval | Pipeline|
        |                                  Instance                                  |                           Module                          |   min   |   max   |    min   |    max   | min | max |   Type  |
        +----------------------------------------------------------------------------+-----------------------------------------------------------+---------+---------+----------+----------+-----+-----+---------+
        |call_ln52_shift_line_buffer_array_ap_ufixed_16_6_4_0_0_8u_config6_s_fu_268  |shift_line_buffer_array_ap_ufixed_16_6_4_0_0_8u_config6_s  |        0|        0|      0 ns|      0 ns|    1|    1|      yes|
        +----------------------------------------------------------------------------+-----------------------------------------------------------+---------+---------+----------+----------+-----+-----+---------+

        * Loop: 
        +----------------------------------+---------+---------+----------+-----------+-----------+------+----------+
        |                                  |  Latency (cycles) | Iteration|  Initiation Interval  | Trip |          |
        |             Loop Name            |   min   |   max   |  Latency |  achieved |   target  | Count| Pipelined|
        +----------------------------------+---------+---------+----------+-----------+-----------+------+----------+
        |- ReadInputHeight_ReadInputWidth  |    11281|    11281|         4|          2|          1|  5640|       yes|
        +----------------------------------+---------+---------+----------+-----------+-----------+------+----------+



================================================================
== Utilization Estimates
================================================================
* Summary: 
+-----------------+---------+------+--------+--------+-----+
|       Name      | BRAM_18K|  DSP |   FF   |   LUT  | URAM|
+-----------------+---------+------+--------+--------+-----+
|DSP              |        -|     -|       -|       -|    -|
|Expression       |        -|     -|       0|    2914|    -|
|FIFO             |        -|     -|       -|       -|    -|
|Instance         |        -|     -|     513|     688|    -|
|Memory           |        -|     -|       -|       -|    -|
|Multiplexer      |        -|     -|       -|     122|    -|
|Register         |        -|     -|    1338|       -|    -|
+-----------------+---------+------+--------+--------+-----+
|Total            |        0|     0|    1851|    3724|    0|
+-----------------+---------+------+--------+--------+-----+
|Available        |      288|  1248|  234240|  117120|   64|
+-----------------+---------+------+--------+--------+-----+
|Utilization (%)  |        0|     0|      ~0|       3|    0|
+-----------------+---------+------+--------+--------+-----+

+ Detail: 
    * Instance: 
    +----------------------------------------------------------------------------+-----------------------------------------------------------+---------+----+-----+-----+-----+
    |                                  Instance                                  |                           Module                          | BRAM_18K| DSP|  FF | LUT | URAM|
    +----------------------------------------------------------------------------+-----------------------------------------------------------+---------+----+-----+-----+-----+
    |call_ln52_shift_line_buffer_array_ap_ufixed_16_6_4_0_0_8u_config6_s_fu_268  |shift_line_buffer_array_ap_ufixed_16_6_4_0_0_8u_config6_s  |        0|   0|  513|  688|    0|
    +----------------------------------------------------------------------------+-----------------------------------------------------------+---------+----+-----+-----+-----+
    |Total                                                                       |                                                           |        0|   0|  513|  688|    0|
    +----------------------------------------------------------------------------+-----------------------------------------------------------+---------+----+-----+-----+-----+

    * DSP: 
    N/A

    * Memory: 
    N/A

    * FIFO: 
    N/A

    * Expression: 
    +------------------------------------------+----------+----+---+----+------------+------------+
    |               Variable Name              | Operation| DSP| FF| LUT| Bitwidth P0| Bitwidth P1|
    +------------------------------------------+----------+----+---+----+------------+------------+
    |add_ln109_fu_438_p2                       |         +|   0|  0|  20|          13|           1|
    |add_ln76_fu_496_p2                        |         +|   0|  0|  39|          32|           1|
    |add_ln80_fu_550_p2                        |         +|   0|  0|  39|          32|           1|
    |add_ln86_fu_586_p2                        |         +|   0|  0|  39|          32|          32|
    |add_ln91_fu_522_p2                        |         +|   0|  0|  39|          32|          32|
    |and_ln55_1_fu_490_p2                      |       and|   0|  0|   2|           1|           1|
    |and_ln55_fu_484_p2                        |       and|   0|  0|   2|           1|           1|
    |ap_block_state2_pp0_stage1_iter0          |       and|   0|  0|   2|           1|           1|
    |ap_block_state4_pp0_stage1_iter1          |       and|   0|  0|   2|           1|           1|
    |ap_condition_450                          |       and|   0|  0|   2|           1|           1|
    |ap_condition_466                          |       and|   0|  0|   2|           1|           1|
    |ap_condition_858                          |       and|   0|  0|   2|           1|           1|
    |ap_predicate_op333_write_state4           |       and|   0|  0|   2|           1|           1|
    |icmp_ln109_fu_432_p2                      |      icmp|   0|  0|  20|          13|          13|
    |icmp_ln55_1_fu_462_p2                     |      icmp|   0|  0|  39|          32|           1|
    |icmp_ln55_2_fu_472_p2                     |      icmp|   0|  0|  39|          32|           1|
    |icmp_ln55_3_fu_478_p2                     |      icmp|   0|  0|  39|          32|           2|
    |icmp_ln55_fu_448_p2                       |      icmp|   0|  0|  39|          32|           2|
    |icmp_ln66_10_fu_763_p2                    |      icmp|   0|  0|  23|          16|          16|
    |icmp_ln66_11_fu_783_p2                    |      icmp|   0|  0|  23|          16|          16|
    |icmp_ln66_12_fu_803_p2                    |      icmp|   0|  0|  23|          16|          16|
    |icmp_ln66_13_fu_823_p2                    |      icmp|   0|  0|  23|          16|          16|
    |icmp_ln66_14_fu_843_p2                    |      icmp|   0|  0|  23|          16|          16|
    |icmp_ln66_15_fu_907_p2                    |      icmp|   0|  0|  23|          16|          16|
    |icmp_ln66_16_fu_927_p2                    |      icmp|   0|  0|  23|          16|          16|
    |icmp_ln66_17_fu_947_p2                    |      icmp|   0|  0|  23|          16|          16|
    |icmp_ln66_18_fu_967_p2                    |      icmp|   0|  0|  23|          16|          16|
    |icmp_ln66_19_fu_987_p2                    |      icmp|   0|  0|  23|          16|          16|
    |icmp_ln66_20_fu_1007_p2                   |      icmp|   0|  0|  23|          16|          16|
    |icmp_ln66_21_fu_1027_p2                   |      icmp|   0|  0|  23|          16|          16|
    |icmp_ln66_22_fu_1091_p2                   |      icmp|   0|  0|  23|          16|          16|
    |icmp_ln66_23_fu_1111_p2                   |      icmp|   0|  0|  23|          16|          16|
    |icmp_ln66_24_fu_1131_p2                   |      icmp|   0|  0|  23|          16|          16|
    |icmp_ln66_25_fu_1151_p2                   |      icmp|   0|  0|  23|          16|          16|
    |icmp_ln66_26_fu_1171_p2                   |      icmp|   0|  0|  23|          16|          16|
    |icmp_ln66_27_fu_1191_p2                   |      icmp|   0|  0|  23|          16|          16|
    |icmp_ln66_28_fu_1211_p2                   |      icmp|   0|  0|  23|          16|          16|
    |icmp_ln66_29_fu_1275_p2                   |      icmp|   0|  0|  23|          16|          16|
    |icmp_ln66_30_fu_1295_p2                   |      icmp|   0|  0|  23|          16|          16|
    |icmp_ln66_31_fu_1315_p2                   |      icmp|   0|  0|  23|          16|          16|
    |icmp_ln66_32_fu_1335_p2                   |      icmp|   0|  0|  23|          16|          16|
    |icmp_ln66_33_fu_1355_p2                   |      icmp|   0|  0|  23|          16|          16|
    |icmp_ln66_34_fu_1375_p2                   |      icmp|   0|  0|  23|          16|          16|
    |icmp_ln66_35_fu_1395_p2                   |      icmp|   0|  0|  23|          16|          16|
    |icmp_ln66_36_fu_1459_p2                   |      icmp|   0|  0|  23|          16|          16|
    |icmp_ln66_37_fu_1479_p2                   |      icmp|   0|  0|  23|          16|          16|
    |icmp_ln66_38_fu_1499_p2                   |      icmp|   0|  0|  23|          16|          16|
    |icmp_ln66_39_fu_1519_p2                   |      icmp|   0|  0|  23|          16|          16|
    |icmp_ln66_40_fu_1539_p2                   |      icmp|   0|  0|  23|          16|          16|
    |icmp_ln66_41_fu_1559_p2                   |      icmp|   0|  0|  23|          16|          16|
    |icmp_ln66_42_fu_1579_p2                   |      icmp|   0|  0|  23|          16|          16|
    |icmp_ln66_43_fu_1643_p2                   |      icmp|   0|  0|  23|          16|          16|
    |icmp_ln66_44_fu_1663_p2                   |      icmp|   0|  0|  23|          16|          16|
    |icmp_ln66_45_fu_1683_p2                   |      icmp|   0|  0|  23|          16|          16|
    |icmp_ln66_46_fu_1703_p2                   |      icmp|   0|  0|  23|          16|          16|
    |icmp_ln66_47_fu_1723_p2                   |      icmp|   0|  0|  23|          16|          16|
    |icmp_ln66_48_fu_1743_p2                   |      icmp|   0|  0|  23|          16|          16|
    |icmp_ln66_49_fu_1763_p2                   |      icmp|   0|  0|  23|          16|          16|
    |icmp_ln66_50_fu_1827_p2                   |      icmp|   0|  0|  23|          16|          16|
    |icmp_ln66_51_fu_1847_p2                   |      icmp|   0|  0|  23|          16|          16|
    |icmp_ln66_52_fu_1867_p2                   |      icmp|   0|  0|  23|          16|          16|
    |icmp_ln66_53_fu_1887_p2                   |      icmp|   0|  0|  23|          16|          16|
    |icmp_ln66_54_fu_1907_p2                   |      icmp|   0|  0|  23|          16|          16|
    |icmp_ln66_55_fu_1927_p2                   |      icmp|   0|  0|  23|          16|          16|
    |icmp_ln66_56_fu_1947_p2                   |      icmp|   0|  0|  23|          16|          16|
    |icmp_ln66_57_fu_2011_p2                   |      icmp|   0|  0|  23|          16|          16|
    |icmp_ln66_58_fu_2031_p2                   |      icmp|   0|  0|  23|          16|          16|
    |icmp_ln66_59_fu_2051_p2                   |      icmp|   0|  0|  23|          16|          16|
    |icmp_ln66_60_fu_2071_p2                   |      icmp|   0|  0|  23|          16|          16|
    |icmp_ln66_61_fu_2091_p2                   |      icmp|   0|  0|  23|          16|          16|
    |icmp_ln66_62_fu_2111_p2                   |      icmp|   0|  0|  23|          16|          16|
    |icmp_ln66_63_fu_2131_p2                   |      icmp|   0|  0|  23|          16|          16|
    |icmp_ln66_9_fu_743_p2                     |      icmp|   0|  0|  23|          16|          16|
    |icmp_ln66_fu_723_p2                       |      icmp|   0|  0|  23|          16|          16|
    |icmp_ln76_fu_502_p2                       |      icmp|   0|  0|  39|          32|           9|
    |icmp_ln80_fu_556_p2                       |      icmp|   0|  0|  39|          32|           5|
    |icmp_ln86_fu_572_p2                       |      icmp|   0|  0|  39|          32|           1|
    |ap_block_pp0_stage0_11001                 |        or|   0|  0|   2|           1|           1|
    |ap_block_pp0_stage1_01001                 |        or|   0|  0|   2|           1|           1|
    |ap_block_pp0_stage1_11001_ignoreCallOp64  |        or|   0|  0|   2|           1|           1|
    |res_pack_1_fu_2173_p3                     |    select|   0|  0|  15|           1|           1|
    |res_pack_2_fu_2183_p3                     |    select|   0|  0|  15|           1|           1|
    |res_pack_3_fu_2193_p3                     |    select|   0|  0|  15|           1|           1|
    |res_pack_4_fu_2203_p3                     |    select|   0|  0|  15|           1|           1|
    |res_pack_5_fu_2213_p3                     |    select|   0|  0|  15|           1|           1|
    |res_pack_6_fu_2223_p3                     |    select|   0|  0|  15|           1|           1|
    |res_pack_7_fu_2233_p3                     |    select|   0|  0|  15|           1|           1|
    |res_pack_fu_2163_p3                       |    select|   0|  0|  15|           1|           1|
    |select_ln0_10_fu_999_p3                   |    select|   0|  0|  16|           1|          16|
    |select_ln0_11_fu_1019_p3                  |    select|   0|  0|  16|           1|          16|
    |select_ln0_12_fu_1103_p3                  |    select|   0|  0|  16|           1|          16|
    |select_ln0_13_fu_1123_p3                  |    select|   0|  0|  16|           1|          16|
    |select_ln0_14_fu_1143_p3                  |    select|   0|  0|  16|           1|          16|
    |select_ln0_15_fu_1163_p3                  |    select|   0|  0|  16|           1|          16|
    |select_ln0_16_fu_1183_p3                  |    select|   0|  0|  16|           1|          16|
    |select_ln0_17_fu_1203_p3                  |    select|   0|  0|  16|           1|          16|
    |select_ln0_18_fu_1287_p3                  |    select|   0|  0|  16|           1|          16|
    |select_ln0_19_fu_1307_p3                  |    select|   0|  0|  16|           1|          16|
    |select_ln0_1_fu_755_p3                    |    select|   0|  0|  16|           1|          16|
    |select_ln0_20_fu_1327_p3                  |    select|   0|  0|  16|           1|          16|
    |select_ln0_21_fu_1347_p3                  |    select|   0|  0|  16|           1|          16|
    |select_ln0_22_fu_1367_p3                  |    select|   0|  0|  16|           1|          16|
    |select_ln0_23_fu_1387_p3                  |    select|   0|  0|  16|           1|          16|
    |select_ln0_24_fu_1471_p3                  |    select|   0|  0|  16|           1|          16|
    |select_ln0_25_fu_1491_p3                  |    select|   0|  0|  16|           1|          16|
    |select_ln0_26_fu_1511_p3                  |    select|   0|  0|  16|           1|          16|
    |select_ln0_27_fu_1531_p3                  |    select|   0|  0|  16|           1|          16|
    |select_ln0_28_fu_1551_p3                  |    select|   0|  0|  16|           1|          16|
    |select_ln0_29_fu_1571_p3                  |    select|   0|  0|  16|           1|          16|
    |select_ln0_2_fu_775_p3                    |    select|   0|  0|  16|           1|          16|
    |select_ln0_30_fu_1655_p3                  |    select|   0|  0|  16|           1|          16|
    |select_ln0_31_fu_1675_p3                  |    select|   0|  0|  16|           1|          16|
    |select_ln0_32_fu_1695_p3                  |    select|   0|  0|  16|           1|          16|
    |select_ln0_33_fu_1715_p3                  |    select|   0|  0|  16|           1|          16|
    |select_ln0_34_fu_1735_p3                  |    select|   0|  0|  16|           1|          16|
    |select_ln0_35_fu_1755_p3                  |    select|   0|  0|  16|           1|          16|
    |select_ln0_36_fu_1839_p3                  |    select|   0|  0|  16|           1|          16|
    |select_ln0_37_fu_1859_p3                  |    select|   0|  0|  16|           1|          16|
    |select_ln0_38_fu_1879_p3                  |    select|   0|  0|  16|           1|          16|
    |select_ln0_39_fu_1899_p3                  |    select|   0|  0|  16|           1|          16|
    |select_ln0_3_fu_795_p3                    |    select|   0|  0|  16|           1|          16|
    |select_ln0_40_fu_1919_p3                  |    select|   0|  0|  16|           1|          16|
    |select_ln0_41_fu_1939_p3                  |    select|   0|  0|  16|           1|          16|
    |select_ln0_42_fu_2023_p3                  |    select|   0|  0|  16|           1|          16|
    |select_ln0_43_fu_2043_p3                  |    select|   0|  0|  16|           1|          16|
    |select_ln0_44_fu_2063_p3                  |    select|   0|  0|  16|           1|          16|
    |select_ln0_45_fu_2083_p3                  |    select|   0|  0|  16|           1|          16|
    |select_ln0_46_fu_2103_p3                  |    select|   0|  0|  16|           1|          16|
    |select_ln0_47_fu_2123_p3                  |    select|   0|  0|  16|           1|          16|
    |select_ln0_4_fu_815_p3                    |    select|   0|  0|  16|           1|          16|
    |select_ln0_5_fu_835_p3                    |    select|   0|  0|  16|           1|          16|
    |select_ln0_6_fu_919_p3                    |    select|   0|  0|  16|           1|          16|
    |select_ln0_7_fu_939_p3                    |    select|   0|  0|  16|           1|          16|
    |select_ln0_8_fu_959_p3                    |    select|   0|  0|  16|           1|          16|
    |select_ln0_9_fu_979_p3                    |    select|   0|  0|  16|           1|          16|
    |select_ln0_fu_735_p3                      |    select|   0|  0|  16|           1|          16|
    |select_ln66_10_fu_1223_p3                 |    select|   0|  0|  16|           1|          16|
    |select_ln66_11_fu_1407_p3                 |    select|   0|  0|  16|           1|          16|
    |select_ln66_12_fu_1591_p3                 |    select|   0|  0|  16|           1|          16|
    |select_ln66_13_fu_1775_p3                 |    select|   0|  0|  16|           1|          16|
    |select_ln66_14_fu_1959_p3                 |    select|   0|  0|  16|           1|          16|
    |select_ln66_15_fu_2143_p3                 |    select|   0|  0|  16|           1|          16|
    |select_ln66_9_fu_1039_p3                  |    select|   0|  0|  16|           1|          16|
    |select_ln66_fu_855_p3                     |    select|   0|  0|  16|           1|          16|
    |select_ln86_fu_578_p3                     |    select|   0|  0|   2|           1|           2|
    |select_ln91_fu_514_p3                     |    select|   0|  0|   3|           1|           3|
    |ap_enable_pp0                             |       xor|   0|  0|   2|           1|           2|
    |xor_ln66_10_fu_769_p2                     |       xor|   0|  0|   2|           1|           2|
    |xor_ln66_11_fu_789_p2                     |       xor|   0|  0|   2|           1|           2|
    |xor_ln66_12_fu_809_p2                     |       xor|   0|  0|   2|           1|           2|
    |xor_ln66_13_fu_829_p2                     |       xor|   0|  0|   2|           1|           2|
    |xor_ln66_14_fu_849_p2                     |       xor|   0|  0|   2|           1|           2|
    |xor_ln66_15_fu_913_p2                     |       xor|   0|  0|   2|           1|           2|
    |xor_ln66_16_fu_933_p2                     |       xor|   0|  0|   2|           1|           2|
    |xor_ln66_17_fu_953_p2                     |       xor|   0|  0|   2|           1|           2|
    |xor_ln66_18_fu_973_p2                     |       xor|   0|  0|   2|           1|           2|
    |xor_ln66_19_fu_993_p2                     |       xor|   0|  0|   2|           1|           2|
    |xor_ln66_20_fu_1013_p2                    |       xor|   0|  0|   2|           1|           2|
    |xor_ln66_21_fu_1033_p2                    |       xor|   0|  0|   2|           1|           2|
    |xor_ln66_22_fu_1097_p2                    |       xor|   0|  0|   2|           1|           2|
    |xor_ln66_23_fu_1117_p2                    |       xor|   0|  0|   2|           1|           2|
    |xor_ln66_24_fu_1137_p2                    |       xor|   0|  0|   2|           1|           2|
    |xor_ln66_25_fu_1157_p2                    |       xor|   0|  0|   2|           1|           2|
    |xor_ln66_26_fu_1177_p2                    |       xor|   0|  0|   2|           1|           2|
    |xor_ln66_27_fu_1197_p2                    |       xor|   0|  0|   2|           1|           2|
    |xor_ln66_28_fu_1217_p2                    |       xor|   0|  0|   2|           1|           2|
    |xor_ln66_29_fu_1281_p2                    |       xor|   0|  0|   2|           1|           2|
    |xor_ln66_30_fu_1301_p2                    |       xor|   0|  0|   2|           1|           2|
    |xor_ln66_31_fu_1321_p2                    |       xor|   0|  0|   2|           1|           2|
    |xor_ln66_32_fu_1341_p2                    |       xor|   0|  0|   2|           1|           2|
    |xor_ln66_33_fu_1361_p2                    |       xor|   0|  0|   2|           1|           2|
    |xor_ln66_34_fu_1381_p2                    |       xor|   0|  0|   2|           1|           2|
    |xor_ln66_35_fu_1401_p2                    |       xor|   0|  0|   2|           1|           2|
    |xor_ln66_36_fu_1465_p2                    |       xor|   0|  0|   2|           1|           2|
    |xor_ln66_37_fu_1485_p2                    |       xor|   0|  0|   2|           1|           2|
    |xor_ln66_38_fu_1505_p2                    |       xor|   0|  0|   2|           1|           2|
    |xor_ln66_39_fu_1525_p2                    |       xor|   0|  0|   2|           1|           2|
    |xor_ln66_40_fu_1545_p2                    |       xor|   0|  0|   2|           1|           2|
    |xor_ln66_41_fu_1565_p2                    |       xor|   0|  0|   2|           1|           2|
    |xor_ln66_42_fu_1585_p2                    |       xor|   0|  0|   2|           1|           2|
    |xor_ln66_43_fu_1649_p2                    |       xor|   0|  0|   2|           1|           2|
    |xor_ln66_44_fu_1669_p2                    |       xor|   0|  0|   2|           1|           2|
    |xor_ln66_45_fu_1689_p2                    |       xor|   0|  0|   2|           1|           2|
    |xor_ln66_46_fu_1709_p2                    |       xor|   0|  0|   2|           1|           2|
    |xor_ln66_47_fu_1729_p2                    |       xor|   0|  0|   2|           1|           2|
    |xor_ln66_48_fu_1749_p2                    |       xor|   0|  0|   2|           1|           2|
    |xor_ln66_49_fu_1769_p2                    |       xor|   0|  0|   2|           1|           2|
    |xor_ln66_50_fu_1833_p2                    |       xor|   0|  0|   2|           1|           2|
    |xor_ln66_51_fu_1853_p2                    |       xor|   0|  0|   2|           1|           2|
    |xor_ln66_52_fu_1873_p2                    |       xor|   0|  0|   2|           1|           2|
    |xor_ln66_53_fu_1893_p2                    |       xor|   0|  0|   2|           1|           2|
    |xor_ln66_54_fu_1913_p2                    |       xor|   0|  0|   2|           1|           2|
    |xor_ln66_55_fu_1933_p2                    |       xor|   0|  0|   2|           1|           2|
    |xor_ln66_56_fu_1953_p2                    |       xor|   0|  0|   2|           1|           2|
    |xor_ln66_57_fu_2017_p2                    |       xor|   0|  0|   2|           1|           2|
    |xor_ln66_58_fu_2037_p2                    |       xor|   0|  0|   2|           1|           2|
    |xor_ln66_59_fu_2057_p2                    |       xor|   0|  0|   2|           1|           2|
    |xor_ln66_60_fu_2077_p2                    |       xor|   0|  0|   2|           1|           2|
    |xor_ln66_61_fu_2097_p2                    |       xor|   0|  0|   2|           1|           2|
    |xor_ln66_62_fu_2117_p2                    |       xor|   0|  0|   2|           1|           2|
    |xor_ln66_63_fu_2137_p2                    |       xor|   0|  0|   2|           1|           2|
    |xor_ln66_9_fu_749_p2                      |       xor|   0|  0|   2|           1|           2|
    |xor_ln66_fu_729_p2                        |       xor|   0|  0|   2|           1|           2|
    +------------------------------------------+----------+----+---+----+------------+------------+
    |Total                                     |          |   0|  0|2914|        1408|        2031|
    +------------------------------------------+----------+----+---+----+------------+------------+

    * Multiplexer: 
    +-----------------------------------------+----+-----------+-----+-----------+
    |                   Name                  | LUT| Input Size| Bits| Total Bits|
    +-----------------------------------------+----+-----------+-----+-----------+
    |ap_NS_fsm                                |  14|          3|    1|          3|
    |ap_done_int                              |   9|          2|    1|          2|
    |ap_enable_reg_pp0_iter0                  |   9|          2|    1|          2|
    |ap_enable_reg_pp0_iter1                  |   9|          2|    1|          2|
    |ap_phi_reg_pp0_iter0_storemerge_reg_257  |   9|          2|   32|         64|
    |ap_sig_allocacmp_indvar_flatten_load     |   9|          2|   13|         26|
    |indvar_flatten_fu_240                    |   9|          2|   13|         26|
    |layer5_out_blk_n                         |   9|          2|    1|          2|
    |layer6_out_blk_n                         |   9|          2|    1|          2|
    |pX                                       |   9|          2|   32|         64|
    |pY                                       |   9|          2|   32|         64|
    |real_start                               |   9|          2|    1|          2|
    |sX                                       |   9|          2|   32|         64|
    +-----------------------------------------+----+-----------+-----+-----------+
    |Total                                    | 122|         27|  161|        323|
    +-----------------------------------------+----+-----------+-----+-----------+

    * Register: 
    +-----------------------------------------------------------------------------------------+----+----+-----+-----------+
    |                                           Name                                          | FF | LUT| Bits| Const Bits|
    +-----------------------------------------------------------------------------------------+----+----+-----+-----------+
    |and_ln55_1_reg_2279                                                                      |   1|   0|    1|          0|
    |and_ln55_1_reg_2279_pp0_iter1_reg                                                        |   1|   0|    1|          0|
    |ap_CS_fsm                                                                                |   2|   0|    2|          0|
    |ap_done_reg                                                                              |   1|   0|    1|          0|
    |ap_enable_reg_pp0_iter0_reg                                                              |   1|   0|    1|          0|
    |ap_enable_reg_pp0_iter1                                                                  |   1|   0|    1|          0|
    |ap_phi_reg_pp0_iter0_storemerge_reg_257                                                  |  32|   0|   32|          0|
    |call_ln52_shift_line_buffer_array_ap_ufixed_16_6_4_0_0_8u_config6_s_fu_268_ap_start_reg  |   1|   0|    1|          0|
    |icmp_ln109_reg_2271                                                                      |   1|   0|    1|          0|
    |icmp_ln55_reg_2275                                                                       |   1|   0|    1|          0|
    |icmp_ln55_reg_2275_pp0_iter1_reg                                                         |   1|   0|    1|          0|
    |icmp_ln76_reg_2283                                                                       |   1|   0|    1|          0|
    |indvar_flatten_fu_240                                                                    |  13|   0|   13|          0|
    |pX                                                                                       |  32|   0|   32|          0|
    |pY                                                                                       |  32|   0|   32|          0|
    |p_ZZN4nnet22compute_pool_buffer_2dINS_5arrayI9ap_ufixedILi16ELi6EL9ap_q_mode4EL9a        |  16|   0|   16|          0|
    |p_ZZN4nnet22compute_pool_buffer_2dINS_5arrayI9ap_ufixedILi16ELi6EL9ap_q_mode4EL9a_1      |  16|   0|   16|          0|
    |p_ZZN4nnet22compute_pool_buffer_2dINS_5arrayI9ap_ufixedILi16ELi6EL9ap_q_mode4EL9a_10     |  16|   0|   16|          0|
    |p_ZZN4nnet22compute_pool_buffer_2dINS_5arrayI9ap_ufixedILi16ELi6EL9ap_q_mode4EL9a_11     |  16|   0|   16|          0|
    |p_ZZN4nnet22compute_pool_buffer_2dINS_5arrayI9ap_ufixedILi16ELi6EL9ap_q_mode4EL9a_12     |  16|   0|   16|          0|
    |p_ZZN4nnet22compute_pool_buffer_2dINS_5arrayI9ap_ufixedILi16ELi6EL9ap_q_mode4EL9a_13     |  16|   0|   16|          0|
    |p_ZZN4nnet22compute_pool_buffer_2dINS_5arrayI9ap_ufixedILi16ELi6EL9ap_q_mode4EL9a_14     |  16|   0|   16|          0|
    |p_ZZN4nnet22compute_pool_buffer_2dINS_5arrayI9ap_ufixedILi16ELi6EL9ap_q_mode4EL9a_15     |  16|   0|   16|          0|
    |p_ZZN4nnet22compute_pool_buffer_2dINS_5arrayI9ap_ufixedILi16ELi6EL9ap_q_mode4EL9a_16     |  16|   0|   16|          0|
    |p_ZZN4nnet22compute_pool_buffer_2dINS_5arrayI9ap_ufixedILi16ELi6EL9ap_q_mode4EL9a_17     |  16|   0|   16|          0|
    |p_ZZN4nnet22compute_pool_buffer_2dINS_5arrayI9ap_ufixedILi16ELi6EL9ap_q_mode4EL9a_18     |  16|   0|   16|          0|
    |p_ZZN4nnet22compute_pool_buffer_2dINS_5arrayI9ap_ufixedILi16ELi6EL9ap_q_mode4EL9a_19     |  16|   0|   16|          0|
    |p_ZZN4nnet22compute_pool_buffer_2dINS_5arrayI9ap_ufixedILi16ELi6EL9ap_q_mode4EL9a_2      |  16|   0|   16|          0|
    |p_ZZN4nnet22compute_pool_buffer_2dINS_5arrayI9ap_ufixedILi16ELi6EL9ap_q_mode4EL9a_20     |  16|   0|   16|          0|
    |p_ZZN4nnet22compute_pool_buffer_2dINS_5arrayI9ap_ufixedILi16ELi6EL9ap_q_mode4EL9a_21     |  16|   0|   16|          0|
    |p_ZZN4nnet22compute_pool_buffer_2dINS_5arrayI9ap_ufixedILi16ELi6EL9ap_q_mode4EL9a_22     |  16|   0|   16|          0|
    |p_ZZN4nnet22compute_pool_buffer_2dINS_5arrayI9ap_ufixedILi16ELi6EL9ap_q_mode4EL9a_23     |  16|   0|   16|          0|
    |p_ZZN4nnet22compute_pool_buffer_2dINS_5arrayI9ap_ufixedILi16ELi6EL9ap_q_mode4EL9a_24     |  16|   0|   16|          0|
    |p_ZZN4nnet22compute_pool_buffer_2dINS_5arrayI9ap_ufixedILi16ELi6EL9ap_q_mode4EL9a_25     |  16|   0|   16|          0|
    |p_ZZN4nnet22compute_pool_buffer_2dINS_5arrayI9ap_ufixedILi16ELi6EL9ap_q_mode4EL9a_26     |  16|   0|   16|          0|
    |p_ZZN4nnet22compute_pool_buffer_2dINS_5arrayI9ap_ufixedILi16ELi6EL9ap_q_mode4EL9a_27     |  16|   0|   16|          0|
    |p_ZZN4nnet22compute_pool_buffer_2dINS_5arrayI9ap_ufixedILi16ELi6EL9ap_q_mode4EL9a_28     |  16|   0|   16|          0|
    |p_ZZN4nnet22compute_pool_buffer_2dINS_5arrayI9ap_ufixedILi16ELi6EL9ap_q_mode4EL9a_29     |  16|   0|   16|          0|
    |p_ZZN4nnet22compute_pool_buffer_2dINS_5arrayI9ap_ufixedILi16ELi6EL9ap_q_mode4EL9a_3      |  16|   0|   16|          0|
    |p_ZZN4nnet22compute_pool_buffer_2dINS_5arrayI9ap_ufixedILi16ELi6EL9ap_q_mode4EL9a_30     |  16|   0|   16|          0|
    |p_ZZN4nnet22compute_pool_buffer_2dINS_5arrayI9ap_ufixedILi16ELi6EL9ap_q_mode4EL9a_31     |  16|   0|   16|          0|
    |p_ZZN4nnet22compute_pool_buffer_2dINS_5arrayI9ap_ufixedILi16ELi6EL9ap_q_mode4EL9a_32     |  16|   0|   16|          0|
    |p_ZZN4nnet22compute_pool_buffer_2dINS_5arrayI9ap_ufixedILi16ELi6EL9ap_q_mode4EL9a_33     |  16|   0|   16|          0|
    |p_ZZN4nnet22compute_pool_buffer_2dINS_5arrayI9ap_ufixedILi16ELi6EL9ap_q_mode4EL9a_34     |  16|   0|   16|          0|
    |p_ZZN4nnet22compute_pool_buffer_2dINS_5arrayI9ap_ufixedILi16ELi6EL9ap_q_mode4EL9a_35     |  16|   0|   16|          0|
    |p_ZZN4nnet22compute_pool_buffer_2dINS_5arrayI9ap_ufixedILi16ELi6EL9ap_q_mode4EL9a_36     |  16|   0|   16|          0|
    |p_ZZN4nnet22compute_pool_buffer_2dINS_5arrayI9ap_ufixedILi16ELi6EL9ap_q_mode4EL9a_37     |  16|   0|   16|          0|
    |p_ZZN4nnet22compute_pool_buffer_2dINS_5arrayI9ap_ufixedILi16ELi6EL9ap_q_mode4EL9a_38     |  16|   0|   16|          0|
    |p_ZZN4nnet22compute_pool_buffer_2dINS_5arrayI9ap_ufixedILi16ELi6EL9ap_q_mode4EL9a_39     |  16|   0|   16|          0|
    |p_ZZN4nnet22compute_pool_buffer_2dINS_5arrayI9ap_ufixedILi16ELi6EL9ap_q_mode4EL9a_4      |  16|   0|   16|          0|
    |p_ZZN4nnet22compute_pool_buffer_2dINS_5arrayI9ap_ufixedILi16ELi6EL9ap_q_mode4EL9a_40     |  16|   0|   16|          0|
    |p_ZZN4nnet22compute_pool_buffer_2dINS_5arrayI9ap_ufixedILi16ELi6EL9ap_q_mode4EL9a_41     |  16|   0|   16|          0|
    |p_ZZN4nnet22compute_pool_buffer_2dINS_5arrayI9ap_ufixedILi16ELi6EL9ap_q_mode4EL9a_42     |  16|   0|   16|          0|
    |p_ZZN4nnet22compute_pool_buffer_2dINS_5arrayI9ap_ufixedILi16ELi6EL9ap_q_mode4EL9a_43     |  16|   0|   16|          0|
    |p_ZZN4nnet22compute_pool_buffer_2dINS_5arrayI9ap_ufixedILi16ELi6EL9ap_q_mode4EL9a_44     |  16|   0|   16|          0|
    |p_ZZN4nnet22compute_pool_buffer_2dINS_5arrayI9ap_ufixedILi16ELi6EL9ap_q_mode4EL9a_45     |  16|   0|   16|          0|
    |p_ZZN4nnet22compute_pool_buffer_2dINS_5arrayI9ap_ufixedILi16ELi6EL9ap_q_mode4EL9a_46     |  16|   0|   16|          0|
    |p_ZZN4nnet22compute_pool_buffer_2dINS_5arrayI9ap_ufixedILi16ELi6EL9ap_q_mode4EL9a_47     |  16|   0|   16|          0|
    |p_ZZN4nnet22compute_pool_buffer_2dINS_5arrayI9ap_ufixedILi16ELi6EL9ap_q_mode4EL9a_48     |  16|   0|   16|          0|
    |p_ZZN4nnet22compute_pool_buffer_2dINS_5arrayI9ap_ufixedILi16ELi6EL9ap_q_mode4EL9a_49     |  16|   0|   16|          0|
    |p_ZZN4nnet22compute_pool_buffer_2dINS_5arrayI9ap_ufixedILi16ELi6EL9ap_q_mode4EL9a_5      |  16|   0|   16|          0|
    |p_ZZN4nnet22compute_pool_buffer_2dINS_5arrayI9ap_ufixedILi16ELi6EL9ap_q_mode4EL9a_50     |  16|   0|   16|          0|
    |p_ZZN4nnet22compute_pool_buffer_2dINS_5arrayI9ap_ufixedILi16ELi6EL9ap_q_mode4EL9a_51     |  16|   0|   16|          0|
    |p_ZZN4nnet22compute_pool_buffer_2dINS_5arrayI9ap_ufixedILi16ELi6EL9ap_q_mode4EL9a_52     |  16|   0|   16|          0|
    |p_ZZN4nnet22compute_pool_buffer_2dINS_5arrayI9ap_ufixedILi16ELi6EL9ap_q_mode4EL9a_53     |  16|   0|   16|          0|
    |p_ZZN4nnet22compute_pool_buffer_2dINS_5arrayI9ap_ufixedILi16ELi6EL9ap_q_mode4EL9a_6      |  16|   0|   16|          0|
    |p_ZZN4nnet22compute_pool_buffer_2dINS_5arrayI9ap_ufixedILi16ELi6EL9ap_q_mode4EL9a_7      |  16|   0|   16|          0|
    |p_ZZN4nnet22compute_pool_buffer_2dINS_5arrayI9ap_ufixedILi16ELi6EL9ap_q_mode4EL9a_8      |  16|   0|   16|          0|
    |p_ZZN4nnet22compute_pool_buffer_2dINS_5arrayI9ap_ufixedILi16ELi6EL9ap_q_mode4EL9a_9      |  16|   0|   16|          0|
    |sX                                                                                       |  32|   0|   32|          0|
    |sY                                                                                       |  32|   0|   32|          0|
    |start_once_reg                                                                           |   1|   0|    1|          0|
    |tmp_396_reg_2311                                                                         |   1|   0|    1|          0|
    |tmp_397_reg_2321                                                                         |   1|   0|    1|          0|
    |tmp_398_reg_2331                                                                         |   1|   0|    1|          0|
    |tmp_399_reg_2341                                                                         |   1|   0|    1|          0|
    |tmp_400_reg_2351                                                                         |   1|   0|    1|          0|
    |tmp_401_reg_2361                                                                         |   1|   0|    1|          0|
    |tmp_402_reg_2371                                                                         |   1|   0|    1|          0|
    |tmp_reg_2301                                                                             |   1|   0|    1|          0|
    |trunc_ln68_1_reg_2306                                                                    |  15|   0|   15|          0|
    |trunc_ln68_2_reg_2316                                                                    |  15|   0|   15|          0|
    |trunc_ln68_3_reg_2326                                                                    |  15|   0|   15|          0|
    |trunc_ln68_4_reg_2336                                                                    |  15|   0|   15|          0|
    |trunc_ln68_5_reg_2346                                                                    |  15|   0|   15|          0|
    |trunc_ln68_6_reg_2356                                                                    |  15|   0|   15|          0|
    |trunc_ln68_7_reg_2366                                                                    |  15|   0|   15|          0|
    |trunc_ln68_reg_2296                                                                      |  15|   0|   15|          0|
    |void_compute_pool_buffer_2d_array_const_ap_shift_reg_n_filt_stream_kernel                |  16|   0|   16|          0|
    |void_compute_pool_buffer_2d_array_const_ap_shift_reg_n_filt_stream_kernel_1              |  16|   0|   16|          0|
    |void_compute_pool_buffer_2d_array_const_ap_shift_reg_n_filt_stream_kernel_2              |  16|   0|   16|          0|
    |void_compute_pool_buffer_2d_array_const_ap_shift_reg_n_filt_stream_kernel_3              |  16|   0|   16|          0|
    |void_compute_pool_buffer_2d_array_const_ap_shift_reg_n_filt_stream_kernel_4              |  16|   0|   16|          0|
    |void_compute_pool_buffer_2d_array_const_ap_shift_reg_n_filt_stream_kernel_5              |  16|   0|   16|          0|
    |void_compute_pool_buffer_2d_array_const_ap_shift_reg_n_filt_stream_kernel_6              |  16|   0|   16|          0|
    |void_compute_pool_buffer_2d_array_const_ap_shift_reg_n_filt_stream_kernel_7              |  16|   0|   16|          0|
    |void_compute_pool_buffer_2d_array_const_ap_shift_reg_n_filt_stream_kernel_8              |  16|   0|   16|          0|
    |void_compute_pool_buffer_2d_array_const_ap_shift_reg_n_filt_stream_kernel_9              |  16|   0|   16|          0|
    +-----------------------------------------------------------------------------------------+----+----+-----+-----------+
    |Total                                                                                    |1338|   0| 1338|          0|
    +-----------------------------------------------------------------------------------------+----+----+-----+-----------+



================================================================
== Interface
================================================================
* Summary: 
+---------------------------+-----+-----+------------+-------------------------------------------------------------+--------------+
|         RTL Ports         | Dir | Bits|  Protocol  |                        Source Object                        |    C Type    |
+---------------------------+-----+-----+------------+-------------------------------------------------------------+--------------+
|ap_clk                     |   in|    1|  ap_ctrl_hs|  pooling2d_cl<array,array<ap_ufixed<16,6,4,0,0>,8u>,config6>|  return value|
|ap_rst                     |   in|    1|  ap_ctrl_hs|  pooling2d_cl<array,array<ap_ufixed<16,6,4,0,0>,8u>,config6>|  return value|
|ap_start                   |   in|    1|  ap_ctrl_hs|  pooling2d_cl<array,array<ap_ufixed<16,6,4,0,0>,8u>,config6>|  return value|
|start_full_n               |   in|    1|  ap_ctrl_hs|  pooling2d_cl<array,array<ap_ufixed<16,6,4,0,0>,8u>,config6>|  return value|
|ap_done                    |  out|    1|  ap_ctrl_hs|  pooling2d_cl<array,array<ap_ufixed<16,6,4,0,0>,8u>,config6>|  return value|
|ap_continue                |   in|    1|  ap_ctrl_hs|  pooling2d_cl<array,array<ap_ufixed<16,6,4,0,0>,8u>,config6>|  return value|
|ap_idle                    |  out|    1|  ap_ctrl_hs|  pooling2d_cl<array,array<ap_ufixed<16,6,4,0,0>,8u>,config6>|  return value|
|ap_ready                   |  out|    1|  ap_ctrl_hs|  pooling2d_cl<array,array<ap_ufixed<16,6,4,0,0>,8u>,config6>|  return value|
|start_out                  |  out|    1|  ap_ctrl_hs|  pooling2d_cl<array,array<ap_ufixed<16,6,4,0,0>,8u>,config6>|  return value|
|start_write                |  out|    1|  ap_ctrl_hs|  pooling2d_cl<array,array<ap_ufixed<16,6,4,0,0>,8u>,config6>|  return value|
|layer5_out_dout            |   in|  128|     ap_fifo|                                                   layer5_out|       pointer|
|layer5_out_num_data_valid  |   in|   14|     ap_fifo|                                                   layer5_out|       pointer|
|layer5_out_fifo_cap        |   in|   14|     ap_fifo|                                                   layer5_out|       pointer|
|layer5_out_empty_n         |   in|    1|     ap_fifo|                                                   layer5_out|       pointer|
|layer5_out_read            |  out|    1|     ap_fifo|                                                   layer5_out|       pointer|
|layer6_out_din             |  out|  128|     ap_fifo|                                                   layer6_out|       pointer|
|layer6_out_num_data_valid  |   in|   11|     ap_fifo|                                                   layer6_out|       pointer|
|layer6_out_fifo_cap        |   in|   11|     ap_fifo|                                                   layer6_out|       pointer|
|layer6_out_full_n          |   in|    1|     ap_fifo|                                                   layer6_out|       pointer|
|layer6_out_write           |  out|    1|     ap_fifo|                                                   layer6_out|       pointer|
+---------------------------+-----+-----+------------+-------------------------------------------------------------+--------------+

