

================================================================
== Vitis HLS Report for 'relu_array_ap_fixed_16u_array_ap_ufixed_16_6_4_0_0_16u_relu_config10_s'
================================================================
* Date:           Sat Mar 21 19:19:34 2026

* Version:        2023.2 (Build 4023990 on Oct 11 2023)
* Project:        myproject_prj
* Solution:       solution1 (Vivado IP Flow Target)
* Product family: zynquplus
* Target device:  xck26-sfvc784-2LV-c


================================================================
== Performance Estimates
================================================================
+ Timing: 
    * Summary: 
    +--------+---------+----------+------------+
    |  Clock |  Target | Estimated| Uncertainty|
    +--------+---------+----------+------------+
    |ap_clk  |  5.00 ns|  3.551 ns|     1.35 ns|
    +--------+---------+----------+------------+

+ Latency: 
    * Summary: 
    +---------+---------+----------+----------+-----+-----+---------+
    |  Latency (cycles) |  Latency (absolute) |  Interval | Pipeline|
    |   min   |   max   |    min   |    max   | min | max |   Type  |
    +---------+---------+----------+----------+-----+-----+---------+
    |      703|      703|  3.515 us|  3.515 us|  703|  703|       no|
    +---------+---------+----------+----------+-----+-----+---------+

    + Detail: 
        * Instance: 
        N/A

        * Loop: 
        +---------------+---------+---------+----------+-----------+-----------+------+----------+
        |               |  Latency (cycles) | Iteration|  Initiation Interval  | Trip |          |
        |   Loop Name   |   min   |   max   |  Latency |  achieved |   target  | Count| Pipelined|
        +---------------+---------+---------+----------+-----------+-----------+------+----------+
        |- ReLUActLoop  |      701|      701|         3|          1|          1|   700|       yes|
        +---------------+---------+---------+----------+-----------+-----------+------+----------+



================================================================
== Utilization Estimates
================================================================
* Summary: 
+-----------------+---------+------+--------+--------+-----+
|       Name      | BRAM_18K|  DSP |   FF   |   LUT  | URAM|
+-----------------+---------+------+--------+--------+-----+
|DSP              |        -|     -|       -|       -|    -|
|Expression       |        -|     -|       0|    4408|    -|
|FIFO             |        -|     -|       -|       -|    -|
|Instance         |        -|     -|       -|       -|    -|
|Memory           |        -|     -|       -|       -|    -|
|Multiplexer      |        -|     -|       -|      63|    -|
|Register         |        -|     -|     368|       -|    -|
+-----------------+---------+------+--------+--------+-----+
|Total            |        0|     0|     368|    4471|    0|
+-----------------+---------+------+--------+--------+-----+
|Available        |      288|  1248|  234240|  117120|   64|
+-----------------+---------+------+--------+--------+-----+
|Utilization (%)  |        0|     0|      ~0|       3|    0|
+-----------------+---------+------+--------+--------+-----+

+ Detail: 
    * Instance: 
    N/A

    * DSP: 
    N/A

    * Memory: 
    N/A

    * FIFO: 
    N/A

    * Expression: 
    +----------------------------+----------+----+---+----+------------+------------+
    |        Variable Name       | Operation| DSP| FF| LUT| Bitwidth P0| Bitwidth P1|
    +----------------------------+----------+----+---+----+------------+------------+
    |add_ln52_16_fu_674_p2       |         +|   0|  0|  23|          16|          16|
    |add_ln52_17_fu_790_p2       |         +|   0|  0|  23|          16|          16|
    |add_ln52_18_fu_906_p2       |         +|   0|  0|  23|          16|          16|
    |add_ln52_19_fu_1022_p2      |         +|   0|  0|  23|          16|          16|
    |add_ln52_20_fu_1138_p2      |         +|   0|  0|  23|          16|          16|
    |add_ln52_21_fu_1254_p2      |         +|   0|  0|  23|          16|          16|
    |add_ln52_22_fu_1370_p2      |         +|   0|  0|  23|          16|          16|
    |add_ln52_23_fu_1486_p2      |         +|   0|  0|  23|          16|          16|
    |add_ln52_24_fu_1602_p2      |         +|   0|  0|  23|          16|          16|
    |add_ln52_25_fu_1718_p2      |         +|   0|  0|  23|          16|          16|
    |add_ln52_26_fu_1834_p2      |         +|   0|  0|  23|          16|          16|
    |add_ln52_27_fu_1950_p2      |         +|   0|  0|  23|          16|          16|
    |add_ln52_28_fu_2066_p2      |         +|   0|  0|  23|          16|          16|
    |add_ln52_29_fu_2182_p2      |         +|   0|  0|  23|          16|          16|
    |add_ln52_30_fu_2298_p2      |         +|   0|  0|  23|          16|          16|
    |add_ln52_fu_558_p2          |         +|   0|  0|  23|          16|          16|
    |i_8_fu_319_p2               |         +|   0|  0|  17|          10|           1|
    |and_ln52_32_fu_2369_p2      |       and|   0|  0|   2|           1|           1|
    |and_ln52_33_fu_664_p2       |       and|   0|  0|   2|           1|           1|
    |and_ln52_34_fu_2466_p2      |       and|   0|  0|   2|           1|           1|
    |and_ln52_35_fu_780_p2       |       and|   0|  0|   2|           1|           1|
    |and_ln52_36_fu_2563_p2      |       and|   0|  0|   2|           1|           1|
    |and_ln52_37_fu_896_p2       |       and|   0|  0|   2|           1|           1|
    |and_ln52_38_fu_2660_p2      |       and|   0|  0|   2|           1|           1|
    |and_ln52_39_fu_1012_p2      |       and|   0|  0|   2|           1|           1|
    |and_ln52_40_fu_2757_p2      |       and|   0|  0|   2|           1|           1|
    |and_ln52_41_fu_1128_p2      |       and|   0|  0|   2|           1|           1|
    |and_ln52_42_fu_2854_p2      |       and|   0|  0|   2|           1|           1|
    |and_ln52_43_fu_1244_p2      |       and|   0|  0|   2|           1|           1|
    |and_ln52_44_fu_2951_p2      |       and|   0|  0|   2|           1|           1|
    |and_ln52_45_fu_1360_p2      |       and|   0|  0|   2|           1|           1|
    |and_ln52_46_fu_3048_p2      |       and|   0|  0|   2|           1|           1|
    |and_ln52_47_fu_1476_p2      |       and|   0|  0|   2|           1|           1|
    |and_ln52_48_fu_3145_p2      |       and|   0|  0|   2|           1|           1|
    |and_ln52_49_fu_1592_p2      |       and|   0|  0|   2|           1|           1|
    |and_ln52_50_fu_3242_p2      |       and|   0|  0|   2|           1|           1|
    |and_ln52_51_fu_1708_p2      |       and|   0|  0|   2|           1|           1|
    |and_ln52_52_fu_3339_p2      |       and|   0|  0|   2|           1|           1|
    |and_ln52_53_fu_1824_p2      |       and|   0|  0|   2|           1|           1|
    |and_ln52_54_fu_3436_p2      |       and|   0|  0|   2|           1|           1|
    |and_ln52_55_fu_1940_p2      |       and|   0|  0|   2|           1|           1|
    |and_ln52_56_fu_3533_p2      |       and|   0|  0|   2|           1|           1|
    |and_ln52_57_fu_2056_p2      |       and|   0|  0|   2|           1|           1|
    |and_ln52_58_fu_3630_p2      |       and|   0|  0|   2|           1|           1|
    |and_ln52_59_fu_2172_p2      |       and|   0|  0|   2|           1|           1|
    |and_ln52_60_fu_3727_p2      |       and|   0|  0|   2|           1|           1|
    |and_ln52_61_fu_2288_p2      |       and|   0|  0|   2|           1|           1|
    |and_ln52_62_fu_3824_p2      |       and|   0|  0|   2|           1|           1|
    |and_ln52_64_fu_2364_p2      |       and|   0|  0|   2|           1|           1|
    |and_ln52_65_fu_2392_p2      |       and|   0|  0|   2|           1|           1|
    |and_ln52_66_fu_2461_p2      |       and|   0|  0|   2|           1|           1|
    |and_ln52_67_fu_2489_p2      |       and|   0|  0|   2|           1|           1|
    |and_ln52_68_fu_2558_p2      |       and|   0|  0|   2|           1|           1|
    |and_ln52_69_fu_2586_p2      |       and|   0|  0|   2|           1|           1|
    |and_ln52_70_fu_2655_p2      |       and|   0|  0|   2|           1|           1|
    |and_ln52_71_fu_2683_p2      |       and|   0|  0|   2|           1|           1|
    |and_ln52_72_fu_2752_p2      |       and|   0|  0|   2|           1|           1|
    |and_ln52_73_fu_2780_p2      |       and|   0|  0|   2|           1|           1|
    |and_ln52_74_fu_2849_p2      |       and|   0|  0|   2|           1|           1|
    |and_ln52_75_fu_2877_p2      |       and|   0|  0|   2|           1|           1|
    |and_ln52_76_fu_2946_p2      |       and|   0|  0|   2|           1|           1|
    |and_ln52_77_fu_2974_p2      |       and|   0|  0|   2|           1|           1|
    |and_ln52_78_fu_3043_p2      |       and|   0|  0|   2|           1|           1|
    |and_ln52_79_fu_3071_p2      |       and|   0|  0|   2|           1|           1|
    |and_ln52_80_fu_3140_p2      |       and|   0|  0|   2|           1|           1|
    |and_ln52_81_fu_3168_p2      |       and|   0|  0|   2|           1|           1|
    |and_ln52_82_fu_3237_p2      |       and|   0|  0|   2|           1|           1|
    |and_ln52_83_fu_3265_p2      |       and|   0|  0|   2|           1|           1|
    |and_ln52_84_fu_3334_p2      |       and|   0|  0|   2|           1|           1|
    |and_ln52_85_fu_3362_p2      |       and|   0|  0|   2|           1|           1|
    |and_ln52_86_fu_3431_p2      |       and|   0|  0|   2|           1|           1|
    |and_ln52_87_fu_3459_p2      |       and|   0|  0|   2|           1|           1|
    |and_ln52_88_fu_3528_p2      |       and|   0|  0|   2|           1|           1|
    |and_ln52_89_fu_3556_p2      |       and|   0|  0|   2|           1|           1|
    |and_ln52_90_fu_3625_p2      |       and|   0|  0|   2|           1|           1|
    |and_ln52_91_fu_3653_p2      |       and|   0|  0|   2|           1|           1|
    |and_ln52_92_fu_3722_p2      |       and|   0|  0|   2|           1|           1|
    |and_ln52_93_fu_3750_p2      |       and|   0|  0|   2|           1|           1|
    |and_ln52_94_fu_3819_p2      |       and|   0|  0|   2|           1|           1|
    |and_ln52_95_fu_3847_p2      |       and|   0|  0|   2|           1|           1|
    |and_ln52_fu_548_p2          |       and|   0|  0|   2|           1|           1|
    |ap_condition_337            |       and|   0|  0|   2|           1|           1|
    |icmp_ln41_fu_313_p2         |      icmp|   0|  0|  17|          10|          10|
    |icmp_ln51_16_fu_594_p2      |      icmp|   0|  0|  64|          57|           1|
    |icmp_ln51_17_fu_710_p2      |      icmp|   0|  0|  64|          57|           1|
    |icmp_ln51_18_fu_826_p2      |      icmp|   0|  0|  64|          57|           1|
    |icmp_ln51_19_fu_942_p2      |      icmp|   0|  0|  64|          57|           1|
    |icmp_ln51_20_fu_1058_p2     |      icmp|   0|  0|  64|          57|           1|
    |icmp_ln51_21_fu_1174_p2     |      icmp|   0|  0|  64|          57|           1|
    |icmp_ln51_22_fu_1290_p2     |      icmp|   0|  0|  64|          57|           1|
    |icmp_ln51_23_fu_1406_p2     |      icmp|   0|  0|  64|          57|           1|
    |icmp_ln51_24_fu_1522_p2     |      icmp|   0|  0|  64|          57|           1|
    |icmp_ln51_25_fu_1638_p2     |      icmp|   0|  0|  64|          57|           1|
    |icmp_ln51_26_fu_1754_p2     |      icmp|   0|  0|  64|          57|           1|
    |icmp_ln51_27_fu_1870_p2     |      icmp|   0|  0|  64|          57|           1|
    |icmp_ln51_28_fu_1986_p2     |      icmp|   0|  0|  64|          57|           1|
    |icmp_ln51_29_fu_2102_p2     |      icmp|   0|  0|  64|          57|           1|
    |icmp_ln51_30_fu_2218_p2     |      icmp|   0|  0|  64|          57|           1|
    |icmp_ln51_fu_484_p2         |      icmp|   0|  0|  64|          57|           1|
    |icmp_ln52_113_fu_528_p2     |      icmp|   0|  0|  25|          18|           1|
    |icmp_ln52_115_fu_574_p2     |      icmp|   0|  0|  29|          22|           2|
    |icmp_ln52_116_fu_580_p2     |      icmp|   0|  0|  29|          22|           1|
    |icmp_ln52_119_fu_690_p2     |      icmp|   0|  0|  29|          22|           2|
    |icmp_ln52_120_fu_696_p2     |      icmp|   0|  0|  29|          22|           1|
    |icmp_ln52_121_fu_760_p2     |      icmp|   0|  0|  25|          18|           1|
    |icmp_ln52_122_fu_806_p2     |      icmp|   0|  0|  29|          22|           2|
    |icmp_ln52_123_fu_812_p2     |      icmp|   0|  0|  29|          22|           1|
    |icmp_ln52_124_fu_876_p2     |      icmp|   0|  0|  25|          18|           1|
    |icmp_ln52_125_fu_922_p2     |      icmp|   0|  0|  29|          22|           2|
    |icmp_ln52_126_fu_928_p2     |      icmp|   0|  0|  29|          22|           1|
    |icmp_ln52_127_fu_992_p2     |      icmp|   0|  0|  25|          18|           1|
    |icmp_ln52_128_fu_1038_p2    |      icmp|   0|  0|  29|          22|           2|
    |icmp_ln52_129_fu_1044_p2    |      icmp|   0|  0|  29|          22|           1|
    |icmp_ln52_130_fu_1108_p2    |      icmp|   0|  0|  25|          18|           1|
    |icmp_ln52_131_fu_1154_p2    |      icmp|   0|  0|  29|          22|           2|
    |icmp_ln52_132_fu_1160_p2    |      icmp|   0|  0|  29|          22|           1|
    |icmp_ln52_133_fu_1224_p2    |      icmp|   0|  0|  25|          18|           1|
    |icmp_ln52_134_fu_1270_p2    |      icmp|   0|  0|  29|          22|           2|
    |icmp_ln52_135_fu_1276_p2    |      icmp|   0|  0|  29|          22|           1|
    |icmp_ln52_136_fu_1340_p2    |      icmp|   0|  0|  25|          18|           1|
    |icmp_ln52_137_fu_1386_p2    |      icmp|   0|  0|  29|          22|           2|
    |icmp_ln52_138_fu_1392_p2    |      icmp|   0|  0|  29|          22|           1|
    |icmp_ln52_139_fu_1456_p2    |      icmp|   0|  0|  25|          18|           1|
    |icmp_ln52_140_fu_1502_p2    |      icmp|   0|  0|  29|          22|           2|
    |icmp_ln52_141_fu_1508_p2    |      icmp|   0|  0|  29|          22|           1|
    |icmp_ln52_142_fu_1572_p2    |      icmp|   0|  0|  25|          18|           1|
    |icmp_ln52_143_fu_1618_p2    |      icmp|   0|  0|  29|          22|           2|
    |icmp_ln52_144_fu_1624_p2    |      icmp|   0|  0|  29|          22|           1|
    |icmp_ln52_145_fu_1688_p2    |      icmp|   0|  0|  25|          18|           1|
    |icmp_ln52_146_fu_1734_p2    |      icmp|   0|  0|  29|          22|           2|
    |icmp_ln52_147_fu_1740_p2    |      icmp|   0|  0|  29|          22|           1|
    |icmp_ln52_148_fu_1804_p2    |      icmp|   0|  0|  25|          18|           1|
    |icmp_ln52_149_fu_1850_p2    |      icmp|   0|  0|  29|          22|           2|
    |icmp_ln52_150_fu_1856_p2    |      icmp|   0|  0|  29|          22|           1|
    |icmp_ln52_151_fu_1920_p2    |      icmp|   0|  0|  25|          18|           1|
    |icmp_ln52_152_fu_1966_p2    |      icmp|   0|  0|  29|          22|           2|
    |icmp_ln52_153_fu_1972_p2    |      icmp|   0|  0|  29|          22|           1|
    |icmp_ln52_154_fu_2036_p2    |      icmp|   0|  0|  25|          18|           1|
    |icmp_ln52_155_fu_2082_p2    |      icmp|   0|  0|  29|          22|           2|
    |icmp_ln52_156_fu_2088_p2    |      icmp|   0|  0|  29|          22|           1|
    |icmp_ln52_157_fu_2152_p2    |      icmp|   0|  0|  25|          18|           1|
    |icmp_ln52_158_fu_2198_p2    |      icmp|   0|  0|  29|          22|           2|
    |icmp_ln52_159_fu_2204_p2    |      icmp|   0|  0|  29|          22|           1|
    |icmp_ln52_160_fu_2268_p2    |      icmp|   0|  0|  25|          18|           1|
    |icmp_ln52_161_fu_2314_p2    |      icmp|   0|  0|  29|          22|           2|
    |icmp_ln52_162_fu_2320_p2    |      icmp|   0|  0|  29|          22|           1|
    |icmp_ln52_fu_644_p2         |      icmp|   0|  0|  25|          18|           1|
    |ap_block_pp0_stage0_01001   |        or|   0|  0|   2|           1|           1|
    |or_ln52_48_fu_2353_p2       |        or|   0|  0|   2|           1|           1|
    |or_ln52_49_fu_2397_p2       |        or|   0|  0|   2|           1|           1|
    |or_ln52_50_fu_658_p2        |        or|   0|  0|   2|           1|           1|
    |or_ln52_51_fu_2450_p2       |        or|   0|  0|   2|           1|           1|
    |or_ln52_52_fu_2494_p2       |        or|   0|  0|   2|           1|           1|
    |or_ln52_53_fu_774_p2        |        or|   0|  0|   2|           1|           1|
    |or_ln52_54_fu_2547_p2       |        or|   0|  0|   2|           1|           1|
    |or_ln52_55_fu_2591_p2       |        or|   0|  0|   2|           1|           1|
    |or_ln52_56_fu_890_p2        |        or|   0|  0|   2|           1|           1|
    |or_ln52_57_fu_2644_p2       |        or|   0|  0|   2|           1|           1|
    |or_ln52_58_fu_2688_p2       |        or|   0|  0|   2|           1|           1|
    |or_ln52_59_fu_1006_p2       |        or|   0|  0|   2|           1|           1|
    |or_ln52_60_fu_2741_p2       |        or|   0|  0|   2|           1|           1|
    |or_ln52_61_fu_2785_p2       |        or|   0|  0|   2|           1|           1|
    |or_ln52_62_fu_1122_p2       |        or|   0|  0|   2|           1|           1|
    |or_ln52_63_fu_2838_p2       |        or|   0|  0|   2|           1|           1|
    |or_ln52_64_fu_2882_p2       |        or|   0|  0|   2|           1|           1|
    |or_ln52_65_fu_1238_p2       |        or|   0|  0|   2|           1|           1|
    |or_ln52_66_fu_2935_p2       |        or|   0|  0|   2|           1|           1|
    |or_ln52_67_fu_2979_p2       |        or|   0|  0|   2|           1|           1|
    |or_ln52_68_fu_1354_p2       |        or|   0|  0|   2|           1|           1|
    |or_ln52_69_fu_3032_p2       |        or|   0|  0|   2|           1|           1|
    |or_ln52_70_fu_3076_p2       |        or|   0|  0|   2|           1|           1|
    |or_ln52_71_fu_1470_p2       |        or|   0|  0|   2|           1|           1|
    |or_ln52_72_fu_3129_p2       |        or|   0|  0|   2|           1|           1|
    |or_ln52_73_fu_3173_p2       |        or|   0|  0|   2|           1|           1|
    |or_ln52_74_fu_1586_p2       |        or|   0|  0|   2|           1|           1|
    |or_ln52_75_fu_3226_p2       |        or|   0|  0|   2|           1|           1|
    |or_ln52_76_fu_3270_p2       |        or|   0|  0|   2|           1|           1|
    |or_ln52_77_fu_1702_p2       |        or|   0|  0|   2|           1|           1|
    |or_ln52_78_fu_3323_p2       |        or|   0|  0|   2|           1|           1|
    |or_ln52_79_fu_3367_p2       |        or|   0|  0|   2|           1|           1|
    |or_ln52_80_fu_1818_p2       |        or|   0|  0|   2|           1|           1|
    |or_ln52_81_fu_3420_p2       |        or|   0|  0|   2|           1|           1|
    |or_ln52_82_fu_3464_p2       |        or|   0|  0|   2|           1|           1|
    |or_ln52_83_fu_1934_p2       |        or|   0|  0|   2|           1|           1|
    |or_ln52_84_fu_3517_p2       |        or|   0|  0|   2|           1|           1|
    |or_ln52_85_fu_3561_p2       |        or|   0|  0|   2|           1|           1|
    |or_ln52_86_fu_2050_p2       |        or|   0|  0|   2|           1|           1|
    |or_ln52_87_fu_3614_p2       |        or|   0|  0|   2|           1|           1|
    |or_ln52_88_fu_3658_p2       |        or|   0|  0|   2|           1|           1|
    |or_ln52_89_fu_2166_p2       |        or|   0|  0|   2|           1|           1|
    |or_ln52_90_fu_3711_p2       |        or|   0|  0|   2|           1|           1|
    |or_ln52_91_fu_3755_p2       |        or|   0|  0|   2|           1|           1|
    |or_ln52_92_fu_2282_p2       |        or|   0|  0|   2|           1|           1|
    |or_ln52_93_fu_3808_p2       |        or|   0|  0|   2|           1|           1|
    |or_ln52_94_fu_3852_p2       |        or|   0|  0|   2|           1|           1|
    |or_ln52_fu_542_p2           |        or|   0|  0|   2|           1|           1|
    |out_data_18_fu_2424_p3      |    select|   0|  0|  16|           1|          16|
    |out_data_19_fu_2514_p3      |    select|   0|  0|  16|           1|          16|
    |out_data_20_fu_2521_p3      |    select|   0|  0|  16|           1|          16|
    |out_data_21_fu_2611_p3      |    select|   0|  0|  16|           1|          16|
    |out_data_22_fu_2618_p3      |    select|   0|  0|  16|           1|          16|
    |out_data_23_fu_2708_p3      |    select|   0|  0|  16|           1|          16|
    |out_data_24_fu_2715_p3      |    select|   0|  0|  16|           1|          16|
    |out_data_fu_2417_p3         |    select|   0|  0|  16|           1|          16|
    |select_ln51_12_fu_2909_p3   |    select|   0|  0|  16|           1|          16|
    |select_ln51_13_fu_3006_p3   |    select|   0|  0|  16|           1|          16|
    |select_ln51_14_fu_3103_p3   |    select|   0|  0|  16|           1|          16|
    |select_ln51_15_fu_3200_p3   |    select|   0|  0|  16|           1|          16|
    |select_ln51_16_fu_3297_p3   |    select|   0|  0|  16|           1|          16|
    |select_ln51_17_fu_3394_p3   |    select|   0|  0|  16|           1|          16|
    |select_ln51_18_fu_3491_p3   |    select|   0|  0|  16|           1|          16|
    |select_ln51_19_fu_3588_p3   |    select|   0|  0|  16|           1|          16|
    |select_ln51_20_fu_3685_p3   |    select|   0|  0|  16|           1|          16|
    |select_ln51_21_fu_3782_p3   |    select|   0|  0|  16|           1|          16|
    |select_ln51_22_fu_3879_p3   |    select|   0|  0|  16|           1|          16|
    |select_ln51_fu_2812_p3      |    select|   0|  0|  16|           1|          16|
    |select_ln52_100_fu_3253_p3  |    select|   0|  0|  15|           1|          15|
    |select_ln52_101_fu_3282_p3  |    select|   0|  0|  16|           1|          16|
    |select_ln52_102_fu_3290_p3  |    select|   0|  0|  16|           1|          16|
    |select_ln52_103_fu_3312_p3  |    select|   0|  0|   2|           1|           1|
    |select_ln52_104_fu_3350_p3  |    select|   0|  0|  15|           1|          15|
    |select_ln52_105_fu_3379_p3  |    select|   0|  0|  16|           1|          16|
    |select_ln52_106_fu_3387_p3  |    select|   0|  0|  16|           1|          16|
    |select_ln52_107_fu_3409_p3  |    select|   0|  0|   2|           1|           1|
    |select_ln52_108_fu_3447_p3  |    select|   0|  0|  15|           1|          15|
    |select_ln52_109_fu_3476_p3  |    select|   0|  0|  16|           1|          16|
    |select_ln52_110_fu_3484_p3  |    select|   0|  0|  16|           1|          16|
    |select_ln52_111_fu_3506_p3  |    select|   0|  0|   2|           1|           1|
    |select_ln52_112_fu_3544_p3  |    select|   0|  0|  15|           1|          15|
    |select_ln52_113_fu_3573_p3  |    select|   0|  0|  16|           1|          16|
    |select_ln52_114_fu_3581_p3  |    select|   0|  0|  16|           1|          16|
    |select_ln52_115_fu_3603_p3  |    select|   0|  0|   2|           1|           1|
    |select_ln52_116_fu_3641_p3  |    select|   0|  0|  15|           1|          15|
    |select_ln52_117_fu_3670_p3  |    select|   0|  0|  16|           1|          16|
    |select_ln52_118_fu_3678_p3  |    select|   0|  0|  16|           1|          16|
    |select_ln52_119_fu_3700_p3  |    select|   0|  0|   2|           1|           1|
    |select_ln52_120_fu_3738_p3  |    select|   0|  0|  15|           1|          15|
    |select_ln52_121_fu_3767_p3  |    select|   0|  0|  16|           1|          16|
    |select_ln52_122_fu_3775_p3  |    select|   0|  0|  16|           1|          16|
    |select_ln52_123_fu_3797_p3  |    select|   0|  0|   2|           1|           1|
    |select_ln52_124_fu_3835_p3  |    select|   0|  0|  15|           1|          15|
    |select_ln52_125_fu_3864_p3  |    select|   0|  0|  16|           1|          16|
    |select_ln52_126_fu_3872_p3  |    select|   0|  0|  16|           1|          16|
    |select_ln52_127_fu_2347_p3  |    select|   0|  0|   2|           1|           1|
    |select_ln52_128_fu_2403_p3  |    select|   0|  0|  16|           1|          16|
    |select_ln52_130_fu_2444_p3  |    select|   0|  0|   2|           1|           1|
    |select_ln52_131_fu_2500_p3  |    select|   0|  0|  16|           1|          16|
    |select_ln52_133_fu_2541_p3  |    select|   0|  0|   2|           1|           1|
    |select_ln52_134_fu_2597_p3  |    select|   0|  0|  16|           1|          16|
    |select_ln52_136_fu_2638_p3  |    select|   0|  0|   2|           1|           1|
    |select_ln52_137_fu_2694_p3  |    select|   0|  0|  16|           1|          16|
    |select_ln52_139_fu_2735_p3  |    select|   0|  0|   2|           1|           1|
    |select_ln52_140_fu_2791_p3  |    select|   0|  0|  16|           1|          16|
    |select_ln52_141_fu_2832_p3  |    select|   0|  0|   2|           1|           1|
    |select_ln52_142_fu_2888_p3  |    select|   0|  0|  16|           1|          16|
    |select_ln52_143_fu_2929_p3  |    select|   0|  0|   2|           1|           1|
    |select_ln52_144_fu_2985_p3  |    select|   0|  0|  16|           1|          16|
    |select_ln52_145_fu_3026_p3  |    select|   0|  0|   2|           1|           1|
    |select_ln52_146_fu_3082_p3  |    select|   0|  0|  16|           1|          16|
    |select_ln52_147_fu_3123_p3  |    select|   0|  0|   2|           1|           1|
    |select_ln52_148_fu_3179_p3  |    select|   0|  0|  16|           1|          16|
    |select_ln52_149_fu_3220_p3  |    select|   0|  0|   2|           1|           1|
    |select_ln52_150_fu_3276_p3  |    select|   0|  0|  16|           1|          16|
    |select_ln52_151_fu_3317_p3  |    select|   0|  0|   2|           1|           1|
    |select_ln52_152_fu_3373_p3  |    select|   0|  0|  16|           1|          16|
    |select_ln52_153_fu_3414_p3  |    select|   0|  0|   2|           1|           1|
    |select_ln52_154_fu_3470_p3  |    select|   0|  0|  16|           1|          16|
    |select_ln52_155_fu_3511_p3  |    select|   0|  0|   2|           1|           1|
    |select_ln52_156_fu_3567_p3  |    select|   0|  0|  16|           1|          16|
    |select_ln52_157_fu_3608_p3  |    select|   0|  0|   2|           1|           1|
    |select_ln52_158_fu_3664_p3  |    select|   0|  0|  16|           1|          16|
    |select_ln52_159_fu_3705_p3  |    select|   0|  0|   2|           1|           1|
    |select_ln52_160_fu_3761_p3  |    select|   0|  0|  16|           1|          16|
    |select_ln52_161_fu_3802_p3  |    select|   0|  0|   2|           1|           1|
    |select_ln52_162_fu_3858_p3  |    select|   0|  0|  16|           1|          16|
    |select_ln52_64_fu_2380_p3   |    select|   0|  0|  15|           1|          15|
    |select_ln52_65_fu_2409_p3   |    select|   0|  0|  16|           1|          16|
    |select_ln52_67_fu_2439_p3   |    select|   0|  0|   2|           1|           1|
    |select_ln52_68_fu_2477_p3   |    select|   0|  0|  15|           1|          15|
    |select_ln52_69_fu_2506_p3   |    select|   0|  0|  16|           1|          16|
    |select_ln52_71_fu_2536_p3   |    select|   0|  0|   2|           1|           1|
    |select_ln52_72_fu_2574_p3   |    select|   0|  0|  15|           1|          15|
    |select_ln52_73_fu_2603_p3   |    select|   0|  0|  16|           1|          16|
    |select_ln52_75_fu_2633_p3   |    select|   0|  0|   2|           1|           1|
    |select_ln52_76_fu_2671_p3   |    select|   0|  0|  15|           1|          15|
    |select_ln52_77_fu_2700_p3   |    select|   0|  0|  16|           1|          16|
    |select_ln52_79_fu_2730_p3   |    select|   0|  0|   2|           1|           1|
    |select_ln52_80_fu_2768_p3   |    select|   0|  0|  15|           1|          15|
    |select_ln52_81_fu_2797_p3   |    select|   0|  0|  16|           1|          16|
    |select_ln52_82_fu_2805_p3   |    select|   0|  0|  16|           1|          16|
    |select_ln52_83_fu_2827_p3   |    select|   0|  0|   2|           1|           1|
    |select_ln52_84_fu_2865_p3   |    select|   0|  0|  15|           1|          15|
    |select_ln52_85_fu_2894_p3   |    select|   0|  0|  16|           1|          16|
    |select_ln52_86_fu_2902_p3   |    select|   0|  0|  16|           1|          16|
    |select_ln52_87_fu_2924_p3   |    select|   0|  0|   2|           1|           1|
    |select_ln52_88_fu_2962_p3   |    select|   0|  0|  15|           1|          15|
    |select_ln52_89_fu_2991_p3   |    select|   0|  0|  16|           1|          16|
    |select_ln52_90_fu_2999_p3   |    select|   0|  0|  16|           1|          16|
    |select_ln52_91_fu_3021_p3   |    select|   0|  0|   2|           1|           1|
    |select_ln52_92_fu_3059_p3   |    select|   0|  0|  15|           1|          15|
    |select_ln52_93_fu_3088_p3   |    select|   0|  0|  16|           1|          16|
    |select_ln52_94_fu_3096_p3   |    select|   0|  0|  16|           1|          16|
    |select_ln52_95_fu_3118_p3   |    select|   0|  0|   2|           1|           1|
    |select_ln52_96_fu_3156_p3   |    select|   0|  0|  15|           1|          15|
    |select_ln52_97_fu_3185_p3   |    select|   0|  0|  16|           1|          16|
    |select_ln52_98_fu_3193_p3   |    select|   0|  0|  16|           1|          16|
    |select_ln52_99_fu_3215_p3   |    select|   0|  0|   2|           1|           1|
    |select_ln52_fu_2342_p3      |    select|   0|  0|   2|           1|           1|
    |ap_enable_pp0               |       xor|   0|  0|   2|           1|           2|
    |xor_ln52_127_fu_2337_p2     |       xor|   0|  0|   2|           1|           2|
    |xor_ln52_128_fu_2434_p2     |       xor|   0|  0|   2|           1|           2|
    |xor_ln52_129_fu_2531_p2     |       xor|   0|  0|   2|           1|           2|
    |xor_ln52_130_fu_2628_p2     |       xor|   0|  0|   2|           1|           2|
    |xor_ln52_131_fu_2725_p2     |       xor|   0|  0|   2|           1|           2|
    |xor_ln52_132_fu_2822_p2     |       xor|   0|  0|   2|           1|           2|
    |xor_ln52_133_fu_2919_p2     |       xor|   0|  0|   2|           1|           2|
    |xor_ln52_134_fu_3016_p2     |       xor|   0|  0|   2|           1|           2|
    |xor_ln52_135_fu_3113_p2     |       xor|   0|  0|   2|           1|           2|
    |xor_ln52_136_fu_3210_p2     |       xor|   0|  0|   2|           1|           2|
    |xor_ln52_137_fu_3307_p2     |       xor|   0|  0|   2|           1|           2|
    |xor_ln52_138_fu_3404_p2     |       xor|   0|  0|   2|           1|           2|
    |xor_ln52_139_fu_3501_p2     |       xor|   0|  0|   2|           1|           2|
    |xor_ln52_140_fu_3598_p2     |       xor|   0|  0|   2|           1|           2|
    |xor_ln52_141_fu_3695_p2     |       xor|   0|  0|   2|           1|           2|
    |xor_ln52_142_fu_3792_p2     |       xor|   0|  0|   2|           1|           2|
    |xor_ln52_32_fu_2374_p2      |       xor|   0|  0|   2|           2|           1|
    |xor_ln52_33_fu_2455_p2      |       xor|   0|  0|   2|           1|           2|
    |xor_ln52_34_fu_2471_p2      |       xor|   0|  0|   2|           2|           1|
    |xor_ln52_35_fu_2552_p2      |       xor|   0|  0|   2|           1|           2|
    |xor_ln52_36_fu_2568_p2      |       xor|   0|  0|   2|           2|           1|
    |xor_ln52_37_fu_2649_p2      |       xor|   0|  0|   2|           1|           2|
    |xor_ln52_38_fu_2665_p2      |       xor|   0|  0|   2|           2|           1|
    |xor_ln52_39_fu_2746_p2      |       xor|   0|  0|   2|           1|           2|
    |xor_ln52_40_fu_2762_p2      |       xor|   0|  0|   2|           2|           1|
    |xor_ln52_41_fu_2843_p2      |       xor|   0|  0|   2|           1|           2|
    |xor_ln52_42_fu_2859_p2      |       xor|   0|  0|   2|           2|           1|
    |xor_ln52_43_fu_2940_p2      |       xor|   0|  0|   2|           1|           2|
    |xor_ln52_44_fu_2956_p2      |       xor|   0|  0|   2|           2|           1|
    |xor_ln52_45_fu_3037_p2      |       xor|   0|  0|   2|           1|           2|
    |xor_ln52_46_fu_3053_p2      |       xor|   0|  0|   2|           2|           1|
    |xor_ln52_47_fu_3134_p2      |       xor|   0|  0|   2|           1|           2|
    |xor_ln52_48_fu_3150_p2      |       xor|   0|  0|   2|           2|           1|
    |xor_ln52_49_fu_3231_p2      |       xor|   0|  0|   2|           1|           2|
    |xor_ln52_50_fu_3247_p2      |       xor|   0|  0|   2|           2|           1|
    |xor_ln52_51_fu_3328_p2      |       xor|   0|  0|   2|           1|           2|
    |xor_ln52_52_fu_3344_p2      |       xor|   0|  0|   2|           2|           1|
    |xor_ln52_53_fu_3425_p2      |       xor|   0|  0|   2|           1|           2|
    |xor_ln52_54_fu_3441_p2      |       xor|   0|  0|   2|           2|           1|
    |xor_ln52_55_fu_3522_p2      |       xor|   0|  0|   2|           1|           2|
    |xor_ln52_56_fu_3538_p2      |       xor|   0|  0|   2|           2|           1|
    |xor_ln52_57_fu_3619_p2      |       xor|   0|  0|   2|           1|           2|
    |xor_ln52_58_fu_3635_p2      |       xor|   0|  0|   2|           2|           1|
    |xor_ln52_59_fu_3716_p2      |       xor|   0|  0|   2|           1|           2|
    |xor_ln52_60_fu_3732_p2      |       xor|   0|  0|   2|           2|           1|
    |xor_ln52_61_fu_3813_p2      |       xor|   0|  0|   2|           1|           2|
    |xor_ln52_62_fu_3829_p2      |       xor|   0|  0|   2|           2|           1|
    |xor_ln52_fu_2358_p2         |       xor|   0|  0|   2|           1|           2|
    +----------------------------+----------+----+---+----+------------+------------+
    |Total                       |          |   0|  0|4408|        2471|        1839|
    +----------------------------+----------+----+---+----+------------+------------+

    * Multiplexer: 
    +-------------------------+----+-----------+-----+-----------+
    |           Name          | LUT| Input Size| Bits| Total Bits|
    +-------------------------+----+-----------+-----+-----------+
    |ap_done_int              |   9|          2|    1|          2|
    |ap_enable_reg_pp0_iter1  |   9|          2|    1|          2|
    |ap_sig_allocacmp_i_7     |   9|          2|   10|         20|
    |i_fu_288                 |   9|          2|   10|         20|
    |layer10_out_blk_n        |   9|          2|    1|          2|
    |layer9_out_blk_n         |   9|          2|    1|          2|
    |real_start               |   9|          2|    1|          2|
    +-------------------------+----+-----------+-----+-----------+
    |Total                    |  63|         14|   25|         50|
    +-------------------------+----+-----------+-----+-----------+

    * Register: 
    +----------------------------------+----+----+-----+-----------+
    |               Name               | FF | LUT| Bits| Const Bits|
    +----------------------------------+----+----+-----+-----------+
    |add_ln52_16_reg_3995              |  16|   0|   16|          0|
    |add_ln52_17_reg_4038              |  16|   0|   16|          0|
    |add_ln52_18_reg_4081              |  16|   0|   16|          0|
    |add_ln52_19_reg_4124              |  16|   0|   16|          0|
    |add_ln52_20_reg_4167              |  16|   0|   16|          0|
    |add_ln52_21_reg_4210              |  16|   0|   16|          0|
    |add_ln52_22_reg_4253              |  16|   0|   16|          0|
    |add_ln52_23_reg_4296              |  16|   0|   16|          0|
    |add_ln52_24_reg_4339              |  16|   0|   16|          0|
    |add_ln52_25_reg_4382              |  16|   0|   16|          0|
    |add_ln52_26_reg_4425              |  16|   0|   16|          0|
    |add_ln52_27_reg_4468              |  16|   0|   16|          0|
    |add_ln52_28_reg_4511              |  16|   0|   16|          0|
    |add_ln52_29_reg_4554              |  16|   0|   16|          0|
    |add_ln52_30_reg_4597              |  16|   0|   16|          0|
    |add_ln52_reg_3952                 |  16|   0|   16|          0|
    |ap_CS_fsm                         |   1|   0|    1|          0|
    |ap_done_reg                       |   1|   0|    1|          0|
    |ap_enable_reg_pp0_iter1           |   1|   0|    1|          0|
    |ap_enable_reg_pp0_iter2           |   1|   0|    1|          0|
    |ap_loop_exit_ready_pp0_iter1_reg  |   1|   0|    1|          0|
    |i_fu_288                          |  10|   0|   10|          0|
    |icmp_ln51_16_reg_3977             |   1|   0|    1|          0|
    |icmp_ln51_17_reg_4020             |   1|   0|    1|          0|
    |icmp_ln51_18_reg_4063             |   1|   0|    1|          0|
    |icmp_ln51_19_reg_4106             |   1|   0|    1|          0|
    |icmp_ln51_20_reg_4149             |   1|   0|    1|          0|
    |icmp_ln51_21_reg_4192             |   1|   0|    1|          0|
    |icmp_ln51_22_reg_4235             |   1|   0|    1|          0|
    |icmp_ln51_23_reg_4278             |   1|   0|    1|          0|
    |icmp_ln51_24_reg_4321             |   1|   0|    1|          0|
    |icmp_ln51_25_reg_4364             |   1|   0|    1|          0|
    |icmp_ln51_26_reg_4407             |   1|   0|    1|          0|
    |icmp_ln51_27_reg_4450             |   1|   0|    1|          0|
    |icmp_ln51_28_reg_4493             |   1|   0|    1|          0|
    |icmp_ln51_29_reg_4536             |   1|   0|    1|          0|
    |icmp_ln51_30_reg_4579             |   1|   0|    1|          0|
    |icmp_ln51_reg_3934                |   1|   0|    1|          0|
    |icmp_ln52_115_reg_3959            |   1|   0|    1|          0|
    |icmp_ln52_116_reg_3965            |   1|   0|    1|          0|
    |icmp_ln52_119_reg_4002            |   1|   0|    1|          0|
    |icmp_ln52_120_reg_4008            |   1|   0|    1|          0|
    |icmp_ln52_122_reg_4045            |   1|   0|    1|          0|
    |icmp_ln52_123_reg_4051            |   1|   0|    1|          0|
    |icmp_ln52_125_reg_4088            |   1|   0|    1|          0|
    |icmp_ln52_126_reg_4094            |   1|   0|    1|          0|
    |icmp_ln52_128_reg_4131            |   1|   0|    1|          0|
    |icmp_ln52_129_reg_4137            |   1|   0|    1|          0|
    |icmp_ln52_131_reg_4174            |   1|   0|    1|          0|
    |icmp_ln52_132_reg_4180            |   1|   0|    1|          0|
    |icmp_ln52_134_reg_4217            |   1|   0|    1|          0|
    |icmp_ln52_135_reg_4223            |   1|   0|    1|          0|
    |icmp_ln52_137_reg_4260            |   1|   0|    1|          0|
    |icmp_ln52_138_reg_4266            |   1|   0|    1|          0|
    |icmp_ln52_140_reg_4303            |   1|   0|    1|          0|
    |icmp_ln52_141_reg_4309            |   1|   0|    1|          0|
    |icmp_ln52_143_reg_4346            |   1|   0|    1|          0|
    |icmp_ln52_144_reg_4352            |   1|   0|    1|          0|
    |icmp_ln52_146_reg_4389            |   1|   0|    1|          0|
    |icmp_ln52_147_reg_4395            |   1|   0|    1|          0|
    |icmp_ln52_149_reg_4432            |   1|   0|    1|          0|
    |icmp_ln52_150_reg_4438            |   1|   0|    1|          0|
    |icmp_ln52_152_reg_4475            |   1|   0|    1|          0|
    |icmp_ln52_153_reg_4481            |   1|   0|    1|          0|
    |icmp_ln52_155_reg_4518            |   1|   0|    1|          0|
    |icmp_ln52_156_reg_4524            |   1|   0|    1|          0|
    |icmp_ln52_158_reg_4561            |   1|   0|    1|          0|
    |icmp_ln52_159_reg_4567            |   1|   0|    1|          0|
    |icmp_ln52_161_reg_4604            |   1|   0|    1|          0|
    |icmp_ln52_162_reg_4610            |   1|   0|    1|          0|
    |start_once_reg                    |   1|   0|    1|          0|
    |tmp_319_reg_3946                  |   1|   0|    1|          0|
    |tmp_320_reg_3971                  |   1|   0|    1|          0|
    |tmp_321_reg_3982                  |   1|   0|    1|          0|
    |tmp_324_reg_3989                  |   1|   0|    1|          0|
    |tmp_325_reg_4014                  |   1|   0|    1|          0|
    |tmp_326_reg_4025                  |   1|   0|    1|          0|
    |tmp_329_reg_4032                  |   1|   0|    1|          0|
    |tmp_330_reg_4057                  |   1|   0|    1|          0|
    |tmp_331_reg_4068                  |   1|   0|    1|          0|
    |tmp_334_reg_4075                  |   1|   0|    1|          0|
    |tmp_335_reg_4100                  |   1|   0|    1|          0|
    |tmp_336_reg_4111                  |   1|   0|    1|          0|
    |tmp_339_reg_4118                  |   1|   0|    1|          0|
    |tmp_340_reg_4143                  |   1|   0|    1|          0|
    |tmp_341_reg_4154                  |   1|   0|    1|          0|
    |tmp_344_reg_4161                  |   1|   0|    1|          0|
    |tmp_345_reg_4186                  |   1|   0|    1|          0|
    |tmp_346_reg_4197                  |   1|   0|    1|          0|
    |tmp_349_reg_4204                  |   1|   0|    1|          0|
    |tmp_350_reg_4229                  |   1|   0|    1|          0|
    |tmp_351_reg_4240                  |   1|   0|    1|          0|
    |tmp_354_reg_4247                  |   1|   0|    1|          0|
    |tmp_355_reg_4272                  |   1|   0|    1|          0|
    |tmp_356_reg_4283                  |   1|   0|    1|          0|
    |tmp_359_reg_4290                  |   1|   0|    1|          0|
    |tmp_360_reg_4315                  |   1|   0|    1|          0|
    |tmp_361_reg_4326                  |   1|   0|    1|          0|
    |tmp_364_reg_4333                  |   1|   0|    1|          0|
    |tmp_365_reg_4358                  |   1|   0|    1|          0|
    |tmp_366_reg_4369                  |   1|   0|    1|          0|
    |tmp_369_reg_4376                  |   1|   0|    1|          0|
    |tmp_370_reg_4401                  |   1|   0|    1|          0|
    |tmp_371_reg_4412                  |   1|   0|    1|          0|
    |tmp_374_reg_4419                  |   1|   0|    1|          0|
    |tmp_375_reg_4444                  |   1|   0|    1|          0|
    |tmp_376_reg_4455                  |   1|   0|    1|          0|
    |tmp_379_reg_4462                  |   1|   0|    1|          0|
    |tmp_380_reg_4487                  |   1|   0|    1|          0|
    |tmp_381_reg_4498                  |   1|   0|    1|          0|
    |tmp_384_reg_4505                  |   1|   0|    1|          0|
    |tmp_385_reg_4530                  |   1|   0|    1|          0|
    |tmp_386_reg_4541                  |   1|   0|    1|          0|
    |tmp_389_reg_4548                  |   1|   0|    1|          0|
    |tmp_390_reg_4573                  |   1|   0|    1|          0|
    |tmp_391_reg_4584                  |   1|   0|    1|          0|
    |tmp_394_reg_4591                  |   1|   0|    1|          0|
    |tmp_395_reg_4616                  |   1|   0|    1|          0|
    |tmp_reg_3939                      |   1|   0|    1|          0|
    +----------------------------------+----+----+-----+-----------+
    |Total                             | 368|   0|  368|          0|
    +----------------------------------+----+----+-----+-----------+



================================================================
== Interface
================================================================
* Summary: 
+----------------------------+-----+-----+------------+--------------------------------------------------------------------------+--------------+
|          RTL Ports         | Dir | Bits|  Protocol  |                               Source Object                              |    C Type    |
+----------------------------+-----+-----+------------+--------------------------------------------------------------------------+--------------+
|ap_clk                      |   in|    1|  ap_ctrl_hs|  relu<array<ap_fixed,16u>,array<ap_ufixed<16,6,4,0,0>,16u>,relu_config10>|  return value|
|ap_rst                      |   in|    1|  ap_ctrl_hs|  relu<array<ap_fixed,16u>,array<ap_ufixed<16,6,4,0,0>,16u>,relu_config10>|  return value|
|ap_start                    |   in|    1|  ap_ctrl_hs|  relu<array<ap_fixed,16u>,array<ap_ufixed<16,6,4,0,0>,16u>,relu_config10>|  return value|
|start_full_n                |   in|    1|  ap_ctrl_hs|  relu<array<ap_fixed,16u>,array<ap_ufixed<16,6,4,0,0>,16u>,relu_config10>|  return value|
|ap_done                     |  out|    1|  ap_ctrl_hs|  relu<array<ap_fixed,16u>,array<ap_ufixed<16,6,4,0,0>,16u>,relu_config10>|  return value|
|ap_continue                 |   in|    1|  ap_ctrl_hs|  relu<array<ap_fixed,16u>,array<ap_ufixed<16,6,4,0,0>,16u>,relu_config10>|  return value|
|ap_idle                     |  out|    1|  ap_ctrl_hs|  relu<array<ap_fixed,16u>,array<ap_ufixed<16,6,4,0,0>,16u>,relu_config10>|  return value|
|ap_ready                    |  out|    1|  ap_ctrl_hs|  relu<array<ap_fixed,16u>,array<ap_ufixed<16,6,4,0,0>,16u>,relu_config10>|  return value|
|start_out                   |  out|    1|  ap_ctrl_hs|  relu<array<ap_fixed,16u>,array<ap_ufixed<16,6,4,0,0>,16u>,relu_config10>|  return value|
|start_write                 |  out|    1|  ap_ctrl_hs|  relu<array<ap_fixed,16u>,array<ap_ufixed<16,6,4,0,0>,16u>,relu_config10>|  return value|
|layer9_out_dout             |   in|  912|     ap_fifo|                                                                layer9_out|       pointer|
|layer9_out_num_data_valid   |   in|   11|     ap_fifo|                                                                layer9_out|       pointer|
|layer9_out_fifo_cap         |   in|   11|     ap_fifo|                                                                layer9_out|       pointer|
|layer9_out_empty_n          |   in|    1|     ap_fifo|                                                                layer9_out|       pointer|
|layer9_out_read             |  out|    1|     ap_fifo|                                                                layer9_out|       pointer|
|layer10_out_din             |  out|  256|     ap_fifo|                                                               layer10_out|       pointer|
|layer10_out_num_data_valid  |   in|   11|     ap_fifo|                                                               layer10_out|       pointer|
|layer10_out_fifo_cap        |   in|   11|     ap_fifo|                                                               layer10_out|       pointer|
|layer10_out_full_n          |   in|    1|     ap_fifo|                                                               layer10_out|       pointer|
|layer10_out_write           |  out|    1|     ap_fifo|                                                               layer10_out|       pointer|
+----------------------------+-----+-----+------------+--------------------------------------------------------------------------+--------------+

