

================================================================
== Vitis HLS Report for 'shift_line_buffer_array_ap_ufixed_16_6_4_0_0_8u_config11_s'
================================================================
* Date:           Mon Mar 30 19:07:07 2026

* Version:        2023.2 (Build 4023990 on Oct 11 2023)
* Project:        myproject_prj
* Solution:       solution1 (Vivado IP Flow Target)
* Product family: zynquplus
* Target device:  xck26-sfvc784-2LV-c


================================================================
== Performance Estimates
================================================================
+ Timing: 
    * Summary: 
    +--------+---------+----------+------------+
    |  Clock |  Target | Estimated| Uncertainty|
    +--------+---------+----------+------------+
    |ap_clk  |  5.00 ns|  0.717 ns|     1.35 ns|
    +--------+---------+----------+------------+

+ Latency: 
    * Summary: 
    +---------+---------+----------+----------+-----+-----+---------+
    |  Latency (cycles) |  Latency (absolute) |  Interval | Pipeline|
    |   min   |   max   |    min   |    max   | min | max |   Type  |
    +---------+---------+----------+----------+-----+-----+---------+
    |        0|        0|      0 ns|      0 ns|    1|    1|      yes|
    +---------+---------+----------+----------+-----+-----+---------+

    + Detail: 
        * Instance: 
        N/A

        * Loop: 
        N/A



================================================================
== Utilization Estimates
================================================================
* Summary: 
+-----------------+---------+------+--------+--------+-----+
|       Name      | BRAM_18K|  DSP |   FF   |   LUT  | URAM|
+-----------------+---------+------+--------+--------+-----+
|DSP              |        -|     -|       -|       -|    -|
|Expression       |        -|     -|       -|       -|    -|
|FIFO             |        -|     -|       -|       -|    -|
|Instance         |        -|     -|       -|       -|    -|
|Memory           |        -|     -|     512|     256|    -|
|Multiplexer      |        -|     -|       -|     432|    -|
|Register         |        -|     -|       1|       -|    -|
+-----------------+---------+------+--------+--------+-----+
|Total            |        0|     0|     513|     688|    0|
+-----------------+---------+------+--------+--------+-----+
|Available        |      288|  1248|  234240|  117120|   64|
+-----------------+---------+------+--------+--------+-----+
|Utilization (%)  |        0|     0|      ~0|      ~0|    0|
+-----------------+---------+------+--------+--------+-----+

+ Detail: 
    * Instance: 
    N/A

    * DSP: 
    N/A

    * Memory: 
    +-----------------------------------------------------------------------+----------------------------------------------------------------------------------+---------+----+----+-----+------+-----+------+-------------+
    |                                 Memory                                |                                      Module                                      | BRAM_18K| FF | LUT| URAM| Words| Bits| Banks| W*Bits*Banks|
    +-----------------------------------------------------------------------+----------------------------------------------------------------------------------+---------+----+----+-----+------+-----+------+-------------+
    |void_pooling2d_cl_stream_stream_array_ap_ufixed_8u_0_line_buffer_15_U  |shift_line_buffer_array_ap_ufixed_16_6_4_0_0_8u_config11_s_void_pooling2d_cl_DeQ  |        0|  64|  32|    0|    32|   16|     1|          512|
    |void_pooling2d_cl_stream_stream_array_ap_ufixed_8u_0_line_buffer_14_U  |shift_line_buffer_array_ap_ufixed_16_6_4_0_0_8u_config11_s_void_pooling2d_cl_DeQ  |        0|  64|  32|    0|    32|   16|     1|          512|
    |void_pooling2d_cl_stream_stream_array_ap_ufixed_8u_0_line_buffer_13_U  |shift_line_buffer_array_ap_ufixed_16_6_4_0_0_8u_config11_s_void_pooling2d_cl_DeQ  |        0|  64|  32|    0|    32|   16|     1|          512|
    |void_pooling2d_cl_stream_stream_array_ap_ufixed_8u_0_line_buffer_12_U  |shift_line_buffer_array_ap_ufixed_16_6_4_0_0_8u_config11_s_void_pooling2d_cl_DeQ  |        0|  64|  32|    0|    32|   16|     1|          512|
    |void_pooling2d_cl_stream_stream_array_ap_ufixed_8u_0_line_buffer_11_U  |shift_line_buffer_array_ap_ufixed_16_6_4_0_0_8u_config11_s_void_pooling2d_cl_DeQ  |        0|  64|  32|    0|    32|   16|     1|          512|
    |void_pooling2d_cl_stream_stream_array_ap_ufixed_8u_0_line_buffer_10_U  |shift_line_buffer_array_ap_ufixed_16_6_4_0_0_8u_config11_s_void_pooling2d_cl_DeQ  |        0|  64|  32|    0|    32|   16|     1|          512|
    |void_pooling2d_cl_stream_stream_array_ap_ufixed_8u_0_line_buffer_9_U   |shift_line_buffer_array_ap_ufixed_16_6_4_0_0_8u_config11_s_void_pooling2d_cl_DeQ  |        0|  64|  32|    0|    32|   16|     1|          512|
    |void_pooling2d_cl_stream_stream_array_ap_ufixed_8u_0_line_buffer_8_U   |shift_line_buffer_array_ap_ufixed_16_6_4_0_0_8u_config11_s_void_pooling2d_cl_DeQ  |        0|  64|  32|    0|    32|   16|     1|          512|
    +-----------------------------------------------------------------------+----------------------------------------------------------------------------------+---------+----+----+-----+------+-----+------+-------------+
    |Total                                                                  |                                                                                  |        0| 512| 256|    0|   256|  128|     8|         4096|
    +-----------------------------------------------------------------------+----------------------------------------------------------------------------------+---------+----+----+-----+------+-----+------+-------------+

    * FIFO: 
    N/A

    * Expression: 
    N/A

    * Multiplexer: 
    +-----------------------------------------------------------------------------------------+----+-----------+-----+-----------+
    |                                           Name                                          | LUT| Input Size| Bits| Total Bits|
    +-----------------------------------------------------------------------------------------+----+-----------+-----+-----------+
    |p_ZZN4nnet22compute_pool_buffer_2dINS_5arrayI9ap_ufixedILi16ELi6EL9ap_q_mode4EL9a_247_o  |   9|          2|   16|         32|
    |p_ZZN4nnet22compute_pool_buffer_2dINS_5arrayI9ap_ufixedILi16ELi6EL9ap_q_mode4EL9a_248_o  |   9|          2|   16|         32|
    |p_ZZN4nnet22compute_pool_buffer_2dINS_5arrayI9ap_ufixedILi16ELi6EL9ap_q_mode4EL9a_249_o  |   9|          2|   16|         32|
    |p_ZZN4nnet22compute_pool_buffer_2dINS_5arrayI9ap_ufixedILi16ELi6EL9ap_q_mode4EL9a_250_o  |   9|          2|   16|         32|
    |p_ZZN4nnet22compute_pool_buffer_2dINS_5arrayI9ap_ufixedILi16ELi6EL9ap_q_mode4EL9a_251_o  |   9|          2|   16|         32|
    |p_ZZN4nnet22compute_pool_buffer_2dINS_5arrayI9ap_ufixedILi16ELi6EL9ap_q_mode4EL9a_252_o  |   9|          2|   16|         32|
    |p_ZZN4nnet22compute_pool_buffer_2dINS_5arrayI9ap_ufixedILi16ELi6EL9ap_q_mode4EL9a_253_o  |   9|          2|   16|         32|
    |p_ZZN4nnet22compute_pool_buffer_2dINS_5arrayI9ap_ufixedILi16ELi6EL9ap_q_mode4EL9a_254_o  |   9|          2|   16|         32|
    |p_ZZN4nnet22compute_pool_buffer_2dINS_5arrayI9ap_ufixedILi16ELi6EL9ap_q_mode4EL9a_255_o  |   9|          2|   16|         32|
    |p_ZZN4nnet22compute_pool_buffer_2dINS_5arrayI9ap_ufixedILi16ELi6EL9ap_q_mode4EL9a_256_o  |   9|          2|   16|         32|
    |p_ZZN4nnet22compute_pool_buffer_2dINS_5arrayI9ap_ufixedILi16ELi6EL9ap_q_mode4EL9a_257_o  |   9|          2|   16|         32|
    |p_ZZN4nnet22compute_pool_buffer_2dINS_5arrayI9ap_ufixedILi16ELi6EL9ap_q_mode4EL9a_258_o  |   9|          2|   16|         32|
    |p_ZZN4nnet22compute_pool_buffer_2dINS_5arrayI9ap_ufixedILi16ELi6EL9ap_q_mode4EL9a_259_o  |   9|          2|   16|         32|
    |p_ZZN4nnet22compute_pool_buffer_2dINS_5arrayI9ap_ufixedILi16ELi6EL9ap_q_mode4EL9a_260_o  |   9|          2|   16|         32|
    |p_ZZN4nnet22compute_pool_buffer_2dINS_5arrayI9ap_ufixedILi16ELi6EL9ap_q_mode4EL9a_261_o  |   9|          2|   16|         32|
    |p_ZZN4nnet22compute_pool_buffer_2dINS_5arrayI9ap_ufixedILi16ELi6EL9ap_q_mode4EL9a_262_o  |   9|          2|   16|         32|
    |p_ZZN4nnet22compute_pool_buffer_2dINS_5arrayI9ap_ufixedILi16ELi6EL9ap_q_mode4EL9a_263_o  |   9|          2|   16|         32|
    |p_ZZN4nnet22compute_pool_buffer_2dINS_5arrayI9ap_ufixedILi16ELi6EL9ap_q_mode4EL9a_264_o  |   9|          2|   16|         32|
    |p_ZZN4nnet22compute_pool_buffer_2dINS_5arrayI9ap_ufixedILi16ELi6EL9ap_q_mode4EL9a_265_o  |   9|          2|   16|         32|
    |p_ZZN4nnet22compute_pool_buffer_2dINS_5arrayI9ap_ufixedILi16ELi6EL9ap_q_mode4EL9a_266_o  |   9|          2|   16|         32|
    |p_ZZN4nnet22compute_pool_buffer_2dINS_5arrayI9ap_ufixedILi16ELi6EL9ap_q_mode4EL9a_267_o  |   9|          2|   16|         32|
    |p_ZZN4nnet22compute_pool_buffer_2dINS_5arrayI9ap_ufixedILi16ELi6EL9ap_q_mode4EL9a_268_o  |   9|          2|   16|         32|
    |p_ZZN4nnet22compute_pool_buffer_2dINS_5arrayI9ap_ufixedILi16ELi6EL9ap_q_mode4EL9a_277_o  |   9|          2|   16|         32|
    |p_ZZN4nnet22compute_pool_buffer_2dINS_5arrayI9ap_ufixedILi16ELi6EL9ap_q_mode4EL9a_278_o  |   9|          2|   16|         32|
    |p_ZZN4nnet22compute_pool_buffer_2dINS_5arrayI9ap_ufixedILi16ELi6EL9ap_q_mode4EL9a_279_o  |   9|          2|   16|         32|
    |p_ZZN4nnet22compute_pool_buffer_2dINS_5arrayI9ap_ufixedILi16ELi6EL9ap_q_mode4EL9a_280_o  |   9|          2|   16|         32|
    |p_ZZN4nnet22compute_pool_buffer_2dINS_5arrayI9ap_ufixedILi16ELi6EL9ap_q_mode4EL9a_281_o  |   9|          2|   16|         32|
    |p_ZZN4nnet22compute_pool_buffer_2dINS_5arrayI9ap_ufixedILi16ELi6EL9ap_q_mode4EL9a_282_o  |   9|          2|   16|         32|
    |p_ZZN4nnet22compute_pool_buffer_2dINS_5arrayI9ap_ufixedILi16ELi6EL9ap_q_mode4EL9a_283_o  |   9|          2|   16|         32|
    |p_ZZN4nnet22compute_pool_buffer_2dINS_5arrayI9ap_ufixedILi16ELi6EL9ap_q_mode4EL9a_284_o  |   9|          2|   16|         32|
    |p_ZZN4nnet22compute_pool_buffer_2dINS_5arrayI9ap_ufixedILi16ELi6EL9ap_q_mode4EL9a_285_o  |   9|          2|   16|         32|
    |p_ZZN4nnet22compute_pool_buffer_2dINS_5arrayI9ap_ufixedILi16ELi6EL9ap_q_mode4EL9a_286_o  |   9|          2|   16|         32|
    |p_ZZN4nnet22compute_pool_buffer_2dINS_5arrayI9ap_ufixedILi16ELi6EL9ap_q_mode4EL9a_287_o  |   9|          2|   16|         32|
    |p_ZZN4nnet22compute_pool_buffer_2dINS_5arrayI9ap_ufixedILi16ELi6EL9ap_q_mode4EL9a_288_o  |   9|          2|   16|         32|
    |p_ZZN4nnet22compute_pool_buffer_2dINS_5arrayI9ap_ufixedILi16ELi6EL9ap_q_mode4EL9a_289_o  |   9|          2|   16|         32|
    |p_ZZN4nnet22compute_pool_buffer_2dINS_5arrayI9ap_ufixedILi16ELi6EL9ap_q_mode4EL9a_290_o  |   9|          2|   16|         32|
    |p_ZZN4nnet22compute_pool_buffer_2dINS_5arrayI9ap_ufixedILi16ELi6EL9ap_q_mode4EL9a_291_o  |   9|          2|   16|         32|
    |p_ZZN4nnet22compute_pool_buffer_2dINS_5arrayI9ap_ufixedILi16ELi6EL9ap_q_mode4EL9a_292_o  |   9|          2|   16|         32|
    |p_ZZN4nnet22compute_pool_buffer_2dINS_5arrayI9ap_ufixedILi16ELi6EL9ap_q_mode4EL9a_293_o  |   9|          2|   16|         32|
    |p_ZZN4nnet22compute_pool_buffer_2dINS_5arrayI9ap_ufixedILi16ELi6EL9ap_q_mode4EL9a_294_o  |   9|          2|   16|         32|
    |p_ZZN4nnet22compute_pool_buffer_2dINS_5arrayI9ap_ufixedILi16ELi6EL9ap_q_mode4EL9a_295_o  |   9|          2|   16|         32|
    |p_ZZN4nnet22compute_pool_buffer_2dINS_5arrayI9ap_ufixedILi16ELi6EL9ap_q_mode4EL9a_296_o  |   9|          2|   16|         32|
    |p_ZZN4nnet22compute_pool_buffer_2dINS_5arrayI9ap_ufixedILi16ELi6EL9ap_q_mode4EL9a_297_o  |   9|          2|   16|         32|
    |p_ZZN4nnet22compute_pool_buffer_2dINS_5arrayI9ap_ufixedILi16ELi6EL9ap_q_mode4EL9a_298_o  |   9|          2|   16|         32|
    |p_ZZN4nnet22compute_pool_buffer_2dINS_5arrayI9ap_ufixedILi16ELi6EL9ap_q_mode4EL9a_299_o  |   9|          2|   16|         32|
    |p_ZZN4nnet22compute_pool_buffer_2dINS_5arrayI9ap_ufixedILi16ELi6EL9ap_q_mode4EL9a_300_o  |   9|          2|   16|         32|
    |void_compute_pool_buffer_2d_array_const_ap_shift_reg_n_filt_stream_kernel_20_o           |   9|          2|   16|         32|
    |void_compute_pool_buffer_2d_array_const_ap_shift_reg_n_filt_stream_kernel_21_o           |   9|          2|   16|         32|
    +-----------------------------------------------------------------------------------------+----+-----------+-----+-----------+
    |Total                                                                                    | 432|         96|  768|       1536|
    +-----------------------------------------------------------------------------------------+----+-----------+-----+-----------+

    * Register: 
    +-----------+---+----+-----+-----------+
    |    Name   | FF| LUT| Bits| Const Bits|
    +-----------+---+----+-----+-----------+
    |ap_CS_fsm  |  1|   0|    1|          0|
    +-----------+---+----+-----+-----------+
    |Total      |  1|   0|    1|          0|
    +-----------+---+----+-----+-----------+



================================================================
== Interface
================================================================
* Summary: 
+------------------------------------------------------------------------------------------------+-----+-----+------------+---------------------------------------------------------------------------------------+--------------+
|                                            RTL Ports                                           | Dir | Bits|  Protocol  |                                     Source Object                                     |    C Type    |
+------------------------------------------------------------------------------------------------+-----+-----+------------+---------------------------------------------------------------------------------------+--------------+
|ap_clk                                                                                          |   in|    1|  ap_ctrl_hs|                      shift_line_buffer<array<ap_ufixed<16, 6, 4, 0, 0>, 8u>, config11>|  return value|
|ap_rst                                                                                          |   in|    1|  ap_ctrl_hs|                      shift_line_buffer<array<ap_ufixed<16, 6, 4, 0, 0>, 8u>, config11>|  return value|
|ap_start                                                                                        |   in|    1|  ap_ctrl_hs|                      shift_line_buffer<array<ap_ufixed<16, 6, 4, 0, 0>, 8u>, config11>|  return value|
|ap_done                                                                                         |  out|    1|  ap_ctrl_hs|                      shift_line_buffer<array<ap_ufixed<16, 6, 4, 0, 0>, 8u>, config11>|  return value|
|ap_idle                                                                                         |  out|    1|  ap_ctrl_hs|                      shift_line_buffer<array<ap_ufixed<16, 6, 4, 0, 0>, 8u>, config11>|  return value|
|ap_ready                                                                                        |  out|    1|  ap_ctrl_hs|                      shift_line_buffer<array<ap_ufixed<16, 6, 4, 0, 0>, 8u>, config11>|  return value|
|ap_ce                                                                                           |   in|    1|  ap_ctrl_hs|                      shift_line_buffer<array<ap_ufixed<16, 6, 4, 0, 0>, 8u>, config11>|  return value|
|p_read                                                                                          |   in|   16|     ap_none|                                                                                 p_read|        scalar|
|p_read1                                                                                         |   in|   16|     ap_none|                                                                                p_read1|        scalar|
|p_read2                                                                                         |   in|   16|     ap_none|                                                                                p_read2|        scalar|
|p_read3                                                                                         |   in|   16|     ap_none|                                                                                p_read3|        scalar|
|p_read4                                                                                         |   in|   16|     ap_none|                                                                                p_read4|        scalar|
|p_read5                                                                                         |   in|   16|     ap_none|                                                                                p_read5|        scalar|
|p_read6                                                                                         |   in|   16|     ap_none|                                                                                p_read6|        scalar|
|p_read7                                                                                         |   in|   16|     ap_none|                                                                                p_read7|        scalar|
|void_compute_pool_buffer_2d_array_const_ap_shift_reg_n_filt_stream_kernel_21_i                  |   in|   16|     ap_ovld|           void_compute_pool_buffer_2d_array_const_ap_shift_reg_n_filt_stream_kernel_21|       pointer|
|void_compute_pool_buffer_2d_array_const_ap_shift_reg_n_filt_stream_kernel_21_o                  |  out|   16|     ap_ovld|           void_compute_pool_buffer_2d_array_const_ap_shift_reg_n_filt_stream_kernel_21|       pointer|
|void_compute_pool_buffer_2d_array_const_ap_shift_reg_n_filt_stream_kernel_21_o_ap_vld           |  out|    1|     ap_ovld|           void_compute_pool_buffer_2d_array_const_ap_shift_reg_n_filt_stream_kernel_21|       pointer|
|void_compute_pool_buffer_2d_array_const_ap_shift_reg_n_filt_stream_kernel_29                    |  out|   16|      ap_vld|           void_compute_pool_buffer_2d_array_const_ap_shift_reg_n_filt_stream_kernel_29|       pointer|
|void_compute_pool_buffer_2d_array_const_ap_shift_reg_n_filt_stream_kernel_29_ap_vld             |  out|    1|      ap_vld|           void_compute_pool_buffer_2d_array_const_ap_shift_reg_n_filt_stream_kernel_29|       pointer|
|void_compute_pool_buffer_2d_array_const_ap_shift_reg_n_filt_stream_kernel_20_i                  |   in|   16|     ap_ovld|           void_compute_pool_buffer_2d_array_const_ap_shift_reg_n_filt_stream_kernel_20|       pointer|
|void_compute_pool_buffer_2d_array_const_ap_shift_reg_n_filt_stream_kernel_20_o                  |  out|   16|     ap_ovld|           void_compute_pool_buffer_2d_array_const_ap_shift_reg_n_filt_stream_kernel_20|       pointer|
|void_compute_pool_buffer_2d_array_const_ap_shift_reg_n_filt_stream_kernel_20_o_ap_vld           |  out|    1|     ap_ovld|           void_compute_pool_buffer_2d_array_const_ap_shift_reg_n_filt_stream_kernel_20|       pointer|
|void_compute_pool_buffer_2d_array_const_ap_shift_reg_n_filt_stream_kernel_28                    |  out|   16|      ap_vld|           void_compute_pool_buffer_2d_array_const_ap_shift_reg_n_filt_stream_kernel_28|       pointer|
|void_compute_pool_buffer_2d_array_const_ap_shift_reg_n_filt_stream_kernel_28_ap_vld             |  out|    1|      ap_vld|           void_compute_pool_buffer_2d_array_const_ap_shift_reg_n_filt_stream_kernel_28|       pointer|
|p_ZZN4nnet22compute_pool_buffer_2dINS_5arrayI9ap_ufixedILi16ELi6EL9ap_q_mode4EL9a_247_i         |   in|   16|     ap_ovld|  p_ZZN4nnet22compute_pool_buffer_2dINS_5arrayI9ap_ufixedILi16ELi6EL9ap_q_mode4EL9a_247|       pointer|
|p_ZZN4nnet22compute_pool_buffer_2dINS_5arrayI9ap_ufixedILi16ELi6EL9ap_q_mode4EL9a_247_o         |  out|   16|     ap_ovld|  p_ZZN4nnet22compute_pool_buffer_2dINS_5arrayI9ap_ufixedILi16ELi6EL9ap_q_mode4EL9a_247|       pointer|
|p_ZZN4nnet22compute_pool_buffer_2dINS_5arrayI9ap_ufixedILi16ELi6EL9ap_q_mode4EL9a_247_o_ap_vld  |  out|    1|     ap_ovld|  p_ZZN4nnet22compute_pool_buffer_2dINS_5arrayI9ap_ufixedILi16ELi6EL9ap_q_mode4EL9a_247|       pointer|
|void_compute_pool_buffer_2d_array_const_ap_shift_reg_n_filt_stream_kernel_27                    |  out|   16|      ap_vld|           void_compute_pool_buffer_2d_array_const_ap_shift_reg_n_filt_stream_kernel_27|       pointer|
|void_compute_pool_buffer_2d_array_const_ap_shift_reg_n_filt_stream_kernel_27_ap_vld             |  out|    1|      ap_vld|           void_compute_pool_buffer_2d_array_const_ap_shift_reg_n_filt_stream_kernel_27|       pointer|
|p_ZZN4nnet22compute_pool_buffer_2dINS_5arrayI9ap_ufixedILi16ELi6EL9ap_q_mode4EL9a_248_i         |   in|   16|     ap_ovld|  p_ZZN4nnet22compute_pool_buffer_2dINS_5arrayI9ap_ufixedILi16ELi6EL9ap_q_mode4EL9a_248|       pointer|
|p_ZZN4nnet22compute_pool_buffer_2dINS_5arrayI9ap_ufixedILi16ELi6EL9ap_q_mode4EL9a_248_o         |  out|   16|     ap_ovld|  p_ZZN4nnet22compute_pool_buffer_2dINS_5arrayI9ap_ufixedILi16ELi6EL9ap_q_mode4EL9a_248|       pointer|
|p_ZZN4nnet22compute_pool_buffer_2dINS_5arrayI9ap_ufixedILi16ELi6EL9ap_q_mode4EL9a_248_o_ap_vld  |  out|    1|     ap_ovld|  p_ZZN4nnet22compute_pool_buffer_2dINS_5arrayI9ap_ufixedILi16ELi6EL9ap_q_mode4EL9a_248|       pointer|
|void_compute_pool_buffer_2d_array_const_ap_shift_reg_n_filt_stream_kernel_26                    |  out|   16|      ap_vld|           void_compute_pool_buffer_2d_array_const_ap_shift_reg_n_filt_stream_kernel_26|       pointer|
|void_compute_pool_buffer_2d_array_const_ap_shift_reg_n_filt_stream_kernel_26_ap_vld             |  out|    1|      ap_vld|           void_compute_pool_buffer_2d_array_const_ap_shift_reg_n_filt_stream_kernel_26|       pointer|
|p_ZZN4nnet22compute_pool_buffer_2dINS_5arrayI9ap_ufixedILi16ELi6EL9ap_q_mode4EL9a_249_i         |   in|   16|     ap_ovld|  p_ZZN4nnet22compute_pool_buffer_2dINS_5arrayI9ap_ufixedILi16ELi6EL9ap_q_mode4EL9a_249|       pointer|
|p_ZZN4nnet22compute_pool_buffer_2dINS_5arrayI9ap_ufixedILi16ELi6EL9ap_q_mode4EL9a_249_o         |  out|   16|     ap_ovld|  p_ZZN4nnet22compute_pool_buffer_2dINS_5arrayI9ap_ufixedILi16ELi6EL9ap_q_mode4EL9a_249|       pointer|
|p_ZZN4nnet22compute_pool_buffer_2dINS_5arrayI9ap_ufixedILi16ELi6EL9ap_q_mode4EL9a_249_o_ap_vld  |  out|    1|     ap_ovld|  p_ZZN4nnet22compute_pool_buffer_2dINS_5arrayI9ap_ufixedILi16ELi6EL9ap_q_mode4EL9a_249|       pointer|
|void_compute_pool_buffer_2d_array_const_ap_shift_reg_n_filt_stream_kernel_25                    |  out|   16|      ap_vld|           void_compute_pool_buffer_2d_array_const_ap_shift_reg_n_filt_stream_kernel_25|       pointer|
|void_compute_pool_buffer_2d_array_const_ap_shift_reg_n_filt_stream_kernel_25_ap_vld             |  out|    1|      ap_vld|           void_compute_pool_buffer_2d_array_const_ap_shift_reg_n_filt_stream_kernel_25|       pointer|
|p_ZZN4nnet22compute_pool_buffer_2dINS_5arrayI9ap_ufixedILi16ELi6EL9ap_q_mode4EL9a_250_i         |   in|   16|     ap_ovld|  p_ZZN4nnet22compute_pool_buffer_2dINS_5arrayI9ap_ufixedILi16ELi6EL9ap_q_mode4EL9a_250|       pointer|
|p_ZZN4nnet22compute_pool_buffer_2dINS_5arrayI9ap_ufixedILi16ELi6EL9ap_q_mode4EL9a_250_o         |  out|   16|     ap_ovld|  p_ZZN4nnet22compute_pool_buffer_2dINS_5arrayI9ap_ufixedILi16ELi6EL9ap_q_mode4EL9a_250|       pointer|
|p_ZZN4nnet22compute_pool_buffer_2dINS_5arrayI9ap_ufixedILi16ELi6EL9ap_q_mode4EL9a_250_o_ap_vld  |  out|    1|     ap_ovld|  p_ZZN4nnet22compute_pool_buffer_2dINS_5arrayI9ap_ufixedILi16ELi6EL9ap_q_mode4EL9a_250|       pointer|
|void_compute_pool_buffer_2d_array_const_ap_shift_reg_n_filt_stream_kernel_24                    |  out|   16|      ap_vld|           void_compute_pool_buffer_2d_array_const_ap_shift_reg_n_filt_stream_kernel_24|       pointer|
|void_compute_pool_buffer_2d_array_const_ap_shift_reg_n_filt_stream_kernel_24_ap_vld             |  out|    1|      ap_vld|           void_compute_pool_buffer_2d_array_const_ap_shift_reg_n_filt_stream_kernel_24|       pointer|
|p_ZZN4nnet22compute_pool_buffer_2dINS_5arrayI9ap_ufixedILi16ELi6EL9ap_q_mode4EL9a_251_i         |   in|   16|     ap_ovld|  p_ZZN4nnet22compute_pool_buffer_2dINS_5arrayI9ap_ufixedILi16ELi6EL9ap_q_mode4EL9a_251|       pointer|
|p_ZZN4nnet22compute_pool_buffer_2dINS_5arrayI9ap_ufixedILi16ELi6EL9ap_q_mode4EL9a_251_o         |  out|   16|     ap_ovld|  p_ZZN4nnet22compute_pool_buffer_2dINS_5arrayI9ap_ufixedILi16ELi6EL9ap_q_mode4EL9a_251|       pointer|
|p_ZZN4nnet22compute_pool_buffer_2dINS_5arrayI9ap_ufixedILi16ELi6EL9ap_q_mode4EL9a_251_o_ap_vld  |  out|    1|     ap_ovld|  p_ZZN4nnet22compute_pool_buffer_2dINS_5arrayI9ap_ufixedILi16ELi6EL9ap_q_mode4EL9a_251|       pointer|
|void_compute_pool_buffer_2d_array_const_ap_shift_reg_n_filt_stream_kernel_23                    |  out|   16|      ap_vld|           void_compute_pool_buffer_2d_array_const_ap_shift_reg_n_filt_stream_kernel_23|       pointer|
|void_compute_pool_buffer_2d_array_const_ap_shift_reg_n_filt_stream_kernel_23_ap_vld             |  out|    1|      ap_vld|           void_compute_pool_buffer_2d_array_const_ap_shift_reg_n_filt_stream_kernel_23|       pointer|
|p_ZZN4nnet22compute_pool_buffer_2dINS_5arrayI9ap_ufixedILi16ELi6EL9ap_q_mode4EL9a_252_i         |   in|   16|     ap_ovld|  p_ZZN4nnet22compute_pool_buffer_2dINS_5arrayI9ap_ufixedILi16ELi6EL9ap_q_mode4EL9a_252|       pointer|
|p_ZZN4nnet22compute_pool_buffer_2dINS_5arrayI9ap_ufixedILi16ELi6EL9ap_q_mode4EL9a_252_o         |  out|   16|     ap_ovld|  p_ZZN4nnet22compute_pool_buffer_2dINS_5arrayI9ap_ufixedILi16ELi6EL9ap_q_mode4EL9a_252|       pointer|
|p_ZZN4nnet22compute_pool_buffer_2dINS_5arrayI9ap_ufixedILi16ELi6EL9ap_q_mode4EL9a_252_o_ap_vld  |  out|    1|     ap_ovld|  p_ZZN4nnet22compute_pool_buffer_2dINS_5arrayI9ap_ufixedILi16ELi6EL9ap_q_mode4EL9a_252|       pointer|
|void_compute_pool_buffer_2d_array_const_ap_shift_reg_n_filt_stream_kernel_22                    |  out|   16|      ap_vld|           void_compute_pool_buffer_2d_array_const_ap_shift_reg_n_filt_stream_kernel_22|       pointer|
|void_compute_pool_buffer_2d_array_const_ap_shift_reg_n_filt_stream_kernel_22_ap_vld             |  out|    1|      ap_vld|           void_compute_pool_buffer_2d_array_const_ap_shift_reg_n_filt_stream_kernel_22|       pointer|
|p_ZZN4nnet22compute_pool_buffer_2dINS_5arrayI9ap_ufixedILi16ELi6EL9ap_q_mode4EL9a_277_i         |   in|   16|     ap_ovld|  p_ZZN4nnet22compute_pool_buffer_2dINS_5arrayI9ap_ufixedILi16ELi6EL9ap_q_mode4EL9a_277|       pointer|
|p_ZZN4nnet22compute_pool_buffer_2dINS_5arrayI9ap_ufixedILi16ELi6EL9ap_q_mode4EL9a_277_o         |  out|   16|     ap_ovld|  p_ZZN4nnet22compute_pool_buffer_2dINS_5arrayI9ap_ufixedILi16ELi6EL9ap_q_mode4EL9a_277|       pointer|
|p_ZZN4nnet22compute_pool_buffer_2dINS_5arrayI9ap_ufixedILi16ELi6EL9ap_q_mode4EL9a_277_o_ap_vld  |  out|    1|     ap_ovld|  p_ZZN4nnet22compute_pool_buffer_2dINS_5arrayI9ap_ufixedILi16ELi6EL9ap_q_mode4EL9a_277|       pointer|
|p_ZZN4nnet22compute_pool_buffer_2dINS_5arrayI9ap_ufixedILi16ELi6EL9ap_q_mode4EL9a_269           |  out|   16|      ap_vld|  p_ZZN4nnet22compute_pool_buffer_2dINS_5arrayI9ap_ufixedILi16ELi6EL9ap_q_mode4EL9a_269|       pointer|
|p_ZZN4nnet22compute_pool_buffer_2dINS_5arrayI9ap_ufixedILi16ELi6EL9ap_q_mode4EL9a_269_ap_vld    |  out|    1|      ap_vld|  p_ZZN4nnet22compute_pool_buffer_2dINS_5arrayI9ap_ufixedILi16ELi6EL9ap_q_mode4EL9a_269|       pointer|
|p_ZZN4nnet22compute_pool_buffer_2dINS_5arrayI9ap_ufixedILi16ELi6EL9ap_q_mode4EL9a_278_i         |   in|   16|     ap_ovld|  p_ZZN4nnet22compute_pool_buffer_2dINS_5arrayI9ap_ufixedILi16ELi6EL9ap_q_mode4EL9a_278|       pointer|
|p_ZZN4nnet22compute_pool_buffer_2dINS_5arrayI9ap_ufixedILi16ELi6EL9ap_q_mode4EL9a_278_o         |  out|   16|     ap_ovld|  p_ZZN4nnet22compute_pool_buffer_2dINS_5arrayI9ap_ufixedILi16ELi6EL9ap_q_mode4EL9a_278|       pointer|
|p_ZZN4nnet22compute_pool_buffer_2dINS_5arrayI9ap_ufixedILi16ELi6EL9ap_q_mode4EL9a_278_o_ap_vld  |  out|    1|     ap_ovld|  p_ZZN4nnet22compute_pool_buffer_2dINS_5arrayI9ap_ufixedILi16ELi6EL9ap_q_mode4EL9a_278|       pointer|
|p_ZZN4nnet22compute_pool_buffer_2dINS_5arrayI9ap_ufixedILi16ELi6EL9ap_q_mode4EL9a_270           |  out|   16|      ap_vld|  p_ZZN4nnet22compute_pool_buffer_2dINS_5arrayI9ap_ufixedILi16ELi6EL9ap_q_mode4EL9a_270|       pointer|
|p_ZZN4nnet22compute_pool_buffer_2dINS_5arrayI9ap_ufixedILi16ELi6EL9ap_q_mode4EL9a_270_ap_vld    |  out|    1|      ap_vld|  p_ZZN4nnet22compute_pool_buffer_2dINS_5arrayI9ap_ufixedILi16ELi6EL9ap_q_mode4EL9a_270|       pointer|
|p_ZZN4nnet22compute_pool_buffer_2dINS_5arrayI9ap_ufixedILi16ELi6EL9ap_q_mode4EL9a_279_i         |   in|   16|     ap_ovld|  p_ZZN4nnet22compute_pool_buffer_2dINS_5arrayI9ap_ufixedILi16ELi6EL9ap_q_mode4EL9a_279|       pointer|
|p_ZZN4nnet22compute_pool_buffer_2dINS_5arrayI9ap_ufixedILi16ELi6EL9ap_q_mode4EL9a_279_o         |  out|   16|     ap_ovld|  p_ZZN4nnet22compute_pool_buffer_2dINS_5arrayI9ap_ufixedILi16ELi6EL9ap_q_mode4EL9a_279|       pointer|
|p_ZZN4nnet22compute_pool_buffer_2dINS_5arrayI9ap_ufixedILi16ELi6EL9ap_q_mode4EL9a_279_o_ap_vld  |  out|    1|     ap_ovld|  p_ZZN4nnet22compute_pool_buffer_2dINS_5arrayI9ap_ufixedILi16ELi6EL9ap_q_mode4EL9a_279|       pointer|
|p_ZZN4nnet22compute_pool_buffer_2dINS_5arrayI9ap_ufixedILi16ELi6EL9ap_q_mode4EL9a_271           |  out|   16|      ap_vld|  p_ZZN4nnet22compute_pool_buffer_2dINS_5arrayI9ap_ufixedILi16ELi6EL9ap_q_mode4EL9a_271|       pointer|
|p_ZZN4nnet22compute_pool_buffer_2dINS_5arrayI9ap_ufixedILi16ELi6EL9ap_q_mode4EL9a_271_ap_vld    |  out|    1|      ap_vld|  p_ZZN4nnet22compute_pool_buffer_2dINS_5arrayI9ap_ufixedILi16ELi6EL9ap_q_mode4EL9a_271|       pointer|
|p_ZZN4nnet22compute_pool_buffer_2dINS_5arrayI9ap_ufixedILi16ELi6EL9ap_q_mode4EL9a_280_i         |   in|   16|     ap_ovld|  p_ZZN4nnet22compute_pool_buffer_2dINS_5arrayI9ap_ufixedILi16ELi6EL9ap_q_mode4EL9a_280|       pointer|
|p_ZZN4nnet22compute_pool_buffer_2dINS_5arrayI9ap_ufixedILi16ELi6EL9ap_q_mode4EL9a_280_o         |  out|   16|     ap_ovld|  p_ZZN4nnet22compute_pool_buffer_2dINS_5arrayI9ap_ufixedILi16ELi6EL9ap_q_mode4EL9a_280|       pointer|
|p_ZZN4nnet22compute_pool_buffer_2dINS_5arrayI9ap_ufixedILi16ELi6EL9ap_q_mode4EL9a_280_o_ap_vld  |  out|    1|     ap_ovld|  p_ZZN4nnet22compute_pool_buffer_2dINS_5arrayI9ap_ufixedILi16ELi6EL9ap_q_mode4EL9a_280|       pointer|
|p_ZZN4nnet22compute_pool_buffer_2dINS_5arrayI9ap_ufixedILi16ELi6EL9ap_q_mode4EL9a_272           |  out|   16|      ap_vld|  p_ZZN4nnet22compute_pool_buffer_2dINS_5arrayI9ap_ufixedILi16ELi6EL9ap_q_mode4EL9a_272|       pointer|
|p_ZZN4nnet22compute_pool_buffer_2dINS_5arrayI9ap_ufixedILi16ELi6EL9ap_q_mode4EL9a_272_ap_vld    |  out|    1|      ap_vld|  p_ZZN4nnet22compute_pool_buffer_2dINS_5arrayI9ap_ufixedILi16ELi6EL9ap_q_mode4EL9a_272|       pointer|
|p_ZZN4nnet22compute_pool_buffer_2dINS_5arrayI9ap_ufixedILi16ELi6EL9ap_q_mode4EL9a_281_i         |   in|   16|     ap_ovld|  p_ZZN4nnet22compute_pool_buffer_2dINS_5arrayI9ap_ufixedILi16ELi6EL9ap_q_mode4EL9a_281|       pointer|
|p_ZZN4nnet22compute_pool_buffer_2dINS_5arrayI9ap_ufixedILi16ELi6EL9ap_q_mode4EL9a_281_o         |  out|   16|     ap_ovld|  p_ZZN4nnet22compute_pool_buffer_2dINS_5arrayI9ap_ufixedILi16ELi6EL9ap_q_mode4EL9a_281|       pointer|
|p_ZZN4nnet22compute_pool_buffer_2dINS_5arrayI9ap_ufixedILi16ELi6EL9ap_q_mode4EL9a_281_o_ap_vld  |  out|    1|     ap_ovld|  p_ZZN4nnet22compute_pool_buffer_2dINS_5arrayI9ap_ufixedILi16ELi6EL9ap_q_mode4EL9a_281|       pointer|
|p_ZZN4nnet22compute_pool_buffer_2dINS_5arrayI9ap_ufixedILi16ELi6EL9ap_q_mode4EL9a_273           |  out|   16|      ap_vld|  p_ZZN4nnet22compute_pool_buffer_2dINS_5arrayI9ap_ufixedILi16ELi6EL9ap_q_mode4EL9a_273|       pointer|
|p_ZZN4nnet22compute_pool_buffer_2dINS_5arrayI9ap_ufixedILi16ELi6EL9ap_q_mode4EL9a_273_ap_vld    |  out|    1|      ap_vld|  p_ZZN4nnet22compute_pool_buffer_2dINS_5arrayI9ap_ufixedILi16ELi6EL9ap_q_mode4EL9a_273|       pointer|
|p_ZZN4nnet22compute_pool_buffer_2dINS_5arrayI9ap_ufixedILi16ELi6EL9ap_q_mode4EL9a_282_i         |   in|   16|     ap_ovld|  p_ZZN4nnet22compute_pool_buffer_2dINS_5arrayI9ap_ufixedILi16ELi6EL9ap_q_mode4EL9a_282|       pointer|
|p_ZZN4nnet22compute_pool_buffer_2dINS_5arrayI9ap_ufixedILi16ELi6EL9ap_q_mode4EL9a_282_o         |  out|   16|     ap_ovld|  p_ZZN4nnet22compute_pool_buffer_2dINS_5arrayI9ap_ufixedILi16ELi6EL9ap_q_mode4EL9a_282|       pointer|
|p_ZZN4nnet22compute_pool_buffer_2dINS_5arrayI9ap_ufixedILi16ELi6EL9ap_q_mode4EL9a_282_o_ap_vld  |  out|    1|     ap_ovld|  p_ZZN4nnet22compute_pool_buffer_2dINS_5arrayI9ap_ufixedILi16ELi6EL9ap_q_mode4EL9a_282|       pointer|
|p_ZZN4nnet22compute_pool_buffer_2dINS_5arrayI9ap_ufixedILi16ELi6EL9ap_q_mode4EL9a_274           |  out|   16|      ap_vld|  p_ZZN4nnet22compute_pool_buffer_2dINS_5arrayI9ap_ufixedILi16ELi6EL9ap_q_mode4EL9a_274|       pointer|
|p_ZZN4nnet22compute_pool_buffer_2dINS_5arrayI9ap_ufixedILi16ELi6EL9ap_q_mode4EL9a_274_ap_vld    |  out|    1|      ap_vld|  p_ZZN4nnet22compute_pool_buffer_2dINS_5arrayI9ap_ufixedILi16ELi6EL9ap_q_mode4EL9a_274|       pointer|
|p_ZZN4nnet22compute_pool_buffer_2dINS_5arrayI9ap_ufixedILi16ELi6EL9ap_q_mode4EL9a_283_i         |   in|   16|     ap_ovld|  p_ZZN4nnet22compute_pool_buffer_2dINS_5arrayI9ap_ufixedILi16ELi6EL9ap_q_mode4EL9a_283|       pointer|
|p_ZZN4nnet22compute_pool_buffer_2dINS_5arrayI9ap_ufixedILi16ELi6EL9ap_q_mode4EL9a_283_o         |  out|   16|     ap_ovld|  p_ZZN4nnet22compute_pool_buffer_2dINS_5arrayI9ap_ufixedILi16ELi6EL9ap_q_mode4EL9a_283|       pointer|
|p_ZZN4nnet22compute_pool_buffer_2dINS_5arrayI9ap_ufixedILi16ELi6EL9ap_q_mode4EL9a_283_o_ap_vld  |  out|    1|     ap_ovld|  p_ZZN4nnet22compute_pool_buffer_2dINS_5arrayI9ap_ufixedILi16ELi6EL9ap_q_mode4EL9a_283|       pointer|
|p_ZZN4nnet22compute_pool_buffer_2dINS_5arrayI9ap_ufixedILi16ELi6EL9ap_q_mode4EL9a_275           |  out|   16|      ap_vld|  p_ZZN4nnet22compute_pool_buffer_2dINS_5arrayI9ap_ufixedILi16ELi6EL9ap_q_mode4EL9a_275|       pointer|
|p_ZZN4nnet22compute_pool_buffer_2dINS_5arrayI9ap_ufixedILi16ELi6EL9ap_q_mode4EL9a_275_ap_vld    |  out|    1|      ap_vld|  p_ZZN4nnet22compute_pool_buffer_2dINS_5arrayI9ap_ufixedILi16ELi6EL9ap_q_mode4EL9a_275|       pointer|
|p_ZZN4nnet22compute_pool_buffer_2dINS_5arrayI9ap_ufixedILi16ELi6EL9ap_q_mode4EL9a_284_i         |   in|   16|     ap_ovld|  p_ZZN4nnet22compute_pool_buffer_2dINS_5arrayI9ap_ufixedILi16ELi6EL9ap_q_mode4EL9a_284|       pointer|
|p_ZZN4nnet22compute_pool_buffer_2dINS_5arrayI9ap_ufixedILi16ELi6EL9ap_q_mode4EL9a_284_o         |  out|   16|     ap_ovld|  p_ZZN4nnet22compute_pool_buffer_2dINS_5arrayI9ap_ufixedILi16ELi6EL9ap_q_mode4EL9a_284|       pointer|
|p_ZZN4nnet22compute_pool_buffer_2dINS_5arrayI9ap_ufixedILi16ELi6EL9ap_q_mode4EL9a_284_o_ap_vld  |  out|    1|     ap_ovld|  p_ZZN4nnet22compute_pool_buffer_2dINS_5arrayI9ap_ufixedILi16ELi6EL9ap_q_mode4EL9a_284|       pointer|
|p_ZZN4nnet22compute_pool_buffer_2dINS_5arrayI9ap_ufixedILi16ELi6EL9ap_q_mode4EL9a_276           |  out|   16|      ap_vld|  p_ZZN4nnet22compute_pool_buffer_2dINS_5arrayI9ap_ufixedILi16ELi6EL9ap_q_mode4EL9a_276|       pointer|
|p_ZZN4nnet22compute_pool_buffer_2dINS_5arrayI9ap_ufixedILi16ELi6EL9ap_q_mode4EL9a_276_ap_vld    |  out|    1|      ap_vld|  p_ZZN4nnet22compute_pool_buffer_2dINS_5arrayI9ap_ufixedILi16ELi6EL9ap_q_mode4EL9a_276|       pointer|
|p_ZZN4nnet22compute_pool_buffer_2dINS_5arrayI9ap_ufixedILi16ELi6EL9ap_q_mode4EL9a_253_i         |   in|   16|     ap_ovld|  p_ZZN4nnet22compute_pool_buffer_2dINS_5arrayI9ap_ufixedILi16ELi6EL9ap_q_mode4EL9a_253|       pointer|
|p_ZZN4nnet22compute_pool_buffer_2dINS_5arrayI9ap_ufixedILi16ELi6EL9ap_q_mode4EL9a_253_o         |  out|   16|     ap_ovld|  p_ZZN4nnet22compute_pool_buffer_2dINS_5arrayI9ap_ufixedILi16ELi6EL9ap_q_mode4EL9a_253|       pointer|
|p_ZZN4nnet22compute_pool_buffer_2dINS_5arrayI9ap_ufixedILi16ELi6EL9ap_q_mode4EL9a_253_o_ap_vld  |  out|    1|     ap_ovld|  p_ZZN4nnet22compute_pool_buffer_2dINS_5arrayI9ap_ufixedILi16ELi6EL9ap_q_mode4EL9a_253|       pointer|
|p_ZZN4nnet22compute_pool_buffer_2dINS_5arrayI9ap_ufixedILi16ELi6EL9ap_q_mode4EL9a_254_i         |   in|   16|     ap_ovld|  p_ZZN4nnet22compute_pool_buffer_2dINS_5arrayI9ap_ufixedILi16ELi6EL9ap_q_mode4EL9a_254|       pointer|
|p_ZZN4nnet22compute_pool_buffer_2dINS_5arrayI9ap_ufixedILi16ELi6EL9ap_q_mode4EL9a_254_o         |  out|   16|     ap_ovld|  p_ZZN4nnet22compute_pool_buffer_2dINS_5arrayI9ap_ufixedILi16ELi6EL9ap_q_mode4EL9a_254|       pointer|
|p_ZZN4nnet22compute_pool_buffer_2dINS_5arrayI9ap_ufixedILi16ELi6EL9ap_q_mode4EL9a_254_o_ap_vld  |  out|    1|     ap_ovld|  p_ZZN4nnet22compute_pool_buffer_2dINS_5arrayI9ap_ufixedILi16ELi6EL9ap_q_mode4EL9a_254|       pointer|
|p_ZZN4nnet22compute_pool_buffer_2dINS_5arrayI9ap_ufixedILi16ELi6EL9ap_q_mode4EL9a_255_i         |   in|   16|     ap_ovld|  p_ZZN4nnet22compute_pool_buffer_2dINS_5arrayI9ap_ufixedILi16ELi6EL9ap_q_mode4EL9a_255|       pointer|
|p_ZZN4nnet22compute_pool_buffer_2dINS_5arrayI9ap_ufixedILi16ELi6EL9ap_q_mode4EL9a_255_o         |  out|   16|     ap_ovld|  p_ZZN4nnet22compute_pool_buffer_2dINS_5arrayI9ap_ufixedILi16ELi6EL9ap_q_mode4EL9a_255|       pointer|
|p_ZZN4nnet22compute_pool_buffer_2dINS_5arrayI9ap_ufixedILi16ELi6EL9ap_q_mode4EL9a_255_o_ap_vld  |  out|    1|     ap_ovld|  p_ZZN4nnet22compute_pool_buffer_2dINS_5arrayI9ap_ufixedILi16ELi6EL9ap_q_mode4EL9a_255|       pointer|
|p_ZZN4nnet22compute_pool_buffer_2dINS_5arrayI9ap_ufixedILi16ELi6EL9ap_q_mode4EL9a_256_i         |   in|   16|     ap_ovld|  p_ZZN4nnet22compute_pool_buffer_2dINS_5arrayI9ap_ufixedILi16ELi6EL9ap_q_mode4EL9a_256|       pointer|
|p_ZZN4nnet22compute_pool_buffer_2dINS_5arrayI9ap_ufixedILi16ELi6EL9ap_q_mode4EL9a_256_o         |  out|   16|     ap_ovld|  p_ZZN4nnet22compute_pool_buffer_2dINS_5arrayI9ap_ufixedILi16ELi6EL9ap_q_mode4EL9a_256|       pointer|
|p_ZZN4nnet22compute_pool_buffer_2dINS_5arrayI9ap_ufixedILi16ELi6EL9ap_q_mode4EL9a_256_o_ap_vld  |  out|    1|     ap_ovld|  p_ZZN4nnet22compute_pool_buffer_2dINS_5arrayI9ap_ufixedILi16ELi6EL9ap_q_mode4EL9a_256|       pointer|
|p_ZZN4nnet22compute_pool_buffer_2dINS_5arrayI9ap_ufixedILi16ELi6EL9ap_q_mode4EL9a_257_i         |   in|   16|     ap_ovld|  p_ZZN4nnet22compute_pool_buffer_2dINS_5arrayI9ap_ufixedILi16ELi6EL9ap_q_mode4EL9a_257|       pointer|
|p_ZZN4nnet22compute_pool_buffer_2dINS_5arrayI9ap_ufixedILi16ELi6EL9ap_q_mode4EL9a_257_o         |  out|   16|     ap_ovld|  p_ZZN4nnet22compute_pool_buffer_2dINS_5arrayI9ap_ufixedILi16ELi6EL9ap_q_mode4EL9a_257|       pointer|
|p_ZZN4nnet22compute_pool_buffer_2dINS_5arrayI9ap_ufixedILi16ELi6EL9ap_q_mode4EL9a_257_o_ap_vld  |  out|    1|     ap_ovld|  p_ZZN4nnet22compute_pool_buffer_2dINS_5arrayI9ap_ufixedILi16ELi6EL9ap_q_mode4EL9a_257|       pointer|
|p_ZZN4nnet22compute_pool_buffer_2dINS_5arrayI9ap_ufixedILi16ELi6EL9ap_q_mode4EL9a_258_i         |   in|   16|     ap_ovld|  p_ZZN4nnet22compute_pool_buffer_2dINS_5arrayI9ap_ufixedILi16ELi6EL9ap_q_mode4EL9a_258|       pointer|
|p_ZZN4nnet22compute_pool_buffer_2dINS_5arrayI9ap_ufixedILi16ELi6EL9ap_q_mode4EL9a_258_o         |  out|   16|     ap_ovld|  p_ZZN4nnet22compute_pool_buffer_2dINS_5arrayI9ap_ufixedILi16ELi6EL9ap_q_mode4EL9a_258|       pointer|
|p_ZZN4nnet22compute_pool_buffer_2dINS_5arrayI9ap_ufixedILi16ELi6EL9ap_q_mode4EL9a_258_o_ap_vld  |  out|    1|     ap_ovld|  p_ZZN4nnet22compute_pool_buffer_2dINS_5arrayI9ap_ufixedILi16ELi6EL9ap_q_mode4EL9a_258|       pointer|
|p_ZZN4nnet22compute_pool_buffer_2dINS_5arrayI9ap_ufixedILi16ELi6EL9ap_q_mode4EL9a_259_i         |   in|   16|     ap_ovld|  p_ZZN4nnet22compute_pool_buffer_2dINS_5arrayI9ap_ufixedILi16ELi6EL9ap_q_mode4EL9a_259|       pointer|
|p_ZZN4nnet22compute_pool_buffer_2dINS_5arrayI9ap_ufixedILi16ELi6EL9ap_q_mode4EL9a_259_o         |  out|   16|     ap_ovld|  p_ZZN4nnet22compute_pool_buffer_2dINS_5arrayI9ap_ufixedILi16ELi6EL9ap_q_mode4EL9a_259|       pointer|
|p_ZZN4nnet22compute_pool_buffer_2dINS_5arrayI9ap_ufixedILi16ELi6EL9ap_q_mode4EL9a_259_o_ap_vld  |  out|    1|     ap_ovld|  p_ZZN4nnet22compute_pool_buffer_2dINS_5arrayI9ap_ufixedILi16ELi6EL9ap_q_mode4EL9a_259|       pointer|
|p_ZZN4nnet22compute_pool_buffer_2dINS_5arrayI9ap_ufixedILi16ELi6EL9ap_q_mode4EL9a_260_i         |   in|   16|     ap_ovld|  p_ZZN4nnet22compute_pool_buffer_2dINS_5arrayI9ap_ufixedILi16ELi6EL9ap_q_mode4EL9a_260|       pointer|
|p_ZZN4nnet22compute_pool_buffer_2dINS_5arrayI9ap_ufixedILi16ELi6EL9ap_q_mode4EL9a_260_o         |  out|   16|     ap_ovld|  p_ZZN4nnet22compute_pool_buffer_2dINS_5arrayI9ap_ufixedILi16ELi6EL9ap_q_mode4EL9a_260|       pointer|
|p_ZZN4nnet22compute_pool_buffer_2dINS_5arrayI9ap_ufixedILi16ELi6EL9ap_q_mode4EL9a_260_o_ap_vld  |  out|    1|     ap_ovld|  p_ZZN4nnet22compute_pool_buffer_2dINS_5arrayI9ap_ufixedILi16ELi6EL9ap_q_mode4EL9a_260|       pointer|
|p_ZZN4nnet22compute_pool_buffer_2dINS_5arrayI9ap_ufixedILi16ELi6EL9ap_q_mode4EL9a_285_i         |   in|   16|     ap_ovld|  p_ZZN4nnet22compute_pool_buffer_2dINS_5arrayI9ap_ufixedILi16ELi6EL9ap_q_mode4EL9a_285|       pointer|
|p_ZZN4nnet22compute_pool_buffer_2dINS_5arrayI9ap_ufixedILi16ELi6EL9ap_q_mode4EL9a_285_o         |  out|   16|     ap_ovld|  p_ZZN4nnet22compute_pool_buffer_2dINS_5arrayI9ap_ufixedILi16ELi6EL9ap_q_mode4EL9a_285|       pointer|
|p_ZZN4nnet22compute_pool_buffer_2dINS_5arrayI9ap_ufixedILi16ELi6EL9ap_q_mode4EL9a_285_o_ap_vld  |  out|    1|     ap_ovld|  p_ZZN4nnet22compute_pool_buffer_2dINS_5arrayI9ap_ufixedILi16ELi6EL9ap_q_mode4EL9a_285|       pointer|
|p_ZZN4nnet22compute_pool_buffer_2dINS_5arrayI9ap_ufixedILi16ELi6EL9ap_q_mode4EL9a_286_i         |   in|   16|     ap_ovld|  p_ZZN4nnet22compute_pool_buffer_2dINS_5arrayI9ap_ufixedILi16ELi6EL9ap_q_mode4EL9a_286|       pointer|
|p_ZZN4nnet22compute_pool_buffer_2dINS_5arrayI9ap_ufixedILi16ELi6EL9ap_q_mode4EL9a_286_o         |  out|   16|     ap_ovld|  p_ZZN4nnet22compute_pool_buffer_2dINS_5arrayI9ap_ufixedILi16ELi6EL9ap_q_mode4EL9a_286|       pointer|
|p_ZZN4nnet22compute_pool_buffer_2dINS_5arrayI9ap_ufixedILi16ELi6EL9ap_q_mode4EL9a_286_o_ap_vld  |  out|    1|     ap_ovld|  p_ZZN4nnet22compute_pool_buffer_2dINS_5arrayI9ap_ufixedILi16ELi6EL9ap_q_mode4EL9a_286|       pointer|
|p_ZZN4nnet22compute_pool_buffer_2dINS_5arrayI9ap_ufixedILi16ELi6EL9ap_q_mode4EL9a_287_i         |   in|   16|     ap_ovld|  p_ZZN4nnet22compute_pool_buffer_2dINS_5arrayI9ap_ufixedILi16ELi6EL9ap_q_mode4EL9a_287|       pointer|
|p_ZZN4nnet22compute_pool_buffer_2dINS_5arrayI9ap_ufixedILi16ELi6EL9ap_q_mode4EL9a_287_o         |  out|   16|     ap_ovld|  p_ZZN4nnet22compute_pool_buffer_2dINS_5arrayI9ap_ufixedILi16ELi6EL9ap_q_mode4EL9a_287|       pointer|
|p_ZZN4nnet22compute_pool_buffer_2dINS_5arrayI9ap_ufixedILi16ELi6EL9ap_q_mode4EL9a_287_o_ap_vld  |  out|    1|     ap_ovld|  p_ZZN4nnet22compute_pool_buffer_2dINS_5arrayI9ap_ufixedILi16ELi6EL9ap_q_mode4EL9a_287|       pointer|
|p_ZZN4nnet22compute_pool_buffer_2dINS_5arrayI9ap_ufixedILi16ELi6EL9ap_q_mode4EL9a_288_i         |   in|   16|     ap_ovld|  p_ZZN4nnet22compute_pool_buffer_2dINS_5arrayI9ap_ufixedILi16ELi6EL9ap_q_mode4EL9a_288|       pointer|
|p_ZZN4nnet22compute_pool_buffer_2dINS_5arrayI9ap_ufixedILi16ELi6EL9ap_q_mode4EL9a_288_o         |  out|   16|     ap_ovld|  p_ZZN4nnet22compute_pool_buffer_2dINS_5arrayI9ap_ufixedILi16ELi6EL9ap_q_mode4EL9a_288|       pointer|
|p_ZZN4nnet22compute_pool_buffer_2dINS_5arrayI9ap_ufixedILi16ELi6EL9ap_q_mode4EL9a_288_o_ap_vld  |  out|    1|     ap_ovld|  p_ZZN4nnet22compute_pool_buffer_2dINS_5arrayI9ap_ufixedILi16ELi6EL9ap_q_mode4EL9a_288|       pointer|
|p_ZZN4nnet22compute_pool_buffer_2dINS_5arrayI9ap_ufixedILi16ELi6EL9ap_q_mode4EL9a_289_i         |   in|   16|     ap_ovld|  p_ZZN4nnet22compute_pool_buffer_2dINS_5arrayI9ap_ufixedILi16ELi6EL9ap_q_mode4EL9a_289|       pointer|
|p_ZZN4nnet22compute_pool_buffer_2dINS_5arrayI9ap_ufixedILi16ELi6EL9ap_q_mode4EL9a_289_o         |  out|   16|     ap_ovld|  p_ZZN4nnet22compute_pool_buffer_2dINS_5arrayI9ap_ufixedILi16ELi6EL9ap_q_mode4EL9a_289|       pointer|
|p_ZZN4nnet22compute_pool_buffer_2dINS_5arrayI9ap_ufixedILi16ELi6EL9ap_q_mode4EL9a_289_o_ap_vld  |  out|    1|     ap_ovld|  p_ZZN4nnet22compute_pool_buffer_2dINS_5arrayI9ap_ufixedILi16ELi6EL9ap_q_mode4EL9a_289|       pointer|
|p_ZZN4nnet22compute_pool_buffer_2dINS_5arrayI9ap_ufixedILi16ELi6EL9ap_q_mode4EL9a_290_i         |   in|   16|     ap_ovld|  p_ZZN4nnet22compute_pool_buffer_2dINS_5arrayI9ap_ufixedILi16ELi6EL9ap_q_mode4EL9a_290|       pointer|
|p_ZZN4nnet22compute_pool_buffer_2dINS_5arrayI9ap_ufixedILi16ELi6EL9ap_q_mode4EL9a_290_o         |  out|   16|     ap_ovld|  p_ZZN4nnet22compute_pool_buffer_2dINS_5arrayI9ap_ufixedILi16ELi6EL9ap_q_mode4EL9a_290|       pointer|
|p_ZZN4nnet22compute_pool_buffer_2dINS_5arrayI9ap_ufixedILi16ELi6EL9ap_q_mode4EL9a_290_o_ap_vld  |  out|    1|     ap_ovld|  p_ZZN4nnet22compute_pool_buffer_2dINS_5arrayI9ap_ufixedILi16ELi6EL9ap_q_mode4EL9a_290|       pointer|
|p_ZZN4nnet22compute_pool_buffer_2dINS_5arrayI9ap_ufixedILi16ELi6EL9ap_q_mode4EL9a_291_i         |   in|   16|     ap_ovld|  p_ZZN4nnet22compute_pool_buffer_2dINS_5arrayI9ap_ufixedILi16ELi6EL9ap_q_mode4EL9a_291|       pointer|
|p_ZZN4nnet22compute_pool_buffer_2dINS_5arrayI9ap_ufixedILi16ELi6EL9ap_q_mode4EL9a_291_o         |  out|   16|     ap_ovld|  p_ZZN4nnet22compute_pool_buffer_2dINS_5arrayI9ap_ufixedILi16ELi6EL9ap_q_mode4EL9a_291|       pointer|
|p_ZZN4nnet22compute_pool_buffer_2dINS_5arrayI9ap_ufixedILi16ELi6EL9ap_q_mode4EL9a_291_o_ap_vld  |  out|    1|     ap_ovld|  p_ZZN4nnet22compute_pool_buffer_2dINS_5arrayI9ap_ufixedILi16ELi6EL9ap_q_mode4EL9a_291|       pointer|
|p_ZZN4nnet22compute_pool_buffer_2dINS_5arrayI9ap_ufixedILi16ELi6EL9ap_q_mode4EL9a_292_i         |   in|   16|     ap_ovld|  p_ZZN4nnet22compute_pool_buffer_2dINS_5arrayI9ap_ufixedILi16ELi6EL9ap_q_mode4EL9a_292|       pointer|
|p_ZZN4nnet22compute_pool_buffer_2dINS_5arrayI9ap_ufixedILi16ELi6EL9ap_q_mode4EL9a_292_o         |  out|   16|     ap_ovld|  p_ZZN4nnet22compute_pool_buffer_2dINS_5arrayI9ap_ufixedILi16ELi6EL9ap_q_mode4EL9a_292|       pointer|
|p_ZZN4nnet22compute_pool_buffer_2dINS_5arrayI9ap_ufixedILi16ELi6EL9ap_q_mode4EL9a_292_o_ap_vld  |  out|    1|     ap_ovld|  p_ZZN4nnet22compute_pool_buffer_2dINS_5arrayI9ap_ufixedILi16ELi6EL9ap_q_mode4EL9a_292|       pointer|
|p_ZZN4nnet22compute_pool_buffer_2dINS_5arrayI9ap_ufixedILi16ELi6EL9ap_q_mode4EL9a_261_i         |   in|   16|     ap_ovld|  p_ZZN4nnet22compute_pool_buffer_2dINS_5arrayI9ap_ufixedILi16ELi6EL9ap_q_mode4EL9a_261|       pointer|
|p_ZZN4nnet22compute_pool_buffer_2dINS_5arrayI9ap_ufixedILi16ELi6EL9ap_q_mode4EL9a_261_o         |  out|   16|     ap_ovld|  p_ZZN4nnet22compute_pool_buffer_2dINS_5arrayI9ap_ufixedILi16ELi6EL9ap_q_mode4EL9a_261|       pointer|
|p_ZZN4nnet22compute_pool_buffer_2dINS_5arrayI9ap_ufixedILi16ELi6EL9ap_q_mode4EL9a_261_o_ap_vld  |  out|    1|     ap_ovld|  p_ZZN4nnet22compute_pool_buffer_2dINS_5arrayI9ap_ufixedILi16ELi6EL9ap_q_mode4EL9a_261|       pointer|
|p_ZZN4nnet22compute_pool_buffer_2dINS_5arrayI9ap_ufixedILi16ELi6EL9ap_q_mode4EL9a_262_i         |   in|   16|     ap_ovld|  p_ZZN4nnet22compute_pool_buffer_2dINS_5arrayI9ap_ufixedILi16ELi6EL9ap_q_mode4EL9a_262|       pointer|
|p_ZZN4nnet22compute_pool_buffer_2dINS_5arrayI9ap_ufixedILi16ELi6EL9ap_q_mode4EL9a_262_o         |  out|   16|     ap_ovld|  p_ZZN4nnet22compute_pool_buffer_2dINS_5arrayI9ap_ufixedILi16ELi6EL9ap_q_mode4EL9a_262|       pointer|
|p_ZZN4nnet22compute_pool_buffer_2dINS_5arrayI9ap_ufixedILi16ELi6EL9ap_q_mode4EL9a_262_o_ap_vld  |  out|    1|     ap_ovld|  p_ZZN4nnet22compute_pool_buffer_2dINS_5arrayI9ap_ufixedILi16ELi6EL9ap_q_mode4EL9a_262|       pointer|
|p_ZZN4nnet22compute_pool_buffer_2dINS_5arrayI9ap_ufixedILi16ELi6EL9ap_q_mode4EL9a_263_i         |   in|   16|     ap_ovld|  p_ZZN4nnet22compute_pool_buffer_2dINS_5arrayI9ap_ufixedILi16ELi6EL9ap_q_mode4EL9a_263|       pointer|
|p_ZZN4nnet22compute_pool_buffer_2dINS_5arrayI9ap_ufixedILi16ELi6EL9ap_q_mode4EL9a_263_o         |  out|   16|     ap_ovld|  p_ZZN4nnet22compute_pool_buffer_2dINS_5arrayI9ap_ufixedILi16ELi6EL9ap_q_mode4EL9a_263|       pointer|
|p_ZZN4nnet22compute_pool_buffer_2dINS_5arrayI9ap_ufixedILi16ELi6EL9ap_q_mode4EL9a_263_o_ap_vld  |  out|    1|     ap_ovld|  p_ZZN4nnet22compute_pool_buffer_2dINS_5arrayI9ap_ufixedILi16ELi6EL9ap_q_mode4EL9a_263|       pointer|
|p_ZZN4nnet22compute_pool_buffer_2dINS_5arrayI9ap_ufixedILi16ELi6EL9ap_q_mode4EL9a_264_i         |   in|   16|     ap_ovld|  p_ZZN4nnet22compute_pool_buffer_2dINS_5arrayI9ap_ufixedILi16ELi6EL9ap_q_mode4EL9a_264|       pointer|
|p_ZZN4nnet22compute_pool_buffer_2dINS_5arrayI9ap_ufixedILi16ELi6EL9ap_q_mode4EL9a_264_o         |  out|   16|     ap_ovld|  p_ZZN4nnet22compute_pool_buffer_2dINS_5arrayI9ap_ufixedILi16ELi6EL9ap_q_mode4EL9a_264|       pointer|
|p_ZZN4nnet22compute_pool_buffer_2dINS_5arrayI9ap_ufixedILi16ELi6EL9ap_q_mode4EL9a_264_o_ap_vld  |  out|    1|     ap_ovld|  p_ZZN4nnet22compute_pool_buffer_2dINS_5arrayI9ap_ufixedILi16ELi6EL9ap_q_mode4EL9a_264|       pointer|
|p_ZZN4nnet22compute_pool_buffer_2dINS_5arrayI9ap_ufixedILi16ELi6EL9ap_q_mode4EL9a_265_i         |   in|   16|     ap_ovld|  p_ZZN4nnet22compute_pool_buffer_2dINS_5arrayI9ap_ufixedILi16ELi6EL9ap_q_mode4EL9a_265|       pointer|
|p_ZZN4nnet22compute_pool_buffer_2dINS_5arrayI9ap_ufixedILi16ELi6EL9ap_q_mode4EL9a_265_o         |  out|   16|     ap_ovld|  p_ZZN4nnet22compute_pool_buffer_2dINS_5arrayI9ap_ufixedILi16ELi6EL9ap_q_mode4EL9a_265|       pointer|
|p_ZZN4nnet22compute_pool_buffer_2dINS_5arrayI9ap_ufixedILi16ELi6EL9ap_q_mode4EL9a_265_o_ap_vld  |  out|    1|     ap_ovld|  p_ZZN4nnet22compute_pool_buffer_2dINS_5arrayI9ap_ufixedILi16ELi6EL9ap_q_mode4EL9a_265|       pointer|
|p_ZZN4nnet22compute_pool_buffer_2dINS_5arrayI9ap_ufixedILi16ELi6EL9ap_q_mode4EL9a_266_i         |   in|   16|     ap_ovld|  p_ZZN4nnet22compute_pool_buffer_2dINS_5arrayI9ap_ufixedILi16ELi6EL9ap_q_mode4EL9a_266|       pointer|
|p_ZZN4nnet22compute_pool_buffer_2dINS_5arrayI9ap_ufixedILi16ELi6EL9ap_q_mode4EL9a_266_o         |  out|   16|     ap_ovld|  p_ZZN4nnet22compute_pool_buffer_2dINS_5arrayI9ap_ufixedILi16ELi6EL9ap_q_mode4EL9a_266|       pointer|
|p_ZZN4nnet22compute_pool_buffer_2dINS_5arrayI9ap_ufixedILi16ELi6EL9ap_q_mode4EL9a_266_o_ap_vld  |  out|    1|     ap_ovld|  p_ZZN4nnet22compute_pool_buffer_2dINS_5arrayI9ap_ufixedILi16ELi6EL9ap_q_mode4EL9a_266|       pointer|
|p_ZZN4nnet22compute_pool_buffer_2dINS_5arrayI9ap_ufixedILi16ELi6EL9ap_q_mode4EL9a_267_i         |   in|   16|     ap_ovld|  p_ZZN4nnet22compute_pool_buffer_2dINS_5arrayI9ap_ufixedILi16ELi6EL9ap_q_mode4EL9a_267|       pointer|
|p_ZZN4nnet22compute_pool_buffer_2dINS_5arrayI9ap_ufixedILi16ELi6EL9ap_q_mode4EL9a_267_o         |  out|   16|     ap_ovld|  p_ZZN4nnet22compute_pool_buffer_2dINS_5arrayI9ap_ufixedILi16ELi6EL9ap_q_mode4EL9a_267|       pointer|
|p_ZZN4nnet22compute_pool_buffer_2dINS_5arrayI9ap_ufixedILi16ELi6EL9ap_q_mode4EL9a_267_o_ap_vld  |  out|    1|     ap_ovld|  p_ZZN4nnet22compute_pool_buffer_2dINS_5arrayI9ap_ufixedILi16ELi6EL9ap_q_mode4EL9a_267|       pointer|
|p_ZZN4nnet22compute_pool_buffer_2dINS_5arrayI9ap_ufixedILi16ELi6EL9ap_q_mode4EL9a_268_i         |   in|   16|     ap_ovld|  p_ZZN4nnet22compute_pool_buffer_2dINS_5arrayI9ap_ufixedILi16ELi6EL9ap_q_mode4EL9a_268|       pointer|
|p_ZZN4nnet22compute_pool_buffer_2dINS_5arrayI9ap_ufixedILi16ELi6EL9ap_q_mode4EL9a_268_o         |  out|   16|     ap_ovld|  p_ZZN4nnet22compute_pool_buffer_2dINS_5arrayI9ap_ufixedILi16ELi6EL9ap_q_mode4EL9a_268|       pointer|
|p_ZZN4nnet22compute_pool_buffer_2dINS_5arrayI9ap_ufixedILi16ELi6EL9ap_q_mode4EL9a_268_o_ap_vld  |  out|    1|     ap_ovld|  p_ZZN4nnet22compute_pool_buffer_2dINS_5arrayI9ap_ufixedILi16ELi6EL9ap_q_mode4EL9a_268|       pointer|
|p_ZZN4nnet22compute_pool_buffer_2dINS_5arrayI9ap_ufixedILi16ELi6EL9ap_q_mode4EL9a_293_i         |   in|   16|     ap_ovld|  p_ZZN4nnet22compute_pool_buffer_2dINS_5arrayI9ap_ufixedILi16ELi6EL9ap_q_mode4EL9a_293|       pointer|
|p_ZZN4nnet22compute_pool_buffer_2dINS_5arrayI9ap_ufixedILi16ELi6EL9ap_q_mode4EL9a_293_o         |  out|   16|     ap_ovld|  p_ZZN4nnet22compute_pool_buffer_2dINS_5arrayI9ap_ufixedILi16ELi6EL9ap_q_mode4EL9a_293|       pointer|
|p_ZZN4nnet22compute_pool_buffer_2dINS_5arrayI9ap_ufixedILi16ELi6EL9ap_q_mode4EL9a_293_o_ap_vld  |  out|    1|     ap_ovld|  p_ZZN4nnet22compute_pool_buffer_2dINS_5arrayI9ap_ufixedILi16ELi6EL9ap_q_mode4EL9a_293|       pointer|
|p_ZZN4nnet22compute_pool_buffer_2dINS_5arrayI9ap_ufixedILi16ELi6EL9ap_q_mode4EL9a_294_i         |   in|   16|     ap_ovld|  p_ZZN4nnet22compute_pool_buffer_2dINS_5arrayI9ap_ufixedILi16ELi6EL9ap_q_mode4EL9a_294|       pointer|
|p_ZZN4nnet22compute_pool_buffer_2dINS_5arrayI9ap_ufixedILi16ELi6EL9ap_q_mode4EL9a_294_o         |  out|   16|     ap_ovld|  p_ZZN4nnet22compute_pool_buffer_2dINS_5arrayI9ap_ufixedILi16ELi6EL9ap_q_mode4EL9a_294|       pointer|
|p_ZZN4nnet22compute_pool_buffer_2dINS_5arrayI9ap_ufixedILi16ELi6EL9ap_q_mode4EL9a_294_o_ap_vld  |  out|    1|     ap_ovld|  p_ZZN4nnet22compute_pool_buffer_2dINS_5arrayI9ap_ufixedILi16ELi6EL9ap_q_mode4EL9a_294|       pointer|
|p_ZZN4nnet22compute_pool_buffer_2dINS_5arrayI9ap_ufixedILi16ELi6EL9ap_q_mode4EL9a_295_i         |   in|   16|     ap_ovld|  p_ZZN4nnet22compute_pool_buffer_2dINS_5arrayI9ap_ufixedILi16ELi6EL9ap_q_mode4EL9a_295|       pointer|
|p_ZZN4nnet22compute_pool_buffer_2dINS_5arrayI9ap_ufixedILi16ELi6EL9ap_q_mode4EL9a_295_o         |  out|   16|     ap_ovld|  p_ZZN4nnet22compute_pool_buffer_2dINS_5arrayI9ap_ufixedILi16ELi6EL9ap_q_mode4EL9a_295|       pointer|
|p_ZZN4nnet22compute_pool_buffer_2dINS_5arrayI9ap_ufixedILi16ELi6EL9ap_q_mode4EL9a_295_o_ap_vld  |  out|    1|     ap_ovld|  p_ZZN4nnet22compute_pool_buffer_2dINS_5arrayI9ap_ufixedILi16ELi6EL9ap_q_mode4EL9a_295|       pointer|
|p_ZZN4nnet22compute_pool_buffer_2dINS_5arrayI9ap_ufixedILi16ELi6EL9ap_q_mode4EL9a_296_i         |   in|   16|     ap_ovld|  p_ZZN4nnet22compute_pool_buffer_2dINS_5arrayI9ap_ufixedILi16ELi6EL9ap_q_mode4EL9a_296|       pointer|
|p_ZZN4nnet22compute_pool_buffer_2dINS_5arrayI9ap_ufixedILi16ELi6EL9ap_q_mode4EL9a_296_o         |  out|   16|     ap_ovld|  p_ZZN4nnet22compute_pool_buffer_2dINS_5arrayI9ap_ufixedILi16ELi6EL9ap_q_mode4EL9a_296|       pointer|
|p_ZZN4nnet22compute_pool_buffer_2dINS_5arrayI9ap_ufixedILi16ELi6EL9ap_q_mode4EL9a_296_o_ap_vld  |  out|    1|     ap_ovld|  p_ZZN4nnet22compute_pool_buffer_2dINS_5arrayI9ap_ufixedILi16ELi6EL9ap_q_mode4EL9a_296|       pointer|
|p_ZZN4nnet22compute_pool_buffer_2dINS_5arrayI9ap_ufixedILi16ELi6EL9ap_q_mode4EL9a_297_i         |   in|   16|     ap_ovld|  p_ZZN4nnet22compute_pool_buffer_2dINS_5arrayI9ap_ufixedILi16ELi6EL9ap_q_mode4EL9a_297|       pointer|
|p_ZZN4nnet22compute_pool_buffer_2dINS_5arrayI9ap_ufixedILi16ELi6EL9ap_q_mode4EL9a_297_o         |  out|   16|     ap_ovld|  p_ZZN4nnet22compute_pool_buffer_2dINS_5arrayI9ap_ufixedILi16ELi6EL9ap_q_mode4EL9a_297|       pointer|
|p_ZZN4nnet22compute_pool_buffer_2dINS_5arrayI9ap_ufixedILi16ELi6EL9ap_q_mode4EL9a_297_o_ap_vld  |  out|    1|     ap_ovld|  p_ZZN4nnet22compute_pool_buffer_2dINS_5arrayI9ap_ufixedILi16ELi6EL9ap_q_mode4EL9a_297|       pointer|
|p_ZZN4nnet22compute_pool_buffer_2dINS_5arrayI9ap_ufixedILi16ELi6EL9ap_q_mode4EL9a_298_i         |   in|   16|     ap_ovld|  p_ZZN4nnet22compute_pool_buffer_2dINS_5arrayI9ap_ufixedILi16ELi6EL9ap_q_mode4EL9a_298|       pointer|
|p_ZZN4nnet22compute_pool_buffer_2dINS_5arrayI9ap_ufixedILi16ELi6EL9ap_q_mode4EL9a_298_o         |  out|   16|     ap_ovld|  p_ZZN4nnet22compute_pool_buffer_2dINS_5arrayI9ap_ufixedILi16ELi6EL9ap_q_mode4EL9a_298|       pointer|
|p_ZZN4nnet22compute_pool_buffer_2dINS_5arrayI9ap_ufixedILi16ELi6EL9ap_q_mode4EL9a_298_o_ap_vld  |  out|    1|     ap_ovld|  p_ZZN4nnet22compute_pool_buffer_2dINS_5arrayI9ap_ufixedILi16ELi6EL9ap_q_mode4EL9a_298|       pointer|
|p_ZZN4nnet22compute_pool_buffer_2dINS_5arrayI9ap_ufixedILi16ELi6EL9ap_q_mode4EL9a_299_i         |   in|   16|     ap_ovld|  p_ZZN4nnet22compute_pool_buffer_2dINS_5arrayI9ap_ufixedILi16ELi6EL9ap_q_mode4EL9a_299|       pointer|
|p_ZZN4nnet22compute_pool_buffer_2dINS_5arrayI9ap_ufixedILi16ELi6EL9ap_q_mode4EL9a_299_o         |  out|   16|     ap_ovld|  p_ZZN4nnet22compute_pool_buffer_2dINS_5arrayI9ap_ufixedILi16ELi6EL9ap_q_mode4EL9a_299|       pointer|
|p_ZZN4nnet22compute_pool_buffer_2dINS_5arrayI9ap_ufixedILi16ELi6EL9ap_q_mode4EL9a_299_o_ap_vld  |  out|    1|     ap_ovld|  p_ZZN4nnet22compute_pool_buffer_2dINS_5arrayI9ap_ufixedILi16ELi6EL9ap_q_mode4EL9a_299|       pointer|
|p_ZZN4nnet22compute_pool_buffer_2dINS_5arrayI9ap_ufixedILi16ELi6EL9ap_q_mode4EL9a_300_i         |   in|   16|     ap_ovld|  p_ZZN4nnet22compute_pool_buffer_2dINS_5arrayI9ap_ufixedILi16ELi6EL9ap_q_mode4EL9a_300|       pointer|
|p_ZZN4nnet22compute_pool_buffer_2dINS_5arrayI9ap_ufixedILi16ELi6EL9ap_q_mode4EL9a_300_o         |  out|   16|     ap_ovld|  p_ZZN4nnet22compute_pool_buffer_2dINS_5arrayI9ap_ufixedILi16ELi6EL9ap_q_mode4EL9a_300|       pointer|
|p_ZZN4nnet22compute_pool_buffer_2dINS_5arrayI9ap_ufixedILi16ELi6EL9ap_q_mode4EL9a_300_o_ap_vld  |  out|    1|     ap_ovld|  p_ZZN4nnet22compute_pool_buffer_2dINS_5arrayI9ap_ufixedILi16ELi6EL9ap_q_mode4EL9a_300|       pointer|
+------------------------------------------------------------------------------------------------+-----+-----+------------+---------------------------------------------------------------------------------------+--------------+

