

================================================================
== Vitis HLS Report for 'init_exp_table_ap_ufixed_36_16_5_3_0_softmax_config23_s'
================================================================
* Date:           Sun Mar 29 16:30:08 2026

* Version:        2023.2 (Build 4023990 on Oct 11 2023)
* Project:        myproject_prj
* Solution:       solution1 (Vivado IP Flow Target)
* Product family: zynquplus
* Target device:  xck26-sfvc784-2LV-c


================================================================
== Performance Estimates
================================================================
+ Timing: 
    * Summary: 
    +--------+---------+----------+------------+
    |  Clock |  Target | Estimated| Uncertainty|
    +--------+---------+----------+------------+
    |ap_clk  |  5.00 ns|  3.985 ns|     1.35 ns|
    +--------+---------+----------+------------+

+ Latency: 
    * Summary: 
    +---------+---------+----------+----------+------+------+---------+
    |  Latency (cycles) |  Latency (absolute) |   Interval  | Pipeline|
    |   min   |   max   |    min   |    max   |  min |  max |   Type  |
    +---------+---------+----------+----------+------+------+---------+
    |     1044|     1044|  5.220 us|  5.220 us|  1044|  1044|       no|
    +---------+---------+----------+----------+------+------+---------+

    + Detail: 
        * Instance: 
        N/A

        * Loop: 
        +--------------------+---------+---------+----------+-----------+-----------+------+----------+
        |                    |  Latency (cycles) | Iteration|  Initiation Interval  | Trip |          |
        |      Loop Name     |   min   |   max   |  Latency |  achieved |   target  | Count| Pipelined|
        +--------------------+---------+---------+----------+-----------+-----------+------+----------+
        |- VITIS_LOOP_151_1  |     1042|     1042|        20|          1|          1|  1024|       yes|
        +--------------------+---------+---------+----------+-----------+-----------+------+----------+

============================================================
+ Verbose Summary: Synthesis Manager
============================================================
InlineROM: 1
ExposeGlobal: 0
============================================================
+ Verbose Summary: CDFG Model
============================================================
IsTopModel: 0
ResetActiveHigh: 1
IsCombinational: 0
IsDatapathOnly: 0
HasWiredReturn: 1
HasMFsm: 2
HasVarLatency: 1
IsPipeline: 0
IsRtlPipelined: 0
IsInstanceOverlapped: 0
IsDontTouch: 0
HasImplIP: 0
IsGatedGlobalClock: 0

+ Individual pipeline summary: 
  * Pipeline-0: initiation interval (II) = 1, depth = 20


============================================================
+ Verbose Summary: Schedule
============================================================
* Number of FSM states : 20
* Pipeline : 1
  Pipeline-0 : II = 1, D = 20, States = { 1 2 3 4 5 6 7 8 9 10 11 12 13 14 15 16 17 18 19 20 }
* Dataflow Pipeline: 0

* FSM state transitions: 
1 --> 2 
2 --> 3 
3 --> 4 
4 --> 5 
5 --> 6 
6 --> 7 
7 --> 8 
8 --> 9 
9 --> 10 
10 --> 11 
11 --> 12 
12 --> 13 
13 --> 14 
14 --> 15 
15 --> 16 
16 --> 17 
17 --> 18 
18 --> 19 
19 --> 20 
20 --> 

* FSM state operations: 

State 1 <SV = 0> <Delay = 3.98>
ST_1 : Operation 23 [1/1] (0.00ns)   --->   "%i = alloca i32 1" [firmware/nnet_utils/nnet_activation.h:151]   --->   Operation 23 'alloca' 'i' <Predicate = true> <Delay = 0.00>
ST_1 : Operation 24 [1/1] (0.42ns)   --->   "%store_ln151 = store i11 0, i11 %i" [firmware/nnet_utils/nnet_activation.h:151]   --->   Operation 24 'store' 'store_ln151' <Predicate = true> <Delay = 0.42>
ST_1 : Operation 25 [1/1] (0.00ns)   --->   "%br_ln151 = br void %for.body" [firmware/nnet_utils/nnet_activation.h:151]   --->   Operation 25 'br' 'br_ln151' <Predicate = true> <Delay = 0.00>
ST_1 : Operation 26 [1/1] (0.00ns)   --->   "%i_15 = load i11 %i" [firmware/nnet_utils/nnet_activation.h:137->firmware/nnet_utils/nnet_activation.h:153]   --->   Operation 26 'load' 'i_15' <Predicate = true> <Delay = 0.00>
ST_1 : Operation 27 [1/1] (0.79ns)   --->   "%icmp_ln151 = icmp_eq  i11 %i_15, i11 1024" [firmware/nnet_utils/nnet_activation.h:151]   --->   Operation 27 'icmp' 'icmp_ln151' <Predicate = true> <Delay = 0.79> <CoreInst = "Cmp">   --->   Core 9 'Cmp' <Latency = 0> <II = 1> <Delay = 0.79> <FuncUnit> <Opcode : 'icmp'> <InPorts = 2> <OutPorts = 1>
ST_1 : Operation 28 [1/1] (0.79ns)   --->   "%add_ln151 = add i11 %i_15, i11 1" [firmware/nnet_utils/nnet_activation.h:151]   --->   Operation 28 'add' 'add_ln151' <Predicate = true> <Delay = 0.79> <CoreInst = "Adder">   --->   Core 1 'Adder' <Latency = 0> <II = 1> <Delay = 0.79> <FuncUnit> <Opcode : 'add' 'sub'> <InPorts = 2> <OutPorts = 1>
ST_1 : Operation 29 [1/1] (0.00ns)   --->   "%br_ln151 = br i1 %icmp_ln151, void %for.body.split_ifconv, void %for.end" [firmware/nnet_utils/nnet_activation.h:151]   --->   Operation 29 'br' 'br_ln151' <Predicate = true> <Delay = 0.00>
ST_1 : Operation 30 [1/1] (0.00ns)   --->   "%trunc_ln137 = trunc i11 %i_15" [firmware/nnet_utils/nnet_activation.h:137->firmware/nnet_utils/nnet_activation.h:153]   --->   Operation 30 'trunc' 'trunc_ln137' <Predicate = (!icmp_ln151)> <Delay = 0.00>
ST_1 : Operation 31 [1/1] (0.00ns)   --->   "%x = bitconcatenate i36 @_ssdm_op_BitConcatenate.i36.i10.i26, i10 %trunc_ln137, i26 0" [firmware/nnet_utils/nnet_activation.h:137->firmware/nnet_utils/nnet_activation.h:153]   --->   Operation 31 'bitconcatenate' 'x' <Predicate = (!icmp_ln151)> <Delay = 0.00>
ST_1 : Operation 32 [1/1] (1.02ns)   --->   "%icmp_ln138 = icmp_eq  i36 %x, i36 0" [firmware/nnet_utils/nnet_activation.h:138->firmware/nnet_utils/nnet_activation.h:153]   --->   Operation 32 'icmp' 'icmp_ln138' <Predicate = (!icmp_ln151)> <Delay = 1.02> <CoreInst = "Cmp">   --->   Core 9 'Cmp' <Latency = 0> <II = 1> <Delay = 1.02> <FuncUnit> <Opcode : 'icmp'> <InPorts = 2> <OutPorts = 1>
ST_1 : Operation 33 [1/1] (0.00ns)   --->   "%tmp = partselect i36 @llvm.part.select.i36, i36 %x, i32 35, i32 0" [firmware/nnet_utils/nnet_activation.h:138->firmware/nnet_utils/nnet_activation.h:153]   --->   Operation 33 'partselect' 'tmp' <Predicate = (!icmp_ln151)> <Delay = 0.00>
ST_1 : Operation 34 [1/1] (0.00ns)   --->   "%tmp_s = bitconcatenate i37 @_ssdm_op_BitConcatenate.i37.i1.i36, i1 1, i36 %tmp" [firmware/nnet_utils/nnet_activation.h:138->firmware/nnet_utils/nnet_activation.h:153]   --->   Operation 34 'bitconcatenate' 'tmp_s' <Predicate = (!icmp_ln151)> <Delay = 0.00>
ST_1 : Operation 35 [1/1] (0.00ns)   --->   "%sext_ln138 = sext i37 %tmp_s" [firmware/nnet_utils/nnet_activation.h:138->firmware/nnet_utils/nnet_activation.h:153]   --->   Operation 35 'sext' 'sext_ln138' <Predicate = (!icmp_ln151)> <Delay = 0.00>
ST_1 : Operation 36 [1/1] (0.00ns)   --->   "%tmp_1 = cttz i64 @llvm.cttz.i64, i64 %sext_ln138, i1 1" [firmware/nnet_utils/nnet_activation.h:138->firmware/nnet_utils/nnet_activation.h:153]   --->   Operation 36 'cttz' 'tmp_1' <Predicate = (!icmp_ln151)> <Delay = 0.00>
ST_1 : Operation 37 [1/1] (0.00ns)   --->   "%trunc_ln138 = trunc i64 %tmp_1" [firmware/nnet_utils/nnet_activation.h:138->firmware/nnet_utils/nnet_activation.h:153]   --->   Operation 37 'trunc' 'trunc_ln138' <Predicate = (!icmp_ln151)> <Delay = 0.00>
ST_1 : Operation 38 [1/1] (0.00ns)   --->   "%trunc_ln138_1 = trunc i64 %tmp_1" [firmware/nnet_utils/nnet_activation.h:138->firmware/nnet_utils/nnet_activation.h:153]   --->   Operation 38 'trunc' 'trunc_ln138_1' <Predicate = (!icmp_ln151)> <Delay = 0.00>
ST_1 : Operation 39 [1/1] (1.01ns)   --->   "%sub_ln138 = sub i32 36, i32 %trunc_ln138" [firmware/nnet_utils/nnet_activation.h:138->firmware/nnet_utils/nnet_activation.h:153]   --->   Operation 39 'sub' 'sub_ln138' <Predicate = (!icmp_ln151)> <Delay = 1.01> <CoreInst = "Adder">   --->   Core 1 'Adder' <Latency = 0> <II = 1> <Delay = 1.01> <FuncUnit> <Opcode : 'add' 'sub'> <InPorts = 2> <OutPorts = 1>
ST_1 : Operation 40 [1/1] (1.01ns)   --->   "%add_ln138 = add i32 %sub_ln138, i32 4294967272" [firmware/nnet_utils/nnet_activation.h:138->firmware/nnet_utils/nnet_activation.h:153]   --->   Operation 40 'add' 'add_ln138' <Predicate = (!icmp_ln151)> <Delay = 1.01> <CoreInst = "Adder">   --->   Core 1 'Adder' <Latency = 0> <II = 1> <Delay = 1.01> <FuncUnit> <Opcode : 'add' 'sub'> <InPorts = 2> <OutPorts = 1>
ST_1 : Operation 41 [1/1] (0.00ns)   --->   "%tmp_2 = partselect i31 @_ssdm_op_PartSelect.i31.i32.i32.i32, i32 %add_ln138, i32 1, i32 31" [firmware/nnet_utils/nnet_activation.h:138->firmware/nnet_utils/nnet_activation.h:153]   --->   Operation 41 'partselect' 'tmp_2' <Predicate = (!icmp_ln151)> <Delay = 0.00>
ST_1 : Operation 42 [1/1] (1.00ns)   --->   "%icmp_ln138_1 = icmp_sgt  i31 %tmp_2, i31 0" [firmware/nnet_utils/nnet_activation.h:138->firmware/nnet_utils/nnet_activation.h:153]   --->   Operation 42 'icmp' 'icmp_ln138_1' <Predicate = (!icmp_ln151)> <Delay = 1.00> <CoreInst = "Cmp">   --->   Core 9 'Cmp' <Latency = 0> <II = 1> <Delay = 1.00> <FuncUnit> <Opcode : 'icmp'> <InPorts = 2> <OutPorts = 1>
ST_1 : Operation 43 [1/1] (0.00ns)   --->   "%trunc_ln138_2 = trunc i32 %sub_ln138" [firmware/nnet_utils/nnet_activation.h:138->firmware/nnet_utils/nnet_activation.h:153]   --->   Operation 43 'trunc' 'trunc_ln138_2' <Predicate = (!icmp_ln151)> <Delay = 0.00>
ST_1 : Operation 44 [1/1] (0.78ns)   --->   "%sub_ln138_3 = sub i6 61, i6 %trunc_ln138_2" [firmware/nnet_utils/nnet_activation.h:138->firmware/nnet_utils/nnet_activation.h:153]   --->   Operation 44 'sub' 'sub_ln138_3' <Predicate = (!icmp_ln151)> <Delay = 0.78> <CoreInst = "Adder">   --->   Core 1 'Adder' <Latency = 0> <II = 1> <Delay = 0.78> <FuncUnit> <Opcode : 'add' 'sub'> <InPorts = 2> <OutPorts = 1>
ST_1 : Operation 45 [1/1] (0.00ns)   --->   "%zext_ln138_5 = zext i6 %sub_ln138_3" [firmware/nnet_utils/nnet_activation.h:138->firmware/nnet_utils/nnet_activation.h:153]   --->   Operation 45 'zext' 'zext_ln138_5' <Predicate = (!icmp_ln151)> <Delay = 0.00>
ST_1 : Operation 46 [1/1] (0.73ns)   --->   "%lshr_ln138_2 = lshr i36 68719476735, i36 %zext_ln138_5" [firmware/nnet_utils/nnet_activation.h:138->firmware/nnet_utils/nnet_activation.h:153]   --->   Operation 46 'lshr' 'lshr_ln138_2' <Predicate = (!icmp_ln151)> <Delay = 0.73> <CoreInst = "Shifter">   --->   Core 75 'Shifter' <Latency = 0> <II = 1> <Delay = 0.73> <FuncUnit> <Opcode : 'shl' 'lshr' 'ashr'> <InPorts = 2> <OutPorts = 1>
ST_1 : Operation 47 [1/1] (0.00ns) (grouped into LUT with out node icmp_ln138_2)   --->   "%and_ln138_2 = and i36 %x, i36 %lshr_ln138_2" [firmware/nnet_utils/nnet_activation.h:138->firmware/nnet_utils/nnet_activation.h:153]   --->   Operation 47 'and' 'and_ln138_2' <Predicate = (!icmp_ln151)> <Delay = 0.00> <CoreInst = "LogicGate">   --->   Core 74 'LogicGate' <Latency = 0> <II = 1> <Delay = 0.36> <FuncUnit> <Opcode : 'and' 'or' 'xor'> <InPorts = 2> <OutPorts = 1>
ST_1 : Operation 48 [1/1] (1.02ns) (out node of the LUT)   --->   "%icmp_ln138_2 = icmp_ne  i36 %and_ln138_2, i36 0" [firmware/nnet_utils/nnet_activation.h:138->firmware/nnet_utils/nnet_activation.h:153]   --->   Operation 48 'icmp' 'icmp_ln138_2' <Predicate = (!icmp_ln151)> <Delay = 1.02> <CoreInst = "Cmp">   --->   Core 9 'Cmp' <Latency = 0> <II = 1> <Delay = 1.02> <FuncUnit> <Opcode : 'icmp'> <InPorts = 2> <OutPorts = 1>
ST_1 : Operation 49 [1/1] (0.00ns)   --->   "%bit_select_i_i_i = bitselect i1 @_ssdm_op_BitSelect.i1.i36.i32, i36 %x, i32 %add_ln138" [firmware/nnet_utils/nnet_activation.h:138->firmware/nnet_utils/nnet_activation.h:153]   --->   Operation 49 'bitselect' 'bit_select_i_i_i' <Predicate = (!icmp_ln151)> <Delay = 0.00>
ST_1 : Operation 50 [1/1] (1.01ns)   --->   "%icmp_ln138_3 = icmp_sgt  i32 %add_ln138, i32 0" [firmware/nnet_utils/nnet_activation.h:138->firmware/nnet_utils/nnet_activation.h:153]   --->   Operation 50 'icmp' 'icmp_ln138_3' <Predicate = (!icmp_ln151)> <Delay = 1.01> <CoreInst = "Cmp">   --->   Core 9 'Cmp' <Latency = 0> <II = 1> <Delay = 1.01> <FuncUnit> <Opcode : 'icmp'> <InPorts = 2> <OutPorts = 1>
ST_1 : Operation 51 [1/1] (1.01ns)   --->   "%add_ln138_1 = add i32 %sub_ln138, i32 4294967271" [firmware/nnet_utils/nnet_activation.h:138->firmware/nnet_utils/nnet_activation.h:153]   --->   Operation 51 'add' 'add_ln138_1' <Predicate = (!icmp_ln151)> <Delay = 1.01> <CoreInst = "Adder">   --->   Core 1 'Adder' <Latency = 0> <II = 1> <Delay = 1.01> <FuncUnit> <Opcode : 'add' 'sub'> <InPorts = 2> <OutPorts = 1>
ST_1 : Operation 52 [1/1] (0.00ns)   --->   "%zext_ln138 = zext i32 %add_ln138_1" [firmware/nnet_utils/nnet_activation.h:138->firmware/nnet_utils/nnet_activation.h:153]   --->   Operation 52 'zext' 'zext_ln138' <Predicate = (!icmp_ln151)> <Delay = 0.00>
ST_1 : Operation 53 [1/1] (1.46ns)   --->   "%lshr_ln138 = lshr i36 %x, i36 %zext_ln138" [firmware/nnet_utils/nnet_activation.h:138->firmware/nnet_utils/nnet_activation.h:153]   --->   Operation 53 'lshr' 'lshr_ln138' <Predicate = (!icmp_ln151)> <Delay = 1.46> <CoreInst = "Shifter">   --->   Core 75 'Shifter' <Latency = 0> <II = 1> <Delay = 1.46> <FuncUnit> <Opcode : 'shl' 'lshr' 'ashr'> <InPorts = 2> <OutPorts = 1>
ST_1 : Operation 54 [1/1] (1.01ns)   --->   "%sub_ln138_1 = sub i32 25, i32 %sub_ln138" [firmware/nnet_utils/nnet_activation.h:138->firmware/nnet_utils/nnet_activation.h:153]   --->   Operation 54 'sub' 'sub_ln138_1' <Predicate = (!icmp_ln151)> <Delay = 1.01> <CoreInst = "Adder">   --->   Core 1 'Adder' <Latency = 0> <II = 1> <Delay = 1.01> <FuncUnit> <Opcode : 'add' 'sub'> <InPorts = 2> <OutPorts = 1>
ST_1 : Operation 55 [1/1] (0.00ns)   --->   "%zext_ln138_1 = zext i32 %sub_ln138_1" [firmware/nnet_utils/nnet_activation.h:138->firmware/nnet_utils/nnet_activation.h:153]   --->   Operation 55 'zext' 'zext_ln138_1' <Predicate = (!icmp_ln151)> <Delay = 0.00>
ST_1 : Operation 56 [1/1] (1.46ns)   --->   "%shl_ln138 = shl i36 %x, i36 %zext_ln138_1" [firmware/nnet_utils/nnet_activation.h:138->firmware/nnet_utils/nnet_activation.h:153]   --->   Operation 56 'shl' 'shl_ln138' <Predicate = (!icmp_ln151)> <Delay = 1.46> <CoreInst = "Shifter">   --->   Core 75 'Shifter' <Latency = 0> <II = 1> <Delay = 1.46> <FuncUnit> <Opcode : 'shl' 'lshr' 'ashr'> <InPorts = 2> <OutPorts = 1>
ST_1 : Operation 57 [1/1] (0.42ns)   --->   "%store_ln151 = store i11 %add_ln151, i11 %i" [firmware/nnet_utils/nnet_activation.h:151]   --->   Operation 57 'store' 'store_ln151' <Predicate = (!icmp_ln151)> <Delay = 0.42>

State 2 <SV = 1> <Delay = 3.20>
ST_2 : Operation 58 [1/1] (0.00ns) (grouped into LUT with out node or_ln)   --->   "%and_ln138 = and i1 %icmp_ln138_1, i1 %icmp_ln138_2" [firmware/nnet_utils/nnet_activation.h:138->firmware/nnet_utils/nnet_activation.h:153]   --->   Operation 58 'and' 'and_ln138' <Predicate = (!icmp_ln138)> <Delay = 0.00> <CoreInst = "LogicGate">   --->   Core 74 'LogicGate' <Latency = 0> <II = 1> <Delay = 0.28> <FuncUnit> <Opcode : 'and' 'or' 'xor'> <InPorts = 2> <OutPorts = 1>
ST_2 : Operation 59 [1/1] (0.00ns) (grouped into LUT with out node or_ln)   --->   "%tmp_3 = bitselect i1 @_ssdm_op_BitSelect.i1.i32.i32, i32 %add_ln138, i32 31" [firmware/nnet_utils/nnet_activation.h:138->firmware/nnet_utils/nnet_activation.h:153]   --->   Operation 59 'bitselect' 'tmp_3' <Predicate = (!icmp_ln138)> <Delay = 0.00>
ST_2 : Operation 60 [1/1] (0.00ns) (grouped into LUT with out node or_ln)   --->   "%xor_ln138 = xor i1 %tmp_3, i1 1" [firmware/nnet_utils/nnet_activation.h:138->firmware/nnet_utils/nnet_activation.h:153]   --->   Operation 60 'xor' 'xor_ln138' <Predicate = (!icmp_ln138)> <Delay = 0.00> <CoreInst = "LogicGate">   --->   Core 74 'LogicGate' <Latency = 0> <II = 1> <Delay = 0.28> <FuncUnit> <Opcode : 'and' 'or' 'xor'> <InPorts = 2> <OutPorts = 1>
ST_2 : Operation 61 [1/1] (0.00ns) (grouped into LUT with out node or_ln)   --->   "%and_ln138_1 = and i1 %bit_select_i_i_i, i1 %xor_ln138" [firmware/nnet_utils/nnet_activation.h:138->firmware/nnet_utils/nnet_activation.h:153]   --->   Operation 61 'and' 'and_ln138_1' <Predicate = (!icmp_ln138)> <Delay = 0.00> <CoreInst = "LogicGate">   --->   Core 74 'LogicGate' <Latency = 0> <II = 1> <Delay = 0.28> <FuncUnit> <Opcode : 'and' 'or' 'xor'> <InPorts = 2> <OutPorts = 1>
ST_2 : Operation 62 [1/1] (0.00ns) (grouped into LUT with out node or_ln)   --->   "%or_ln138 = or i1 %and_ln138_1, i1 %and_ln138" [firmware/nnet_utils/nnet_activation.h:138->firmware/nnet_utils/nnet_activation.h:153]   --->   Operation 62 'or' 'or_ln138' <Predicate = (!icmp_ln138)> <Delay = 0.00> <CoreInst = "LogicGate">   --->   Core 74 'LogicGate' <Latency = 0> <II = 1> <Delay = 0.28> <FuncUnit> <Opcode : 'and' 'or' 'xor'> <InPorts = 2> <OutPorts = 1>
ST_2 : Operation 63 [1/1] (0.28ns) (out node of the LUT)   --->   "%or_ln = bitconcatenate i2 @_ssdm_op_BitConcatenate.i2.i1.i1, i1 0, i1 %or_ln138" [firmware/nnet_utils/nnet_activation.h:138->firmware/nnet_utils/nnet_activation.h:153]   --->   Operation 63 'bitconcatenate' 'or_ln' <Predicate = (!icmp_ln138)> <Delay = 0.28>
ST_2 : Operation 64 [1/1] (0.00ns) (grouped into LUT with out node add_ln138_2)   --->   "%select_ln138 = select i1 %icmp_ln138_3, i36 %lshr_ln138, i36 %shl_ln138" [firmware/nnet_utils/nnet_activation.h:138->firmware/nnet_utils/nnet_activation.h:153]   --->   Operation 64 'select' 'select_ln138' <Predicate = (!icmp_ln138)> <Delay = 0.00> <CoreInst = "Sel">   --->   Core 73 'Sel' <Latency = 0> <II = 1> <Delay = 0.37> <FuncUnit> <Opcode : 'select'> <InPorts = 3> <OutPorts = 1>
ST_2 : Operation 65 [1/1] (0.00ns) (grouped into LUT with out node add_ln138_2)   --->   "%zext_ln138_2 = zext i36 %select_ln138" [firmware/nnet_utils/nnet_activation.h:138->firmware/nnet_utils/nnet_activation.h:153]   --->   Operation 65 'zext' 'zext_ln138_2' <Predicate = (!icmp_ln138)> <Delay = 0.00>
ST_2 : Operation 66 [1/1] (0.00ns) (grouped into LUT with out node add_ln138_2)   --->   "%zext_ln138_3 = zext i2 %or_ln" [firmware/nnet_utils/nnet_activation.h:138->firmware/nnet_utils/nnet_activation.h:153]   --->   Operation 66 'zext' 'zext_ln138_3' <Predicate = (!icmp_ln138)> <Delay = 0.00>
ST_2 : Operation 67 [1/1] (1.02ns) (out node of the LUT)   --->   "%add_ln138_2 = add i37 %zext_ln138_2, i37 %zext_ln138_3" [firmware/nnet_utils/nnet_activation.h:138->firmware/nnet_utils/nnet_activation.h:153]   --->   Operation 67 'add' 'add_ln138_2' <Predicate = (!icmp_ln138)> <Delay = 1.02> <CoreInst = "Adder">   --->   Core 1 'Adder' <Latency = 0> <II = 1> <Delay = 1.02> <FuncUnit> <Opcode : 'add' 'sub'> <InPorts = 2> <OutPorts = 1>
ST_2 : Operation 68 [1/1] (0.00ns) (grouped into LUT with out node x_10)   --->   "%lshr_ln138_1 = partselect i36 @_ssdm_op_PartSelect.i36.i37.i32.i32, i37 %add_ln138_2, i32 1, i32 36" [firmware/nnet_utils/nnet_activation.h:138->firmware/nnet_utils/nnet_activation.h:153]   --->   Operation 68 'partselect' 'lshr_ln138_1' <Predicate = (!icmp_ln138)> <Delay = 0.00>
ST_2 : Operation 69 [1/1] (0.00ns) (grouped into LUT with out node x_10)   --->   "%zext_ln138_4 = zext i36 %lshr_ln138_1" [firmware/nnet_utils/nnet_activation.h:138->firmware/nnet_utils/nnet_activation.h:153]   --->   Operation 69 'zext' 'zext_ln138_4' <Predicate = (!icmp_ln138)> <Delay = 0.00>
ST_2 : Operation 70 [1/1] (0.00ns)   --->   "%tmp_6 = bitselect i1 @_ssdm_op_BitSelect.i1.i37.i32, i37 %add_ln138_2, i32 25" [firmware/nnet_utils/nnet_activation.h:138->firmware/nnet_utils/nnet_activation.h:153]   --->   Operation 70 'bitselect' 'tmp_6' <Predicate = (!icmp_ln138)> <Delay = 0.00>
ST_2 : Operation 71 [1/1] (0.39ns)   --->   "%select_ln138_1 = select i1 %tmp_6, i8 127, i8 126" [firmware/nnet_utils/nnet_activation.h:138->firmware/nnet_utils/nnet_activation.h:153]   --->   Operation 71 'select' 'select_ln138_1' <Predicate = (!icmp_ln138)> <Delay = 0.39> <CoreInst = "Sel">   --->   Core 73 'Sel' <Latency = 0> <II = 1> <Delay = 0.39> <FuncUnit> <Opcode : 'select'> <InPorts = 3> <OutPorts = 1>
ST_2 : Operation 72 [1/1] (0.00ns) (grouped into TernaryAdder)   --->   "%sub_ln138_2 = sub i8 16, i8 %trunc_ln138_1" [firmware/nnet_utils/nnet_activation.h:138->firmware/nnet_utils/nnet_activation.h:153]   --->   Operation 72 'sub' 'sub_ln138_2' <Predicate = (!icmp_ln138)> <Delay = 0.00> <CoreInst = "TAddSub">   --->   Core 10 'TAddSub' <Latency = 0> <II = 1> <Delay = 0.52> <IPBlock> <Opcode : '' 'add' 'sub'> <InPorts = 3> <OutPorts = 1> <Sync> <CReg>
ST_2 : Operation 73 [1/1] (1.05ns) (root node of TernaryAdder)   --->   "%add_ln138_3 = add i8 %sub_ln138_2, i8 %select_ln138_1" [firmware/nnet_utils/nnet_activation.h:138->firmware/nnet_utils/nnet_activation.h:153]   --->   Operation 73 'add' 'add_ln138_3' <Predicate = (!icmp_ln138)> <Delay = 1.05> <CoreInst = "TAddSub">   --->   Core 10 'TAddSub' <Latency = 0> <II = 1> <Delay = 0.52> <IPBlock> <Opcode : '' 'add' 'sub'> <InPorts = 3> <OutPorts = 1> <Sync> <CReg>
ST_2 : Operation 74 [1/1] (0.00ns) (grouped into LUT with out node x_10)   --->   "%tmp_4 = bitconcatenate i9 @_ssdm_op_BitConcatenate.i9.i1.i8, i1 0, i8 %add_ln138_3" [firmware/nnet_utils/nnet_activation.h:138->firmware/nnet_utils/nnet_activation.h:153]   --->   Operation 74 'bitconcatenate' 'tmp_4' <Predicate = (!icmp_ln138)> <Delay = 0.00>
ST_2 : Operation 75 [1/1] (0.00ns) (grouped into LUT with out node x_10)   --->   "%pi_assign = partset i64 @_ssdm_op_PartSet.i64.i64.i9.i32.i32, i64 %zext_ln138_4, i9 %tmp_4, i32 23, i32 31" [firmware/nnet_utils/nnet_activation.h:138->firmware/nnet_utils/nnet_activation.h:153]   --->   Operation 75 'partset' 'pi_assign' <Predicate = (!icmp_ln138)> <Delay = 0.00>
ST_2 : Operation 76 [1/1] (0.00ns) (grouped into LUT with out node x_10)   --->   "%LD = trunc i64 %pi_assign" [firmware/nnet_utils/nnet_activation.h:138->firmware/nnet_utils/nnet_activation.h:153]   --->   Operation 76 'trunc' 'LD' <Predicate = (!icmp_ln138)> <Delay = 0.00>
ST_2 : Operation 77 [1/1] (0.00ns) (grouped into LUT with out node x_10)   --->   "%xor_ln157 = xor i32 %LD, i32 2147483648" [firmware/nnet_utils/nnet_activation.h:157]   --->   Operation 77 'xor' 'xor_ln157' <Predicate = (!icmp_ln138)> <Delay = 0.00> <CoreInst = "LogicGate">   --->   Core 74 'LogicGate' <Latency = 0> <II = 1> <Delay = 0.35> <FuncUnit> <Opcode : 'and' 'or' 'xor'> <InPorts = 2> <OutPorts = 1>
ST_2 : Operation 78 [1/1] (0.00ns) (grouped into LUT with out node x_10)   --->   "%bitcast_ln157 = bitcast i32 %xor_ln157" [firmware/nnet_utils/nnet_activation.h:157]   --->   Operation 78 'bitcast' 'bitcast_ln157' <Predicate = (!icmp_ln138)> <Delay = 0.00>
ST_2 : Operation 79 [1/1] (0.44ns) (out node of the LUT)   --->   "%x_10 = select i1 %icmp_ln138, i32 -0, i32 %bitcast_ln157" [firmware/nnet_utils/nnet_activation.h:157]   --->   Operation 79 'select' 'x_10' <Predicate = true> <Delay = 0.44> <CoreInst = "Sel">   --->   Core 73 'Sel' <Latency = 0> <II = 1> <Delay = 0.44> <FuncUnit> <Opcode : 'select'> <InPorts = 3> <OutPorts = 1>

State 3 <SV = 2> <Delay = 3.64>
ST_3 : Operation 80 [13/13] (3.64ns)   --->   "%tmp_5 = fexp i32 @llvm.exp.f32, i32 %x_10" [/tools/Xilinx/Vitis_HLS/2023.2/tps/lnx64/gcc-8.3.0/lib/gcc/x86_64-pc-linux-gnu/8.3.0/../../../../include/c++/8.3.0/cmath:223->firmware/nnet_utils/nnet_activation.h:131->firmware/nnet_utils/nnet_activation.h:159]   --->   Operation 80 'fexp' 'tmp_5' <Predicate = true> <Delay = 3.64> <CoreInst = "FExp_fulldsp">   --->   Core 23 'FExp_fulldsp' <Latency = 12> <II = 1> <Delay = 3.64> <FuncUnit> <Opcode : 'fexp'> <InPorts = 1> <OutPorts = 1>

State 4 <SV = 3> <Delay = 3.64>
ST_4 : Operation 81 [12/13] (3.64ns)   --->   "%tmp_5 = fexp i32 @llvm.exp.f32, i32 %x_10" [/tools/Xilinx/Vitis_HLS/2023.2/tps/lnx64/gcc-8.3.0/lib/gcc/x86_64-pc-linux-gnu/8.3.0/../../../../include/c++/8.3.0/cmath:223->firmware/nnet_utils/nnet_activation.h:131->firmware/nnet_utils/nnet_activation.h:159]   --->   Operation 81 'fexp' 'tmp_5' <Predicate = true> <Delay = 3.64> <CoreInst = "FExp_fulldsp">   --->   Core 23 'FExp_fulldsp' <Latency = 12> <II = 1> <Delay = 3.64> <FuncUnit> <Opcode : 'fexp'> <InPorts = 1> <OutPorts = 1>

State 5 <SV = 4> <Delay = 3.64>
ST_5 : Operation 82 [11/13] (3.64ns)   --->   "%tmp_5 = fexp i32 @llvm.exp.f32, i32 %x_10" [/tools/Xilinx/Vitis_HLS/2023.2/tps/lnx64/gcc-8.3.0/lib/gcc/x86_64-pc-linux-gnu/8.3.0/../../../../include/c++/8.3.0/cmath:223->firmware/nnet_utils/nnet_activation.h:131->firmware/nnet_utils/nnet_activation.h:159]   --->   Operation 82 'fexp' 'tmp_5' <Predicate = true> <Delay = 3.64> <CoreInst = "FExp_fulldsp">   --->   Core 23 'FExp_fulldsp' <Latency = 12> <II = 1> <Delay = 3.64> <FuncUnit> <Opcode : 'fexp'> <InPorts = 1> <OutPorts = 1>

State 6 <SV = 5> <Delay = 3.64>
ST_6 : Operation 83 [10/13] (3.64ns)   --->   "%tmp_5 = fexp i32 @llvm.exp.f32, i32 %x_10" [/tools/Xilinx/Vitis_HLS/2023.2/tps/lnx64/gcc-8.3.0/lib/gcc/x86_64-pc-linux-gnu/8.3.0/../../../../include/c++/8.3.0/cmath:223->firmware/nnet_utils/nnet_activation.h:131->firmware/nnet_utils/nnet_activation.h:159]   --->   Operation 83 'fexp' 'tmp_5' <Predicate = true> <Delay = 3.64> <CoreInst = "FExp_fulldsp">   --->   Core 23 'FExp_fulldsp' <Latency = 12> <II = 1> <Delay = 3.64> <FuncUnit> <Opcode : 'fexp'> <InPorts = 1> <OutPorts = 1>

State 7 <SV = 6> <Delay = 3.64>
ST_7 : Operation 84 [9/13] (3.64ns)   --->   "%tmp_5 = fexp i32 @llvm.exp.f32, i32 %x_10" [/tools/Xilinx/Vitis_HLS/2023.2/tps/lnx64/gcc-8.3.0/lib/gcc/x86_64-pc-linux-gnu/8.3.0/../../../../include/c++/8.3.0/cmath:223->firmware/nnet_utils/nnet_activation.h:131->firmware/nnet_utils/nnet_activation.h:159]   --->   Operation 84 'fexp' 'tmp_5' <Predicate = true> <Delay = 3.64> <CoreInst = "FExp_fulldsp">   --->   Core 23 'FExp_fulldsp' <Latency = 12> <II = 1> <Delay = 3.64> <FuncUnit> <Opcode : 'fexp'> <InPorts = 1> <OutPorts = 1>

State 8 <SV = 7> <Delay = 3.64>
ST_8 : Operation 85 [8/13] (3.64ns)   --->   "%tmp_5 = fexp i32 @llvm.exp.f32, i32 %x_10" [/tools/Xilinx/Vitis_HLS/2023.2/tps/lnx64/gcc-8.3.0/lib/gcc/x86_64-pc-linux-gnu/8.3.0/../../../../include/c++/8.3.0/cmath:223->firmware/nnet_utils/nnet_activation.h:131->firmware/nnet_utils/nnet_activation.h:159]   --->   Operation 85 'fexp' 'tmp_5' <Predicate = true> <Delay = 3.64> <CoreInst = "FExp_fulldsp">   --->   Core 23 'FExp_fulldsp' <Latency = 12> <II = 1> <Delay = 3.64> <FuncUnit> <Opcode : 'fexp'> <InPorts = 1> <OutPorts = 1>

State 9 <SV = 8> <Delay = 3.64>
ST_9 : Operation 86 [7/13] (3.64ns)   --->   "%tmp_5 = fexp i32 @llvm.exp.f32, i32 %x_10" [/tools/Xilinx/Vitis_HLS/2023.2/tps/lnx64/gcc-8.3.0/lib/gcc/x86_64-pc-linux-gnu/8.3.0/../../../../include/c++/8.3.0/cmath:223->firmware/nnet_utils/nnet_activation.h:131->firmware/nnet_utils/nnet_activation.h:159]   --->   Operation 86 'fexp' 'tmp_5' <Predicate = true> <Delay = 3.64> <CoreInst = "FExp_fulldsp">   --->   Core 23 'FExp_fulldsp' <Latency = 12> <II = 1> <Delay = 3.64> <FuncUnit> <Opcode : 'fexp'> <InPorts = 1> <OutPorts = 1>

State 10 <SV = 9> <Delay = 3.64>
ST_10 : Operation 87 [6/13] (3.64ns)   --->   "%tmp_5 = fexp i32 @llvm.exp.f32, i32 %x_10" [/tools/Xilinx/Vitis_HLS/2023.2/tps/lnx64/gcc-8.3.0/lib/gcc/x86_64-pc-linux-gnu/8.3.0/../../../../include/c++/8.3.0/cmath:223->firmware/nnet_utils/nnet_activation.h:131->firmware/nnet_utils/nnet_activation.h:159]   --->   Operation 87 'fexp' 'tmp_5' <Predicate = true> <Delay = 3.64> <CoreInst = "FExp_fulldsp">   --->   Core 23 'FExp_fulldsp' <Latency = 12> <II = 1> <Delay = 3.64> <FuncUnit> <Opcode : 'fexp'> <InPorts = 1> <OutPorts = 1>

State 11 <SV = 10> <Delay = 3.64>
ST_11 : Operation 88 [5/13] (3.64ns)   --->   "%tmp_5 = fexp i32 @llvm.exp.f32, i32 %x_10" [/tools/Xilinx/Vitis_HLS/2023.2/tps/lnx64/gcc-8.3.0/lib/gcc/x86_64-pc-linux-gnu/8.3.0/../../../../include/c++/8.3.0/cmath:223->firmware/nnet_utils/nnet_activation.h:131->firmware/nnet_utils/nnet_activation.h:159]   --->   Operation 88 'fexp' 'tmp_5' <Predicate = true> <Delay = 3.64> <CoreInst = "FExp_fulldsp">   --->   Core 23 'FExp_fulldsp' <Latency = 12> <II = 1> <Delay = 3.64> <FuncUnit> <Opcode : 'fexp'> <InPorts = 1> <OutPorts = 1>

State 12 <SV = 11> <Delay = 3.64>
ST_12 : Operation 89 [4/13] (3.64ns)   --->   "%tmp_5 = fexp i32 @llvm.exp.f32, i32 %x_10" [/tools/Xilinx/Vitis_HLS/2023.2/tps/lnx64/gcc-8.3.0/lib/gcc/x86_64-pc-linux-gnu/8.3.0/../../../../include/c++/8.3.0/cmath:223->firmware/nnet_utils/nnet_activation.h:131->firmware/nnet_utils/nnet_activation.h:159]   --->   Operation 89 'fexp' 'tmp_5' <Predicate = true> <Delay = 3.64> <CoreInst = "FExp_fulldsp">   --->   Core 23 'FExp_fulldsp' <Latency = 12> <II = 1> <Delay = 3.64> <FuncUnit> <Opcode : 'fexp'> <InPorts = 1> <OutPorts = 1>

State 13 <SV = 12> <Delay = 3.64>
ST_13 : Operation 90 [3/13] (3.64ns)   --->   "%tmp_5 = fexp i32 @llvm.exp.f32, i32 %x_10" [/tools/Xilinx/Vitis_HLS/2023.2/tps/lnx64/gcc-8.3.0/lib/gcc/x86_64-pc-linux-gnu/8.3.0/../../../../include/c++/8.3.0/cmath:223->firmware/nnet_utils/nnet_activation.h:131->firmware/nnet_utils/nnet_activation.h:159]   --->   Operation 90 'fexp' 'tmp_5' <Predicate = true> <Delay = 3.64> <CoreInst = "FExp_fulldsp">   --->   Core 23 'FExp_fulldsp' <Latency = 12> <II = 1> <Delay = 3.64> <FuncUnit> <Opcode : 'fexp'> <InPorts = 1> <OutPorts = 1>

State 14 <SV = 13> <Delay = 3.64>
ST_14 : Operation 91 [2/13] (3.64ns)   --->   "%tmp_5 = fexp i32 @llvm.exp.f32, i32 %x_10" [/tools/Xilinx/Vitis_HLS/2023.2/tps/lnx64/gcc-8.3.0/lib/gcc/x86_64-pc-linux-gnu/8.3.0/../../../../include/c++/8.3.0/cmath:223->firmware/nnet_utils/nnet_activation.h:131->firmware/nnet_utils/nnet_activation.h:159]   --->   Operation 91 'fexp' 'tmp_5' <Predicate = true> <Delay = 3.64> <CoreInst = "FExp_fulldsp">   --->   Core 23 'FExp_fulldsp' <Latency = 12> <II = 1> <Delay = 3.64> <FuncUnit> <Opcode : 'fexp'> <InPorts = 1> <OutPorts = 1>

State 15 <SV = 14> <Delay = 3.64>
ST_15 : Operation 92 [1/13] (3.64ns)   --->   "%tmp_5 = fexp i32 @llvm.exp.f32, i32 %x_10" [/tools/Xilinx/Vitis_HLS/2023.2/tps/lnx64/gcc-8.3.0/lib/gcc/x86_64-pc-linux-gnu/8.3.0/../../../../include/c++/8.3.0/cmath:223->firmware/nnet_utils/nnet_activation.h:131->firmware/nnet_utils/nnet_activation.h:159]   --->   Operation 92 'fexp' 'tmp_5' <Predicate = true> <Delay = 3.64> <CoreInst = "FExp_fulldsp">   --->   Core 23 'FExp_fulldsp' <Latency = 12> <II = 1> <Delay = 3.64> <FuncUnit> <Opcode : 'fexp'> <InPorts = 1> <OutPorts = 1>

State 16 <SV = 15> <Delay = 2.30>
ST_16 : Operation 93 [2/2] (2.30ns)   --->   "%pf = fpext i32 %tmp_5" [firmware/nnet_utils/nnet_activation.h:159]   --->   Operation 93 'fpext' 'pf' <Predicate = true> <Delay = 2.30> <CoreInst = "Float2Double">   --->   Core 64 'Float2Double' <Latency = 1> <II = 1> <Delay = 2.30> <FuncUnit> <Opcode : 'fpext'> <InPorts = 1> <OutPorts = 1>

State 17 <SV = 16> <Delay = 3.39>
ST_17 : Operation 94 [1/2] (2.30ns)   --->   "%pf = fpext i32 %tmp_5" [firmware/nnet_utils/nnet_activation.h:159]   --->   Operation 94 'fpext' 'pf' <Predicate = true> <Delay = 2.30> <CoreInst = "Float2Double">   --->   Core 64 'Float2Double' <Latency = 1> <II = 1> <Delay = 2.30> <FuncUnit> <Opcode : 'fpext'> <InPorts = 1> <OutPorts = 1>
ST_17 : Operation 95 [1/1] (0.00ns)   --->   "%bitcast_ln724 = bitcast i64 %pf" [firmware/nnet_utils/nnet_activation.h:159]   --->   Operation 95 'bitcast' 'bitcast_ln724' <Predicate = true> <Delay = 0.00>
ST_17 : Operation 96 [1/1] (0.00ns)   --->   "%trunc_ln159 = trunc i64 %bitcast_ln724" [firmware/nnet_utils/nnet_activation.h:159]   --->   Operation 96 'trunc' 'trunc_ln159' <Predicate = true> <Delay = 0.00>
ST_17 : Operation 97 [1/1] (0.00ns)   --->   "%tmp_7 = bitselect i1 @_ssdm_op_BitSelect.i1.i64.i32, i64 %bitcast_ln724, i32 63" [firmware/nnet_utils/nnet_activation.h:159]   --->   Operation 97 'bitselect' 'tmp_7' <Predicate = true> <Delay = 0.00>
ST_17 : Operation 98 [1/1] (0.00ns)   --->   "%tmp_8 = partselect i11 @_ssdm_op_PartSelect.i11.i64.i32.i32, i64 %bitcast_ln724, i32 52, i32 62" [firmware/nnet_utils/nnet_activation.h:159]   --->   Operation 98 'partselect' 'tmp_8' <Predicate = true> <Delay = 0.00>
ST_17 : Operation 99 [1/1] (0.00ns)   --->   "%trunc_ln159_1 = trunc i64 %bitcast_ln724" [firmware/nnet_utils/nnet_activation.h:159]   --->   Operation 99 'trunc' 'trunc_ln159_1' <Predicate = true> <Delay = 0.00>
ST_17 : Operation 100 [1/1] (1.08ns)   --->   "%icmp_ln159 = icmp_eq  i63 %trunc_ln159, i63 0" [firmware/nnet_utils/nnet_activation.h:159]   --->   Operation 100 'icmp' 'icmp_ln159' <Predicate = true> <Delay = 1.08> <CoreInst = "Cmp">   --->   Core 9 'Cmp' <Latency = 0> <II = 1> <Delay = 1.08> <FuncUnit> <Opcode : 'icmp'> <InPorts = 2> <OutPorts = 1>

State 18 <SV = 17> <Delay = 3.19>
ST_18 : Operation 101 [1/1] (0.00ns)   --->   "%zext_ln159 = zext i11 %tmp_8" [firmware/nnet_utils/nnet_activation.h:159]   --->   Operation 101 'zext' 'zext_ln159' <Predicate = true> <Delay = 0.00>
ST_18 : Operation 102 [1/1] (0.00ns)   --->   "%zext_ln159_1_cast = bitconcatenate i53 @_ssdm_op_BitConcatenate.i53.i1.i52, i1 1, i52 %trunc_ln159_1" [firmware/nnet_utils/nnet_activation.h:159]   --->   Operation 102 'bitconcatenate' 'zext_ln159_1_cast' <Predicate = true> <Delay = 0.00>
ST_18 : Operation 103 [1/1] (0.00ns)   --->   "%zext_ln159_1 = zext i53 %zext_ln159_1_cast" [firmware/nnet_utils/nnet_activation.h:159]   --->   Operation 103 'zext' 'zext_ln159_1' <Predicate = true> <Delay = 0.00>
ST_18 : Operation 104 [1/1] (1.10ns)   --->   "%sub_ln159 = sub i54 0, i54 %zext_ln159_1" [firmware/nnet_utils/nnet_activation.h:159]   --->   Operation 104 'sub' 'sub_ln159' <Predicate = (tmp_7)> <Delay = 1.10> <CoreInst = "Adder">   --->   Core 1 'Adder' <Latency = 0> <II = 1> <Delay = 1.10> <FuncUnit> <Opcode : 'add' 'sub'> <InPorts = 2> <OutPorts = 1>
ST_18 : Operation 105 [1/1] (0.40ns)   --->   "%select_ln159 = select i1 %tmp_7, i54 %sub_ln159, i54 %zext_ln159_1" [firmware/nnet_utils/nnet_activation.h:159]   --->   Operation 105 'select' 'select_ln159' <Predicate = true> <Delay = 0.40> <CoreInst = "Sel">   --->   Core 73 'Sel' <Latency = 0> <II = 1> <Delay = 0.40> <FuncUnit> <Opcode : 'select'> <InPorts = 3> <OutPorts = 1>
ST_18 : Operation 106 [1/1] (0.80ns)   --->   "%sub_ln159_1 = sub i12 1075, i12 %zext_ln159" [firmware/nnet_utils/nnet_activation.h:159]   --->   Operation 106 'sub' 'sub_ln159_1' <Predicate = true> <Delay = 0.80> <CoreInst = "Adder">   --->   Core 1 'Adder' <Latency = 0> <II = 1> <Delay = 0.80> <FuncUnit> <Opcode : 'add' 'sub'> <InPorts = 2> <OutPorts = 1>
ST_18 : Operation 107 [1/1] (0.00ns)   --->   "%trunc_ln159_2 = trunc i12 %sub_ln159_1" [firmware/nnet_utils/nnet_activation.h:159]   --->   Operation 107 'trunc' 'trunc_ln159_2' <Predicate = true> <Delay = 0.00>
ST_18 : Operation 108 [1/1] (0.80ns)   --->   "%icmp_ln159_1 = icmp_sgt  i12 %sub_ln159_1, i12 10" [firmware/nnet_utils/nnet_activation.h:159]   --->   Operation 108 'icmp' 'icmp_ln159_1' <Predicate = true> <Delay = 0.80> <CoreInst = "Cmp">   --->   Core 9 'Cmp' <Latency = 0> <II = 1> <Delay = 0.80> <FuncUnit> <Opcode : 'icmp'> <InPorts = 2> <OutPorts = 1>
ST_18 : Operation 109 [1/1] (0.80ns)   --->   "%add_ln159 = add i12 %sub_ln159_1, i12 4086" [firmware/nnet_utils/nnet_activation.h:159]   --->   Operation 109 'add' 'add_ln159' <Predicate = true> <Delay = 0.80> <CoreInst = "Adder">   --->   Core 1 'Adder' <Latency = 0> <II = 1> <Delay = 0.80> <FuncUnit> <Opcode : 'add' 'sub'> <InPorts = 2> <OutPorts = 1>
ST_18 : Operation 110 [1/1] (0.00ns)   --->   "%trunc_ln159_3 = trunc i12 %add_ln159" [firmware/nnet_utils/nnet_activation.h:159]   --->   Operation 110 'trunc' 'trunc_ln159_3' <Predicate = true> <Delay = 0.00>
ST_18 : Operation 111 [1/1] (0.79ns)   --->   "%sub_ln159_2 = sub i11 10, i11 %trunc_ln159_2" [firmware/nnet_utils/nnet_activation.h:159]   --->   Operation 111 'sub' 'sub_ln159_2' <Predicate = true> <Delay = 0.79> <CoreInst = "Adder">   --->   Core 1 'Adder' <Latency = 0> <II = 1> <Delay = 0.79> <FuncUnit> <Opcode : 'add' 'sub'> <InPorts = 2> <OutPorts = 1>
ST_18 : Operation 112 [1/1] (0.38ns)   --->   "%select_ln159_1 = select i1 %icmp_ln159_1, i11 %trunc_ln159_3, i11 %sub_ln159_2" [firmware/nnet_utils/nnet_activation.h:159]   --->   Operation 112 'select' 'select_ln159_1' <Predicate = true> <Delay = 0.38> <CoreInst = "Sel">   --->   Core 73 'Sel' <Latency = 0> <II = 1> <Delay = 0.38> <FuncUnit> <Opcode : 'select'> <InPorts = 3> <OutPorts = 1>
ST_18 : Operation 113 [1/1] (0.80ns)   --->   "%icmp_ln159_2 = icmp_eq  i12 %sub_ln159_1, i12 10" [firmware/nnet_utils/nnet_activation.h:159]   --->   Operation 113 'icmp' 'icmp_ln159_2' <Predicate = true> <Delay = 0.80> <CoreInst = "Cmp">   --->   Core 9 'Cmp' <Latency = 0> <II = 1> <Delay = 0.80> <FuncUnit> <Opcode : 'icmp'> <InPorts = 2> <OutPorts = 1>
ST_18 : Operation 114 [1/1] (0.00ns)   --->   "%trunc_ln159_4 = trunc i54 %select_ln159" [firmware/nnet_utils/nnet_activation.h:159]   --->   Operation 114 'trunc' 'trunc_ln159_4' <Predicate = true> <Delay = 0.00>
ST_18 : Operation 115 [1/1] (0.80ns)   --->   "%icmp_ln159_4 = icmp_sgt  i12 %add_ln159, i12 54" [firmware/nnet_utils/nnet_activation.h:159]   --->   Operation 115 'icmp' 'icmp_ln159_4' <Predicate = true> <Delay = 0.80> <CoreInst = "Cmp">   --->   Core 9 'Cmp' <Latency = 0> <II = 1> <Delay = 0.80> <FuncUnit> <Opcode : 'icmp'> <InPorts = 2> <OutPorts = 1>
ST_18 : Operation 116 [1/1] (0.79ns)   --->   "%add_ln159_1 = add i11 %trunc_ln159_2, i11 2037" [firmware/nnet_utils/nnet_activation.h:159]   --->   Operation 116 'add' 'add_ln159_1' <Predicate = true> <Delay = 0.79> <CoreInst = "Adder">   --->   Core 1 'Adder' <Latency = 0> <II = 1> <Delay = 0.79> <FuncUnit> <Opcode : 'add' 'sub'> <InPorts = 2> <OutPorts = 1>
ST_18 : Operation 117 [1/1] (0.00ns)   --->   "%zext_ln159_5 = zext i11 %add_ln159_1" [firmware/nnet_utils/nnet_activation.h:159]   --->   Operation 117 'zext' 'zext_ln159_5' <Predicate = true> <Delay = 0.00>
ST_18 : Operation 118 [1/1] (0.00ns)   --->   "%bit_select59_i = bitselect i1 @_ssdm_op_BitSelect.i1.i54.i32, i54 %select_ln159, i32 %zext_ln159_5" [firmware/nnet_utils/nnet_activation.h:159]   --->   Operation 118 'bitselect' 'bit_select59_i' <Predicate = true> <Delay = 0.00>
ST_18 : Operation 119 [1/1] (0.80ns)   --->   "%icmp_ln159_6 = icmp_slt  i12 %sub_ln159_1, i12 10" [firmware/nnet_utils/nnet_activation.h:159]   --->   Operation 119 'icmp' 'icmp_ln159_6' <Predicate = true> <Delay = 0.80> <CoreInst = "Cmp">   --->   Core 9 'Cmp' <Latency = 0> <II = 1> <Delay = 0.80> <FuncUnit> <Opcode : 'icmp'> <InPorts = 2> <OutPorts = 1>
ST_18 : Operation 120 [1/1] (0.00ns)   --->   "%or_ln159_3 = bitconcatenate i11 @_ssdm_op_BitConcatenate.i11.i10.i1, i10 513, i1 %icmp_ln159_1" [firmware/nnet_utils/nnet_activation.h:159]   --->   Operation 120 'bitconcatenate' 'or_ln159_3' <Predicate = true> <Delay = 0.00>
ST_18 : Operation 121 [1/1] (0.00ns)   --->   "%sext_ln159_1 = sext i11 %or_ln159_3" [firmware/nnet_utils/nnet_activation.h:159]   --->   Operation 121 'sext' 'sext_ln159_1' <Predicate = true> <Delay = 0.00>
ST_18 : Operation 122 [1/1] (0.79ns)   --->   "%add_ln159_3 = add i12 %sext_ln159_1, i12 %zext_ln159" [firmware/nnet_utils/nnet_activation.h:159]   --->   Operation 122 'add' 'add_ln159_3' <Predicate = true> <Delay = 0.79> <CoreInst = "Adder">   --->   Core 1 'Adder' <Latency = 0> <II = 1> <Delay = 0.79> <FuncUnit> <Opcode : 'add' 'sub'> <InPorts = 2> <OutPorts = 1>
ST_18 : Operation 123 [1/1] (0.00ns)   --->   "%tmp_12 = partselect i9 @_ssdm_op_PartSelect.i9.i12.i32.i32, i12 %add_ln159_3, i32 3, i32 11" [firmware/nnet_utils/nnet_activation.h:159]   --->   Operation 123 'partselect' 'tmp_12' <Predicate = true> <Delay = 0.00>
ST_18 : Operation 124 [1/1] (0.77ns)   --->   "%icmp_ln159_7 = icmp_sgt  i9 %tmp_12, i9 0" [firmware/nnet_utils/nnet_activation.h:159]   --->   Operation 124 'icmp' 'icmp_ln159_7' <Predicate = true> <Delay = 0.77> <CoreInst = "Cmp">   --->   Core 9 'Cmp' <Latency = 0> <II = 1> <Delay = 0.77> <FuncUnit> <Opcode : 'icmp'> <InPorts = 2> <OutPorts = 1>
ST_18 : Operation 125 [1/1] (0.80ns)   --->   "%add_ln159_4 = add i12 %sub_ln159_1, i12 8" [firmware/nnet_utils/nnet_activation.h:159]   --->   Operation 125 'add' 'add_ln159_4' <Predicate = true> <Delay = 0.80> <CoreInst = "Adder">   --->   Core 1 'Adder' <Latency = 0> <II = 1> <Delay = 0.80> <FuncUnit> <Opcode : 'add' 'sub'> <InPorts = 2> <OutPorts = 1>
ST_18 : Operation 126 [1/1] (0.00ns)   --->   "%sext_ln159_2 = sext i12 %add_ln159_4" [firmware/nnet_utils/nnet_activation.h:159]   --->   Operation 126 'sext' 'sext_ln159_2' <Predicate = true> <Delay = 0.00>
ST_18 : Operation 127 [1/1] (0.80ns)   --->   "%add_ln159_5 = add i12 %sub_ln159_1, i12 9" [firmware/nnet_utils/nnet_activation.h:159]   --->   Operation 127 'add' 'add_ln159_5' <Predicate = true> <Delay = 0.80> <CoreInst = "Adder">   --->   Core 1 'Adder' <Latency = 0> <II = 1> <Delay = 0.80> <FuncUnit> <Opcode : 'add' 'sub'> <InPorts = 2> <OutPorts = 1>
ST_18 : Operation 128 [1/1] (0.80ns)   --->   "%icmp_ln159_8 = icmp_slt  i12 %add_ln159_4, i12 54" [firmware/nnet_utils/nnet_activation.h:159]   --->   Operation 128 'icmp' 'icmp_ln159_8' <Predicate = true> <Delay = 0.80> <CoreInst = "Cmp">   --->   Core 9 'Cmp' <Latency = 0> <II = 1> <Delay = 0.80> <FuncUnit> <Opcode : 'icmp'> <InPorts = 2> <OutPorts = 1>
ST_18 : Operation 129 [1/1] (0.00ns)   --->   "%tmp_14 = bitselect i1 @_ssdm_op_BitSelect.i1.i12.i32, i12 %add_ln159_4, i32 11" [firmware/nnet_utils/nnet_activation.h:159]   --->   Operation 129 'bitselect' 'tmp_14' <Predicate = true> <Delay = 0.00>
ST_18 : Operation 130 [1/1] (0.80ns)   --->   "%icmp_ln159_9 = icmp_ult  i12 %add_ln159_4, i12 54" [firmware/nnet_utils/nnet_activation.h:159]   --->   Operation 130 'icmp' 'icmp_ln159_9' <Predicate = true> <Delay = 0.80> <CoreInst = "Cmp">   --->   Core 9 'Cmp' <Latency = 0> <II = 1> <Delay = 0.80> <FuncUnit> <Opcode : 'icmp'> <InPorts = 2> <OutPorts = 1>
ST_18 : Operation 131 [1/1] (0.00ns)   --->   "%tobool_i = bitselect i1 @_ssdm_op_BitSelect.i1.i54.i32, i54 %select_ln159, i32 %sext_ln159_2" [firmware/nnet_utils/nnet_activation.h:159]   --->   Operation 131 'bitselect' 'tobool_i' <Predicate = true> <Delay = 0.00>
ST_18 : Operation 132 [1/1] (0.28ns)   --->   "%and_ln159_12 = and i1 %icmp_ln159_9, i1 %tobool_i" [firmware/nnet_utils/nnet_activation.h:159]   --->   Operation 132 'and' 'and_ln159_12' <Predicate = true> <Delay = 0.28> <CoreInst = "LogicGate">   --->   Core 74 'LogicGate' <Latency = 0> <II = 1> <Delay = 0.28> <FuncUnit> <Opcode : 'and' 'or' 'xor'> <InPorts = 2> <OutPorts = 1>
ST_18 : Operation 133 [1/1] (0.00ns)   --->   "%trunc_ln159_8 = trunc i12 %add_ln159_5" [firmware/nnet_utils/nnet_activation.h:159]   --->   Operation 133 'trunc' 'trunc_ln159_8' <Predicate = true> <Delay = 0.00>

State 19 <SV = 18> <Delay = 3.46>
ST_19 : Operation 134 [1/1] (0.79ns)   --->   "%icmp_ln159_3 = icmp_ult  i11 %select_ln159_1, i11 54" [firmware/nnet_utils/nnet_activation.h:159]   --->   Operation 134 'icmp' 'icmp_ln159_3' <Predicate = true> <Delay = 0.79> <CoreInst = "Cmp">   --->   Core 9 'Cmp' <Latency = 0> <II = 1> <Delay = 0.79> <FuncUnit> <Opcode : 'icmp'> <InPorts = 2> <OutPorts = 1>
ST_19 : Operation 135 [1/1] (0.00ns) (grouped into LUT with out node select_ln159_2)   --->   "%bitcast_ln724_1 = bitcast i32 %tmp_5" [firmware/nnet_utils/nnet_activation.h:159]   --->   Operation 135 'bitcast' 'bitcast_ln724_1' <Predicate = true> <Delay = 0.00>
ST_19 : Operation 136 [1/1] (0.00ns) (grouped into LUT with out node select_ln159_2)   --->   "%tmp_9 = bitselect i1 @_ssdm_op_BitSelect.i1.i32.i32, i32 %bitcast_ln724_1, i32 31" [firmware/nnet_utils/nnet_activation.h:159]   --->   Operation 136 'bitselect' 'tmp_9' <Predicate = true> <Delay = 0.00>
ST_19 : Operation 137 [1/1] (0.00ns) (grouped into LUT with out node select_ln159_2)   --->   "%select_ln159_16 = select i1 %tmp_9, i18 262143, i18 0" [firmware/nnet_utils/nnet_activation.h:159]   --->   Operation 137 'select' 'select_ln159_16' <Predicate = true> <Delay = 0.00> <CoreInst = "Sel">   --->   Core 73 'Sel' <Latency = 0> <II = 1> <Delay = 0.17> <FuncUnit> <Opcode : 'select'> <InPorts = 3> <OutPorts = 1>
ST_19 : Operation 138 [1/1] (0.00ns)   --->   "%zext_ln159_2 = zext i11 %select_ln159_1" [firmware/nnet_utils/nnet_activation.h:159]   --->   Operation 138 'zext' 'zext_ln159_2' <Predicate = true> <Delay = 0.00>
ST_19 : Operation 139 [1/1] (1.50ns)   --->   "%ashr_ln159 = ashr i54 %select_ln159, i54 %zext_ln159_2" [firmware/nnet_utils/nnet_activation.h:159]   --->   Operation 139 'ashr' 'ashr_ln159' <Predicate = true> <Delay = 1.50> <CoreInst = "Shifter">   --->   Core 75 'Shifter' <Latency = 0> <II = 1> <Delay = 1.50> <FuncUnit> <Opcode : 'shl' 'lshr' 'ashr'> <InPorts = 2> <OutPorts = 1>
ST_19 : Operation 140 [1/1] (0.00ns) (grouped into LUT with out node select_ln159_2)   --->   "%trunc_ln159_5 = trunc i54 %ashr_ln159" [firmware/nnet_utils/nnet_activation.h:159]   --->   Operation 140 'trunc' 'trunc_ln159_5' <Predicate = true> <Delay = 0.00>
ST_19 : Operation 141 [1/1] (0.36ns) (out node of the LUT)   --->   "%select_ln159_2 = select i1 %icmp_ln159_3, i18 %trunc_ln159_5, i18 %select_ln159_16" [firmware/nnet_utils/nnet_activation.h:159]   --->   Operation 141 'select' 'select_ln159_2' <Predicate = true> <Delay = 0.36> <CoreInst = "Sel">   --->   Core 73 'Sel' <Latency = 0> <II = 1> <Delay = 0.36> <FuncUnit> <Opcode : 'select'> <InPorts = 3> <OutPorts = 1>
ST_19 : Operation 142 [1/1] (0.79ns)   --->   "%icmp_ln159_5 = icmp_ult  i11 %select_ln159_1, i11 18" [firmware/nnet_utils/nnet_activation.h:159]   --->   Operation 142 'icmp' 'icmp_ln159_5' <Predicate = true> <Delay = 0.79> <CoreInst = "Cmp">   --->   Core 9 'Cmp' <Latency = 0> <II = 1> <Delay = 0.79> <FuncUnit> <Opcode : 'icmp'> <InPorts = 2> <OutPorts = 1>
ST_19 : Operation 143 [1/1] (0.00ns)   --->   "%select_ln159_1cast = zext i11 %select_ln159_1" [firmware/nnet_utils/nnet_activation.h:159]   --->   Operation 143 'zext' 'select_ln159_1cast' <Predicate = true> <Delay = 0.00>
ST_19 : Operation 144 [1/1] (1.21ns)   --->   "%shl_ln159 = shl i18 %trunc_ln159_4, i18 %select_ln159_1cast" [firmware/nnet_utils/nnet_activation.h:159]   --->   Operation 144 'shl' 'shl_ln159' <Predicate = true> <Delay = 1.21> <CoreInst = "Shifter">   --->   Core 75 'Shifter' <Latency = 0> <II = 1> <Delay = 1.21> <FuncUnit> <Opcode : 'shl' 'lshr' 'ashr'> <InPorts = 2> <OutPorts = 1>
ST_19 : Operation 145 [1/1] (0.00ns) (grouped into LUT with out node add_ln159_2)   --->   "%select_ln159_6 = select i1 %icmp_ln159_4, i1 %tmp_7, i1 %bit_select59_i" [firmware/nnet_utils/nnet_activation.h:159]   --->   Operation 145 'select' 'select_ln159_6' <Predicate = true> <Delay = 0.00> <CoreInst = "Sel">   --->   Core 73 'Sel' <Latency = 0> <II = 1> <Delay = 0.17> <FuncUnit> <Opcode : 'select'> <InPorts = 3> <OutPorts = 1>
ST_19 : Operation 146 [1/1] (0.00ns) (grouped into LUT with out node and_ln159_11)   --->   "%tmp_10 = bitselect i1 @_ssdm_op_BitSelect.i1.i18.i32, i18 %select_ln159_2, i32 17" [firmware/nnet_utils/nnet_activation.h:159]   --->   Operation 146 'bitselect' 'tmp_10' <Predicate = true> <Delay = 0.00>
ST_19 : Operation 147 [1/1] (0.00ns) (grouped into LUT with out node add_ln159_2)   --->   "%zext_ln159_3 = zext i1 %select_ln159_6" [firmware/nnet_utils/nnet_activation.h:159]   --->   Operation 147 'zext' 'zext_ln159_3' <Predicate = true> <Delay = 0.00>
ST_19 : Operation 148 [1/1] (0.87ns) (out node of the LUT)   --->   "%add_ln159_2 = add i18 %select_ln159_2, i18 %zext_ln159_3" [firmware/nnet_utils/nnet_activation.h:159]   --->   Operation 148 'add' 'add_ln159_2' <Predicate = true> <Delay = 0.87> <CoreInst = "Adder">   --->   Core 1 'Adder' <Latency = 0> <II = 1> <Delay = 0.87> <FuncUnit> <Opcode : 'add' 'sub'> <InPorts = 2> <OutPorts = 1>
ST_19 : Operation 149 [1/1] (0.00ns) (grouped into LUT with out node and_ln159_11)   --->   "%tmp_11 = bitselect i1 @_ssdm_op_BitSelect.i1.i18.i32, i18 %add_ln159_2, i32 17" [firmware/nnet_utils/nnet_activation.h:159]   --->   Operation 149 'bitselect' 'tmp_11' <Predicate = true> <Delay = 0.00>
ST_19 : Operation 150 [1/1] (0.00ns) (grouped into LUT with out node and_ln159_11)   --->   "%xor_ln159_8 = xor i1 %tmp_11, i1 1" [firmware/nnet_utils/nnet_activation.h:159]   --->   Operation 150 'xor' 'xor_ln159_8' <Predicate = true> <Delay = 0.00> <CoreInst = "LogicGate">   --->   Core 74 'LogicGate' <Latency = 0> <II = 1> <Delay = 0.28> <FuncUnit> <Opcode : 'and' 'or' 'xor'> <InPorts = 2> <OutPorts = 1>
ST_19 : Operation 151 [1/1] (0.00ns) (grouped into LUT with out node select_ln159_8)   --->   "%select_ln159_7 = select i1 %icmp_ln159_2, i18 %trunc_ln159_4, i18 0" [firmware/nnet_utils/nnet_activation.h:159]   --->   Operation 151 'select' 'select_ln159_7' <Predicate = true> <Delay = 0.00> <CoreInst = "Sel">   --->   Core 73 'Sel' <Latency = 0> <II = 1> <Delay = 0.36> <FuncUnit> <Opcode : 'select'> <InPorts = 3> <OutPorts = 1>
ST_19 : Operation 152 [1/1] (0.00ns) (grouped into LUT with out node and_ln159)   --->   "%xor_ln159_1 = xor i1 %icmp_ln159_2, i1 1" [firmware/nnet_utils/nnet_activation.h:159]   --->   Operation 152 'xor' 'xor_ln159_1' <Predicate = true> <Delay = 0.00> <CoreInst = "LogicGate">   --->   Core 74 'LogicGate' <Latency = 0> <II = 1> <Delay = 0.28> <FuncUnit> <Opcode : 'and' 'or' 'xor'> <InPorts = 2> <OutPorts = 1>
ST_19 : Operation 153 [1/1] (0.28ns) (out node of the LUT)   --->   "%and_ln159 = and i1 %icmp_ln159_1, i1 %xor_ln159_1" [firmware/nnet_utils/nnet_activation.h:159]   --->   Operation 153 'and' 'and_ln159' <Predicate = true> <Delay = 0.28> <CoreInst = "LogicGate">   --->   Core 74 'LogicGate' <Latency = 0> <II = 1> <Delay = 0.28> <FuncUnit> <Opcode : 'and' 'or' 'xor'> <InPorts = 2> <OutPorts = 1>
ST_19 : Operation 154 [1/1] (0.36ns) (out node of the LUT)   --->   "%select_ln159_8 = select i1 %and_ln159, i18 %add_ln159_2, i18 %select_ln159_7" [firmware/nnet_utils/nnet_activation.h:159]   --->   Operation 154 'select' 'select_ln159_8' <Predicate = true> <Delay = 0.36> <CoreInst = "Sel">   --->   Core 73 'Sel' <Latency = 0> <II = 1> <Delay = 0.36> <FuncUnit> <Opcode : 'select'> <InPorts = 3> <OutPorts = 1>
ST_19 : Operation 155 [1/1] (0.00ns) (grouped into LUT with out node and_ln159_11)   --->   "%and_ln159_10 = and i1 %tmp_10, i1 %xor_ln159_8" [firmware/nnet_utils/nnet_activation.h:159]   --->   Operation 155 'and' 'and_ln159_10' <Predicate = true> <Delay = 0.00> <CoreInst = "LogicGate">   --->   Core 74 'LogicGate' <Latency = 0> <II = 1> <Delay = 0.28> <FuncUnit> <Opcode : 'and' 'or' 'xor'> <InPorts = 2> <OutPorts = 1>
ST_19 : Operation 156 [1/1] (0.28ns) (out node of the LUT)   --->   "%and_ln159_11 = and i1 %and_ln159_10, i1 %and_ln159" [firmware/nnet_utils/nnet_activation.h:159]   --->   Operation 156 'and' 'and_ln159_11' <Predicate = true> <Delay = 0.28> <CoreInst = "LogicGate">   --->   Core 74 'LogicGate' <Latency = 0> <II = 1> <Delay = 0.28> <FuncUnit> <Opcode : 'and' 'or' 'xor'> <InPorts = 2> <OutPorts = 1>
ST_19 : Operation 157 [1/1] (0.28ns)   --->   "%xor_ln159_9 = xor i1 %tmp_14, i1 1" [firmware/nnet_utils/nnet_activation.h:159]   --->   Operation 157 'xor' 'xor_ln159_9' <Predicate = true> <Delay = 0.28> <CoreInst = "LogicGate">   --->   Core 74 'LogicGate' <Latency = 0> <II = 1> <Delay = 0.28> <FuncUnit> <Opcode : 'and' 'or' 'xor'> <InPorts = 2> <OutPorts = 1>
ST_19 : Operation 158 [1/1] (0.80ns)   --->   "%icmp_ln159_10 = icmp_slt  i12 %add_ln159_5, i12 54" [firmware/nnet_utils/nnet_activation.h:159]   --->   Operation 158 'icmp' 'icmp_ln159_10' <Predicate = true> <Delay = 0.80> <CoreInst = "Cmp">   --->   Core 9 'Cmp' <Latency = 0> <II = 1> <Delay = 0.80> <FuncUnit> <Opcode : 'icmp'> <InPorts = 2> <OutPorts = 1>
ST_19 : Operation 159 [1/1] (0.80ns)   --->   "%icmp_ln159_11 = icmp_ult  i12 %add_ln159_5, i12 54" [firmware/nnet_utils/nnet_activation.h:159]   --->   Operation 159 'icmp' 'icmp_ln159_11' <Predicate = true> <Delay = 0.80> <CoreInst = "Cmp">   --->   Core 9 'Cmp' <Latency = 0> <II = 1> <Delay = 0.80> <FuncUnit> <Opcode : 'icmp'> <InPorts = 2> <OutPorts = 1>
ST_19 : Operation 160 [1/1] (0.00ns)   --->   "%zext_ln159_6 = zext i6 %trunc_ln159_8" [firmware/nnet_utils/nnet_activation.h:159]   --->   Operation 160 'zext' 'zext_ln159_6' <Predicate = true> <Delay = 0.00>
ST_19 : Operation 161 [1/1] (1.50ns)   --->   "%lshr_ln159 = lshr i54 %select_ln159, i54 %zext_ln159_6" [firmware/nnet_utils/nnet_activation.h:159]   --->   Operation 161 'lshr' 'lshr_ln159' <Predicate = true> <Delay = 1.50> <CoreInst = "Shifter">   --->   Core 75 'Shifter' <Latency = 0> <II = 1> <Delay = 1.50> <FuncUnit> <Opcode : 'shl' 'lshr' 'ashr'> <InPorts = 2> <OutPorts = 1>
ST_19 : Operation 162 [1/1] (0.73ns)   --->   "%lshr_ln159_1 = lshr i54 18014398509481983, i54 %zext_ln159_6" [firmware/nnet_utils/nnet_activation.h:159]   --->   Operation 162 'lshr' 'lshr_ln159_1' <Predicate = true> <Delay = 0.73> <CoreInst = "Shifter">   --->   Core 75 'Shifter' <Latency = 0> <II = 1> <Delay = 0.73> <FuncUnit> <Opcode : 'shl' 'lshr' 'ashr'> <InPorts = 2> <OutPorts = 1>
ST_19 : Operation 163 [1/1] (1.09ns)   --->   "%icmp_ln159_12 = icmp_eq  i54 %lshr_ln159, i54 %lshr_ln159_1" [firmware/nnet_utils/nnet_activation.h:159]   --->   Operation 163 'icmp' 'icmp_ln159_12' <Predicate = true> <Delay = 1.09> <CoreInst = "Cmp">   --->   Core 9 'Cmp' <Latency = 0> <II = 1> <Delay = 1.09> <FuncUnit> <Opcode : 'icmp'> <InPorts = 2> <OutPorts = 1>
ST_19 : Operation 164 [1/1] (0.00ns) (grouped into LUT with out node select_ln159_10)   --->   "%tmp_15 = bitselect i1 @_ssdm_op_BitSelect.i1.i12.i32, i12 %add_ln159_5, i32 11" [firmware/nnet_utils/nnet_activation.h:159]   --->   Operation 164 'bitselect' 'tmp_15' <Predicate = true> <Delay = 0.00>
ST_19 : Operation 165 [1/1] (0.00ns) (grouped into LUT with out node select_ln159_10)   --->   "%xor_ln159_10 = xor i1 %tmp_15, i1 1" [firmware/nnet_utils/nnet_activation.h:159]   --->   Operation 165 'xor' 'xor_ln159_10' <Predicate = true> <Delay = 0.00> <CoreInst = "LogicGate">   --->   Core 74 'LogicGate' <Latency = 0> <II = 1> <Delay = 0.28> <FuncUnit> <Opcode : 'and' 'or' 'xor'> <InPorts = 2> <OutPorts = 1>
ST_19 : Operation 166 [1/1] (0.28ns) (out node of the LUT)   --->   "%select_ln159_10 = select i1 %icmp_ln159_11, i1 %icmp_ln159_12, i1 %xor_ln159_10" [firmware/nnet_utils/nnet_activation.h:159]   --->   Operation 166 'select' 'select_ln159_10' <Predicate = true> <Delay = 0.28> <CoreInst = "Sel">   --->   Core 73 'Sel' <Latency = 0> <II = 1> <Delay = 0.17> <FuncUnit> <Opcode : 'select'> <InPorts = 3> <OutPorts = 1>
ST_19 : Operation 167 [1/1] (0.28ns)   --->   "%and_ln159_1 = and i1 %icmp_ln159_10, i1 %xor_ln159_9" [firmware/nnet_utils/nnet_activation.h:159]   --->   Operation 167 'and' 'and_ln159_1' <Predicate = true> <Delay = 0.28> <CoreInst = "LogicGate">   --->   Core 74 'LogicGate' <Latency = 0> <II = 1> <Delay = 0.28> <FuncUnit> <Opcode : 'and' 'or' 'xor'> <InPorts = 2> <OutPorts = 1>
ST_19 : Operation 168 [1/1] (0.00ns) (grouped into LUT with out node select_ln159_11)   --->   "%and_ln159_2 = and i1 %select_ln159_10, i1 %and_ln159_12" [firmware/nnet_utils/nnet_activation.h:159]   --->   Operation 168 'and' 'and_ln159_2' <Predicate = true> <Delay = 0.00> <CoreInst = "LogicGate">   --->   Core 74 'LogicGate' <Latency = 0> <II = 1> <Delay = 0.28> <FuncUnit> <Opcode : 'and' 'or' 'xor'> <InPorts = 2> <OutPorts = 1>
ST_19 : Operation 169 [1/1] (0.28ns)   --->   "%xor_ln159 = xor i1 %and_ln159_12, i1 1" [firmware/nnet_utils/nnet_activation.h:159]   --->   Operation 169 'xor' 'xor_ln159' <Predicate = true> <Delay = 0.28> <CoreInst = "LogicGate">   --->   Core 74 'LogicGate' <Latency = 0> <II = 1> <Delay = 0.28> <FuncUnit> <Opcode : 'and' 'or' 'xor'> <InPorts = 2> <OutPorts = 1>
ST_19 : Operation 170 [1/1] (1.09ns)   --->   "%icmp_ln159_13 = icmp_eq  i54 %lshr_ln159, i54 0" [firmware/nnet_utils/nnet_activation.h:159]   --->   Operation 170 'icmp' 'icmp_ln159_13' <Predicate = true> <Delay = 1.09> <CoreInst = "Cmp">   --->   Core 9 'Cmp' <Latency = 0> <II = 1> <Delay = 1.09> <FuncUnit> <Opcode : 'icmp'> <InPorts = 2> <OutPorts = 1>
ST_19 : Operation 171 [1/1] (0.00ns) (grouped into LUT with out node select_ln159_12)   --->   "%and_ln159_3 = and i1 %icmp_ln159_13, i1 %xor_ln159" [firmware/nnet_utils/nnet_activation.h:159]   --->   Operation 171 'and' 'and_ln159_3' <Predicate = true> <Delay = 0.00> <CoreInst = "LogicGate">   --->   Core 74 'LogicGate' <Latency = 0> <II = 1> <Delay = 0.28> <FuncUnit> <Opcode : 'and' 'or' 'xor'> <InPorts = 2> <OutPorts = 1>
ST_19 : Operation 172 [1/1] (0.80ns)   --->   "%icmp_ln159_14 = icmp_eq  i12 %add_ln159_5, i12 54" [firmware/nnet_utils/nnet_activation.h:159]   --->   Operation 172 'icmp' 'icmp_ln159_14' <Predicate = true> <Delay = 0.80> <CoreInst = "Cmp">   --->   Core 9 'Cmp' <Latency = 0> <II = 1> <Delay = 0.80> <FuncUnit> <Opcode : 'icmp'> <InPorts = 2> <OutPorts = 1>
ST_19 : Operation 173 [1/1] (0.00ns) (grouped into LUT with out node select_ln159_11)   --->   "%select_ln159_4 = select i1 %icmp_ln159_14, i1 %and_ln159_12, i1 %xor_ln159_9" [firmware/nnet_utils/nnet_activation.h:159]   --->   Operation 173 'select' 'select_ln159_4' <Predicate = true> <Delay = 0.00> <CoreInst = "Sel">   --->   Core 73 'Sel' <Latency = 0> <II = 1> <Delay = 0.17> <FuncUnit> <Opcode : 'select'> <InPorts = 3> <OutPorts = 1>
ST_19 : Operation 174 [1/1] (0.00ns) (grouped into LUT with out node select_ln159_12)   --->   "%select_ln159_5 = select i1 %icmp_ln159_14, i1 %xor_ln159, i1 %xor_ln159_9" [firmware/nnet_utils/nnet_activation.h:159]   --->   Operation 174 'select' 'select_ln159_5' <Predicate = true> <Delay = 0.00> <CoreInst = "Sel">   --->   Core 73 'Sel' <Latency = 0> <II = 1> <Delay = 0.17> <FuncUnit> <Opcode : 'select'> <InPorts = 3> <OutPorts = 1>
ST_19 : Operation 175 [1/1] (0.28ns) (out node of the LUT)   --->   "%select_ln159_11 = select i1 %and_ln159_1, i1 %and_ln159_2, i1 %select_ln159_4" [firmware/nnet_utils/nnet_activation.h:159]   --->   Operation 175 'select' 'select_ln159_11' <Predicate = true> <Delay = 0.28> <CoreInst = "Sel">   --->   Core 73 'Sel' <Latency = 0> <II = 1> <Delay = 0.17> <FuncUnit> <Opcode : 'select'> <InPorts = 3> <OutPorts = 1>
ST_19 : Operation 176 [1/1] (0.28ns) (out node of the LUT)   --->   "%select_ln159_12 = select i1 %and_ln159_1, i1 %and_ln159_3, i1 %select_ln159_5" [firmware/nnet_utils/nnet_activation.h:159]   --->   Operation 176 'select' 'select_ln159_12' <Predicate = true> <Delay = 0.28> <CoreInst = "Sel">   --->   Core 73 'Sel' <Latency = 0> <II = 1> <Delay = 0.17> <FuncUnit> <Opcode : 'select'> <InPorts = 3> <OutPorts = 1>
ST_19 : Operation 177 [1/1] (0.00ns) (grouped into LUT with out node or_ln159_4)   --->   "%or_ln159 = or i1 %tmp_14, i1 %xor_ln159" [firmware/nnet_utils/nnet_activation.h:159]   --->   Operation 177 'or' 'or_ln159' <Predicate = true> <Delay = 0.00> <CoreInst = "LogicGate">   --->   Core 74 'LogicGate' <Latency = 0> <II = 1> <Delay = 0.28> <FuncUnit> <Opcode : 'and' 'or' 'xor'> <InPorts = 2> <OutPorts = 1>
ST_19 : Operation 178 [1/1] (0.00ns) (grouped into LUT with out node or_ln159_4)   --->   "%and_ln159_4 = and i1 %select_ln159_10, i1 %or_ln159" [firmware/nnet_utils/nnet_activation.h:159]   --->   Operation 178 'and' 'and_ln159_4' <Predicate = true> <Delay = 0.00> <CoreInst = "LogicGate">   --->   Core 74 'LogicGate' <Latency = 0> <II = 1> <Delay = 0.28> <FuncUnit> <Opcode : 'and' 'or' 'xor'> <InPorts = 2> <OutPorts = 1>
ST_19 : Operation 179 [1/1] (0.00ns) (grouped into LUT with out node or_ln159_4)   --->   "%select_ln159_13 = select i1 %and_ln159_11, i1 %and_ln159_4, i1 %select_ln159_11" [firmware/nnet_utils/nnet_activation.h:159]   --->   Operation 179 'select' 'select_ln159_13' <Predicate = true> <Delay = 0.00> <CoreInst = "Sel">   --->   Core 73 'Sel' <Latency = 0> <II = 1> <Delay = 0.17> <FuncUnit> <Opcode : 'select'> <InPorts = 3> <OutPorts = 1>
ST_19 : Operation 180 [1/1] (0.28ns)   --->   "%xor_ln159_3 = xor i1 %icmp_ln159_8, i1 1" [firmware/nnet_utils/nnet_activation.h:159]   --->   Operation 180 'xor' 'xor_ln159_3' <Predicate = true> <Delay = 0.28> <CoreInst = "LogicGate">   --->   Core 74 'LogicGate' <Latency = 0> <II = 1> <Delay = 0.28> <FuncUnit> <Opcode : 'and' 'or' 'xor'> <InPorts = 2> <OutPorts = 1>
ST_19 : Operation 181 [1/1] (0.28ns) (out node of the LUT)   --->   "%or_ln159_4 = or i1 %select_ln159_13, i1 %xor_ln159_3" [firmware/nnet_utils/nnet_activation.h:159]   --->   Operation 181 'or' 'or_ln159_4' <Predicate = true> <Delay = 0.28> <CoreInst = "LogicGate">   --->   Core 74 'LogicGate' <Latency = 0> <II = 1> <Delay = 0.28> <FuncUnit> <Opcode : 'and' 'or' 'xor'> <InPorts = 2> <OutPorts = 1>
ST_19 : Operation 215 [1/1] (0.00ns)   --->   "%ret_ln162 = ret" [firmware/nnet_utils/nnet_activation.h:162]   --->   Operation 215 'ret' 'ret_ln162' <Predicate = (icmp_ln151)> <Delay = 0.00>

State 20 <SV = 19> <Delay = 2.81>
ST_20 : Operation 182 [1/1] (0.00ns)   --->   "%zext_ln151 = zext i11 %i_15" [firmware/nnet_utils/nnet_activation.h:151]   --->   Operation 182 'zext' 'zext_ln151' <Predicate = true> <Delay = 0.00>
ST_20 : Operation 183 [1/1] (0.00ns)   --->   "%specpipeline_ln151 = specpipeline void @_ssdm_op_SpecPipeline, i32 4294967295, i32 0, i32 0, i32 0, void @empty_0" [firmware/nnet_utils/nnet_activation.h:151]   --->   Operation 183 'specpipeline' 'specpipeline_ln151' <Predicate = true> <Delay = 0.00>
ST_20 : Operation 184 [1/1] (0.00ns)   --->   "%speclooptripcount_ln151 = speclooptripcount void @_ssdm_op_SpecLoopTripCount, i64 1024, i64 1024, i64 1024" [firmware/nnet_utils/nnet_activation.h:151]   --->   Operation 184 'speclooptripcount' 'speclooptripcount_ln151' <Predicate = true> <Delay = 0.00>
ST_20 : Operation 185 [1/1] (0.00ns)   --->   "%specloopname_ln151 = specloopname void @_ssdm_op_SpecLoopName, void @empty_16" [firmware/nnet_utils/nnet_activation.h:151]   --->   Operation 185 'specloopname' 'specloopname_ln151' <Predicate = true> <Delay = 0.00>
ST_20 : Operation 186 [1/1] (0.00ns) (grouped into LUT with out node select_ln159_9)   --->   "%and_ln159_9 = and i1 %icmp_ln159_6, i1 %icmp_ln159_5" [firmware/nnet_utils/nnet_activation.h:159]   --->   Operation 186 'and' 'and_ln159_9' <Predicate = true> <Delay = 0.00> <CoreInst = "LogicGate">   --->   Core 74 'LogicGate' <Latency = 0> <II = 1> <Delay = 0.28> <FuncUnit> <Opcode : 'and' 'or' 'xor'> <InPorts = 2> <OutPorts = 1>
ST_20 : Operation 187 [1/1] (0.36ns) (out node of the LUT)   --->   "%select_ln159_9 = select i1 %and_ln159_9, i18 %shl_ln159, i18 %select_ln159_8" [firmware/nnet_utils/nnet_activation.h:159]   --->   Operation 187 'select' 'select_ln159_9' <Predicate = true> <Delay = 0.36> <CoreInst = "Sel">   --->   Core 73 'Sel' <Latency = 0> <II = 1> <Delay = 0.36> <FuncUnit> <Opcode : 'select'> <InPorts = 3> <OutPorts = 1>
ST_20 : Operation 188 [1/1] (0.00ns) (grouped into LUT with out node exp_x)   --->   "%trunc_ln159_7 = trunc i18 %select_ln159_9" [firmware/nnet_utils/nnet_activation.h:159]   --->   Operation 188 'trunc' 'trunc_ln159_7' <Predicate = (!icmp_ln159)> <Delay = 0.00>
ST_20 : Operation 189 [1/1] (0.00ns)   --->   "%tmp_13 = bitselect i1 @_ssdm_op_BitSelect.i1.i18.i32, i18 %select_ln159_9, i32 17" [firmware/nnet_utils/nnet_activation.h:159]   --->   Operation 189 'bitselect' 'tmp_13' <Predicate = true> <Delay = 0.00>
ST_20 : Operation 190 [1/1] (0.00ns) (grouped into LUT with out node and_ln159_6)   --->   "%select_ln159_3 = select i1 %and_ln159_11, i1 %select_ln159_11, i1 %select_ln159_12" [firmware/nnet_utils/nnet_activation.h:159]   --->   Operation 190 'select' 'select_ln159_3' <Predicate = true> <Delay = 0.00> <CoreInst = "Sel">   --->   Core 73 'Sel' <Latency = 0> <II = 1> <Delay = 0.17> <FuncUnit> <Opcode : 'select'> <InPorts = 3> <OutPorts = 1>
ST_20 : Operation 191 [1/1] (0.00ns) (grouped into LUT with out node and_ln159_8)   --->   "%and_ln159_5 = and i1 %and_ln159_11, i1 %select_ln159_11" [firmware/nnet_utils/nnet_activation.h:159]   --->   Operation 191 'and' 'and_ln159_5' <Predicate = true> <Delay = 0.00> <CoreInst = "LogicGate">   --->   Core 74 'LogicGate' <Latency = 0> <II = 1> <Delay = 0.28> <FuncUnit> <Opcode : 'and' 'or' 'xor'> <InPorts = 2> <OutPorts = 1>
ST_20 : Operation 192 [1/1] (0.00ns) (grouped into LUT with out node and_ln159_8)   --->   "%xor_ln159_2 = xor i1 %and_ln159_5, i1 1" [firmware/nnet_utils/nnet_activation.h:159]   --->   Operation 192 'xor' 'xor_ln159_2' <Predicate = true> <Delay = 0.00> <CoreInst = "LogicGate">   --->   Core 74 'LogicGate' <Latency = 0> <II = 1> <Delay = 0.28> <FuncUnit> <Opcode : 'and' 'or' 'xor'> <InPorts = 2> <OutPorts = 1>
ST_20 : Operation 193 [1/1] (0.00ns) (grouped into LUT with out node and_ln159_14)   --->   "%and_ln159_13 = and i1 %tmp_13, i1 %xor_ln159_3" [firmware/nnet_utils/nnet_activation.h:159]   --->   Operation 193 'and' 'and_ln159_13' <Predicate = true> <Delay = 0.00> <CoreInst = "LogicGate">   --->   Core 74 'LogicGate' <Latency = 0> <II = 1> <Delay = 0.28> <FuncUnit> <Opcode : 'and' 'or' 'xor'> <InPorts = 2> <OutPorts = 1>
ST_20 : Operation 194 [1/1] (0.28ns) (out node of the LUT)   --->   "%and_ln159_14 = and i1 %and_ln159_13, i1 %tmp_7" [firmware/nnet_utils/nnet_activation.h:159]   --->   Operation 194 'and' 'and_ln159_14' <Predicate = true> <Delay = 0.28> <CoreInst = "LogicGate">   --->   Core 74 'LogicGate' <Latency = 0> <II = 1> <Delay = 0.28> <FuncUnit> <Opcode : 'and' 'or' 'xor'> <InPorts = 2> <OutPorts = 1>
ST_20 : Operation 195 [1/1] (0.00ns) (grouped into LUT with out node and_ln159_8)   --->   "%and_ln159_15 = and i1 %icmp_ln159_8, i1 %tmp_7" [firmware/nnet_utils/nnet_activation.h:159]   --->   Operation 195 'and' 'and_ln159_15' <Predicate = true> <Delay = 0.00> <CoreInst = "LogicGate">   --->   Core 74 'LogicGate' <Latency = 0> <II = 1> <Delay = 0.28> <FuncUnit> <Opcode : 'and' 'or' 'xor'> <InPorts = 2> <OutPorts = 1>
ST_20 : Operation 196 [1/1] (0.00ns) (grouped into LUT with out node and_ln159_8)   --->   "%select_ln159_14 = select i1 %and_ln159_15, i1 %xor_ln159_2, i1 %and_ln159_14" [firmware/nnet_utils/nnet_activation.h:159]   --->   Operation 196 'select' 'select_ln159_14' <Predicate = true> <Delay = 0.00> <CoreInst = "Sel">   --->   Core 73 'Sel' <Latency = 0> <II = 1> <Delay = 0.17> <FuncUnit> <Opcode : 'select'> <InPorts = 3> <OutPorts = 1>
ST_20 : Operation 197 [1/1] (0.00ns) (grouped into LUT with out node and_ln159_6)   --->   "%xor_ln159_4 = xor i1 %select_ln159_3, i1 1" [firmware/nnet_utils/nnet_activation.h:159]   --->   Operation 197 'xor' 'xor_ln159_4' <Predicate = true> <Delay = 0.00> <CoreInst = "LogicGate">   --->   Core 74 'LogicGate' <Latency = 0> <II = 1> <Delay = 0.28> <FuncUnit> <Opcode : 'and' 'or' 'xor'> <InPorts = 2> <OutPorts = 1>
ST_20 : Operation 198 [1/1] (0.00ns) (grouped into LUT with out node and_ln159_6)   --->   "%and_ln159_16 = and i1 %icmp_ln159_8, i1 %xor_ln159_4" [firmware/nnet_utils/nnet_activation.h:159]   --->   Operation 198 'and' 'and_ln159_16' <Predicate = true> <Delay = 0.00> <CoreInst = "LogicGate">   --->   Core 74 'LogicGate' <Latency = 0> <II = 1> <Delay = 0.28> <FuncUnit> <Opcode : 'and' 'or' 'xor'> <InPorts = 2> <OutPorts = 1>
ST_20 : Operation 199 [1/1] (0.00ns) (grouped into LUT with out node and_ln159_6)   --->   "%or_ln159_1 = or i1 %tmp_13, i1 %and_ln159_16" [firmware/nnet_utils/nnet_activation.h:159]   --->   Operation 199 'or' 'or_ln159_1' <Predicate = true> <Delay = 0.00> <CoreInst = "LogicGate">   --->   Core 74 'LogicGate' <Latency = 0> <II = 1> <Delay = 0.28> <FuncUnit> <Opcode : 'and' 'or' 'xor'> <InPorts = 2> <OutPorts = 1>
ST_20 : Operation 200 [1/1] (0.00ns) (grouped into LUT with out node and_ln159_6)   --->   "%xor_ln159_5 = xor i1 %tmp_7, i1 1" [firmware/nnet_utils/nnet_activation.h:159]   --->   Operation 200 'xor' 'xor_ln159_5' <Predicate = true> <Delay = 0.00> <CoreInst = "LogicGate">   --->   Core 74 'LogicGate' <Latency = 0> <II = 1> <Delay = 0.28> <FuncUnit> <Opcode : 'and' 'or' 'xor'> <InPorts = 2> <OutPorts = 1>
ST_20 : Operation 201 [1/1] (0.28ns) (out node of the LUT)   --->   "%and_ln159_6 = and i1 %or_ln159_1, i1 %xor_ln159_5" [firmware/nnet_utils/nnet_activation.h:159]   --->   Operation 201 'and' 'and_ln159_6' <Predicate = true> <Delay = 0.28> <CoreInst = "LogicGate">   --->   Core 74 'LogicGate' <Latency = 0> <II = 1> <Delay = 0.28> <FuncUnit> <Opcode : 'and' 'or' 'xor'> <InPorts = 2> <OutPorts = 1>
ST_20 : Operation 202 [1/1] (0.00ns) (grouped into LUT with out node xor_ln159_6)   --->   "%and_ln159_7 = and i1 %tmp_13, i1 %or_ln159_4" [firmware/nnet_utils/nnet_activation.h:159]   --->   Operation 202 'and' 'and_ln159_7' <Predicate = true> <Delay = 0.00> <CoreInst = "LogicGate">   --->   Core 74 'LogicGate' <Latency = 0> <II = 1> <Delay = 0.28> <FuncUnit> <Opcode : 'and' 'or' 'xor'> <InPorts = 2> <OutPorts = 1>
ST_20 : Operation 203 [1/1] (0.28ns) (out node of the LUT)   --->   "%xor_ln159_6 = xor i1 %and_ln159_7, i1 1" [firmware/nnet_utils/nnet_activation.h:159]   --->   Operation 203 'xor' 'xor_ln159_6' <Predicate = true> <Delay = 0.28> <CoreInst = "LogicGate">   --->   Core 74 'LogicGate' <Latency = 0> <II = 1> <Delay = 0.28> <FuncUnit> <Opcode : 'and' 'or' 'xor'> <InPorts = 2> <OutPorts = 1>
ST_20 : Operation 204 [1/1] (0.28ns) (out node of the LUT)   --->   "%and_ln159_8 = and i1 %select_ln159_14, i1 %xor_ln159_6" [firmware/nnet_utils/nnet_activation.h:159]   --->   Operation 204 'and' 'and_ln159_8' <Predicate = true> <Delay = 0.28> <CoreInst = "LogicGate">   --->   Core 74 'LogicGate' <Latency = 0> <II = 1> <Delay = 0.28> <FuncUnit> <Opcode : 'and' 'or' 'xor'> <InPorts = 2> <OutPorts = 1>
ST_20 : Operation 205 [1/1] (0.00ns) (grouped into LUT with out node and_ln159_18)   --->   "%or_ln159_2 = or i1 %and_ln159_8, i1 %and_ln159_6" [firmware/nnet_utils/nnet_activation.h:159]   --->   Operation 205 'or' 'or_ln159_2' <Predicate = true> <Delay = 0.00> <CoreInst = "LogicGate">   --->   Core 74 'LogicGate' <Latency = 0> <II = 1> <Delay = 0.28> <FuncUnit> <Opcode : 'and' 'or' 'xor'> <InPorts = 2> <OutPorts = 1>
ST_20 : Operation 206 [1/1] (0.00ns) (grouped into LUT with out node exp_x)   --->   "%select_ln159_17 = select i1 %and_ln159_6, i16 65535, i16 0" [firmware/nnet_utils/nnet_activation.h:159]   --->   Operation 206 'select' 'select_ln159_17' <Predicate = true> <Delay = 0.00> <CoreInst = "Sel">   --->   Core 73 'Sel' <Latency = 0> <II = 1> <Delay = 0.17> <FuncUnit> <Opcode : 'select'> <InPorts = 3> <OutPorts = 1>
ST_20 : Operation 207 [1/1] (0.00ns) (grouped into LUT with out node exp_x)   --->   "%select_ln159_15 = select i1 %icmp_ln159, i16 0, i16 %trunc_ln159_7" [firmware/nnet_utils/nnet_activation.h:159]   --->   Operation 207 'select' 'select_ln159_15' <Predicate = true> <Delay = 0.00> <CoreInst = "Sel">   --->   Core 73 'Sel' <Latency = 0> <II = 1> <Delay = 0.35> <FuncUnit> <Opcode : 'select'> <InPorts = 3> <OutPorts = 1>
ST_20 : Operation 208 [1/1] (0.00ns) (grouped into LUT with out node and_ln159_18)   --->   "%xor_ln159_7 = xor i1 %icmp_ln159, i1 1" [firmware/nnet_utils/nnet_activation.h:159]   --->   Operation 208 'xor' 'xor_ln159_7' <Predicate = true> <Delay = 0.00> <CoreInst = "LogicGate">   --->   Core 74 'LogicGate' <Latency = 0> <II = 1> <Delay = 0.28> <FuncUnit> <Opcode : 'and' 'or' 'xor'> <InPorts = 2> <OutPorts = 1>
ST_20 : Operation 209 [1/1] (0.00ns) (grouped into LUT with out node and_ln159_18)   --->   "%and_ln159_17 = and i1 %or_ln159_2, i1 %xor_ln159_7" [firmware/nnet_utils/nnet_activation.h:159]   --->   Operation 209 'and' 'and_ln159_17' <Predicate = true> <Delay = 0.00> <CoreInst = "LogicGate">   --->   Core 74 'LogicGate' <Latency = 0> <II = 1> <Delay = 0.28> <FuncUnit> <Opcode : 'and' 'or' 'xor'> <InPorts = 2> <OutPorts = 1>
ST_20 : Operation 210 [1/1] (0.28ns) (out node of the LUT)   --->   "%and_ln159_18 = and i1 %and_ln159_17, i1 %icmp_ln159_7" [firmware/nnet_utils/nnet_activation.h:159]   --->   Operation 210 'and' 'and_ln159_18' <Predicate = true> <Delay = 0.28> <CoreInst = "LogicGate">   --->   Core 74 'LogicGate' <Latency = 0> <II = 1> <Delay = 0.28> <FuncUnit> <Opcode : 'and' 'or' 'xor'> <InPorts = 2> <OutPorts = 1>
ST_20 : Operation 211 [1/1] (0.35ns) (out node of the LUT)   --->   "%exp_x = select i1 %and_ln159_18, i16 %select_ln159_17, i16 %select_ln159_15" [firmware/nnet_utils/nnet_activation.h:159]   --->   Operation 211 'select' 'exp_x' <Predicate = true> <Delay = 0.35> <CoreInst = "Sel">   --->   Core 73 'Sel' <Latency = 0> <II = 1> <Delay = 0.35> <FuncUnit> <Opcode : 'select'> <InPorts = 3> <OutPorts = 1>
ST_20 : Operation 212 [1/1] (0.00ns)   --->   "%table_out_addr = getelementptr i16 %table_out, i64 0, i64 %zext_ln151" [firmware/nnet_utils/nnet_activation.h:160]   --->   Operation 212 'getelementptr' 'table_out_addr' <Predicate = true> <Delay = 0.00>
ST_20 : Operation 213 [1/1] (1.23ns)   --->   "%store_ln160 = store i16 %exp_x, i10 %table_out_addr" [firmware/nnet_utils/nnet_activation.h:160]   --->   Operation 213 'store' 'store_ln160' <Predicate = true> <Delay = 1.23> <CoreInst = "RAM">   --->   Core 83 'RAM' <Latency = 1> <II = 1> <Delay = 1.23> <Storage> <Opcode : 'load' 'store'> <Ports = 2> <Width = 16> <Depth = 1024> <RAM>
ST_20 : Operation 214 [1/1] (0.00ns)   --->   "%br_ln151 = br void %for.body" [firmware/nnet_utils/nnet_activation.h:151]   --->   Operation 214 'br' 'br_ln151' <Predicate = true> <Delay = 0.00>


============================================================
+ Verbose Summary: Timing violations
============================================================
Target clock period: 5.000ns, clock uncertainty: 1.350ns.

 <State 1>: 3.985ns
The critical path consists of the following:
	'store' operation 0 bit ('store_ln151', firmware/nnet_utils/nnet_activation.h:151) of constant 0 on local variable 'i', firmware/nnet_utils/nnet_activation.h:151 [3]  (0.427 ns)
	'load' operation 11 bit ('i', firmware/nnet_utils/nnet_activation.h:137->firmware/nnet_utils/nnet_activation.h:153) on local variable 'i', firmware/nnet_utils/nnet_activation.h:151 [6]  (0.000 ns)
	'cttz' operation 64 bit ('tmp_1', firmware/nnet_utils/nnet_activation.h:138->firmware/nnet_utils/nnet_activation.h:153) [21]  (0.000 ns)
	'sub' operation 32 bit ('sub_ln138', firmware/nnet_utils/nnet_activation.h:138->firmware/nnet_utils/nnet_activation.h:153) [24]  (1.016 ns)
	'sub' operation 6 bit ('sub_ln138_3', firmware/nnet_utils/nnet_activation.h:138->firmware/nnet_utils/nnet_activation.h:153) [29]  (0.781 ns)
	'lshr' operation 36 bit ('lshr_ln138_2', firmware/nnet_utils/nnet_activation.h:138->firmware/nnet_utils/nnet_activation.h:153) [31]  (0.736 ns)
	'and' operation 36 bit ('and_ln138_2', firmware/nnet_utils/nnet_activation.h:138->firmware/nnet_utils/nnet_activation.h:153) [32]  (0.000 ns)
	'icmp' operation 1 bit ('icmp_ln138_2', firmware/nnet_utils/nnet_activation.h:138->firmware/nnet_utils/nnet_activation.h:153) [33]  (1.025 ns)

 <State 2>: 3.205ns
The critical path consists of the following:
	'and' operation 1 bit ('and_ln138', firmware/nnet_utils/nnet_activation.h:138->firmware/nnet_utils/nnet_activation.h:153) [34]  (0.000 ns)
	'or' operation 1 bit ('or_ln138', firmware/nnet_utils/nnet_activation.h:138->firmware/nnet_utils/nnet_activation.h:153) [39]  (0.000 ns)
	'add' operation 37 bit ('add_ln138_2', firmware/nnet_utils/nnet_activation.h:138->firmware/nnet_utils/nnet_activation.h:153) [51]  (1.025 ns)
	'select' operation 8 bit ('select_ln138_1', firmware/nnet_utils/nnet_activation.h:138->firmware/nnet_utils/nnet_activation.h:153) [55]  (0.393 ns)
	'add' operation 8 bit ('add_ln138_3', firmware/nnet_utils/nnet_activation.h:138->firmware/nnet_utils/nnet_activation.h:153) [57]  (1.051 ns)
	'xor' operation 32 bit ('xor_ln157', firmware/nnet_utils/nnet_activation.h:157) [61]  (0.000 ns)
	'select' operation 32 bit ('x', firmware/nnet_utils/nnet_activation.h:157) [63]  (0.449 ns)
	blocking operation 0.287 ns on control path)

 <State 3>: 3.644ns
The critical path consists of the following:
	'fexp' operation 32 bit ('tmp_5', /tools/Xilinx/Vitis_HLS/2023.2/tps/lnx64/gcc-8.3.0/lib/gcc/x86_64-pc-linux-gnu/8.3.0/../../../../include/c++/8.3.0/cmath:223->firmware/nnet_utils/nnet_activation.h:131->firmware/nnet_utils/nnet_activation.h:159) [64]  (3.644 ns)

 <State 4>: 3.644ns
The critical path consists of the following:
	'fexp' operation 32 bit ('tmp_5', /tools/Xilinx/Vitis_HLS/2023.2/tps/lnx64/gcc-8.3.0/lib/gcc/x86_64-pc-linux-gnu/8.3.0/../../../../include/c++/8.3.0/cmath:223->firmware/nnet_utils/nnet_activation.h:131->firmware/nnet_utils/nnet_activation.h:159) [64]  (3.644 ns)

 <State 5>: 3.644ns
The critical path consists of the following:
	'fexp' operation 32 bit ('tmp_5', /tools/Xilinx/Vitis_HLS/2023.2/tps/lnx64/gcc-8.3.0/lib/gcc/x86_64-pc-linux-gnu/8.3.0/../../../../include/c++/8.3.0/cmath:223->firmware/nnet_utils/nnet_activation.h:131->firmware/nnet_utils/nnet_activation.h:159) [64]  (3.644 ns)

 <State 6>: 3.644ns
The critical path consists of the following:
	'fexp' operation 32 bit ('tmp_5', /tools/Xilinx/Vitis_HLS/2023.2/tps/lnx64/gcc-8.3.0/lib/gcc/x86_64-pc-linux-gnu/8.3.0/../../../../include/c++/8.3.0/cmath:223->firmware/nnet_utils/nnet_activation.h:131->firmware/nnet_utils/nnet_activation.h:159) [64]  (3.644 ns)

 <State 7>: 3.644ns
The critical path consists of the following:
	'fexp' operation 32 bit ('tmp_5', /tools/Xilinx/Vitis_HLS/2023.2/tps/lnx64/gcc-8.3.0/lib/gcc/x86_64-pc-linux-gnu/8.3.0/../../../../include/c++/8.3.0/cmath:223->firmware/nnet_utils/nnet_activation.h:131->firmware/nnet_utils/nnet_activation.h:159) [64]  (3.644 ns)

 <State 8>: 3.644ns
The critical path consists of the following:
	'fexp' operation 32 bit ('tmp_5', /tools/Xilinx/Vitis_HLS/2023.2/tps/lnx64/gcc-8.3.0/lib/gcc/x86_64-pc-linux-gnu/8.3.0/../../../../include/c++/8.3.0/cmath:223->firmware/nnet_utils/nnet_activation.h:131->firmware/nnet_utils/nnet_activation.h:159) [64]  (3.644 ns)

 <State 9>: 3.644ns
The critical path consists of the following:
	'fexp' operation 32 bit ('tmp_5', /tools/Xilinx/Vitis_HLS/2023.2/tps/lnx64/gcc-8.3.0/lib/gcc/x86_64-pc-linux-gnu/8.3.0/../../../../include/c++/8.3.0/cmath:223->firmware/nnet_utils/nnet_activation.h:131->firmware/nnet_utils/nnet_activation.h:159) [64]  (3.644 ns)

 <State 10>: 3.644ns
The critical path consists of the following:
	'fexp' operation 32 bit ('tmp_5', /tools/Xilinx/Vitis_HLS/2023.2/tps/lnx64/gcc-8.3.0/lib/gcc/x86_64-pc-linux-gnu/8.3.0/../../../../include/c++/8.3.0/cmath:223->firmware/nnet_utils/nnet_activation.h:131->firmware/nnet_utils/nnet_activation.h:159) [64]  (3.644 ns)

 <State 11>: 3.644ns
The critical path consists of the following:
	'fexp' operation 32 bit ('tmp_5', /tools/Xilinx/Vitis_HLS/2023.2/tps/lnx64/gcc-8.3.0/lib/gcc/x86_64-pc-linux-gnu/8.3.0/../../../../include/c++/8.3.0/cmath:223->firmware/nnet_utils/nnet_activation.h:131->firmware/nnet_utils/nnet_activation.h:159) [64]  (3.644 ns)

 <State 12>: 3.644ns
The critical path consists of the following:
	'fexp' operation 32 bit ('tmp_5', /tools/Xilinx/Vitis_HLS/2023.2/tps/lnx64/gcc-8.3.0/lib/gcc/x86_64-pc-linux-gnu/8.3.0/../../../../include/c++/8.3.0/cmath:223->firmware/nnet_utils/nnet_activation.h:131->firmware/nnet_utils/nnet_activation.h:159) [64]  (3.644 ns)

 <State 13>: 3.644ns
The critical path consists of the following:
	'fexp' operation 32 bit ('tmp_5', /tools/Xilinx/Vitis_HLS/2023.2/tps/lnx64/gcc-8.3.0/lib/gcc/x86_64-pc-linux-gnu/8.3.0/../../../../include/c++/8.3.0/cmath:223->firmware/nnet_utils/nnet_activation.h:131->firmware/nnet_utils/nnet_activation.h:159) [64]  (3.644 ns)

 <State 14>: 3.644ns
The critical path consists of the following:
	'fexp' operation 32 bit ('tmp_5', /tools/Xilinx/Vitis_HLS/2023.2/tps/lnx64/gcc-8.3.0/lib/gcc/x86_64-pc-linux-gnu/8.3.0/../../../../include/c++/8.3.0/cmath:223->firmware/nnet_utils/nnet_activation.h:131->firmware/nnet_utils/nnet_activation.h:159) [64]  (3.644 ns)

 <State 15>: 3.644ns
The critical path consists of the following:
	'fexp' operation 32 bit ('tmp_5', /tools/Xilinx/Vitis_HLS/2023.2/tps/lnx64/gcc-8.3.0/lib/gcc/x86_64-pc-linux-gnu/8.3.0/../../../../include/c++/8.3.0/cmath:223->firmware/nnet_utils/nnet_activation.h:131->firmware/nnet_utils/nnet_activation.h:159) [64]  (3.644 ns)

 <State 16>: 2.306ns
The critical path consists of the following:
	'fpext' operation 64 bit ('pf', firmware/nnet_utils/nnet_activation.h:159) [65]  (2.306 ns)

 <State 17>: 3.392ns
The critical path consists of the following:
	'fpext' operation 64 bit ('pf', firmware/nnet_utils/nnet_activation.h:159) [65]  (2.306 ns)
	'icmp' operation 1 bit ('icmp_ln159', firmware/nnet_utils/nnet_activation.h:159) [76]  (1.086 ns)

 <State 18>: 3.192ns
The critical path consists of the following:
	'sub' operation 12 bit ('sub_ln159_1', firmware/nnet_utils/nnet_activation.h:159) [77]  (0.809 ns)
	'icmp' operation 1 bit ('icmp_ln159_1', firmware/nnet_utils/nnet_activation.h:159) [79]  (0.809 ns)
	'add' operation 12 bit ('add_ln159_3', firmware/nnet_utils/nnet_activation.h:159) [119]  (0.798 ns)
	'icmp' operation 1 bit ('icmp_ln159_7', firmware/nnet_utils/nnet_activation.h:159) [121]  (0.776 ns)

 <State 19>: 3.465ns
The critical path consists of the following:
	'lshr' operation 54 bit ('lshr_ln159', firmware/nnet_utils/nnet_activation.h:159) [136]  (1.506 ns)
	'icmp' operation 1 bit ('icmp_ln159_12', firmware/nnet_utils/nnet_activation.h:159) [138]  (1.099 ns)
	'select' operation 1 bit ('select_ln159_10', firmware/nnet_utils/nnet_activation.h:159) [141]  (0.287 ns)
	'and' operation 1 bit ('and_ln159_2', firmware/nnet_utils/nnet_activation.h:159) [143]  (0.000 ns)
	'select' operation 1 bit ('select_ln159_11', firmware/nnet_utils/nnet_activation.h:159) [150]  (0.287 ns)
	'select' operation 1 bit ('select_ln159_13', firmware/nnet_utils/nnet_activation.h:159) [155]  (0.000 ns)
	'or' operation 1 bit ('or_ln159_4', firmware/nnet_utils/nnet_activation.h:159) [159]  (0.287 ns)

 <State 20>: 2.815ns
The critical path consists of the following:
	'and' operation 1 bit ('and_ln159_9', firmware/nnet_utils/nnet_activation.h:159) [112]  (0.000 ns)
	'select' operation 18 bit ('select_ln159_9', firmware/nnet_utils/nnet_activation.h:159) [113]  (0.360 ns)
	'and' operation 1 bit ('and_ln159_7', firmware/nnet_utils/nnet_activation.h:159) [169]  (0.000 ns)
	'xor' operation 1 bit ('xor_ln159_6', firmware/nnet_utils/nnet_activation.h:159) [170]  (0.287 ns)
	'and' operation 1 bit ('and_ln159_8', firmware/nnet_utils/nnet_activation.h:159) [171]  (0.287 ns)
	'or' operation 1 bit ('or_ln159_2', firmware/nnet_utils/nnet_activation.h:159) [172]  (0.000 ns)
	'and' operation 1 bit ('and_ln159_17', firmware/nnet_utils/nnet_activation.h:159) [176]  (0.000 ns)
	'and' operation 1 bit ('and_ln159_18', firmware/nnet_utils/nnet_activation.h:159) [177]  (0.287 ns)
	'select' operation 16 bit ('exp_x', firmware/nnet_utils/nnet_activation.h:159) [178]  (0.357 ns)
	'store' operation 0 bit ('store_ln160', firmware/nnet_utils/nnet_activation.h:160) of variable 'exp_x', firmware/nnet_utils/nnet_activation.h:159 on array 'table_out' [180]  (1.237 ns)


============================================================
+ Verbose Summary: Binding
============================================================
N/A
* FSMD analyzer results:
  - Output states:
 - Input state : 
  - Chain level:
	State 1
	State 2
	State 3
	State 4
	State 5
	State 6
	State 7
	State 8
	State 9
	State 10
	State 11
	State 12
	State 13
	State 14
	State 15
	State 16
	State 17
	State 18
	State 19
	State 20


============================================================
+ Verbose Summary: Datapath Resource usage 
============================================================
N/A
