

================================================================
== Vitis HLS Report for 'relu_array_ap_fixed_8u_array_ap_fixed_16_6_5_3_0_8u_relu_config15_s'
================================================================
* Date:           Sun Mar 29 16:30:02 2026

* Version:        2023.2 (Build 4023990 on Oct 11 2023)
* Project:        myproject_prj
* Solution:       solution1 (Vivado IP Flow Target)
* Product family: zynquplus
* Target device:  xck26-sfvc784-2LV-c


================================================================
== Performance Estimates
================================================================
+ Timing: 
    * Summary: 
    +--------+---------+----------+------------+
    |  Clock |  Target | Estimated| Uncertainty|
    +--------+---------+----------+------------+
    |ap_clk  |  5.00 ns|  3.204 ns|     1.35 ns|
    +--------+---------+----------+------------+

+ Latency: 
    * Summary: 
    +---------+---------+----------+----------+-----+-----+---------+
    |  Latency (cycles) |  Latency (absolute) |  Interval | Pipeline|
    |   min   |   max   |    min   |    max   | min | max |   Type  |
    +---------+---------+----------+----------+-----+-----+---------+
    |       43|       43|  0.215 us|  0.215 us|   43|   43|       no|
    +---------+---------+----------+----------+-----+-----+---------+

    + Detail: 
        * Instance: 
        N/A

        * Loop: 
        +---------------+---------+---------+----------+-----------+-----------+------+----------+
        |               |  Latency (cycles) | Iteration|  Initiation Interval  | Trip |          |
        |   Loop Name   |   min   |   max   |  Latency |  achieved |   target  | Count| Pipelined|
        +---------------+---------+---------+----------+-----------+-----------+------+----------+
        |- ReLUActLoop  |       41|       41|         3|          1|          1|    40|       yes|
        +---------------+---------+---------+----------+-----------+-----------+------+----------+

============================================================
+ Verbose Summary: Synthesis Manager
============================================================
InlineROM: 1
ExposeGlobal: 0
============================================================
+ Verbose Summary: CDFG Model
============================================================
IsTopModel: 0
ResetActiveHigh: 1
IsCombinational: 2
IsDatapathOnly: 0
HasWiredReturn: 1
HasMFsm: 2
HasVarLatency: 1
IsPipeline: 0
IsRtlPipelined: 0
IsInstanceOverlapped: 0
IsDontTouch: 0
HasImplIP: 0
IsGatedGlobalClock: 0

+ Individual pipeline summary: 
  * Pipeline-0: initiation interval (II) = 1, depth = 3


============================================================
+ Verbose Summary: Schedule
============================================================
* Number of FSM states : 3
* Pipeline : 1
  Pipeline-0 : II = 1, D = 3, States = { 1 2 3 }
* Dataflow Pipeline: 0

* FSM state transitions: 
1 --> 2 
2 --> 3 
3 --> 

* FSM state operations: 

State 1 <SV = 0> <Delay = 1.63>
ST_1 : Operation 6 [1/1] (0.00ns)   --->   "%i = alloca i32 1" [firmware/nnet_utils/nnet_activation_stream.h:41]   --->   Operation 6 'alloca' 'i' <Predicate = true> <Delay = 0.00>
ST_1 : Operation 7 [1/1] (0.00ns)   --->   "%specinterface_ln0 = specinterface void @_ssdm_op_SpecInterface, i128 %layer15_out, void @empty_1, i32 0, i32 0, void @empty_0, i32 0, i32 0, void @empty_0, void @empty_0, void @empty_0, i32 0, i32 0, i32 0, i32 0, void @empty_0, void @empty_0, i32 4294967295, i32 0"   --->   Operation 7 'specinterface' 'specinterface_ln0' <Predicate = true> <Delay = 0.00>
ST_1 : Operation 8 [1/1] (0.00ns)   --->   "%specinterface_ln0 = specinterface void @_ssdm_op_SpecInterface, i320 %layer12_out, void @empty_1, i32 0, i32 0, void @empty_0, i32 0, i32 0, void @empty_0, void @empty_0, void @empty_0, i32 0, i32 0, i32 0, i32 0, void @empty_0, void @empty_0, i32 4294967295, i32 0"   --->   Operation 8 'specinterface' 'specinterface_ln0' <Predicate = true> <Delay = 0.00>
ST_1 : Operation 9 [1/1] (0.42ns)   --->   "%store_ln41 = store i6 0, i6 %i" [firmware/nnet_utils/nnet_activation_stream.h:41]   --->   Operation 9 'store' 'store_ln41' <Predicate = true> <Delay = 0.42>
ST_1 : Operation 10 [1/1] (0.00ns)   --->   "%br_ln41 = br void %ReLUPackLoop" [firmware/nnet_utils/nnet_activation_stream.h:41]   --->   Operation 10 'br' 'br_ln41' <Predicate = true> <Delay = 0.00>
ST_1 : Operation 11 [1/1] (0.00ns)   --->   "%i_9 = load i6 %i" [firmware/nnet_utils/nnet_activation_stream.h:41]   --->   Operation 11 'load' 'i_9' <Predicate = true> <Delay = 0.00>
ST_1 : Operation 12 [1/1] (0.78ns)   --->   "%icmp_ln41 = icmp_eq  i6 %i_9, i6 40" [firmware/nnet_utils/nnet_activation_stream.h:41]   --->   Operation 12 'icmp' 'icmp_ln41' <Predicate = true> <Delay = 0.78> <CoreInst = "Cmp">   --->   Core 9 'Cmp' <Latency = 0> <II = 1> <Delay = 0.78> <FuncUnit> <Opcode : 'icmp'> <InPorts = 2> <OutPorts = 1>
ST_1 : Operation 13 [1/1] (0.78ns)   --->   "%i_10 = add i6 %i_9, i6 1" [firmware/nnet_utils/nnet_activation_stream.h:41]   --->   Operation 13 'add' 'i_10' <Predicate = true> <Delay = 0.78> <CoreInst = "Adder">   --->   Core 1 'Adder' <Latency = 0> <II = 1> <Delay = 0.78> <FuncUnit> <Opcode : 'add' 'sub'> <InPorts = 2> <OutPorts = 1>
ST_1 : Operation 14 [1/1] (0.00ns)   --->   "%br_ln41 = br i1 %icmp_ln41, void %ReLUPackLoop.split, void %for.end15" [firmware/nnet_utils/nnet_activation_stream.h:41]   --->   Operation 14 'br' 'br_ln41' <Predicate = true> <Delay = 0.00>
ST_1 : Operation 15 [1/1] (0.42ns)   --->   "%store_ln41 = store i6 %i_10, i6 %i" [firmware/nnet_utils/nnet_activation_stream.h:41]   --->   Operation 15 'store' 'store_ln41' <Predicate = (!icmp_ln41)> <Delay = 0.42>

State 2 <SV = 1> <Delay = 3.20>
ST_2 : Operation 16 [1/1] (1.81ns)   --->   "%layer12_out_read = read i320 @_ssdm_op_Read.ap_fifo.volatile.i320P0A, i320 %layer12_out" [firmware/nnet_utils/nnet_activation_stream.h:44]   --->   Operation 16 'read' 'layer12_out_read' <Predicate = true> <Delay = 1.81> <CoreInst = "FIFO">   --->   Core 78 'FIFO' <Latency = 0> <II = 1> <Delay = 1.81> <Storage> <Opcode : 'read' 'write' 'nbread' 'nbwrite'> <Ports = 0> <Width = 320> <Depth = 40> <FIFO>
ST_2 : Operation 17 [1/1] (0.00ns)   --->   "%in_data = trunc i320 %layer12_out_read" [firmware/nnet_utils/nnet_activation_stream.h:44]   --->   Operation 17 'trunc' 'in_data' <Predicate = true> <Delay = 0.00>
ST_2 : Operation 18 [1/1] (0.00ns)   --->   "%trunc_ln44_1 = partselect i40 @_ssdm_op_PartSelect.i40.i320.i32.i32, i320 %layer12_out_read, i32 40, i32 79" [firmware/nnet_utils/nnet_activation_stream.h:44]   --->   Operation 18 'partselect' 'trunc_ln44_1' <Predicate = true> <Delay = 0.00>
ST_2 : Operation 19 [1/1] (0.00ns)   --->   "%trunc_ln44_2 = partselect i40 @_ssdm_op_PartSelect.i40.i320.i32.i32, i320 %layer12_out_read, i32 80, i32 119" [firmware/nnet_utils/nnet_activation_stream.h:44]   --->   Operation 19 'partselect' 'trunc_ln44_2' <Predicate = true> <Delay = 0.00>
ST_2 : Operation 20 [1/1] (0.00ns)   --->   "%trunc_ln44_3 = partselect i40 @_ssdm_op_PartSelect.i40.i320.i32.i32, i320 %layer12_out_read, i32 120, i32 159" [firmware/nnet_utils/nnet_activation_stream.h:44]   --->   Operation 20 'partselect' 'trunc_ln44_3' <Predicate = true> <Delay = 0.00>
ST_2 : Operation 21 [1/1] (0.00ns)   --->   "%trunc_ln44_4 = partselect i40 @_ssdm_op_PartSelect.i40.i320.i32.i32, i320 %layer12_out_read, i32 160, i32 199" [firmware/nnet_utils/nnet_activation_stream.h:44]   --->   Operation 21 'partselect' 'trunc_ln44_4' <Predicate = true> <Delay = 0.00>
ST_2 : Operation 22 [1/1] (0.00ns)   --->   "%trunc_ln44_5 = partselect i40 @_ssdm_op_PartSelect.i40.i320.i32.i32, i320 %layer12_out_read, i32 200, i32 239" [firmware/nnet_utils/nnet_activation_stream.h:44]   --->   Operation 22 'partselect' 'trunc_ln44_5' <Predicate = true> <Delay = 0.00>
ST_2 : Operation 23 [1/1] (0.00ns)   --->   "%trunc_ln44_6 = partselect i40 @_ssdm_op_PartSelect.i40.i320.i32.i32, i320 %layer12_out_read, i32 240, i32 279" [firmware/nnet_utils/nnet_activation_stream.h:44]   --->   Operation 23 'partselect' 'trunc_ln44_6' <Predicate = true> <Delay = 0.00>
ST_2 : Operation 24 [1/1] (0.00ns)   --->   "%trunc_ln44_7 = partselect i40 @_ssdm_op_PartSelect.i40.i320.i32.i32, i320 %layer12_out_read, i32 280, i32 319" [firmware/nnet_utils/nnet_activation_stream.h:44]   --->   Operation 24 'partselect' 'trunc_ln44_7' <Predicate = true> <Delay = 0.00>
ST_2 : Operation 25 [1/1] (1.03ns)   --->   "%icmp_ln51 = icmp_sgt  i40 %in_data, i40 0" [firmware/nnet_utils/nnet_activation_stream.h:51]   --->   Operation 25 'icmp' 'icmp_ln51' <Predicate = true> <Delay = 1.03> <CoreInst = "Cmp">   --->   Core 9 'Cmp' <Latency = 0> <II = 1> <Delay = 1.03> <FuncUnit> <Opcode : 'icmp'> <InPorts = 2> <OutPorts = 1>
ST_2 : Operation 26 [1/1] (0.00ns)   --->   "%out_data = partselect i16 @_ssdm_op_PartSelect.i16.i320.i32.i32, i320 %layer12_out_read, i32 10, i32 25" [firmware/nnet_utils/nnet_activation_stream.h:52]   --->   Operation 26 'partselect' 'out_data' <Predicate = true> <Delay = 0.00>
ST_2 : Operation 27 [1/1] (0.35ns)   --->   "%out_data_8 = select i1 %icmp_ln51, i16 %out_data, i16 0" [firmware/nnet_utils/nnet_activation_stream.h:51]   --->   Operation 27 'select' 'out_data_8' <Predicate = true> <Delay = 0.35> <CoreInst = "Sel">   --->   Core 73 'Sel' <Latency = 0> <II = 1> <Delay = 0.35> <FuncUnit> <Opcode : 'select'> <InPorts = 3> <OutPorts = 1>
ST_2 : Operation 28 [1/1] (1.03ns)   --->   "%icmp_ln51_1 = icmp_sgt  i40 %trunc_ln44_1, i40 0" [firmware/nnet_utils/nnet_activation_stream.h:51]   --->   Operation 28 'icmp' 'icmp_ln51_1' <Predicate = true> <Delay = 1.03> <CoreInst = "Cmp">   --->   Core 9 'Cmp' <Latency = 0> <II = 1> <Delay = 1.03> <FuncUnit> <Opcode : 'icmp'> <InPorts = 2> <OutPorts = 1>
ST_2 : Operation 29 [1/1] (0.00ns)   --->   "%out_data_2 = partselect i16 @_ssdm_op_PartSelect.i16.i320.i32.i32, i320 %layer12_out_read, i32 50, i32 65" [firmware/nnet_utils/nnet_activation_stream.h:52]   --->   Operation 29 'partselect' 'out_data_2' <Predicate = true> <Delay = 0.00>
ST_2 : Operation 30 [1/1] (0.35ns)   --->   "%out_data_9 = select i1 %icmp_ln51_1, i16 %out_data_2, i16 0" [firmware/nnet_utils/nnet_activation_stream.h:51]   --->   Operation 30 'select' 'out_data_9' <Predicate = true> <Delay = 0.35> <CoreInst = "Sel">   --->   Core 73 'Sel' <Latency = 0> <II = 1> <Delay = 0.35> <FuncUnit> <Opcode : 'select'> <InPorts = 3> <OutPorts = 1>
ST_2 : Operation 31 [1/1] (1.03ns)   --->   "%icmp_ln51_2 = icmp_sgt  i40 %trunc_ln44_2, i40 0" [firmware/nnet_utils/nnet_activation_stream.h:51]   --->   Operation 31 'icmp' 'icmp_ln51_2' <Predicate = true> <Delay = 1.03> <CoreInst = "Cmp">   --->   Core 9 'Cmp' <Latency = 0> <II = 1> <Delay = 1.03> <FuncUnit> <Opcode : 'icmp'> <InPorts = 2> <OutPorts = 1>
ST_2 : Operation 32 [1/1] (0.00ns)   --->   "%out_data_4 = partselect i16 @_ssdm_op_PartSelect.i16.i320.i32.i32, i320 %layer12_out_read, i32 90, i32 105" [firmware/nnet_utils/nnet_activation_stream.h:52]   --->   Operation 32 'partselect' 'out_data_4' <Predicate = true> <Delay = 0.00>
ST_2 : Operation 33 [1/1] (0.35ns)   --->   "%out_data_10 = select i1 %icmp_ln51_2, i16 %out_data_4, i16 0" [firmware/nnet_utils/nnet_activation_stream.h:51]   --->   Operation 33 'select' 'out_data_10' <Predicate = true> <Delay = 0.35> <CoreInst = "Sel">   --->   Core 73 'Sel' <Latency = 0> <II = 1> <Delay = 0.35> <FuncUnit> <Opcode : 'select'> <InPorts = 3> <OutPorts = 1>
ST_2 : Operation 34 [1/1] (1.03ns)   --->   "%icmp_ln51_3 = icmp_sgt  i40 %trunc_ln44_3, i40 0" [firmware/nnet_utils/nnet_activation_stream.h:51]   --->   Operation 34 'icmp' 'icmp_ln51_3' <Predicate = true> <Delay = 1.03> <CoreInst = "Cmp">   --->   Core 9 'Cmp' <Latency = 0> <II = 1> <Delay = 1.03> <FuncUnit> <Opcode : 'icmp'> <InPorts = 2> <OutPorts = 1>
ST_2 : Operation 35 [1/1] (0.00ns)   --->   "%out_data_6 = partselect i16 @_ssdm_op_PartSelect.i16.i320.i32.i32, i320 %layer12_out_read, i32 130, i32 145" [firmware/nnet_utils/nnet_activation_stream.h:52]   --->   Operation 35 'partselect' 'out_data_6' <Predicate = true> <Delay = 0.00>
ST_2 : Operation 36 [1/1] (0.35ns)   --->   "%out_data_11 = select i1 %icmp_ln51_3, i16 %out_data_6, i16 0" [firmware/nnet_utils/nnet_activation_stream.h:51]   --->   Operation 36 'select' 'out_data_11' <Predicate = true> <Delay = 0.35> <CoreInst = "Sel">   --->   Core 73 'Sel' <Latency = 0> <II = 1> <Delay = 0.35> <FuncUnit> <Opcode : 'select'> <InPorts = 3> <OutPorts = 1>
ST_2 : Operation 37 [1/1] (1.03ns)   --->   "%icmp_ln51_4 = icmp_sgt  i40 %trunc_ln44_4, i40 0" [firmware/nnet_utils/nnet_activation_stream.h:51]   --->   Operation 37 'icmp' 'icmp_ln51_4' <Predicate = true> <Delay = 1.03> <CoreInst = "Cmp">   --->   Core 9 'Cmp' <Latency = 0> <II = 1> <Delay = 1.03> <FuncUnit> <Opcode : 'icmp'> <InPorts = 2> <OutPorts = 1>
ST_2 : Operation 38 [1/1] (0.00ns)   --->   "%trunc_ln = partselect i16 @_ssdm_op_PartSelect.i16.i320.i32.i32, i320 %layer12_out_read, i32 170, i32 185" [firmware/nnet_utils/nnet_activation_stream.h:52]   --->   Operation 38 'partselect' 'trunc_ln' <Predicate = true> <Delay = 0.00>
ST_2 : Operation 39 [1/1] (0.35ns)   --->   "%select_ln51 = select i1 %icmp_ln51_4, i16 %trunc_ln, i16 0" [firmware/nnet_utils/nnet_activation_stream.h:51]   --->   Operation 39 'select' 'select_ln51' <Predicate = true> <Delay = 0.35> <CoreInst = "Sel">   --->   Core 73 'Sel' <Latency = 0> <II = 1> <Delay = 0.35> <FuncUnit> <Opcode : 'select'> <InPorts = 3> <OutPorts = 1>
ST_2 : Operation 40 [1/1] (1.03ns)   --->   "%icmp_ln51_5 = icmp_sgt  i40 %trunc_ln44_5, i40 0" [firmware/nnet_utils/nnet_activation_stream.h:51]   --->   Operation 40 'icmp' 'icmp_ln51_5' <Predicate = true> <Delay = 1.03> <CoreInst = "Cmp">   --->   Core 9 'Cmp' <Latency = 0> <II = 1> <Delay = 1.03> <FuncUnit> <Opcode : 'icmp'> <InPorts = 2> <OutPorts = 1>
ST_2 : Operation 41 [1/1] (0.00ns)   --->   "%trunc_ln52_1 = partselect i16 @_ssdm_op_PartSelect.i16.i320.i32.i32, i320 %layer12_out_read, i32 210, i32 225" [firmware/nnet_utils/nnet_activation_stream.h:52]   --->   Operation 41 'partselect' 'trunc_ln52_1' <Predicate = true> <Delay = 0.00>
ST_2 : Operation 42 [1/1] (0.35ns)   --->   "%select_ln51_1 = select i1 %icmp_ln51_5, i16 %trunc_ln52_1, i16 0" [firmware/nnet_utils/nnet_activation_stream.h:51]   --->   Operation 42 'select' 'select_ln51_1' <Predicate = true> <Delay = 0.35> <CoreInst = "Sel">   --->   Core 73 'Sel' <Latency = 0> <II = 1> <Delay = 0.35> <FuncUnit> <Opcode : 'select'> <InPorts = 3> <OutPorts = 1>
ST_2 : Operation 43 [1/1] (1.03ns)   --->   "%icmp_ln51_6 = icmp_sgt  i40 %trunc_ln44_6, i40 0" [firmware/nnet_utils/nnet_activation_stream.h:51]   --->   Operation 43 'icmp' 'icmp_ln51_6' <Predicate = true> <Delay = 1.03> <CoreInst = "Cmp">   --->   Core 9 'Cmp' <Latency = 0> <II = 1> <Delay = 1.03> <FuncUnit> <Opcode : 'icmp'> <InPorts = 2> <OutPorts = 1>
ST_2 : Operation 44 [1/1] (0.00ns)   --->   "%trunc_ln52_2 = partselect i16 @_ssdm_op_PartSelect.i16.i320.i32.i32, i320 %layer12_out_read, i32 250, i32 265" [firmware/nnet_utils/nnet_activation_stream.h:52]   --->   Operation 44 'partselect' 'trunc_ln52_2' <Predicate = true> <Delay = 0.00>
ST_2 : Operation 45 [1/1] (0.35ns)   --->   "%select_ln51_2 = select i1 %icmp_ln51_6, i16 %trunc_ln52_2, i16 0" [firmware/nnet_utils/nnet_activation_stream.h:51]   --->   Operation 45 'select' 'select_ln51_2' <Predicate = true> <Delay = 0.35> <CoreInst = "Sel">   --->   Core 73 'Sel' <Latency = 0> <II = 1> <Delay = 0.35> <FuncUnit> <Opcode : 'select'> <InPorts = 3> <OutPorts = 1>
ST_2 : Operation 46 [1/1] (1.03ns)   --->   "%icmp_ln51_7 = icmp_sgt  i40 %trunc_ln44_7, i40 0" [firmware/nnet_utils/nnet_activation_stream.h:51]   --->   Operation 46 'icmp' 'icmp_ln51_7' <Predicate = true> <Delay = 1.03> <CoreInst = "Cmp">   --->   Core 9 'Cmp' <Latency = 0> <II = 1> <Delay = 1.03> <FuncUnit> <Opcode : 'icmp'> <InPorts = 2> <OutPorts = 1>
ST_2 : Operation 47 [1/1] (0.00ns)   --->   "%trunc_ln52_3 = partselect i16 @_ssdm_op_PartSelect.i16.i320.i32.i32, i320 %layer12_out_read, i32 290, i32 305" [firmware/nnet_utils/nnet_activation_stream.h:52]   --->   Operation 47 'partselect' 'trunc_ln52_3' <Predicate = true> <Delay = 0.00>
ST_2 : Operation 48 [1/1] (0.35ns)   --->   "%select_ln51_3 = select i1 %icmp_ln51_7, i16 %trunc_ln52_3, i16 0" [firmware/nnet_utils/nnet_activation_stream.h:51]   --->   Operation 48 'select' 'select_ln51_3' <Predicate = true> <Delay = 0.35> <CoreInst = "Sel">   --->   Core 73 'Sel' <Latency = 0> <II = 1> <Delay = 0.35> <FuncUnit> <Opcode : 'select'> <InPorts = 3> <OutPorts = 1>
ST_2 : Operation 55 [1/1] (0.00ns)   --->   "%ret_ln59 = ret" [firmware/nnet_utils/nnet_activation_stream.h:59]   --->   Operation 55 'ret' 'ret_ln59' <Predicate = (icmp_ln41)> <Delay = 0.00>

State 3 <SV = 2> <Delay = 1.81>
ST_3 : Operation 49 [1/1] (0.00ns)   --->   "%specpipeline_ln42 = specpipeline void @_ssdm_op_SpecPipeline, i32 4294967295, i32 0, i32 0, i32 0, void @empty_0" [firmware/nnet_utils/nnet_activation_stream.h:42]   --->   Operation 49 'specpipeline' 'specpipeline_ln42' <Predicate = true> <Delay = 0.00>
ST_3 : Operation 50 [1/1] (0.00ns)   --->   "%speclooptripcount_ln41 = speclooptripcount void @_ssdm_op_SpecLoopTripCount, i64 40, i64 40, i64 40" [firmware/nnet_utils/nnet_activation_stream.h:41]   --->   Operation 50 'speclooptripcount' 'speclooptripcount_ln41' <Predicate = true> <Delay = 0.00>
ST_3 : Operation 51 [1/1] (0.00ns)   --->   "%specloopname_ln41 = specloopname void @_ssdm_op_SpecLoopName, void @empty_18" [firmware/nnet_utils/nnet_activation_stream.h:41]   --->   Operation 51 'specloopname' 'specloopname_ln41' <Predicate = true> <Delay = 0.00>
ST_3 : Operation 52 [1/1] (0.00ns)   --->   "%or_ln57_s = bitconcatenate i128 @_ssdm_op_BitConcatenate.i128.i16.i16.i16.i16.i16.i16.i16.i16, i16 %select_ln51_3, i16 %select_ln51_2, i16 %select_ln51_1, i16 %select_ln51, i16 %out_data_11, i16 %out_data_10, i16 %out_data_9, i16 %out_data_8" [firmware/nnet_utils/nnet_activation_stream.h:57]   --->   Operation 52 'bitconcatenate' 'or_ln57_s' <Predicate = true> <Delay = 0.00>
ST_3 : Operation 53 [1/1] (1.81ns)   --->   "%write_ln57 = write void @_ssdm_op_Write.ap_fifo.volatile.i128P0A, i128 %layer15_out, i128 %or_ln57_s" [firmware/nnet_utils/nnet_activation_stream.h:57]   --->   Operation 53 'write' 'write_ln57' <Predicate = true> <Delay = 1.81> <CoreInst = "FIFO">   --->   Core 78 'FIFO' <Latency = 0> <II = 1> <Delay = 1.81> <Storage> <Opcode : 'read' 'write' 'nbread' 'nbwrite'> <Ports = 0> <Width = 128> <Depth = 40> <FIFO>
ST_3 : Operation 54 [1/1] (0.00ns)   --->   "%br_ln41 = br void %ReLUPackLoop" [firmware/nnet_utils/nnet_activation_stream.h:41]   --->   Operation 54 'br' 'br_ln41' <Predicate = true> <Delay = 0.00>


============================================================
+ Verbose Summary: Timing violations
============================================================
Target clock period: 5.000ns, clock uncertainty: 1.350ns.

 <State 1>: 1.635ns
The critical path consists of the following:
	'store' operation 0 bit ('store_ln41', firmware/nnet_utils/nnet_activation_stream.h:41) of constant 0 on local variable 'i', firmware/nnet_utils/nnet_activation_stream.h:41 [6]  (0.427 ns)
	'load' operation 6 bit ('i', firmware/nnet_utils/nnet_activation_stream.h:41) on local variable 'i', firmware/nnet_utils/nnet_activation_stream.h:41 [9]  (0.000 ns)
	'icmp' operation 1 bit ('icmp_ln41', firmware/nnet_utils/nnet_activation_stream.h:41) [10]  (0.781 ns)
	'store' operation 0 bit ('store_ln41', firmware/nnet_utils/nnet_activation_stream.h:41) of variable 'i', firmware/nnet_utils/nnet_activation_stream.h:41 on local variable 'i', firmware/nnet_utils/nnet_activation_stream.h:41 [52]  (0.427 ns)

 <State 2>: 3.204ns
The critical path consists of the following:
	fifo read operation ('layer12_out_read', firmware/nnet_utils/nnet_activation_stream.h:44) on port 'layer12_out' (firmware/nnet_utils/nnet_activation_stream.h:44) [17]  (1.813 ns)
	'icmp' operation 1 bit ('icmp_ln51', firmware/nnet_utils/nnet_activation_stream.h:51) [26]  (1.034 ns)
	'select' operation 16 bit ('out_data', firmware/nnet_utils/nnet_activation_stream.h:51) [28]  (0.357 ns)

 <State 3>: 1.813ns
The critical path consists of the following:
	fifo write operation ('write_ln57', firmware/nnet_utils/nnet_activation_stream.h:57) on port 'layer15_out' (firmware/nnet_utils/nnet_activation_stream.h:57) [51]  (1.813 ns)


============================================================
+ Verbose Summary: Binding
============================================================
N/A
* FSMD analyzer results:
  - Output states:
 - Input state : 
  - Chain level:
	State 1
	State 2
	State 3


============================================================
+ Verbose Summary: Datapath Resource usage 
============================================================
N/A
