

================================================================
== Vitis HLS Report for 'zeropad2d_cl_array_array_ap_fixed_8u_config25_Pipeline_PadMain_CopyMain'
================================================================
* Date:           Sat Mar 21 19:15:02 2026

* Version:        2023.2 (Build 4023990 on Oct 11 2023)
* Project:        myproject_prj
* Solution:       solution1 (Vivado IP Flow Target)
* Product family: zynquplus
* Target device:  xck26-sfvc784-2LV-c


================================================================
== Performance Estimates
================================================================
+ Timing: 
    * Summary: 
    +--------+---------+----------+------------+
    |  Clock |  Target | Estimated| Uncertainty|
    +--------+---------+----------+------------+
    |ap_clk  |  5.00 ns|  3.538 ns|     1.35 ns|
    +--------+---------+----------+------------+

+ Latency: 
    * Summary: 
    +---------+---------+-----------+-----------+------+------+---------+
    |  Latency (cycles) |   Latency (absolute)  |   Interval  | Pipeline|
    |   min   |   max   |    min    |    max    |  min |  max |   Type  |
    +---------+---------+-----------+-----------+------+------+---------+
    |     2102|     2102|  10.510 us|  10.510 us|  2102|  2102|       no|
    +---------+---------+-----------+-----------+------+------+---------+

    + Detail: 
        * Instance: 
        N/A

        * Loop: 
        +--------------------+---------+---------+----------+-----------+-----------+------+----------+
        |                    |  Latency (cycles) | Iteration|  Initiation Interval  | Trip |          |
        |      Loop Name     |   min   |   max   |  Latency |  achieved |   target  | Count| Pipelined|
        +--------------------+---------+---------+----------+-----------+-----------+------+----------+
        |- PadMain_CopyMain  |     2100|     2100|         4|          3|          1|   700|       yes|
        +--------------------+---------+---------+----------+-----------+-----------+------+----------+



================================================================
== Utilization Estimates
================================================================
* Summary: 
+-----------------+---------+------+--------+--------+-----+
|       Name      | BRAM_18K|  DSP |   FF   |   LUT  | URAM|
+-----------------+---------+------+--------+--------+-----+
|DSP              |        -|     -|       -|       -|    -|
|Expression       |        -|     -|       0|     103|    -|
|FIFO             |        -|     -|       -|       -|    -|
|Instance         |        -|     -|       -|       -|    -|
|Memory           |        -|     -|       -|       -|    -|
|Multiplexer      |        -|     -|       -|     124|    -|
|Register         |        -|     -|      26|       -|    -|
+-----------------+---------+------+--------+--------+-----+
|Total            |        0|     0|      26|     227|    0|
+-----------------+---------+------+--------+--------+-----+
|Available        |      288|  1248|  234240|  117120|   64|
+-----------------+---------+------+--------+--------+-----+
|Utilization (%)  |        0|     0|      ~0|      ~0|    0|
+-----------------+---------+------+--------+--------+-----+

+ Detail: 
    * Instance: 
    N/A

    * DSP: 
    N/A

    * Memory: 
    N/A

    * FIFO: 
    N/A

    * Expression: 
    +----------------------------------+----------+----+---+----+------------+------------+
    |           Variable Name          | Operation| DSP| FF| LUT| Bitwidth P0| Bitwidth P1|
    +----------------------------------+----------+----+---+----+------------+------------+
    |add_ln59_fu_104_p2                |         +|   0|  0|  17|          10|           1|
    |add_ln65_fu_122_p2                |         +|   0|  0|  14|           7|           1|
    |ap_block_pp0_stage0_01001         |       and|   0|  0|   2|           1|           1|
    |ap_block_pp0_stage1_01001         |       and|   0|  0|   2|           1|           1|
    |ap_block_pp0_stage2_01001         |       and|   0|  0|   2|           1|           1|
    |ap_block_state2_pp0_stage1_iter0  |       and|   0|  0|   2|           1|           1|
    |ap_block_state4_pp0_stage0_iter1  |       and|   0|  0|   2|           1|           1|
    |ap_condition_263                  |       and|   0|  0|   2|           1|           1|
    |ap_predicate_op32_write_state2    |       and|   0|  0|   2|           1|           1|
    |icmp_ln59_fu_98_p2                |      icmp|   0|  0|  17|          10|          10|
    |icmp_ln65_1_fu_136_p2             |      icmp|   0|  0|  14|           7|           7|
    |icmp_ln65_fu_110_p2               |      icmp|   0|  0|  14|           7|           7|
    |ap_block_state3_pp0_stage2_iter0  |        or|   0|  0|   2|           1|           1|
    |or_ln59_fu_116_p2                 |        or|   0|  0|   2|           1|           1|
    |j_5_fu_128_p3                     |    select|   0|  0|   7|           1|           1|
    |ap_enable_pp0                     |       xor|   0|  0|   2|           1|           2|
    +----------------------------------+----------+----+---+----+------------+------------+
    |Total                             |          |   0|  0| 103|          52|          38|
    +----------------------------------+----------+----+---+----+------------+------------+

    * Multiplexer: 
    +--------------------------------------+----+-----------+-----+-----------+
    |                 Name                 | LUT| Input Size| Bits| Total Bits|
    +--------------------------------------+----+-----------+-----+-----------+
    |ap_NS_fsm                             |  20|          4|    1|          4|
    |ap_done_int                           |   9|          2|    1|          2|
    |ap_enable_reg_pp0_iter0               |   9|          2|    1|          2|
    |ap_enable_reg_pp0_iter0_reg           |   9|          2|    1|          2|
    |ap_enable_reg_pp0_iter1               |   9|          2|    1|          2|
    |ap_sig_allocacmp_indvar_flatten_load  |   9|          2|   10|         20|
    |ap_sig_allocacmp_j                    |   9|          2|    7|         14|
    |indvar_flatten_fu_52                  |   9|          2|   10|         20|
    |j_4_fu_48                             |   9|          2|    7|         14|
    |layer25_out_blk_n                     |   9|          2|    1|          2|
    |layer25_out_din                       |  14|          3|  128|        384|
    |layer6_out_blk_n                      |   9|          2|    1|          2|
    +--------------------------------------+----+-----------+-----+-----------+
    |Total                                 | 124|         27|  169|        468|
    +--------------------------------------+----+-----------+-----+-----------+

    * Register: 
    +-----------------------------+----+----+-----+-----------+
    |             Name            | FF | LUT| Bits| Const Bits|
    +-----------------------------+----+----+-----+-----------+
    |ap_CS_fsm                    |   3|   0|    3|          0|
    |ap_done_reg                  |   1|   0|    1|          0|
    |ap_enable_reg_pp0_iter0_reg  |   1|   0|    1|          0|
    |ap_enable_reg_pp0_iter1      |   1|   0|    1|          0|
    |icmp_ln59_reg_166            |   1|   0|    1|          0|
    |icmp_ln65_1_reg_174          |   1|   0|    1|          0|
    |indvar_flatten_fu_52         |  10|   0|   10|          0|
    |j_4_fu_48                    |   7|   0|    7|          0|
    |or_ln59_reg_170              |   1|   0|    1|          0|
    +-----------------------------+----+----+-----+-----------+
    |Total                        |  26|   0|   26|          0|
    +-----------------------------+----+----+-----+-----------+



================================================================
== Interface
================================================================
* Summary: 
+----------------------------+-----+-----+------------+---------------------------------------------------------------------------+--------------+
|          RTL Ports         | Dir | Bits|  Protocol  |                               Source Object                               |    C Type    |
+----------------------------+-----+-----+------------+---------------------------------------------------------------------------+--------------+
|ap_clk                      |   in|    1|  ap_ctrl_hs|  zeropad2d_cl<array,array<ap_fixed,8u>,config25>_Pipeline_PadMain_CopyMain|  return value|
|ap_rst                      |   in|    1|  ap_ctrl_hs|  zeropad2d_cl<array,array<ap_fixed,8u>,config25>_Pipeline_PadMain_CopyMain|  return value|
|ap_start                    |   in|    1|  ap_ctrl_hs|  zeropad2d_cl<array,array<ap_fixed,8u>,config25>_Pipeline_PadMain_CopyMain|  return value|
|ap_done                     |  out|    1|  ap_ctrl_hs|  zeropad2d_cl<array,array<ap_fixed,8u>,config25>_Pipeline_PadMain_CopyMain|  return value|
|ap_idle                     |  out|    1|  ap_ctrl_hs|  zeropad2d_cl<array,array<ap_fixed,8u>,config25>_Pipeline_PadMain_CopyMain|  return value|
|ap_ready                    |  out|    1|  ap_ctrl_hs|  zeropad2d_cl<array,array<ap_fixed,8u>,config25>_Pipeline_PadMain_CopyMain|  return value|
|layer25_out_din             |  out|  128|     ap_fifo|                                                                layer25_out|       pointer|
|layer25_out_num_data_valid  |   in|   11|     ap_fifo|                                                                layer25_out|       pointer|
|layer25_out_fifo_cap        |   in|   11|     ap_fifo|                                                                layer25_out|       pointer|
|layer25_out_full_n          |   in|    1|     ap_fifo|                                                                layer25_out|       pointer|
|layer25_out_write           |  out|    1|     ap_fifo|                                                                layer25_out|       pointer|
|layer6_out_dout             |   in|  128|     ap_fifo|                                                                 layer6_out|       pointer|
|layer6_out_num_data_valid   |   in|   11|     ap_fifo|                                                                 layer6_out|       pointer|
|layer6_out_fifo_cap         |   in|   11|     ap_fifo|                                                                 layer6_out|       pointer|
|layer6_out_empty_n          |   in|    1|     ap_fifo|                                                                 layer6_out|       pointer|
|layer6_out_read             |  out|    1|     ap_fifo|                                                                 layer6_out|       pointer|
+----------------------------+-----+-----+------------+---------------------------------------------------------------------------+--------------+

============================================================
+ Verbose Summary: Synthesis Manager
============================================================
InlineROM: 1
ExposeGlobal: 0
============================================================
+ Verbose Summary: CDFG Model
============================================================
IsTopModel: 0
ResetActiveHigh: 1
IsCombinational: 2
IsDatapathOnly: 2
HasWiredReturn: 1
HasMFsm: 2
HasVarLatency: 1
IsPipeline: 0
IsRtlPipelined: 0
IsInstanceOverlapped: 0
IsDontTouch: 0
HasImplIP: 0
IsGatedGlobalClock: 0

+ Individual pipeline summary: 
  * Pipeline-0: initiation interval (II) = 3, depth = 4


============================================================
+ Verbose Summary: Schedule
============================================================
* Number of FSM states : 4
* Pipeline : 1
  Pipeline-0 : II = 3, D = 4, States = { 1 2 3 4 }
* Dataflow Pipeline: 0

* FSM state transitions: 
1 --> 2 
2 --> 3 
3 --> 4 
4 --> 

* FSM state operations: 

State 1 <SV = 0> <Delay = 2.33>
ST_1 : Operation 7 [1/1] (0.00ns)   --->   "%j_4 = alloca i32 1" [firmware/nnet_utils/nnet_padding_stream.h:65]   --->   Operation 7 'alloca' 'j_4' <Predicate = true> <Delay = 0.00>
ST_1 : Operation 8 [1/1] (0.00ns)   --->   "%indvar_flatten = alloca i32 1"   --->   Operation 8 'alloca' 'indvar_flatten' <Predicate = true> <Delay = 0.00>
ST_1 : Operation 9 [1/1] (0.00ns)   --->   "%specinterface_ln0 = specinterface void @_ssdm_op_SpecInterface, i128 %layer6_out, void @empty_7, i32 0, i32 0, void @empty_11, i32 0, i32 0, void @empty_11, void @empty_11, void @empty_11, i32 0, i32 0, i32 0, i32 0, void @empty_11, void @empty_11, i32 4294967295, i32 0"   --->   Operation 9 'specinterface' 'specinterface_ln0' <Predicate = true> <Delay = 0.00>
ST_1 : Operation 10 [1/1] (0.00ns)   --->   "%specinterface_ln0 = specinterface void @_ssdm_op_SpecInterface, i128 %layer25_out, void @empty_7, i32 0, i32 0, void @empty_11, i32 0, i32 0, void @empty_11, void @empty_11, void @empty_11, i32 0, i32 0, i32 0, i32 0, void @empty_11, void @empty_11, i32 4294967295, i32 0"   --->   Operation 10 'specinterface' 'specinterface_ln0' <Predicate = true> <Delay = 0.00>
ST_1 : Operation 11 [1/1] (0.42ns)   --->   "%store_ln0 = store i10 0, i10 %indvar_flatten"   --->   Operation 11 'store' 'store_ln0' <Predicate = true> <Delay = 0.42>
ST_1 : Operation 12 [1/1] (0.42ns)   --->   "%store_ln65 = store i7 0, i7 %j_4" [firmware/nnet_utils/nnet_padding_stream.h:65]   --->   Operation 12 'store' 'store_ln65' <Predicate = true> <Delay = 0.42>
ST_1 : Operation 13 [1/1] (0.42ns)   --->   "%br_ln0 = br void %for.body25"   --->   Operation 13 'br' 'br_ln0' <Predicate = true> <Delay = 0.42>
ST_1 : Operation 14 [1/1] (0.00ns)   --->   "%first_iter_0 = phi i1 0, void %new.latch.for.body25.split, i1 1, void %newFuncRoot"   --->   Operation 14 'phi' 'first_iter_0' <Predicate = true> <Delay = 0.00>
ST_1 : Operation 15 [1/1] (0.00ns)   --->   "%j = load i7 %j_4" [firmware/nnet_utils/nnet_padding_stream.h:65]   --->   Operation 15 'load' 'j' <Predicate = true> <Delay = 0.00>
ST_1 : Operation 16 [1/1] (0.00ns)   --->   "%indvar_flatten_load = load i10 %indvar_flatten" [firmware/nnet_utils/nnet_padding_stream.h:59]   --->   Operation 16 'load' 'indvar_flatten_load' <Predicate = true> <Delay = 0.00>
ST_1 : Operation 17 [1/1] (0.78ns)   --->   "%icmp_ln59 = icmp_eq  i10 %indvar_flatten_load, i10 700" [firmware/nnet_utils/nnet_padding_stream.h:59]   --->   Operation 17 'icmp' 'icmp_ln59' <Predicate = true> <Delay = 0.78> <CoreInst = "Cmp">   --->   Core 9 'Cmp' <Latency = 0> <II = 1> <Delay = 0.78> <FuncUnit> <Opcode : 'icmp'> <InPorts = 2> <OutPorts = 1>
ST_1 : Operation 18 [1/1] (0.78ns)   --->   "%add_ln59 = add i10 %indvar_flatten_load, i10 1" [firmware/nnet_utils/nnet_padding_stream.h:59]   --->   Operation 18 'add' 'add_ln59' <Predicate = true> <Delay = 0.78> <CoreInst = "Adder">   --->   Core 1 'Adder' <Latency = 0> <II = 1> <Delay = 0.78> <FuncUnit> <Opcode : 'add' 'sub'> <InPorts = 2> <OutPorts = 1>
ST_1 : Operation 19 [1/1] (0.00ns)   --->   "%br_ln59 = br i1 %icmp_ln59, void %for.inc34, void %for.inc50.preheader.exitStub" [firmware/nnet_utils/nnet_padding_stream.h:59]   --->   Operation 19 'br' 'br_ln59' <Predicate = true> <Delay = 0.00>
ST_1 : Operation 20 [1/1] (0.00ns)   --->   "%specloopname_ln0 = specloopname void @_ssdm_op_SpecLoopName, void @PadMain_CopyMain_str"   --->   Operation 20 'specloopname' 'specloopname_ln0' <Predicate = (!icmp_ln59)> <Delay = 0.00>
ST_1 : Operation 21 [1/1] (0.00ns)   --->   "%speclooptripcount_ln0 = speclooptripcount void @_ssdm_op_SpecLoopTripCount, i64 700, i64 700, i64 700"   --->   Operation 21 'speclooptripcount' 'speclooptripcount_ln0' <Predicate = (!icmp_ln59)> <Delay = 0.00>
ST_1 : Operation 22 [1/1] (0.77ns)   --->   "%icmp_ln65 = icmp_eq  i7 %j, i7 70" [firmware/nnet_utils/nnet_padding_stream.h:65]   --->   Operation 22 'icmp' 'icmp_ln65' <Predicate = (!icmp_ln59)> <Delay = 0.77> <CoreInst = "Cmp">   --->   Core 9 'Cmp' <Latency = 0> <II = 1> <Delay = 0.77> <FuncUnit> <Opcode : 'icmp'> <InPorts = 2> <OutPorts = 1>
ST_1 : Operation 23 [1/1] (0.28ns)   --->   "%or_ln59 = or i1 %icmp_ln65, i1 %first_iter_0" [firmware/nnet_utils/nnet_padding_stream.h:59]   --->   Operation 23 'or' 'or_ln59' <Predicate = (!icmp_ln59)> <Delay = 0.28> <CoreInst = "LogicGate">   --->   Core 74 'LogicGate' <Latency = 0> <II = 1> <Delay = 0.28> <FuncUnit> <Opcode : 'and' 'or' 'xor'> <InPorts = 2> <OutPorts = 1>
ST_1 : Operation 24 [1/1] (0.00ns)   --->   "%br_ln65 = br i1 %or_ln59, void %for.body25.split, void %for.first.iter.for.body25" [firmware/nnet_utils/nnet_padding_stream.h:65]   --->   Operation 24 'br' 'br_ln65' <Predicate = (!icmp_ln59)> <Delay = 0.00>
ST_1 : Operation 25 [1/1] (0.77ns)   --->   "%add_ln65 = add i7 %j, i7 1" [firmware/nnet_utils/nnet_padding_stream.h:65]   --->   Operation 25 'add' 'add_ln65' <Predicate = (!icmp_ln59)> <Delay = 0.77> <CoreInst = "Adder">   --->   Core 1 'Adder' <Latency = 0> <II = 1> <Delay = 0.77> <FuncUnit> <Opcode : 'add' 'sub'> <InPorts = 2> <OutPorts = 1>
ST_1 : Operation 26 [1/1] (0.36ns)   --->   "%j_5 = select i1 %icmp_ln65, i7 1, i7 %add_ln65" [firmware/nnet_utils/nnet_padding_stream.h:65]   --->   Operation 26 'select' 'j_5' <Predicate = (!icmp_ln59)> <Delay = 0.36> <CoreInst = "Sel">   --->   Core 73 'Sel' <Latency = 0> <II = 1> <Delay = 0.36> <FuncUnit> <Opcode : 'select'> <InPorts = 3> <OutPorts = 1>
ST_1 : Operation 27 [1/1] (0.77ns)   --->   "%icmp_ln65_1 = icmp_eq  i7 %j_5, i7 70" [firmware/nnet_utils/nnet_padding_stream.h:65]   --->   Operation 27 'icmp' 'icmp_ln65_1' <Predicate = (!icmp_ln59)> <Delay = 0.77> <CoreInst = "Cmp">   --->   Core 9 'Cmp' <Latency = 0> <II = 1> <Delay = 0.77> <FuncUnit> <Opcode : 'icmp'> <InPorts = 2> <OutPorts = 1>
ST_1 : Operation 28 [1/1] (0.00ns)   --->   "%br_ln65 = br i1 %icmp_ln65_1, void %new.latch.for.body25.split, void %last.iter.for.body25.split" [firmware/nnet_utils/nnet_padding_stream.h:65]   --->   Operation 28 'br' 'br_ln65' <Predicate = (!icmp_ln59)> <Delay = 0.00>
ST_1 : Operation 29 [1/1] (0.42ns)   --->   "%store_ln59 = store i10 %add_ln59, i10 %indvar_flatten" [firmware/nnet_utils/nnet_padding_stream.h:59]   --->   Operation 29 'store' 'store_ln59' <Predicate = (!icmp_ln59)> <Delay = 0.42>
ST_1 : Operation 30 [1/1] (0.42ns)   --->   "%store_ln65 = store i7 %j_5, i7 %j_4" [firmware/nnet_utils/nnet_padding_stream.h:65]   --->   Operation 30 'store' 'store_ln65' <Predicate = (!icmp_ln59)> <Delay = 0.42>
ST_1 : Operation 31 [1/1] (0.00ns)   --->   "%br_ln65 = br void %for.body25" [firmware/nnet_utils/nnet_padding_stream.h:65]   --->   Operation 31 'br' 'br_ln65' <Predicate = (!icmp_ln59)> <Delay = 0.00>
ST_1 : Operation 39 [1/1] (0.00ns)   --->   "%ret_ln0 = ret"   --->   Operation 39 'ret' 'ret_ln0' <Predicate = (icmp_ln59)> <Delay = 0.00>

State 2 <SV = 1> <Delay = 1.71>
ST_2 : Operation 32 [1/1] (1.71ns)   --->   "%write_ln15 = write void @_ssdm_op_Write.ap_fifo.volatile.i128P0A, i128 %layer25_out, i128 0" [firmware/nnet_utils/nnet_padding_stream.h:15->firmware/nnet_utils/nnet_padding_stream.h:62]   --->   Operation 32 'write' 'write_ln15' <Predicate = (!icmp_ln59 & or_ln59)> <Delay = 1.71> <CoreInst = "FIFO">   --->   Core 78 'FIFO' <Latency = 0> <II = 1> <Delay = 1.71> <Storage> <Opcode : 'read' 'write' 'nbread' 'nbwrite'> <Ports = 0> <Width = 128> <Depth = 864> <FIFO>
ST_2 : Operation 33 [1/1] (0.00ns)   --->   "%br_ln65 = br void %for.body25.split" [firmware/nnet_utils/nnet_padding_stream.h:65]   --->   Operation 33 'br' 'br_ln65' <Predicate = (!icmp_ln59 & or_ln59)> <Delay = 0.00>

State 3 <SV = 2> <Delay = 3.53>
ST_3 : Operation 34 [1/1] (0.00ns)   --->   "%specpipeline_ln65 = specpipeline void @_ssdm_op_SpecPipeline, i32 4294967295, i32 0, i32 0, i32 0, void @empty_11" [firmware/nnet_utils/nnet_padding_stream.h:65]   --->   Operation 34 'specpipeline' 'specpipeline_ln65' <Predicate = (!icmp_ln59)> <Delay = 0.00>
ST_3 : Operation 35 [1/1] (1.82ns)   --->   "%layer6_out_read = read i128 @_ssdm_op_Read.ap_fifo.volatile.i128P0A, i128 %layer6_out" [firmware/nnet_utils/nnet_padding_stream.h:20->firmware/nnet_utils/nnet_padding_stream.h:66]   --->   Operation 35 'read' 'layer6_out_read' <Predicate = (!icmp_ln59)> <Delay = 1.82> <CoreInst = "FIFO">   --->   Core 78 'FIFO' <Latency = 0> <II = 1> <Delay = 1.93> <Storage> <Opcode : 'read' 'write' 'nbread' 'nbwrite'> <Ports = 0> <Width = 128> <Depth = 700> <FIFO>
ST_3 : Operation 36 [1/1] (1.71ns)   --->   "%write_ln26 = write void @_ssdm_op_Write.ap_fifo.volatile.i128P0A, i128 %layer25_out, i128 %layer6_out_read" [firmware/nnet_utils/nnet_padding_stream.h:26->firmware/nnet_utils/nnet_padding_stream.h:66]   --->   Operation 36 'write' 'write_ln26' <Predicate = (!icmp_ln59)> <Delay = 1.71> <CoreInst = "FIFO">   --->   Core 78 'FIFO' <Latency = 0> <II = 1> <Delay = 1.71> <Storage> <Opcode : 'read' 'write' 'nbread' 'nbwrite'> <Ports = 0> <Width = 128> <Depth = 864> <FIFO>

State 4 <SV = 3> <Delay = 1.71>
ST_4 : Operation 37 [1/1] (1.71ns)   --->   "%write_ln15 = write void @_ssdm_op_Write.ap_fifo.volatile.i128P0A, i128 %layer25_out, i128 0" [firmware/nnet_utils/nnet_padding_stream.h:15->firmware/nnet_utils/nnet_padding_stream.h:70]   --->   Operation 37 'write' 'write_ln15' <Predicate = (icmp_ln65_1)> <Delay = 1.71> <CoreInst = "FIFO">   --->   Core 78 'FIFO' <Latency = 0> <II = 1> <Delay = 1.71> <Storage> <Opcode : 'read' 'write' 'nbread' 'nbwrite'> <Ports = 0> <Width = 128> <Depth = 864> <FIFO>
ST_4 : Operation 38 [1/1] (0.00ns)   --->   "%br_ln65 = br void %new.latch.for.body25.split" [firmware/nnet_utils/nnet_padding_stream.h:65]   --->   Operation 38 'br' 'br_ln65' <Predicate = (icmp_ln65_1)> <Delay = 0.00>


============================================================
+ Verbose Summary: Binding
============================================================
STG Binding: 
---------------- STG Properties BEGIN ----------------
- Is combinational: 0
- Is one-state seq: 0
- Is datapath-only: 0
- Is pipelined: 0
- Is top level: 0
Port [ Return ] is wired: 1; IO mode=ap_ctrl_hs:ce=0
Port [ layer25_out]:  wired=1; compound=1; hidden=0; nouse=0; global=0; static=0; extern=0; dir=1; type=3; pingpong=0; private_global=0; IO mode=ap_fifo:ce=0
Port [ layer6_out]:  wired=1; compound=1; hidden=0; nouse=0; global=0; static=0; extern=0; dir=0; type=3; pingpong=0; private_global=0; IO mode=ap_fifo:ce=0
---------------- STG Properties END ------------------

---------------- Datapath Model BEGIN ----------------

<LifeTime>
<method=bitvector/>
j_4                   (alloca           ) [ 01000]
indvar_flatten        (alloca           ) [ 01000]
specinterface_ln0     (specinterface    ) [ 00000]
specinterface_ln0     (specinterface    ) [ 00000]
store_ln0             (store            ) [ 00000]
store_ln65            (store            ) [ 00000]
br_ln0                (br               ) [ 00000]
first_iter_0          (phi              ) [ 01000]
j                     (load             ) [ 00000]
indvar_flatten_load   (load             ) [ 00000]
icmp_ln59             (icmp             ) [ 01111]
add_ln59              (add              ) [ 00000]
br_ln59               (br               ) [ 00000]
specloopname_ln0      (specloopname     ) [ 00000]
speclooptripcount_ln0 (speclooptripcount) [ 00000]
icmp_ln65             (icmp             ) [ 00000]
or_ln59               (or               ) [ 00100]
br_ln65               (br               ) [ 00000]
add_ln65              (add              ) [ 00000]
j_5                   (select           ) [ 00000]
icmp_ln65_1           (icmp             ) [ 01111]
br_ln65               (br               ) [ 00000]
store_ln59            (store            ) [ 00000]
store_ln65            (store            ) [ 00000]
br_ln65               (br               ) [ 01000]
write_ln15            (write            ) [ 00000]
br_ln65               (br               ) [ 00000]
specpipeline_ln65     (specpipeline     ) [ 00000]
layer6_out_read       (read             ) [ 00000]
write_ln26            (write            ) [ 00000]
write_ln15            (write            ) [ 00000]
br_ln65               (br               ) [ 00000]
ret_ln0               (ret              ) [ 00000]
</LifeTime>

<model>

<comp_list>
<comp id="0" class="1000" name="layer25_out">
<pin_list>
<pin id="1" dir="1" index="0" bw="1" slack="0"/>
</pin_list>
<bind>
<StgValue><ssdm name="layer25_out"/></StgValue>
</bind>
</comp>

<comp id="2" class="1000" name="layer6_out">
<pin_list>
<pin id="3" dir="1" index="0" bw="1" slack="0"/>
</pin_list>
<bind>
<StgValue><ssdm name="layer6_out"/></StgValue>
</bind>
</comp>

<comp id="4" class="1001" name="const_4">
<pin_list>
<pin id="5" dir="1" index="0" bw="1" slack="0"/>
</pin_list>
<bind>
<StgValue><ssdm name=""/></StgValue>
</bind>
</comp>

<comp id="6" class="1001" name="const_6">
<pin_list>
<pin id="7" dir="1" index="0" bw="1" slack="2147483647"/>
</pin_list>
<bind>
<StgValue><ssdm name="_ssdm_op_SpecInterface"/></StgValue>
</bind>
</comp>

<comp id="8" class="1001" name="const_8">
<pin_list>
<pin id="9" dir="1" index="0" bw="1" slack="2147483647"/>
</pin_list>
<bind>
<StgValue><ssdm name="empty_7"/></StgValue>
</bind>
</comp>

<comp id="10" class="1001" name="const_10">
<pin_list>
<pin id="11" dir="1" index="0" bw="1" slack="2147483647"/>
</pin_list>
<bind>
<StgValue><ssdm name=""/></StgValue>
</bind>
</comp>

<comp id="12" class="1001" name="const_12">
<pin_list>
<pin id="13" dir="1" index="0" bw="1" slack="2147483647"/>
</pin_list>
<bind>
<StgValue><ssdm name="empty_11"/></StgValue>
</bind>
</comp>

<comp id="14" class="1001" name="const_14">
<pin_list>
<pin id="15" dir="1" index="0" bw="1" slack="2147483647"/>
</pin_list>
<bind>
<StgValue><ssdm name=""/></StgValue>
</bind>
</comp>

<comp id="16" class="1001" name="const_16">
<pin_list>
<pin id="17" dir="1" index="0" bw="1" slack="0"/>
</pin_list>
<bind>
<StgValue><ssdm name=""/></StgValue>
</bind>
</comp>

<comp id="18" class="1001" name="const_18">
<pin_list>
<pin id="19" dir="1" index="0" bw="1" slack="0"/>
</pin_list>
<bind>
<StgValue><ssdm name=""/></StgValue>
</bind>
</comp>

<comp id="20" class="1001" name="const_20">
<pin_list>
<pin id="21" dir="1" index="0" bw="1" slack="0"/>
</pin_list>
<bind>
<StgValue><ssdm name=""/></StgValue>
</bind>
</comp>

<comp id="22" class="1001" name="const_22">
<pin_list>
<pin id="23" dir="1" index="0" bw="1" slack="0"/>
</pin_list>
<bind>
<StgValue><ssdm name=""/></StgValue>
</bind>
</comp>

<comp id="24" class="1001" name="const_24">
<pin_list>
<pin id="25" dir="1" index="0" bw="1" slack="0"/>
</pin_list>
<bind>
<StgValue><ssdm name=""/></StgValue>
</bind>
</comp>

<comp id="26" class="1001" name="const_26">
<pin_list>
<pin id="27" dir="1" index="0" bw="1" slack="0"/>
</pin_list>
<bind>
<StgValue><ssdm name=""/></StgValue>
</bind>
</comp>

<comp id="28" class="1001" name="const_28">
<pin_list>
<pin id="29" dir="1" index="0" bw="1" slack="2147483647"/>
</pin_list>
<bind>
<StgValue><ssdm name="_ssdm_op_SpecLoopName"/></StgValue>
</bind>
</comp>

<comp id="30" class="1001" name="const_30">
<pin_list>
<pin id="31" dir="1" index="0" bw="1" slack="2147483647"/>
</pin_list>
<bind>
<StgValue><ssdm name="PadMain_CopyMain_str"/></StgValue>
</bind>
</comp>

<comp id="32" class="1001" name="const_32">
<pin_list>
<pin id="33" dir="1" index="0" bw="1" slack="2147483647"/>
</pin_list>
<bind>
<StgValue><ssdm name="_ssdm_op_SpecLoopTripCount"/></StgValue>
</bind>
</comp>

<comp id="34" class="1001" name="const_34">
<pin_list>
<pin id="35" dir="1" index="0" bw="1" slack="2147483647"/>
</pin_list>
<bind>
<StgValue><ssdm name=""/></StgValue>
</bind>
</comp>

<comp id="36" class="1001" name="const_36">
<pin_list>
<pin id="37" dir="1" index="0" bw="1" slack="0"/>
</pin_list>
<bind>
<StgValue><ssdm name=""/></StgValue>
</bind>
</comp>

<comp id="38" class="1001" name="const_38">
<pin_list>
<pin id="39" dir="1" index="0" bw="1" slack="0"/>
</pin_list>
<bind>
<StgValue><ssdm name=""/></StgValue>
</bind>
</comp>

<comp id="40" class="1001" name="const_40">
<pin_list>
<pin id="41" dir="1" index="0" bw="1" slack="0"/>
</pin_list>
<bind>
<StgValue><ssdm name="_ssdm_op_Write.ap_fifo.volatile.i128P0A"/></StgValue>
</bind>
</comp>

<comp id="42" class="1001" name="const_42">
<pin_list>
<pin id="43" dir="1" index="0" bw="1" slack="0"/>
</pin_list>
<bind>
<StgValue><ssdm name=""/></StgValue>
</bind>
</comp>

<comp id="44" class="1001" name="const_44">
<pin_list>
<pin id="45" dir="1" index="0" bw="1" slack="2147483647"/>
</pin_list>
<bind>
<StgValue><ssdm name="_ssdm_op_SpecPipeline"/></StgValue>
</bind>
</comp>

<comp id="46" class="1001" name="const_46">
<pin_list>
<pin id="47" dir="1" index="0" bw="1" slack="0"/>
</pin_list>
<bind>
<StgValue><ssdm name="_ssdm_op_Read.ap_fifo.volatile.i128P0A"/></StgValue>
</bind>
</comp>

<comp id="48" class="1004" name="j_4_fu_48">
<pin_list>
<pin id="49" dir="0" index="0" bw="1" slack="0"/>
<pin id="50" dir="1" index="1" bw="7" slack="0"/>
</pin_list>
<bind>
<opcode="alloca(26) " fcode="alloca"/>
<opset="j_4/1 "/>
</bind>
</comp>

<comp id="52" class="1004" name="indvar_flatten_fu_52">
<pin_list>
<pin id="53" dir="0" index="0" bw="1" slack="0"/>
<pin id="54" dir="1" index="1" bw="10" slack="0"/>
</pin_list>
<bind>
<opcode="alloca(26) " fcode="alloca"/>
<opset="indvar_flatten/1 "/>
</bind>
</comp>

<comp id="56" class="1004" name="grp_write_fu_56">
<pin_list>
<pin id="57" dir="0" index="0" bw="0" slack="0"/>
<pin id="58" dir="0" index="1" bw="128" slack="0"/>
<pin id="59" dir="0" index="2" bw="128" slack="0"/>
<pin id="60" dir="1" index="3" bw="0" slack="2147483647"/>
</pin_list>
<bind>
<opcode="write(1151) " fcode="write"/>
<opset="write_ln15/2 write_ln26/3 write_ln15/4 "/>
</bind>
</comp>

<comp id="64" class="1004" name="layer6_out_read_read_fu_64">
<pin_list>
<pin id="65" dir="0" index="0" bw="128" slack="0"/>
<pin id="66" dir="0" index="1" bw="128" slack="0"/>
<pin id="67" dir="1" index="2" bw="128" slack="0"/>
</pin_list>
<bind>
<opcode="read(1150) " fcode="read"/>
<opset="layer6_out_read/3 "/>
</bind>
</comp>

<comp id="71" class="1005" name="first_iter_0_reg_71">
<pin_list>
<pin id="72" dir="0" index="0" bw="1" slack="2147483647"/>
<pin id="73" dir="1" index="1" bw="1" slack="2147483647"/>
</pin_list>
<bind>
<opset="first_iter_0 (phireg) "/>
</bind>
</comp>

<comp id="74" class="1004" name="first_iter_0_phi_fu_74">
<pin_list>
<pin id="75" dir="0" index="0" bw="1" slack="0"/>
<pin id="76" dir="0" index="1" bw="0" slack="2147483647"/>
<pin id="77" dir="0" index="2" bw="1" slack="0"/>
<pin id="78" dir="0" index="3" bw="0" slack="2147483647"/>
<pin id="79" dir="1" index="4" bw="1" slack="0"/>
</pin_list>
<bind>
<opcode="phi(47) " fcode="phi"/>
<opset="first_iter_0/1 "/>
</bind>
</comp>

<comp id="82" class="1004" name="store_ln0_store_fu_82">
<pin_list>
<pin id="83" dir="0" index="0" bw="1" slack="0"/>
<pin id="84" dir="0" index="1" bw="10" slack="0"/>
<pin id="85" dir="1" index="2" bw="0" slack="2147483647"/>
</pin_list>
<bind>
<opcode="store(28) " fcode="store"/>
<opset="store_ln0/1 "/>
</bind>
</comp>

<comp id="87" class="1004" name="store_ln65_store_fu_87">
<pin_list>
<pin id="88" dir="0" index="0" bw="1" slack="0"/>
<pin id="89" dir="0" index="1" bw="7" slack="0"/>
<pin id="90" dir="1" index="2" bw="0" slack="2147483647"/>
</pin_list>
<bind>
<opcode="store(28) " fcode="store"/>
<opset="store_ln65/1 "/>
</bind>
</comp>

<comp id="92" class="1004" name="j_load_fu_92">
<pin_list>
<pin id="93" dir="0" index="0" bw="7" slack="0"/>
<pin id="94" dir="1" index="1" bw="7" slack="0"/>
</pin_list>
<bind>
<opcode="load(27) " fcode="load"/>
<opset="j/1 "/>
</bind>
</comp>

<comp id="95" class="1004" name="indvar_flatten_load_load_fu_95">
<pin_list>
<pin id="96" dir="0" index="0" bw="10" slack="0"/>
<pin id="97" dir="1" index="1" bw="10" slack="0"/>
</pin_list>
<bind>
<opcode="load(27) " fcode="load"/>
<opset="indvar_flatten_load/1 "/>
</bind>
</comp>

<comp id="98" class="1004" name="icmp_ln59_fu_98">
<pin_list>
<pin id="99" dir="0" index="0" bw="10" slack="0"/>
<pin id="100" dir="0" index="1" bw="10" slack="0"/>
<pin id="101" dir="1" index="2" bw="1" slack="1"/>
</pin_list>
<bind>
<opcode="icmp(45) " fcode="icmp"/>
<opset="icmp_ln59/1 "/>
</bind>
</comp>

<comp id="104" class="1004" name="add_ln59_fu_104">
<pin_list>
<pin id="105" dir="0" index="0" bw="10" slack="0"/>
<pin id="106" dir="0" index="1" bw="1" slack="0"/>
<pin id="107" dir="1" index="2" bw="10" slack="0"/>
</pin_list>
<bind>
<opcode="add(8) " fcode="add"/>
<opset="add_ln59/1 "/>
</bind>
</comp>

<comp id="110" class="1004" name="icmp_ln65_fu_110">
<pin_list>
<pin id="111" dir="0" index="0" bw="7" slack="0"/>
<pin id="112" dir="0" index="1" bw="7" slack="0"/>
<pin id="113" dir="1" index="2" bw="1" slack="0"/>
</pin_list>
<bind>
<opcode="icmp(45) " fcode="icmp"/>
<opset="icmp_ln65/1 "/>
</bind>
</comp>

<comp id="116" class="1004" name="or_ln59_fu_116">
<pin_list>
<pin id="117" dir="0" index="0" bw="1" slack="0"/>
<pin id="118" dir="0" index="1" bw="1" slack="0"/>
<pin id="119" dir="1" index="2" bw="1" slack="1"/>
</pin_list>
<bind>
<opcode="or(24) " fcode="or"/>
<opset="or_ln59/1 "/>
</bind>
</comp>

<comp id="122" class="1004" name="add_ln65_fu_122">
<pin_list>
<pin id="123" dir="0" index="0" bw="7" slack="0"/>
<pin id="124" dir="0" index="1" bw="1" slack="0"/>
<pin id="125" dir="1" index="2" bw="7" slack="0"/>
</pin_list>
<bind>
<opcode="add(8) " fcode="add"/>
<opset="add_ln65/1 "/>
</bind>
</comp>

<comp id="128" class="1004" name="j_5_fu_128">
<pin_list>
<pin id="129" dir="0" index="0" bw="1" slack="0"/>
<pin id="130" dir="0" index="1" bw="7" slack="0"/>
<pin id="131" dir="0" index="2" bw="7" slack="0"/>
<pin id="132" dir="1" index="3" bw="7" slack="0"/>
</pin_list>
<bind>
<opcode="select(49) " fcode="select"/>
<opset="j_5/1 "/>
</bind>
</comp>

<comp id="136" class="1004" name="icmp_ln65_1_fu_136">
<pin_list>
<pin id="137" dir="0" index="0" bw="7" slack="0"/>
<pin id="138" dir="0" index="1" bw="7" slack="0"/>
<pin id="139" dir="1" index="2" bw="1" slack="3"/>
</pin_list>
<bind>
<opcode="icmp(45) " fcode="icmp"/>
<opset="icmp_ln65_1/1 "/>
</bind>
</comp>

<comp id="142" class="1004" name="store_ln59_store_fu_142">
<pin_list>
<pin id="143" dir="0" index="0" bw="10" slack="0"/>
<pin id="144" dir="0" index="1" bw="10" slack="0"/>
<pin id="145" dir="1" index="2" bw="0" slack="2147483647"/>
</pin_list>
<bind>
<opcode="store(28) " fcode="store"/>
<opset="store_ln59/1 "/>
</bind>
</comp>

<comp id="147" class="1004" name="store_ln65_store_fu_147">
<pin_list>
<pin id="148" dir="0" index="0" bw="7" slack="0"/>
<pin id="149" dir="0" index="1" bw="7" slack="0"/>
<pin id="150" dir="1" index="2" bw="0" slack="2147483647"/>
</pin_list>
<bind>
<opcode="store(28) " fcode="store"/>
<opset="store_ln65/1 "/>
</bind>
</comp>

<comp id="152" class="1005" name="j_4_reg_152">
<pin_list>
<pin id="153" dir="0" index="0" bw="7" slack="0"/>
<pin id="154" dir="1" index="1" bw="7" slack="0"/>
</pin_list>
<bind>
<opset="j_4 "/>
</bind>
</comp>

<comp id="159" class="1005" name="indvar_flatten_reg_159">
<pin_list>
<pin id="160" dir="0" index="0" bw="10" slack="0"/>
<pin id="161" dir="1" index="1" bw="10" slack="0"/>
</pin_list>
<bind>
<opset="indvar_flatten "/>
</bind>
</comp>

<comp id="166" class="1005" name="icmp_ln59_reg_166">
<pin_list>
<pin id="167" dir="0" index="0" bw="1" slack="1"/>
<pin id="168" dir="1" index="1" bw="1" slack="2147483647"/>
</pin_list>
<bind>
<opset="icmp_ln59 "/>
</bind>
</comp>

<comp id="170" class="1005" name="or_ln59_reg_170">
<pin_list>
<pin id="171" dir="0" index="0" bw="1" slack="1"/>
<pin id="172" dir="1" index="1" bw="1" slack="2147483647"/>
</pin_list>
<bind>
<opset="or_ln59 "/>
</bind>
</comp>

<comp id="174" class="1005" name="icmp_ln65_1_reg_174">
<pin_list>
<pin id="175" dir="0" index="0" bw="1" slack="3"/>
<pin id="176" dir="1" index="1" bw="1" slack="2147483647"/>
</pin_list>
<bind>
<opset="icmp_ln65_1 "/>
</bind>
</comp>

</comp_list>

<net_list>
<net id="51"><net_src comp="4" pin="0"/><net_sink comp="48" pin=0"/></net>

<net id="55"><net_src comp="4" pin="0"/><net_sink comp="52" pin=0"/></net>

<net id="61"><net_src comp="40" pin="0"/><net_sink comp="56" pin=0"/></net>

<net id="62"><net_src comp="0" pin="0"/><net_sink comp="56" pin=1"/></net>

<net id="63"><net_src comp="42" pin="0"/><net_sink comp="56" pin=2"/></net>

<net id="68"><net_src comp="46" pin="0"/><net_sink comp="64" pin=0"/></net>

<net id="69"><net_src comp="2" pin="0"/><net_sink comp="64" pin=1"/></net>

<net id="70"><net_src comp="64" pin="2"/><net_sink comp="56" pin=2"/></net>

<net id="80"><net_src comp="20" pin="0"/><net_sink comp="74" pin=0"/></net>

<net id="81"><net_src comp="22" pin="0"/><net_sink comp="74" pin=2"/></net>

<net id="86"><net_src comp="16" pin="0"/><net_sink comp="82" pin=0"/></net>

<net id="91"><net_src comp="18" pin="0"/><net_sink comp="87" pin=0"/></net>

<net id="102"><net_src comp="95" pin="1"/><net_sink comp="98" pin=0"/></net>

<net id="103"><net_src comp="24" pin="0"/><net_sink comp="98" pin=1"/></net>

<net id="108"><net_src comp="95" pin="1"/><net_sink comp="104" pin=0"/></net>

<net id="109"><net_src comp="26" pin="0"/><net_sink comp="104" pin=1"/></net>

<net id="114"><net_src comp="92" pin="1"/><net_sink comp="110" pin=0"/></net>

<net id="115"><net_src comp="36" pin="0"/><net_sink comp="110" pin=1"/></net>

<net id="120"><net_src comp="110" pin="2"/><net_sink comp="116" pin=0"/></net>

<net id="121"><net_src comp="74" pin="4"/><net_sink comp="116" pin=1"/></net>

<net id="126"><net_src comp="92" pin="1"/><net_sink comp="122" pin=0"/></net>

<net id="127"><net_src comp="38" pin="0"/><net_sink comp="122" pin=1"/></net>

<net id="133"><net_src comp="110" pin="2"/><net_sink comp="128" pin=0"/></net>

<net id="134"><net_src comp="38" pin="0"/><net_sink comp="128" pin=1"/></net>

<net id="135"><net_src comp="122" pin="2"/><net_sink comp="128" pin=2"/></net>

<net id="140"><net_src comp="128" pin="3"/><net_sink comp="136" pin=0"/></net>

<net id="141"><net_src comp="36" pin="0"/><net_sink comp="136" pin=1"/></net>

<net id="146"><net_src comp="104" pin="2"/><net_sink comp="142" pin=0"/></net>

<net id="151"><net_src comp="128" pin="3"/><net_sink comp="147" pin=0"/></net>

<net id="155"><net_src comp="48" pin="1"/><net_sink comp="152" pin=0"/></net>

<net id="156"><net_src comp="152" pin="1"/><net_sink comp="87" pin=1"/></net>

<net id="157"><net_src comp="152" pin="1"/><net_sink comp="92" pin=0"/></net>

<net id="158"><net_src comp="152" pin="1"/><net_sink comp="147" pin=1"/></net>

<net id="162"><net_src comp="52" pin="1"/><net_sink comp="159" pin=0"/></net>

<net id="163"><net_src comp="159" pin="1"/><net_sink comp="82" pin=1"/></net>

<net id="164"><net_src comp="159" pin="1"/><net_sink comp="95" pin=0"/></net>

<net id="165"><net_src comp="159" pin="1"/><net_sink comp="142" pin=1"/></net>

<net id="169"><net_src comp="98" pin="2"/><net_sink comp="166" pin=0"/></net>

<net id="173"><net_src comp="116" pin="2"/><net_sink comp="170" pin=0"/></net>

<net id="177"><net_src comp="136" pin="2"/><net_sink comp="174" pin=0"/></net>

</net_list>

</model> 
---------------- Datapath Model END ------------------

* FSMD analyzer results:
  - Output states:
	Port: layer25_out | {2 3 4 }
	Port: layer6_out | {}
 - Input state : 
	Port: zeropad2d_cl<array,array<ap_fixed,8u>,config25>_Pipeline_PadMain_CopyMain : layer25_out | {}
	Port: zeropad2d_cl<array,array<ap_fixed,8u>,config25>_Pipeline_PadMain_CopyMain : layer6_out | {3 }
  - Chain level:
	State 1
		store_ln0 : 1
		store_ln65 : 1
		first_iter_0 : 1
		j : 1
		indvar_flatten_load : 1
		icmp_ln59 : 2
		add_ln59 : 2
		br_ln59 : 3
		icmp_ln65 : 2
		or_ln59 : 3
		br_ln65 : 3
		add_ln65 : 2
		j_5 : 3
		icmp_ln65_1 : 4
		br_ln65 : 5
		store_ln59 : 3
		store_ln65 : 4
	State 2
	State 3
	State 4


============================================================
+ Verbose Summary: Datapath Resource usage 
============================================================

* Functional unit list:
|----------|----------------------------|---------|---------|
| Operation|       Functional Unit      |    FF   |   LUT   |
|----------|----------------------------|---------|---------|
|          |       icmp_ln59_fu_98      |    0    |    17   |
|   icmp   |      icmp_ln65_fu_110      |    0    |    14   |
|          |     icmp_ln65_1_fu_136     |    0    |    14   |
|----------|----------------------------|---------|---------|
|    add   |       add_ln59_fu_104      |    0    |    17   |
|          |       add_ln65_fu_122      |    0    |    14   |
|----------|----------------------------|---------|---------|
|  select  |         j_5_fu_128         |    0    |    7    |
|----------|----------------------------|---------|---------|
|    or    |       or_ln59_fu_116       |    0    |    2    |
|----------|----------------------------|---------|---------|
|   write  |       grp_write_fu_56      |    0    |    0    |
|----------|----------------------------|---------|---------|
|   read   | layer6_out_read_read_fu_64 |    0    |    0    |
|----------|----------------------------|---------|---------|
|   Total  |                            |    0    |    85   |
|----------|----------------------------|---------|---------|

Memories:
N/A

* Register list:
+----------------------+--------+
|                      |   FF   |
+----------------------+--------+
|  first_iter_0_reg_71 |    1   |
|   icmp_ln59_reg_166  |    1   |
|  icmp_ln65_1_reg_174 |    1   |
|indvar_flatten_reg_159|   10   |
|      j_4_reg_152     |    7   |
|    or_ln59_reg_170   |    1   |
+----------------------+--------+
|         Total        |   21   |
+----------------------+--------+

* Multiplexer (MUX) list: 
|-----------------|------|------|------|--------||---------||---------|
|       Comp      |  Pin | Size |  BW  | S x BW ||  Delay  ||   LUT   |
|-----------------|------|------|------|--------||---------||---------|
| grp_write_fu_56 |  p2  |   2  |  128 |   256  ||    9    |
|-----------------|------|------|------|--------||---------||---------|
|      Total      |      |      |      |   256  ||  0.427  ||    9    |
|-----------------|------|------|------|--------||---------||---------|



* Summary:
+-----------+--------+--------+--------+
|           |  Delay |   FF   |   LUT  |
+-----------+--------+--------+--------+
|  Function |    -   |    0   |   85   |
|   Memory  |    -   |    -   |    -   |
|Multiplexer|    0   |    -   |    9   |
|  Register |    -   |   21   |    -   |
+-----------+--------+--------+--------+
|   Total   |    0   |   21   |   94   |
+-----------+--------+--------+--------+
