

================================================================
== Vitis HLS Report for 'zeropad2d_cl_array_array_ap_fixed_16_6_5_3_0_8u_config26_Pipeline_PadMain'
================================================================
* Date:           Sun Mar 22 09:45:19 2026

* Version:        2023.2 (Build 4023990 on Oct 11 2023)
* Project:        myproject_prj
* Solution:       solution1 (Vivado IP Flow Target)
* Product family: zynquplus
* Target device:  xck26-sfvc784-2LV-c


================================================================
== Performance Estimates
================================================================
+ Timing: 
    * Summary: 
    +--------+---------+----------+------------+
    |  Clock |  Target | Estimated| Uncertainty|
    +--------+---------+----------+------------+
    |ap_clk  |  5.00 ns|  1.813 ns|     1.35 ns|
    +--------+---------+----------+------------+

+ Latency: 
    * Summary: 
    +---------+---------+----------+----------+-----+-----+---------+
    |  Latency (cycles) |  Latency (absolute) |  Interval | Pipeline|
    |   min   |   max   |    min   |    max   | min | max |   Type  |
    +---------+---------+----------+----------+-----+-----+---------+
    |       52|       52|  0.260 us|  0.260 us|   52|   52|       no|
    +---------+---------+----------+----------+-----+-----+---------+

    + Detail: 
        * Instance: 
        N/A

        * Loop: 
        +-----------+---------+---------+----------+-----------+-----------+------+----------+
        |           |  Latency (cycles) | Iteration|  Initiation Interval  | Trip |          |
        | Loop Name |   min   |   max   |  Latency |  achieved |   target  | Count| Pipelined|
        +-----------+---------+---------+----------+-----------+-----------+------+----------+
        |- PadMain  |       50|       50|        11|         10|          1|     5|       yes|
        +-----------+---------+---------+----------+-----------+-----------+------+----------+

============================================================
+ Verbose Summary: Synthesis Manager
============================================================
InlineROM: 1
ExposeGlobal: 0
============================================================
+ Verbose Summary: CDFG Model
============================================================
IsTopModel: 0
ResetActiveHigh: 1
IsCombinational: 0
IsDatapathOnly: 0
HasWiredReturn: 1
HasMFsm: 2
HasVarLatency: 1
IsPipeline: 0
IsRtlPipelined: 0
IsInstanceOverlapped: 0
IsDontTouch: 0
HasImplIP: 0
IsGatedGlobalClock: 0

+ Individual pipeline summary: 
  * Pipeline-0: initiation interval (II) = 10, depth = 11


============================================================
+ Verbose Summary: Schedule
============================================================
* Number of FSM states : 11
* Pipeline : 1
  Pipeline-0 : II = 10, D = 11, States = { 1 2 3 4 5 6 7 8 9 10 11 }
* Dataflow Pipeline: 0

* FSM state transitions: 
1 --> 2 
2 --> 3 
3 --> 4 
4 --> 5 
5 --> 6 
6 --> 7 
7 --> 8 
8 --> 9 
9 --> 10 
10 --> 11 
11 --> 

* FSM state operations: 

State 1 <SV = 0> <Delay = 1.52>
ST_1 : Operation 14 [1/1] (0.00ns)   --->   "%i = alloca i32 1" [firmware/nnet_utils/nnet_padding_stream.h:59]   --->   Operation 14 'alloca' 'i' <Predicate = true> <Delay = 0.00>
ST_1 : Operation 15 [1/1] (0.00ns)   --->   "%specinterface_ln0 = specinterface void @_ssdm_op_SpecInterface, i128 %layer11_out, void @empty_20, i32 0, i32 0, void @empty_6, i32 0, i32 0, void @empty_6, void @empty_6, void @empty_6, i32 0, i32 0, i32 0, i32 0, void @empty_6, void @empty_6, i32 4294967295, i32 0"   --->   Operation 15 'specinterface' 'specinterface_ln0' <Predicate = true> <Delay = 0.00>
ST_1 : Operation 16 [1/1] (0.00ns)   --->   "%specinterface_ln0 = specinterface void @_ssdm_op_SpecInterface, i128 %layer26_out, void @empty_20, i32 0, i32 0, void @empty_6, i32 0, i32 0, void @empty_6, void @empty_6, void @empty_6, i32 0, i32 0, i32 0, i32 0, void @empty_6, void @empty_6, i32 4294967295, i32 0"   --->   Operation 16 'specinterface' 'specinterface_ln0' <Predicate = true> <Delay = 0.00>
ST_1 : Operation 17 [1/1] (0.42ns)   --->   "%store_ln59 = store i3 0, i3 %i" [firmware/nnet_utils/nnet_padding_stream.h:59]   --->   Operation 17 'store' 'store_ln59' <Predicate = true> <Delay = 0.42>
ST_1 : Operation 18 [1/1] (0.00ns)   --->   "%br_ln0 = br void %PadLeft"   --->   Operation 18 'br' 'br_ln0' <Predicate = true> <Delay = 0.00>
ST_1 : Operation 19 [1/1] (0.00ns)   --->   "%i_1 = load i3 %i" [firmware/nnet_utils/nnet_padding_stream.h:59]   --->   Operation 19 'load' 'i_1' <Predicate = true> <Delay = 0.00>
ST_1 : Operation 20 [1/1] (0.67ns)   --->   "%icmp_ln59 = icmp_eq  i3 %i_1, i3 5" [firmware/nnet_utils/nnet_padding_stream.h:59]   --->   Operation 20 'icmp' 'icmp_ln59' <Predicate = true> <Delay = 0.67> <CoreInst = "Cmp">   --->   Core 9 'Cmp' <Latency = 0> <II = 1> <Delay = 0.67> <FuncUnit> <Opcode : 'icmp'> <InPorts = 2> <OutPorts = 1>
ST_1 : Operation 21 [1/1] (0.67ns)   --->   "%i_2 = add i3 %i_1, i3 1" [firmware/nnet_utils/nnet_padding_stream.h:59]   --->   Operation 21 'add' 'i_2' <Predicate = true> <Delay = 0.67> <CoreInst = "Adder">   --->   Core 1 'Adder' <Latency = 0> <II = 1> <Delay = 0.67> <FuncUnit> <Opcode : 'add' 'sub'> <InPorts = 2> <OutPorts = 1>
ST_1 : Operation 22 [1/1] (0.00ns)   --->   "%br_ln59 = br i1 %icmp_ln59, void %PadLeft.split, void %for.inc50.preheader.exitStub" [firmware/nnet_utils/nnet_padding_stream.h:59]   --->   Operation 22 'br' 'br_ln59' <Predicate = true> <Delay = 0.00>
ST_1 : Operation 23 [1/1] (0.42ns)   --->   "%store_ln59 = store i3 %i_2, i3 %i" [firmware/nnet_utils/nnet_padding_stream.h:59]   --->   Operation 23 'store' 'store_ln59' <Predicate = (!icmp_ln59)> <Delay = 0.42>
ST_1 : Operation 46 [1/1] (0.00ns)   --->   "%ret_ln0 = ret"   --->   Operation 46 'ret' 'ret_ln0' <Predicate = (icmp_ln59)> <Delay = 0.00>

State 2 <SV = 1> <Delay = 1.81>
ST_2 : Operation 24 [1/1] (1.58ns)   --->   "%write_ln15 = write void @_ssdm_op_Write.ap_fifo.volatile.i128P0A, i128 %layer26_out, i128 0" [firmware/nnet_utils/nnet_padding_stream.h:15->firmware/nnet_utils/nnet_padding_stream.h:62]   --->   Operation 24 'write' 'write_ln15' <Predicate = (!icmp_ln59)> <Delay = 1.58> <CoreInst = "FIFO">   --->   Core 78 'FIFO' <Latency = 0> <II = 1> <Delay = 1.58> <Storage> <Opcode : 'read' 'write' 'nbread' 'nbwrite'> <Ports = 0> <Width = 128> <Depth = 70> <FIFO>
ST_2 : Operation 25 [1/1] (1.81ns)   --->   "%layer11_out_read = read i128 @_ssdm_op_Read.ap_fifo.volatile.i128P0A, i128 %layer11_out" [firmware/nnet_utils/nnet_padding_stream.h:20->firmware/nnet_utils/nnet_padding_stream.h:66]   --->   Operation 25 'read' 'layer11_out_read' <Predicate = (!icmp_ln59)> <Delay = 1.81> <CoreInst = "FIFO">   --->   Core 78 'FIFO' <Latency = 0> <II = 1> <Delay = 1.81> <Storage> <Opcode : 'read' 'write' 'nbread' 'nbwrite'> <Ports = 0> <Width = 128> <Depth = 40> <FIFO>

State 3 <SV = 2> <Delay = 1.81>
ST_3 : Operation 26 [1/1] (1.58ns)   --->   "%write_ln26 = write void @_ssdm_op_Write.ap_fifo.volatile.i128P0A, i128 %layer26_out, i128 %layer11_out_read" [firmware/nnet_utils/nnet_padding_stream.h:26->firmware/nnet_utils/nnet_padding_stream.h:66]   --->   Operation 26 'write' 'write_ln26' <Predicate = (!icmp_ln59)> <Delay = 1.58> <CoreInst = "FIFO">   --->   Core 78 'FIFO' <Latency = 0> <II = 1> <Delay = 1.58> <Storage> <Opcode : 'read' 'write' 'nbread' 'nbwrite'> <Ports = 0> <Width = 128> <Depth = 70> <FIFO>
ST_3 : Operation 27 [1/1] (1.81ns)   --->   "%layer11_out_read_1 = read i128 @_ssdm_op_Read.ap_fifo.volatile.i128P0A, i128 %layer11_out" [firmware/nnet_utils/nnet_padding_stream.h:20->firmware/nnet_utils/nnet_padding_stream.h:66]   --->   Operation 27 'read' 'layer11_out_read_1' <Predicate = (!icmp_ln59)> <Delay = 1.81> <CoreInst = "FIFO">   --->   Core 78 'FIFO' <Latency = 0> <II = 1> <Delay = 1.81> <Storage> <Opcode : 'read' 'write' 'nbread' 'nbwrite'> <Ports = 0> <Width = 128> <Depth = 40> <FIFO>

State 4 <SV = 3> <Delay = 1.81>
ST_4 : Operation 28 [1/1] (1.58ns)   --->   "%write_ln26 = write void @_ssdm_op_Write.ap_fifo.volatile.i128P0A, i128 %layer26_out, i128 %layer11_out_read_1" [firmware/nnet_utils/nnet_padding_stream.h:26->firmware/nnet_utils/nnet_padding_stream.h:66]   --->   Operation 28 'write' 'write_ln26' <Predicate = (!icmp_ln59)> <Delay = 1.58> <CoreInst = "FIFO">   --->   Core 78 'FIFO' <Latency = 0> <II = 1> <Delay = 1.58> <Storage> <Opcode : 'read' 'write' 'nbread' 'nbwrite'> <Ports = 0> <Width = 128> <Depth = 70> <FIFO>
ST_4 : Operation 29 [1/1] (1.81ns)   --->   "%layer11_out_read_2 = read i128 @_ssdm_op_Read.ap_fifo.volatile.i128P0A, i128 %layer11_out" [firmware/nnet_utils/nnet_padding_stream.h:20->firmware/nnet_utils/nnet_padding_stream.h:66]   --->   Operation 29 'read' 'layer11_out_read_2' <Predicate = (!icmp_ln59)> <Delay = 1.81> <CoreInst = "FIFO">   --->   Core 78 'FIFO' <Latency = 0> <II = 1> <Delay = 1.81> <Storage> <Opcode : 'read' 'write' 'nbread' 'nbwrite'> <Ports = 0> <Width = 128> <Depth = 40> <FIFO>

State 5 <SV = 4> <Delay = 1.81>
ST_5 : Operation 30 [1/1] (1.58ns)   --->   "%write_ln26 = write void @_ssdm_op_Write.ap_fifo.volatile.i128P0A, i128 %layer26_out, i128 %layer11_out_read_2" [firmware/nnet_utils/nnet_padding_stream.h:26->firmware/nnet_utils/nnet_padding_stream.h:66]   --->   Operation 30 'write' 'write_ln26' <Predicate = (!icmp_ln59)> <Delay = 1.58> <CoreInst = "FIFO">   --->   Core 78 'FIFO' <Latency = 0> <II = 1> <Delay = 1.58> <Storage> <Opcode : 'read' 'write' 'nbread' 'nbwrite'> <Ports = 0> <Width = 128> <Depth = 70> <FIFO>
ST_5 : Operation 31 [1/1] (1.81ns)   --->   "%layer11_out_read_3 = read i128 @_ssdm_op_Read.ap_fifo.volatile.i128P0A, i128 %layer11_out" [firmware/nnet_utils/nnet_padding_stream.h:20->firmware/nnet_utils/nnet_padding_stream.h:66]   --->   Operation 31 'read' 'layer11_out_read_3' <Predicate = (!icmp_ln59)> <Delay = 1.81> <CoreInst = "FIFO">   --->   Core 78 'FIFO' <Latency = 0> <II = 1> <Delay = 1.81> <Storage> <Opcode : 'read' 'write' 'nbread' 'nbwrite'> <Ports = 0> <Width = 128> <Depth = 40> <FIFO>

State 6 <SV = 5> <Delay = 1.81>
ST_6 : Operation 32 [1/1] (1.58ns)   --->   "%write_ln26 = write void @_ssdm_op_Write.ap_fifo.volatile.i128P0A, i128 %layer26_out, i128 %layer11_out_read_3" [firmware/nnet_utils/nnet_padding_stream.h:26->firmware/nnet_utils/nnet_padding_stream.h:66]   --->   Operation 32 'write' 'write_ln26' <Predicate = (!icmp_ln59)> <Delay = 1.58> <CoreInst = "FIFO">   --->   Core 78 'FIFO' <Latency = 0> <II = 1> <Delay = 1.58> <Storage> <Opcode : 'read' 'write' 'nbread' 'nbwrite'> <Ports = 0> <Width = 128> <Depth = 70> <FIFO>
ST_6 : Operation 33 [1/1] (1.81ns)   --->   "%layer11_out_read_4 = read i128 @_ssdm_op_Read.ap_fifo.volatile.i128P0A, i128 %layer11_out" [firmware/nnet_utils/nnet_padding_stream.h:20->firmware/nnet_utils/nnet_padding_stream.h:66]   --->   Operation 33 'read' 'layer11_out_read_4' <Predicate = (!icmp_ln59)> <Delay = 1.81> <CoreInst = "FIFO">   --->   Core 78 'FIFO' <Latency = 0> <II = 1> <Delay = 1.81> <Storage> <Opcode : 'read' 'write' 'nbread' 'nbwrite'> <Ports = 0> <Width = 128> <Depth = 40> <FIFO>

State 7 <SV = 6> <Delay = 1.81>
ST_7 : Operation 34 [1/1] (1.58ns)   --->   "%write_ln26 = write void @_ssdm_op_Write.ap_fifo.volatile.i128P0A, i128 %layer26_out, i128 %layer11_out_read_4" [firmware/nnet_utils/nnet_padding_stream.h:26->firmware/nnet_utils/nnet_padding_stream.h:66]   --->   Operation 34 'write' 'write_ln26' <Predicate = (!icmp_ln59)> <Delay = 1.58> <CoreInst = "FIFO">   --->   Core 78 'FIFO' <Latency = 0> <II = 1> <Delay = 1.58> <Storage> <Opcode : 'read' 'write' 'nbread' 'nbwrite'> <Ports = 0> <Width = 128> <Depth = 70> <FIFO>
ST_7 : Operation 35 [1/1] (1.81ns)   --->   "%layer11_out_read_5 = read i128 @_ssdm_op_Read.ap_fifo.volatile.i128P0A, i128 %layer11_out" [firmware/nnet_utils/nnet_padding_stream.h:20->firmware/nnet_utils/nnet_padding_stream.h:66]   --->   Operation 35 'read' 'layer11_out_read_5' <Predicate = (!icmp_ln59)> <Delay = 1.81> <CoreInst = "FIFO">   --->   Core 78 'FIFO' <Latency = 0> <II = 1> <Delay = 1.81> <Storage> <Opcode : 'read' 'write' 'nbread' 'nbwrite'> <Ports = 0> <Width = 128> <Depth = 40> <FIFO>

State 8 <SV = 7> <Delay = 1.81>
ST_8 : Operation 36 [1/1] (1.58ns)   --->   "%write_ln26 = write void @_ssdm_op_Write.ap_fifo.volatile.i128P0A, i128 %layer26_out, i128 %layer11_out_read_5" [firmware/nnet_utils/nnet_padding_stream.h:26->firmware/nnet_utils/nnet_padding_stream.h:66]   --->   Operation 36 'write' 'write_ln26' <Predicate = (!icmp_ln59)> <Delay = 1.58> <CoreInst = "FIFO">   --->   Core 78 'FIFO' <Latency = 0> <II = 1> <Delay = 1.58> <Storage> <Opcode : 'read' 'write' 'nbread' 'nbwrite'> <Ports = 0> <Width = 128> <Depth = 70> <FIFO>
ST_8 : Operation 37 [1/1] (1.81ns)   --->   "%layer11_out_read_6 = read i128 @_ssdm_op_Read.ap_fifo.volatile.i128P0A, i128 %layer11_out" [firmware/nnet_utils/nnet_padding_stream.h:20->firmware/nnet_utils/nnet_padding_stream.h:66]   --->   Operation 37 'read' 'layer11_out_read_6' <Predicate = (!icmp_ln59)> <Delay = 1.81> <CoreInst = "FIFO">   --->   Core 78 'FIFO' <Latency = 0> <II = 1> <Delay = 1.81> <Storage> <Opcode : 'read' 'write' 'nbread' 'nbwrite'> <Ports = 0> <Width = 128> <Depth = 40> <FIFO>

State 9 <SV = 8> <Delay = 1.81>
ST_9 : Operation 38 [1/1] (1.58ns)   --->   "%write_ln26 = write void @_ssdm_op_Write.ap_fifo.volatile.i128P0A, i128 %layer26_out, i128 %layer11_out_read_6" [firmware/nnet_utils/nnet_padding_stream.h:26->firmware/nnet_utils/nnet_padding_stream.h:66]   --->   Operation 38 'write' 'write_ln26' <Predicate = (!icmp_ln59)> <Delay = 1.58> <CoreInst = "FIFO">   --->   Core 78 'FIFO' <Latency = 0> <II = 1> <Delay = 1.58> <Storage> <Opcode : 'read' 'write' 'nbread' 'nbwrite'> <Ports = 0> <Width = 128> <Depth = 70> <FIFO>
ST_9 : Operation 39 [1/1] (1.81ns)   --->   "%layer11_out_read_7 = read i128 @_ssdm_op_Read.ap_fifo.volatile.i128P0A, i128 %layer11_out" [firmware/nnet_utils/nnet_padding_stream.h:20->firmware/nnet_utils/nnet_padding_stream.h:66]   --->   Operation 39 'read' 'layer11_out_read_7' <Predicate = (!icmp_ln59)> <Delay = 1.81> <CoreInst = "FIFO">   --->   Core 78 'FIFO' <Latency = 0> <II = 1> <Delay = 1.81> <Storage> <Opcode : 'read' 'write' 'nbread' 'nbwrite'> <Ports = 0> <Width = 128> <Depth = 40> <FIFO>

State 10 <SV = 9> <Delay = 1.58>
ST_10 : Operation 40 [1/1] (1.58ns)   --->   "%write_ln26 = write void @_ssdm_op_Write.ap_fifo.volatile.i128P0A, i128 %layer26_out, i128 %layer11_out_read_7" [firmware/nnet_utils/nnet_padding_stream.h:26->firmware/nnet_utils/nnet_padding_stream.h:66]   --->   Operation 40 'write' 'write_ln26' <Predicate = (!icmp_ln59)> <Delay = 1.58> <CoreInst = "FIFO">   --->   Core 78 'FIFO' <Latency = 0> <II = 1> <Delay = 1.58> <Storage> <Opcode : 'read' 'write' 'nbread' 'nbwrite'> <Ports = 0> <Width = 128> <Depth = 70> <FIFO>

State 11 <SV = 10> <Delay = 1.58>
ST_11 : Operation 41 [1/1] (0.00ns)   --->   "%specpipeline_ln59 = specpipeline void @_ssdm_op_SpecPipeline, i32 4294967295, i32 0, i32 0, i32 0, void @empty_6" [firmware/nnet_utils/nnet_padding_stream.h:59]   --->   Operation 41 'specpipeline' 'specpipeline_ln59' <Predicate = true> <Delay = 0.00>
ST_11 : Operation 42 [1/1] (0.00ns)   --->   "%speclooptripcount_ln59 = speclooptripcount void @_ssdm_op_SpecLoopTripCount, i64 5, i64 5, i64 5" [firmware/nnet_utils/nnet_padding_stream.h:59]   --->   Operation 42 'speclooptripcount' 'speclooptripcount_ln59' <Predicate = true> <Delay = 0.00>
ST_11 : Operation 43 [1/1] (0.00ns)   --->   "%specloopname_ln59 = specloopname void @_ssdm_op_SpecLoopName, void @empty_16" [firmware/nnet_utils/nnet_padding_stream.h:59]   --->   Operation 43 'specloopname' 'specloopname_ln59' <Predicate = true> <Delay = 0.00>
ST_11 : Operation 44 [1/1] (1.58ns)   --->   "%write_ln15 = write void @_ssdm_op_Write.ap_fifo.volatile.i128P0A, i128 %layer26_out, i128 0" [firmware/nnet_utils/nnet_padding_stream.h:15->firmware/nnet_utils/nnet_padding_stream.h:70]   --->   Operation 44 'write' 'write_ln15' <Predicate = true> <Delay = 1.58> <CoreInst = "FIFO">   --->   Core 78 'FIFO' <Latency = 0> <II = 1> <Delay = 1.58> <Storage> <Opcode : 'read' 'write' 'nbread' 'nbwrite'> <Ports = 0> <Width = 128> <Depth = 70> <FIFO>
ST_11 : Operation 45 [1/1] (0.00ns)   --->   "%br_ln59 = br void %PadLeft" [firmware/nnet_utils/nnet_padding_stream.h:59]   --->   Operation 45 'br' 'br_ln59' <Predicate = true> <Delay = 0.00>


============================================================
+ Verbose Summary: Timing violations
============================================================
Target clock period: 5.000ns, clock uncertainty: 1.350ns.

 <State 1>: 1.527ns
The critical path consists of the following:
	'store' operation 0 bit ('store_ln59', firmware/nnet_utils/nnet_padding_stream.h:59) of constant 0 on local variable 'i', firmware/nnet_utils/nnet_padding_stream.h:59 [6]  (0.427 ns)
	'load' operation 3 bit ('i', firmware/nnet_utils/nnet_padding_stream.h:59) on local variable 'i', firmware/nnet_utils/nnet_padding_stream.h:59 [9]  (0.000 ns)
	'add' operation 3 bit ('i', firmware/nnet_utils/nnet_padding_stream.h:59) [11]  (0.673 ns)
	'store' operation 0 bit ('store_ln59', firmware/nnet_utils/nnet_padding_stream.h:59) of variable 'i', firmware/nnet_utils/nnet_padding_stream.h:59 on local variable 'i', firmware/nnet_utils/nnet_padding_stream.h:59 [35]  (0.427 ns)

 <State 2>: 1.813ns
The critical path consists of the following:
	fifo read operation ('layer11_out_read', firmware/nnet_utils/nnet_padding_stream.h:20->firmware/nnet_utils/nnet_padding_stream.h:66) on port 'layer11_out' (firmware/nnet_utils/nnet_padding_stream.h:20->firmware/nnet_utils/nnet_padding_stream.h:66) [18]  (1.813 ns)

 <State 3>: 1.813ns
The critical path consists of the following:
	fifo read operation ('layer11_out_read_1', firmware/nnet_utils/nnet_padding_stream.h:20->firmware/nnet_utils/nnet_padding_stream.h:66) on port 'layer11_out' (firmware/nnet_utils/nnet_padding_stream.h:20->firmware/nnet_utils/nnet_padding_stream.h:66) [20]  (1.813 ns)

 <State 4>: 1.813ns
The critical path consists of the following:
	fifo read operation ('layer11_out_read_2', firmware/nnet_utils/nnet_padding_stream.h:20->firmware/nnet_utils/nnet_padding_stream.h:66) on port 'layer11_out' (firmware/nnet_utils/nnet_padding_stream.h:20->firmware/nnet_utils/nnet_padding_stream.h:66) [22]  (1.813 ns)

 <State 5>: 1.813ns
The critical path consists of the following:
	fifo read operation ('layer11_out_read_3', firmware/nnet_utils/nnet_padding_stream.h:20->firmware/nnet_utils/nnet_padding_stream.h:66) on port 'layer11_out' (firmware/nnet_utils/nnet_padding_stream.h:20->firmware/nnet_utils/nnet_padding_stream.h:66) [24]  (1.813 ns)

 <State 6>: 1.813ns
The critical path consists of the following:
	fifo read operation ('layer11_out_read_4', firmware/nnet_utils/nnet_padding_stream.h:20->firmware/nnet_utils/nnet_padding_stream.h:66) on port 'layer11_out' (firmware/nnet_utils/nnet_padding_stream.h:20->firmware/nnet_utils/nnet_padding_stream.h:66) [26]  (1.813 ns)

 <State 7>: 1.813ns
The critical path consists of the following:
	fifo read operation ('layer11_out_read_5', firmware/nnet_utils/nnet_padding_stream.h:20->firmware/nnet_utils/nnet_padding_stream.h:66) on port 'layer11_out' (firmware/nnet_utils/nnet_padding_stream.h:20->firmware/nnet_utils/nnet_padding_stream.h:66) [28]  (1.813 ns)

 <State 8>: 1.813ns
The critical path consists of the following:
	fifo read operation ('layer11_out_read_6', firmware/nnet_utils/nnet_padding_stream.h:20->firmware/nnet_utils/nnet_padding_stream.h:66) on port 'layer11_out' (firmware/nnet_utils/nnet_padding_stream.h:20->firmware/nnet_utils/nnet_padding_stream.h:66) [30]  (1.813 ns)

 <State 9>: 1.813ns
The critical path consists of the following:
	fifo read operation ('layer11_out_read_7', firmware/nnet_utils/nnet_padding_stream.h:20->firmware/nnet_utils/nnet_padding_stream.h:66) on port 'layer11_out' (firmware/nnet_utils/nnet_padding_stream.h:20->firmware/nnet_utils/nnet_padding_stream.h:66) [32]  (1.813 ns)

 <State 10>: 1.586ns
The critical path consists of the following:
	fifo write operation ('write_ln26', firmware/nnet_utils/nnet_padding_stream.h:26->firmware/nnet_utils/nnet_padding_stream.h:66) on port 'layer26_out' (firmware/nnet_utils/nnet_padding_stream.h:26->firmware/nnet_utils/nnet_padding_stream.h:66) [33]  (1.586 ns)

 <State 11>: 1.586ns
The critical path consists of the following:
	fifo write operation ('write_ln15', firmware/nnet_utils/nnet_padding_stream.h:15->firmware/nnet_utils/nnet_padding_stream.h:70) on port 'layer26_out' (firmware/nnet_utils/nnet_padding_stream.h:15->firmware/nnet_utils/nnet_padding_stream.h:70) [34]  (1.586 ns)


============================================================
+ Verbose Summary: Binding
============================================================
N/A
* FSMD analyzer results:
  - Output states:
 - Input state : 
  - Chain level:
	State 1
	State 2
	State 3
	State 4
	State 5
	State 6
	State 7
	State 8
	State 9
	State 10
	State 11


============================================================
+ Verbose Summary: Datapath Resource usage 
============================================================
N/A
