

================================================================
== Vitis HLS Report for 'compute_output_buffer_2d_array_array_ap_fixed_25_18_5_3_0_16u_config12_s'
================================================================
* Date:           Sat Mar 21 19:23:56 2026

* Version:        2023.2 (Build 4023990 on Oct 11 2023)
* Project:        myproject_prj
* Solution:       solution1 (Vivado IP Flow Target)
* Product family: zynquplus
* Target device:  xck26-sfvc784-2LV-c


================================================================
== Performance Estimates
================================================================
+ Timing: 
    * Summary: 
    +--------+---------+----------+------------+
    |  Clock |  Target | Estimated| Uncertainty|
    +--------+---------+----------+------------+
    |ap_clk  |  5.00 ns|  3.353 ns|     1.35 ns|
    +--------+---------+----------+------------+

+ Latency: 
    * Summary: 
    +---------+---------+-----------+-----------+-----+-----+---------+
    |  Latency (cycles) |   Latency (absolute)  |  Interval | Pipeline|
    |   min   |   max   |    min    |    max    | min | max |   Type  |
    +---------+---------+-----------+-----------+-----+-----+---------+
    |        2|       15|  10.000 ns|  75.000 ns|    2|   15|       no|
    +---------+---------+-----------+-----------+-----+-----+---------+

    + Detail: 
        * Instance: 
        +-------------------------------------------------------------------------------------+--------------------------------------------------------------------------+---------+---------+-----------+-----------+-----+-----+------------------------------------------+
        |                                                                                     |                                                                          |  Latency (cycles) |   Latency (absolute)  |  Interval |                 Pipeline                 |
        |                                       Instance                                      |                                  Module                                  |   min   |   max   |    min    |    max    | min | max |                   Type                   |
        +-------------------------------------------------------------------------------------+--------------------------------------------------------------------------+---------+---------+-----------+-----------+-----+-----+------------------------------------------+
        |call_ln281_shift_line_buffer_array_ap_ufixed_8_4_4_0_0_16u_config12_s_fu_543         |shift_line_buffer_array_ap_ufixed_8_4_4_0_0_16u_config12_s                |        0|        0|       0 ns|       0 ns|    1|    1|                                       yes|
        |grp_dense_resource_rf_leq_nin_ap_ufixed_ap_fixed_25_18_5_3_0_config12_mult_s_fu_931  |dense_resource_rf_leq_nin_ap_ufixed_ap_fixed_25_18_5_3_0_config12_mult_s  |       11|       12|  55.000 ns|  60.000 ns|    8|    8|  loop rewind stp(delay=0 clock cycles(s))|
        +-------------------------------------------------------------------------------------+--------------------------------------------------------------------------+---------+---------+-----------+-----------+-----+-----+------------------------------------------+

        * Loop: 
        N/A



================================================================
== Utilization Estimates
================================================================
* Summary: 
+-----------------+---------+------+--------+--------+-----+
|       Name      | BRAM_18K|  DSP |   FF   |   LUT  | URAM|
+-----------------+---------+------+--------+--------+-----+
|DSP              |        -|     -|       -|       -|    -|
|Expression       |        -|     -|       0|     501|    -|
|FIFO             |        -|     -|       -|       -|    -|
|Instance         |       64|   160|   10881|   14631|    -|
|Memory           |        -|     -|       -|       -|    -|
|Multiplexer      |        -|     -|       -|      76|    -|
|Register         |        -|     -|    1687|       -|    -|
+-----------------+---------+------+--------+--------+-----+
|Total            |       64|   160|   12568|   15208|    0|
+-----------------+---------+------+--------+--------+-----+
|Available        |      288|  1248|  234240|  117120|   64|
+-----------------+---------+------+--------+--------+-----+
|Utilization (%)  |       22|    12|       5|      12|    0|
+-----------------+---------+------+--------+--------+-----+

+ Detail: 
    * Instance: 
    +-------------------------------------------------------------------------------------+--------------------------------------------------------------------------+---------+-----+------+-------+-----+
    |                                       Instance                                      |                                  Module                                  | BRAM_18K| DSP |  FF  |  LUT  | URAM|
    +-------------------------------------------------------------------------------------+--------------------------------------------------------------------------+---------+-----+------+-------+-----+
    |grp_dense_resource_rf_leq_nin_ap_ufixed_ap_fixed_25_18_5_3_0_config12_mult_s_fu_931  |dense_resource_rf_leq_nin_ap_ufixed_ap_fixed_25_18_5_3_0_config12_mult_s  |       64|  160|  8832|  12743|    0|
    |call_ln281_shift_line_buffer_array_ap_ufixed_8_4_4_0_0_16u_config12_s_fu_543         |shift_line_buffer_array_ap_ufixed_8_4_4_0_0_16u_config12_s                |        0|    0|  2049|   1888|    0|
    +-------------------------------------------------------------------------------------+--------------------------------------------------------------------------+---------+-----+------+-------+-----+
    |Total                                                                                |                                                                          |       64|  160| 10881|  14631|    0|
    +-------------------------------------------------------------------------------------+--------------------------------------------------------------------------+---------+-----+------+-------+-----+

    * DSP: 
    N/A

    * Memory: 
    N/A

    * FIFO: 
    N/A

    * Expression: 
    +--------------------------------+----------+----+---+----+------------+------------+
    |          Variable Name         | Operation| DSP| FF| LUT| Bitwidth P0| Bitwidth P1|
    +--------------------------------+----------+----+---+----+------------+------------+
    |add_ln303_fu_1382_p2            |         +|   0|  0|  39|          32|           1|
    |add_ln307_fu_1429_p2            |         +|   0|  0|  39|          32|           1|
    |add_ln313_fu_1451_p2            |         +|   0|  0|  39|          32|           1|
    |add_ln318_fu_1399_p2            |         +|   0|  0|  39|          32|           1|
    |and_ln284_2_fu_1291_p2          |       and|   0|  0|   2|           1|           1|
    |and_ln284_fu_1285_p2            |       and|   0|  0|   2|           1|           1|
    |ap_block_state4                 |       and|   0|  0|   2|           1|           1|
    |ap_condition_1559               |       and|   0|  0|   2|           1|           1|
    |ap_predicate_op56_write_state4  |       and|   0|  0|   2|           1|           1|
    |icmp_ln284_4_fu_1247_p2         |      icmp|   0|  0|  39|          32|           2|
    |icmp_ln284_5_fu_1263_p2         |      icmp|   0|  0|  38|          31|           1|
    |icmp_ln284_6_fu_1279_p2         |      icmp|   0|  0|  38|          31|           1|
    |icmp_ln284_fu_1229_p2           |      icmp|   0|  0|  39|          32|           2|
    |icmp_ln303_fu_1387_p2           |      icmp|   0|  0|  39|          32|           5|
    |icmp_ln307_fu_1434_p2           |      icmp|   0|  0|  39|          32|           3|
    |icmp_ln313_fu_1446_p2           |      icmp|   0|  0|  39|          32|           2|
    |select_ln313_fu_1456_p3         |    select|   0|  0|  32|           1|           2|
    |select_ln318_fu_1404_p3         |    select|   0|  0|  32|           1|           2|
    +--------------------------------+----------+----+---+----+------------+------------+
    |Total                           |          |   0|  0| 501|         357|          29|
    +--------------------------------+----------+----+---+----+------------+------------+

    * Multiplexer: 
    +-------------------------------------+----+-----------+-----+-----------+
    |                 Name                | LUT| Input Size| Bits| Total Bits|
    +-------------------------------------+----+-----------+-----+-----------+
    |ap_NS_fsm                            |  26|          5|    1|          5|
    |ap_phi_mux_storemerge_phi_fu_536_p4  |  14|          3|   32|         96|
    |layer12_out_blk_n                    |   9|          2|    1|          2|
    |pX_4                                 |   9|          2|   32|         64|
    |pY_4                                 |   9|          2|   32|         64|
    |sX_4                                 |   9|          2|   32|         64|
    +-------------------------------------+----+-----------+-----+-----------+
    |Total                                |  76|         16|  130|        295|
    +-------------------------------------+----+-----------+-----+-----------+

    * Register: 
    +--------------------------------------------------------------------------------------------------+----+----+-----+-----------+
    |                                               Name                                               | FF | LUT| Bits| Const Bits|
    +--------------------------------------------------------------------------------------------------+----+----+-----+-----------+
    |and_ln284_2_reg_1494                                                                              |   1|   0|    1|          0|
    |ap_CS_fsm                                                                                         |   4|   0|    4|          0|
    |grp_dense_resource_rf_leq_nin_ap_ufixed_ap_fixed_25_18_5_3_0_config12_mult_s_fu_931_ap_start_reg  |   1|   0|    1|          0|
    |icmp_ln284_reg_1480                                                                               |   1|   0|    1|          0|
    |pX_4                                                                                              |  32|   0|   32|          0|
    |pY_4                                                                                              |  32|   0|   32|          0|
    |p_ZZN4nnet24compute_output_buffer_2dINS_5arrayI9ap_ufixedILi8ELi4EL9ap_q_mode4EL9_195             |   8|   0|    8|          0|
    |p_ZZN4nnet24compute_output_buffer_2dINS_5arrayI9ap_ufixedILi8ELi4EL9ap_q_mode4EL9_196             |   8|   0|    8|          0|
    |p_ZZN4nnet24compute_output_buffer_2dINS_5arrayI9ap_ufixedILi8ELi4EL9ap_q_mode4EL9_197             |   8|   0|    8|          0|
    |p_ZZN4nnet24compute_output_buffer_2dINS_5arrayI9ap_ufixedILi8ELi4EL9ap_q_mode4EL9_198             |   8|   0|    8|          0|
    |p_ZZN4nnet24compute_output_buffer_2dINS_5arrayI9ap_ufixedILi8ELi4EL9ap_q_mode4EL9_199             |   8|   0|    8|          0|
    |p_ZZN4nnet24compute_output_buffer_2dINS_5arrayI9ap_ufixedILi8ELi4EL9ap_q_mode4EL9_200             |   8|   0|    8|          0|
    |p_ZZN4nnet24compute_output_buffer_2dINS_5arrayI9ap_ufixedILi8ELi4EL9ap_q_mode4EL9_201             |   8|   0|    8|          0|
    |p_ZZN4nnet24compute_output_buffer_2dINS_5arrayI9ap_ufixedILi8ELi4EL9ap_q_mode4EL9_202             |   8|   0|    8|          0|
    |p_ZZN4nnet24compute_output_buffer_2dINS_5arrayI9ap_ufixedILi8ELi4EL9ap_q_mode4EL9_203             |   8|   0|    8|          0|
    |p_ZZN4nnet24compute_output_buffer_2dINS_5arrayI9ap_ufixedILi8ELi4EL9ap_q_mode4EL9_204             |   8|   0|    8|          0|
    |p_ZZN4nnet24compute_output_buffer_2dINS_5arrayI9ap_ufixedILi8ELi4EL9ap_q_mode4EL9_205             |   8|   0|    8|          0|
    |p_ZZN4nnet24compute_output_buffer_2dINS_5arrayI9ap_ufixedILi8ELi4EL9ap_q_mode4EL9_206             |   8|   0|    8|          0|
    |p_ZZN4nnet24compute_output_buffer_2dINS_5arrayI9ap_ufixedILi8ELi4EL9ap_q_mode4EL9_207             |   8|   0|    8|          0|
    |p_ZZN4nnet24compute_output_buffer_2dINS_5arrayI9ap_ufixedILi8ELi4EL9ap_q_mode4EL9_208             |   8|   0|    8|          0|
    |p_ZZN4nnet24compute_output_buffer_2dINS_5arrayI9ap_ufixedILi8ELi4EL9ap_q_mode4EL9_209             |   8|   0|    8|          0|
    |p_ZZN4nnet24compute_output_buffer_2dINS_5arrayI9ap_ufixedILi8ELi4EL9ap_q_mode4EL9_210             |   8|   0|    8|          0|
    |p_ZZN4nnet24compute_output_buffer_2dINS_5arrayI9ap_ufixedILi8ELi4EL9ap_q_mode4EL9_211             |   8|   0|    8|          0|
    |p_ZZN4nnet24compute_output_buffer_2dINS_5arrayI9ap_ufixedILi8ELi4EL9ap_q_mode4EL9_212             |   8|   0|    8|          0|
    |p_ZZN4nnet24compute_output_buffer_2dINS_5arrayI9ap_ufixedILi8ELi4EL9ap_q_mode4EL9_213             |   8|   0|    8|          0|
    |p_ZZN4nnet24compute_output_buffer_2dINS_5arrayI9ap_ufixedILi8ELi4EL9ap_q_mode4EL9_214             |   8|   0|    8|          0|
    |p_ZZN4nnet24compute_output_buffer_2dINS_5arrayI9ap_ufixedILi8ELi4EL9ap_q_mode4EL9_215             |   8|   0|    8|          0|
    |p_ZZN4nnet24compute_output_buffer_2dINS_5arrayI9ap_ufixedILi8ELi4EL9ap_q_mode4EL9_216             |   8|   0|    8|          0|
    |p_ZZN4nnet24compute_output_buffer_2dINS_5arrayI9ap_ufixedILi8ELi4EL9ap_q_mode4EL9_217             |   8|   0|    8|          0|
    |p_ZZN4nnet24compute_output_buffer_2dINS_5arrayI9ap_ufixedILi8ELi4EL9ap_q_mode4EL9_218             |   8|   0|    8|          0|
    |p_ZZN4nnet24compute_output_buffer_2dINS_5arrayI9ap_ufixedILi8ELi4EL9ap_q_mode4EL9_219             |   8|   0|    8|          0|
    |p_ZZN4nnet24compute_output_buffer_2dINS_5arrayI9ap_ufixedILi8ELi4EL9ap_q_mode4EL9_220             |   8|   0|    8|          0|
    |p_ZZN4nnet24compute_output_buffer_2dINS_5arrayI9ap_ufixedILi8ELi4EL9ap_q_mode4EL9_221             |   8|   0|    8|          0|
    |p_ZZN4nnet24compute_output_buffer_2dINS_5arrayI9ap_ufixedILi8ELi4EL9ap_q_mode4EL9_222             |   8|   0|    8|          0|
    |p_ZZN4nnet24compute_output_buffer_2dINS_5arrayI9ap_ufixedILi8ELi4EL9ap_q_mode4EL9_223             |   8|   0|    8|          0|
    |p_ZZN4nnet24compute_output_buffer_2dINS_5arrayI9ap_ufixedILi8ELi4EL9ap_q_mode4EL9_224             |   8|   0|    8|          0|
    |p_ZZN4nnet24compute_output_buffer_2dINS_5arrayI9ap_ufixedILi8ELi4EL9ap_q_mode4EL9_225             |   8|   0|    8|          0|
    |p_ZZN4nnet24compute_output_buffer_2dINS_5arrayI9ap_ufixedILi8ELi4EL9ap_q_mode4EL9_226             |   8|   0|    8|          0|
    |p_ZZN4nnet24compute_output_buffer_2dINS_5arrayI9ap_ufixedILi8ELi4EL9ap_q_mode4EL9_227             |   8|   0|    8|          0|
    |p_ZZN4nnet24compute_output_buffer_2dINS_5arrayI9ap_ufixedILi8ELi4EL9ap_q_mode4EL9_228             |   8|   0|    8|          0|
    |p_ZZN4nnet24compute_output_buffer_2dINS_5arrayI9ap_ufixedILi8ELi4EL9ap_q_mode4EL9_229             |   8|   0|    8|          0|
    |p_ZZN4nnet24compute_output_buffer_2dINS_5arrayI9ap_ufixedILi8ELi4EL9ap_q_mode4EL9_230             |   8|   0|    8|          0|
    |p_ZZN4nnet24compute_output_buffer_2dINS_5arrayI9ap_ufixedILi8ELi4EL9ap_q_mode4EL9_231             |   8|   0|    8|          0|
    |p_ZZN4nnet24compute_output_buffer_2dINS_5arrayI9ap_ufixedILi8ELi4EL9ap_q_mode4EL9_232             |   8|   0|    8|          0|
    |p_ZZN4nnet24compute_output_buffer_2dINS_5arrayI9ap_ufixedILi8ELi4EL9ap_q_mode4EL9_233             |   8|   0|    8|          0|
    |p_ZZN4nnet24compute_output_buffer_2dINS_5arrayI9ap_ufixedILi8ELi4EL9ap_q_mode4EL9_234             |   8|   0|    8|          0|
    |p_ZZN4nnet24compute_output_buffer_2dINS_5arrayI9ap_ufixedILi8ELi4EL9ap_q_mode4EL9_235             |   8|   0|    8|          0|
    |p_ZZN4nnet24compute_output_buffer_2dINS_5arrayI9ap_ufixedILi8ELi4EL9ap_q_mode4EL9_236             |   8|   0|    8|          0|
    |p_ZZN4nnet24compute_output_buffer_2dINS_5arrayI9ap_ufixedILi8ELi4EL9ap_q_mode4EL9_237             |   8|   0|    8|          0|
    |p_ZZN4nnet24compute_output_buffer_2dINS_5arrayI9ap_ufixedILi8ELi4EL9ap_q_mode4EL9_238             |   8|   0|    8|          0|
    |p_ZZN4nnet24compute_output_buffer_2dINS_5arrayI9ap_ufixedILi8ELi4EL9ap_q_mode4EL9_239             |   8|   0|    8|          0|
    |p_ZZN4nnet24compute_output_buffer_2dINS_5arrayI9ap_ufixedILi8ELi4EL9ap_q_mode4EL9_240             |   8|   0|    8|          0|
    |p_ZZN4nnet24compute_output_buffer_2dINS_5arrayI9ap_ufixedILi8ELi4EL9ap_q_mode4EL9_241             |   8|   0|    8|          0|
    |p_ZZN4nnet24compute_output_buffer_2dINS_5arrayI9ap_ufixedILi8ELi4EL9ap_q_mode4EL9_242             |   8|   0|    8|          0|
    |p_ZZN4nnet24compute_output_buffer_2dINS_5arrayI9ap_ufixedILi8ELi4EL9ap_q_mode4EL9_243             |   8|   0|    8|          0|
    |p_ZZN4nnet24compute_output_buffer_2dINS_5arrayI9ap_ufixedILi8ELi4EL9ap_q_mode4EL9_244             |   8|   0|    8|          0|
    |p_ZZN4nnet24compute_output_buffer_2dINS_5arrayI9ap_ufixedILi8ELi4EL9ap_q_mode4EL9_245             |   8|   0|    8|          0|
    |p_ZZN4nnet24compute_output_buffer_2dINS_5arrayI9ap_ufixedILi8ELi4EL9ap_q_mode4EL9_246             |   8|   0|    8|          0|
    |p_ZZN4nnet24compute_output_buffer_2dINS_5arrayI9ap_ufixedILi8ELi4EL9ap_q_mode4EL9_247             |   8|   0|    8|          0|
    |p_ZZN4nnet24compute_output_buffer_2dINS_5arrayI9ap_ufixedILi8ELi4EL9ap_q_mode4EL9_248             |   8|   0|    8|          0|
    |p_ZZN4nnet24compute_output_buffer_2dINS_5arrayI9ap_ufixedILi8ELi4EL9ap_q_mode4EL9_249             |   8|   0|    8|          0|
    |p_ZZN4nnet24compute_output_buffer_2dINS_5arrayI9ap_ufixedILi8ELi4EL9ap_q_mode4EL9_250             |   8|   0|    8|          0|
    |p_ZZN4nnet24compute_output_buffer_2dINS_5arrayI9ap_ufixedILi8ELi4EL9ap_q_mode4EL9_251             |   8|   0|    8|          0|
    |p_ZZN4nnet24compute_output_buffer_2dINS_5arrayI9ap_ufixedILi8ELi4EL9ap_q_mode4EL9_252             |   8|   0|    8|          0|
    |p_ZZN4nnet24compute_output_buffer_2dINS_5arrayI9ap_ufixedILi8ELi4EL9ap_q_mode4EL9_253             |   8|   0|    8|          0|
    |p_ZZN4nnet24compute_output_buffer_2dINS_5arrayI9ap_ufixedILi8ELi4EL9ap_q_mode4EL9_254             |   8|   0|    8|          0|
    |p_ZZN4nnet24compute_output_buffer_2dINS_5arrayI9ap_ufixedILi8ELi4EL9ap_q_mode4EL9_255             |   8|   0|    8|          0|
    |p_ZZN4nnet24compute_output_buffer_2dINS_5arrayI9ap_ufixedILi8ELi4EL9ap_q_mode4EL9_256             |   8|   0|    8|          0|
    |p_ZZN4nnet24compute_output_buffer_2dINS_5arrayI9ap_ufixedILi8ELi4EL9ap_q_mode4EL9_257             |   8|   0|    8|          0|
    |p_ZZN4nnet24compute_output_buffer_2dINS_5arrayI9ap_ufixedILi8ELi4EL9ap_q_mode4EL9_258             |   8|   0|    8|          0|
    |p_ZZN4nnet24compute_output_buffer_2dINS_5arrayI9ap_ufixedILi8ELi4EL9ap_q_mode4EL9_259             |   8|   0|    8|          0|
    |p_ZZN4nnet24compute_output_buffer_2dINS_5arrayI9ap_ufixedILi8ELi4EL9ap_q_mode4EL9_260             |   8|   0|    8|          0|
    |p_ZZN4nnet24compute_output_buffer_2dINS_5arrayI9ap_ufixedILi8ELi4EL9ap_q_mode4EL9_261             |   8|   0|    8|          0|
    |p_ZZN4nnet24compute_output_buffer_2dINS_5arrayI9ap_ufixedILi8ELi4EL9ap_q_mode4EL9_262             |   8|   0|    8|          0|
    |p_ZZN4nnet24compute_output_buffer_2dINS_5arrayI9ap_ufixedILi8ELi4EL9ap_q_mode4EL9_263             |   8|   0|    8|          0|
    |p_ZZN4nnet24compute_output_buffer_2dINS_5arrayI9ap_ufixedILi8ELi4EL9ap_q_mode4EL9_264             |   8|   0|    8|          0|
    |p_ZZN4nnet24compute_output_buffer_2dINS_5arrayI9ap_ufixedILi8ELi4EL9ap_q_mode4EL9_265             |   8|   0|    8|          0|
    |p_ZZN4nnet24compute_output_buffer_2dINS_5arrayI9ap_ufixedILi8ELi4EL9ap_q_mode4EL9_266             |   8|   0|    8|          0|
    |p_ZZN4nnet24compute_output_buffer_2dINS_5arrayI9ap_ufixedILi8ELi4EL9ap_q_mode4EL9_267             |   8|   0|    8|          0|
    |p_ZZN4nnet24compute_output_buffer_2dINS_5arrayI9ap_ufixedILi8ELi4EL9ap_q_mode4EL9_268             |   8|   0|    8|          0|
    |p_ZZN4nnet24compute_output_buffer_2dINS_5arrayI9ap_ufixedILi8ELi4EL9ap_q_mode4EL9_269             |   8|   0|    8|          0|
    |p_ZZN4nnet24compute_output_buffer_2dINS_5arrayI9ap_ufixedILi8ELi4EL9ap_q_mode4EL9_270             |   8|   0|    8|          0|
    |p_ZZN4nnet24compute_output_buffer_2dINS_5arrayI9ap_ufixedILi8ELi4EL9ap_q_mode4EL9_271             |   8|   0|    8|          0|
    |p_ZZN4nnet24compute_output_buffer_2dINS_5arrayI9ap_ufixedILi8ELi4EL9ap_q_mode4EL9_272             |   8|   0|    8|          0|
    |p_ZZN4nnet24compute_output_buffer_2dINS_5arrayI9ap_ufixedILi8ELi4EL9ap_q_mode4EL9_273             |   8|   0|    8|          0|
    |p_ZZN4nnet24compute_output_buffer_2dINS_5arrayI9ap_ufixedILi8ELi4EL9ap_q_mode4EL9_274             |   8|   0|    8|          0|
    |p_ZZN4nnet24compute_output_buffer_2dINS_5arrayI9ap_ufixedILi8ELi4EL9ap_q_mode4EL9_275             |   8|   0|    8|          0|
    |p_ZZN4nnet24compute_output_buffer_2dINS_5arrayI9ap_ufixedILi8ELi4EL9ap_q_mode4EL9_276             |   8|   0|    8|          0|
    |p_ZZN4nnet24compute_output_buffer_2dINS_5arrayI9ap_ufixedILi8ELi4EL9ap_q_mode4EL9_277             |   8|   0|    8|          0|
    |p_ZZN4nnet24compute_output_buffer_2dINS_5arrayI9ap_ufixedILi8ELi4EL9ap_q_mode4EL9_278             |   8|   0|    8|          0|
    |p_ZZN4nnet24compute_output_buffer_2dINS_5arrayI9ap_ufixedILi8ELi4EL9ap_q_mode4EL9_279             |   8|   0|    8|          0|
    |p_ZZN4nnet24compute_output_buffer_2dINS_5arrayI9ap_ufixedILi8ELi4EL9ap_q_mode4EL9_280             |   8|   0|    8|          0|
    |p_ZZN4nnet24compute_output_buffer_2dINS_5arrayI9ap_ufixedILi8ELi4EL9ap_q_mode4EL9_281             |   8|   0|    8|          0|
    |p_ZZN4nnet24compute_output_buffer_2dINS_5arrayI9ap_ufixedILi8ELi4EL9ap_q_mode4EL9_282             |   8|   0|    8|          0|
    |p_ZZN4nnet24compute_output_buffer_2dINS_5arrayI9ap_ufixedILi8ELi4EL9ap_q_mode4EL9_283             |   8|   0|    8|          0|
    |p_ZZN4nnet24compute_output_buffer_2dINS_5arrayI9ap_ufixedILi8ELi4EL9ap_q_mode4EL9_284             |   8|   0|    8|          0|
    |p_ZZN4nnet24compute_output_buffer_2dINS_5arrayI9ap_ufixedILi8ELi4EL9ap_q_mode4EL9_285             |   8|   0|    8|          0|
    |p_ZZN4nnet24compute_output_buffer_2dINS_5arrayI9ap_ufixedILi8ELi4EL9ap_q_mode4EL9_286             |   8|   0|    8|          0|
    |p_ZZN4nnet24compute_output_buffer_2dINS_5arrayI9ap_ufixedILi8ELi4EL9ap_q_mode4EL9_287             |   8|   0|    8|          0|
    |p_ZZN4nnet24compute_output_buffer_2dINS_5arrayI9ap_ufixedILi8ELi4EL9ap_q_mode4EL9_288             |   8|   0|    8|          0|
    |p_ZZN4nnet24compute_output_buffer_2dINS_5arrayI9ap_ufixedILi8ELi4EL9ap_q_mode4EL9_289             |   8|   0|    8|          0|
    |p_ZZN4nnet24compute_output_buffer_2dINS_5arrayI9ap_ufixedILi8ELi4EL9ap_q_mode4EL9_290             |   8|   0|    8|          0|
    |p_ZZN4nnet24compute_output_buffer_2dINS_5arrayI9ap_ufixedILi8ELi4EL9ap_q_mode4EL9_62              |   8|   0|    8|          0|
    |p_ZZN4nnet24compute_output_buffer_2dINS_5arrayI9ap_ufixedILi8ELi4EL9ap_q_mode4EL9_63              |   8|   0|    8|          0|
    |p_ZZN4nnet24compute_output_buffer_2dINS_5arrayI9ap_ufixedILi8ELi4EL9ap_q_mode4EL9_64              |   8|   0|    8|          0|
    |p_ZZN4nnet24compute_output_buffer_2dINS_5arrayI9ap_ufixedILi8ELi4EL9ap_q_mode4EL9_65              |   8|   0|    8|          0|
    |p_ZZN4nnet24compute_output_buffer_2dINS_5arrayI9ap_ufixedILi8ELi4EL9ap_q_mode4EL9_66              |   8|   0|    8|          0|
    |p_ZZN4nnet24compute_output_buffer_2dINS_5arrayI9ap_ufixedILi8ELi4EL9ap_q_mode4EL9_67              |   8|   0|    8|          0|
    |p_ZZN4nnet24compute_output_buffer_2dINS_5arrayI9ap_ufixedILi8ELi4EL9ap_q_mode4EL9_68              |   8|   0|    8|          0|
    |p_ZZN4nnet24compute_output_buffer_2dINS_5arrayI9ap_ufixedILi8ELi4EL9ap_q_mode4EL9_69              |   8|   0|    8|          0|
    |p_ZZN4nnet24compute_output_buffer_2dINS_5arrayI9ap_ufixedILi8ELi4EL9ap_q_mode4EL9_70              |   8|   0|    8|          0|
    |p_ZZN4nnet24compute_output_buffer_2dINS_5arrayI9ap_ufixedILi8ELi4EL9ap_q_mode4EL9_71              |   8|   0|    8|          0|
    |p_ZZN4nnet24compute_output_buffer_2dINS_5arrayI9ap_ufixedILi8ELi4EL9ap_q_mode4EL9_72              |   8|   0|    8|          0|
    |p_ZZN4nnet24compute_output_buffer_2dINS_5arrayI9ap_ufixedILi8ELi4EL9ap_q_mode4EL9_73              |   8|   0|    8|          0|
    |p_ZZN4nnet24compute_output_buffer_2dINS_5arrayI9ap_ufixedILi8ELi4EL9ap_q_mode4EL9_74              |   8|   0|    8|          0|
    |p_ZZN4nnet24compute_output_buffer_2dINS_5arrayI9ap_ufixedILi8ELi4EL9ap_q_mode4EL9_75              |   8|   0|    8|          0|
    |p_ZZN4nnet24compute_output_buffer_2dINS_5arrayI9ap_ufixedILi8ELi4EL9ap_q_mode4EL9_76              |   8|   0|    8|          0|
    |p_ZZN4nnet24compute_output_buffer_2dINS_5arrayI9ap_ufixedILi8ELi4EL9ap_q_mode4EL9_77              |   8|   0|    8|          0|
    |p_ZZN4nnet24compute_output_buffer_2dINS_5arrayI9ap_ufixedILi8ELi4EL9ap_q_mode4EL9_78              |   8|   0|    8|          0|
    |p_ZZN4nnet24compute_output_buffer_2dINS_5arrayI9ap_ufixedILi8ELi4EL9ap_q_mode4EL9_79              |   8|   0|    8|          0|
    |p_ZZN4nnet24compute_output_buffer_2dINS_5arrayI9ap_ufixedILi8ELi4EL9ap_q_mode4EL9_80              |   8|   0|    8|          0|
    |p_ZZN4nnet24compute_output_buffer_2dINS_5arrayI9ap_ufixedILi8ELi4EL9ap_q_mode4EL9_81              |   8|   0|    8|          0|
    |p_ZZN4nnet24compute_output_buffer_2dINS_5arrayI9ap_ufixedILi8ELi4EL9ap_q_mode4EL9_82              |   8|   0|    8|          0|
    |p_ZZN4nnet24compute_output_buffer_2dINS_5arrayI9ap_ufixedILi8ELi4EL9ap_q_mode4EL9_83              |   8|   0|    8|          0|
    |p_ZZN4nnet24compute_output_buffer_2dINS_5arrayI9ap_ufixedILi8ELi4EL9ap_q_mode4EL9_84              |   8|   0|    8|          0|
    |p_ZZN4nnet24compute_output_buffer_2dINS_5arrayI9ap_ufixedILi8ELi4EL9ap_q_mode4EL9_85              |   8|   0|    8|          0|
    |p_ZZN4nnet24compute_output_buffer_2dINS_5arrayI9ap_ufixedILi8ELi4EL9ap_q_mode4EL9_86              |   8|   0|    8|          0|
    |p_ZZN4nnet24compute_output_buffer_2dINS_5arrayI9ap_ufixedILi8ELi4EL9ap_q_mode4EL9_87              |   8|   0|    8|          0|
    |p_ZZN4nnet24compute_output_buffer_2dINS_5arrayI9ap_ufixedILi8ELi4EL9ap_q_mode4EL9_88              |   8|   0|    8|          0|
    |p_ZZN4nnet24compute_output_buffer_2dINS_5arrayI9ap_ufixedILi8ELi4EL9ap_q_mode4EL9_89              |   8|   0|    8|          0|
    |p_ZZN4nnet24compute_output_buffer_2dINS_5arrayI9ap_ufixedILi8ELi4EL9ap_q_mode4EL9_90              |   8|   0|    8|          0|
    |p_ZZN4nnet24compute_output_buffer_2dINS_5arrayI9ap_ufixedILi8ELi4EL9ap_q_mode4EL9_91              |   8|   0|    8|          0|
    |p_ZZN4nnet24compute_output_buffer_2dINS_5arrayI9ap_ufixedILi8ELi4EL9ap_q_mode4EL9_92              |   8|   0|    8|          0|
    |p_ZZN4nnet24compute_output_buffer_2dINS_5arrayI9ap_ufixedILi8ELi4EL9ap_q_mode4EL9_93              |   8|   0|    8|          0|
    |p_ZZN4nnet24compute_output_buffer_2dINS_5arrayI9ap_ufixedILi8ELi4EL9ap_q_mode4EL9_94              |   8|   0|    8|          0|
    |p_ZZN4nnet24compute_output_buffer_2dINS_5arrayI9ap_ufixedILi8ELi4EL9ap_q_mode4EL9_95              |   8|   0|    8|          0|
    |p_ZZN4nnet24compute_output_buffer_2dINS_5arrayI9ap_ufixedILi8ELi4EL9ap_q_mode4EL9_96              |   8|   0|    8|          0|
    |p_ZZN4nnet24compute_output_buffer_2dINS_5arrayI9ap_ufixedILi8ELi4EL9ap_q_mode4EL9_97              |   8|   0|    8|          0|
    |p_ZZN4nnet24compute_output_buffer_2dINS_5arrayI9ap_ufixedILi8ELi4EL9ap_q_mode4EL9_98              |   8|   0|    8|          0|
    |p_ZZN4nnet24compute_output_buffer_2dINS_5arrayI9ap_ufixedILi8ELi4EL9ap_q_mode4EL9_99              |   8|   0|    8|          0|
    |res_out_10_reg_1548                                                                               |  25|   0|   25|          0|
    |res_out_11_reg_1553                                                                               |  25|   0|   25|          0|
    |res_out_12_reg_1558                                                                               |  25|   0|   25|          0|
    |res_out_13_reg_1563                                                                               |  25|   0|   25|          0|
    |res_out_14_reg_1568                                                                               |  25|   0|   25|          0|
    |res_out_15_reg_1573                                                                               |  25|   0|   25|          0|
    |res_out_1_reg_1503                                                                                |  25|   0|   25|          0|
    |res_out_2_reg_1508                                                                                |  25|   0|   25|          0|
    |res_out_3_reg_1513                                                                                |  25|   0|   25|          0|
    |res_out_4_reg_1518                                                                                |  25|   0|   25|          0|
    |res_out_5_reg_1523                                                                                |  25|   0|   25|          0|
    |res_out_6_reg_1528                                                                                |  25|   0|   25|          0|
    |res_out_7_reg_1533                                                                                |  25|   0|   25|          0|
    |res_out_8_reg_1538                                                                                |  25|   0|   25|          0|
    |res_out_9_reg_1543                                                                                |  25|   0|   25|          0|
    |res_out_reg_1498                                                                                  |  25|   0|   25|          0|
    |sX_4                                                                                              |  32|   0|   32|          0|
    |sY_4                                                                                              |  32|   0|   32|          0|
    |void_compute_output_buffer_2d_array_const_ap_shift_reg_n_chan_stream_weig_10                      |   8|   0|    8|          0|
    |void_compute_output_buffer_2d_array_const_ap_shift_reg_n_chan_stream_weig_11                      |   8|   0|    8|          0|
    |void_compute_output_buffer_2d_array_const_ap_shift_reg_n_chan_stream_weig_12                      |   8|   0|    8|          0|
    |void_compute_output_buffer_2d_array_const_ap_shift_reg_n_chan_stream_weig_13                      |   8|   0|    8|          0|
    |void_compute_output_buffer_2d_array_const_ap_shift_reg_n_chan_stream_weig_14                      |   8|   0|    8|          0|
    |void_compute_output_buffer_2d_array_const_ap_shift_reg_n_chan_stream_weig_15                      |   8|   0|    8|          0|
    |void_compute_output_buffer_2d_array_const_ap_shift_reg_n_chan_stream_weig_16                      |   8|   0|    8|          0|
    |void_compute_output_buffer_2d_array_const_ap_shift_reg_n_chan_stream_weig_17                      |   8|   0|    8|          0|
    |void_compute_output_buffer_2d_array_const_ap_shift_reg_n_chan_stream_weig_18                      |   8|   0|    8|          0|
    |void_compute_output_buffer_2d_array_const_ap_shift_reg_n_chan_stream_weig_19                      |   8|   0|    8|          0|
    +--------------------------------------------------------------------------------------------------+----+----+-----+-----------+
    |Total                                                                                             |1687|   0| 1687|          0|
    +--------------------------------------------------------------------------------------------------+----+----+-----+-----------+



================================================================
== Interface
================================================================
* Summary: 
+----------------------------+-----+-----+------------+---------------------------------------------------------------------------+--------------+
|          RTL Ports         | Dir | Bits|  Protocol  |                               Source Object                               |    C Type    |
+----------------------------+-----+-----+------------+---------------------------------------------------------------------------+--------------+
|ap_clk                      |   in|    1|  ap_ctrl_hs|  compute_output_buffer_2d<array,array<ap_fixed<25,18,5,3,0>,16u>,config12>|  return value|
|ap_rst                      |   in|    1|  ap_ctrl_hs|  compute_output_buffer_2d<array,array<ap_fixed<25,18,5,3,0>,16u>,config12>|  return value|
|ap_start                    |   in|    1|  ap_ctrl_hs|  compute_output_buffer_2d<array,array<ap_fixed<25,18,5,3,0>,16u>,config12>|  return value|
|ap_done                     |  out|    1|  ap_ctrl_hs|  compute_output_buffer_2d<array,array<ap_fixed<25,18,5,3,0>,16u>,config12>|  return value|
|ap_idle                     |  out|    1|  ap_ctrl_hs|  compute_output_buffer_2d<array,array<ap_fixed<25,18,5,3,0>,16u>,config12>|  return value|
|ap_ready                    |  out|    1|  ap_ctrl_hs|  compute_output_buffer_2d<array,array<ap_fixed<25,18,5,3,0>,16u>,config12>|  return value|
|p_read                      |   in|    8|     ap_none|                                                                     p_read|        scalar|
|p_read1                     |   in|    8|     ap_none|                                                                    p_read1|        scalar|
|p_read2                     |   in|    8|     ap_none|                                                                    p_read2|        scalar|
|p_read3                     |   in|    8|     ap_none|                                                                    p_read3|        scalar|
|p_read4                     |   in|    8|     ap_none|                                                                    p_read4|        scalar|
|p_read5                     |   in|    8|     ap_none|                                                                    p_read5|        scalar|
|p_read6                     |   in|    8|     ap_none|                                                                    p_read6|        scalar|
|p_read7                     |   in|    8|     ap_none|                                                                    p_read7|        scalar|
|p_read8                     |   in|    8|     ap_none|                                                                    p_read8|        scalar|
|p_read9                     |   in|    8|     ap_none|                                                                    p_read9|        scalar|
|p_read10                    |   in|    8|     ap_none|                                                                   p_read10|        scalar|
|p_read11                    |   in|    8|     ap_none|                                                                   p_read11|        scalar|
|p_read12                    |   in|    8|     ap_none|                                                                   p_read12|        scalar|
|p_read13                    |   in|    8|     ap_none|                                                                   p_read13|        scalar|
|p_read14                    |   in|    8|     ap_none|                                                                   p_read14|        scalar|
|p_read15                    |   in|    8|     ap_none|                                                                   p_read15|        scalar|
|layer12_out_din             |  out|  400|     ap_fifo|                                                                layer12_out|       pointer|
|layer12_out_num_data_valid  |   in|    8|     ap_fifo|                                                                layer12_out|       pointer|
|layer12_out_fifo_cap        |   in|    8|     ap_fifo|                                                                layer12_out|       pointer|
|layer12_out_full_n          |   in|    1|     ap_fifo|                                                                layer12_out|       pointer|
|layer12_out_write           |  out|    1|     ap_fifo|                                                                layer12_out|       pointer|
+----------------------------+-----+-----+------------+---------------------------------------------------------------------------+--------------+

