

================================================================
== Vitis HLS Report for 'compute_output_buffer_2d_array_array_ap_fixed_24_17_5_3_0_8u_config12_s'
================================================================
* Date:           Mon Mar 30 19:10:49 2026

* Version:        2023.2 (Build 4023990 on Oct 11 2023)
* Project:        myproject_prj
* Solution:       solution1 (Vivado IP Flow Target)
* Product family: zynquplus
* Target device:  xck26-sfvc784-2LV-c


================================================================
== Performance Estimates
================================================================
+ Timing: 
    * Summary: 
    +--------+---------+----------+------------+
    |  Clock |  Target | Estimated| Uncertainty|
    +--------+---------+----------+------------+
    |ap_clk  |  5.00 ns|  3.604 ns|     1.35 ns|
    +--------+---------+----------+------------+

+ Latency: 
    * Summary: 
    +---------+---------+-----------+-----------+-----+-----+---------+
    |  Latency (cycles) |   Latency (absolute)  |  Interval | Pipeline|
    |   min   |   max   |    min    |    max    | min | max |   Type  |
    +---------+---------+-----------+-----------+-----+-----+---------+
    |        4|        4|  20.000 ns|  20.000 ns|    4|    4|      yes|
    +---------+---------+-----------+-----------+-----+-----+---------+

    + Detail: 
        * Instance: 
        +-----------------------------------------------------------------------------+--------------------------------------------------------------+---------+---------+-----------+-----------+-----+-----+---------+
        |                                                                             |                                                              |  Latency (cycles) |   Latency (absolute)  |  Interval | Pipeline|
        |                                   Instance                                  |                            Module                            |   min   |   max   |    min    |    max    | min | max |   Type  |
        +-----------------------------------------------------------------------------+--------------------------------------------------------------+---------+---------+-----------+-----------+-----+-----+---------+
        |call_ln281_shift_line_buffer_array_ap_ufixed_8_4_4_0_0_8u_config12_s_fu_302  |shift_line_buffer_array_ap_ufixed_8_4_4_0_0_8u_config12_s     |        0|        0|       0 ns|       0 ns|    1|    1|      yes|
        |grp_dense_latency_ap_ufixed_ap_fixed_24_17_5_3_0_config12_mult_s_fu_498      |dense_latency_ap_ufixed_ap_fixed_24_17_5_3_0_config12_mult_s  |        2|        2|  10.000 ns|  10.000 ns|    3|    3|      yes|
        +-----------------------------------------------------------------------------+--------------------------------------------------------------+---------+---------+-----------+-----------+-----+-----+---------+

        * Loop: 
        N/A



================================================================
== Utilization Estimates
================================================================
* Summary: 
+-----------------+---------+------+--------+--------+-----+
|       Name      | BRAM_18K|  DSP |   FF   |   LUT  | URAM|
+-----------------+---------+------+--------+--------+-----+
|DSP              |        -|     -|       -|       -|    -|
|Expression       |        -|     -|       0|     513|    -|
|FIFO             |        -|     -|       -|       -|    -|
|Instance         |        -|     -|    1987|    8545|    -|
|Memory           |        -|     -|       -|       -|    -|
|Multiplexer      |        -|     -|       -|      89|    -|
|Register         |        -|     -|     938|       -|    -|
+-----------------+---------+------+--------+--------+-----+
|Total            |        0|     0|    2925|    9147|    0|
+-----------------+---------+------+--------+--------+-----+
|Available        |      288|  1248|  234240|  117120|   64|
+-----------------+---------+------+--------+--------+-----+
|Utilization (%)  |        0|     0|       1|       7|    0|
+-----------------+---------+------+--------+--------+-----+

+ Detail: 
    * Instance: 
    +-----------------------------------------------------------------------------+--------------------------------------------------------------+---------+----+------+------+-----+
    |                                   Instance                                  |                            Module                            | BRAM_18K| DSP|  FF  |  LUT | URAM|
    +-----------------------------------------------------------------------------+--------------------------------------------------------------+---------+----+------+------+-----+
    |grp_dense_latency_ap_ufixed_ap_fixed_24_17_5_3_0_config12_mult_s_fu_498      |dense_latency_ap_ufixed_ap_fixed_24_17_5_3_0_config12_mult_s  |        0|   0|   962|  7601|    0|
    |call_ln281_shift_line_buffer_array_ap_ufixed_8_4_4_0_0_8u_config12_s_fu_302  |shift_line_buffer_array_ap_ufixed_8_4_4_0_0_8u_config12_s     |        0|   0|  1025|   944|    0|
    +-----------------------------------------------------------------------------+--------------------------------------------------------------+---------+----+------+------+-----+
    |Total                                                                        |                                                              |        0|   0|  1987|  8545|    0|
    +-----------------------------------------------------------------------------+--------------------------------------------------------------+---------+----+------+------+-----+

    * DSP: 
    N/A

    * Memory: 
    N/A

    * FIFO: 
    N/A

    * Expression: 
    +------------------------------------------+----------+----+---+----+------------+------------+
    |               Variable Name              | Operation| DSP| FF| LUT| Bitwidth P0| Bitwidth P1|
    +------------------------------------------+----------+----+---+----+------------+------------+
    |add_ln303_fu_718_p2                       |         +|   0|  0|  39|          32|           1|
    |add_ln307_fu_768_p2                       |         +|   0|  0|  39|          32|           1|
    |add_ln313_fu_792_p2                       |         +|   0|  0|  39|          32|           1|
    |add_ln318_fu_736_p2                       |         +|   0|  0|  39|          32|           1|
    |and_ln284_2_fu_712_p2                     |       and|   0|  0|   2|           1|           1|
    |and_ln284_fu_706_p2                       |       and|   0|  0|   2|           1|           1|
    |ap_block_pp0_stage0_01001                 |       and|   0|  0|   2|           1|           1|
    |ap_block_pp0_stage0_11001_ignoreCallOp15  |       and|   0|  0|   2|           1|           1|
    |ap_block_state5_pp0_stage0_iter1          |       and|   0|  0|   2|           1|           1|
    |ap_condition_539                          |       and|   0|  0|   2|           1|           1|
    |ap_condition_930                          |       and|   0|  0|   2|           1|           1|
    |ap_predicate_op50_call_state2             |       and|   0|  0|   2|           1|           1|
    |ap_predicate_op50_call_state2_state1      |       and|   0|  0|   2|           1|           1|
    |icmp_ln284_4_fu_668_p2                    |      icmp|   0|  0|  39|          32|           2|
    |icmp_ln284_6_fu_684_p2                    |      icmp|   0|  0|  38|          31|           1|
    |icmp_ln284_7_fu_700_p2                    |      icmp|   0|  0|  38|          31|           1|
    |icmp_ln284_fu_650_p2                      |      icmp|   0|  0|  39|          32|           2|
    |icmp_ln303_fu_724_p2                      |      icmp|   0|  0|  39|          32|           4|
    |icmp_ln307_fu_774_p2                      |      icmp|   0|  0|  39|          32|           3|
    |icmp_ln313_fu_786_p2                      |      icmp|   0|  0|  39|          32|           2|
    |ap_block_pp0_stage0_subdone               |        or|   0|  0|   2|           1|           1|
    |select_ln313_fu_798_p3                    |    select|   0|  0|  32|           1|           2|
    |select_ln318_fu_742_p3                    |    select|   0|  0|  32|           1|           2|
    |ap_enable_pp0                             |       xor|   0|  0|   2|           1|           2|
    +------------------------------------------+----------+----+---+----+------------+------------+
    |Total                                     |          |   0|  0| 513|         363|          35|
    +------------------------------------------+----------+----+---+----+------------+------------+

    * Multiplexer: 
    +-----------------------------------------+----+-----------+-----+-----------+
    |                   Name                  | LUT| Input Size| Bits| Total Bits|
    +-----------------------------------------+----+-----------+-----+-----------+
    |ap_NS_fsm                                |  26|          5|    1|          5|
    |ap_enable_reg_pp0_iter0                  |   9|          2|    1|          2|
    |ap_enable_reg_pp0_iter1                  |   9|          2|    1|          2|
    |ap_phi_reg_pp0_iter0_storemerge_reg_291  |   9|          2|   32|         64|
    |layer12_out_blk_n                        |   9|          2|    1|          2|
    |pX_4                                     |   9|          2|   32|         64|
    |pY_4                                     |   9|          2|   32|         64|
    |sX_4                                     |   9|          2|   32|         64|
    +-----------------------------------------+----+-----------+-----+-----------+
    |Total                                    |  89|         19|  132|        267|
    +-----------------------------------------+----+-----------+-----+-----------+

    * Register: 
    +--------------------------------------------------------------------------------------+----+----+-----+-----------+
    |                                         Name                                         | FF | LUT| Bits| Const Bits|
    +--------------------------------------------------------------------------------------+----+----+-----+-----------+
    |and_ln284_2_reg_867                                                                   |   1|   0|    1|          0|
    |ap_CS_fsm                                                                             |   4|   0|    4|          0|
    |ap_enable_reg_pp0_iter0_reg                                                           |   1|   0|    1|          0|
    |ap_enable_reg_pp0_iter1                                                               |   1|   0|    1|          0|
    |ap_phi_reg_pp0_iter0_storemerge_reg_291                                               |  32|   0|   32|          0|
    |grp_dense_latency_ap_ufixed_ap_fixed_24_17_5_3_0_config12_mult_s_fu_498_ap_start_reg  |   1|   0|    1|          0|
    |icmp_ln284_reg_863                                                                    |   1|   0|    1|          0|
    |icmp_ln303_reg_871                                                                    |   1|   0|    1|          0|
    |pX_4                                                                                  |  32|   0|   32|          0|
    |pY_4                                                                                  |  32|   0|   32|          0|
    |p_ZZN4nnet24compute_output_buffer_2dINS_5arrayI9ap_ufixedILi8ELi4EL9ap_q_mode4EL9     |   8|   0|    8|          0|
    |p_ZZN4nnet24compute_output_buffer_2dINS_5arrayI9ap_ufixedILi8ELi4EL9ap_q_mode4EL9_1   |   8|   0|    8|          0|
    |p_ZZN4nnet24compute_output_buffer_2dINS_5arrayI9ap_ufixedILi8ELi4EL9ap_q_mode4EL9_10  |   8|   0|    8|          0|
    |p_ZZN4nnet24compute_output_buffer_2dINS_5arrayI9ap_ufixedILi8ELi4EL9ap_q_mode4EL9_11  |   8|   0|    8|          0|
    |p_ZZN4nnet24compute_output_buffer_2dINS_5arrayI9ap_ufixedILi8ELi4EL9ap_q_mode4EL9_12  |   8|   0|    8|          0|
    |p_ZZN4nnet24compute_output_buffer_2dINS_5arrayI9ap_ufixedILi8ELi4EL9ap_q_mode4EL9_13  |   8|   0|    8|          0|
    |p_ZZN4nnet24compute_output_buffer_2dINS_5arrayI9ap_ufixedILi8ELi4EL9ap_q_mode4EL9_14  |   8|   0|    8|          0|
    |p_ZZN4nnet24compute_output_buffer_2dINS_5arrayI9ap_ufixedILi8ELi4EL9ap_q_mode4EL9_15  |   8|   0|    8|          0|
    |p_ZZN4nnet24compute_output_buffer_2dINS_5arrayI9ap_ufixedILi8ELi4EL9ap_q_mode4EL9_16  |   8|   0|    8|          0|
    |p_ZZN4nnet24compute_output_buffer_2dINS_5arrayI9ap_ufixedILi8ELi4EL9ap_q_mode4EL9_17  |   8|   0|    8|          0|
    |p_ZZN4nnet24compute_output_buffer_2dINS_5arrayI9ap_ufixedILi8ELi4EL9ap_q_mode4EL9_18  |   8|   0|    8|          0|
    |p_ZZN4nnet24compute_output_buffer_2dINS_5arrayI9ap_ufixedILi8ELi4EL9ap_q_mode4EL9_19  |   8|   0|    8|          0|
    |p_ZZN4nnet24compute_output_buffer_2dINS_5arrayI9ap_ufixedILi8ELi4EL9ap_q_mode4EL9_2   |   8|   0|    8|          0|
    |p_ZZN4nnet24compute_output_buffer_2dINS_5arrayI9ap_ufixedILi8ELi4EL9ap_q_mode4EL9_20  |   8|   0|    8|          0|
    |p_ZZN4nnet24compute_output_buffer_2dINS_5arrayI9ap_ufixedILi8ELi4EL9ap_q_mode4EL9_21  |   8|   0|    8|          0|
    |p_ZZN4nnet24compute_output_buffer_2dINS_5arrayI9ap_ufixedILi8ELi4EL9ap_q_mode4EL9_22  |   8|   0|    8|          0|
    |p_ZZN4nnet24compute_output_buffer_2dINS_5arrayI9ap_ufixedILi8ELi4EL9ap_q_mode4EL9_23  |   8|   0|    8|          0|
    |p_ZZN4nnet24compute_output_buffer_2dINS_5arrayI9ap_ufixedILi8ELi4EL9ap_q_mode4EL9_24  |   8|   0|    8|          0|
    |p_ZZN4nnet24compute_output_buffer_2dINS_5arrayI9ap_ufixedILi8ELi4EL9ap_q_mode4EL9_25  |   8|   0|    8|          0|
    |p_ZZN4nnet24compute_output_buffer_2dINS_5arrayI9ap_ufixedILi8ELi4EL9ap_q_mode4EL9_26  |   8|   0|    8|          0|
    |p_ZZN4nnet24compute_output_buffer_2dINS_5arrayI9ap_ufixedILi8ELi4EL9ap_q_mode4EL9_27  |   8|   0|    8|          0|
    |p_ZZN4nnet24compute_output_buffer_2dINS_5arrayI9ap_ufixedILi8ELi4EL9ap_q_mode4EL9_28  |   8|   0|    8|          0|
    |p_ZZN4nnet24compute_output_buffer_2dINS_5arrayI9ap_ufixedILi8ELi4EL9ap_q_mode4EL9_29  |   8|   0|    8|          0|
    |p_ZZN4nnet24compute_output_buffer_2dINS_5arrayI9ap_ufixedILi8ELi4EL9ap_q_mode4EL9_3   |   8|   0|    8|          0|
    |p_ZZN4nnet24compute_output_buffer_2dINS_5arrayI9ap_ufixedILi8ELi4EL9ap_q_mode4EL9_30  |   8|   0|    8|          0|
    |p_ZZN4nnet24compute_output_buffer_2dINS_5arrayI9ap_ufixedILi8ELi4EL9ap_q_mode4EL9_31  |   8|   0|    8|          0|
    |p_ZZN4nnet24compute_output_buffer_2dINS_5arrayI9ap_ufixedILi8ELi4EL9ap_q_mode4EL9_32  |   8|   0|    8|          0|
    |p_ZZN4nnet24compute_output_buffer_2dINS_5arrayI9ap_ufixedILi8ELi4EL9ap_q_mode4EL9_33  |   8|   0|    8|          0|
    |p_ZZN4nnet24compute_output_buffer_2dINS_5arrayI9ap_ufixedILi8ELi4EL9ap_q_mode4EL9_34  |   8|   0|    8|          0|
    |p_ZZN4nnet24compute_output_buffer_2dINS_5arrayI9ap_ufixedILi8ELi4EL9ap_q_mode4EL9_35  |   8|   0|    8|          0|
    |p_ZZN4nnet24compute_output_buffer_2dINS_5arrayI9ap_ufixedILi8ELi4EL9ap_q_mode4EL9_36  |   8|   0|    8|          0|
    |p_ZZN4nnet24compute_output_buffer_2dINS_5arrayI9ap_ufixedILi8ELi4EL9ap_q_mode4EL9_37  |   8|   0|    8|          0|
    |p_ZZN4nnet24compute_output_buffer_2dINS_5arrayI9ap_ufixedILi8ELi4EL9ap_q_mode4EL9_38  |   8|   0|    8|          0|
    |p_ZZN4nnet24compute_output_buffer_2dINS_5arrayI9ap_ufixedILi8ELi4EL9ap_q_mode4EL9_39  |   8|   0|    8|          0|
    |p_ZZN4nnet24compute_output_buffer_2dINS_5arrayI9ap_ufixedILi8ELi4EL9ap_q_mode4EL9_4   |   8|   0|    8|          0|
    |p_ZZN4nnet24compute_output_buffer_2dINS_5arrayI9ap_ufixedILi8ELi4EL9ap_q_mode4EL9_40  |   8|   0|    8|          0|
    |p_ZZN4nnet24compute_output_buffer_2dINS_5arrayI9ap_ufixedILi8ELi4EL9ap_q_mode4EL9_41  |   8|   0|    8|          0|
    |p_ZZN4nnet24compute_output_buffer_2dINS_5arrayI9ap_ufixedILi8ELi4EL9ap_q_mode4EL9_42  |   8|   0|    8|          0|
    |p_ZZN4nnet24compute_output_buffer_2dINS_5arrayI9ap_ufixedILi8ELi4EL9ap_q_mode4EL9_43  |   8|   0|    8|          0|
    |p_ZZN4nnet24compute_output_buffer_2dINS_5arrayI9ap_ufixedILi8ELi4EL9ap_q_mode4EL9_44  |   8|   0|    8|          0|
    |p_ZZN4nnet24compute_output_buffer_2dINS_5arrayI9ap_ufixedILi8ELi4EL9ap_q_mode4EL9_45  |   8|   0|    8|          0|
    |p_ZZN4nnet24compute_output_buffer_2dINS_5arrayI9ap_ufixedILi8ELi4EL9ap_q_mode4EL9_46  |   8|   0|    8|          0|
    |p_ZZN4nnet24compute_output_buffer_2dINS_5arrayI9ap_ufixedILi8ELi4EL9ap_q_mode4EL9_47  |   8|   0|    8|          0|
    |p_ZZN4nnet24compute_output_buffer_2dINS_5arrayI9ap_ufixedILi8ELi4EL9ap_q_mode4EL9_48  |   8|   0|    8|          0|
    |p_ZZN4nnet24compute_output_buffer_2dINS_5arrayI9ap_ufixedILi8ELi4EL9ap_q_mode4EL9_49  |   8|   0|    8|          0|
    |p_ZZN4nnet24compute_output_buffer_2dINS_5arrayI9ap_ufixedILi8ELi4EL9ap_q_mode4EL9_5   |   8|   0|    8|          0|
    |p_ZZN4nnet24compute_output_buffer_2dINS_5arrayI9ap_ufixedILi8ELi4EL9ap_q_mode4EL9_50  |   8|   0|    8|          0|
    |p_ZZN4nnet24compute_output_buffer_2dINS_5arrayI9ap_ufixedILi8ELi4EL9ap_q_mode4EL9_51  |   8|   0|    8|          0|
    |p_ZZN4nnet24compute_output_buffer_2dINS_5arrayI9ap_ufixedILi8ELi4EL9ap_q_mode4EL9_52  |   8|   0|    8|          0|
    |p_ZZN4nnet24compute_output_buffer_2dINS_5arrayI9ap_ufixedILi8ELi4EL9ap_q_mode4EL9_53  |   8|   0|    8|          0|
    |p_ZZN4nnet24compute_output_buffer_2dINS_5arrayI9ap_ufixedILi8ELi4EL9ap_q_mode4EL9_54  |   8|   0|    8|          0|
    |p_ZZN4nnet24compute_output_buffer_2dINS_5arrayI9ap_ufixedILi8ELi4EL9ap_q_mode4EL9_55  |   8|   0|    8|          0|
    |p_ZZN4nnet24compute_output_buffer_2dINS_5arrayI9ap_ufixedILi8ELi4EL9ap_q_mode4EL9_56  |   8|   0|    8|          0|
    |p_ZZN4nnet24compute_output_buffer_2dINS_5arrayI9ap_ufixedILi8ELi4EL9ap_q_mode4EL9_57  |   8|   0|    8|          0|
    |p_ZZN4nnet24compute_output_buffer_2dINS_5arrayI9ap_ufixedILi8ELi4EL9ap_q_mode4EL9_58  |   8|   0|    8|          0|
    |p_ZZN4nnet24compute_output_buffer_2dINS_5arrayI9ap_ufixedILi8ELi4EL9ap_q_mode4EL9_59  |   8|   0|    8|          0|
    |p_ZZN4nnet24compute_output_buffer_2dINS_5arrayI9ap_ufixedILi8ELi4EL9ap_q_mode4EL9_6   |   8|   0|    8|          0|
    |p_ZZN4nnet24compute_output_buffer_2dINS_5arrayI9ap_ufixedILi8ELi4EL9ap_q_mode4EL9_60  |   8|   0|    8|          0|
    |p_ZZN4nnet24compute_output_buffer_2dINS_5arrayI9ap_ufixedILi8ELi4EL9ap_q_mode4EL9_61  |   8|   0|    8|          0|
    |p_ZZN4nnet24compute_output_buffer_2dINS_5arrayI9ap_ufixedILi8ELi4EL9ap_q_mode4EL9_7   |   8|   0|    8|          0|
    |p_ZZN4nnet24compute_output_buffer_2dINS_5arrayI9ap_ufixedILi8ELi4EL9ap_q_mode4EL9_8   |   8|   0|    8|          0|
    |p_ZZN4nnet24compute_output_buffer_2dINS_5arrayI9ap_ufixedILi8ELi4EL9ap_q_mode4EL9_9   |   8|   0|    8|          0|
    |res_out_11_reg_888                                                                    |  24|   0|   24|          0|
    |res_out_2_reg_893                                                                     |  24|   0|   24|          0|
    |res_out_3_reg_898                                                                     |  24|   0|   24|          0|
    |res_out_4_reg_903                                                                     |  24|   0|   24|          0|
    |res_out_5_reg_908                                                                     |  24|   0|   24|          0|
    |res_out_6_reg_913                                                                     |  24|   0|   24|          0|
    |res_out_7_reg_918                                                                     |  24|   0|   24|          0|
    |res_out_reg_883                                                                       |  24|   0|   24|          0|
    |sX_4                                                                                  |  32|   0|   32|          0|
    |sY_4                                                                                  |  32|   0|   32|          0|
    |void_compute_output_buffer_2d_array_const_ap_shift_reg_n_chan_stream_weig_10          |   8|   0|    8|          0|
    |void_compute_output_buffer_2d_array_const_ap_shift_reg_n_chan_stream_weig_11          |   8|   0|    8|          0|
    |void_compute_output_buffer_2d_array_const_ap_shift_reg_n_chan_stream_weig_12          |   8|   0|    8|          0|
    |void_compute_output_buffer_2d_array_const_ap_shift_reg_n_chan_stream_weig_13          |   8|   0|    8|          0|
    |void_compute_output_buffer_2d_array_const_ap_shift_reg_n_chan_stream_weig_14          |   8|   0|    8|          0|
    |void_compute_output_buffer_2d_array_const_ap_shift_reg_n_chan_stream_weig_15          |   8|   0|    8|          0|
    |void_compute_output_buffer_2d_array_const_ap_shift_reg_n_chan_stream_weig_16          |   8|   0|    8|          0|
    |void_compute_output_buffer_2d_array_const_ap_shift_reg_n_chan_stream_weig_17          |   8|   0|    8|          0|
    |void_compute_output_buffer_2d_array_const_ap_shift_reg_n_chan_stream_weig_18          |   8|   0|    8|          0|
    |void_compute_output_buffer_2d_array_const_ap_shift_reg_n_chan_stream_weig_19          |   8|   0|    8|          0|
    +--------------------------------------------------------------------------------------+----+----+-----+-----------+
    |Total                                                                                 | 938|   0|  938|          0|
    +--------------------------------------------------------------------------------------+----+----+-----+-----------+



================================================================
== Interface
================================================================
* Summary: 
+----------------------------+-----+-----+------------+--------------------------------------------------------------------------+--------------+
|          RTL Ports         | Dir | Bits|  Protocol  |                               Source Object                              |    C Type    |
+----------------------------+-----+-----+------------+--------------------------------------------------------------------------+--------------+
|ap_clk                      |   in|    1|  ap_ctrl_hs|  compute_output_buffer_2d<array,array<ap_fixed<24,17,5,3,0>,8u>,config12>|  return value|
|ap_rst                      |   in|    1|  ap_ctrl_hs|  compute_output_buffer_2d<array,array<ap_fixed<24,17,5,3,0>,8u>,config12>|  return value|
|ap_start                    |   in|    1|  ap_ctrl_hs|  compute_output_buffer_2d<array,array<ap_fixed<24,17,5,3,0>,8u>,config12>|  return value|
|ap_done                     |  out|    1|  ap_ctrl_hs|  compute_output_buffer_2d<array,array<ap_fixed<24,17,5,3,0>,8u>,config12>|  return value|
|ap_idle                     |  out|    1|  ap_ctrl_hs|  compute_output_buffer_2d<array,array<ap_fixed<24,17,5,3,0>,8u>,config12>|  return value|
|ap_ready                    |  out|    1|  ap_ctrl_hs|  compute_output_buffer_2d<array,array<ap_fixed<24,17,5,3,0>,8u>,config12>|  return value|
|ap_ce                       |   in|    1|  ap_ctrl_hs|  compute_output_buffer_2d<array,array<ap_fixed<24,17,5,3,0>,8u>,config12>|  return value|
|layer12_out_blk_n           |  out|    1|  ap_ctrl_hs|  compute_output_buffer_2d<array,array<ap_fixed<24,17,5,3,0>,8u>,config12>|  return value|
|p_read                      |   in|    8|     ap_none|                                                                    p_read|        scalar|
|p_read1                     |   in|    8|     ap_none|                                                                   p_read1|        scalar|
|p_read2                     |   in|    8|     ap_none|                                                                   p_read2|        scalar|
|p_read3                     |   in|    8|     ap_none|                                                                   p_read3|        scalar|
|p_read4                     |   in|    8|     ap_none|                                                                   p_read4|        scalar|
|p_read5                     |   in|    8|     ap_none|                                                                   p_read5|        scalar|
|p_read6                     |   in|    8|     ap_none|                                                                   p_read6|        scalar|
|p_read7                     |   in|    8|     ap_none|                                                                   p_read7|        scalar|
|layer12_out_din             |  out|  192|     ap_fifo|                                                               layer12_out|       pointer|
|layer12_out_num_data_valid  |   in|    7|     ap_fifo|                                                               layer12_out|       pointer|
|layer12_out_fifo_cap        |   in|    7|     ap_fifo|                                                               layer12_out|       pointer|
|layer12_out_full_n          |   in|    1|     ap_fifo|                                                               layer12_out|       pointer|
|layer12_out_write           |  out|    1|     ap_fifo|                                                               layer12_out|       pointer|
+----------------------------+-----+-----+------------+--------------------------------------------------------------------------+--------------+

