

================================================================
== Vitis HLS Report for 'conv_2d_cl_array_array_ap_fixed_25_18_5_3_0_16u_config12_s'
================================================================
* Date:           Sat Mar 21 19:23:57 2026

* Version:        2023.2 (Build 4023990 on Oct 11 2023)
* Project:        myproject_prj
* Solution:       solution1 (Vivado IP Flow Target)
* Product family: zynquplus
* Target device:  xck26-sfvc784-2LV-c


================================================================
== Performance Estimates
================================================================
+ Timing: 
    * Summary: 
    +--------+---------+----------+------------+
    |  Clock |  Target | Estimated| Uncertainty|
    +--------+---------+----------+------------+
    |ap_clk  |  5.00 ns|  3.353 ns|     1.35 ns|
    +--------+---------+----------+------------+

+ Latency: 
    * Summary: 
    +---------+---------+----------+----------+-----+------+---------+
    |  Latency (cycles) |  Latency (absolute) |  Interval  | Pipeline|
    |   min   |   max   |    min   |    max   | min |  max |   Type  |
    +---------+---------+----------+----------+-----+------+---------+
    |      449|     1905|  2.245 us|  9.525 us|  449|  1905|       no|
    +---------+---------+----------+----------+-----+------+---------+

    + Detail: 
        * Instance: 
        +-------------------------------------------------------------------------------------+--------------------------------------------------------------------------+---------+---------+-----------+-----------+-----+-----+---------+
        |                                                                                     |                                                                          |  Latency (cycles) |   Latency (absolute)  |  Interval | Pipeline|
        |                                       Instance                                      |                                  Module                                  |   min   |   max   |    min    |    max    | min | max |   Type  |
        +-------------------------------------------------------------------------------------+--------------------------------------------------------------------------+---------+---------+-----------+-----------+-----+-----+---------+
        |grp_compute_output_buffer_2d_array_array_ap_fixed_25_18_5_3_0_16u_config12_s_fu_468  |compute_output_buffer_2d_array_array_ap_fixed_25_18_5_3_0_16u_config12_s  |        2|       15|  10.000 ns|  75.000 ns|    2|   15|       no|
        +-------------------------------------------------------------------------------------+--------------------------------------------------------------------------+---------+---------+-----------+-----------+-----+-----+---------+

        * Loop: 
        +----------------------------------+---------+---------+----------+-----------+-----------+------+----------+
        |                                  |  Latency (cycles) | Iteration|  Initiation Interval  | Trip |          |
        |             Loop Name            |   min   |   max   |  Latency |  achieved |   target  | Count| Pipelined|
        +----------------------------------+---------+---------+----------+-----------+-----------+------+----------+
        |- ReadInputHeight_ReadInputWidth  |      448|     1904|    4 ~ 17|          -|          -|   112|        no|
        +----------------------------------+---------+---------+----------+-----------+-----------+------+----------+



================================================================
== Utilization Estimates
================================================================
* Summary: 
+-----------------+---------+------+--------+--------+-----+
|       Name      | BRAM_18K|  DSP |   FF   |   LUT  | URAM|
+-----------------+---------+------+--------+--------+-----+
|DSP              |        -|     -|       -|       -|    -|
|Expression       |        -|     -|       0|      32|    -|
|FIFO             |        -|     -|       -|       -|    -|
|Instance         |       64|   160|   12568|   15208|    -|
|Memory           |        -|     -|       -|       -|    -|
|Multiplexer      |        -|     -|       -|      65|    -|
|Register         |        -|     -|     141|       -|    -|
+-----------------+---------+------+--------+--------+-----+
|Total            |       64|   160|   12709|   15305|    0|
+-----------------+---------+------+--------+--------+-----+
|Available        |      288|  1248|  234240|  117120|   64|
+-----------------+---------+------+--------+--------+-----+
|Utilization (%)  |       22|    12|       5|      13|    0|
+-----------------+---------+------+--------+--------+-----+

+ Detail: 
    * Instance: 
    +-------------------------------------------------------------------------------------+--------------------------------------------------------------------------+---------+-----+-------+-------+-----+
    |                                       Instance                                      |                                  Module                                  | BRAM_18K| DSP |   FF  |  LUT  | URAM|
    +-------------------------------------------------------------------------------------+--------------------------------------------------------------------------+---------+-----+-------+-------+-----+
    |grp_compute_output_buffer_2d_array_array_ap_fixed_25_18_5_3_0_16u_config12_s_fu_468  |compute_output_buffer_2d_array_array_ap_fixed_25_18_5_3_0_16u_config12_s  |       64|  160|  12568|  15208|    0|
    +-------------------------------------------------------------------------------------+--------------------------------------------------------------------------+---------+-----+-------+-------+-----+
    |Total                                                                                |                                                                          |       64|  160|  12568|  15208|    0|
    +-------------------------------------------------------------------------------------+--------------------------------------------------------------------------+---------+-----+-------+-------+-----+

    * DSP: 
    N/A

    * Memory: 
    N/A

    * FIFO: 
    N/A

    * Expression: 
    +---------------------+----------+----+---+----+------------+------------+
    |    Variable Name    | Operation| DSP| FF| LUT| Bitwidth P0| Bitwidth P1|
    +---------------------+----------+----+---+----+------------+------------+
    |add_ln52_fu_866_p2   |         +|   0|  0|  14|           7|           1|
    |ap_block_state2      |       and|   0|  0|   2|           1|           1|
    |icmp_ln52_fu_860_p2  |      icmp|   0|  0|  14|           7|           6|
    |ap_block_state1      |        or|   0|  0|   2|           1|           1|
    +---------------------+----------+----+---+----+------------+------------+
    |Total                |          |   0|  0|  32|          16|           9|
    +---------------------+----------+----+---+----+------------+------------+

    * Multiplexer: 
    +-----------------------+----+-----------+-----+-----------+
    |          Name         | LUT| Input Size| Bits| Total Bits|
    +-----------------------+----+-----------+-----+-----------+
    |ap_NS_fsm              |  20|          4|    1|          4|
    |ap_done                |   9|          2|    1|          2|
    |indvar_flatten_fu_458  |   9|          2|    7|         14|
    |layer12_out_write      |   9|          2|    1|          2|
    |layer26_out_blk_n      |   9|          2|    1|          2|
    |real_start             |   9|          2|    1|          2|
    +-----------------------+----+-----------+-----+-----------+
    |Total                  |  65|         14|   12|         26|
    +-----------------------+----+-----------+-----+-----------+

    * Register: 
    +--------------------------------------------------------------------------------------------------+---+----+-----+-----------+
    |                                               Name                                               | FF| LUT| Bits| Const Bits|
    +--------------------------------------------------------------------------------------------------+---+----+-----+-----------+
    |ap_CS_fsm                                                                                         |  3|   0|    3|          0|
    |ap_done_reg                                                                                       |  1|   0|    1|          0|
    |grp_compute_output_buffer_2d_array_array_ap_fixed_25_18_5_3_0_16u_config12_s_fu_468_ap_start_reg  |  1|   0|    1|          0|
    |indvar_flatten_fu_458                                                                             |  7|   0|    7|          0|
    |start_once_reg                                                                                    |  1|   0|    1|          0|
    |trunc_ln58_64_reg_1067                                                                            |  8|   0|    8|          0|
    |trunc_ln58_65_reg_1072                                                                            |  8|   0|    8|          0|
    |trunc_ln58_66_reg_1077                                                                            |  8|   0|    8|          0|
    |trunc_ln58_67_reg_1082                                                                            |  8|   0|    8|          0|
    |trunc_ln58_68_reg_1087                                                                            |  8|   0|    8|          0|
    |trunc_ln58_69_reg_1092                                                                            |  8|   0|    8|          0|
    |trunc_ln58_70_reg_1097                                                                            |  8|   0|    8|          0|
    |trunc_ln58_71_reg_1102                                                                            |  8|   0|    8|          0|
    |trunc_ln58_72_reg_1107                                                                            |  8|   0|    8|          0|
    |trunc_ln58_73_reg_1112                                                                            |  8|   0|    8|          0|
    |trunc_ln58_74_reg_1117                                                                            |  8|   0|    8|          0|
    |trunc_ln58_75_reg_1122                                                                            |  8|   0|    8|          0|
    |trunc_ln58_76_reg_1127                                                                            |  8|   0|    8|          0|
    |trunc_ln58_77_reg_1132                                                                            |  8|   0|    8|          0|
    |trunc_ln58_reg_1057                                                                               |  8|   0|    8|          0|
    |trunc_ln58_s_reg_1062                                                                             |  8|   0|    8|          0|
    +--------------------------------------------------------------------------------------------------+---+----+-----+-----------+
    |Total                                                                                             |141|   0|  141|          0|
    +--------------------------------------------------------------------------------------------------+---+----+-----+-----------+



================================================================
== Interface
================================================================
* Summary: 
+----------------------------+-----+-----+------------+-------------------------------------------------------------+--------------+
|          RTL Ports         | Dir | Bits|  Protocol  |                        Source Object                        |    C Type    |
+----------------------------+-----+-----+------------+-------------------------------------------------------------+--------------+
|ap_clk                      |   in|    1|  ap_ctrl_hs|  conv_2d_cl<array,array<ap_fixed<25,18,5,3,0>,16u>,config12>|  return value|
|ap_rst                      |   in|    1|  ap_ctrl_hs|  conv_2d_cl<array,array<ap_fixed<25,18,5,3,0>,16u>,config12>|  return value|
|ap_start                    |   in|    1|  ap_ctrl_hs|  conv_2d_cl<array,array<ap_fixed<25,18,5,3,0>,16u>,config12>|  return value|
|start_full_n                |   in|    1|  ap_ctrl_hs|  conv_2d_cl<array,array<ap_fixed<25,18,5,3,0>,16u>,config12>|  return value|
|ap_done                     |  out|    1|  ap_ctrl_hs|  conv_2d_cl<array,array<ap_fixed<25,18,5,3,0>,16u>,config12>|  return value|
|ap_continue                 |   in|    1|  ap_ctrl_hs|  conv_2d_cl<array,array<ap_fixed<25,18,5,3,0>,16u>,config12>|  return value|
|ap_idle                     |  out|    1|  ap_ctrl_hs|  conv_2d_cl<array,array<ap_fixed<25,18,5,3,0>,16u>,config12>|  return value|
|ap_ready                    |  out|    1|  ap_ctrl_hs|  conv_2d_cl<array,array<ap_fixed<25,18,5,3,0>,16u>,config12>|  return value|
|start_out                   |  out|    1|  ap_ctrl_hs|  conv_2d_cl<array,array<ap_fixed<25,18,5,3,0>,16u>,config12>|  return value|
|start_write                 |  out|    1|  ap_ctrl_hs|  conv_2d_cl<array,array<ap_fixed<25,18,5,3,0>,16u>,config12>|  return value|
|layer26_out_dout            |   in|  128|     ap_fifo|                                                  layer26_out|       pointer|
|layer26_out_num_data_valid  |   in|    8|     ap_fifo|                                                  layer26_out|       pointer|
|layer26_out_fifo_cap        |   in|    8|     ap_fifo|                                                  layer26_out|       pointer|
|layer26_out_empty_n         |   in|    1|     ap_fifo|                                                  layer26_out|       pointer|
|layer26_out_read            |  out|    1|     ap_fifo|                                                  layer26_out|       pointer|
|layer12_out_din             |  out|  400|     ap_fifo|                                                  layer12_out|       pointer|
|layer12_out_num_data_valid  |   in|    8|     ap_fifo|                                                  layer12_out|       pointer|
|layer12_out_fifo_cap        |   in|    8|     ap_fifo|                                                  layer12_out|       pointer|
|layer12_out_full_n          |   in|    1|     ap_fifo|                                                  layer12_out|       pointer|
|layer12_out_write           |  out|    1|     ap_fifo|                                                  layer12_out|       pointer|
+----------------------------+-----+-----+------------+-------------------------------------------------------------+--------------+

