

================================================================
== Vitis HLS Report for 'conv_2d_cl_array_ap_fixed_2u_array_ap_fixed_30_17_5_3_0_8u_config2_s'
================================================================
* Date:           Sat Mar 21 19:23:42 2026

* Version:        2023.2 (Build 4023990 on Oct 11 2023)
* Project:        myproject_prj
* Solution:       solution1 (Vivado IP Flow Target)
* Product family: zynquplus
* Target device:  xck26-sfvc784-2LV-c


================================================================
== Performance Estimates
================================================================
+ Timing: 
    * Summary: 
    +--------+---------+----------+------------+
    |  Clock |  Target | Estimated| Uncertainty|
    +--------+---------+----------+------------+
    |ap_clk  |  5.00 ns|  3.235 ns|     1.35 ns|
    +--------+---------+----------+------------+

+ Latency: 
    * Summary: 
    +---------+---------+-----------+-----------+-------+-------+---------+
    |  Latency (cycles) |   Latency (absolute)  |    Interval   | Pipeline|
    |   min   |   max   |    min    |    max    |  min  |  max  |   Type  |
    +---------+---------+-----------+-----------+-------+-------+---------+
    |    18747|    18747|  93.735 us|  93.735 us|  18747|  18747|       no|
    +---------+---------+-----------+-----------+-------+-------+---------+

    + Detail: 
        * Instance: 
        +-----------------------------------------------------------------------------------+------------------------------------------------------------------------+---------+---------+-----------+-----------+-----+-----+---------+
        |                                                                                   |                                                                        |  Latency (cycles) |   Latency (absolute)  |  Interval | Pipeline|
        |                                      Instance                                     |                                 Module                                 |   min   |   max   |    min    |    max    | min | max |   Type  |
        +-----------------------------------------------------------------------------------+------------------------------------------------------------------------+---------+---------+-----------+-----------+-----+-----+---------+
        |grp_compute_output_buffer_2d_array_array_ap_fixed_30_17_5_3_0_8u_config2_s_fu_104  |compute_output_buffer_2d_array_array_ap_fixed_30_17_5_3_0_8u_config2_s  |        3|        3|  15.000 ns|  15.000 ns|    3|    3|      yes|
        +-----------------------------------------------------------------------------------+------------------------------------------------------------------------+---------+---------+-----------+-----------+-----+-----+---------+

        * Loop: 
        +----------------------------------+---------+---------+----------+-----------+-----------+------+----------+
        |                                  |  Latency (cycles) | Iteration|  Initiation Interval  | Trip |          |
        |             Loop Name            |   min   |   max   |  Latency |  achieved |   target  | Count| Pipelined|
        +----------------------------------+---------+---------+----------+-----------+-----------+------+----------+
        |- ReadInputHeight_ReadInputWidth  |    18745|    18745|         5|          3|          1|  6248|       yes|
        +----------------------------------+---------+---------+----------+-----------+-----------+------+----------+



================================================================
== Utilization Estimates
================================================================
* Summary: 
+-----------------+---------+------+--------+--------+-----+
|       Name      | BRAM_18K|  DSP |   FF   |   LUT  | URAM|
+-----------------+---------+------+--------+--------+-----+
|DSP              |        -|     -|       -|       -|    -|
|Expression       |        -|     -|       0|      56|    -|
|FIFO             |        -|     -|       -|       -|    -|
|Instance         |        -|     -|    1325|    3693|    -|
|Memory           |        -|     -|       -|       -|    -|
|Multiplexer      |        -|     -|       -|     110|    -|
|Register         |        -|     -|      35|       -|    -|
+-----------------+---------+------+--------+--------+-----+
|Total            |        0|     0|    1360|    3859|    0|
+-----------------+---------+------+--------+--------+-----+
|Available        |      288|  1248|  234240|  117120|   64|
+-----------------+---------+------+--------+--------+-----+
|Utilization (%)  |        0|     0|      ~0|       3|    0|
+-----------------+---------+------+--------+--------+-----+

+ Detail: 
    * Instance: 
    +-----------------------------------------------------------------------------------+------------------------------------------------------------------------+---------+----+------+------+-----+
    |                                      Instance                                     |                                 Module                                 | BRAM_18K| DSP|  FF  |  LUT | URAM|
    +-----------------------------------------------------------------------------------+------------------------------------------------------------------------+---------+----+------+------+-----+
    |grp_compute_output_buffer_2d_array_array_ap_fixed_30_17_5_3_0_8u_config2_s_fu_104  |compute_output_buffer_2d_array_array_ap_fixed_30_17_5_3_0_8u_config2_s  |        0|   0|  1325|  3693|    0|
    +-----------------------------------------------------------------------------------+------------------------------------------------------------------------+---------+----+------+------+-----+
    |Total                                                                              |                                                                        |        0|   0|  1325|  3693|    0|
    +-----------------------------------------------------------------------------------+------------------------------------------------------------------------+---------+----+------+------+-----+

    * DSP: 
    N/A

    * Memory: 
    N/A

    * FIFO: 
    N/A

    * Expression: 
    +------------------------------------------+----------+----+---+----+------------+------------+
    |               Variable Name              | Operation| DSP| FF| LUT| Bitwidth P0| Bitwidth P1|
    +------------------------------------------+----------+----+---+----+------------+------------+
    |add_ln52_fu_178_p2                        |         +|   0|  0|  20|          13|           1|
    |ap_block_pp0_stage0_11001                 |       and|   0|  0|   2|           1|           1|
    |ap_block_pp0_stage0_11001_ignoreCallOp23  |       and|   0|  0|   2|           1|           1|
    |ap_block_pp0_stage1_11001_ignoreCallOp20  |       and|   0|  0|   2|           1|           1|
    |ap_block_state2_pp0_stage1_iter0          |       and|   0|  0|   2|           1|           1|
    |ap_condition_382                          |       and|   0|  0|   2|           1|           1|
    |ap_condition_386                          |       and|   0|  0|   2|           1|           1|
    |icmp_ln52_fu_172_p2                       |      icmp|   0|  0|  20|          13|          12|
    |ap_block_pp0_stage1_11001                 |        or|   0|  0|   2|           1|           1|
    |ap_enable_pp0                             |       xor|   0|  0|   2|           1|           2|
    +------------------------------------------+----------+----+---+----+------------+------------+
    |Total                                     |          |   0|  0|  56|          34|          22|
    +------------------------------------------+----------+----+---+----+------------+------------+

    * Multiplexer: 
    +--------------------------------------+----+-----------+-----+-----------+
    |                 Name                 | LUT| Input Size| Bits| Total Bits|
    +--------------------------------------+----+-----------+-----+-----------+
    |ap_NS_fsm                             |  20|          4|    1|          4|
    |ap_done_int                           |   9|          2|    1|          2|
    |ap_enable_reg_pp0_iter0               |   9|          2|    1|          2|
    |ap_enable_reg_pp0_iter0_reg           |   9|          2|    1|          2|
    |ap_enable_reg_pp0_iter1               |   9|          2|    1|          2|
    |ap_sig_allocacmp_indvar_flatten_load  |   9|          2|   13|         26|
    |indvar_flatten_fu_94                  |   9|          2|   13|         26|
    |layer24_out_blk_n                     |   9|          2|    1|          2|
    |layer2_out_blk_n                      |   9|          2|    1|          2|
    |layer2_out_write                      |   9|          2|    1|          2|
    |real_start                            |   9|          2|    1|          2|
    +--------------------------------------+----+-----------+-----+-----------+
    |Total                                 | 110|         24|   35|         72|
    +--------------------------------------+----+-----------+-----+-----------+

    * Register: 
    +------------------------------------------------------------------------------------------------+----+----+-----+-----------+
    |                                              Name                                              | FF | LUT| Bits| Const Bits|
    +------------------------------------------------------------------------------------------------+----+----+-----+-----------+
    |add_ln52_reg_215                                                                                |  13|   0|   13|          0|
    |ap_CS_fsm                                                                                       |   3|   0|    3|          0|
    |ap_done_reg                                                                                     |   1|   0|    1|          0|
    |ap_enable_reg_pp0_iter0_reg                                                                     |   1|   0|    1|          0|
    |ap_enable_reg_pp0_iter1                                                                         |   1|   0|    1|          0|
    |grp_compute_output_buffer_2d_array_array_ap_fixed_30_17_5_3_0_8u_config2_s_fu_104_ap_start_reg  |   1|   0|    1|          0|
    |icmp_ln52_reg_211                                                                               |   1|   0|    1|          0|
    |indvar_flatten_fu_94                                                                            |  13|   0|   13|          0|
    |start_once_reg                                                                                  |   1|   0|    1|          0|
    +------------------------------------------------------------------------------------------------+----+----+-----+-----------+
    |Total                                                                                           |  35|   0|   35|          0|
    +------------------------------------------------------------------------------------------------+----+----+-----+-----------+



================================================================
== Interface
================================================================
* Summary: 
+----------------------------+-----+-----+------------+------------------------------------------------------------------------+--------------+
|          RTL Ports         | Dir | Bits|  Protocol  |                              Source Object                             |    C Type    |
+----------------------------+-----+-----+------------+------------------------------------------------------------------------+--------------+
|ap_clk                      |   in|    1|  ap_ctrl_hs|  conv_2d_cl<array<ap_fixed,2u>,array<ap_fixed<30,17,5,3,0>,8u>,config2>|  return value|
|ap_rst                      |   in|    1|  ap_ctrl_hs|  conv_2d_cl<array<ap_fixed,2u>,array<ap_fixed<30,17,5,3,0>,8u>,config2>|  return value|
|ap_start                    |   in|    1|  ap_ctrl_hs|  conv_2d_cl<array<ap_fixed,2u>,array<ap_fixed<30,17,5,3,0>,8u>,config2>|  return value|
|start_full_n                |   in|    1|  ap_ctrl_hs|  conv_2d_cl<array<ap_fixed,2u>,array<ap_fixed<30,17,5,3,0>,8u>,config2>|  return value|
|ap_done                     |  out|    1|  ap_ctrl_hs|  conv_2d_cl<array<ap_fixed,2u>,array<ap_fixed<30,17,5,3,0>,8u>,config2>|  return value|
|ap_continue                 |   in|    1|  ap_ctrl_hs|  conv_2d_cl<array<ap_fixed,2u>,array<ap_fixed<30,17,5,3,0>,8u>,config2>|  return value|
|ap_idle                     |  out|    1|  ap_ctrl_hs|  conv_2d_cl<array<ap_fixed,2u>,array<ap_fixed<30,17,5,3,0>,8u>,config2>|  return value|
|ap_ready                    |  out|    1|  ap_ctrl_hs|  conv_2d_cl<array<ap_fixed,2u>,array<ap_fixed<30,17,5,3,0>,8u>,config2>|  return value|
|start_out                   |  out|    1|  ap_ctrl_hs|  conv_2d_cl<array<ap_fixed,2u>,array<ap_fixed<30,17,5,3,0>,8u>,config2>|  return value|
|start_write                 |  out|    1|  ap_ctrl_hs|  conv_2d_cl<array<ap_fixed,2u>,array<ap_fixed<30,17,5,3,0>,8u>,config2>|  return value|
|layer24_out_dout            |   in|   32|     ap_fifo|                                                             layer24_out|       pointer|
|layer24_out_num_data_valid  |   in|   14|     ap_fifo|                                                             layer24_out|       pointer|
|layer24_out_fifo_cap        |   in|   14|     ap_fifo|                                                             layer24_out|       pointer|
|layer24_out_empty_n         |   in|    1|     ap_fifo|                                                             layer24_out|       pointer|
|layer24_out_read            |  out|    1|     ap_fifo|                                                             layer24_out|       pointer|
|layer2_out_din              |  out|  240|     ap_fifo|                                                              layer2_out|       pointer|
|layer2_out_num_data_valid   |   in|   14|     ap_fifo|                                                              layer2_out|       pointer|
|layer2_out_fifo_cap         |   in|   14|     ap_fifo|                                                              layer2_out|       pointer|
|layer2_out_full_n           |   in|    1|     ap_fifo|                                                              layer2_out|       pointer|
|layer2_out_write            |  out|    1|     ap_fifo|                                                              layer2_out|       pointer|
+----------------------------+-----+-----+------------+------------------------------------------------------------------------+--------------+

