

================================================================
== Vitis HLS Report for 'conv_2d_cl_array_ap_ufixed_8u_array_ap_fixed_24_17_5_3_0_8u_config7_s'
================================================================
* Date:           Sun Mar 22 09:52:27 2026

* Version:        2023.2 (Build 4023990 on Oct 11 2023)
* Project:        myproject_prj
* Solution:       solution1 (Vivado IP Flow Target)
* Product family: zynquplus
* Target device:  xck26-sfvc784-2LV-c


================================================================
== Performance Estimates
================================================================
+ Timing: 
    * Summary: 
    +--------+---------+----------+------------+
    |  Clock |  Target | Estimated| Uncertainty|
    +--------+---------+----------+------------+
    |ap_clk  |  5.00 ns|  3.635 ns|     1.35 ns|
    +--------+---------+----------+------------+

+ Latency: 
    * Summary: 
    +---------+---------+----------+----------+------+------+---------+
    |  Latency (cycles) |  Latency (absolute) |   Interval  | Pipeline|
    |   min   |   max   |    min   |    max   |  min |  max |   Type  |
    +---------+---------+----------+----------+------+------+---------+
    |     1635|     1635|  8.175 us|  8.175 us|  1635|  1635|       no|
    +---------+---------+----------+----------+------+------+---------+

    + Detail: 
        * Instance: 
        +-----------------------------------------------------------------------------------+------------------------------------------------------------------------+---------+---------+-----------+-----------+-----+-----+---------+
        |                                                                                   |                                                                        |  Latency (cycles) |   Latency (absolute)  |  Interval | Pipeline|
        |                                      Instance                                     |                                 Module                                 |   min   |   max   |    min    |    max    | min | max |   Type  |
        +-----------------------------------------------------------------------------------+------------------------------------------------------------------------+---------+---------+-----------+-----------+-----+-----+---------+
        |grp_compute_output_buffer_2d_array_array_ap_fixed_24_17_5_3_0_8u_config7_s_fu_262  |compute_output_buffer_2d_array_array_ap_fixed_24_17_5_3_0_8u_config7_s  |        4|        4|  20.000 ns|  20.000 ns|    4|    4|      yes|
        +-----------------------------------------------------------------------------------+------------------------------------------------------------------------+---------+---------+-----------+-----------+-----+-----+---------+

        * Loop: 
        +----------------------------------+---------+---------+----------+-----------+-----------+------+----------+
        |                                  |  Latency (cycles) | Iteration|  Initiation Interval  | Trip |          |
        |             Loop Name            |   min   |   max   |  Latency |  achieved |   target  | Count| Pipelined|
        +----------------------------------+---------+---------+----------+-----------+-----------+------+----------+
        |- ReadInputHeight_ReadInputWidth  |     1633|     1633|         6|          4|          4|   408|       yes|
        +----------------------------------+---------+---------+----------+-----------+-----------+------+----------+



================================================================
== Utilization Estimates
================================================================
* Summary: 
+-----------------+---------+------+--------+--------+-----+
|       Name      | BRAM_18K|  DSP |   FF   |   LUT  | URAM|
+-----------------+---------+------+--------+--------+-----+
|DSP              |        -|     -|       -|       -|    -|
|Expression       |        -|     -|       0|      46|    -|
|FIFO             |        -|     -|       -|       -|    -|
|Instance         |        -|     -|    3066|    9538|    -|
|Memory           |        -|     -|       -|       -|    -|
|Multiplexer      |        -|     -|       -|     116|    -|
|Register         |        -|     -|      19|       -|    -|
+-----------------+---------+------+--------+--------+-----+
|Total            |        0|     0|    3085|    9700|    0|
+-----------------+---------+------+--------+--------+-----+
|Available        |      288|  1248|  234240|  117120|   64|
+-----------------+---------+------+--------+--------+-----+
|Utilization (%)  |        0|     0|       1|       8|    0|
+-----------------+---------+------+--------+--------+-----+

+ Detail: 
    * Instance: 
    +-----------------------------------------------------------------------------------+------------------------------------------------------------------------+---------+----+------+------+-----+
    |                                      Instance                                     |                                 Module                                 | BRAM_18K| DSP|  FF  |  LUT | URAM|
    +-----------------------------------------------------------------------------------+------------------------------------------------------------------------+---------+----+------+------+-----+
    |grp_compute_output_buffer_2d_array_array_ap_fixed_24_17_5_3_0_8u_config7_s_fu_262  |compute_output_buffer_2d_array_array_ap_fixed_24_17_5_3_0_8u_config7_s  |        0|   0|  3066|  9538|    0|
    +-----------------------------------------------------------------------------------+------------------------------------------------------------------------+---------+----+------+------+-----+
    |Total                                                                              |                                                                        |        0|   0|  3066|  9538|    0|
    +-----------------------------------------------------------------------------------+------------------------------------------------------------------------+---------+----+------+------+-----+

    * DSP: 
    N/A

    * Memory: 
    N/A

    * FIFO: 
    N/A

    * Expression: 
    +------------------------------------------+----------+----+---+----+------------+------------+
    |               Variable Name              | Operation| DSP| FF| LUT| Bitwidth P0| Bitwidth P1|
    +------------------------------------------+----------+----+---+----+------------+------------+
    |add_ln25_fu_474_p2                        |         +|   0|  0|  16|           9|           1|
    |ap_block_pp0_stage0_11001                 |       and|   0|  0|   2|           1|           1|
    |ap_block_pp0_stage0_11001_ignoreCallOp31  |       and|   0|  0|   2|           1|           1|
    |ap_block_pp0_stage1_11001_ignoreCallOp28  |       and|   0|  0|   2|           1|           1|
    |ap_block_state2_pp0_stage1_iter0          |       and|   0|  0|   2|           1|           1|
    |ap_condition_179                          |       and|   0|  0|   2|           1|           1|
    |icmp_ln25_fu_468_p2                       |      icmp|   0|  0|  16|           9|           8|
    |ap_block_pp0_stage1_11001                 |        or|   0|  0|   2|           1|           1|
    |ap_enable_pp0                             |       xor|   0|  0|   2|           1|           2|
    +------------------------------------------+----------+----+---+----+------------+------------+
    |Total                                     |          |   0|  0|  46|          25|          17|
    +------------------------------------------+----------+----+---+----+------------+------------+

    * Multiplexer: 
    +--------------------------------------+----+-----------+-----+-----------+
    |                 Name                 | LUT| Input Size| Bits| Total Bits|
    +--------------------------------------+----+-----------+-----+-----------+
    |ap_NS_fsm                             |  26|          5|    1|          5|
    |ap_done_int                           |   9|          2|    1|          2|
    |ap_enable_reg_pp0_iter0               |   9|          2|    1|          2|
    |ap_enable_reg_pp0_iter0_reg           |   9|          2|    1|          2|
    |ap_enable_reg_pp0_iter1               |   9|          2|    1|          2|
    |ap_sig_allocacmp_indvar_flatten_load  |   9|          2|    9|         18|
    |indvar_flatten_fu_252                 |   9|          2|    9|         18|
    |layer25_out_blk_n                     |   9|          2|    1|          2|
    |layer7_out_blk_n                      |   9|          2|    1|          2|
    |layer7_out_write                      |   9|          2|    1|          2|
    |real_start                            |   9|          2|    1|          2|
    +--------------------------------------+----+-----------+-----+-----------+
    |Total                                 | 116|         25|   27|         57|
    +--------------------------------------+----+-----------+-----+-----------+

    * Register: 
    +------------------------------------------------------------------------------------------------+---+----+-----+-----------+
    |                                              Name                                              | FF| LUT| Bits| Const Bits|
    +------------------------------------------------------------------------------------------------+---+----+-----+-----------+
    |ap_CS_fsm                                                                                       |  4|   0|    4|          0|
    |ap_done_reg                                                                                     |  1|   0|    1|          0|
    |ap_enable_reg_pp0_iter0_reg                                                                     |  1|   0|    1|          0|
    |ap_enable_reg_pp0_iter1                                                                         |  1|   0|    1|          0|
    |grp_compute_output_buffer_2d_array_array_ap_fixed_24_17_5_3_0_8u_config7_s_fu_262_ap_start_reg  |  1|   0|    1|          0|
    |icmp_ln25_reg_574                                                                               |  1|   0|    1|          0|
    |indvar_flatten_fu_252                                                                           |  9|   0|    9|          0|
    |start_once_reg                                                                                  |  1|   0|    1|          0|
    +------------------------------------------------------------------------------------------------+---+----+-----+-----------+
    |Total                                                                                           | 19|   0|   19|          0|
    +------------------------------------------------------------------------------------------------+---+----+-----+-----------+



================================================================
== Interface
================================================================
* Summary: 
+----------------------------+-----+-----+------------+-------------------------------------------------------------------------+--------------+
|          RTL Ports         | Dir | Bits|  Protocol  |                              Source Object                              |    C Type    |
+----------------------------+-----+-----+------------+-------------------------------------------------------------------------+--------------+
|ap_clk                      |   in|    1|  ap_ctrl_hs|  conv_2d_cl<array<ap_ufixed,8u>,array<ap_fixed<24,17,5,3,0>,8u>,config7>|  return value|
|ap_rst                      |   in|    1|  ap_ctrl_hs|  conv_2d_cl<array<ap_ufixed,8u>,array<ap_fixed<24,17,5,3,0>,8u>,config7>|  return value|
|ap_start                    |   in|    1|  ap_ctrl_hs|  conv_2d_cl<array<ap_ufixed,8u>,array<ap_fixed<24,17,5,3,0>,8u>,config7>|  return value|
|start_full_n                |   in|    1|  ap_ctrl_hs|  conv_2d_cl<array<ap_ufixed,8u>,array<ap_fixed<24,17,5,3,0>,8u>,config7>|  return value|
|ap_done                     |  out|    1|  ap_ctrl_hs|  conv_2d_cl<array<ap_ufixed,8u>,array<ap_fixed<24,17,5,3,0>,8u>,config7>|  return value|
|ap_continue                 |   in|    1|  ap_ctrl_hs|  conv_2d_cl<array<ap_ufixed,8u>,array<ap_fixed<24,17,5,3,0>,8u>,config7>|  return value|
|ap_idle                     |  out|    1|  ap_ctrl_hs|  conv_2d_cl<array<ap_ufixed,8u>,array<ap_fixed<24,17,5,3,0>,8u>,config7>|  return value|
|ap_ready                    |  out|    1|  ap_ctrl_hs|  conv_2d_cl<array<ap_ufixed,8u>,array<ap_fixed<24,17,5,3,0>,8u>,config7>|  return value|
|start_out                   |  out|    1|  ap_ctrl_hs|  conv_2d_cl<array<ap_ufixed,8u>,array<ap_fixed<24,17,5,3,0>,8u>,config7>|  return value|
|start_write                 |  out|    1|  ap_ctrl_hs|  conv_2d_cl<array<ap_ufixed,8u>,array<ap_fixed<24,17,5,3,0>,8u>,config7>|  return value|
|layer25_out_dout            |   in|   64|     ap_fifo|                                                              layer25_out|       pointer|
|layer25_out_num_data_valid  |   in|   10|     ap_fifo|                                                              layer25_out|       pointer|
|layer25_out_fifo_cap        |   in|   10|     ap_fifo|                                                              layer25_out|       pointer|
|layer25_out_empty_n         |   in|    1|     ap_fifo|                                                              layer25_out|       pointer|
|layer25_out_read            |  out|    1|     ap_fifo|                                                              layer25_out|       pointer|
|layer7_out_din              |  out|  192|     ap_fifo|                                                               layer7_out|       pointer|
|layer7_out_num_data_valid   |   in|   10|     ap_fifo|                                                               layer7_out|       pointer|
|layer7_out_fifo_cap         |   in|   10|     ap_fifo|                                                               layer7_out|       pointer|
|layer7_out_full_n           |   in|    1|     ap_fifo|                                                               layer7_out|       pointer|
|layer7_out_write            |  out|    1|     ap_fifo|                                                               layer7_out|       pointer|
+----------------------------+-----+-----+------------+-------------------------------------------------------------------------+--------------+

