

================================================================
== Vitis HLS Report for 'dense_array_array_ap_fixed_24_17_5_3_0_32u_config18_Pipeline_DataPrepare'
================================================================
* Date:           Sat Mar 21 19:24:03 2026

* Version:        2023.2 (Build 4023990 on Oct 11 2023)
* Project:        myproject_prj
* Solution:       solution1 (Vivado IP Flow Target)
* Product family: zynquplus
* Target device:  xck26-sfvc784-2LV-c


================================================================
== Performance Estimates
================================================================
+ Timing: 
    * Summary: 
    +--------+---------+----------+------------+
    |  Clock |  Target | Estimated| Uncertainty|
    +--------+---------+----------+------------+
    |ap_clk  |  5.00 ns|  1.825 ns|     1.35 ns|
    +--------+---------+----------+------------+

+ Latency: 
    * Summary: 
    +---------+---------+-----------+-----------+-----+-----+---------+
    |  Latency (cycles) |   Latency (absolute)  |  Interval | Pipeline|
    |   min   |   max   |    min    |    max    | min | max |   Type  |
    +---------+---------+-----------+-----------+-----+-----+---------+
    |        9|        9|  45.000 ns|  45.000 ns|    9|    9|       no|
    +---------+---------+-----------+-----------+-----+-----+---------+

    + Detail: 
        * Instance: 
        N/A

        * Loop: 
        +---------------+---------+---------+----------+-----------+-----------+------+----------+
        |               |  Latency (cycles) | Iteration|  Initiation Interval  | Trip |          |
        |   Loop Name   |   min   |   max   |  Latency |  achieved |   target  | Count| Pipelined|
        +---------------+---------+---------+----------+-----------+-----------+------+----------+
        |- DataPrepare  |        7|        7|         2|          1|          1|     7|       yes|
        +---------------+---------+---------+----------+-----------+-----------+------+----------+



================================================================
== Utilization Estimates
================================================================
* Summary: 
+-----------------+---------+------+--------+--------+-----+
|       Name      | BRAM_18K|  DSP |   FF   |   LUT  | URAM|
+-----------------+---------+------+--------+--------+-----+
|DSP              |        -|     -|       -|       -|    -|
|Expression       |        -|     -|       0|      24|    -|
|FIFO             |        -|     -|       -|       -|    -|
|Instance         |        -|     -|       -|       -|    -|
|Memory           |        -|     -|       -|       -|    -|
|Multiplexer      |        -|     -|       -|      45|    -|
|Register         |        -|     -|     905|       -|    -|
+-----------------+---------+------+--------+--------+-----+
|Total            |        0|     0|     905|      69|    0|
+-----------------+---------+------+--------+--------+-----+
|Available        |      288|  1248|  234240|  117120|   64|
+-----------------+---------+------+--------+--------+-----+
|Utilization (%)  |        0|     0|      ~0|      ~0|    0|
+-----------------+---------+------+--------+--------+-----+

+ Detail: 
    * Instance: 
    N/A

    * DSP: 
    N/A

    * Memory: 
    N/A

    * FIFO: 
    N/A

    * Expression: 
    +---------------------------+----------+----+---+----+------------+------------+
    |       Variable Name       | Operation| DSP| FF| LUT| Bitwidth P0| Bitwidth P1|
    +---------------------------+----------+----+---+----+------------+------------+
    |add_ln33_fu_1584_p2        |         +|   0|  0|  10|           3|           1|
    |ap_block_pp0_stage0_01001  |       and|   0|  0|   2|           1|           1|
    |icmp_ln33_fu_1578_p2       |      icmp|   0|  0|  10|           3|           2|
    |ap_enable_pp0              |       xor|   0|  0|   2|           1|           2|
    +---------------------------+----------+----+---+----+------------+------------+
    |Total                      |          |   0|  0|  24|           8|           6|
    +---------------------------+----------+----+---+----+------------+------------+

    * Multiplexer: 
    +-------------------------+----+-----------+-----+-----------+
    |           Name          | LUT| Input Size| Bits| Total Bits|
    +-------------------------+----+-----------+-----+-----------+
    |ap_done_int              |   9|          2|    1|          2|
    |ap_enable_reg_pp0_iter1  |   9|          2|    1|          2|
    |ap_sig_allocacmp_i_in_1  |   9|          2|    3|          6|
    |i_in_fu_328              |   9|          2|    3|          6|
    |layer16_out_blk_n        |   9|          2|    1|          2|
    +-------------------------+----+-----------+-----+-----------+
    |Total                    |  45|         10|    9|         18|
    +-------------------------+----+-----------+-----+-----------+

    * Register: 
    +-------------------------+---+----+-----+-----------+
    |           Name          | FF| LUT| Bits| Const Bits|
    +-------------------------+---+----+-----+-----------+
    |ap_CS_fsm                |  1|   0|    1|          0|
    |ap_done_reg              |  1|   0|    1|          0|
    |ap_enable_reg_pp0_iter1  |  1|   0|    1|          0|
    |i_in_1_reg_3436          |  3|   0|    3|          0|
    |i_in_fu_328              |  3|   0|    3|          0|
    |p_0_0_0_0_0129_fu_588    |  8|   0|    8|          0|
    |p_0_0_0_0_0161_fu_652    |  8|   0|    8|          0|
    |p_0_0_0_0_0193_fu_716    |  8|   0|    8|          0|
    |p_0_0_0_0_01_fu_332      |  8|   0|    8|          0|
    |p_0_0_0_0_033_fu_396     |  8|   0|    8|          0|
    |p_0_0_0_0_065_fu_460     |  8|   0|    8|          0|
    |p_0_0_0_0_097_fu_524     |  8|   0|    8|          0|
    |p_0_10_0_0_0117_fu_564   |  8|   0|    8|          0|
    |p_0_10_0_0_0149_fu_628   |  8|   0|    8|          0|
    |p_0_10_0_0_0181_fu_692   |  8|   0|    8|          0|
    |p_0_10_0_0_0213_fu_756   |  8|   0|    8|          0|
    |p_0_10_0_0_021_fu_372    |  8|   0|    8|          0|
    |p_0_10_0_0_053_fu_436    |  8|   0|    8|          0|
    |p_0_10_0_0_085_fu_500    |  8|   0|    8|          0|
    |p_0_11_0_0_0119_fu_568   |  8|   0|    8|          0|
    |p_0_11_0_0_0151_fu_632   |  8|   0|    8|          0|
    |p_0_11_0_0_0183_fu_696   |  8|   0|    8|          0|
    |p_0_11_0_0_0215_fu_760   |  8|   0|    8|          0|
    |p_0_11_0_0_023_fu_376    |  8|   0|    8|          0|
    |p_0_11_0_0_055_fu_440    |  8|   0|    8|          0|
    |p_0_11_0_0_087_fu_504    |  8|   0|    8|          0|
    |p_0_12_0_0_0121_fu_572   |  8|   0|    8|          0|
    |p_0_12_0_0_0153_fu_636   |  8|   0|    8|          0|
    |p_0_12_0_0_0185_fu_700   |  8|   0|    8|          0|
    |p_0_12_0_0_0217_fu_764   |  8|   0|    8|          0|
    |p_0_12_0_0_025_fu_380    |  8|   0|    8|          0|
    |p_0_12_0_0_057_fu_444    |  8|   0|    8|          0|
    |p_0_12_0_0_089_fu_508    |  8|   0|    8|          0|
    |p_0_13_0_0_0123_fu_576   |  8|   0|    8|          0|
    |p_0_13_0_0_0155_fu_640   |  8|   0|    8|          0|
    |p_0_13_0_0_0187_fu_704   |  8|   0|    8|          0|
    |p_0_13_0_0_0219_fu_768   |  8|   0|    8|          0|
    |p_0_13_0_0_027_fu_384    |  8|   0|    8|          0|
    |p_0_13_0_0_059_fu_448    |  8|   0|    8|          0|
    |p_0_13_0_0_091_fu_512    |  8|   0|    8|          0|
    |p_0_14_0_0_0125_fu_580   |  8|   0|    8|          0|
    |p_0_14_0_0_0157_fu_644   |  8|   0|    8|          0|
    |p_0_14_0_0_0189_fu_708   |  8|   0|    8|          0|
    |p_0_14_0_0_0221_fu_772   |  8|   0|    8|          0|
    |p_0_14_0_0_029_fu_388    |  8|   0|    8|          0|
    |p_0_14_0_0_061_fu_452    |  8|   0|    8|          0|
    |p_0_14_0_0_093_fu_516    |  8|   0|    8|          0|
    |p_0_15_0_0_0127_fu_584   |  8|   0|    8|          0|
    |p_0_15_0_0_0159_fu_648   |  8|   0|    8|          0|
    |p_0_15_0_0_0191_fu_712   |  8|   0|    8|          0|
    |p_0_15_0_0_0223_fu_776   |  8|   0|    8|          0|
    |p_0_15_0_0_031_fu_392    |  8|   0|    8|          0|
    |p_0_15_0_0_063_fu_456    |  8|   0|    8|          0|
    |p_0_15_0_0_095_fu_520    |  8|   0|    8|          0|
    |p_0_1_0_0_0131_fu_592    |  8|   0|    8|          0|
    |p_0_1_0_0_0163_fu_656    |  8|   0|    8|          0|
    |p_0_1_0_0_0195_fu_720    |  8|   0|    8|          0|
    |p_0_1_0_0_035_fu_400     |  8|   0|    8|          0|
    |p_0_1_0_0_03_fu_336      |  8|   0|    8|          0|
    |p_0_1_0_0_067_fu_464     |  8|   0|    8|          0|
    |p_0_1_0_0_099_fu_528     |  8|   0|    8|          0|
    |p_0_2_0_0_0101_fu_532    |  8|   0|    8|          0|
    |p_0_2_0_0_0133_fu_596    |  8|   0|    8|          0|
    |p_0_2_0_0_0165_fu_660    |  8|   0|    8|          0|
    |p_0_2_0_0_0197_fu_724    |  8|   0|    8|          0|
    |p_0_2_0_0_037_fu_404     |  8|   0|    8|          0|
    |p_0_2_0_0_05_fu_340      |  8|   0|    8|          0|
    |p_0_2_0_0_069_fu_468     |  8|   0|    8|          0|
    |p_0_3_0_0_0103_fu_536    |  8|   0|    8|          0|
    |p_0_3_0_0_0135_fu_600    |  8|   0|    8|          0|
    |p_0_3_0_0_0167_fu_664    |  8|   0|    8|          0|
    |p_0_3_0_0_0199_fu_728    |  8|   0|    8|          0|
    |p_0_3_0_0_039_fu_408     |  8|   0|    8|          0|
    |p_0_3_0_0_071_fu_472     |  8|   0|    8|          0|
    |p_0_3_0_0_07_fu_344      |  8|   0|    8|          0|
    |p_0_4_0_0_0105_fu_540    |  8|   0|    8|          0|
    |p_0_4_0_0_0137_fu_604    |  8|   0|    8|          0|
    |p_0_4_0_0_0169_fu_668    |  8|   0|    8|          0|
    |p_0_4_0_0_0201_fu_732    |  8|   0|    8|          0|
    |p_0_4_0_0_041_fu_412     |  8|   0|    8|          0|
    |p_0_4_0_0_073_fu_476     |  8|   0|    8|          0|
    |p_0_4_0_0_09_fu_348      |  8|   0|    8|          0|
    |p_0_5_0_0_0107_fu_544    |  8|   0|    8|          0|
    |p_0_5_0_0_011_fu_352     |  8|   0|    8|          0|
    |p_0_5_0_0_0139_fu_608    |  8|   0|    8|          0|
    |p_0_5_0_0_0171_fu_672    |  8|   0|    8|          0|
    |p_0_5_0_0_0203_fu_736    |  8|   0|    8|          0|
    |p_0_5_0_0_043_fu_416     |  8|   0|    8|          0|
    |p_0_5_0_0_075_fu_480     |  8|   0|    8|          0|
    |p_0_6_0_0_0109_fu_548    |  8|   0|    8|          0|
    |p_0_6_0_0_013_fu_356     |  8|   0|    8|          0|
    |p_0_6_0_0_0141_fu_612    |  8|   0|    8|          0|
    |p_0_6_0_0_0173_fu_676    |  8|   0|    8|          0|
    |p_0_6_0_0_0205_fu_740    |  8|   0|    8|          0|
    |p_0_6_0_0_045_fu_420     |  8|   0|    8|          0|
    |p_0_6_0_0_077_fu_484     |  8|   0|    8|          0|
    |p_0_7_0_0_0111_fu_552    |  8|   0|    8|          0|
    |p_0_7_0_0_0143_fu_616    |  8|   0|    8|          0|
    |p_0_7_0_0_015_fu_360     |  8|   0|    8|          0|
    |p_0_7_0_0_0175_fu_680    |  8|   0|    8|          0|
    |p_0_7_0_0_0207_fu_744    |  8|   0|    8|          0|
    |p_0_7_0_0_047_fu_424     |  8|   0|    8|          0|
    |p_0_7_0_0_079_fu_488     |  8|   0|    8|          0|
    |p_0_8_0_0_0113_fu_556    |  8|   0|    8|          0|
    |p_0_8_0_0_0145_fu_620    |  8|   0|    8|          0|
    |p_0_8_0_0_0177_fu_684    |  8|   0|    8|          0|
    |p_0_8_0_0_017_fu_364     |  8|   0|    8|          0|
    |p_0_8_0_0_0209_fu_748    |  8|   0|    8|          0|
    |p_0_8_0_0_049_fu_428     |  8|   0|    8|          0|
    |p_0_8_0_0_081_fu_492     |  8|   0|    8|          0|
    |p_0_9_0_0_0115_fu_560    |  8|   0|    8|          0|
    |p_0_9_0_0_0147_fu_624    |  8|   0|    8|          0|
    |p_0_9_0_0_0179_fu_688    |  8|   0|    8|          0|
    |p_0_9_0_0_019_fu_368     |  8|   0|    8|          0|
    |p_0_9_0_0_0211_fu_752    |  8|   0|    8|          0|
    |p_0_9_0_0_051_fu_432     |  8|   0|    8|          0|
    |p_0_9_0_0_083_fu_496     |  8|   0|    8|          0|
    +-------------------------+---+----+-----+-----------+
    |Total                    |905|   0|  905|          0|
    +-------------------------+---+----+-----+-----------+



================================================================
== Interface
================================================================
* Summary: 
+----------------------------+-----+-----+------------+-----------------------------------------------------------------------------+--------------+
|          RTL Ports         | Dir | Bits|  Protocol  |                                Source Object                                |    C Type    |
+----------------------------+-----+-----+------------+-----------------------------------------------------------------------------+--------------+
|ap_clk                      |   in|    1|  ap_ctrl_hs|  dense<array,array<ap_fixed<24,17,5,3,0>,32u>,config18>_Pipeline_DataPrepare|  return value|
|ap_rst                      |   in|    1|  ap_ctrl_hs|  dense<array,array<ap_fixed<24,17,5,3,0>,32u>,config18>_Pipeline_DataPrepare|  return value|
|ap_start                    |   in|    1|  ap_ctrl_hs|  dense<array,array<ap_fixed<24,17,5,3,0>,32u>,config18>_Pipeline_DataPrepare|  return value|
|ap_done                     |  out|    1|  ap_ctrl_hs|  dense<array,array<ap_fixed<24,17,5,3,0>,32u>,config18>_Pipeline_DataPrepare|  return value|
|ap_idle                     |  out|    1|  ap_ctrl_hs|  dense<array,array<ap_fixed<24,17,5,3,0>,32u>,config18>_Pipeline_DataPrepare|  return value|
|ap_ready                    |  out|    1|  ap_ctrl_hs|  dense<array,array<ap_fixed<24,17,5,3,0>,32u>,config18>_Pipeline_DataPrepare|  return value|
|layer16_out_dout            |   in|  128|     ap_fifo|                                                                  layer16_out|       pointer|
|layer16_out_num_data_valid  |   in|    4|     ap_fifo|                                                                  layer16_out|       pointer|
|layer16_out_fifo_cap        |   in|    4|     ap_fifo|                                                                  layer16_out|       pointer|
|layer16_out_empty_n         |   in|    1|     ap_fifo|                                                                  layer16_out|       pointer|
|layer16_out_read            |  out|    1|     ap_fifo|                                                                  layer16_out|       pointer|
|p_0_15_0_0_0223_out         |  out|    8|      ap_vld|                                                          p_0_15_0_0_0223_out|       pointer|
|p_0_15_0_0_0223_out_ap_vld  |  out|    1|      ap_vld|                                                          p_0_15_0_0_0223_out|       pointer|
|p_0_14_0_0_0221_out         |  out|    8|      ap_vld|                                                          p_0_14_0_0_0221_out|       pointer|
|p_0_14_0_0_0221_out_ap_vld  |  out|    1|      ap_vld|                                                          p_0_14_0_0_0221_out|       pointer|
|p_0_13_0_0_0219_out         |  out|    8|      ap_vld|                                                          p_0_13_0_0_0219_out|       pointer|
|p_0_13_0_0_0219_out_ap_vld  |  out|    1|      ap_vld|                                                          p_0_13_0_0_0219_out|       pointer|
|p_0_12_0_0_0217_out         |  out|    8|      ap_vld|                                                          p_0_12_0_0_0217_out|       pointer|
|p_0_12_0_0_0217_out_ap_vld  |  out|    1|      ap_vld|                                                          p_0_12_0_0_0217_out|       pointer|
|p_0_11_0_0_0215_out         |  out|    8|      ap_vld|                                                          p_0_11_0_0_0215_out|       pointer|
|p_0_11_0_0_0215_out_ap_vld  |  out|    1|      ap_vld|                                                          p_0_11_0_0_0215_out|       pointer|
|p_0_10_0_0_0213_out         |  out|    8|      ap_vld|                                                          p_0_10_0_0_0213_out|       pointer|
|p_0_10_0_0_0213_out_ap_vld  |  out|    1|      ap_vld|                                                          p_0_10_0_0_0213_out|       pointer|
|p_0_9_0_0_0211_out          |  out|    8|      ap_vld|                                                           p_0_9_0_0_0211_out|       pointer|
|p_0_9_0_0_0211_out_ap_vld   |  out|    1|      ap_vld|                                                           p_0_9_0_0_0211_out|       pointer|
|p_0_8_0_0_0209_out          |  out|    8|      ap_vld|                                                           p_0_8_0_0_0209_out|       pointer|
|p_0_8_0_0_0209_out_ap_vld   |  out|    1|      ap_vld|                                                           p_0_8_0_0_0209_out|       pointer|
|p_0_7_0_0_0207_out          |  out|    8|      ap_vld|                                                           p_0_7_0_0_0207_out|       pointer|
|p_0_7_0_0_0207_out_ap_vld   |  out|    1|      ap_vld|                                                           p_0_7_0_0_0207_out|       pointer|
|p_0_6_0_0_0205_out          |  out|    8|      ap_vld|                                                           p_0_6_0_0_0205_out|       pointer|
|p_0_6_0_0_0205_out_ap_vld   |  out|    1|      ap_vld|                                                           p_0_6_0_0_0205_out|       pointer|
|p_0_5_0_0_0203_out          |  out|    8|      ap_vld|                                                           p_0_5_0_0_0203_out|       pointer|
|p_0_5_0_0_0203_out_ap_vld   |  out|    1|      ap_vld|                                                           p_0_5_0_0_0203_out|       pointer|
|p_0_4_0_0_0201_out          |  out|    8|      ap_vld|                                                           p_0_4_0_0_0201_out|       pointer|
|p_0_4_0_0_0201_out_ap_vld   |  out|    1|      ap_vld|                                                           p_0_4_0_0_0201_out|       pointer|
|p_0_3_0_0_0199_out          |  out|    8|      ap_vld|                                                           p_0_3_0_0_0199_out|       pointer|
|p_0_3_0_0_0199_out_ap_vld   |  out|    1|      ap_vld|                                                           p_0_3_0_0_0199_out|       pointer|
|p_0_2_0_0_0197_out          |  out|    8|      ap_vld|                                                           p_0_2_0_0_0197_out|       pointer|
|p_0_2_0_0_0197_out_ap_vld   |  out|    1|      ap_vld|                                                           p_0_2_0_0_0197_out|       pointer|
|p_0_1_0_0_0195_out          |  out|    8|      ap_vld|                                                           p_0_1_0_0_0195_out|       pointer|
|p_0_1_0_0_0195_out_ap_vld   |  out|    1|      ap_vld|                                                           p_0_1_0_0_0195_out|       pointer|
|p_0_0_0_0_0193_out          |  out|    8|      ap_vld|                                                           p_0_0_0_0_0193_out|       pointer|
|p_0_0_0_0_0193_out_ap_vld   |  out|    1|      ap_vld|                                                           p_0_0_0_0_0193_out|       pointer|
|p_0_15_0_0_0191_out         |  out|    8|      ap_vld|                                                          p_0_15_0_0_0191_out|       pointer|
|p_0_15_0_0_0191_out_ap_vld  |  out|    1|      ap_vld|                                                          p_0_15_0_0_0191_out|       pointer|
|p_0_14_0_0_0189_out         |  out|    8|      ap_vld|                                                          p_0_14_0_0_0189_out|       pointer|
|p_0_14_0_0_0189_out_ap_vld  |  out|    1|      ap_vld|                                                          p_0_14_0_0_0189_out|       pointer|
|p_0_13_0_0_0187_out         |  out|    8|      ap_vld|                                                          p_0_13_0_0_0187_out|       pointer|
|p_0_13_0_0_0187_out_ap_vld  |  out|    1|      ap_vld|                                                          p_0_13_0_0_0187_out|       pointer|
|p_0_12_0_0_0185_out         |  out|    8|      ap_vld|                                                          p_0_12_0_0_0185_out|       pointer|
|p_0_12_0_0_0185_out_ap_vld  |  out|    1|      ap_vld|                                                          p_0_12_0_0_0185_out|       pointer|
|p_0_11_0_0_0183_out         |  out|    8|      ap_vld|                                                          p_0_11_0_0_0183_out|       pointer|
|p_0_11_0_0_0183_out_ap_vld  |  out|    1|      ap_vld|                                                          p_0_11_0_0_0183_out|       pointer|
|p_0_10_0_0_0181_out         |  out|    8|      ap_vld|                                                          p_0_10_0_0_0181_out|       pointer|
|p_0_10_0_0_0181_out_ap_vld  |  out|    1|      ap_vld|                                                          p_0_10_0_0_0181_out|       pointer|
|p_0_9_0_0_0179_out          |  out|    8|      ap_vld|                                                           p_0_9_0_0_0179_out|       pointer|
|p_0_9_0_0_0179_out_ap_vld   |  out|    1|      ap_vld|                                                           p_0_9_0_0_0179_out|       pointer|
|p_0_8_0_0_0177_out          |  out|    8|      ap_vld|                                                           p_0_8_0_0_0177_out|       pointer|
|p_0_8_0_0_0177_out_ap_vld   |  out|    1|      ap_vld|                                                           p_0_8_0_0_0177_out|       pointer|
|p_0_7_0_0_0175_out          |  out|    8|      ap_vld|                                                           p_0_7_0_0_0175_out|       pointer|
|p_0_7_0_0_0175_out_ap_vld   |  out|    1|      ap_vld|                                                           p_0_7_0_0_0175_out|       pointer|
|p_0_6_0_0_0173_out          |  out|    8|      ap_vld|                                                           p_0_6_0_0_0173_out|       pointer|
|p_0_6_0_0_0173_out_ap_vld   |  out|    1|      ap_vld|                                                           p_0_6_0_0_0173_out|       pointer|
|p_0_5_0_0_0171_out          |  out|    8|      ap_vld|                                                           p_0_5_0_0_0171_out|       pointer|
|p_0_5_0_0_0171_out_ap_vld   |  out|    1|      ap_vld|                                                           p_0_5_0_0_0171_out|       pointer|
|p_0_4_0_0_0169_out          |  out|    8|      ap_vld|                                                           p_0_4_0_0_0169_out|       pointer|
|p_0_4_0_0_0169_out_ap_vld   |  out|    1|      ap_vld|                                                           p_0_4_0_0_0169_out|       pointer|
|p_0_3_0_0_0167_out          |  out|    8|      ap_vld|                                                           p_0_3_0_0_0167_out|       pointer|
|p_0_3_0_0_0167_out_ap_vld   |  out|    1|      ap_vld|                                                           p_0_3_0_0_0167_out|       pointer|
|p_0_2_0_0_0165_out          |  out|    8|      ap_vld|                                                           p_0_2_0_0_0165_out|       pointer|
|p_0_2_0_0_0165_out_ap_vld   |  out|    1|      ap_vld|                                                           p_0_2_0_0_0165_out|       pointer|
|p_0_1_0_0_0163_out          |  out|    8|      ap_vld|                                                           p_0_1_0_0_0163_out|       pointer|
|p_0_1_0_0_0163_out_ap_vld   |  out|    1|      ap_vld|                                                           p_0_1_0_0_0163_out|       pointer|
|p_0_0_0_0_0161_out          |  out|    8|      ap_vld|                                                           p_0_0_0_0_0161_out|       pointer|
|p_0_0_0_0_0161_out_ap_vld   |  out|    1|      ap_vld|                                                           p_0_0_0_0_0161_out|       pointer|
|p_0_15_0_0_0159_out         |  out|    8|      ap_vld|                                                          p_0_15_0_0_0159_out|       pointer|
|p_0_15_0_0_0159_out_ap_vld  |  out|    1|      ap_vld|                                                          p_0_15_0_0_0159_out|       pointer|
|p_0_14_0_0_0157_out         |  out|    8|      ap_vld|                                                          p_0_14_0_0_0157_out|       pointer|
|p_0_14_0_0_0157_out_ap_vld  |  out|    1|      ap_vld|                                                          p_0_14_0_0_0157_out|       pointer|
|p_0_13_0_0_0155_out         |  out|    8|      ap_vld|                                                          p_0_13_0_0_0155_out|       pointer|
|p_0_13_0_0_0155_out_ap_vld  |  out|    1|      ap_vld|                                                          p_0_13_0_0_0155_out|       pointer|
|p_0_12_0_0_0153_out         |  out|    8|      ap_vld|                                                          p_0_12_0_0_0153_out|       pointer|
|p_0_12_0_0_0153_out_ap_vld  |  out|    1|      ap_vld|                                                          p_0_12_0_0_0153_out|       pointer|
|p_0_11_0_0_0151_out         |  out|    8|      ap_vld|                                                          p_0_11_0_0_0151_out|       pointer|
|p_0_11_0_0_0151_out_ap_vld  |  out|    1|      ap_vld|                                                          p_0_11_0_0_0151_out|       pointer|
|p_0_10_0_0_0149_out         |  out|    8|      ap_vld|                                                          p_0_10_0_0_0149_out|       pointer|
|p_0_10_0_0_0149_out_ap_vld  |  out|    1|      ap_vld|                                                          p_0_10_0_0_0149_out|       pointer|
|p_0_9_0_0_0147_out          |  out|    8|      ap_vld|                                                           p_0_9_0_0_0147_out|       pointer|
|p_0_9_0_0_0147_out_ap_vld   |  out|    1|      ap_vld|                                                           p_0_9_0_0_0147_out|       pointer|
|p_0_8_0_0_0145_out          |  out|    8|      ap_vld|                                                           p_0_8_0_0_0145_out|       pointer|
|p_0_8_0_0_0145_out_ap_vld   |  out|    1|      ap_vld|                                                           p_0_8_0_0_0145_out|       pointer|
|p_0_7_0_0_0143_out          |  out|    8|      ap_vld|                                                           p_0_7_0_0_0143_out|       pointer|
|p_0_7_0_0_0143_out_ap_vld   |  out|    1|      ap_vld|                                                           p_0_7_0_0_0143_out|       pointer|
|p_0_6_0_0_0141_out          |  out|    8|      ap_vld|                                                           p_0_6_0_0_0141_out|       pointer|
|p_0_6_0_0_0141_out_ap_vld   |  out|    1|      ap_vld|                                                           p_0_6_0_0_0141_out|       pointer|
|p_0_5_0_0_0139_out          |  out|    8|      ap_vld|                                                           p_0_5_0_0_0139_out|       pointer|
|p_0_5_0_0_0139_out_ap_vld   |  out|    1|      ap_vld|                                                           p_0_5_0_0_0139_out|       pointer|
|p_0_4_0_0_0137_out          |  out|    8|      ap_vld|                                                           p_0_4_0_0_0137_out|       pointer|
|p_0_4_0_0_0137_out_ap_vld   |  out|    1|      ap_vld|                                                           p_0_4_0_0_0137_out|       pointer|
|p_0_3_0_0_0135_out          |  out|    8|      ap_vld|                                                           p_0_3_0_0_0135_out|       pointer|
|p_0_3_0_0_0135_out_ap_vld   |  out|    1|      ap_vld|                                                           p_0_3_0_0_0135_out|       pointer|
|p_0_2_0_0_0133_out          |  out|    8|      ap_vld|                                                           p_0_2_0_0_0133_out|       pointer|
|p_0_2_0_0_0133_out_ap_vld   |  out|    1|      ap_vld|                                                           p_0_2_0_0_0133_out|       pointer|
|p_0_1_0_0_0131_out          |  out|    8|      ap_vld|                                                           p_0_1_0_0_0131_out|       pointer|
|p_0_1_0_0_0131_out_ap_vld   |  out|    1|      ap_vld|                                                           p_0_1_0_0_0131_out|       pointer|
|p_0_0_0_0_0129_out          |  out|    8|      ap_vld|                                                           p_0_0_0_0_0129_out|       pointer|
|p_0_0_0_0_0129_out_ap_vld   |  out|    1|      ap_vld|                                                           p_0_0_0_0_0129_out|       pointer|
|p_0_15_0_0_0127_out         |  out|    8|      ap_vld|                                                          p_0_15_0_0_0127_out|       pointer|
|p_0_15_0_0_0127_out_ap_vld  |  out|    1|      ap_vld|                                                          p_0_15_0_0_0127_out|       pointer|
|p_0_14_0_0_0125_out         |  out|    8|      ap_vld|                                                          p_0_14_0_0_0125_out|       pointer|
|p_0_14_0_0_0125_out_ap_vld  |  out|    1|      ap_vld|                                                          p_0_14_0_0_0125_out|       pointer|
|p_0_13_0_0_0123_out         |  out|    8|      ap_vld|                                                          p_0_13_0_0_0123_out|       pointer|
|p_0_13_0_0_0123_out_ap_vld  |  out|    1|      ap_vld|                                                          p_0_13_0_0_0123_out|       pointer|
|p_0_12_0_0_0121_out         |  out|    8|      ap_vld|                                                          p_0_12_0_0_0121_out|       pointer|
|p_0_12_0_0_0121_out_ap_vld  |  out|    1|      ap_vld|                                                          p_0_12_0_0_0121_out|       pointer|
|p_0_11_0_0_0119_out         |  out|    8|      ap_vld|                                                          p_0_11_0_0_0119_out|       pointer|
|p_0_11_0_0_0119_out_ap_vld  |  out|    1|      ap_vld|                                                          p_0_11_0_0_0119_out|       pointer|
|p_0_10_0_0_0117_out         |  out|    8|      ap_vld|                                                          p_0_10_0_0_0117_out|       pointer|
|p_0_10_0_0_0117_out_ap_vld  |  out|    1|      ap_vld|                                                          p_0_10_0_0_0117_out|       pointer|
|p_0_9_0_0_0115_out          |  out|    8|      ap_vld|                                                           p_0_9_0_0_0115_out|       pointer|
|p_0_9_0_0_0115_out_ap_vld   |  out|    1|      ap_vld|                                                           p_0_9_0_0_0115_out|       pointer|
|p_0_8_0_0_0113_out          |  out|    8|      ap_vld|                                                           p_0_8_0_0_0113_out|       pointer|
|p_0_8_0_0_0113_out_ap_vld   |  out|    1|      ap_vld|                                                           p_0_8_0_0_0113_out|       pointer|
|p_0_7_0_0_0111_out          |  out|    8|      ap_vld|                                                           p_0_7_0_0_0111_out|       pointer|
|p_0_7_0_0_0111_out_ap_vld   |  out|    1|      ap_vld|                                                           p_0_7_0_0_0111_out|       pointer|
|p_0_6_0_0_0109_out          |  out|    8|      ap_vld|                                                           p_0_6_0_0_0109_out|       pointer|
|p_0_6_0_0_0109_out_ap_vld   |  out|    1|      ap_vld|                                                           p_0_6_0_0_0109_out|       pointer|
|p_0_5_0_0_0107_out          |  out|    8|      ap_vld|                                                           p_0_5_0_0_0107_out|       pointer|
|p_0_5_0_0_0107_out_ap_vld   |  out|    1|      ap_vld|                                                           p_0_5_0_0_0107_out|       pointer|
|p_0_4_0_0_0105_out          |  out|    8|      ap_vld|                                                           p_0_4_0_0_0105_out|       pointer|
|p_0_4_0_0_0105_out_ap_vld   |  out|    1|      ap_vld|                                                           p_0_4_0_0_0105_out|       pointer|
|p_0_3_0_0_0103_out          |  out|    8|      ap_vld|                                                           p_0_3_0_0_0103_out|       pointer|
|p_0_3_0_0_0103_out_ap_vld   |  out|    1|      ap_vld|                                                           p_0_3_0_0_0103_out|       pointer|
|p_0_2_0_0_0101_out          |  out|    8|      ap_vld|                                                           p_0_2_0_0_0101_out|       pointer|
|p_0_2_0_0_0101_out_ap_vld   |  out|    1|      ap_vld|                                                           p_0_2_0_0_0101_out|       pointer|
|p_0_1_0_0_099_out           |  out|    8|      ap_vld|                                                            p_0_1_0_0_099_out|       pointer|
|p_0_1_0_0_099_out_ap_vld    |  out|    1|      ap_vld|                                                            p_0_1_0_0_099_out|       pointer|
|p_0_0_0_0_097_out           |  out|    8|      ap_vld|                                                            p_0_0_0_0_097_out|       pointer|
|p_0_0_0_0_097_out_ap_vld    |  out|    1|      ap_vld|                                                            p_0_0_0_0_097_out|       pointer|
|p_0_15_0_0_095_out          |  out|    8|      ap_vld|                                                           p_0_15_0_0_095_out|       pointer|
|p_0_15_0_0_095_out_ap_vld   |  out|    1|      ap_vld|                                                           p_0_15_0_0_095_out|       pointer|
|p_0_14_0_0_093_out          |  out|    8|      ap_vld|                                                           p_0_14_0_0_093_out|       pointer|
|p_0_14_0_0_093_out_ap_vld   |  out|    1|      ap_vld|                                                           p_0_14_0_0_093_out|       pointer|
|p_0_13_0_0_091_out          |  out|    8|      ap_vld|                                                           p_0_13_0_0_091_out|       pointer|
|p_0_13_0_0_091_out_ap_vld   |  out|    1|      ap_vld|                                                           p_0_13_0_0_091_out|       pointer|
|p_0_12_0_0_089_out          |  out|    8|      ap_vld|                                                           p_0_12_0_0_089_out|       pointer|
|p_0_12_0_0_089_out_ap_vld   |  out|    1|      ap_vld|                                                           p_0_12_0_0_089_out|       pointer|
|p_0_11_0_0_087_out          |  out|    8|      ap_vld|                                                           p_0_11_0_0_087_out|       pointer|
|p_0_11_0_0_087_out_ap_vld   |  out|    1|      ap_vld|                                                           p_0_11_0_0_087_out|       pointer|
|p_0_10_0_0_085_out          |  out|    8|      ap_vld|                                                           p_0_10_0_0_085_out|       pointer|
|p_0_10_0_0_085_out_ap_vld   |  out|    1|      ap_vld|                                                           p_0_10_0_0_085_out|       pointer|
|p_0_9_0_0_083_out           |  out|    8|      ap_vld|                                                            p_0_9_0_0_083_out|       pointer|
|p_0_9_0_0_083_out_ap_vld    |  out|    1|      ap_vld|                                                            p_0_9_0_0_083_out|       pointer|
|p_0_8_0_0_081_out           |  out|    8|      ap_vld|                                                            p_0_8_0_0_081_out|       pointer|
|p_0_8_0_0_081_out_ap_vld    |  out|    1|      ap_vld|                                                            p_0_8_0_0_081_out|       pointer|
|p_0_7_0_0_079_out           |  out|    8|      ap_vld|                                                            p_0_7_0_0_079_out|       pointer|
|p_0_7_0_0_079_out_ap_vld    |  out|    1|      ap_vld|                                                            p_0_7_0_0_079_out|       pointer|
|p_0_6_0_0_077_out           |  out|    8|      ap_vld|                                                            p_0_6_0_0_077_out|       pointer|
|p_0_6_0_0_077_out_ap_vld    |  out|    1|      ap_vld|                                                            p_0_6_0_0_077_out|       pointer|
|p_0_5_0_0_075_out           |  out|    8|      ap_vld|                                                            p_0_5_0_0_075_out|       pointer|
|p_0_5_0_0_075_out_ap_vld    |  out|    1|      ap_vld|                                                            p_0_5_0_0_075_out|       pointer|
|p_0_4_0_0_073_out           |  out|    8|      ap_vld|                                                            p_0_4_0_0_073_out|       pointer|
|p_0_4_0_0_073_out_ap_vld    |  out|    1|      ap_vld|                                                            p_0_4_0_0_073_out|       pointer|
|p_0_3_0_0_071_out           |  out|    8|      ap_vld|                                                            p_0_3_0_0_071_out|       pointer|
|p_0_3_0_0_071_out_ap_vld    |  out|    1|      ap_vld|                                                            p_0_3_0_0_071_out|       pointer|
|p_0_2_0_0_069_out           |  out|    8|      ap_vld|                                                            p_0_2_0_0_069_out|       pointer|
|p_0_2_0_0_069_out_ap_vld    |  out|    1|      ap_vld|                                                            p_0_2_0_0_069_out|       pointer|
|p_0_1_0_0_067_out           |  out|    8|      ap_vld|                                                            p_0_1_0_0_067_out|       pointer|
|p_0_1_0_0_067_out_ap_vld    |  out|    1|      ap_vld|                                                            p_0_1_0_0_067_out|       pointer|
|p_0_0_0_0_065_out           |  out|    8|      ap_vld|                                                            p_0_0_0_0_065_out|       pointer|
|p_0_0_0_0_065_out_ap_vld    |  out|    1|      ap_vld|                                                            p_0_0_0_0_065_out|       pointer|
|p_0_15_0_0_063_out          |  out|    8|      ap_vld|                                                           p_0_15_0_0_063_out|       pointer|
|p_0_15_0_0_063_out_ap_vld   |  out|    1|      ap_vld|                                                           p_0_15_0_0_063_out|       pointer|
|p_0_14_0_0_061_out          |  out|    8|      ap_vld|                                                           p_0_14_0_0_061_out|       pointer|
|p_0_14_0_0_061_out_ap_vld   |  out|    1|      ap_vld|                                                           p_0_14_0_0_061_out|       pointer|
|p_0_13_0_0_059_out          |  out|    8|      ap_vld|                                                           p_0_13_0_0_059_out|       pointer|
|p_0_13_0_0_059_out_ap_vld   |  out|    1|      ap_vld|                                                           p_0_13_0_0_059_out|       pointer|
|p_0_12_0_0_057_out          |  out|    8|      ap_vld|                                                           p_0_12_0_0_057_out|       pointer|
|p_0_12_0_0_057_out_ap_vld   |  out|    1|      ap_vld|                                                           p_0_12_0_0_057_out|       pointer|
|p_0_11_0_0_055_out          |  out|    8|      ap_vld|                                                           p_0_11_0_0_055_out|       pointer|
|p_0_11_0_0_055_out_ap_vld   |  out|    1|      ap_vld|                                                           p_0_11_0_0_055_out|       pointer|
|p_0_10_0_0_053_out          |  out|    8|      ap_vld|                                                           p_0_10_0_0_053_out|       pointer|
|p_0_10_0_0_053_out_ap_vld   |  out|    1|      ap_vld|                                                           p_0_10_0_0_053_out|       pointer|
|p_0_9_0_0_051_out           |  out|    8|      ap_vld|                                                            p_0_9_0_0_051_out|       pointer|
|p_0_9_0_0_051_out_ap_vld    |  out|    1|      ap_vld|                                                            p_0_9_0_0_051_out|       pointer|
|p_0_8_0_0_049_out           |  out|    8|      ap_vld|                                                            p_0_8_0_0_049_out|       pointer|
|p_0_8_0_0_049_out_ap_vld    |  out|    1|      ap_vld|                                                            p_0_8_0_0_049_out|       pointer|
|p_0_7_0_0_047_out           |  out|    8|      ap_vld|                                                            p_0_7_0_0_047_out|       pointer|
|p_0_7_0_0_047_out_ap_vld    |  out|    1|      ap_vld|                                                            p_0_7_0_0_047_out|       pointer|
|p_0_6_0_0_045_out           |  out|    8|      ap_vld|                                                            p_0_6_0_0_045_out|       pointer|
|p_0_6_0_0_045_out_ap_vld    |  out|    1|      ap_vld|                                                            p_0_6_0_0_045_out|       pointer|
|p_0_5_0_0_043_out           |  out|    8|      ap_vld|                                                            p_0_5_0_0_043_out|       pointer|
|p_0_5_0_0_043_out_ap_vld    |  out|    1|      ap_vld|                                                            p_0_5_0_0_043_out|       pointer|
|p_0_4_0_0_041_out           |  out|    8|      ap_vld|                                                            p_0_4_0_0_041_out|       pointer|
|p_0_4_0_0_041_out_ap_vld    |  out|    1|      ap_vld|                                                            p_0_4_0_0_041_out|       pointer|
|p_0_3_0_0_039_out           |  out|    8|      ap_vld|                                                            p_0_3_0_0_039_out|       pointer|
|p_0_3_0_0_039_out_ap_vld    |  out|    1|      ap_vld|                                                            p_0_3_0_0_039_out|       pointer|
|p_0_2_0_0_037_out           |  out|    8|      ap_vld|                                                            p_0_2_0_0_037_out|       pointer|
|p_0_2_0_0_037_out_ap_vld    |  out|    1|      ap_vld|                                                            p_0_2_0_0_037_out|       pointer|
|p_0_1_0_0_035_out           |  out|    8|      ap_vld|                                                            p_0_1_0_0_035_out|       pointer|
|p_0_1_0_0_035_out_ap_vld    |  out|    1|      ap_vld|                                                            p_0_1_0_0_035_out|       pointer|
|p_0_0_0_0_033_out           |  out|    8|      ap_vld|                                                            p_0_0_0_0_033_out|       pointer|
|p_0_0_0_0_033_out_ap_vld    |  out|    1|      ap_vld|                                                            p_0_0_0_0_033_out|       pointer|
|p_0_15_0_0_031_out          |  out|    8|      ap_vld|                                                           p_0_15_0_0_031_out|       pointer|
|p_0_15_0_0_031_out_ap_vld   |  out|    1|      ap_vld|                                                           p_0_15_0_0_031_out|       pointer|
|p_0_14_0_0_029_out          |  out|    8|      ap_vld|                                                           p_0_14_0_0_029_out|       pointer|
|p_0_14_0_0_029_out_ap_vld   |  out|    1|      ap_vld|                                                           p_0_14_0_0_029_out|       pointer|
|p_0_13_0_0_027_out          |  out|    8|      ap_vld|                                                           p_0_13_0_0_027_out|       pointer|
|p_0_13_0_0_027_out_ap_vld   |  out|    1|      ap_vld|                                                           p_0_13_0_0_027_out|       pointer|
|p_0_12_0_0_025_out          |  out|    8|      ap_vld|                                                           p_0_12_0_0_025_out|       pointer|
|p_0_12_0_0_025_out_ap_vld   |  out|    1|      ap_vld|                                                           p_0_12_0_0_025_out|       pointer|
|p_0_11_0_0_023_out          |  out|    8|      ap_vld|                                                           p_0_11_0_0_023_out|       pointer|
|p_0_11_0_0_023_out_ap_vld   |  out|    1|      ap_vld|                                                           p_0_11_0_0_023_out|       pointer|
|p_0_10_0_0_021_out          |  out|    8|      ap_vld|                                                           p_0_10_0_0_021_out|       pointer|
|p_0_10_0_0_021_out_ap_vld   |  out|    1|      ap_vld|                                                           p_0_10_0_0_021_out|       pointer|
|p_0_9_0_0_019_out           |  out|    8|      ap_vld|                                                            p_0_9_0_0_019_out|       pointer|
|p_0_9_0_0_019_out_ap_vld    |  out|    1|      ap_vld|                                                            p_0_9_0_0_019_out|       pointer|
|p_0_8_0_0_017_out           |  out|    8|      ap_vld|                                                            p_0_8_0_0_017_out|       pointer|
|p_0_8_0_0_017_out_ap_vld    |  out|    1|      ap_vld|                                                            p_0_8_0_0_017_out|       pointer|
|p_0_7_0_0_015_out           |  out|    8|      ap_vld|                                                            p_0_7_0_0_015_out|       pointer|
|p_0_7_0_0_015_out_ap_vld    |  out|    1|      ap_vld|                                                            p_0_7_0_0_015_out|       pointer|
|p_0_6_0_0_013_out           |  out|    8|      ap_vld|                                                            p_0_6_0_0_013_out|       pointer|
|p_0_6_0_0_013_out_ap_vld    |  out|    1|      ap_vld|                                                            p_0_6_0_0_013_out|       pointer|
|p_0_5_0_0_011_out           |  out|    8|      ap_vld|                                                            p_0_5_0_0_011_out|       pointer|
|p_0_5_0_0_011_out_ap_vld    |  out|    1|      ap_vld|                                                            p_0_5_0_0_011_out|       pointer|
|p_0_4_0_0_09_out            |  out|    8|      ap_vld|                                                             p_0_4_0_0_09_out|       pointer|
|p_0_4_0_0_09_out_ap_vld     |  out|    1|      ap_vld|                                                             p_0_4_0_0_09_out|       pointer|
|p_0_3_0_0_07_out            |  out|    8|      ap_vld|                                                             p_0_3_0_0_07_out|       pointer|
|p_0_3_0_0_07_out_ap_vld     |  out|    1|      ap_vld|                                                             p_0_3_0_0_07_out|       pointer|
|p_0_2_0_0_05_out            |  out|    8|      ap_vld|                                                             p_0_2_0_0_05_out|       pointer|
|p_0_2_0_0_05_out_ap_vld     |  out|    1|      ap_vld|                                                             p_0_2_0_0_05_out|       pointer|
|p_0_1_0_0_03_out            |  out|    8|      ap_vld|                                                             p_0_1_0_0_03_out|       pointer|
|p_0_1_0_0_03_out_ap_vld     |  out|    1|      ap_vld|                                                             p_0_1_0_0_03_out|       pointer|
|p_0_0_0_0_01_out            |  out|    8|      ap_vld|                                                             p_0_0_0_0_01_out|       pointer|
|p_0_0_0_0_01_out_ap_vld     |  out|    1|      ap_vld|                                                             p_0_0_0_0_01_out|       pointer|
+----------------------------+-----+-----+------------+-----------------------------------------------------------------------------+--------------+

