

================================================================
== Vitis HLS Report for 'dense_latency_ap_ufixed_ap_fixed_24_17_5_3_0_config12_mult_s'
================================================================
* Date:           Sun Mar 22 09:52:30 2026

* Version:        2023.2 (Build 4023990 on Oct 11 2023)
* Project:        myproject_prj
* Solution:       solution1 (Vivado IP Flow Target)
* Product family: zynquplus
* Target device:  xck26-sfvc784-2LV-c


================================================================
== Performance Estimates
================================================================
+ Timing: 
    * Summary: 
    +--------+---------+----------+------------+
    |  Clock |  Target | Estimated| Uncertainty|
    +--------+---------+----------+------------+
    |ap_clk  |  5.00 ns|  3.604 ns|     1.35 ns|
    +--------+---------+----------+------------+

+ Latency: 
    * Summary: 
    +---------+---------+-----------+-----------+-----+-----+---------+
    |  Latency (cycles) |   Latency (absolute)  |  Interval | Pipeline|
    |   min   |   max   |    min    |    max    | min | max |   Type  |
    +---------+---------+-----------+-----------+-----+-----+---------+
    |        2|        2|  10.000 ns|  10.000 ns|    3|    3|      yes|
    +---------+---------+-----------+-----------+-----+-----+---------+

    + Detail: 
        * Instance: 
        N/A

        * Loop: 
        N/A



================================================================
== Utilization Estimates
================================================================
* Summary: 
+-----------------+---------+------+--------+--------+-----+
|       Name      | BRAM_18K|  DSP |   FF   |   LUT  | URAM|
+-----------------+---------+------+--------+--------+-----+
|DSP              |        -|     -|       -|       -|    -|
|Expression       |        -|     -|       0|    7581|    -|
|FIFO             |        -|     -|       -|       -|    -|
|Instance         |        -|     -|       -|       -|    -|
|Memory           |        -|     -|       -|       -|    -|
|Multiplexer      |        -|     -|       -|      20|    -|
|Register         |        -|     -|     962|       -|    -|
+-----------------+---------+------+--------+--------+-----+
|Total            |        0|     0|     962|    7601|    0|
+-----------------+---------+------+--------+--------+-----+
|Available        |      288|  1248|  234240|  117120|   64|
+-----------------+---------+------+--------+--------+-----+
|Utilization (%)  |        0|     0|      ~0|       6|    0|
+-----------------+---------+------+--------+--------+-----+

+ Detail: 
    * Instance: 
    N/A

    * DSP: 
    N/A

    * Memory: 
    N/A

    * FIFO: 
    N/A

    * Expression: 
    +-------------------------+----------+----+---+----+------------+------------+
    |      Variable Name      | Operation| DSP| FF| LUT| Bitwidth P0| Bitwidth P1|
    +-------------------------+----------+----+---+----+------------+------------+
    |add_ln58_538_fu_1576_p2  |         +|   0|  0|  21|          14|          14|
    |add_ln58_539_fu_1586_p2  |         +|   0|  0|  19|          12|          12|
    |add_ln58_540_fu_1596_p2  |         +|   0|  0|  19|          12|          12|
    |add_ln58_541_fu_1606_p2  |         +|   0|  0|  20|          13|          13|
    |add_ln58_542_fu_1616_p2  |         +|   0|  0|  16|          15|          15|
    |add_ln58_543_fu_1628_p2  |         +|   0|  0|  20|          13|          13|
    |add_ln58_544_fu_4074_p2  |         +|   0|  0|  16|          16|          16|
    |add_ln58_545_fu_1634_p2  |         +|   0|  0|  20|          13|          13|
    |add_ln58_546_fu_1644_p2  |         +|   0|  0|  19|          12|          12|
    |add_ln58_547_fu_1654_p2  |         +|   0|  0|  21|          14|          14|
    |add_ln58_548_fu_4083_p2  |         +|   0|  0|  16|          16|          16|
    |add_ln58_549_fu_4095_p2  |         +|   0|  0|  16|          16|          16|
    |add_ln58_550_fu_4101_p2  |         +|   0|  0|  20|          13|          13|
    |add_ln58_551_fu_4111_p2  |         +|   0|  0|  21|          14|          14|
    |add_ln58_552_fu_4121_p2  |         +|   0|  0|  16|          16|          16|
    |add_ln58_553_fu_4133_p2  |         +|   0|  0|  16|          16|          16|
    |add_ln58_554_fu_4139_p2  |         +|   0|  0|  16|          16|          16|
    |add_ln58_555_fu_4145_p2  |         +|   0|  0|  16|          16|          16|
    |add_ln58_556_fu_4151_p2  |         +|   0|  0|  21|          14|          14|
    |add_ln58_557_fu_5735_p2  |         +|   0|  0|  16|          16|          16|
    |add_ln58_558_fu_5741_p2  |         +|   0|  0|  16|          16|          16|
    |add_ln58_559_fu_5747_p2  |         +|   0|  0|  16|          16|          16|
    |add_ln58_560_fu_4157_p2  |         +|   0|  0|  20|          13|          13|
    |add_ln58_561_fu_4167_p2  |         +|   0|  0|  19|          12|          12|
    |add_ln58_562_fu_4177_p2  |         +|   0|  0|  21|          14|          14|
    |add_ln58_563_fu_4187_p2  |         +|   0|  0|  19|          12|          12|
    |add_ln58_564_fu_4197_p2  |         +|   0|  0|  19|          12|          12|
    |add_ln58_565_fu_4207_p2  |         +|   0|  0|  20|          13|          13|
    |add_ln58_566_fu_4217_p2  |         +|   0|  0|  21|          14|          14|
    |add_ln58_567_fu_4227_p2  |         +|   0|  0|  22|          15|          15|
    |add_ln58_569_fu_1706_p2  |         +|   0|  0|  20|          13|          13|
    |add_ln58_570_fu_1716_p2  |         +|   0|  0|  21|          14|          14|
    |add_ln58_571_fu_1726_p2  |         +|   0|  0|  20|          13|          13|
    |add_ln58_572_fu_1740_p2  |         +|   0|  0|  21|          14|          14|
    |add_ln58_573_fu_1750_p2  |         +|   0|  0|  22|          15|          15|
    |add_ln58_574_fu_1756_p2  |         +|   0|  0|  20|          13|          13|
    |add_ln58_575_fu_1766_p2  |         +|   0|  0|  22|          15|          15|
    |add_ln58_576_fu_1776_p2  |         +|   0|  0|  20|          13|          13|
    |add_ln58_577_fu_1786_p2  |         +|   0|  0|  21|          14|          14|
    |add_ln58_578_fu_1796_p2  |         +|   0|  0|  23|          16|          16|
    |add_ln58_579_fu_4288_p2  |         +|   0|  0|  16|          16|          16|
    |add_ln58_580_fu_1802_p2  |         +|   0|  0|  16|          15|          15|
    |add_ln58_581_fu_1808_p2  |         +|   0|  0|  16|          15|          15|
    |add_ln58_582_fu_1818_p2  |         +|   0|  0|  20|          13|          13|
    |add_ln58_583_fu_1828_p2  |         +|   0|  0|  21|          14|          14|
    |add_ln58_584_fu_1838_p2  |         +|   0|  0|  16|          16|          16|
    |add_ln58_585_fu_1844_p2  |         +|   0|  0|  19|          12|          12|
    |add_ln58_586_fu_1854_p2  |         +|   0|  0|  20|          13|          13|
    |add_ln58_587_fu_1864_p2  |         +|   0|  0|  19|          12|          12|
    |add_ln58_588_fu_1874_p2  |         +|   0|  0|  19|          12|          12|
    |add_ln58_589_fu_1884_p2  |         +|   0|  0|  20|          13|          13|
    |add_ln58_590_fu_1894_p2  |         +|   0|  0|  21|          14|          14|
    |add_ln58_591_fu_1904_p2  |         +|   0|  0|  16|          16|          16|
    |add_ln58_592_fu_4293_p2  |         +|   0|  0|  16|          16|          16|
    |add_ln58_593_fu_4304_p2  |         +|   0|  0|  16|          16|          16|
    |add_ln58_594_fu_4310_p2  |         +|   0|  0|  20|          13|          13|
    |add_ln58_595_fu_4320_p2  |         +|   0|  0|  21|          14|          14|
    |add_ln58_596_fu_4330_p2  |         +|   0|  0|  16|          16|          16|
    |add_ln58_597_fu_4336_p2  |         +|   0|  0|  16|          15|          15|
    |add_ln58_598_fu_4342_p2  |         +|   0|  0|  16|          15|          15|
    |add_ln58_599_fu_4352_p2  |         +|   0|  0|  19|          12|          12|
    |add_ln58_600_fu_4362_p2  |         +|   0|  0|  20|          13|          13|
    |add_ln58_601_fu_4372_p2  |         +|   0|  0|  23|          16|          16|
    |add_ln58_602_fu_4378_p2  |         +|   0|  0|  16|          16|          16|
    |add_ln58_603_fu_5777_p2  |         +|   0|  0|  16|          16|          16|
    |add_ln58_604_fu_4384_p2  |         +|   0|  0|  19|          12|          12|
    |add_ln58_606_fu_1962_p2  |         +|   0|  0|  20|          13|          13|
    |add_ln58_607_fu_1982_p2  |         +|   0|  0|  20|          13|          13|
    |add_ln58_608_fu_1992_p2  |         +|   0|  0|  22|          15|          15|
    |add_ln58_609_fu_1998_p2  |         +|   0|  0|  20|          13|          13|
    |add_ln58_610_fu_2008_p2  |         +|   0|  0|  20|          13|          13|
    |add_ln58_611_fu_2018_p2  |         +|   0|  0|  21|          14|          14|
    |add_ln58_612_fu_4468_p2  |         +|   0|  0|  23|          16|          16|
    |add_ln58_613_fu_2024_p2  |         +|   0|  0|  21|          14|          14|
    |add_ln58_614_fu_2034_p2  |         +|   0|  0|  16|          15|          15|
    |add_ln58_615_fu_2040_p2  |         +|   0|  0|  19|          12|          12|
    |add_ln58_616_fu_2050_p2  |         +|   0|  0|  20|          13|          13|
    |add_ln58_617_fu_2060_p2  |         +|   0|  0|  16|          15|          15|
    |add_ln58_618_fu_4477_p2  |         +|   0|  0|  16|          16|          16|
    |add_ln58_619_fu_4495_p2  |         +|   0|  0|  20|          13|          13|
    |add_ln58_620_fu_4505_p2  |         +|   0|  0|  16|          16|          16|
    |add_ln58_621_fu_4511_p2  |         +|   0|  0|  20|          13|          13|
    |add_ln58_622_fu_4521_p2  |         +|   0|  0|  21|          14|          14|
    |add_ln58_623_fu_4531_p2  |         +|   0|  0|  16|          16|          16|
    |add_ln58_624_fu_4537_p2  |         +|   0|  0|  16|          16|          16|
    |add_ln58_625_fu_4543_p2  |         +|   0|  0|  16|          16|          16|
    |add_ln58_626_fu_4549_p2  |         +|   0|  0|  16|          15|          15|
    |add_ln58_627_fu_4559_p2  |         +|   0|  0|  16|          15|          15|
    |add_ln58_628_fu_4569_p2  |         +|   0|  0|  16|          16|          16|
    |add_ln58_629_fu_4575_p2  |         +|   0|  0|  16|          16|          16|
    |add_ln58_630_fu_5803_p2  |         +|   0|  0|  20|          13|          13|
    |add_ln58_631_fu_5813_p2  |         +|   0|  0|  16|          16|          16|
    |add_ln58_633_fu_2176_p2  |         +|   0|  0|  19|          12|           8|
    |add_ln58_634_fu_2186_p2  |         +|   0|  0|  21|          14|          14|
    |add_ln58_635_fu_2196_p2  |         +|   0|  0|  20|          13|          13|
    |add_ln58_636_fu_2206_p2  |         +|   0|  0|  21|          14|          14|
    |add_ln58_637_fu_2216_p2  |         +|   0|  0|  20|          13|          13|
    |add_ln58_638_fu_2226_p2  |         +|   0|  0|  21|          14|          14|
    |add_ln58_639_fu_2236_p2  |         +|   0|  0|  22|          15|          15|
    |add_ln58_640_fu_4671_p2  |         +|   0|  0|  20|          13|          13|
    |add_ln58_641_fu_4681_p2  |         +|   0|  0|  16|          16|          16|
    |add_ln58_642_fu_4687_p2  |         +|   0|  0|  20|          13|          13|
    |add_ln58_643_fu_4697_p2  |         +|   0|  0|  16|          16|          16|
    |add_ln58_644_fu_4703_p2  |         +|   0|  0|  16|          16|          16|
    |add_ln58_645_fu_4709_p2  |         +|   0|  0|  16|          16|          16|
    |add_ln58_646_fu_5834_p2  |         +|   0|  0|  16|          16|          16|
    |add_ln58_647_fu_4715_p2  |         +|   0|  0|  16|          15|          15|
    |add_ln58_648_fu_4721_p2  |         +|   0|  0|  16|          15|          15|
    |add_ln58_649_fu_2242_p2  |         +|   0|  0|  20|          13|          13|
    |add_ln58_650_fu_2252_p2  |         +|   0|  0|  22|          15|          15|
    |add_ln58_651_fu_4734_p2  |         +|   0|  0|  16|          16|          16|
    |add_ln58_652_fu_4740_p2  |         +|   0|  0|  19|          12|          12|
    |add_ln58_653_fu_4749_p2  |         +|   0|  0|  20|          13|          13|
    |add_ln58_654_fu_4759_p2  |         +|   0|  0|  19|          12|          12|
    |add_ln58_655_fu_4769_p2  |         +|   0|  0|  19|          12|          12|
    |add_ln58_656_fu_4779_p2  |         +|   0|  0|  20|          13|          13|
    |add_ln58_657_fu_4789_p2  |         +|   0|  0|  21|          14|          14|
    |add_ln58_658_fu_4799_p2  |         +|   0|  0|  16|          16|          16|
    |add_ln58_660_fu_2398_p2  |         +|   0|  0|  19|          12|          12|
    |add_ln58_661_fu_2408_p2  |         +|   0|  0|  20|          13|          13|
    |add_ln58_662_fu_2418_p2  |         +|   0|  0|  21|          14|          14|
    |add_ln58_663_fu_2428_p2  |         +|   0|  0|  20|          13|          13|
    |add_ln58_664_fu_2438_p2  |         +|   0|  0|  20|          13|          13|
    |add_ln58_665_fu_2448_p2  |         +|   0|  0|  21|          14|          14|
    |add_ln58_666_fu_2454_p2  |         +|   0|  0|  20|          13|          13|
    |add_ln58_667_fu_2464_p2  |         +|   0|  0|  21|          14|          14|
    |add_ln58_668_fu_2474_p2  |         +|   0|  0|  22|          15|          15|
    |add_ln58_669_fu_4891_p2  |         +|   0|  0|  23|          16|          16|
    |add_ln58_670_fu_4897_p2  |         +|   0|  0|  20|          13|          13|
    |add_ln58_671_fu_2480_p2  |         +|   0|  0|  16|          16|          16|
    |add_ln58_672_fu_2486_p2  |         +|   0|  0|  16|          16|          16|
    |add_ln58_673_fu_4906_p2  |         +|   0|  0|  16|          16|          16|
    |add_ln58_674_fu_2492_p2  |         +|   0|  0|  19|          12|          12|
    |add_ln58_675_fu_2502_p2  |         +|   0|  0|  19|          12|          12|
    |add_ln58_676_fu_2512_p2  |         +|   0|  0|  20|          13|          13|
    |add_ln58_677_fu_2522_p2  |         +|   0|  0|  21|          14|          14|
    |add_ln58_678_fu_4914_p2  |         +|   0|  0|  16|          16|          16|
    |add_ln58_679_fu_4920_p2  |         +|   0|  0|  16|          16|          16|
    |add_ln58_680_fu_4932_p2  |         +|   0|  0|  16|          16|          16|
    |add_ln58_681_fu_4938_p2  |         +|   0|  0|  20|          13|          13|
    |add_ln58_682_fu_4948_p2  |         +|   0|  0|  21|          14|          14|
    |add_ln58_683_fu_4958_p2  |         +|   0|  0|  16|          16|          16|
    |add_ln58_684_fu_4970_p2  |         +|   0|  0|  20|          13|          13|
    |add_ln58_685_fu_4980_p2  |         +|   0|  0|  16|          16|          16|
    |add_ln58_686_fu_4986_p2  |         +|   0|  0|  20|          13|          13|
    |add_ln58_687_fu_4996_p2  |         +|   0|  0|  20|          13|          13|
    |add_ln58_688_fu_5006_p2  |         +|   0|  0|  21|          14|          14|
    |add_ln58_689_fu_5865_p2  |         +|   0|  0|  16|          16|          16|
    |add_ln58_690_fu_5876_p2  |         +|   0|  0|  23|          16|          16|
    |add_ln58_691_fu_5882_p2  |         +|   0|  0|  16|          16|          16|
    |add_ln58_692_fu_5888_p2  |         +|   0|  0|  19|          12|          12|
    |add_ln58_693_fu_5897_p2  |         +|   0|  0|  23|          16|          16|
    |add_ln58_695_fu_2558_p2  |         +|   0|  0|  20|          13|          13|
    |add_ln58_696_fu_2568_p2  |         +|   0|  0|  20|          13|          13|
    |add_ln58_697_fu_2578_p2  |         +|   0|  0|  21|          14|          14|
    |add_ln58_698_fu_2584_p2  |         +|   0|  0|  20|          13|          13|
    |add_ln58_699_fu_2594_p2  |         +|   0|  0|  16|          15|          15|
    |add_ln58_700_fu_2600_p2  |         +|   0|  0|  16|          15|          15|
    |add_ln58_701_fu_5091_p2  |         +|   0|  0|  16|          16|          16|
    |add_ln58_702_fu_2606_p2  |         +|   0|  0|  16|          15|          15|
    |add_ln58_703_fu_2612_p2  |         +|   0|  0|  20|          13|          13|
    |add_ln58_704_fu_2622_p2  |         +|   0|  0|  16|          15|          15|
    |add_ln58_705_fu_2632_p2  |         +|   0|  0|  19|          12|          12|
    |add_ln58_706_fu_2642_p2  |         +|   0|  0|  19|          12|          12|
    |add_ln58_707_fu_2652_p2  |         +|   0|  0|  20|          13|          13|
    |add_ln58_708_fu_2662_p2  |         +|   0|  0|  21|          14|          14|
    |add_ln58_709_fu_2672_p2  |         +|   0|  0|  23|          16|          16|
    |add_ln58_710_fu_5097_p2  |         +|   0|  0|  16|          16|          16|
    |add_ln58_711_fu_5108_p2  |         +|   0|  0|  16|          16|          16|
    |add_ln58_712_fu_5114_p2  |         +|   0|  0|  16|          14|          14|
    |add_ln58_713_fu_5120_p2  |         +|   0|  0|  16|          14|          14|
    |add_ln58_714_fu_5130_p2  |         +|   0|  0|  16|          16|          16|
    |add_ln58_715_fu_5142_p2  |         +|   0|  0|  16|          16|          16|
    |add_ln58_716_fu_5148_p2  |         +|   0|  0|  19|          12|          12|
    |add_ln58_717_fu_5158_p2  |         +|   0|  0|  20|          13|          13|
    |add_ln58_718_fu_5168_p2  |         +|   0|  0|  16|          16|          16|
    |add_ln58_719_fu_5180_p2  |         +|   0|  0|  16|          16|          16|
    |add_ln58_720_fu_5909_p2  |         +|   0|  0|  20|          13|          13|
    |add_ln58_721_fu_5919_p2  |         +|   0|  0|  16|          16|          16|
    |add_ln58_722_fu_5186_p2  |         +|   0|  0|  16|          16|          16|
    |add_ln58_723_fu_5192_p2  |         +|   0|  0|  19|          12|          12|
    |add_ln58_724_fu_5202_p2  |         +|   0|  0|  16|          16|          16|
    |add_ln58_726_fu_2784_p2  |         +|   0|  0|  20|          13|          13|
    |add_ln58_727_fu_2794_p2  |         +|   0|  0|  20|          13|          13|
    |add_ln58_728_fu_2804_p2  |         +|   0|  0|  21|          14|          14|
    |add_ln58_729_fu_2814_p2  |         +|   0|  0|  20|          13|          13|
    |add_ln58_730_fu_2824_p2  |         +|   0|  0|  20|          13|          13|
    |add_ln58_731_fu_2834_p2  |         +|   0|  0|  21|          14|          14|
    |add_ln58_732_fu_2844_p2  |         +|   0|  0|  22|          15|          15|
    |add_ln58_733_fu_2850_p2  |         +|   0|  0|  20|          13|          13|
    |add_ln58_734_fu_2860_p2  |         +|   0|  0|  19|          12|          12|
    |add_ln58_735_fu_2870_p2  |         +|   0|  0|  21|          14|          14|
    |add_ln58_736_fu_2880_p2  |         +|   0|  0|  19|          12|          12|
    |add_ln58_737_fu_2890_p2  |         +|   0|  0|  19|          12|           9|
    |add_ln58_738_fu_2900_p2  |         +|   0|  0|  20|          13|          13|
    |add_ln58_739_fu_2910_p2  |         +|   0|  0|  21|          14|          14|
    |add_ln58_740_fu_2920_p2  |         +|   0|  0|  23|          16|          16|
    |add_ln58_741_fu_5232_p2  |         +|   0|  0|  16|          16|          16|
    |add_ln58_742_fu_5243_p2  |         +|   0|  0|  16|          16|          16|
    |add_ln58_743_fu_2926_p2  |         +|   0|  0|  22|          15|          15|
    |add_ln58_744_fu_5258_p2  |         +|   0|  0|  16|          16|          16|
    |add_ln58_745_fu_5264_p2  |         +|   0|  0|  20|          13|          13|
    |add_ln58_746_fu_5274_p2  |         +|   0|  0|  20|          13|          13|
    |add_ln58_747_fu_5284_p2  |         +|   0|  0|  21|          14|          14|
    |add_ln58_748_fu_5294_p2  |         +|   0|  0|  16|          16|          16|
    |add_ln58_749_fu_5300_p2  |         +|   0|  0|  16|          14|          14|
    |add_ln58_750_fu_5306_p2  |         +|   0|  0|  16|          14|          14|
    |add_ln58_751_fu_5316_p2  |         +|   0|  0|  19|          12|          12|
    |add_ln58_752_fu_5325_p2  |         +|   0|  0|  19|          12|          12|
    |add_ln58_753_fu_5335_p2  |         +|   0|  0|  20|          13|          13|
    |add_ln58_754_fu_5345_p2  |         +|   0|  0|  22|          15|          15|
    |add_ln58_755_fu_5939_p2  |         +|   0|  0|  16|          16|          16|
    |add_ln58_756_fu_5950_p2  |         +|   0|  0|  16|          16|          16|
    |add_ln58_757_fu_5956_p2  |         +|   0|  0|  19|          12|          12|
    |add_ln58_759_fu_2998_p2  |         +|   0|  0|  20|          13|          13|
    |add_ln58_760_fu_3008_p2  |         +|   0|  0|  19|          12|          12|
    |add_ln58_761_fu_3018_p2  |         +|   0|  0|  21|          14|          14|
    |add_ln58_762_fu_3028_p2  |         +|   0|  0|  22|          15|          15|
    |add_ln58_763_fu_3040_p2  |         +|   0|  0|  20|          13|          13|
    |add_ln58_764_fu_3050_p2  |         +|   0|  0|  16|          15|          15|
    |add_ln58_765_fu_3056_p2  |         +|   0|  0|  20|          13|          13|
    |add_ln58_766_fu_3066_p2  |         +|   0|  0|  21|          14|          14|
    |add_ln58_767_fu_5433_p2  |         +|   0|  0|  23|          16|          16|
    |add_ln58_768_fu_3072_p2  |         +|   0|  0|  19|          12|          12|
    |add_ln58_769_fu_3082_p2  |         +|   0|  0|  20|          13|          13|
    |add_ln58_770_fu_3092_p2  |         +|   0|  0|  19|          12|          12|
    |add_ln58_771_fu_3102_p2  |         +|   0|  0|  20|          13|          13|
    |add_ln58_772_fu_3112_p2  |         +|   0|  0|  21|          14|          14|
    |add_ln58_773_fu_5442_p2  |         +|   0|  0|  16|          16|          16|
    |add_ln58_774_fu_5460_p2  |         +|   0|  0|  16|          16|          16|
    |add_ln58_775_fu_5466_p2  |         +|   0|  0|  20|          13|          13|
    |add_ln58_776_fu_5476_p2  |         +|   0|  0|  21|          14|          14|
    |add_ln58_777_fu_5486_p2  |         +|   0|  0|  16|          16|          16|
    |add_ln58_778_fu_5492_p2  |         +|   0|  0|  20|          13|          13|
    |add_ln58_779_fu_5502_p2  |         +|   0|  0|  21|          14|          14|
    |add_ln58_780_fu_5512_p2  |         +|   0|  0|  19|          12|          12|
    |add_ln58_781_fu_5522_p2  |         +|   0|  0|  20|          13|          13|
    |add_ln58_782_fu_5532_p2  |         +|   0|  0|  22|          15|          15|
    |add_ln58_783_fu_5542_p2  |         +|   0|  0|  16|          16|          16|
    |add_ln58_784_fu_5986_p2  |         +|   0|  0|  16|          16|          16|
    |add_ln58_785_fu_5992_p2  |         +|   0|  0|  20|          13|          13|
    |add_ln58_786_fu_6001_p2  |         +|   0|  0|  16|          16|          16|
    |add_ln58_787_fu_5548_p2  |         +|   0|  0|  16|          16|          16|
    |add_ln58_788_fu_5554_p2  |         +|   0|  0|  19|          12|          12|
    |add_ln58_789_fu_5564_p2  |         +|   0|  0|  20|          13|          13|
    |add_ln58_790_fu_5574_p2  |         +|   0|  0|  16|          16|          16|
    |add_ln58_fu_1566_p2      |         +|   0|  0|  20|          13|          13|
    |empty_151_fu_1544_p2     |         +|   0|  0|  16|           9|           9|
    |empty_152_fu_1554_p2     |         +|   0|  0|  17|          10|          10|
    |empty_155_fu_1914_p2     |         +|   0|  0|  16|           9|           9|
    |empty_156_fu_1928_p2     |         +|   0|  0|  17|          10|          10|
    |empty_159_fu_2084_p2     |         +|   0|  0|  18|          10|          10|
    |empty_162_fu_2120_p2     |         +|   0|  0|  17|          11|          11|
    |empty_165_fu_2150_p2     |         +|   0|  0|  18|          10|          10|
    |empty_166_fu_2170_p2     |         +|   0|  0|  18|          11|          11|
    |empty_167_fu_2278_p2     |         +|   0|  0|  17|          10|          10|
    |empty_168_fu_2292_p2     |         +|   0|  0|  18|          11|          11|
    |empty_170_fu_4818_p2     |         +|   0|  0|  17|          12|          12|
    |empty_172_fu_4859_p2     |         +|   0|  0|  17|          13|          13|
    |empty_176_fu_2328_p2     |         +|   0|  0|  18|          10|          10|
    |empty_178_fu_2532_p2     |         +|   0|  0|  16|           9|           9|
    |empty_183_fu_5057_p2     |         +|   0|  0|  18|          10|          10|
    |empty_184_fu_2682_p2     |         +|   0|  0|  16|           9|           9|
    |empty_185_fu_2702_p2     |         +|   0|  0|  17|          10|          10|
    |empty_186_fu_2732_p2     |         +|   0|  0|  17|          11|          11|
    |empty_189_fu_2746_p2     |         +|   0|  0|  16|           9|           9|
    |empty_193_fu_2956_p2     |         +|   0|  0|  18|          10|          10|
    |empty_195_fu_5361_p2     |         +|   0|  0|  17|          11|          11|
    |empty_197_fu_2982_p2     |         +|   0|  0|  17|          10|          10|
    |tmp113_fu_2268_p2        |         +|   0|  0|  16|           9|           9|
    |tmp115_fu_4809_p2        |         +|   0|  0|  16|           9|           9|
    |tmp116_fu_4833_p2        |         +|   0|  0|  17|          13|          13|
    |tmp117_fu_4849_p2        |         +|   0|  0|  17|          10|          10|
    |tmp118_fu_4839_p2        |         +|   0|  0|  16|           9|           9|
    |tmp148_fu_5021_p2        |         +|   0|  0|  16|           9|           9|
    |tmp176_fu_2692_p2        |         +|   0|  0|  16|           9|           9|
    |tmp177_fu_2716_p2        |         +|   0|  0|  17|          11|          11|
    |tmp178_fu_2722_p2        |         +|   0|  0|  16|           9|           9|
    |tmp208_fu_5351_p2        |         +|   0|  0|  16|           9|           9|
    |tmp68949_i_fu_4007_p2    |         +|   0|  0|  18|          10|          10|
    |tmp697_i_fu_1560_p2      |         +|   0|  0|  16|           9|           9|
    |tmp71937_i_fu_4399_p2    |         +|   0|  0|  17|          11|          11|
    |tmp724_i_fu_4420_p2      |         +|   0|  0|  18|          10|          10|
    |tmp74031_i_fu_4601_p2    |         +|   0|  0|  19|          12|          12|
    |tmp74929_i_fu_4618_p2    |         +|   0|  0|  19|          12|          12|
    |tmp758_i_fu_2258_p2      |         +|   0|  0|  16|           9|           9|
    |tmp784_i_fu_2358_p2      |         +|   0|  0|  16|           9|           9|
    |tmp79319_i_fu_5030_p2    |         +|   0|  0|  17|          11|          11|
    |tmp81915_i_fu_5223_p2    |         +|   0|  0|  17|          12|          12|
    |tmp8439_i_fu_2992_p2     |         +|   0|  0|  18|          11|          11|
    |tmp85_fu_2110_p2         |         +|   0|  0|  16|           9|           9|
    |tmp86_fu_4591_p2         |         +|   0|  0|  16|           9|           9|
    |tmp87_fu_2160_p2         |         +|   0|  0|  16|           9|           9|
    |x_42_fu_5792_p2          |         +|   0|  0|  16|          16|          16|
    |x_43_fu_5755_p2          |         +|   0|  0|  16|          16|          16|
    |x_44_fu_5825_p2          |         +|   0|  0|  16|          16|          16|
    |x_45_fu_5839_p2          |         +|   0|  0|  16|          16|          16|
    |x_46_fu_5903_p2          |         +|   0|  0|  16|          16|          16|
    |x_47_fu_5965_p2          |         +|   0|  0|  16|          16|          16|
    |x_48_fu_6007_p2          |         +|   0|  0|  16|          16|          16|
    |x_fu_5924_p2             |         +|   0|  0|  16|          16|          16|
    |empty_150_fu_4001_p2     |         -|   0|  0|  18|          10|          10|
    |empty_153_fu_4237_p2     |         -|   0|  0|  16|           9|           9|
    |empty_154_fu_1668_p2     |         -|   0|  0|  16|           9|           9|
    |empty_157_fu_4393_p2     |         -|   0|  0|  17|          11|          11|
    |empty_158_fu_2070_p2     |         -|   0|  0|  16|           9|           9|
    |empty_160_fu_2094_p2     |         -|   0|  0|  18|          10|          10|
    |empty_161_fu_2104_p2     |         -|   0|  0|  17|          11|          11|
    |empty_163_fu_2130_p2     |         -|   0|  0|  16|           9|           9|
    |empty_164_fu_2144_p2     |         -|   0|  0|  18|          10|          10|
    |empty_169_fu_2306_p2     |         -|   0|  0|  19|          12|          12|
    |empty_171_fu_4823_p2     |         -|   0|  0|  17|          12|          12|
    |empty_173_fu_4869_p2     |         -|   0|  0|  17|          13|          13|
    |empty_174_fu_2312_p2     |         -|   0|  0|  16|           9|           9|
    |empty_175_fu_2322_p2     |         -|   0|  0|  18|          10|          10|
    |empty_177_fu_2342_p2     |         -|   0|  0|  17|          11|          11|
    |empty_179_fu_2542_p2     |         -|   0|  0|  17|          10|          10|
    |empty_180_fu_5015_p2     |         -|   0|  0|  17|          11|          11|
    |empty_181_fu_2552_p2     |         -|   0|  0|  16|           9|           9|
    |empty_182_fu_5051_p2     |         -|   0|  0|  18|          10|          10|
    |empty_187_fu_5211_p2     |         -|   0|  0|  19|          12|          12|
    |empty_188_fu_5217_p2     |         -|   0|  0|  17|          12|          12|
    |empty_190_fu_2756_p2     |         -|   0|  0|  17|          10|          10|
    |empty_191_fu_2932_p2     |         -|   0|  0|  16|           9|           9|
    |empty_192_fu_2946_p2     |         -|   0|  0|  18|          10|          10|
    |empty_194_fu_2966_p2     |         -|   0|  0|  18|          11|          11|
    |empty_196_fu_2972_p2     |         -|   0|  0|  16|           9|           9|
    |empty_fu_1538_p2         |         -|   0|  0|  16|           9|           9|
    |mult_183_fu_412_p2       |         -|   0|  0|  21|          14|          14|
    |mult_188_fu_568_p2       |         -|   0|  0|  21|          14|          14|
    |mult_190_fu_628_p2       |         -|   0|  0|  21|          14|          14|
    |mult_191_fu_674_p2       |         -|   0|  0|  21|          14|          14|
    |sub_ln42_137_fu_268_p2   |         -|   0|  0|  16|           1|           9|
    |sub_ln42_138_fu_338_p2   |         -|   0|  0|  16|           1|           9|
    |sub_ln42_140_fu_426_p2   |         -|   0|  0|  16|           1|           9|
    |sub_ln42_141_fu_456_p2   |         -|   0|  0|  16|           1|           9|
    |sub_ln42_142_fu_498_p2   |         -|   0|  0|  16|           1|           9|
    |sub_ln42_144_fu_582_p2   |         -|   0|  0|  16|           1|           9|
    |sub_ln42_147_fu_692_p2   |         -|   0|  0|  16|           1|           9|
    |sub_ln42_148_fu_774_p2   |         -|   0|  0|  16|           1|           9|
    |sub_ln42_149_fu_816_p2   |         -|   0|  0|  16|           1|           9|
    |sub_ln42_150_fu_858_p2   |         -|   0|  0|  16|           1|           9|
    |sub_ln42_151_fu_924_p2   |         -|   0|  0|  16|           1|           9|
    |sub_ln42_152_fu_962_p2   |         -|   0|  0|  16|           1|           9|
    |sub_ln42_153_fu_992_p2   |         -|   0|  0|  16|           1|           9|
    |sub_ln42_154_fu_1018_p2  |         -|   0|  0|  16|           1|           9|
    |sub_ln42_155_fu_1044_p2  |         -|   0|  0|  16|           1|           9|
    |sub_ln42_156_fu_1082_p2  |         -|   0|  0|  16|           1|           9|
    |sub_ln42_157_fu_1128_p2  |         -|   0|  0|  16|           1|           9|
    |sub_ln42_158_fu_1182_p2  |         -|   0|  0|  16|           1|           9|
    |sub_ln42_159_fu_1208_p2  |         -|   0|  0|  16|           1|           9|
    |sub_ln42_160_fu_1266_p2  |         -|   0|  0|  16|           1|           9|
    |sub_ln42_161_fu_1328_p2  |         -|   0|  0|  16|           1|           9|
    |sub_ln42_162_fu_1366_p2  |         -|   0|  0|  16|           1|           9|
    |sub_ln42_163_fu_1396_p2  |         -|   0|  0|  16|           1|           9|
    |sub_ln42_164_fu_1422_p2  |         -|   0|  0|  16|           1|           9|
    |sub_ln42_165_fu_1452_p2  |         -|   0|  0|  16|           1|           9|
    |sub_ln42_166_fu_1494_p2  |         -|   0|  0|  16|           1|           9|
    |sub_ln42_167_fu_3260_p2  |         -|   0|  0|  16|           1|           9|
    |sub_ln42_168_fu_3302_p2  |         -|   0|  0|  16|           1|           9|
    |sub_ln42_169_fu_3360_p2  |         -|   0|  0|  16|           1|           9|
    |sub_ln42_170_fu_3390_p2  |         -|   0|  0|  16|           1|           9|
    |sub_ln42_171_fu_3424_p2  |         -|   0|  0|  16|           1|           9|
    |sub_ln42_172_fu_3489_p2  |         -|   0|  0|  16|           1|           9|
    |sub_ln42_173_fu_3551_p2  |         -|   0|  0|  16|           1|           9|
    |sub_ln42_174_fu_3593_p2  |         -|   0|  0|  16|           1|           9|
    |sub_ln42_175_fu_1516_p2  |         -|   0|  0|  16|           1|           9|
    |sub_ln42_176_fu_3714_p2  |         -|   0|  0|  16|           1|           9|
    |sub_ln42_177_fu_3760_p2  |         -|   0|  0|  16|           1|           9|
    |sub_ln42_178_fu_3805_p2  |         -|   0|  0|  16|           1|           9|
    |sub_ln42_179_fu_3858_p2  |         -|   0|  0|  16|           1|           9|
    |sub_ln42_180_fu_5597_p2  |         -|   0|  0|  16|           1|           9|
    |sub_ln42_181_fu_5632_p2  |         -|   0|  0|  16|           1|           9|
    |sub_ln42_182_fu_5662_p2  |         -|   0|  0|  16|           1|           9|
    |sub_ln42_183_fu_3956_p2  |         -|   0|  0|  16|           1|           9|
    |sub_ln42_fu_234_p2       |         -|   0|  0|  16|           1|           9|
    |sub_ln58_106_fu_4089_p2  |         -|   0|  0|  16|          16|          16|
    |sub_ln58_107_fu_4127_p2  |         -|   0|  0|  16|          16|          16|
    |sub_ln58_108_fu_4298_p2  |         -|   0|  0|  16|          16|          16|
    |sub_ln58_109_fu_5772_p2  |         -|   0|  0|  16|          16|          16|
    |sub_ln58_110_fu_5783_p2  |         -|   0|  0|  16|          16|          16|
    |sub_ln58_111_fu_1972_p2  |         -|   0|  0|  21|          14|          14|
    |sub_ln58_112_fu_4483_p2  |         -|   0|  0|  16|          16|          16|
    |sub_ln58_113_fu_4489_p2  |         -|   0|  0|  16|          16|          16|
    |sub_ln58_114_fu_5798_p2  |         -|   0|  0|  16|          16|          16|
    |sub_ln58_115_fu_5819_p2  |         -|   0|  0|  16|          16|          16|
    |sub_ln58_116_fu_4926_p2  |         -|   0|  0|  16|          16|          16|
    |sub_ln58_117_fu_4964_p2  |         -|   0|  0|  16|          16|          16|
    |sub_ln58_118_fu_5870_p2  |         -|   0|  0|  16|          16|          16|
    |sub_ln58_119_fu_5102_p2  |         -|   0|  0|  16|          16|          16|
    |sub_ln58_120_fu_5136_p2  |         -|   0|  0|  16|          16|          16|
    |sub_ln58_121_fu_5174_p2  |         -|   0|  0|  16|          16|          16|
    |sub_ln58_122_fu_5237_p2  |         -|   0|  0|  16|          16|          16|
    |sub_ln58_123_fu_5249_p2  |         -|   0|  0|  16|          16|          16|
    |sub_ln58_124_fu_5944_p2  |         -|   0|  0|  16|          16|          16|
    |sub_ln58_125_fu_3034_p2  |         -|   0|  0|  16|          15|          15|
    |sub_ln58_126_fu_5448_p2  |         -|   0|  0|  16|          16|          16|
    |sub_ln58_127_fu_5454_p2  |         -|   0|  0|  16|          16|          16|
    |sub_ln58_128_fu_5982_p2  |         -|   0|  0|  16|          16|          16|
    |sub_ln58_fu_1622_p2      |         -|   0|  0|  16|          15|          15|
    |tmp69447_i_fu_5714_p2    |         -|   0|  0|  18|          11|          11|
    |tmp698_i_fu_4032_p2      |         -|   0|  0|  17|          10|          10|
    |tmp699_i_fu_4062_p2      |         -|   0|  0|  16|          16|          16|
    |tmp70343_i_fu_4251_p2    |         -|   0|  0|  17|          10|          10|
    |tmp70841_i_fu_1682_p2    |         -|   0|  0|  17|          10|          10|
    |tmp711_i_fu_1700_p2      |         -|   0|  0|  16|           9|           9|
    |tmp712_i_fu_4279_p2      |         -|   0|  0|  22|          15|          15|
    |tmp723_i_fu_1934_p2      |         -|   0|  0|  16|           9|           9|
    |tmp725_i_fu_4426_p2      |         -|   0|  0|  18|          10|          10|
    |tmp726_i_fu_4456_p2      |         -|   0|  0|  16|          16|          16|
    |tmp72833_i_fu_1944_p2    |         -|   0|  0|  16|           9|           9|
    |tmp752_i_fu_4636_p2      |         -|   0|  0|  16|           9|           9|
    |tmp753_i_fu_4665_p2      |         -|   0|  0|  22|          15|          15|
    |tmp77225_i_fu_4879_p2    |         -|   0|  0|  17|          13|          13|
    |tmp78223_i_fu_2352_p2    |         -|   0|  0|  17|          11|          11|
    |tmp785_i_fu_2388_p2      |         -|   0|  0|  22|          15|          15|
    |tmp80117_i_fu_5067_p2    |         -|   0|  0|  18|          11|          11|
    |tmp82613_i_fu_2766_p2    |         -|   0|  0|  18|          11|          11|
    |tmp83811_i_fu_5366_p2    |         -|   0|  0|  17|          11|          11|
    |tmp847_i_fu_5383_p2      |         -|   0|  0|  16|           9|           9|
    |tmp848_i_fu_5391_p2      |         -|   0|  0|  17|          10|          10|
    |tmp849_i_fu_5421_p2      |         -|   0|  0|  23|          16|          16|
    +-------------------------+----------+----+---+----+------------+------------+
    |Total                    |          |   0|  0|7581|        5107|        5452|
    +-------------------------+----------+----+---+----+------------+------------+

    * Multiplexer: 
    +-----------+----+-----------+-----+-----------+
    |    Name   | LUT| Input Size| Bits| Total Bits|
    +-----------+----+-----------+-----+-----------+
    |ap_NS_fsm  |  20|          4|    1|          4|
    +-----------+----+-----------+-----+-----------+
    |Total      |  20|          4|    1|          4|
    +-----------+----+-----------+-----+-----------+

    * Register: 
    +------------------------+----+----+-----+-----------+
    |          Name          | FF | LUT| Bits| Const Bits|
    +------------------------+----+----+-----+-----------+
    |a_101_reg_6187          |   8|   0|    8|          0|
    |a_118_reg_6197          |   8|   0|    8|          0|
    |a_121_reg_6217          |   8|   0|    8|          0|
    |a_124_reg_6232          |   8|   0|    8|          0|
    |a_126_reg_6243          |   8|   0|    8|          0|
    |a_134_reg_6273          |   8|   0|    8|          0|
    |a_144_reg_6283          |   8|   0|    8|          0|
    |a_146_reg_6501          |   8|   0|    8|          0|
    |a_147_reg_6511          |   8|   0|    8|          0|
    |a_148_reg_6517          |   8|   0|    8|          0|
    |a_169_cast_i_reg_6182   |   8|   0|    9|          1|
    |add_ln58_543_reg_6315   |  10|   0|   13|          3|
    |add_ln58_547_reg_6320   |  11|   0|   14|          3|
    |add_ln58_555_reg_6538   |  13|   0|   16|          3|
    |add_ln58_556_reg_6543   |  11|   0|   14|          3|
    |add_ln58_567_reg_6548   |  12|   0|   15|          3|
    |add_ln58_573_reg_6331   |  12|   0|   15|          3|
    |add_ln58_578_reg_6336   |  13|   0|   16|          3|
    |add_ln58_591_reg_6341   |  13|   0|   16|          3|
    |add_ln58_602_reg_6558   |  13|   0|   16|          3|
    |add_ln58_604_reg_6563   |   9|   0|   12|          3|
    |add_ln58_608_reg_6356   |  12|   0|   15|          3|
    |add_ln58_611_reg_6361   |  11|   0|   14|          3|
    |add_ln58_617_reg_6366   |  12|   0|   15|          3|
    |add_ln58_629_reg_6568   |  13|   0|   16|          3|
    |add_ln58_639_reg_6381   |  12|   0|   15|          3|
    |add_ln58_645_reg_6573   |  13|   0|   16|          3|
    |add_ln58_650_reg_6386   |  12|   0|   15|          3|
    |add_ln58_658_reg_6578   |  13|   0|   16|          3|
    |add_ln58_665_reg_6401   |  11|   0|   14|          3|
    |add_ln58_668_reg_6406   |  12|   0|   15|          3|
    |add_ln58_672_reg_6411   |  13|   0|   16|          3|
    |add_ln58_677_reg_6416   |  11|   0|   14|          3|
    |add_ln58_685_reg_6588   |  13|   0|   16|          3|
    |add_ln58_688_reg_6593   |  11|   0|   14|          3|
    |add_ln58_697_reg_6431   |  11|   0|   14|          3|
    |add_ln58_700_reg_6436   |  12|   0|   15|          3|
    |add_ln58_709_reg_6441   |  13|   0|   16|          3|
    |add_ln58_719_reg_6598   |  13|   0|   16|          3|
    |add_ln58_724_reg_6603   |  13|   0|   16|          3|
    |add_ln58_732_reg_6451   |  12|   0|   15|          3|
    |add_ln58_740_reg_6456   |  13|   0|   16|          3|
    |add_ln58_743_reg_6461   |  12|   0|   15|          3|
    |add_ln58_748_reg_6613   |  13|   0|   16|          3|
    |add_ln58_754_reg_6618   |  12|   0|   15|          3|
    |add_ln58_764_reg_6476   |  12|   0|   15|          3|
    |add_ln58_766_reg_6481   |  11|   0|   14|          3|
    |add_ln58_772_reg_6486   |  11|   0|   14|          3|
    |add_ln58_783_reg_6628   |  13|   0|   16|          3|
    |add_ln58_790_reg_6633   |  13|   0|   16|          3|
    |ap_CS_fsm               |   3|   0|    3|          0|
    |empty_152_reg_6300      |  10|   0|   10|          0|
    |empty_156_reg_6346      |  10|   0|   10|          0|
    |empty_162_reg_6371      |  11|   0|   11|          0|
    |empty_166_reg_6376      |  11|   0|   11|          0|
    |empty_169_reg_6391      |  12|   0|   12|          0|
    |empty_179_reg_6421      |  10|   0|   10|          0|
    |empty_181_reg_6426      |   9|   0|    9|          0|
    |empty_186_reg_6446      |  11|   0|   11|          0|
    |empty_194_reg_6466      |  11|   0|   11|          0|
    |empty_reg_6295          |   9|   0|    9|          0|
    |mult_189_reg_6177       |   9|   0|   12|          3|
    |mult_220_reg_6202       |   8|   0|   11|          3|
    |mult_221_reg_6207       |   9|   0|   12|          3|
    |mult_223_reg_6222       |   9|   0|   12|          3|
    |mult_226_reg_6227       |   9|   0|   12|          3|
    |mult_227_reg_6237       |   9|   0|   12|          3|
    |mult_228_reg_6248       |   9|   0|   12|          3|
    |mult_229_reg_6258       |   8|   0|   11|          3|
    |mult_250_reg_6496       |   9|   0|   12|          3|
    |mult_264_reg_6528       |   9|   0|   12|          3|
    |sext_ln17_143_reg_6253  |  10|   0|   13|          3|
    |sext_ln17_164_reg_6506  |  10|   0|   13|          3|
    |sub_ln42_166_reg_6268   |   9|   0|    9|          0|
    |sub_ln42_175_reg_6278   |   9|   0|    9|          0|
    |sub_ln58_reg_6310       |  12|   0|   15|          3|
    |tmp697_i_reg_6305       |   9|   0|    9|          0|
    |tmp70343_i_reg_6553     |  10|   0|   10|          0|
    |tmp711_i_reg_6325       |   9|   0|    9|          0|
    |tmp723_i_reg_6351       |   9|   0|    9|          0|
    |tmp77225_i_reg_6583     |  13|   0|   13|          0|
    |tmp78223_i_reg_6396     |  11|   0|   11|          0|
    |tmp81915_i_reg_6608     |  12|   0|   12|          0|
    |tmp83811_i_reg_6623     |  11|   0|   11|          0|
    |tmp8439_i_reg_6471      |  11|   0|   11|          0|
    |zext_ln17_145_reg_6212  |   8|   0|   12|          4|
    |zext_ln17_149_reg_6263  |   8|   0|   12|          4|
    |zext_ln17_172_reg_6523  |   8|   0|   12|          4|
    |zext_ln17_173_reg_6533  |   8|   0|   12|          4|
    |zext_ln42_230_reg_6172  |   8|   0|    9|          1|
    |zext_ln42_280_reg_6491  |   8|   0|   16|          8|
    |zext_ln73_42_reg_6192   |   8|   0|    9|          1|
    |zext_ln73_51_reg_6288   |   8|   0|    9|          1|
    +------------------------+----+----+-----+-----------+
    |Total                   | 962|   0| 1146|        184|
    +------------------------+----+----+-----+-----------+



================================================================
== Interface
================================================================
* Summary: 
+--------------------------------------------------------------------------------------+-----+-----+------------+--------------------------------------------------------------------------------------+--------------+
|                                       RTL Ports                                      | Dir | Bits|  Protocol  |                                     Source Object                                    |    C Type    |
+--------------------------------------------------------------------------------------+-----+-----+------------+--------------------------------------------------------------------------------------+--------------+
|ap_clk                                                                                |   in|    1|  ap_ctrl_hs|                          dense_latency<ap_ufixed,ap_fixed<24,17,5,3,0>,config12_mult>|  return value|
|ap_rst                                                                                |   in|    1|  ap_ctrl_hs|                          dense_latency<ap_ufixed,ap_fixed<24,17,5,3,0>,config12_mult>|  return value|
|ap_start                                                                              |   in|    1|  ap_ctrl_hs|                          dense_latency<ap_ufixed,ap_fixed<24,17,5,3,0>,config12_mult>|  return value|
|ap_done                                                                               |  out|    1|  ap_ctrl_hs|                          dense_latency<ap_ufixed,ap_fixed<24,17,5,3,0>,config12_mult>|  return value|
|ap_idle                                                                               |  out|    1|  ap_ctrl_hs|                          dense_latency<ap_ufixed,ap_fixed<24,17,5,3,0>,config12_mult>|  return value|
|ap_ready                                                                              |  out|    1|  ap_ctrl_hs|                          dense_latency<ap_ufixed,ap_fixed<24,17,5,3,0>,config12_mult>|  return value|
|ap_return_0                                                                           |  out|   24|  ap_ctrl_hs|                          dense_latency<ap_ufixed,ap_fixed<24,17,5,3,0>,config12_mult>|  return value|
|ap_return_1                                                                           |  out|   24|  ap_ctrl_hs|                          dense_latency<ap_ufixed,ap_fixed<24,17,5,3,0>,config12_mult>|  return value|
|ap_return_2                                                                           |  out|   24|  ap_ctrl_hs|                          dense_latency<ap_ufixed,ap_fixed<24,17,5,3,0>,config12_mult>|  return value|
|ap_return_3                                                                           |  out|   24|  ap_ctrl_hs|                          dense_latency<ap_ufixed,ap_fixed<24,17,5,3,0>,config12_mult>|  return value|
|ap_return_4                                                                           |  out|   24|  ap_ctrl_hs|                          dense_latency<ap_ufixed,ap_fixed<24,17,5,3,0>,config12_mult>|  return value|
|ap_return_5                                                                           |  out|   24|  ap_ctrl_hs|                          dense_latency<ap_ufixed,ap_fixed<24,17,5,3,0>,config12_mult>|  return value|
|ap_return_6                                                                           |  out|   24|  ap_ctrl_hs|                          dense_latency<ap_ufixed,ap_fixed<24,17,5,3,0>,config12_mult>|  return value|
|ap_return_7                                                                           |  out|   24|  ap_ctrl_hs|                          dense_latency<ap_ufixed,ap_fixed<24,17,5,3,0>,config12_mult>|  return value|
|ap_ce                                                                                 |   in|    1|  ap_ctrl_hs|                          dense_latency<ap_ufixed,ap_fixed<24,17,5,3,0>,config12_mult>|  return value|
|void_compute_output_buffer_2d_array_const_ap_shift_reg_n_chan_stream_weig_19          |   in|    8|     ap_none|          void_compute_output_buffer_2d_array_const_ap_shift_reg_n_chan_stream_weig_19|       pointer|
|void_compute_output_buffer_2d_array_const_ap_shift_reg_n_chan_stream_weig_18          |   in|    8|     ap_none|          void_compute_output_buffer_2d_array_const_ap_shift_reg_n_chan_stream_weig_18|       pointer|
|void_compute_output_buffer_2d_array_const_ap_shift_reg_n_chan_stream_weig_17          |   in|    8|     ap_none|          void_compute_output_buffer_2d_array_const_ap_shift_reg_n_chan_stream_weig_17|       pointer|
|void_compute_output_buffer_2d_array_const_ap_shift_reg_n_chan_stream_weig_16          |   in|    8|     ap_none|          void_compute_output_buffer_2d_array_const_ap_shift_reg_n_chan_stream_weig_16|       pointer|
|void_compute_output_buffer_2d_array_const_ap_shift_reg_n_chan_stream_weig_15          |   in|    8|     ap_none|          void_compute_output_buffer_2d_array_const_ap_shift_reg_n_chan_stream_weig_15|       pointer|
|void_compute_output_buffer_2d_array_const_ap_shift_reg_n_chan_stream_weig_14          |   in|    8|     ap_none|          void_compute_output_buffer_2d_array_const_ap_shift_reg_n_chan_stream_weig_14|       pointer|
|void_compute_output_buffer_2d_array_const_ap_shift_reg_n_chan_stream_weig_13          |   in|    8|     ap_none|          void_compute_output_buffer_2d_array_const_ap_shift_reg_n_chan_stream_weig_13|       pointer|
|void_compute_output_buffer_2d_array_const_ap_shift_reg_n_chan_stream_weig_12          |   in|    8|     ap_none|          void_compute_output_buffer_2d_array_const_ap_shift_reg_n_chan_stream_weig_12|       pointer|
|void_compute_output_buffer_2d_array_const_ap_shift_reg_n_chan_stream_weig_11          |   in|    8|     ap_none|          void_compute_output_buffer_2d_array_const_ap_shift_reg_n_chan_stream_weig_11|       pointer|
|void_compute_output_buffer_2d_array_const_ap_shift_reg_n_chan_stream_weig_10          |   in|    8|     ap_none|          void_compute_output_buffer_2d_array_const_ap_shift_reg_n_chan_stream_weig_10|       pointer|
|p_ZZN4nnet24compute_output_buffer_2dINS_5arrayI9ap_ufixedILi8ELi4EL9ap_q_mode4EL9_61  |   in|    8|     ap_none|  p_ZZN4nnet24compute_output_buffer_2dINS_5arrayI9ap_ufixedILi8ELi4EL9ap_q_mode4EL9_61|       pointer|
|p_ZZN4nnet24compute_output_buffer_2dINS_5arrayI9ap_ufixedILi8ELi4EL9ap_q_mode4EL9_60  |   in|    8|     ap_none|  p_ZZN4nnet24compute_output_buffer_2dINS_5arrayI9ap_ufixedILi8ELi4EL9ap_q_mode4EL9_60|       pointer|
|p_ZZN4nnet24compute_output_buffer_2dINS_5arrayI9ap_ufixedILi8ELi4EL9ap_q_mode4EL9_59  |   in|    8|     ap_none|  p_ZZN4nnet24compute_output_buffer_2dINS_5arrayI9ap_ufixedILi8ELi4EL9ap_q_mode4EL9_59|       pointer|
|p_ZZN4nnet24compute_output_buffer_2dINS_5arrayI9ap_ufixedILi8ELi4EL9ap_q_mode4EL9_58  |   in|    8|     ap_none|  p_ZZN4nnet24compute_output_buffer_2dINS_5arrayI9ap_ufixedILi8ELi4EL9ap_q_mode4EL9_58|       pointer|
|p_ZZN4nnet24compute_output_buffer_2dINS_5arrayI9ap_ufixedILi8ELi4EL9ap_q_mode4EL9_57  |   in|    8|     ap_none|  p_ZZN4nnet24compute_output_buffer_2dINS_5arrayI9ap_ufixedILi8ELi4EL9ap_q_mode4EL9_57|       pointer|
|p_ZZN4nnet24compute_output_buffer_2dINS_5arrayI9ap_ufixedILi8ELi4EL9ap_q_mode4EL9_56  |   in|    8|     ap_none|  p_ZZN4nnet24compute_output_buffer_2dINS_5arrayI9ap_ufixedILi8ELi4EL9ap_q_mode4EL9_56|       pointer|
|p_ZZN4nnet24compute_output_buffer_2dINS_5arrayI9ap_ufixedILi8ELi4EL9ap_q_mode4EL9_55  |   in|    8|     ap_none|  p_ZZN4nnet24compute_output_buffer_2dINS_5arrayI9ap_ufixedILi8ELi4EL9ap_q_mode4EL9_55|       pointer|
|p_ZZN4nnet24compute_output_buffer_2dINS_5arrayI9ap_ufixedILi8ELi4EL9ap_q_mode4EL9_54  |   in|    8|     ap_none|  p_ZZN4nnet24compute_output_buffer_2dINS_5arrayI9ap_ufixedILi8ELi4EL9ap_q_mode4EL9_54|       pointer|
|p_ZZN4nnet24compute_output_buffer_2dINS_5arrayI9ap_ufixedILi8ELi4EL9ap_q_mode4EL9_53  |   in|    8|     ap_none|  p_ZZN4nnet24compute_output_buffer_2dINS_5arrayI9ap_ufixedILi8ELi4EL9ap_q_mode4EL9_53|       pointer|
|p_ZZN4nnet24compute_output_buffer_2dINS_5arrayI9ap_ufixedILi8ELi4EL9ap_q_mode4EL9_52  |   in|    8|     ap_none|  p_ZZN4nnet24compute_output_buffer_2dINS_5arrayI9ap_ufixedILi8ELi4EL9ap_q_mode4EL9_52|       pointer|
|p_ZZN4nnet24compute_output_buffer_2dINS_5arrayI9ap_ufixedILi8ELi4EL9ap_q_mode4EL9_51  |   in|    8|     ap_none|  p_ZZN4nnet24compute_output_buffer_2dINS_5arrayI9ap_ufixedILi8ELi4EL9ap_q_mode4EL9_51|       pointer|
|p_ZZN4nnet24compute_output_buffer_2dINS_5arrayI9ap_ufixedILi8ELi4EL9ap_q_mode4EL9_50  |   in|    8|     ap_none|  p_ZZN4nnet24compute_output_buffer_2dINS_5arrayI9ap_ufixedILi8ELi4EL9ap_q_mode4EL9_50|       pointer|
|p_ZZN4nnet24compute_output_buffer_2dINS_5arrayI9ap_ufixedILi8ELi4EL9ap_q_mode4EL9_49  |   in|    8|     ap_none|  p_ZZN4nnet24compute_output_buffer_2dINS_5arrayI9ap_ufixedILi8ELi4EL9ap_q_mode4EL9_49|       pointer|
|p_ZZN4nnet24compute_output_buffer_2dINS_5arrayI9ap_ufixedILi8ELi4EL9ap_q_mode4EL9_48  |   in|    8|     ap_none|  p_ZZN4nnet24compute_output_buffer_2dINS_5arrayI9ap_ufixedILi8ELi4EL9ap_q_mode4EL9_48|       pointer|
|p_ZZN4nnet24compute_output_buffer_2dINS_5arrayI9ap_ufixedILi8ELi4EL9ap_q_mode4EL9_47  |   in|    8|     ap_none|  p_ZZN4nnet24compute_output_buffer_2dINS_5arrayI9ap_ufixedILi8ELi4EL9ap_q_mode4EL9_47|       pointer|
|p_ZZN4nnet24compute_output_buffer_2dINS_5arrayI9ap_ufixedILi8ELi4EL9ap_q_mode4EL9_46  |   in|    8|     ap_none|  p_ZZN4nnet24compute_output_buffer_2dINS_5arrayI9ap_ufixedILi8ELi4EL9ap_q_mode4EL9_46|       pointer|
|p_ZZN4nnet24compute_output_buffer_2dINS_5arrayI9ap_ufixedILi8ELi4EL9ap_q_mode4EL9_45  |   in|    8|     ap_none|  p_ZZN4nnet24compute_output_buffer_2dINS_5arrayI9ap_ufixedILi8ELi4EL9ap_q_mode4EL9_45|       pointer|
|p_ZZN4nnet24compute_output_buffer_2dINS_5arrayI9ap_ufixedILi8ELi4EL9ap_q_mode4EL9_44  |   in|    8|     ap_none|  p_ZZN4nnet24compute_output_buffer_2dINS_5arrayI9ap_ufixedILi8ELi4EL9ap_q_mode4EL9_44|       pointer|
|p_ZZN4nnet24compute_output_buffer_2dINS_5arrayI9ap_ufixedILi8ELi4EL9ap_q_mode4EL9_43  |   in|    8|     ap_none|  p_ZZN4nnet24compute_output_buffer_2dINS_5arrayI9ap_ufixedILi8ELi4EL9ap_q_mode4EL9_43|       pointer|
|p_ZZN4nnet24compute_output_buffer_2dINS_5arrayI9ap_ufixedILi8ELi4EL9ap_q_mode4EL9_42  |   in|    8|     ap_none|  p_ZZN4nnet24compute_output_buffer_2dINS_5arrayI9ap_ufixedILi8ELi4EL9ap_q_mode4EL9_42|       pointer|
|p_ZZN4nnet24compute_output_buffer_2dINS_5arrayI9ap_ufixedILi8ELi4EL9ap_q_mode4EL9_41  |   in|    8|     ap_none|  p_ZZN4nnet24compute_output_buffer_2dINS_5arrayI9ap_ufixedILi8ELi4EL9ap_q_mode4EL9_41|       pointer|
|p_ZZN4nnet24compute_output_buffer_2dINS_5arrayI9ap_ufixedILi8ELi4EL9ap_q_mode4EL9_40  |   in|    8|     ap_none|  p_ZZN4nnet24compute_output_buffer_2dINS_5arrayI9ap_ufixedILi8ELi4EL9ap_q_mode4EL9_40|       pointer|
|p_ZZN4nnet24compute_output_buffer_2dINS_5arrayI9ap_ufixedILi8ELi4EL9ap_q_mode4EL9_39  |   in|    8|     ap_none|  p_ZZN4nnet24compute_output_buffer_2dINS_5arrayI9ap_ufixedILi8ELi4EL9ap_q_mode4EL9_39|       pointer|
|p_ZZN4nnet24compute_output_buffer_2dINS_5arrayI9ap_ufixedILi8ELi4EL9ap_q_mode4EL9_38  |   in|    8|     ap_none|  p_ZZN4nnet24compute_output_buffer_2dINS_5arrayI9ap_ufixedILi8ELi4EL9ap_q_mode4EL9_38|       pointer|
|p_ZZN4nnet24compute_output_buffer_2dINS_5arrayI9ap_ufixedILi8ELi4EL9ap_q_mode4EL9_37  |   in|    8|     ap_none|  p_ZZN4nnet24compute_output_buffer_2dINS_5arrayI9ap_ufixedILi8ELi4EL9ap_q_mode4EL9_37|       pointer|
|p_ZZN4nnet24compute_output_buffer_2dINS_5arrayI9ap_ufixedILi8ELi4EL9ap_q_mode4EL9_36  |   in|    8|     ap_none|  p_ZZN4nnet24compute_output_buffer_2dINS_5arrayI9ap_ufixedILi8ELi4EL9ap_q_mode4EL9_36|       pointer|
|p_ZZN4nnet24compute_output_buffer_2dINS_5arrayI9ap_ufixedILi8ELi4EL9ap_q_mode4EL9_35  |   in|    8|     ap_none|  p_ZZN4nnet24compute_output_buffer_2dINS_5arrayI9ap_ufixedILi8ELi4EL9ap_q_mode4EL9_35|       pointer|
|p_ZZN4nnet24compute_output_buffer_2dINS_5arrayI9ap_ufixedILi8ELi4EL9ap_q_mode4EL9_34  |   in|    8|     ap_none|  p_ZZN4nnet24compute_output_buffer_2dINS_5arrayI9ap_ufixedILi8ELi4EL9ap_q_mode4EL9_34|       pointer|
|p_ZZN4nnet24compute_output_buffer_2dINS_5arrayI9ap_ufixedILi8ELi4EL9ap_q_mode4EL9_33  |   in|    8|     ap_none|  p_ZZN4nnet24compute_output_buffer_2dINS_5arrayI9ap_ufixedILi8ELi4EL9ap_q_mode4EL9_33|       pointer|
|p_ZZN4nnet24compute_output_buffer_2dINS_5arrayI9ap_ufixedILi8ELi4EL9ap_q_mode4EL9_32  |   in|    8|     ap_none|  p_ZZN4nnet24compute_output_buffer_2dINS_5arrayI9ap_ufixedILi8ELi4EL9ap_q_mode4EL9_32|       pointer|
|p_ZZN4nnet24compute_output_buffer_2dINS_5arrayI9ap_ufixedILi8ELi4EL9ap_q_mode4EL9_31  |   in|    8|     ap_none|  p_ZZN4nnet24compute_output_buffer_2dINS_5arrayI9ap_ufixedILi8ELi4EL9ap_q_mode4EL9_31|       pointer|
|p_ZZN4nnet24compute_output_buffer_2dINS_5arrayI9ap_ufixedILi8ELi4EL9ap_q_mode4EL9_30  |   in|    8|     ap_none|  p_ZZN4nnet24compute_output_buffer_2dINS_5arrayI9ap_ufixedILi8ELi4EL9ap_q_mode4EL9_30|       pointer|
|p_ZZN4nnet24compute_output_buffer_2dINS_5arrayI9ap_ufixedILi8ELi4EL9ap_q_mode4EL9_29  |   in|    8|     ap_none|  p_ZZN4nnet24compute_output_buffer_2dINS_5arrayI9ap_ufixedILi8ELi4EL9ap_q_mode4EL9_29|       pointer|
|p_ZZN4nnet24compute_output_buffer_2dINS_5arrayI9ap_ufixedILi8ELi4EL9ap_q_mode4EL9_28  |   in|    8|     ap_none|  p_ZZN4nnet24compute_output_buffer_2dINS_5arrayI9ap_ufixedILi8ELi4EL9ap_q_mode4EL9_28|       pointer|
|p_ZZN4nnet24compute_output_buffer_2dINS_5arrayI9ap_ufixedILi8ELi4EL9ap_q_mode4EL9_27  |   in|    8|     ap_none|  p_ZZN4nnet24compute_output_buffer_2dINS_5arrayI9ap_ufixedILi8ELi4EL9ap_q_mode4EL9_27|       pointer|
|p_ZZN4nnet24compute_output_buffer_2dINS_5arrayI9ap_ufixedILi8ELi4EL9ap_q_mode4EL9_26  |   in|    8|     ap_none|  p_ZZN4nnet24compute_output_buffer_2dINS_5arrayI9ap_ufixedILi8ELi4EL9ap_q_mode4EL9_26|       pointer|
|p_ZZN4nnet24compute_output_buffer_2dINS_5arrayI9ap_ufixedILi8ELi4EL9ap_q_mode4EL9_25  |   in|    8|     ap_none|  p_ZZN4nnet24compute_output_buffer_2dINS_5arrayI9ap_ufixedILi8ELi4EL9ap_q_mode4EL9_25|       pointer|
|p_ZZN4nnet24compute_output_buffer_2dINS_5arrayI9ap_ufixedILi8ELi4EL9ap_q_mode4EL9_24  |   in|    8|     ap_none|  p_ZZN4nnet24compute_output_buffer_2dINS_5arrayI9ap_ufixedILi8ELi4EL9ap_q_mode4EL9_24|       pointer|
|p_ZZN4nnet24compute_output_buffer_2dINS_5arrayI9ap_ufixedILi8ELi4EL9ap_q_mode4EL9_23  |   in|    8|     ap_none|  p_ZZN4nnet24compute_output_buffer_2dINS_5arrayI9ap_ufixedILi8ELi4EL9ap_q_mode4EL9_23|       pointer|
|p_ZZN4nnet24compute_output_buffer_2dINS_5arrayI9ap_ufixedILi8ELi4EL9ap_q_mode4EL9_22  |   in|    8|     ap_none|  p_ZZN4nnet24compute_output_buffer_2dINS_5arrayI9ap_ufixedILi8ELi4EL9ap_q_mode4EL9_22|       pointer|
|p_ZZN4nnet24compute_output_buffer_2dINS_5arrayI9ap_ufixedILi8ELi4EL9ap_q_mode4EL9_21  |   in|    8|     ap_none|  p_ZZN4nnet24compute_output_buffer_2dINS_5arrayI9ap_ufixedILi8ELi4EL9ap_q_mode4EL9_21|       pointer|
|p_ZZN4nnet24compute_output_buffer_2dINS_5arrayI9ap_ufixedILi8ELi4EL9ap_q_mode4EL9_20  |   in|    8|     ap_none|  p_ZZN4nnet24compute_output_buffer_2dINS_5arrayI9ap_ufixedILi8ELi4EL9ap_q_mode4EL9_20|       pointer|
|p_ZZN4nnet24compute_output_buffer_2dINS_5arrayI9ap_ufixedILi8ELi4EL9ap_q_mode4EL9_19  |   in|    8|     ap_none|  p_ZZN4nnet24compute_output_buffer_2dINS_5arrayI9ap_ufixedILi8ELi4EL9ap_q_mode4EL9_19|       pointer|
|p_ZZN4nnet24compute_output_buffer_2dINS_5arrayI9ap_ufixedILi8ELi4EL9ap_q_mode4EL9_18  |   in|    8|     ap_none|  p_ZZN4nnet24compute_output_buffer_2dINS_5arrayI9ap_ufixedILi8ELi4EL9ap_q_mode4EL9_18|       pointer|
|p_ZZN4nnet24compute_output_buffer_2dINS_5arrayI9ap_ufixedILi8ELi4EL9ap_q_mode4EL9_17  |   in|    8|     ap_none|  p_ZZN4nnet24compute_output_buffer_2dINS_5arrayI9ap_ufixedILi8ELi4EL9ap_q_mode4EL9_17|       pointer|
|p_ZZN4nnet24compute_output_buffer_2dINS_5arrayI9ap_ufixedILi8ELi4EL9ap_q_mode4EL9_16  |   in|    8|     ap_none|  p_ZZN4nnet24compute_output_buffer_2dINS_5arrayI9ap_ufixedILi8ELi4EL9ap_q_mode4EL9_16|       pointer|
|p_ZZN4nnet24compute_output_buffer_2dINS_5arrayI9ap_ufixedILi8ELi4EL9ap_q_mode4EL9_15  |   in|    8|     ap_none|  p_ZZN4nnet24compute_output_buffer_2dINS_5arrayI9ap_ufixedILi8ELi4EL9ap_q_mode4EL9_15|       pointer|
|p_ZZN4nnet24compute_output_buffer_2dINS_5arrayI9ap_ufixedILi8ELi4EL9ap_q_mode4EL9_14  |   in|    8|     ap_none|  p_ZZN4nnet24compute_output_buffer_2dINS_5arrayI9ap_ufixedILi8ELi4EL9ap_q_mode4EL9_14|       pointer|
|p_ZZN4nnet24compute_output_buffer_2dINS_5arrayI9ap_ufixedILi8ELi4EL9ap_q_mode4EL9_13  |   in|    8|     ap_none|  p_ZZN4nnet24compute_output_buffer_2dINS_5arrayI9ap_ufixedILi8ELi4EL9ap_q_mode4EL9_13|       pointer|
|p_ZZN4nnet24compute_output_buffer_2dINS_5arrayI9ap_ufixedILi8ELi4EL9ap_q_mode4EL9_12  |   in|    8|     ap_none|  p_ZZN4nnet24compute_output_buffer_2dINS_5arrayI9ap_ufixedILi8ELi4EL9ap_q_mode4EL9_12|       pointer|
|p_ZZN4nnet24compute_output_buffer_2dINS_5arrayI9ap_ufixedILi8ELi4EL9ap_q_mode4EL9_11  |   in|    8|     ap_none|  p_ZZN4nnet24compute_output_buffer_2dINS_5arrayI9ap_ufixedILi8ELi4EL9ap_q_mode4EL9_11|       pointer|
|p_ZZN4nnet24compute_output_buffer_2dINS_5arrayI9ap_ufixedILi8ELi4EL9ap_q_mode4EL9_10  |   in|    8|     ap_none|  p_ZZN4nnet24compute_output_buffer_2dINS_5arrayI9ap_ufixedILi8ELi4EL9ap_q_mode4EL9_10|       pointer|
|p_ZZN4nnet24compute_output_buffer_2dINS_5arrayI9ap_ufixedILi8ELi4EL9ap_q_mode4EL9_9   |   in|    8|     ap_none|   p_ZZN4nnet24compute_output_buffer_2dINS_5arrayI9ap_ufixedILi8ELi4EL9ap_q_mode4EL9_9|       pointer|
|p_ZZN4nnet24compute_output_buffer_2dINS_5arrayI9ap_ufixedILi8ELi4EL9ap_q_mode4EL9_8   |   in|    8|     ap_none|   p_ZZN4nnet24compute_output_buffer_2dINS_5arrayI9ap_ufixedILi8ELi4EL9ap_q_mode4EL9_8|       pointer|
|p_ZZN4nnet24compute_output_buffer_2dINS_5arrayI9ap_ufixedILi8ELi4EL9ap_q_mode4EL9_7   |   in|    8|     ap_none|   p_ZZN4nnet24compute_output_buffer_2dINS_5arrayI9ap_ufixedILi8ELi4EL9ap_q_mode4EL9_7|       pointer|
|p_ZZN4nnet24compute_output_buffer_2dINS_5arrayI9ap_ufixedILi8ELi4EL9ap_q_mode4EL9_6   |   in|    8|     ap_none|   p_ZZN4nnet24compute_output_buffer_2dINS_5arrayI9ap_ufixedILi8ELi4EL9ap_q_mode4EL9_6|       pointer|
|p_ZZN4nnet24compute_output_buffer_2dINS_5arrayI9ap_ufixedILi8ELi4EL9ap_q_mode4EL9_5   |   in|    8|     ap_none|   p_ZZN4nnet24compute_output_buffer_2dINS_5arrayI9ap_ufixedILi8ELi4EL9ap_q_mode4EL9_5|       pointer|
|p_ZZN4nnet24compute_output_buffer_2dINS_5arrayI9ap_ufixedILi8ELi4EL9ap_q_mode4EL9_4   |   in|    8|     ap_none|   p_ZZN4nnet24compute_output_buffer_2dINS_5arrayI9ap_ufixedILi8ELi4EL9ap_q_mode4EL9_4|       pointer|
|p_ZZN4nnet24compute_output_buffer_2dINS_5arrayI9ap_ufixedILi8ELi4EL9ap_q_mode4EL9_3   |   in|    8|     ap_none|   p_ZZN4nnet24compute_output_buffer_2dINS_5arrayI9ap_ufixedILi8ELi4EL9ap_q_mode4EL9_3|       pointer|
|p_ZZN4nnet24compute_output_buffer_2dINS_5arrayI9ap_ufixedILi8ELi4EL9ap_q_mode4EL9_2   |   in|    8|     ap_none|   p_ZZN4nnet24compute_output_buffer_2dINS_5arrayI9ap_ufixedILi8ELi4EL9ap_q_mode4EL9_2|       pointer|
|p_ZZN4nnet24compute_output_buffer_2dINS_5arrayI9ap_ufixedILi8ELi4EL9ap_q_mode4EL9_1   |   in|    8|     ap_none|   p_ZZN4nnet24compute_output_buffer_2dINS_5arrayI9ap_ufixedILi8ELi4EL9ap_q_mode4EL9_1|       pointer|
|p_ZZN4nnet24compute_output_buffer_2dINS_5arrayI9ap_ufixedILi8ELi4EL9ap_q_mode4EL9     |   in|    8|     ap_none|     p_ZZN4nnet24compute_output_buffer_2dINS_5arrayI9ap_ufixedILi8ELi4EL9ap_q_mode4EL9|       pointer|
+--------------------------------------------------------------------------------------+-----+-----+------------+--------------------------------------------------------------------------------------+--------------+

