

================================================================
== Vitis HLS Report for 'init_exp_table_ap_ufixed_20_13_5_3_0_softmax_config23_s'
================================================================
* Date:           Sun Mar 22 09:52:40 2026

* Version:        2023.2 (Build 4023990 on Oct 11 2023)
* Project:        myproject_prj
* Solution:       solution1 (Vivado IP Flow Target)
* Product family: zynquplus
* Target device:  xck26-sfvc784-2LV-c


================================================================
== Performance Estimates
================================================================
+ Timing: 
    * Summary: 
    +--------+---------+----------+------------+
    |  Clock |  Target | Estimated| Uncertainty|
    +--------+---------+----------+------------+
    |ap_clk  |  5.00 ns|  3.847 ns|     1.35 ns|
    +--------+---------+----------+------------+

+ Latency: 
    * Summary: 
    +---------+---------+----------+----------+------+------+---------+
    |  Latency (cycles) |  Latency (absolute) |   Interval  | Pipeline|
    |   min   |   max   |    min   |    max   |  min |  max |   Type  |
    +---------+---------+----------+----------+------+------+---------+
    |     1044|     1044|  5.220 us|  5.220 us|  1044|  1044|       no|
    +---------+---------+----------+----------+------+------+---------+

    + Detail: 
        * Instance: 
        N/A

        * Loop: 
        +--------------------+---------+---------+----------+-----------+-----------+------+----------+
        |                    |  Latency (cycles) | Iteration|  Initiation Interval  | Trip |          |
        |      Loop Name     |   min   |   max   |  Latency |  achieved |   target  | Count| Pipelined|
        +--------------------+---------+---------+----------+-----------+-----------+------+----------+
        |- VITIS_LOOP_151_1  |     1042|     1042|        20|          1|          1|  1024|       yes|
        +--------------------+---------+---------+----------+-----------+-----------+------+----------+



================================================================
== Utilization Estimates
================================================================
* Summary: 
+-----------------+---------+------+--------+--------+-----+
|       Name      | BRAM_18K|  DSP |   FF   |   LUT  | URAM|
+-----------------+---------+------+--------+--------+-----+
|DSP              |        -|     -|       -|       -|    -|
|Expression       |        -|     -|       0|    2436|    -|
|FIFO             |        -|     -|       -|       -|    -|
|Instance         |        -|     7|     381|     939|    -|
|Memory           |        -|     -|       -|       -|    -|
|Multiplexer      |        -|     -|       -|      36|    -|
|Register         |        -|     -|     774|     128|    -|
+-----------------+---------+------+--------+--------+-----+
|Total            |        0|     7|    1155|    3539|    0|
+-----------------+---------+------+--------+--------+-----+
|Available        |      288|  1248|  234240|  117120|   64|
+-----------------+---------+------+--------+--------+-----+
|Utilization (%)  |        0|    ~0|      ~0|       3|    0|
+-----------------+---------+------+--------+--------+-----+

+ Detail: 
    * Instance: 
    +--------------------------------------+---------------------------------+---------+----+-----+-----+-----+
    |               Instance               |              Module             | BRAM_18K| DSP|  FF | LUT | URAM|
    +--------------------------------------+---------------------------------+---------+----+-----+-----+-----+
    |fexp_32ns_32ns_32_13_full_dsp_1_U786  |fexp_32ns_32ns_32_13_full_dsp_1  |        0|   7|  381|  939|    0|
    |fpext_32ns_64_2_no_dsp_1_U785         |fpext_32ns_64_2_no_dsp_1         |        0|   0|    0|    0|    0|
    +--------------------------------------+---------------------------------+---------+----+-----+-----+-----+
    |Total                                 |                                 |        0|   7|  381|  939|    0|
    +--------------------------------------+---------------------------------+---------+----+-----+-----+-----+

    * DSP: 
    N/A

    * Memory: 
    N/A

    * FIFO: 
    N/A

    * Expression: 
    +----------------------------+----------+----+---+-----+------------+------------+
    |        Variable Name       | Operation| DSP| FF| LUT | Bitwidth P0| Bitwidth P1|
    +----------------------------+----------+----+---+-----+------------+------------+
    |add_ln138_1_fu_335_p2       |         +|   0|  0|   39|          32|           6|
    |add_ln138_2_fu_417_p2       |         +|   0|  0|   71|          64|          64|
    |add_ln138_3_fu_458_p2       |         +|   0|  0|   19|           8|           8|
    |add_ln138_fu_259_p2         |         +|   0|  0|   39|          32|           6|
    |add_ln151_fu_195_p2         |         +|   0|  0|   18|          11|           1|
    |add_ln159_1_fu_624_p2       |         +|   0|  0|   18|          11|           5|
    |add_ln159_2_fu_810_p2       |         +|   0|  0|   25|          18|          18|
    |add_ln159_3_fu_660_p2       |         +|   0|  0|   19|          12|          12|
    |add_ln159_4_fu_682_p2       |         +|   0|  0|   19|          12|           4|
    |add_ln159_5_fu_692_p2       |         +|   0|  0|   19|          12|           4|
    |add_ln159_fu_584_p2         |         +|   0|  0|   19|          12|           5|
    |sub_ln138_1_fu_351_p2       |         -|   0|  0|   39|           5|          32|
    |sub_ln138_2_fu_453_p2       |         -|   0|  0|   19|           4|           8|
    |sub_ln138_3_fu_285_p2       |         -|   0|  0|   12|           4|           5|
    |sub_ln138_fu_253_p2         |         -|   0|  0|   39|           5|          32|
    |sub_ln159_1_fu_568_p2       |         -|   0|  0|   19|          11|          12|
    |sub_ln159_2_fu_594_p2       |         -|   0|  0|   18|           4|          11|
    |sub_ln159_fu_555_p2         |         -|   0|  0|   61|           1|          54|
    |and_ln138_1_fu_389_p2       |       and|   0|  0|    2|           1|           1|
    |and_ln138_2_fu_301_p2       |       and|   0|  0|   20|          20|          20|
    |and_ln138_fu_372_p2         |       and|   0|  0|    2|           1|           1|
    |and_ln159_10_fu_854_p2      |       and|   0|  0|    2|           1|           1|
    |and_ln159_11_fu_860_p2      |       and|   0|  0|    2|           1|           1|
    |and_ln159_12_fu_726_p2      |       and|   0|  0|    2|           1|           1|
    |and_ln159_13_fu_1057_p2     |       and|   0|  0|    2|           1|           1|
    |and_ln159_14_fu_1062_p2     |       and|   0|  0|    2|           1|           1|
    |and_ln159_15_fu_1067_p2     |       and|   0|  0|    2|           1|           1|
    |and_ln159_16_fu_1085_p2     |       and|   0|  0|    2|           1|           1|
    |and_ln159_17_fu_1150_p2     |       and|   0|  0|    2|           1|           1|
    |and_ln159_18_fu_1156_p2     |       and|   0|  0|    2|           1|           1|
    |and_ln159_1_fu_922_p2       |       and|   0|  0|    2|           1|           1|
    |and_ln159_2_fu_928_p2       |       and|   0|  0|    2|           1|           1|
    |and_ln159_3_fu_944_p2       |       and|   0|  0|    2|           1|           1|
    |and_ln159_4_fu_991_p2       |       and|   0|  0|    2|           1|           1|
    |and_ln159_5_fu_1047_p2      |       and|   0|  0|    2|           1|           1|
    |and_ln159_6_fu_1101_p2      |       and|   0|  0|    2|           1|           1|
    |and_ln159_7_fu_1107_p2      |       and|   0|  0|    2|           1|           1|
    |and_ln159_8_fu_1118_p2      |       and|   0|  0|    2|           1|           1|
    |and_ln159_9_fu_1020_p2      |       and|   0|  0|    2|           1|           1|
    |and_ln159_fu_841_p2         |       and|   0|  0|    2|           1|           1|
    |ashr_ln159_fu_763_p2        |      ashr|   0|  0|  159|          54|          54|
    |icmp_ln138_1_fu_275_p2      |      icmp|   0|  0|   38|          31|           1|
    |icmp_ln138_2_fu_307_p2      |      icmp|   0|  0|   27|          20|           1|
    |icmp_ln138_3_fu_329_p2      |      icmp|   0|  0|   39|          32|           1|
    |icmp_ln138_fu_213_p2        |      icmp|   0|  0|   27|          20|           1|
    |icmp_ln151_fu_189_p2        |      icmp|   0|  0|   19|          11|          12|
    |icmp_ln159_10_fu_871_p2     |      icmp|   0|  0|   19|          12|           6|
    |icmp_ln159_11_fu_876_p2     |      icmp|   0|  0|   19|          12|           6|
    |icmp_ln159_12_fu_895_p2     |      icmp|   0|  0|   61|          54|          54|
    |icmp_ln159_13_fu_938_p2     |      icmp|   0|  0|   61|          54|           1|
    |icmp_ln159_14_fu_950_p2     |      icmp|   0|  0|   19|          12|           6|
    |icmp_ln159_1_fu_578_p2      |      icmp|   0|  0|   19|          12|           4|
    |icmp_ln159_2_fu_608_p2      |      icmp|   0|  0|   19|          12|           4|
    |icmp_ln159_3_fu_736_p2      |      icmp|   0|  0|   18|          11|           6|
    |icmp_ln159_4_fu_618_p2      |      icmp|   0|  0|   19|          12|           6|
    |icmp_ln159_5_fu_780_p2      |      icmp|   0|  0|   18|          11|           5|
    |icmp_ln159_6_fu_642_p2      |      icmp|   0|  0|   19|          12|           4|
    |icmp_ln159_7_fu_676_p2      |      icmp|   0|  0|   16|           9|           1|
    |icmp_ln159_8_fu_698_p2      |      icmp|   0|  0|   19|          12|           6|
    |icmp_ln159_9_fu_712_p2      |      icmp|   0|  0|   19|          12|           6|
    |icmp_ln159_fu_535_p2        |      icmp|   0|  0|   70|          63|           1|
    |lshr_ln138_2_fu_295_p2      |      lshr|   0|  0|   55|           2|          20|
    |lshr_ln138_fu_345_p2        |      lshr|   0|  0|  179|          64|          64|
    |lshr_ln159_1_fu_889_p2      |      lshr|   0|  0|  159|           2|          54|
    |lshr_ln159_fu_884_p2        |      lshr|   0|  0|  159|          54|          54|
    |or_ln138_fu_394_p2          |        or|   0|  0|    2|           1|           1|
    |or_ln159_1_fu_1090_p2       |        or|   0|  0|    2|           1|           1|
    |or_ln159_2_fu_1124_p2       |        or|   0|  0|    2|           1|           1|
    |or_ln159_4_fu_1010_p2       |        or|   0|  0|    2|           1|           1|
    |or_ln159_fu_986_p2          |        or|   0|  0|    2|           1|           1|
    |select_ln138_1_fu_445_p3    |    select|   0|  0|    7|           1|           7|
    |select_ln138_fu_408_p3      |    select|   0|  0|   64|           1|          64|
    |select_ln159_10_fu_914_p3   |    select|   0|  0|    2|           1|           1|
    |select_ln159_11_fu_970_p3   |    select|   0|  0|    2|           1|           1|
    |select_ln159_12_fu_978_p3   |    select|   0|  0|    2|           1|           1|
    |select_ln159_13_fu_997_p3   |    select|   0|  0|    2|           1|           1|
    |select_ln159_14_fu_1071_p3  |    select|   0|  0|    2|           1|           1|
    |select_ln159_15_fu_1138_p3  |    select|   0|  0|   16|           1|           1|
    |select_ln159_16_fu_752_p3   |    select|   0|  0|    2|           1|           2|
    |select_ln159_17_fu_1130_p3  |    select|   0|  0|    2|           1|           2|
    |select_ln159_1_fu_600_p3    |    select|   0|  0|   10|           1|          11|
    |select_ln159_2_fu_772_p3    |    select|   0|  0|   17|           1|          18|
    |select_ln159_3_fu_1042_p3   |    select|   0|  0|    2|           1|           1|
    |select_ln159_4_fu_955_p3    |    select|   0|  0|    2|           1|           1|
    |select_ln159_5_fu_962_p3    |    select|   0|  0|    2|           1|           1|
    |select_ln159_6_fu_793_p3    |    select|   0|  0|    2|           1|           1|
    |select_ln159_7_fu_830_p3    |    select|   0|  0|   17|           1|          18|
    |select_ln159_8_fu_846_p3    |    select|   0|  0|   17|           1|          18|
    |select_ln159_9_fu_1024_p3   |    select|   0|  0|   17|           1|          18|
    |select_ln159_fu_561_p3      |    select|   0|  0|   52|           1|          54|
    |table_out_d0                |    select|   0|  0|   16|           1|          16|
    |x_10_fu_498_p3              |    select|   0|  0|   32|           1|          33|
    |shl_ln138_fu_361_p2         |       shl|   0|  0|  179|          64|          64|
    |shl_ln159_fu_788_p2         |       shl|   0|  0|   51|          18|          18|
    |ap_enable_pp0               |       xor|   0|  0|    2|           1|           2|
    |xor_ln138_fu_383_p2         |       xor|   0|  0|    2|           1|           2|
    |xor_ln157_fu_488_p2         |       xor|   0|  0|   33|          33|          32|
    |xor_ln159_10_fu_908_p2      |       xor|   0|  0|    2|           1|           2|
    |xor_ln159_1_fu_836_p2       |       xor|   0|  0|    2|           1|           2|
    |xor_ln159_2_fu_1051_p2      |       xor|   0|  0|    2|           2|           1|
    |xor_ln159_3_fu_1005_p2      |       xor|   0|  0|    2|           1|           2|
    |xor_ln159_4_fu_1079_p2      |       xor|   0|  0|    2|           1|           2|
    |xor_ln159_5_fu_1096_p2      |       xor|   0|  0|    2|           1|           2|
    |xor_ln159_6_fu_1112_p2      |       xor|   0|  0|    2|           2|           1|
    |xor_ln159_7_fu_1145_p2      |       xor|   0|  0|    2|           1|           2|
    |xor_ln159_8_fu_824_p2       |       xor|   0|  0|    2|           1|           2|
    |xor_ln159_9_fu_866_p2       |       xor|   0|  0|    2|           1|           2|
    |xor_ln159_fu_933_p2         |       xor|   0|  0|    2|           2|           1|
    +----------------------------+----------+----+---+-----+------------+------------+
    |Total                       |          |   0|  0| 2436|        1057|        1119|
    +----------------------------+----------+----+---+-----+------------+------------+

    * Multiplexer: 
    +-------------------------+----+-----------+-----+-----------+
    |           Name          | LUT| Input Size| Bits| Total Bits|
    +-------------------------+----+-----------+-----+-----------+
    |ap_done_int              |   9|          2|    1|          2|
    |ap_enable_reg_pp0_iter1  |   9|          2|    1|          2|
    |ap_sig_allocacmp_i_16    |   9|          2|   11|         22|
    |i_fu_156                 |   9|          2|   11|         22|
    +-------------------------+----+-----------+-----+-----------+
    |Total                    |  36|          8|   24|         48|
    +-------------------------+----+-----------+-----+-----------+

    * Register: 
    +--------------------------------------+----+----+-----+-----------+
    |                 Name                 | FF | LUT| Bits| Const Bits|
    +--------------------------------------+----+----+-----+-----------+
    |add_ln138_reg_1196                    |  32|   0|   32|          0|
    |add_ln159_5_reg_1318                  |  12|   0|   12|          0|
    |and_ln159_11_reg_1366                 |   1|   0|    1|          0|
    |and_ln159_12_reg_1339                 |   1|   0|    1|          0|
    |ap_CS_fsm                             |   1|   0|    1|          0|
    |ap_done_reg                           |   1|   0|    1|          0|
    |ap_enable_reg_pp0_iter1               |   1|   0|    1|          0|
    |ap_enable_reg_pp0_iter10              |   1|   0|    1|          0|
    |ap_enable_reg_pp0_iter11              |   1|   0|    1|          0|
    |ap_enable_reg_pp0_iter12              |   1|   0|    1|          0|
    |ap_enable_reg_pp0_iter13              |   1|   0|    1|          0|
    |ap_enable_reg_pp0_iter14              |   1|   0|    1|          0|
    |ap_enable_reg_pp0_iter15              |   1|   0|    1|          0|
    |ap_enable_reg_pp0_iter16              |   1|   0|    1|          0|
    |ap_enable_reg_pp0_iter17              |   1|   0|    1|          0|
    |ap_enable_reg_pp0_iter18              |   1|   0|    1|          0|
    |ap_enable_reg_pp0_iter19              |   1|   0|    1|          0|
    |ap_enable_reg_pp0_iter2               |   1|   0|    1|          0|
    |ap_enable_reg_pp0_iter3               |   1|   0|    1|          0|
    |ap_enable_reg_pp0_iter4               |   1|   0|    1|          0|
    |ap_enable_reg_pp0_iter5               |   1|   0|    1|          0|
    |ap_enable_reg_pp0_iter6               |   1|   0|    1|          0|
    |ap_enable_reg_pp0_iter7               |   1|   0|    1|          0|
    |ap_enable_reg_pp0_iter8               |   1|   0|    1|          0|
    |ap_enable_reg_pp0_iter9               |   1|   0|    1|          0|
    |ap_loop_exit_ready_pp0_iter10_reg     |   1|   0|    1|          0|
    |ap_loop_exit_ready_pp0_iter11_reg     |   1|   0|    1|          0|
    |ap_loop_exit_ready_pp0_iter12_reg     |   1|   0|    1|          0|
    |ap_loop_exit_ready_pp0_iter13_reg     |   1|   0|    1|          0|
    |ap_loop_exit_ready_pp0_iter14_reg     |   1|   0|    1|          0|
    |ap_loop_exit_ready_pp0_iter15_reg     |   1|   0|    1|          0|
    |ap_loop_exit_ready_pp0_iter16_reg     |   1|   0|    1|          0|
    |ap_loop_exit_ready_pp0_iter17_reg     |   1|   0|    1|          0|
    |ap_loop_exit_ready_pp0_iter18_reg     |   1|   0|    1|          0|
    |ap_loop_exit_ready_pp0_iter1_reg      |   1|   0|    1|          0|
    |ap_loop_exit_ready_pp0_iter2_reg      |   1|   0|    1|          0|
    |ap_loop_exit_ready_pp0_iter3_reg      |   1|   0|    1|          0|
    |ap_loop_exit_ready_pp0_iter4_reg      |   1|   0|    1|          0|
    |ap_loop_exit_ready_pp0_iter5_reg      |   1|   0|    1|          0|
    |ap_loop_exit_ready_pp0_iter6_reg      |   1|   0|    1|          0|
    |ap_loop_exit_ready_pp0_iter7_reg      |   1|   0|    1|          0|
    |ap_loop_exit_ready_pp0_iter8_reg      |   1|   0|    1|          0|
    |ap_loop_exit_ready_pp0_iter9_reg      |   1|   0|    1|          0|
    |bit_select59_i_reg_1303               |   1|   0|    1|          0|
    |bit_select_i_i_i_reg_1211             |   1|   0|    1|          0|
    |i_16_reg_1177                         |  11|   0|   11|          0|
    |i_fu_156                              |  11|   0|   11|          0|
    |icmp_ln138_1_reg_1201                 |   1|   0|    1|          0|
    |icmp_ln138_2_reg_1206                 |   1|   0|    1|          0|
    |icmp_ln138_3_reg_1216                 |   1|   0|    1|          0|
    |icmp_ln138_reg_1186                   |   1|   0|    1|          0|
    |icmp_ln159_1_reg_1273                 |   1|   0|    1|          0|
    |icmp_ln159_2_reg_1286                 |   1|   0|    1|          0|
    |icmp_ln159_4_reg_1298                 |   1|   0|    1|          0|
    |icmp_ln159_5_reg_1351                 |   1|   0|    1|          0|
    |icmp_ln159_6_reg_1308                 |   1|   0|    1|          0|
    |icmp_ln159_6_reg_1308_pp0_iter18_reg  |   1|   0|    1|          0|
    |icmp_ln159_7_reg_1313                 |   1|   0|    1|          0|
    |icmp_ln159_7_reg_1313_pp0_iter18_reg  |   1|   0|    1|          0|
    |icmp_ln159_8_reg_1326                 |   1|   0|    1|          0|
    |icmp_ln159_8_reg_1326_pp0_iter18_reg  |   1|   0|    1|          0|
    |icmp_ln159_reg_1261                   |   1|   0|    1|          0|
    |lshr_ln138_reg_1221                   |  64|   0|   64|          0|
    |or_ln159_4_reg_1388                   |   1|   0|    1|          0|
    |select_ln159_11_reg_1372              |   1|   0|    1|          0|
    |select_ln159_12_reg_1378              |   1|   0|    1|          0|
    |select_ln159_1_reg_1278               |  11|   0|   11|          0|
    |select_ln159_8_reg_1361               |  18|   0|   18|          0|
    |select_ln159_reg_1267                 |  54|   0|   54|          0|
    |shl_ln138_reg_1226                    |  64|   0|   64|          0|
    |shl_ln159_reg_1356                    |  18|   0|   18|          0|
    |tmp_246_reg_1242                      |   1|   0|    1|          0|
    |tmp_252_reg_1333                      |   1|   0|    1|          0|
    |tmp_86_reg_1236                       |  32|   0|   32|          0|
    |tmp_87_reg_1251                       |  11|   0|   11|          0|
    |trunc_ln138_reg_1191                  |   8|   0|    8|          0|
    |trunc_ln159_1_reg_1256                |  52|   0|   52|          0|
    |trunc_ln159_4_reg_1292                |  18|   0|   18|          0|
    |trunc_ln159_8_reg_1346                |   6|   0|    6|          0|
    |x_10_reg_1231                         |  32|   0|   32|          0|
    |xor_ln159_3_reg_1383                  |   1|   0|    1|          0|
    |i_16_reg_1177                         |  64|  32|   11|          0|
    |icmp_ln159_reg_1261                   |  64|  32|    1|          0|
    |tmp_246_reg_1242                      |  64|  32|    1|          0|
    |tmp_86_reg_1236                       |  64|  32|   32|          0|
    +--------------------------------------+----+----+-----+-----------+
    |Total                                 | 774| 128|  563|          0|
    +--------------------------------------+----+----+-----+-----------+



================================================================
== Interface
================================================================
* Summary: 
+--------------------+-----+-----+------------+--------------------------------------------------------------+--------------+
|      RTL Ports     | Dir | Bits|  Protocol  |                         Source Object                        |    C Type    |
+--------------------+-----+-----+------------+--------------------------------------------------------------+--------------+
|ap_clk              |   in|    1|  ap_ctrl_hs|  init_exp_table<ap_ufixed<20, 13, 5, 3, 0>, softmax_config23>|  return value|
|ap_rst              |   in|    1|  ap_ctrl_hs|  init_exp_table<ap_ufixed<20, 13, 5, 3, 0>, softmax_config23>|  return value|
|ap_start            |   in|    1|  ap_ctrl_hs|  init_exp_table<ap_ufixed<20, 13, 5, 3, 0>, softmax_config23>|  return value|
|ap_done             |  out|    1|  ap_ctrl_hs|  init_exp_table<ap_ufixed<20, 13, 5, 3, 0>, softmax_config23>|  return value|
|ap_idle             |  out|    1|  ap_ctrl_hs|  init_exp_table<ap_ufixed<20, 13, 5, 3, 0>, softmax_config23>|  return value|
|ap_ready            |  out|    1|  ap_ctrl_hs|  init_exp_table<ap_ufixed<20, 13, 5, 3, 0>, softmax_config23>|  return value|
|table_out_address0  |  out|   10|   ap_memory|                                                     table_out|         array|
|table_out_ce0       |  out|    1|   ap_memory|                                                     table_out|         array|
|table_out_we0       |  out|    1|   ap_memory|                                                     table_out|         array|
|table_out_d0        |  out|   16|   ap_memory|                                                     table_out|         array|
+--------------------+-----+-----+------------+--------------------------------------------------------------+--------------+

