

================================================================
== Vitis HLS Report for 'myproject_axi'
================================================================
* Date:           Mon Mar 30 19:10:59 2026

* Version:        2023.2 (Build 4023990 on Oct 11 2023)
* Project:        myproject_prj
* Solution:       solution1 (Vivado IP Flow Target)
* Product family: zynquplus
* Target device:  xck26-sfvc784-2LV-c


================================================================
== Performance Estimates
================================================================
+ Timing: 
    * Summary: 
    +--------+---------+----------+------------+
    |  Clock |  Target | Estimated| Uncertainty|
    +--------+---------+----------+------------+
    |ap_clk  |  5.00 ns|  3.847 ns|     1.35 ns|
    +--------+---------+----------+------------+

+ Latency: 
    * Summary: 
    +---------+---------+-----------+-----------+------+------+---------+
    |  Latency (cycles) |   Latency (absolute)  |   Interval  | Pipeline|
    |   min   |   max   |    min    |    max    |  min |  max |   Type  |
    +---------+---------+-----------+-----------+------+------+---------+
    |     5680|     5680|  28.400 us|  28.400 us|  5681|  5681|       no|
    +---------+---------+-----------+-----------+------+------+---------+

    + Detail: 
        * Instance: 
        +----------------------------------------------------+----------------------------------------+---------+---------+-----------+-----------+------+------+----------+
        |                                                    |                                        |  Latency (cycles) |   Latency (absolute)  |   Interval  | Pipeline |
        |                      Instance                      |                 Module                 |   min   |   max   |    min    |    max    |  min |  max |   Type   |
        +----------------------------------------------------+----------------------------------------+---------+---------+-----------+-----------+------+------+----------+
        |grp_myproject_axi_Pipeline_VITIS_LOOP_30_1_fu_1298  |myproject_axi_Pipeline_VITIS_LOOP_30_1  |     1282|     1282|   6.410 us|   6.410 us|  1282|  1282|        no|
        |grp_myproject_fu_1317                               |myproject                               |     4374|     4374|  21.870 us|  21.870 us|  4360|  4360|  dataflow|
        |grp_myproject_axi_Pipeline_VITIS_LOOP_58_2_fu_2377  |myproject_axi_Pipeline_VITIS_LOOP_58_2  |       12|       12|  60.000 ns|  60.000 ns|    12|    12|        no|
        +----------------------------------------------------+----------------------------------------+---------+---------+-----------+-----------+------+------+----------+

        * Loop: 
        N/A



================================================================
== Utilization Estimates
================================================================
* Summary: 
+-----------------+---------+------+--------+--------+-----+
|       Name      | BRAM_18K|  DSP |   FF   |   LUT  | URAM|
+-----------------+---------+------+--------+--------+-----+
|DSP              |        -|     -|       -|       -|    -|
|Expression       |        -|     -|       0|       6|    -|
|FIFO             |       13|     -|     312|     106|    -|
|Instance         |      167|    49|   22698|   64057|    0|
|Memory           |        0|     -|      32|       3|    0|
|Multiplexer      |        -|     -|       -|     245|    -|
|Register         |        -|     -|     146|       -|    -|
+-----------------+---------+------+--------+--------+-----+
|Total            |      180|    49|   23188|   64417|    0|
+-----------------+---------+------+--------+--------+-----+
|Available        |      288|  1248|  234240|  117120|   64|
+-----------------+---------+------+--------+--------+-----+
|Utilization (%)  |       62|     3|       9|      55|    0|
+-----------------+---------+------+--------+--------+-----+

+ Detail: 
    * Instance: 
    +----------------------------------------------------+----------------------------------------+---------+----+-------+-------+-----+
    |                      Instance                      |                 Module                 | BRAM_18K| DSP|   FF  |  LUT  | URAM|
    +----------------------------------------------------+----------------------------------------+---------+----+-------+-------+-----+
    |grp_myproject_fu_1317                               |myproject                               |      167|  49|  22664|  63874|    0|
    |grp_myproject_axi_Pipeline_VITIS_LOOP_30_1_fu_1298  |myproject_axi_Pipeline_VITIS_LOOP_30_1  |        0|   0|     26|     96|    0|
    |grp_myproject_axi_Pipeline_VITIS_LOOP_58_2_fu_2377  |myproject_axi_Pipeline_VITIS_LOOP_58_2  |        0|   0|      8|     87|    0|
    +----------------------------------------------------+----------------------------------------+---------+----+-------+-------+-----+
    |Total                                               |                                        |      167|  49|  22698|  64057|    0|
    +----------------------------------------------------+----------------------------------------+---------+----+-------+-------+-----+

    * DSP: 
    N/A

    * Memory: 
    +----------+----------------------+---------+----+----+-----+------+-----+------+-------------+
    |  Memory  |        Module        | BRAM_18K| FF | LUT| URAM| Words| Bits| Banks| W*Bits*Banks|
    +----------+----------------------+---------+----+----+-----+------+-----+------+-------------+
    |result_U  |result_RAM_AUTO_1R1W  |        0|  32|   3|    0|    10|   16|     1|          160|
    +----------+----------------------+---------+----+----+-----+------+-----+------+-------------+
    |Total     |                      |        0|  32|   3|    0|    10|   16|     1|          160|
    +----------+----------------------+---------+----+----+-----+------+-----+------+-------------+

    * FIFO: 
    +---------------------+---------+-----+----+-----+------+-----+---------+
    |         Name        | BRAM_18K|  FF | LUT| URAM| Depth| Bits| Size:D*B|
    +---------------------+---------+-----+----+-----+------+-----+---------+
    |input_local_fifo_U   |        4|  163|   0|    -|  1280|   32|    40960|
    |output_local_fifo_U  |        9|  149|   0|    -|    10|  160|     1600|
    +---------------------+---------+-----+----+-----+------+-----+---------+
    |Total                |       13|  312|   0|    0|  1290|  192|    42560|
    +---------------------+---------+-----+----+-----+------+-----+---------+

    * Expression: 
    +----------------------------------------------------------------------+----------+----+---+----+------------+------------+
    |                             Variable Name                            | Operation| DSP| FF| LUT| Bitwidth P0| Bitwidth P1|
    +----------------------------------------------------------------------+----------+----+---+----+------------+------------+
    |grp_myproject_axi_Pipeline_VITIS_LOOP_58_2_fu_2377_out_stream_TREADY  |       and|   0|  0|   2|           1|           1|
    |ap_sync_grp_myproject_fu_1317_ap_done                                 |        or|   0|  0|   2|           1|           1|
    |ap_sync_grp_myproject_fu_1317_ap_ready                                |        or|   0|  0|   2|           1|           1|
    +----------------------------------------------------------------------+----------+----+---+----+------------+------------+
    |Total                                                                 |          |   0|  0|   6|           3|           3|
    +----------------------------------------------------------------------+----------+----+---+----+------------+------------+

    * Multiplexer: 
    +-------------------------------+----+-----------+-----+-----------+
    |              Name             | LUT| Input Size| Bits| Total Bits|
    +-------------------------------+----+-----------+-----+-----------+
    |ap_NS_fsm                      |  65|         14|    1|         14|
    |in_stream_TREADY_int_regslice  |   9|          2|    1|          2|
    |input_local_read               |   9|          2|    1|          2|
    |input_local_write              |   9|          2|    1|          2|
    |output_local_write             |   9|          2|    1|          2|
    |result_address0                |  37|          7|    4|         28|
    |result_address1                |  31|          6|    4|         24|
    |result_ce0                     |  14|          3|    1|          3|
    |result_d0                      |  31|          6|   16|         96|
    |result_d1                      |  31|          6|   16|         96|
    +-------------------------------+----+-----------+-----+-----------+
    |Total                          | 245|         50|   46|        269|
    +-------------------------------+----+-----------+-----+-----------+

    * Register: 
    +-----------------------------------------------------------------+----+----+-----+-----------+
    |                               Name                              | FF | LUT| Bits| Const Bits|
    +-----------------------------------------------------------------+----+----+-----+-----------+
    |ap_CS_fsm                                                        |  13|   0|   13|          0|
    |ap_sync_reg_grp_myproject_fu_1317_ap_done                        |   1|   0|    1|          0|
    |ap_sync_reg_grp_myproject_fu_1317_ap_ready                       |   1|   0|    1|          0|
    |grp_myproject_axi_Pipeline_VITIS_LOOP_30_1_fu_1298_ap_start_reg  |   1|   0|    1|          0|
    |grp_myproject_axi_Pipeline_VITIS_LOOP_58_2_fu_2377_ap_start_reg  |   1|   0|    1|          0|
    |grp_myproject_fu_1317_ap_start_reg                               |   1|   0|    1|          0|
    |trunc_ln56_2_reg_2504                                            |  16|   0|   16|          0|
    |trunc_ln56_3_reg_2509                                            |  16|   0|   16|          0|
    |trunc_ln56_4_reg_2514                                            |  16|   0|   16|          0|
    |trunc_ln56_5_reg_2519                                            |  16|   0|   16|          0|
    |trunc_ln56_6_reg_2524                                            |  16|   0|   16|          0|
    |trunc_ln56_7_reg_2529                                            |  16|   0|   16|          0|
    |trunc_ln56_8_reg_2534                                            |  16|   0|   16|          0|
    |trunc_ln56_9_reg_2539                                            |  16|   0|   16|          0|
    +-----------------------------------------------------------------+----+----+-----+-----------+
    |Total                                                            | 146|   0|  146|          0|
    +-----------------------------------------------------------------+----+----+-----+-----------+



================================================================
== Interface
================================================================
* Summary: 
+-------------------+-----+-----+--------------+---------------------+--------------+
|     RTL Ports     | Dir | Bits|   Protocol   |    Source Object    |    C Type    |
+-------------------+-----+-----+--------------+---------------------+--------------+
|ap_clk             |   in|    1|  ap_ctrl_none|        myproject_axi|  return value|
|ap_rst_n           |   in|    1|  ap_ctrl_none|        myproject_axi|  return value|
|in_stream_TDATA    |   in|   32|          axis|   in_stream_V_data_V|       pointer|
|in_stream_TVALID   |   in|    1|          axis|   in_stream_V_dest_V|       pointer|
|in_stream_TREADY   |  out|    1|          axis|   in_stream_V_dest_V|       pointer|
|in_stream_TDEST    |   in|    1|          axis|   in_stream_V_dest_V|       pointer|
|in_stream_TKEEP    |   in|    4|          axis|   in_stream_V_keep_V|       pointer|
|in_stream_TSTRB    |   in|    4|          axis|   in_stream_V_strb_V|       pointer|
|in_stream_TUSER    |   in|    4|          axis|   in_stream_V_user_V|       pointer|
|in_stream_TLAST    |   in|    1|          axis|   in_stream_V_last_V|       pointer|
|in_stream_TID      |   in|    4|          axis|     in_stream_V_id_V|       pointer|
|out_stream_TDATA   |  out|   16|          axis|  out_stream_V_data_V|       pointer|
|out_stream_TVALID  |  out|    1|          axis|  out_stream_V_dest_V|       pointer|
|out_stream_TREADY  |   in|    1|          axis|  out_stream_V_dest_V|       pointer|
|out_stream_TDEST   |  out|    1|          axis|  out_stream_V_dest_V|       pointer|
|out_stream_TKEEP   |  out|    2|          axis|  out_stream_V_keep_V|       pointer|
|out_stream_TSTRB   |  out|    2|          axis|  out_stream_V_strb_V|       pointer|
|out_stream_TUSER   |  out|    2|          axis|  out_stream_V_user_V|       pointer|
|out_stream_TLAST   |  out|    1|          axis|  out_stream_V_last_V|       pointer|
|out_stream_TID     |  out|    2|          axis|    out_stream_V_id_V|       pointer|
+-------------------+-----+-----+--------------+---------------------+--------------+

