

================================================================
== Vitis HLS Report for 'myproject'
================================================================
* Date:           Sun Mar 22 09:52:41 2026

* Version:        2023.2 (Build 4023990 on Oct 11 2023)
* Project:        myproject_prj
* Solution:       solution1 (Vivado IP Flow Target)
* Product family: zynquplus
* Target device:  xck26-sfvc784-2LV-c


================================================================
== Performance Estimates
================================================================
+ Timing: 
    * Summary: 
    +--------+---------+----------+------------+
    |  Clock |  Target | Estimated| Uncertainty|
    +--------+---------+----------+------------+
    |ap_clk  |  5.00 ns|  3.847 ns|     1.35 ns|
    +--------+---------+----------+------------+

+ Latency: 
    * Summary: 
    +---------+---------+-----------+-----------+------+------+----------+
    |  Latency (cycles) |   Latency (absolute)  |   Interval  | Pipeline |
    |   min   |   max   |    min    |    max    |  min |  max |   Type   |
    +---------+---------+-----------+-----------+------+------+----------+
    |     4374|     4374|  21.870 us|  21.870 us|  4360|  4360|  dataflow|
    +---------+---------+-----------+-----------+------+------+----------+

    + Detail: 
        * Instance: 
        +-------------------------------------------------------------------------+------------------------------------------------------------------------+---------+---------+-----------+-----------+------+------+---------+
        |                                                                         |                                                                        |  Latency (cycles) |   Latency (absolute)  |   Interval  | Pipeline|
        |                                 Instance                                |                                 Module                                 |   min   |   max   |    min    |    max    |  min |  max |   Type  |
        +-------------------------------------------------------------------------+------------------------------------------------------------------------+---------+---------+-----------+-----------+------+------+---------+
        |zeropad2d_cl_array_ap_fixed_2u_array_ap_fixed_16_6_5_3_0_2u_config24_U0  |zeropad2d_cl_array_ap_fixed_2u_array_ap_fixed_16_6_5_3_0_2u_config24_s  |     1465|     1465|   7.325 us|   7.325 us|  1465|  1465|       no|
        |conv_2d_cl_array_ap_fixed_2u_array_ap_fixed_30_17_5_3_0_8u_config2_U0    |conv_2d_cl_array_ap_fixed_2u_array_ap_fixed_30_17_5_3_0_8u_config2_s    |     4359|     4359|  21.795 us|  21.795 us|  4359|  4359|       no|
        |normalize_array_ap_fixed_8u_array_ap_fixed_47_24_5_3_0_8u_config4_U0     |normalize_array_ap_fixed_8u_array_ap_fixed_47_24_5_3_0_8u_config4_s     |     1284|     1284|   6.420 us|   6.420 us|  1284|  1284|       no|
        |relu_array_ap_fixed_8u_array_ap_ufixed_8_4_4_0_0_8u_relu_config5_U0      |relu_array_ap_fixed_8u_array_ap_ufixed_8_4_4_0_0_8u_relu_config5_s      |     1283|     1283|   6.415 us|   6.415 us|  1283|  1283|       no|
        |pooling2d_cl_array_ap_ufixed_8u_array_ap_ufixed_8_4_4_0_0_8u_config6_U0  |pooling2d_cl_array_ap_ufixed_8u_array_ap_ufixed_8_4_4_0_0_8u_config6_s  |     2563|     2563|  12.815 us|  12.815 us|  2563|  2563|       no|
        |zeropad2d_cl_array_array_ap_ufixed_8_4_4_0_0_8u_config25_U0              |zeropad2d_cl_array_array_ap_ufixed_8_4_4_0_0_8u_config25_s              |      421|      421|   2.105 us|   2.105 us|   421|   421|       no|
        |conv_2d_cl_array_ap_ufixed_8u_array_ap_fixed_24_17_5_3_0_8u_config7_U0   |conv_2d_cl_array_ap_ufixed_8u_array_ap_fixed_24_17_5_3_0_8u_config7_s   |     1635|     1635|   8.175 us|   8.175 us|  1635|  1635|       no|
        |normalize_array_ap_fixed_8u_array_ap_fixed_41_24_5_3_0_8u_config9_U0     |normalize_array_ap_fixed_8u_array_ap_fixed_41_24_5_3_0_8u_config9_s     |      324|      324|   1.620 us|   1.620 us|   324|   324|       no|
        |relu_array_ap_fixed_8u_array_ap_ufixed_8_4_4_0_0_8u_relu_config10_U0     |relu_array_ap_fixed_8u_array_ap_ufixed_8_4_4_0_0_8u_relu_config10_s     |      323|      323|   1.615 us|   1.615 us|   323|   323|       no|
        |pooling2d_cl_array_array_ap_ufixed_8_4_4_0_0_8u_config11_U0              |pooling2d_cl_array_array_ap_ufixed_8_4_4_0_0_8u_config11_s              |      643|      643|   3.215 us|   3.215 us|   643|   643|       no|
        |zeropad2d_cl_array_array_ap_ufixed_8_4_4_0_0_8u_config26_U0              |zeropad2d_cl_array_array_ap_ufixed_8_4_4_0_0_8u_config26_s              |       83|       83|   0.415 us|   0.415 us|    83|    83|       no|
        |conv_2d_cl_array_ap_ufixed_8u_array_ap_fixed_24_17_5_3_0_8u_config12_U0  |conv_2d_cl_array_ap_ufixed_8u_array_ap_fixed_24_17_5_3_0_8u_config12_s  |      283|      283|   1.415 us|   1.415 us|   283|   283|       no|
        |normalize_array_ap_fixed_8u_array_ap_fixed_41_24_5_3_0_8u_config14_U0    |normalize_array_ap_fixed_8u_array_ap_fixed_41_24_5_3_0_8u_config14_s    |       44|       44|   0.220 us|   0.220 us|    44|    44|       no|
        |relu_array_ap_fixed_8u_array_ap_ufixed_8_4_4_0_0_8u_relu_config15_U0     |relu_array_ap_fixed_8u_array_ap_ufixed_8_4_4_0_0_8u_relu_config15_s     |       43|       43|   0.215 us|   0.215 us|    43|    43|       no|
        |pooling2d_cl_array_array_ap_ufixed_8_4_4_0_0_8u_config16_U0              |pooling2d_cl_array_array_ap_ufixed_8_4_4_0_0_8u_config16_s              |       85|       85|   0.425 us|   0.425 us|    85|    85|       no|
        |dense_array_ap_ufixed_8u_array_ap_fixed_21_14_5_3_0_16u_config18_U0      |dense_array_ap_ufixed_8u_array_ap_fixed_21_14_5_3_0_16u_config18_s      |        8|        8|  40.000 ns|  40.000 ns|     8|     8|       no|
        |relu_array_ap_fixed_16u_array_ap_ufixed_8_4_4_0_0_16u_relu_config20_U0   |relu_array_ap_fixed_16u_array_ap_ufixed_8_4_4_0_0_16u_relu_config20_s   |        1|        1|   5.000 ns|   5.000 ns|     1|     1|       no|
        |dense_array_ap_ufixed_16u_array_ap_fixed_21_14_5_3_0_10u_config21_U0     |dense_array_ap_ufixed_16u_array_ap_fixed_21_14_5_3_0_10u_config21_s     |        3|        3|  15.000 ns|  15.000 ns|     3|     3|       no|
        |softmax_array_array_ap_fixed_16_6_5_3_0_10u_softmax_config23_U0          |softmax_array_array_ap_fixed_16_6_5_3_0_10u_softmax_config23_s          |     1058|     1058|   5.290 us|   5.290 us|  1058|  1058|       no|
        +-------------------------------------------------------------------------+------------------------------------------------------------------------+---------+---------+-----------+-----------+------+------+---------+

        * Loop: 
        N/A



================================================================
== Utilization Estimates
================================================================
* Summary: 
+-----------------+---------+------+--------+--------+-----+
|       Name      | BRAM_18K|  DSP |   FF   |   LUT  | URAM|
+-----------------+---------+------+--------+--------+-----+
|DSP              |        -|     -|       -|       -|    -|
|Expression       |        -|     -|       0|       2|    -|
|FIFO             |      165|     -|    2640|    1083|    -|
|Instance         |        2|    49|   19865|   62788|    0|
|Memory           |        -|     -|       -|       -|    -|
|Multiplexer      |        -|     -|       -|       -|    -|
|Register         |        -|     -|       -|       -|    -|
+-----------------+---------+------+--------+--------+-----+
|Total            |      167|    49|   22505|   63873|    0|
+-----------------+---------+------+--------+--------+-----+
|Available        |      288|  1248|  234240|  117120|   64|
+-----------------+---------+------+--------+--------+-----+
|Utilization (%)  |       57|     3|       9|      54|    0|
+-----------------+---------+------+--------+--------+-----+

+ Detail: 
    * Instance: 
    +-------------------------------------------------------------------------+------------------------------------------------------------------------+---------+----+------+------+-----+
    |                                 Instance                                |                                 Module                                 | BRAM_18K| DSP|  FF  |  LUT | URAM|
    +-------------------------------------------------------------------------+------------------------------------------------------------------------+---------+----+------+------+-----+
    |conv_2d_cl_array_ap_fixed_2u_array_ap_fixed_30_17_5_3_0_8u_config2_U0    |conv_2d_cl_array_ap_fixed_2u_array_ap_fixed_30_17_5_3_0_8u_config2_s    |        0|   0|  1291|  3838|    0|
    |conv_2d_cl_array_ap_ufixed_8u_array_ap_fixed_24_17_5_3_0_8u_config12_U0  |conv_2d_cl_array_ap_ufixed_8u_array_ap_fixed_24_17_5_3_0_8u_config12_s  |        0|   0|  2942|  9305|    0|
    |conv_2d_cl_array_ap_ufixed_8u_array_ap_fixed_24_17_5_3_0_8u_config7_U0   |conv_2d_cl_array_ap_ufixed_8u_array_ap_fixed_24_17_5_3_0_8u_config7_s   |        0|   0|  3085|  9700|    0|
    |dense_array_ap_ufixed_16u_array_ap_fixed_21_14_5_3_0_10u_config21_U0     |dense_array_ap_ufixed_16u_array_ap_fixed_21_14_5_3_0_10u_config21_s     |        0|   0|   770|  4094|    0|
    |dense_array_ap_ufixed_8u_array_ap_fixed_21_14_5_3_0_16u_config18_U0      |dense_array_ap_ufixed_8u_array_ap_fixed_21_14_5_3_0_16u_config18_s      |        0|   0|  1188|  5563|    0|
    |normalize_array_ap_fixed_8u_array_ap_fixed_41_24_5_3_0_8u_config14_U0    |normalize_array_ap_fixed_8u_array_ap_fixed_41_24_5_3_0_8u_config14_s    |        0|   8|   492|   757|    0|
    |normalize_array_ap_fixed_8u_array_ap_fixed_41_24_5_3_0_8u_config9_U0     |normalize_array_ap_fixed_8u_array_ap_fixed_41_24_5_3_0_8u_config9_s     |        0|   8|   483|   751|    0|
    |normalize_array_ap_fixed_8u_array_ap_fixed_47_24_5_3_0_8u_config4_U0     |normalize_array_ap_fixed_8u_array_ap_fixed_47_24_5_3_0_8u_config4_s     |        0|  16|   588|   690|    0|
    |pooling2d_cl_array_ap_ufixed_8u_array_ap_ufixed_8_4_4_0_0_8u_config6_U0  |pooling2d_cl_array_ap_ufixed_8u_array_ap_ufixed_8_4_4_0_0_8u_config6_s  |        0|   0|  1017|  1855|    0|
    |pooling2d_cl_array_array_ap_ufixed_8_4_4_0_0_8u_config11_U0              |pooling2d_cl_array_array_ap_ufixed_8_4_4_0_0_8u_config11_s              |        0|   0|  1271|  3324|    0|
    |pooling2d_cl_array_array_ap_ufixed_8_4_4_0_0_8u_config16_U0              |pooling2d_cl_array_array_ap_ufixed_8_4_4_0_0_8u_config16_s              |        0|   0|  3964|  8750|    0|
    |relu_array_ap_fixed_16u_array_ap_ufixed_8_4_4_0_0_16u_relu_config20_U0   |relu_array_ap_fixed_16u_array_ap_ufixed_8_4_4_0_0_16u_relu_config20_s   |        0|   0|   196|  2436|    0|
    |relu_array_ap_fixed_8u_array_ap_ufixed_8_4_4_0_0_8u_relu_config10_U0     |relu_array_ap_fixed_8u_array_ap_ufixed_8_4_4_0_0_8u_relu_config10_s     |        0|   0|   111|  1693|    0|
    |relu_array_ap_fixed_8u_array_ap_ufixed_8_4_4_0_0_8u_relu_config15_U0     |relu_array_ap_fixed_8u_array_ap_ufixed_8_4_4_0_0_8u_relu_config15_s     |        0|   0|   124|  1687|    0|
    |relu_array_ap_fixed_8u_array_ap_ufixed_8_4_4_0_0_8u_relu_config5_U0      |relu_array_ap_fixed_8u_array_ap_ufixed_8_4_4_0_0_8u_relu_config5_s      |        0|   0|   129|  1793|    0|
    |softmax_array_array_ap_fixed_16_6_5_3_0_10u_softmax_config23_U0          |softmax_array_array_ap_fixed_16_6_5_3_0_10u_softmax_config23_s          |        2|  17|  1820|  4677|    0|
    |zeropad2d_cl_array_ap_fixed_2u_array_ap_fixed_16_6_5_3_0_2u_config24_U0  |zeropad2d_cl_array_ap_fixed_2u_array_ap_fixed_16_6_5_3_0_2u_config24_s  |        0|   0|   145|   821|    0|
    |zeropad2d_cl_array_array_ap_ufixed_8_4_4_0_0_8u_config25_U0              |zeropad2d_cl_array_array_ap_ufixed_8_4_4_0_0_8u_config25_s              |        0|   0|   141|   605|    0|
    |zeropad2d_cl_array_array_ap_ufixed_8_4_4_0_0_8u_config26_U0              |zeropad2d_cl_array_array_ap_ufixed_8_4_4_0_0_8u_config26_s              |        0|   0|   108|   449|    0|
    +-------------------------------------------------------------------------+------------------------------------------------------------------------+---------+----+------+------+-----+
    |Total                                                                    |                                                                        |        2|  49| 19865| 62788|    0|
    +-------------------------------------------------------------------------+------------------------------------------------------------------------+---------+----+------+------+-----+

    * DSP: 
    N/A

    * Memory: 
    N/A

    * FIFO: 
    +---------------+---------+-----+----+-----+------+-----+---------+
    |      Name     | BRAM_18K|  FF | LUT| URAM| Depth| Bits| Size:D*B|
    +---------------+---------+-----+----+-----+------+-----+---------+
    |layer10_out_U  |        4|  165|   0|    -|   320|   64|    20480|
    |layer11_out_U  |        4|  153|   0|    -|    40|   64|     2560|
    |layer12_out_U  |       11|  153|   0|    -|    40|  192|     7680|
    |layer14_out_U  |       19|  153|   0|    -|    40|  328|    13120|
    |layer15_out_U  |        4|  153|   0|    -|    40|   64|     2560|
    |layer16_out_U  |        0|   99|   0|    -|     2|   64|      128|
    |layer18_out_U  |        0|   99|   0|    -|     1|  336|      336|
    |layer20_out_U  |        0|   99|   0|    -|     1|  128|      128|
    |layer21_out_U  |        0|   99|   0|    -|     1|  210|      210|
    |layer24_out_U  |        4|  163|   0|    -|  1452|   32|    46464|
    |layer25_out_U  |        4|  164|   0|    -|   408|   64|    26112|
    |layer26_out_U  |        4|  156|   0|    -|    70|   64|     4480|
    |layer2_out_U   |       27|  163|   0|    -|  1280|  240|   307200|
    |layer4_out_U   |       42|  163|   0|    -|  1280|  376|   481280|
    |layer5_out_U   |        8|  163|   0|    -|  1280|   64|    81920|
    |layer6_out_U   |        4|  165|   0|    -|   320|   64|    20480|
    |layer7_out_U   |       11|  165|   0|    -|   320|  192|    61440|
    |layer9_out_U   |       19|  165|   0|    -|   320|  328|   104960|
    +---------------+---------+-----+----+-----+------+-----+---------+
    |Total          |      165| 2640|   0|    0|  7215| 2874|  1181538|
    +---------------+---------+-----+----+-----+------+-----+---------+

    * Expression: 
    +--------------+----------+----+---+----+------------+------------+
    | Variable Name| Operation| DSP| FF| LUT| Bitwidth P0| Bitwidth P1|
    +--------------+----------+----+---+----+------------+------------+
    |ap_idle       |       and|   0|  0|   2|           1|           1|
    +--------------+----------+----+---+----+------------+------------+
    |Total         |          |   0|  0|   2|           1|           1|
    +--------------+----------+----+---+----+------------+------------+

    * Multiplexer: 
    N/A

    * Register: 
    N/A



================================================================
== Interface
================================================================
* Summary: 
+--------------------+-----+-----+------------+--------------+--------------+
|      RTL Ports     | Dir | Bits|  Protocol  | Source Object|    C Type    |
+--------------------+-----+-----+------------+--------------+--------------+
|input_6_TDATA       |   in|   32|        axis|       input_6|       pointer|
|input_6_TVALID      |   in|    1|        axis|       input_6|       pointer|
|input_6_TREADY      |  out|    1|        axis|       input_6|       pointer|
|layer23_out_TDATA   |  out|  160|        axis|   layer23_out|       pointer|
|layer23_out_TVALID  |  out|    1|        axis|   layer23_out|       pointer|
|layer23_out_TREADY  |   in|    1|        axis|   layer23_out|       pointer|
|ap_clk              |   in|    1|  ap_ctrl_hs|     myproject|  return value|
|ap_rst_n            |   in|    1|  ap_ctrl_hs|     myproject|  return value|
|ap_start            |   in|    1|  ap_ctrl_hs|     myproject|  return value|
|ap_done             |  out|    1|  ap_ctrl_hs|     myproject|  return value|
|ap_ready            |  out|    1|  ap_ctrl_hs|     myproject|  return value|
|ap_idle             |  out|    1|  ap_ctrl_hs|     myproject|  return value|
+--------------------+-----+-----+------------+--------------+--------------+

