

================================================================
== Vitis HLS Report for 'normalize_array_ap_fixed_16u_array_ap_fixed_42_25_5_3_0_16u_config14_s'
================================================================
* Date:           Sat Mar 21 19:23:57 2026

* Version:        2023.2 (Build 4023990 on Oct 11 2023)
* Project:        myproject_prj
* Solution:       solution1 (Vivado IP Flow Target)
* Product family: zynquplus
* Target device:  xck26-sfvc784-2LV-c


================================================================
== Performance Estimates
================================================================
+ Timing: 
    * Summary: 
    +--------+---------+----------+------------+
    |  Clock |  Target | Estimated| Uncertainty|
    +--------+---------+----------+------------+
    |ap_clk  |  5.00 ns|  3.100 ns|     1.35 ns|
    +--------+---------+----------+------------+

+ Latency: 
    * Summary: 
    +---------+---------+----------+----------+-----+-----+---------+
    |  Latency (cycles) |  Latency (absolute) |  Interval | Pipeline|
    |   min   |   max   |    min   |    max   | min | max |   Type  |
    +---------+---------+----------+----------+-----+-----+---------+
    |       74|       74|  0.370 us|  0.370 us|   74|   74|       no|
    +---------+---------+----------+----------+-----+-----+---------+

    + Detail: 
        * Instance: 
        N/A

        * Loop: 
        +-----------------+---------+---------+----------+-----------+-----------+------+----------+
        |                 |  Latency (cycles) | Iteration|  Initiation Interval  | Trip |          |
        |    Loop Name    |   min   |   max   |  Latency |  achieved |   target  | Count| Pipelined|
        +-----------------+---------+---------+----------+-----------+-----------+------+----------+
        |- BatchNormLoop  |       72|       72|         4|          1|          1|    70|       yes|
        +-----------------+---------+---------+----------+-----------+-----------+------+----------+



================================================================
== Utilization Estimates
================================================================
* Summary: 
+-----------------+---------+------+--------+--------+-----+
|       Name      | BRAM_18K|  DSP |   FF   |   LUT  | URAM|
+-----------------+---------+------+--------+--------+-----+
|DSP              |        -|     -|       -|       -|    -|
|Expression       |        -|     -|       0|     734|    -|
|FIFO             |        -|     -|       -|       -|    -|
|Instance         |        -|    16|       0|     800|    -|
|Memory           |        -|     -|       -|       -|    -|
|Multiplexer      |        -|     -|       -|      63|    -|
|Register         |        -|     -|    1003|       -|    -|
+-----------------+---------+------+--------+--------+-----+
|Total            |        0|    16|    1003|    1597|    0|
+-----------------+---------+------+--------+--------+-----+
|Available        |      288|  1248|  234240|  117120|   64|
+-----------------+---------+------+--------+--------+-----+
|Utilization (%)  |        0|     1|      ~0|       1|    0|
+-----------------+---------+------+--------+--------+-----+

+ Detail: 
    * Instance: 
    +---------------------------+---------------------+---------+----+---+----+-----+
    |          Instance         |        Module       | BRAM_18K| DSP| FF| LUT| URAM|
    +---------------------------+---------------------+---------+----+---+----+-----+
    |mul_25s_12ns_36_1_1_U1464  |mul_25s_12ns_36_1_1  |        0|   1|  0|  50|    0|
    |mul_25s_12ns_36_1_1_U1471  |mul_25s_12ns_36_1_1  |        0|   1|  0|  50|    0|
    |mul_25s_12ns_36_1_1_U1473  |mul_25s_12ns_36_1_1  |        0|   1|  0|  50|    0|
    |mul_25s_12ns_36_1_1_U1476  |mul_25s_12ns_36_1_1  |        0|   1|  0|  50|    0|
    |mul_25s_13ns_37_1_1_U1463  |mul_25s_13ns_37_1_1  |        0|   1|  0|  50|    0|
    |mul_25s_13ns_37_1_1_U1465  |mul_25s_13ns_37_1_1  |        0|   1|  0|  50|    0|
    |mul_25s_13ns_37_1_1_U1466  |mul_25s_13ns_37_1_1  |        0|   1|  0|  50|    0|
    |mul_25s_13ns_37_1_1_U1467  |mul_25s_13ns_37_1_1  |        0|   1|  0|  50|    0|
    |mul_25s_13ns_37_1_1_U1468  |mul_25s_13ns_37_1_1  |        0|   1|  0|  50|    0|
    |mul_25s_13ns_37_1_1_U1469  |mul_25s_13ns_37_1_1  |        0|   1|  0|  50|    0|
    |mul_25s_13ns_37_1_1_U1470  |mul_25s_13ns_37_1_1  |        0|   1|  0|  50|    0|
    |mul_25s_13ns_37_1_1_U1472  |mul_25s_13ns_37_1_1  |        0|   1|  0|  50|    0|
    |mul_25s_13ns_37_1_1_U1474  |mul_25s_13ns_37_1_1  |        0|   1|  0|  50|    0|
    |mul_25s_13ns_37_1_1_U1475  |mul_25s_13ns_37_1_1  |        0|   1|  0|  50|    0|
    |mul_25s_13ns_37_1_1_U1477  |mul_25s_13ns_37_1_1  |        0|   1|  0|  50|    0|
    |mul_25s_13ns_37_1_1_U1478  |mul_25s_13ns_37_1_1  |        0|   1|  0|  50|    0|
    +---------------------------+---------------------+---------+----+---+----+-----+
    |Total                      |                     |        0|  16|  0| 800|    0|
    +---------------------------+---------------------+---------+----+---+----+-----+

    * DSP: 
    N/A

    * Memory: 
    N/A

    * FIFO: 
    N/A

    * Expression: 
    +---------------------------+----------+----+---+----+------------+------------+
    |       Variable Name       | Operation| DSP| FF| LUT| Bitwidth P0| Bitwidth P1|
    +---------------------------+----------+----+---+----+------------+------------+
    |add_ln42_10_fu_73389_p2    |         +|   0|  0|  44|          37|          18|
    |add_ln42_11_fu_73399_p2    |         +|   0|  0|  43|          36|          18|
    |add_ln42_12_fu_73409_p2    |         +|   0|  0|  44|          37|          17|
    |add_ln42_13_fu_73419_p2    |         +|   0|  0|  44|          37|          19|
    |add_ln42_14_fu_73429_p2    |         +|   0|  0|  44|          37|          18|
    |add_ln42_15_fu_73439_p2    |         +|   0|  0|  44|          37|          18|
    |add_ln42_16_fu_73449_p2    |         +|   0|  0|  43|          36|          18|
    |add_ln42_17_fu_73459_p2    |         +|   0|  0|  44|          37|          19|
    |add_ln42_18_fu_73469_p2    |         +|   0|  0|  43|          36|          17|
    |add_ln42_19_fu_73479_p2    |         +|   0|  0|  44|          37|          17|
    |add_ln42_20_fu_73489_p2    |         +|   0|  0|  43|          36|          19|
    |add_ln42_21_fu_73499_p2    |         +|   0|  0|  44|          37|          18|
    |add_ln42_22_fu_73509_p2    |         +|   0|  0|  44|          37|          19|
    |add_ln42_8_fu_73369_p2     |         +|   0|  0|  44|          37|          14|
    |add_ln42_9_fu_73379_p2     |         +|   0|  0|  44|          37|          16|
    |add_ln42_fu_73359_p2       |         +|   0|  0|  44|          37|          20|
    |i_10_fu_73130_p2           |         +|   0|  0|  14|           7|           1|
    |ap_condition_182           |       and|   0|  0|   2|           1|           1|
    |icmp_ln25_fu_73124_p2      |      icmp|   0|  0|  14|           7|           7|
    |ap_block_pp0_stage0_01001  |        or|   0|  0|   2|           1|           1|
    |ap_enable_pp0              |       xor|   0|  0|   2|           1|           2|
    +---------------------------+----------+----+---+----+------------+------------+
    |Total                      |          |   0|  0| 734|         605|         297|
    +---------------------------+----------+----+---+----+------------+------------+

    * Multiplexer: 
    +-------------------------+----+-----------+-----+-----------+
    |           Name          | LUT| Input Size| Bits| Total Bits|
    +-------------------------+----+-----------+-----+-----------+
    |ap_done_int              |   9|          2|    1|          2|
    |ap_enable_reg_pp0_iter1  |   9|          2|    1|          2|
    |ap_sig_allocacmp_i       |   9|          2|    7|         14|
    |i_02_fu_170              |   9|          2|    7|         14|
    |layer12_out_blk_n        |   9|          2|    1|          2|
    |layer14_out_blk_n        |   9|          2|    1|          2|
    |real_start               |   9|          2|    1|          2|
    +-------------------------+----+-----------+-----+-----------+
    |Total                    |  63|         14|   19|         38|
    +-------------------------+----+-----------+-----+-----------+

    * Register: 
    +----------------------------------+----+----+-----+-----------+
    |               Name               | FF | LUT| Bits| Const Bits|
    +----------------------------------+----+----+-----+-----------+
    |a_10_reg_73622                    |  25|   0|   25|          0|
    |a_11_reg_73627                    |  25|   0|   25|          0|
    |a_12_reg_73632                    |  25|   0|   25|          0|
    |a_13_reg_73637                    |  25|   0|   25|          0|
    |a_14_reg_73642                    |  25|   0|   25|          0|
    |a_15_reg_73582                    |  25|   0|   25|          0|
    |a_1_reg_73587                     |  25|   0|   25|          0|
    |a_2_reg_73592                     |  25|   0|   25|          0|
    |a_3_reg_73597                     |  25|   0|   25|          0|
    |a_4_reg_73602                     |  25|   0|   25|          0|
    |a_5_reg_73607                     |  25|   0|   25|          0|
    |a_6_reg_73612                     |  25|   0|   25|          0|
    |a_7_reg_73617                     |  25|   0|   25|          0|
    |a_8_reg_73572                     |  25|   0|   25|          0|
    |a_9_reg_73577                     |  25|   0|   25|          0|
    |a_reg_73567                       |  25|   0|   25|          0|
    |ap_CS_fsm                         |   1|   0|    1|          0|
    |ap_done_reg                       |   1|   0|    1|          0|
    |ap_enable_reg_pp0_iter1           |   1|   0|    1|          0|
    |ap_enable_reg_pp0_iter2           |   1|   0|    1|          0|
    |ap_enable_reg_pp0_iter3           |   1|   0|    1|          0|
    |ap_loop_exit_ready_pp0_iter1_reg  |   1|   0|    1|          0|
    |ap_loop_exit_ready_pp0_iter2_reg  |   1|   0|    1|          0|
    |i_02_fu_170                       |   7|   0|    7|          0|
    |mul_ln42_10_reg_73063             |  37|   0|   37|          0|
    |mul_ln42_11_reg_73067             |  36|   0|   36|          0|
    |mul_ln42_12_reg_73071             |  37|   0|   37|          0|
    |mul_ln42_13_reg_73075             |  37|   0|   37|          0|
    |mul_ln42_14_reg_73079             |  37|   0|   37|          0|
    |mul_ln42_15_reg_73083             |  37|   0|   37|          0|
    |mul_ln42_16_reg_73087             |  36|   0|   36|          0|
    |mul_ln42_17_reg_73091             |  37|   0|   37|          0|
    |mul_ln42_18_reg_73095             |  36|   0|   36|          0|
    |mul_ln42_19_reg_73099             |  37|   0|   37|          0|
    |mul_ln42_20_reg_73103             |  36|   0|   36|          0|
    |mul_ln42_21_reg_73107             |  37|   0|   37|          0|
    |mul_ln42_22_reg_73111             |  37|   0|   37|          0|
    |mul_ln42_8_reg_73055              |  37|   0|   37|          0|
    |mul_ln42_9_reg_73059              |  37|   0|   37|          0|
    |mul_ln42_reg_73051                |  37|   0|   37|          0|
    |start_once_reg                    |   1|   0|    1|          0|
    +----------------------------------+----+----+-----+-----------+
    |Total                             |1003|   0| 1003|          0|
    +----------------------------------+----+----+-----+-----------+



================================================================
== Interface
================================================================
* Summary: 
+----------------------------+-----+-----+------------+--------------------------------------------------------------------------+--------------+
|          RTL Ports         | Dir | Bits|  Protocol  |                               Source Object                              |    C Type    |
+----------------------------+-----+-----+------------+--------------------------------------------------------------------------+--------------+
|ap_clk                      |   in|    1|  ap_ctrl_hs|  normalize<array<ap_fixed,16u>,array<ap_fixed<42,25,5,3,0>,16u>,config14>|  return value|
|ap_rst                      |   in|    1|  ap_ctrl_hs|  normalize<array<ap_fixed,16u>,array<ap_fixed<42,25,5,3,0>,16u>,config14>|  return value|
|ap_start                    |   in|    1|  ap_ctrl_hs|  normalize<array<ap_fixed,16u>,array<ap_fixed<42,25,5,3,0>,16u>,config14>|  return value|
|start_full_n                |   in|    1|  ap_ctrl_hs|  normalize<array<ap_fixed,16u>,array<ap_fixed<42,25,5,3,0>,16u>,config14>|  return value|
|ap_done                     |  out|    1|  ap_ctrl_hs|  normalize<array<ap_fixed,16u>,array<ap_fixed<42,25,5,3,0>,16u>,config14>|  return value|
|ap_continue                 |   in|    1|  ap_ctrl_hs|  normalize<array<ap_fixed,16u>,array<ap_fixed<42,25,5,3,0>,16u>,config14>|  return value|
|ap_idle                     |  out|    1|  ap_ctrl_hs|  normalize<array<ap_fixed,16u>,array<ap_fixed<42,25,5,3,0>,16u>,config14>|  return value|
|ap_ready                    |  out|    1|  ap_ctrl_hs|  normalize<array<ap_fixed,16u>,array<ap_fixed<42,25,5,3,0>,16u>,config14>|  return value|
|start_out                   |  out|    1|  ap_ctrl_hs|  normalize<array<ap_fixed,16u>,array<ap_fixed<42,25,5,3,0>,16u>,config14>|  return value|
|start_write                 |  out|    1|  ap_ctrl_hs|  normalize<array<ap_fixed,16u>,array<ap_fixed<42,25,5,3,0>,16u>,config14>|  return value|
|layer12_out_dout            |   in|  400|     ap_fifo|                                                               layer12_out|       pointer|
|layer12_out_num_data_valid  |   in|    8|     ap_fifo|                                                               layer12_out|       pointer|
|layer12_out_fifo_cap        |   in|    8|     ap_fifo|                                                               layer12_out|       pointer|
|layer12_out_empty_n         |   in|    1|     ap_fifo|                                                               layer12_out|       pointer|
|layer12_out_read            |  out|    1|     ap_fifo|                                                               layer12_out|       pointer|
|layer14_out_din             |  out|  672|     ap_fifo|                                                               layer14_out|       pointer|
|layer14_out_num_data_valid  |   in|    8|     ap_fifo|                                                               layer14_out|       pointer|
|layer14_out_fifo_cap        |   in|    8|     ap_fifo|                                                               layer14_out|       pointer|
|layer14_out_full_n          |   in|    1|     ap_fifo|                                                               layer14_out|       pointer|
|layer14_out_write           |  out|    1|     ap_fifo|                                                               layer14_out|       pointer|
+----------------------------+-----+-----+------------+--------------------------------------------------------------------------+--------------+

