

================================================================
== Vitis HLS Report for 'normalize_array_ap_fixed_8u_array_ap_fixed_47_24_5_3_0_8u_config4_s'
================================================================
* Date:           Sat Mar 21 19:23:42 2026

* Version:        2023.2 (Build 4023990 on Oct 11 2023)
* Project:        myproject_prj
* Solution:       solution1 (Vivado IP Flow Target)
* Product family: zynquplus
* Target device:  xck26-sfvc784-2LV-c


================================================================
== Performance Estimates
================================================================
+ Timing: 
    * Summary: 
    +--------+---------+----------+------------+
    |  Clock |  Target | Estimated| Uncertainty|
    +--------+---------+----------+------------+
    |ap_clk  |  5.00 ns|  3.329 ns|     1.35 ns|
    +--------+---------+----------+------------+

+ Latency: 
    * Summary: 
    +---------+---------+-----------+-----------+------+------+---------+
    |  Latency (cycles) |   Latency (absolute)  |   Interval  | Pipeline|
    |   min   |   max   |    min    |    max    |  min |  max |   Type  |
    +---------+---------+-----------+-----------+------+------+---------+
    |     5644|     5644|  28.220 us|  28.220 us|  5644|  5644|       no|
    +---------+---------+-----------+-----------+------+------+---------+

    + Detail: 
        * Instance: 
        N/A

        * Loop: 
        +-----------------+---------+---------+----------+-----------+-----------+------+----------+
        |                 |  Latency (cycles) | Iteration|  Initiation Interval  | Trip |          |
        |    Loop Name    |   min   |   max   |  Latency |  achieved |   target  | Count| Pipelined|
        +-----------------+---------+---------+----------+-----------+-----------+------+----------+
        |- BatchNormLoop  |     5642|     5642|         4|          1|          1|  5640|       yes|
        +-----------------+---------+---------+----------+-----------+-----------+------+----------+



================================================================
== Utilization Estimates
================================================================
* Summary: 
+-----------------+---------+------+--------+--------+-----+
|       Name      | BRAM_18K|  DSP |   FF   |   LUT  | URAM|
+-----------------+---------+------+--------+--------+-----+
|DSP              |        -|     -|       -|       -|    -|
|Expression       |        -|     -|       0|     434|    -|
|FIFO             |        -|     -|       -|       -|    -|
|Instance         |        -|    16|       0|     200|    -|
|Memory           |        -|     -|       -|       -|    -|
|Multiplexer      |        -|     -|       -|      63|    -|
|Register         |        -|     -|     593|       -|    -|
+-----------------+---------+------+--------+--------+-----+
|Total            |        0|    16|     593|     697|    0|
+-----------------+---------+------+--------+--------+-----+
|Available        |      288|  1248|  234240|  117120|   64|
+-----------------+---------+------+--------+--------+-----+
|Utilization (%)  |        0|     1|      ~0|      ~0|    0|
+-----------------+---------+------+--------+--------+-----+

+ Detail: 
    * Instance: 
    +-------------------------+---------------------+---------+----+---+----+-----+
    |         Instance        |        Module       | BRAM_18K| DSP| FF| LUT| URAM|
    +-------------------------+---------------------+---------+----+---+----+-----+
    |mul_30s_12ns_41_1_1_U52  |mul_30s_12ns_41_1_1  |        0|   2|  0|  25|    0|
    |mul_30s_12ns_41_1_1_U55  |mul_30s_12ns_41_1_1  |        0|   2|  0|  25|    0|
    |mul_30s_12ns_41_1_1_U57  |mul_30s_12ns_41_1_1  |        0|   2|  0|  25|    0|
    |mul_30s_12ns_41_1_1_U59  |mul_30s_12ns_41_1_1  |        0|   2|  0|  25|    0|
    |mul_30s_13ns_42_1_1_U53  |mul_30s_13ns_42_1_1  |        0|   2|  0|  25|    0|
    |mul_30s_13ns_42_1_1_U54  |mul_30s_13ns_42_1_1  |        0|   2|  0|  25|    0|
    |mul_30s_13ns_42_1_1_U56  |mul_30s_13ns_42_1_1  |        0|   2|  0|  25|    0|
    |mul_30s_13ns_42_1_1_U58  |mul_30s_13ns_42_1_1  |        0|   2|  0|  25|    0|
    +-------------------------+---------------------+---------+----+---+----+-----+
    |Total                    |                     |        0|  16|  0| 200|    0|
    +-------------------------+---------------------+---------+----+---+----+-----+

    * DSP: 
    N/A

    * Memory: 
    N/A

    * FIFO: 
    N/A

    * Expression: 
    +---------------------------+----------+----+---+----+------------+------------+
    |       Variable Name       | Operation| DSP| FF| LUT| Bitwidth P0| Bitwidth P1|
    +---------------------------+----------+----+---+----+------------+------------+
    |add_ln42_1_fu_1489289_p2   |         +|   0|  0|  48|          41|          23|
    |add_ln42_2_fu_1489299_p2   |         +|   0|  0|  49|          42|          21|
    |add_ln42_3_fu_1489309_p2   |         +|   0|  0|  48|          41|          16|
    |add_ln42_4_fu_1489319_p2   |         +|   0|  0|  48|          41|          22|
    |add_ln42_5_fu_1489329_p2   |         +|   0|  0|  48|          41|          22|
    |add_ln42_6_fu_1489339_p2   |         +|   0|  0|  49|          42|          21|
    |add_ln42_7_fu_1489349_p2   |         +|   0|  0|  49|          42|          23|
    |add_ln42_fu_1489279_p2     |         +|   0|  0|  49|          42|          20|
    |i_9_fu_1489162_p2          |         +|   0|  0|  20|          13|           1|
    |ap_condition_150           |       and|   0|  0|   2|           1|           1|
    |icmp_ln25_fu_1489156_p2    |      icmp|   0|  0|  20|          13|          13|
    |ap_block_pp0_stage0_01001  |        or|   0|  0|   2|           1|           1|
    |ap_enable_pp0              |       xor|   0|  0|   2|           1|           2|
    +---------------------------+----------+----+---+----+------------+------------+
    |Total                      |          |   0|  0| 434|         361|         186|
    +---------------------------+----------+----+---+----+------------+------------+

    * Multiplexer: 
    +-------------------------+----+-----------+-----+-----------+
    |           Name          | LUT| Input Size| Bits| Total Bits|
    +-------------------------+----+-----------+-----+-----------+
    |ap_done_int              |   9|          2|    1|          2|
    |ap_enable_reg_pp0_iter1  |   9|          2|    1|          2|
    |ap_sig_allocacmp_i       |   9|          2|   13|         26|
    |i_02_fu_106              |   9|          2|   13|         26|
    |layer2_out_blk_n         |   9|          2|    1|          2|
    |layer4_out_blk_n         |   9|          2|    1|          2|
    |real_start               |   9|          2|    1|          2|
    +-------------------------+----+-----------+-----+-----------+
    |Total                    |  63|         14|   31|         62|
    +-------------------------+----+-----------+-----+-----------+

    * Register: 
    +----------------------------------+----+----+-----+-----------+
    |               Name               | FF | LUT| Bits| Const Bits|
    +----------------------------------+----+----+-----+-----------+
    |a_1_reg_1489396                   |  30|   0|   30|          0|
    |a_2_reg_1489401                   |  30|   0|   30|          0|
    |a_3_reg_1489406                   |  30|   0|   30|          0|
    |a_4_reg_1489411                   |  30|   0|   30|          0|
    |a_5_reg_1489416                   |  30|   0|   30|          0|
    |a_6_reg_1489421                   |  30|   0|   30|          0|
    |a_7_reg_1489426                   |  30|   0|   30|          0|
    |a_reg_1489391                     |  30|   0|   30|          0|
    |ap_CS_fsm                         |   1|   0|    1|          0|
    |ap_done_reg                       |   1|   0|    1|          0|
    |ap_enable_reg_pp0_iter1           |   1|   0|    1|          0|
    |ap_enable_reg_pp0_iter2           |   1|   0|    1|          0|
    |ap_enable_reg_pp0_iter3           |   1|   0|    1|          0|
    |ap_loop_exit_ready_pp0_iter1_reg  |   1|   0|    1|          0|
    |ap_loop_exit_ready_pp0_iter2_reg  |   1|   0|    1|          0|
    |i_02_fu_106                       |  13|   0|   13|          0|
    |mul_ln42_1_reg_1489119            |  41|   0|   41|          0|
    |mul_ln42_2_reg_1489123            |  42|   0|   42|          0|
    |mul_ln42_3_reg_1489127            |  41|   0|   41|          0|
    |mul_ln42_4_reg_1489131            |  41|   0|   41|          0|
    |mul_ln42_5_reg_1489135            |  41|   0|   41|          0|
    |mul_ln42_6_reg_1489139            |  42|   0|   42|          0|
    |mul_ln42_7_reg_1489143            |  42|   0|   42|          0|
    |mul_ln42_reg_1489115              |  42|   0|   42|          0|
    |start_once_reg                    |   1|   0|    1|          0|
    +----------------------------------+----+----+-----+-----------+
    |Total                             | 593|   0|  593|          0|
    +----------------------------------+----+----+-----+-----------+



================================================================
== Interface
================================================================
* Summary: 
+---------------------------+-----+-----+------------+-----------------------------------------------------------------------+--------------+
|         RTL Ports         | Dir | Bits|  Protocol  |                             Source Object                             |    C Type    |
+---------------------------+-----+-----+------------+-----------------------------------------------------------------------+--------------+
|ap_clk                     |   in|    1|  ap_ctrl_hs|  normalize<array<ap_fixed,8u>,array<ap_fixed<47,24,5,3,0>,8u>,config4>|  return value|
|ap_rst                     |   in|    1|  ap_ctrl_hs|  normalize<array<ap_fixed,8u>,array<ap_fixed<47,24,5,3,0>,8u>,config4>|  return value|
|ap_start                   |   in|    1|  ap_ctrl_hs|  normalize<array<ap_fixed,8u>,array<ap_fixed<47,24,5,3,0>,8u>,config4>|  return value|
|start_full_n               |   in|    1|  ap_ctrl_hs|  normalize<array<ap_fixed,8u>,array<ap_fixed<47,24,5,3,0>,8u>,config4>|  return value|
|ap_done                    |  out|    1|  ap_ctrl_hs|  normalize<array<ap_fixed,8u>,array<ap_fixed<47,24,5,3,0>,8u>,config4>|  return value|
|ap_continue                |   in|    1|  ap_ctrl_hs|  normalize<array<ap_fixed,8u>,array<ap_fixed<47,24,5,3,0>,8u>,config4>|  return value|
|ap_idle                    |  out|    1|  ap_ctrl_hs|  normalize<array<ap_fixed,8u>,array<ap_fixed<47,24,5,3,0>,8u>,config4>|  return value|
|ap_ready                   |  out|    1|  ap_ctrl_hs|  normalize<array<ap_fixed,8u>,array<ap_fixed<47,24,5,3,0>,8u>,config4>|  return value|
|start_out                  |  out|    1|  ap_ctrl_hs|  normalize<array<ap_fixed,8u>,array<ap_fixed<47,24,5,3,0>,8u>,config4>|  return value|
|start_write                |  out|    1|  ap_ctrl_hs|  normalize<array<ap_fixed,8u>,array<ap_fixed<47,24,5,3,0>,8u>,config4>|  return value|
|layer2_out_dout            |   in|  240|     ap_fifo|                                                             layer2_out|       pointer|
|layer2_out_num_data_valid  |   in|   14|     ap_fifo|                                                             layer2_out|       pointer|
|layer2_out_fifo_cap        |   in|   14|     ap_fifo|                                                             layer2_out|       pointer|
|layer2_out_empty_n         |   in|    1|     ap_fifo|                                                             layer2_out|       pointer|
|layer2_out_read            |  out|    1|     ap_fifo|                                                             layer2_out|       pointer|
|layer4_out_din             |  out|  376|     ap_fifo|                                                             layer4_out|       pointer|
|layer4_out_num_data_valid  |   in|   14|     ap_fifo|                                                             layer4_out|       pointer|
|layer4_out_fifo_cap        |   in|   14|     ap_fifo|                                                             layer4_out|       pointer|
|layer4_out_full_n          |   in|    1|     ap_fifo|                                                             layer4_out|       pointer|
|layer4_out_write           |  out|    1|     ap_fifo|                                                             layer4_out|       pointer|
+---------------------------+-----+-----+------------+-----------------------------------------------------------------------+--------------+

