

================================================================
== Vitis HLS Report for 'normalize_array_ap_fixed_8u_array_ap_fixed_41_24_5_3_0_8u_config14_s'
================================================================
* Date:           Sun Mar 22 09:52:33 2026

* Version:        2023.2 (Build 4023990 on Oct 11 2023)
* Project:        myproject_prj
* Solution:       solution1 (Vivado IP Flow Target)
* Product family: zynquplus
* Target device:  xck26-sfvc784-2LV-c


================================================================
== Performance Estimates
================================================================
+ Timing: 
    * Summary: 
    +--------+---------+----------+------------+
    |  Clock |  Target | Estimated| Uncertainty|
    +--------+---------+----------+------------+
    |ap_clk  |  5.00 ns|  2.967 ns|     1.35 ns|
    +--------+---------+----------+------------+

+ Latency: 
    * Summary: 
    +---------+---------+----------+----------+-----+-----+---------+
    |  Latency (cycles) |  Latency (absolute) |  Interval | Pipeline|
    |   min   |   max   |    min   |    max   | min | max |   Type  |
    +---------+---------+----------+----------+-----+-----+---------+
    |       44|       44|  0.220 us|  0.220 us|   44|   44|       no|
    +---------+---------+----------+----------+-----+-----+---------+

    + Detail: 
        * Instance: 
        N/A

        * Loop: 
        +-----------------+---------+---------+----------+-----------+-----------+------+----------+
        |                 |  Latency (cycles) | Iteration|  Initiation Interval  | Trip |          |
        |    Loop Name    |   min   |   max   |  Latency |  achieved |   target  | Count| Pipelined|
        +-----------------+---------+---------+----------+-----------+-----------+------+----------+
        |- BatchNormLoop  |       42|       42|         4|          1|          1|    40|       yes|
        +-----------------+---------+---------+----------+-----------+-----------+------+----------+



================================================================
== Utilization Estimates
================================================================
* Summary: 
+-----------------+---------+------+--------+--------+-----+
|       Name      | BRAM_18K|  DSP |   FF   |   LUT  | URAM|
+-----------------+---------+------+--------+--------+-----+
|DSP              |        -|     -|       -|       -|    -|
|Expression       |        -|     -|       0|     374|    -|
|FIFO             |        -|     -|       -|       -|    -|
|Instance         |        -|     8|       0|     320|    -|
|Memory           |        -|     -|       -|       -|    -|
|Multiplexer      |        -|     -|       -|      63|    -|
|Register         |        -|     -|     492|       -|    -|
+-----------------+---------+------+--------+--------+-----+
|Total            |        0|     8|     492|     757|    0|
+-----------------+---------+------+--------+--------+-----+
|Available        |      288|  1248|  234240|  117120|   64|
+-----------------+---------+------+--------+--------+-----+
|Utilization (%)  |        0|    ~0|      ~0|      ~0|    0|
+-----------------+---------+------+--------+--------+-----+

+ Detail: 
    * Instance: 
    +--------------------------+---------------------+---------+----+---+----+-----+
    |         Instance         |        Module       | BRAM_18K| DSP| FF| LUT| URAM|
    +--------------------------+---------------------+---------+----+---+----+-----+
    |mul_24s_12ns_35_1_1_U541  |mul_24s_12ns_35_1_1  |        0|   1|  0|  40|    0|
    |mul_24s_12ns_35_1_1_U543  |mul_24s_12ns_35_1_1  |        0|   1|  0|  40|    0|
    |mul_24s_13ns_36_1_1_U539  |mul_24s_13ns_36_1_1  |        0|   1|  0|  40|    0|
    |mul_24s_13ns_36_1_1_U540  |mul_24s_13ns_36_1_1  |        0|   1|  0|  40|    0|
    |mul_24s_13ns_36_1_1_U542  |mul_24s_13ns_36_1_1  |        0|   1|  0|  40|    0|
    |mul_24s_13ns_36_1_1_U544  |mul_24s_13ns_36_1_1  |        0|   1|  0|  40|    0|
    |mul_24s_13ns_36_1_1_U545  |mul_24s_13ns_36_1_1  |        0|   1|  0|  40|    0|
    |mul_24s_13ns_36_1_1_U546  |mul_24s_13ns_36_1_1  |        0|   1|  0|  40|    0|
    +--------------------------+---------------------+---------+----+---+----+-----+
    |Total                     |                     |        0|   8|  0| 320|    0|
    +--------------------------+---------------------+---------+----+---+----+-----+

    * DSP: 
    N/A

    * Memory: 
    N/A

    * FIFO: 
    N/A

    * Expression: 
    +---------------------------+----------+----+---+----+------------+------------+
    |       Variable Name       | Operation| DSP| FF| LUT| Bitwidth P0| Bitwidth P1|
    +---------------------------+----------+----+---+----+------------+------------+
    |add_ln42_15_fu_10889_p2    |         +|   0|  0|  42|          35|          18|
    |add_ln42_16_fu_10899_p2    |         +|   0|  0|  43|          36|          19|
    |add_ln42_17_fu_10909_p2    |         +|   0|  0|  43|          36|          20|
    |add_ln42_18_fu_10919_p2    |         +|   0|  0|  43|          36|          19|
    |add_ln42_19_fu_10929_p2    |         +|   0|  0|  43|          36|          18|
    |add_ln42_20_fu_10939_p2    |         +|   0|  0|  43|          36|          20|
    |add_ln42_21_fu_10949_p2    |         +|   0|  0|  42|          35|          18|
    |add_ln42_fu_10879_p2       |         +|   0|  0|  43|          36|          18|
    |i_15_fu_10762_p2           |         +|   0|  0|  13|           6|           1|
    |ap_condition_150           |       and|   0|  0|   2|           1|           1|
    |icmp_ln25_fu_10756_p2      |      icmp|   0|  0|  13|           6|           6|
    |ap_block_pp0_stage0_01001  |        or|   0|  0|   2|           1|           1|
    |ap_enable_pp0              |       xor|   0|  0|   2|           1|           2|
    +---------------------------+----------+----+---+----+------------+------------+
    |Total                      |          |   0|  0| 374|         301|         161|
    +---------------------------+----------+----+---+----+------------+------------+

    * Multiplexer: 
    +-------------------------+----+-----------+-----+-----------+
    |           Name          | LUT| Input Size| Bits| Total Bits|
    +-------------------------+----+-----------+-----+-----------+
    |ap_done_int              |   9|          2|    1|          2|
    |ap_enable_reg_pp0_iter1  |   9|          2|    1|          2|
    |ap_sig_allocacmp_i       |   9|          2|    6|         12|
    |i_02_fu_106              |   9|          2|    6|         12|
    |layer12_out_blk_n        |   9|          2|    1|          2|
    |layer14_out_blk_n        |   9|          2|    1|          2|
    |real_start               |   9|          2|    1|          2|
    +-------------------------+----+-----------+-----+-----------+
    |Total                    |  63|         14|   17|         34|
    +-------------------------+----+-----------+-----+-----------+

    * Register: 
    +----------------------------------+----+----+-----+-----------+
    |               Name               | FF | LUT| Bits| Const Bits|
    +----------------------------------+----+----+-----+-----------+
    |a_11_reg_10996                    |  24|   0|   24|          0|
    |a_1_reg_11026                     |  24|   0|   24|          0|
    |a_5_reg_11001                     |  24|   0|   24|          0|
    |a_6_reg_11006                     |  24|   0|   24|          0|
    |a_7_reg_11011                     |  24|   0|   24|          0|
    |a_8_reg_11016                     |  24|   0|   24|          0|
    |a_9_reg_11021                     |  24|   0|   24|          0|
    |a_reg_10991                       |  24|   0|   24|          0|
    |ap_CS_fsm                         |   1|   0|    1|          0|
    |ap_done_reg                       |   1|   0|    1|          0|
    |ap_enable_reg_pp0_iter1           |   1|   0|    1|          0|
    |ap_enable_reg_pp0_iter2           |   1|   0|    1|          0|
    |ap_enable_reg_pp0_iter3           |   1|   0|    1|          0|
    |ap_loop_exit_ready_pp0_iter1_reg  |   1|   0|    1|          0|
    |ap_loop_exit_ready_pp0_iter2_reg  |   1|   0|    1|          0|
    |i_02_fu_106                       |   6|   0|    6|          0|
    |mul_ln42_15_reg_10719             |  35|   0|   35|          0|
    |mul_ln42_16_reg_10723             |  36|   0|   36|          0|
    |mul_ln42_17_reg_10727             |  36|   0|   36|          0|
    |mul_ln42_18_reg_10731             |  36|   0|   36|          0|
    |mul_ln42_19_reg_10735             |  36|   0|   36|          0|
    |mul_ln42_20_reg_10739             |  36|   0|   36|          0|
    |mul_ln42_21_reg_10743             |  35|   0|   35|          0|
    |mul_ln42_reg_10715                |  36|   0|   36|          0|
    |start_once_reg                    |   1|   0|    1|          0|
    +----------------------------------+----+----+-----+-----------+
    |Total                             | 492|   0|  492|          0|
    +----------------------------------+----+----+-----+-----------+



================================================================
== Interface
================================================================
* Summary: 
+----------------------------+-----+-----+------------+------------------------------------------------------------------------+--------------+
|          RTL Ports         | Dir | Bits|  Protocol  |                              Source Object                             |    C Type    |
+----------------------------+-----+-----+------------+------------------------------------------------------------------------+--------------+
|ap_clk                      |   in|    1|  ap_ctrl_hs|  normalize<array<ap_fixed,8u>,array<ap_fixed<41,24,5,3,0>,8u>,config14>|  return value|
|ap_rst                      |   in|    1|  ap_ctrl_hs|  normalize<array<ap_fixed,8u>,array<ap_fixed<41,24,5,3,0>,8u>,config14>|  return value|
|ap_start                    |   in|    1|  ap_ctrl_hs|  normalize<array<ap_fixed,8u>,array<ap_fixed<41,24,5,3,0>,8u>,config14>|  return value|
|start_full_n                |   in|    1|  ap_ctrl_hs|  normalize<array<ap_fixed,8u>,array<ap_fixed<41,24,5,3,0>,8u>,config14>|  return value|
|ap_done                     |  out|    1|  ap_ctrl_hs|  normalize<array<ap_fixed,8u>,array<ap_fixed<41,24,5,3,0>,8u>,config14>|  return value|
|ap_continue                 |   in|    1|  ap_ctrl_hs|  normalize<array<ap_fixed,8u>,array<ap_fixed<41,24,5,3,0>,8u>,config14>|  return value|
|ap_idle                     |  out|    1|  ap_ctrl_hs|  normalize<array<ap_fixed,8u>,array<ap_fixed<41,24,5,3,0>,8u>,config14>|  return value|
|ap_ready                    |  out|    1|  ap_ctrl_hs|  normalize<array<ap_fixed,8u>,array<ap_fixed<41,24,5,3,0>,8u>,config14>|  return value|
|start_out                   |  out|    1|  ap_ctrl_hs|  normalize<array<ap_fixed,8u>,array<ap_fixed<41,24,5,3,0>,8u>,config14>|  return value|
|start_write                 |  out|    1|  ap_ctrl_hs|  normalize<array<ap_fixed,8u>,array<ap_fixed<41,24,5,3,0>,8u>,config14>|  return value|
|layer12_out_dout            |   in|  192|     ap_fifo|                                                             layer12_out|       pointer|
|layer12_out_num_data_valid  |   in|    7|     ap_fifo|                                                             layer12_out|       pointer|
|layer12_out_fifo_cap        |   in|    7|     ap_fifo|                                                             layer12_out|       pointer|
|layer12_out_empty_n         |   in|    1|     ap_fifo|                                                             layer12_out|       pointer|
|layer12_out_read            |  out|    1|     ap_fifo|                                                             layer12_out|       pointer|
|layer14_out_din             |  out|  328|     ap_fifo|                                                             layer14_out|       pointer|
|layer14_out_num_data_valid  |   in|    7|     ap_fifo|                                                             layer14_out|       pointer|
|layer14_out_fifo_cap        |   in|    7|     ap_fifo|                                                             layer14_out|       pointer|
|layer14_out_full_n          |   in|    1|     ap_fifo|                                                             layer14_out|       pointer|
|layer14_out_write           |  out|    1|     ap_fifo|                                                             layer14_out|       pointer|
+----------------------------+-----+-----+------------+------------------------------------------------------------------------+--------------+

