

================================================================
== Vitis HLS Report for 'pooling2d_cl_array_ap_ufixed_8u_array_ap_ufixed_8_4_4_0_0_8u_config6_s'
================================================================
* Date:           Sun Mar 22 09:52:24 2026

* Version:        2023.2 (Build 4023990 on Oct 11 2023)
* Project:        myproject_prj
* Solution:       solution1 (Vivado IP Flow Target)
* Product family: zynquplus
* Target device:  xck26-sfvc784-2LV-c


================================================================
== Performance Estimates
================================================================
+ Timing: 
    * Summary: 
    +--------+---------+----------+------------+
    |  Clock |  Target | Estimated| Uncertainty|
    +--------+---------+----------+------------+
    |ap_clk  |  5.00 ns|  2.746 ns|     1.35 ns|
    +--------+---------+----------+------------+

+ Latency: 
    * Summary: 
    +---------+---------+-----------+-----------+------+------+---------+
    |  Latency (cycles) |   Latency (absolute)  |   Interval  | Pipeline|
    |   min   |   max   |    min    |    max    |  min |  max |   Type  |
    +---------+---------+-----------+-----------+------+------+---------+
    |     2563|     2563|  12.815 us|  12.815 us|  2563|  2563|       no|
    +---------+---------+-----------+-----------+------+------+---------+

    + Detail: 
        * Instance: 
        +---------------------------------------------------------------------------+----------------------------------------------------------+---------+---------+----------+----------+-----+-----+---------+
        |                                                                           |                                                          |  Latency (cycles) |  Latency (absolute) |  Interval | Pipeline|
        |                                  Instance                                 |                          Module                          |   min   |   max   |    min   |    max   | min | max |   Type  |
        +---------------------------------------------------------------------------+----------------------------------------------------------+---------+---------+----------+----------+-----+-----+---------+
        |call_ln52_shift_line_buffer_array_ap_ufixed_8_4_4_0_0_8u_config6_s_fu_202  |shift_line_buffer_array_ap_ufixed_8_4_4_0_0_8u_config6_s  |        0|        0|      0 ns|      0 ns|    1|    1|      yes|
        +---------------------------------------------------------------------------+----------------------------------------------------------+---------+---------+----------+----------+-----+-----+---------+

        * Loop: 
        +----------------------------------+---------+---------+----------+-----------+-----------+------+----------+
        |                                  |  Latency (cycles) | Iteration|  Initiation Interval  | Trip |          |
        |             Loop Name            |   min   |   max   |  Latency |  achieved |   target  | Count| Pipelined|
        +----------------------------------+---------+---------+----------+-----------+-----------+------+----------+
        |- ReadInputHeight_ReadInputWidth  |     2561|     2561|         4|          2|          1|  1280|       yes|
        +----------------------------------+---------+---------+----------+-----------+-----------+------+----------+



================================================================
== Utilization Estimates
================================================================
* Summary: 
+-----------------+---------+------+--------+--------+-----+
|       Name      | BRAM_18K|  DSP |   FF   |   LUT  | URAM|
+-----------------+---------+------+--------+--------+-----+
|DSP              |        -|     -|       -|       -|    -|
|Expression       |        -|     -|       0|    1333|    -|
|FIFO             |        -|     -|       -|       -|    -|
|Instance         |        -|     -|     513|     400|    -|
|Memory           |        -|     -|       -|       -|    -|
|Multiplexer      |        -|     -|       -|     122|    -|
|Register         |        -|     -|     504|       -|    -|
+-----------------+---------+------+--------+--------+-----+
|Total            |        0|     0|    1017|    1855|    0|
+-----------------+---------+------+--------+--------+-----+
|Available        |      288|  1248|  234240|  117120|   64|
+-----------------+---------+------+--------+--------+-----+
|Utilization (%)  |        0|     0|      ~0|       1|    0|
+-----------------+---------+------+--------+--------+-----+

+ Detail: 
    * Instance: 
    +---------------------------------------------------------------------------+----------------------------------------------------------+---------+----+-----+-----+-----+
    |                                  Instance                                 |                          Module                          | BRAM_18K| DSP|  FF | LUT | URAM|
    +---------------------------------------------------------------------------+----------------------------------------------------------+---------+----+-----+-----+-----+
    |call_ln52_shift_line_buffer_array_ap_ufixed_8_4_4_0_0_8u_config6_s_fu_202  |shift_line_buffer_array_ap_ufixed_8_4_4_0_0_8u_config6_s  |        0|   0|  513|  400|    0|
    +---------------------------------------------------------------------------+----------------------------------------------------------+---------+----+-----+-----+-----+
    |Total                                                                      |                                                          |        0|   0|  513|  400|    0|
    +---------------------------------------------------------------------------+----------------------------------------------------------+---------+----+-----+-----+-----+

    * DSP: 
    N/A

    * Memory: 
    N/A

    * FIFO: 
    N/A

    * Expression: 
    +------------------------------------------+----------+----+---+----+------------+------------+
    |               Variable Name              | Operation| DSP| FF| LUT| Bitwidth P0| Bitwidth P1|
    +------------------------------------------+----------+----+---+----+------------+------------+
    |add_ln109_fu_308_p2                       |         +|   0|  0|  18|          11|           1|
    |add_ln76_fu_366_p2                        |         +|   0|  0|  39|          32|           1|
    |add_ln80_fu_420_p2                        |         +|   0|  0|  39|          32|           1|
    |add_ln86_fu_456_p2                        |         +|   0|  0|  39|          32|          32|
    |add_ln91_fu_392_p2                        |         +|   0|  0|  39|          32|          32|
    |and_ln55_1_fu_360_p2                      |       and|   0|  0|   2|           1|           1|
    |and_ln55_fu_354_p2                        |       and|   0|  0|   2|           1|           1|
    |ap_block_state2_pp0_stage1_iter0          |       and|   0|  0|   2|           1|           1|
    |ap_block_state4_pp0_stage1_iter1          |       and|   0|  0|   2|           1|           1|
    |ap_condition_306                          |       and|   0|  0|   2|           1|           1|
    |ap_condition_322                          |       and|   0|  0|   2|           1|           1|
    |ap_condition_586                          |       and|   0|  0|   2|           1|           1|
    |ap_predicate_op221_write_state4           |       and|   0|  0|   2|           1|           1|
    |icmp_ln109_fu_302_p2                      |      icmp|   0|  0|  18|          11|          11|
    |icmp_ln55_1_fu_332_p2                     |      icmp|   0|  0|  39|          32|           1|
    |icmp_ln55_2_fu_342_p2                     |      icmp|   0|  0|  39|          32|           1|
    |icmp_ln55_3_fu_348_p2                     |      icmp|   0|  0|  39|          32|           1|
    |icmp_ln55_fu_318_p2                       |      icmp|   0|  0|  39|          32|           1|
    |icmp_ln66_10_fu_649_p2                    |      icmp|   0|  0|  21|          14|          14|
    |icmp_ln66_11_fu_737_p2                    |      icmp|   0|  0|  21|          14|          14|
    |icmp_ln66_12_fu_757_p2                    |      icmp|   0|  0|  21|          14|          14|
    |icmp_ln66_13_fu_777_p2                    |      icmp|   0|  0|  21|          14|          14|
    |icmp_ln66_14_fu_865_p2                    |      icmp|   0|  0|  21|          14|          14|
    |icmp_ln66_15_fu_885_p2                    |      icmp|   0|  0|  21|          14|          14|
    |icmp_ln66_16_fu_905_p2                    |      icmp|   0|  0|  21|          14|          14|
    |icmp_ln66_17_fu_993_p2                    |      icmp|   0|  0|  21|          14|          14|
    |icmp_ln66_18_fu_1013_p2                   |      icmp|   0|  0|  21|          14|          14|
    |icmp_ln66_19_fu_1033_p2                   |      icmp|   0|  0|  21|          14|          14|
    |icmp_ln66_20_fu_1121_p2                   |      icmp|   0|  0|  21|          14|          14|
    |icmp_ln66_21_fu_1141_p2                   |      icmp|   0|  0|  21|          14|          14|
    |icmp_ln66_22_fu_1161_p2                   |      icmp|   0|  0|  21|          14|          14|
    |icmp_ln66_23_fu_1249_p2                   |      icmp|   0|  0|  21|          14|          14|
    |icmp_ln66_24_fu_1269_p2                   |      icmp|   0|  0|  21|          14|          14|
    |icmp_ln66_25_fu_1289_p2                   |      icmp|   0|  0|  21|          14|          14|
    |icmp_ln66_26_fu_1377_p2                   |      icmp|   0|  0|  21|          14|          14|
    |icmp_ln66_27_fu_1397_p2                   |      icmp|   0|  0|  21|          14|          14|
    |icmp_ln66_28_fu_1417_p2                   |      icmp|   0|  0|  21|          14|          14|
    |icmp_ln66_29_fu_1505_p2                   |      icmp|   0|  0|  21|          14|          14|
    |icmp_ln66_30_fu_1525_p2                   |      icmp|   0|  0|  21|          14|          14|
    |icmp_ln66_31_fu_1545_p2                   |      icmp|   0|  0|  21|          14|          14|
    |icmp_ln66_9_fu_629_p2                     |      icmp|   0|  0|  21|          14|          14|
    |icmp_ln66_fu_609_p2                       |      icmp|   0|  0|  21|          14|          14|
    |icmp_ln76_fu_372_p2                       |      icmp|   0|  0|  39|          32|           7|
    |icmp_ln80_fu_426_p2                       |      icmp|   0|  0|  39|          32|           5|
    |icmp_ln86_fu_442_p2                       |      icmp|   0|  0|  39|          32|           1|
    |ap_block_pp0_stage0_11001                 |        or|   0|  0|   2|           1|           1|
    |ap_block_pp0_stage1_01001                 |        or|   0|  0|   2|           1|           1|
    |ap_block_pp0_stage1_11001_ignoreCallOp64  |        or|   0|  0|   2|           1|           1|
    |res_pack_1_fu_809_p3                      |    select|   0|  0|   8|           1|           8|
    |res_pack_2_fu_937_p3                      |    select|   0|  0|   8|           1|           8|
    |res_pack_3_fu_1065_p3                     |    select|   0|  0|   8|           1|           8|
    |res_pack_4_fu_1193_p3                     |    select|   0|  0|   8|           1|           8|
    |res_pack_5_fu_1321_p3                     |    select|   0|  0|   8|           1|           8|
    |res_pack_6_fu_1449_p3                     |    select|   0|  0|   8|           1|           8|
    |res_pack_7_fu_1577_p3                     |    select|   0|  0|   8|           1|           8|
    |res_pack_fu_681_p3                        |    select|   0|  0|   8|           1|           8|
    |select_ln0_10_fu_1261_p3                  |    select|   0|  0|  14|           1|          14|
    |select_ln0_11_fu_1281_p3                  |    select|   0|  0|  14|           1|          14|
    |select_ln0_12_fu_1389_p3                  |    select|   0|  0|  14|           1|          14|
    |select_ln0_13_fu_1409_p3                  |    select|   0|  0|  14|           1|          14|
    |select_ln0_14_fu_1517_p3                  |    select|   0|  0|  14|           1|          14|
    |select_ln0_15_fu_1537_p3                  |    select|   0|  0|  14|           1|          14|
    |select_ln0_1_fu_641_p3                    |    select|   0|  0|  14|           1|          14|
    |select_ln0_2_fu_749_p3                    |    select|   0|  0|  14|           1|          14|
    |select_ln0_3_fu_769_p3                    |    select|   0|  0|  14|           1|          14|
    |select_ln0_4_fu_877_p3                    |    select|   0|  0|  14|           1|          14|
    |select_ln0_5_fu_897_p3                    |    select|   0|  0|  14|           1|          14|
    |select_ln0_6_fu_1005_p3                   |    select|   0|  0|  14|           1|          14|
    |select_ln0_7_fu_1025_p3                   |    select|   0|  0|  14|           1|          14|
    |select_ln0_8_fu_1133_p3                   |    select|   0|  0|  14|           1|          14|
    |select_ln0_9_fu_1153_p3                   |    select|   0|  0|  14|           1|          14|
    |select_ln0_fu_621_p3                      |    select|   0|  0|  14|           1|          14|
    |select_ln86_fu_448_p3                     |    select|   0|  0|   2|           1|           2|
    |select_ln91_fu_384_p3                     |    select|   0|  0|   2|           1|           2|
    |ap_enable_pp0                             |       xor|   0|  0|   2|           1|           2|
    |xor_ln66_10_fu_655_p2                     |       xor|   0|  0|   2|           1|           2|
    |xor_ln66_11_fu_743_p2                     |       xor|   0|  0|   2|           1|           2|
    |xor_ln66_12_fu_763_p2                     |       xor|   0|  0|   2|           1|           2|
    |xor_ln66_13_fu_783_p2                     |       xor|   0|  0|   2|           1|           2|
    |xor_ln66_14_fu_871_p2                     |       xor|   0|  0|   2|           1|           2|
    |xor_ln66_15_fu_891_p2                     |       xor|   0|  0|   2|           1|           2|
    |xor_ln66_16_fu_911_p2                     |       xor|   0|  0|   2|           1|           2|
    |xor_ln66_17_fu_999_p2                     |       xor|   0|  0|   2|           1|           2|
    |xor_ln66_18_fu_1019_p2                    |       xor|   0|  0|   2|           1|           2|
    |xor_ln66_19_fu_1039_p2                    |       xor|   0|  0|   2|           1|           2|
    |xor_ln66_20_fu_1127_p2                    |       xor|   0|  0|   2|           1|           2|
    |xor_ln66_21_fu_1147_p2                    |       xor|   0|  0|   2|           1|           2|
    |xor_ln66_22_fu_1167_p2                    |       xor|   0|  0|   2|           1|           2|
    |xor_ln66_23_fu_1255_p2                    |       xor|   0|  0|   2|           1|           2|
    |xor_ln66_24_fu_1275_p2                    |       xor|   0|  0|   2|           1|           2|
    |xor_ln66_25_fu_1295_p2                    |       xor|   0|  0|   2|           1|           2|
    |xor_ln66_26_fu_1383_p2                    |       xor|   0|  0|   2|           1|           2|
    |xor_ln66_27_fu_1403_p2                    |       xor|   0|  0|   2|           1|           2|
    |xor_ln66_28_fu_1423_p2                    |       xor|   0|  0|   2|           1|           2|
    |xor_ln66_29_fu_1511_p2                    |       xor|   0|  0|   2|           1|           2|
    |xor_ln66_30_fu_1531_p2                    |       xor|   0|  0|   2|           1|           2|
    |xor_ln66_31_fu_1551_p2                    |       xor|   0|  0|   2|           1|           2|
    |xor_ln66_9_fu_635_p2                      |       xor|   0|  0|   2|           1|           2|
    |xor_ln66_fu_615_p2                        |       xor|   0|  0|   2|           1|           2|
    +------------------------------------------+----------+----+---+----+------------+------------+
    |Total                                     |          |   0|  0|1333|         772|         784|
    +------------------------------------------+----------+----+---+----+------------+------------+

    * Multiplexer: 
    +-----------------------------------------+----+-----------+-----+-----------+
    |                   Name                  | LUT| Input Size| Bits| Total Bits|
    +-----------------------------------------+----+-----------+-----+-----------+
    |ap_NS_fsm                                |  14|          3|    1|          3|
    |ap_done_int                              |   9|          2|    1|          2|
    |ap_enable_reg_pp0_iter0                  |   9|          2|    1|          2|
    |ap_enable_reg_pp0_iter1                  |   9|          2|    1|          2|
    |ap_phi_reg_pp0_iter0_storemerge_reg_191  |   9|          2|   32|         64|
    |ap_sig_allocacmp_indvar_flatten_load     |   9|          2|   11|         22|
    |indvar_flatten_fu_174                    |   9|          2|   11|         22|
    |layer5_out_blk_n                         |   9|          2|    1|          2|
    |layer6_out_blk_n                         |   9|          2|    1|          2|
    |pX                                       |   9|          2|   32|         64|
    |pY                                       |   9|          2|   32|         64|
    |real_start                               |   9|          2|    1|          2|
    |sX                                       |   9|          2|   32|         64|
    +-----------------------------------------+----+-----------+-----+-----------+
    |Total                                    | 122|         27|  157|        315|
    +-----------------------------------------+----+-----------+-----+-----------+

    * Register: 
    +----------------------------------------------------------------------------------------+----+----+-----+-----------+
    |                                          Name                                          | FF | LUT| Bits| Const Bits|
    +----------------------------------------------------------------------------------------+----+----+-----+-----------+
    |and_ln55_1_reg_1613                                                                     |   1|   0|    1|          0|
    |and_ln55_1_reg_1613_pp0_iter1_reg                                                       |   1|   0|    1|          0|
    |ap_CS_fsm                                                                               |   2|   0|    2|          0|
    |ap_done_reg                                                                             |   1|   0|    1|          0|
    |ap_enable_reg_pp0_iter0_reg                                                             |   1|   0|    1|          0|
    |ap_enable_reg_pp0_iter1                                                                 |   1|   0|    1|          0|
    |ap_phi_reg_pp0_iter0_storemerge_reg_191                                                 |  32|   0|   32|          0|
    |call_ln52_shift_line_buffer_array_ap_ufixed_8_4_4_0_0_8u_config6_s_fu_202_ap_start_reg  |   1|   0|    1|          0|
    |icmp_ln109_reg_1605                                                                     |   1|   0|    1|          0|
    |icmp_ln55_reg_1609                                                                      |   1|   0|    1|          0|
    |icmp_ln55_reg_1609_pp0_iter1_reg                                                        |   1|   0|    1|          0|
    |icmp_ln76_reg_1617                                                                      |   1|   0|    1|          0|
    |indvar_flatten_fu_174                                                                   |  11|   0|   11|          0|
    |pX                                                                                      |  32|   0|   32|          0|
    |pY                                                                                      |  32|   0|   32|          0|
    |p_ZZN4nnet22compute_pool_buffer_2dINS_5arrayI9ap_ufixedILi8ELi4EL9ap_q_mode4EL9ap_225   |   8|   0|    8|          0|
    |p_ZZN4nnet22compute_pool_buffer_2dINS_5arrayI9ap_ufixedILi8ELi4EL9ap_q_mode4EL9ap_226   |   8|   0|    8|          0|
    |p_ZZN4nnet22compute_pool_buffer_2dINS_5arrayI9ap_ufixedILi8ELi4EL9ap_q_mode4EL9ap_227   |   8|   0|    8|          0|
    |p_ZZN4nnet22compute_pool_buffer_2dINS_5arrayI9ap_ufixedILi8ELi4EL9ap_q_mode4EL9ap_228   |   8|   0|    8|          0|
    |p_ZZN4nnet22compute_pool_buffer_2dINS_5arrayI9ap_ufixedILi8ELi4EL9ap_q_mode4EL9ap_229   |   8|   0|    8|          0|
    |p_ZZN4nnet22compute_pool_buffer_2dINS_5arrayI9ap_ufixedILi8ELi4EL9ap_q_mode4EL9ap_230   |   8|   0|    8|          0|
    |p_ZZN4nnet22compute_pool_buffer_2dINS_5arrayI9ap_ufixedILi8ELi4EL9ap_q_mode4EL9ap_231   |   8|   0|    8|          0|
    |p_ZZN4nnet22compute_pool_buffer_2dINS_5arrayI9ap_ufixedILi8ELi4EL9ap_q_mode4EL9ap_232   |   8|   0|    8|          0|
    |p_ZZN4nnet22compute_pool_buffer_2dINS_5arrayI9ap_ufixedILi8ELi4EL9ap_q_mode4EL9ap_233   |   8|   0|    8|          0|
    |p_ZZN4nnet22compute_pool_buffer_2dINS_5arrayI9ap_ufixedILi8ELi4EL9ap_q_mode4EL9ap_234   |   8|   0|    8|          0|
    |p_ZZN4nnet22compute_pool_buffer_2dINS_5arrayI9ap_ufixedILi8ELi4EL9ap_q_mode4EL9ap_235   |   8|   0|    8|          0|
    |p_ZZN4nnet22compute_pool_buffer_2dINS_5arrayI9ap_ufixedILi8ELi4EL9ap_q_mode4EL9ap_236   |   8|   0|    8|          0|
    |p_ZZN4nnet22compute_pool_buffer_2dINS_5arrayI9ap_ufixedILi8ELi4EL9ap_q_mode4EL9ap_237   |   8|   0|    8|          0|
    |p_ZZN4nnet22compute_pool_buffer_2dINS_5arrayI9ap_ufixedILi8ELi4EL9ap_q_mode4EL9ap_238   |   8|   0|    8|          0|
    |p_ZZN4nnet22compute_pool_buffer_2dINS_5arrayI9ap_ufixedILi8ELi4EL9ap_q_mode4EL9ap_239   |   8|   0|    8|          0|
    |p_ZZN4nnet22compute_pool_buffer_2dINS_5arrayI9ap_ufixedILi8ELi4EL9ap_q_mode4EL9ap_240   |   8|   0|    8|          0|
    |p_ZZN4nnet22compute_pool_buffer_2dINS_5arrayI9ap_ufixedILi8ELi4EL9ap_q_mode4EL9ap_241   |   8|   0|    8|          0|
    |p_ZZN4nnet22compute_pool_buffer_2dINS_5arrayI9ap_ufixedILi8ELi4EL9ap_q_mode4EL9ap_242   |   8|   0|    8|          0|
    |p_ZZN4nnet22compute_pool_buffer_2dINS_5arrayI9ap_ufixedILi8ELi4EL9ap_q_mode4EL9ap_243   |   8|   0|    8|          0|
    |p_ZZN4nnet22compute_pool_buffer_2dINS_5arrayI9ap_ufixedILi8ELi4EL9ap_q_mode4EL9ap_244   |   8|   0|    8|          0|
    |p_ZZN4nnet22compute_pool_buffer_2dINS_5arrayI9ap_ufixedILi8ELi4EL9ap_q_mode4EL9ap_245   |   8|   0|    8|          0|
    |p_ZZN4nnet22compute_pool_buffer_2dINS_5arrayI9ap_ufixedILi8ELi4EL9ap_q_mode4EL9ap_246   |   8|   0|    8|          0|
    |res_pack_1_reg_1635                                                                     |   8|   0|    8|          0|
    |res_pack_2_reg_1640                                                                     |   8|   0|    8|          0|
    |res_pack_3_reg_1645                                                                     |   8|   0|    8|          0|
    |res_pack_4_reg_1650                                                                     |   8|   0|    8|          0|
    |res_pack_5_reg_1655                                                                     |   8|   0|    8|          0|
    |res_pack_6_reg_1660                                                                     |   8|   0|    8|          0|
    |res_pack_7_reg_1665                                                                     |   8|   0|    8|          0|
    |res_pack_reg_1630                                                                       |   8|   0|    8|          0|
    |sX                                                                                      |  32|   0|   32|          0|
    |sY                                                                                      |  32|   0|   32|          0|
    |start_once_reg                                                                          |   1|   0|    1|          0|
    |void_compute_pool_buffer_2d_array_const_ap_shift_reg_n_filt_stream_kernel               |   8|   0|    8|          0|
    |void_compute_pool_buffer_2d_array_const_ap_shift_reg_n_filt_stream_kernel_1             |   8|   0|    8|          0|
    |void_compute_pool_buffer_2d_array_const_ap_shift_reg_n_filt_stream_kernel_2             |   8|   0|    8|          0|
    |void_compute_pool_buffer_2d_array_const_ap_shift_reg_n_filt_stream_kernel_3             |   8|   0|    8|          0|
    |void_compute_pool_buffer_2d_array_const_ap_shift_reg_n_filt_stream_kernel_4             |   8|   0|    8|          0|
    |void_compute_pool_buffer_2d_array_const_ap_shift_reg_n_filt_stream_kernel_5             |   8|   0|    8|          0|
    |void_compute_pool_buffer_2d_array_const_ap_shift_reg_n_filt_stream_kernel_6             |   8|   0|    8|          0|
    |void_compute_pool_buffer_2d_array_const_ap_shift_reg_n_filt_stream_kernel_7             |   8|   0|    8|          0|
    |void_compute_pool_buffer_2d_array_const_ap_shift_reg_n_filt_stream_kernel_8             |   8|   0|    8|          0|
    |void_compute_pool_buffer_2d_array_const_ap_shift_reg_n_filt_stream_kernel_9             |   8|   0|    8|          0|
    +----------------------------------------------------------------------------------------+----+----+-----+-----------+
    |Total                                                                                   | 504|   0|  504|          0|
    +----------------------------------------------------------------------------------------+----+----+-----+-----------+



================================================================
== Interface
================================================================
* Summary: 
+---------------------------+-----+-----+------------+--------------------------------------------------------------------------+--------------+
|         RTL Ports         | Dir | Bits|  Protocol  |                               Source Object                              |    C Type    |
+---------------------------+-----+-----+------------+--------------------------------------------------------------------------+--------------+
|ap_clk                     |   in|    1|  ap_ctrl_hs|  pooling2d_cl<array<ap_ufixed,8u>,array<ap_ufixed<8,4,4,0,0>,8u>,config6>|  return value|
|ap_rst                     |   in|    1|  ap_ctrl_hs|  pooling2d_cl<array<ap_ufixed,8u>,array<ap_ufixed<8,4,4,0,0>,8u>,config6>|  return value|
|ap_start                   |   in|    1|  ap_ctrl_hs|  pooling2d_cl<array<ap_ufixed,8u>,array<ap_ufixed<8,4,4,0,0>,8u>,config6>|  return value|
|start_full_n               |   in|    1|  ap_ctrl_hs|  pooling2d_cl<array<ap_ufixed,8u>,array<ap_ufixed<8,4,4,0,0>,8u>,config6>|  return value|
|ap_done                    |  out|    1|  ap_ctrl_hs|  pooling2d_cl<array<ap_ufixed,8u>,array<ap_ufixed<8,4,4,0,0>,8u>,config6>|  return value|
|ap_continue                |   in|    1|  ap_ctrl_hs|  pooling2d_cl<array<ap_ufixed,8u>,array<ap_ufixed<8,4,4,0,0>,8u>,config6>|  return value|
|ap_idle                    |  out|    1|  ap_ctrl_hs|  pooling2d_cl<array<ap_ufixed,8u>,array<ap_ufixed<8,4,4,0,0>,8u>,config6>|  return value|
|ap_ready                   |  out|    1|  ap_ctrl_hs|  pooling2d_cl<array<ap_ufixed,8u>,array<ap_ufixed<8,4,4,0,0>,8u>,config6>|  return value|
|start_out                  |  out|    1|  ap_ctrl_hs|  pooling2d_cl<array<ap_ufixed,8u>,array<ap_ufixed<8,4,4,0,0>,8u>,config6>|  return value|
|start_write                |  out|    1|  ap_ctrl_hs|  pooling2d_cl<array<ap_ufixed,8u>,array<ap_ufixed<8,4,4,0,0>,8u>,config6>|  return value|
|layer5_out_dout            |   in|   64|     ap_fifo|                                                                layer5_out|       pointer|
|layer5_out_num_data_valid  |   in|   12|     ap_fifo|                                                                layer5_out|       pointer|
|layer5_out_fifo_cap        |   in|   12|     ap_fifo|                                                                layer5_out|       pointer|
|layer5_out_empty_n         |   in|    1|     ap_fifo|                                                                layer5_out|       pointer|
|layer5_out_read            |  out|    1|     ap_fifo|                                                                layer5_out|       pointer|
|layer6_out_din             |  out|   64|     ap_fifo|                                                                layer6_out|       pointer|
|layer6_out_num_data_valid  |   in|   10|     ap_fifo|                                                                layer6_out|       pointer|
|layer6_out_fifo_cap        |   in|   10|     ap_fifo|                                                                layer6_out|       pointer|
|layer6_out_full_n          |   in|    1|     ap_fifo|                                                                layer6_out|       pointer|
|layer6_out_write           |  out|    1|     ap_fifo|                                                                layer6_out|       pointer|
+---------------------------+-----+-----+------------+--------------------------------------------------------------------------+--------------+

