

================================================================
== Vitis HLS Report for 'relu_array_ap_fixed_8u_array_ap_ufixed_8_4_4_0_0_8u_relu_config5_s'
================================================================
* Date:           Sat Mar 21 19:23:42 2026

* Version:        2023.2 (Build 4023990 on Oct 11 2023)
* Project:        myproject_prj
* Solution:       solution1 (Vivado IP Flow Target)
* Product family: zynquplus
* Target device:  xck26-sfvc784-2LV-c


================================================================
== Performance Estimates
================================================================
+ Timing: 
    * Summary: 
    +--------+---------+----------+------------+
    |  Clock |  Target | Estimated| Uncertainty|
    +--------+---------+----------+------------+
    |ap_clk  |  5.00 ns|  3.388 ns|     1.35 ns|
    +--------+---------+----------+------------+

+ Latency: 
    * Summary: 
    +---------+---------+-----------+-----------+------+------+---------+
    |  Latency (cycles) |   Latency (absolute)  |   Interval  | Pipeline|
    |   min   |   max   |    min    |    max    |  min |  max |   Type  |
    +---------+---------+-----------+-----------+------+------+---------+
    |     5643|     5643|  28.215 us|  28.215 us|  5643|  5643|       no|
    +---------+---------+-----------+-----------+------+------+---------+

    + Detail: 
        * Instance: 
        N/A

        * Loop: 
        +---------------+---------+---------+----------+-----------+-----------+------+----------+
        |               |  Latency (cycles) | Iteration|  Initiation Interval  | Trip |          |
        |   Loop Name   |   min   |   max   |  Latency |  achieved |   target  | Count| Pipelined|
        +---------------+---------+---------+----------+-----------+-----------+------+----------+
        |- ReLUActLoop  |     5641|     5641|         3|          1|          1|  5640|       yes|
        +---------------+---------+---------+----------+-----------+-----------+------+----------+



================================================================
== Utilization Estimates
================================================================
* Summary: 
+-----------------+---------+------+--------+--------+-----+
|       Name      | BRAM_18K|  DSP |   FF   |   LUT  | URAM|
+-----------------+---------+------+--------+--------+-----+
|DSP              |        -|     -|       -|       -|    -|
|Expression       |        -|     -|       0|    1734|    -|
|FIFO             |        -|     -|       -|       -|    -|
|Instance         |        -|     -|       -|       -|    -|
|Memory           |        -|     -|       -|       -|    -|
|Multiplexer      |        -|     -|       -|      63|    -|
|Register         |        -|     -|     131|       -|    -|
+-----------------+---------+------+--------+--------+-----+
|Total            |        0|     0|     131|    1797|    0|
+-----------------+---------+------+--------+--------+-----+
|Available        |      288|  1248|  234240|  117120|   64|
+-----------------+---------+------+--------+--------+-----+
|Utilization (%)  |        0|     0|      ~0|       1|    0|
+-----------------+---------+------+--------+--------+-----+

+ Detail: 
    * Instance: 
    N/A

    * DSP: 
    N/A

    * Memory: 
    N/A

    * FIFO: 
    N/A

    * Expression: 
    +---------------------------+----------+----+---+----+------------+------------+
    |       Variable Name       | Operation| DSP| FF| LUT| Bitwidth P0| Bitwidth P1|
    +---------------------------+----------+----+---+----+------------+------------+
    |add_ln52_1_fu_482_p2       |         +|   0|  0|  15|           8|           8|
    |add_ln52_2_fu_598_p2       |         +|   0|  0|  15|           8|           8|
    |add_ln52_3_fu_714_p2       |         +|   0|  0|  15|           8|           8|
    |add_ln52_4_fu_830_p2       |         +|   0|  0|  15|           8|           8|
    |add_ln52_5_fu_946_p2       |         +|   0|  0|  15|           8|           8|
    |add_ln52_6_fu_1062_p2      |         +|   0|  0|  15|           8|           8|
    |add_ln52_7_fu_1178_p2      |         +|   0|  0|  15|           8|           8|
    |add_ln52_fu_366_p2         |         +|   0|  0|  15|           8|           8|
    |i_4_fu_207_p2              |         +|   0|  0|  20|          13|           1|
    |and_ln52_10_fu_936_p2      |       and|   0|  0|   2|           1|           1|
    |and_ln52_11_fu_1734_p2     |       and|   0|  0|   2|           1|           1|
    |and_ln52_12_fu_1052_p2     |       and|   0|  0|   2|           1|           1|
    |and_ln52_13_fu_1831_p2     |       and|   0|  0|   2|           1|           1|
    |and_ln52_14_fu_1168_p2     |       and|   0|  0|   2|           1|           1|
    |and_ln52_15_fu_1928_p2     |       and|   0|  0|   2|           1|           1|
    |and_ln52_16_fu_1244_p2     |       and|   0|  0|   2|           1|           1|
    |and_ln52_17_fu_1272_p2     |       and|   0|  0|   2|           1|           1|
    |and_ln52_18_fu_1341_p2     |       and|   0|  0|   2|           1|           1|
    |and_ln52_19_fu_1369_p2     |       and|   0|  0|   2|           1|           1|
    |and_ln52_1_fu_1249_p2      |       and|   0|  0|   2|           1|           1|
    |and_ln52_20_fu_1438_p2     |       and|   0|  0|   2|           1|           1|
    |and_ln52_21_fu_1466_p2     |       and|   0|  0|   2|           1|           1|
    |and_ln52_22_fu_1535_p2     |       and|   0|  0|   2|           1|           1|
    |and_ln52_23_fu_1563_p2     |       and|   0|  0|   2|           1|           1|
    |and_ln52_24_fu_1632_p2     |       and|   0|  0|   2|           1|           1|
    |and_ln52_25_fu_1660_p2     |       and|   0|  0|   2|           1|           1|
    |and_ln52_26_fu_1729_p2     |       and|   0|  0|   2|           1|           1|
    |and_ln52_27_fu_1757_p2     |       and|   0|  0|   2|           1|           1|
    |and_ln52_28_fu_1826_p2     |       and|   0|  0|   2|           1|           1|
    |and_ln52_29_fu_1854_p2     |       and|   0|  0|   2|           1|           1|
    |and_ln52_2_fu_472_p2       |       and|   0|  0|   2|           1|           1|
    |and_ln52_30_fu_1923_p2     |       and|   0|  0|   2|           1|           1|
    |and_ln52_31_fu_1951_p2     |       and|   0|  0|   2|           1|           1|
    |and_ln52_3_fu_1346_p2      |       and|   0|  0|   2|           1|           1|
    |and_ln52_4_fu_588_p2       |       and|   0|  0|   2|           1|           1|
    |and_ln52_5_fu_1443_p2      |       and|   0|  0|   2|           1|           1|
    |and_ln52_6_fu_704_p2       |       and|   0|  0|   2|           1|           1|
    |and_ln52_7_fu_1540_p2      |       and|   0|  0|   2|           1|           1|
    |and_ln52_8_fu_820_p2       |       and|   0|  0|   2|           1|           1|
    |and_ln52_9_fu_1637_p2      |       and|   0|  0|   2|           1|           1|
    |and_ln52_fu_356_p2         |       and|   0|  0|   2|           1|           1|
    |ap_condition_225           |       and|   0|  0|   2|           1|           1|
    |icmp_ln41_fu_201_p2        |      icmp|   0|  0|  20|          13|          13|
    |icmp_ln51_1_fu_402_p2      |      icmp|   0|  0|  54|          47|           1|
    |icmp_ln51_2_fu_518_p2      |      icmp|   0|  0|  54|          47|           1|
    |icmp_ln51_3_fu_634_p2      |      icmp|   0|  0|  54|          47|           1|
    |icmp_ln51_4_fu_750_p2      |      icmp|   0|  0|  54|          47|           1|
    |icmp_ln51_5_fu_866_p2      |      icmp|   0|  0|  54|          47|           1|
    |icmp_ln51_6_fu_982_p2      |      icmp|   0|  0|  54|          47|           1|
    |icmp_ln51_7_fu_1098_p2     |      icmp|   0|  0|  54|          47|           1|
    |icmp_ln51_fu_292_p2        |      icmp|   0|  0|  54|          47|           1|
    |icmp_ln52_10_fu_730_p2     |      icmp|   0|  0|  27|          20|           2|
    |icmp_ln52_11_fu_736_p2     |      icmp|   0|  0|  27|          20|           1|
    |icmp_ln52_12_fu_800_p2     |      icmp|   0|  0|  25|          18|           1|
    |icmp_ln52_13_fu_846_p2     |      icmp|   0|  0|  27|          20|           2|
    |icmp_ln52_14_fu_852_p2     |      icmp|   0|  0|  27|          20|           1|
    |icmp_ln52_15_fu_916_p2     |      icmp|   0|  0|  25|          18|           1|
    |icmp_ln52_16_fu_962_p2     |      icmp|   0|  0|  27|          20|           2|
    |icmp_ln52_17_fu_968_p2     |      icmp|   0|  0|  27|          20|           1|
    |icmp_ln52_18_fu_1032_p2    |      icmp|   0|  0|  25|          18|           1|
    |icmp_ln52_19_fu_1078_p2    |      icmp|   0|  0|  27|          20|           2|
    |icmp_ln52_1_fu_382_p2      |      icmp|   0|  0|  27|          20|           2|
    |icmp_ln52_20_fu_1084_p2    |      icmp|   0|  0|  27|          20|           1|
    |icmp_ln52_21_fu_1148_p2    |      icmp|   0|  0|  25|          18|           1|
    |icmp_ln52_22_fu_1194_p2    |      icmp|   0|  0|  27|          20|           2|
    |icmp_ln52_23_fu_1200_p2    |      icmp|   0|  0|  27|          20|           1|
    |icmp_ln52_2_fu_388_p2      |      icmp|   0|  0|  27|          20|           1|
    |icmp_ln52_3_fu_452_p2      |      icmp|   0|  0|  25|          18|           1|
    |icmp_ln52_4_fu_498_p2      |      icmp|   0|  0|  27|          20|           2|
    |icmp_ln52_5_fu_504_p2      |      icmp|   0|  0|  27|          20|           1|
    |icmp_ln52_6_fu_568_p2      |      icmp|   0|  0|  25|          18|           1|
    |icmp_ln52_7_fu_614_p2      |      icmp|   0|  0|  27|          20|           2|
    |icmp_ln52_8_fu_620_p2      |      icmp|   0|  0|  27|          20|           1|
    |icmp_ln52_9_fu_684_p2      |      icmp|   0|  0|  25|          18|           1|
    |icmp_ln52_fu_336_p2        |      icmp|   0|  0|  25|          18|           1|
    |ap_block_pp0_stage0_01001  |        or|   0|  0|   2|           1|           1|
    |or_ln52_10_fu_1524_p2      |        or|   0|  0|   2|           1|           1|
    |or_ln52_11_fu_1568_p2      |        or|   0|  0|   2|           1|           1|
    |or_ln52_12_fu_814_p2       |        or|   0|  0|   2|           1|           1|
    |or_ln52_13_fu_1621_p2      |        or|   0|  0|   2|           1|           1|
    |or_ln52_14_fu_1665_p2      |        or|   0|  0|   2|           1|           1|
    |or_ln52_15_fu_930_p2       |        or|   0|  0|   2|           1|           1|
    |or_ln52_16_fu_1718_p2      |        or|   0|  0|   2|           1|           1|
    |or_ln52_17_fu_1762_p2      |        or|   0|  0|   2|           1|           1|
    |or_ln52_18_fu_1046_p2      |        or|   0|  0|   2|           1|           1|
    |or_ln52_19_fu_1815_p2      |        or|   0|  0|   2|           1|           1|
    |or_ln52_1_fu_1233_p2       |        or|   0|  0|   2|           1|           1|
    |or_ln52_20_fu_1859_p2      |        or|   0|  0|   2|           1|           1|
    |or_ln52_21_fu_1162_p2      |        or|   0|  0|   2|           1|           1|
    |or_ln52_22_fu_1912_p2      |        or|   0|  0|   2|           1|           1|
    |or_ln52_23_fu_1956_p2      |        or|   0|  0|   2|           1|           1|
    |or_ln52_2_fu_1277_p2       |        or|   0|  0|   2|           1|           1|
    |or_ln52_3_fu_466_p2        |        or|   0|  0|   2|           1|           1|
    |or_ln52_4_fu_1330_p2       |        or|   0|  0|   2|           1|           1|
    |or_ln52_5_fu_1374_p2       |        or|   0|  0|   2|           1|           1|
    |or_ln52_6_fu_582_p2        |        or|   0|  0|   2|           1|           1|
    |or_ln52_7_fu_1427_p2       |        or|   0|  0|   2|           1|           1|
    |or_ln52_8_fu_1471_p2       |        or|   0|  0|   2|           1|           1|
    |or_ln52_9_fu_698_p2        |        or|   0|  0|   2|           1|           1|
    |or_ln52_fu_350_p2          |        or|   0|  0|   2|           1|           1|
    |out_data_10_fu_1782_p3     |    select|   0|  0|   8|           1|           8|
    |out_data_11_fu_1789_p3     |    select|   0|  0|   8|           1|           8|
    |out_data_12_fu_1879_p3     |    select|   0|  0|   8|           1|           8|
    |out_data_13_fu_1886_p3     |    select|   0|  0|   8|           1|           8|
    |out_data_14_fu_1976_p3     |    select|   0|  0|   8|           1|           8|
    |out_data_15_fu_1983_p3     |    select|   0|  0|   8|           1|           8|
    |out_data_1_fu_1304_p3      |    select|   0|  0|   8|           1|           8|
    |out_data_2_fu_1394_p3      |    select|   0|  0|   8|           1|           8|
    |out_data_3_fu_1401_p3      |    select|   0|  0|   8|           1|           8|
    |out_data_4_fu_1491_p3      |    select|   0|  0|   8|           1|           8|
    |out_data_5_fu_1498_p3      |    select|   0|  0|   8|           1|           8|
    |out_data_6_fu_1588_p3      |    select|   0|  0|   8|           1|           8|
    |out_data_7_fu_1595_p3      |    select|   0|  0|   8|           1|           8|
    |out_data_8_fu_1685_p3      |    select|   0|  0|   8|           1|           8|
    |out_data_9_fu_1692_p3      |    select|   0|  0|   8|           1|           8|
    |out_data_fu_1297_p3        |    select|   0|  0|   8|           1|           8|
    |select_ln52_10_fu_1483_p3  |    select|   0|  0|   8|           1|           8|
    |select_ln52_12_fu_1513_p3  |    select|   0|  0|   2|           1|           1|
    |select_ln52_13_fu_1551_p3  |    select|   0|  0|   7|           1|           7|
    |select_ln52_14_fu_1580_p3  |    select|   0|  0|   8|           1|           8|
    |select_ln52_15_fu_1324_p3  |    select|   0|  0|   2|           1|           1|
    |select_ln52_16_fu_1610_p3  |    select|   0|  0|   2|           1|           1|
    |select_ln52_17_fu_1648_p3  |    select|   0|  0|   7|           1|           7|
    |select_ln52_18_fu_1677_p3  |    select|   0|  0|   8|           1|           8|
    |select_ln52_19_fu_1380_p3  |    select|   0|  0|   8|           1|           8|
    |select_ln52_1_fu_1260_p3   |    select|   0|  0|   7|           1|           7|
    |select_ln52_20_fu_1707_p3  |    select|   0|  0|   2|           1|           1|
    |select_ln52_21_fu_1745_p3  |    select|   0|  0|   7|           1|           7|
    |select_ln52_22_fu_1774_p3  |    select|   0|  0|   8|           1|           8|
    |select_ln52_24_fu_1804_p3  |    select|   0|  0|   2|           1|           1|
    |select_ln52_25_fu_1842_p3  |    select|   0|  0|   7|           1|           7|
    |select_ln52_26_fu_1871_p3  |    select|   0|  0|   8|           1|           8|
    |select_ln52_27_fu_1421_p3  |    select|   0|  0|   2|           1|           1|
    |select_ln52_28_fu_1901_p3  |    select|   0|  0|   2|           1|           1|
    |select_ln52_29_fu_1939_p3  |    select|   0|  0|   7|           1|           7|
    |select_ln52_2_fu_1289_p3   |    select|   0|  0|   8|           1|           8|
    |select_ln52_30_fu_1968_p3  |    select|   0|  0|   8|           1|           8|
    |select_ln52_31_fu_1477_p3  |    select|   0|  0|   8|           1|           8|
    |select_ln52_33_fu_1518_p3  |    select|   0|  0|   2|           1|           1|
    |select_ln52_34_fu_1574_p3  |    select|   0|  0|   8|           1|           8|
    |select_ln52_36_fu_1615_p3  |    select|   0|  0|   2|           1|           1|
    |select_ln52_37_fu_1671_p3  |    select|   0|  0|   8|           1|           8|
    |select_ln52_39_fu_1712_p3  |    select|   0|  0|   2|           1|           1|
    |select_ln52_3_fu_1227_p3   |    select|   0|  0|   2|           1|           1|
    |select_ln52_40_fu_1768_p3  |    select|   0|  0|   8|           1|           8|
    |select_ln52_42_fu_1809_p3  |    select|   0|  0|   2|           1|           1|
    |select_ln52_43_fu_1865_p3  |    select|   0|  0|   8|           1|           8|
    |select_ln52_45_fu_1906_p3  |    select|   0|  0|   2|           1|           1|
    |select_ln52_46_fu_1962_p3  |    select|   0|  0|   8|           1|           8|
    |select_ln52_4_fu_1319_p3   |    select|   0|  0|   2|           1|           1|
    |select_ln52_5_fu_1357_p3   |    select|   0|  0|   7|           1|           7|
    |select_ln52_6_fu_1386_p3   |    select|   0|  0|   8|           1|           8|
    |select_ln52_7_fu_1283_p3   |    select|   0|  0|   8|           1|           8|
    |select_ln52_8_fu_1416_p3   |    select|   0|  0|   2|           1|           1|
    |select_ln52_9_fu_1454_p3   |    select|   0|  0|   7|           1|           7|
    |select_ln52_fu_1222_p3     |    select|   0|  0|   2|           1|           1|
    |ap_enable_pp0              |       xor|   0|  0|   2|           1|           2|
    |xor_ln52_10_fu_1723_p2     |       xor|   0|  0|   2|           1|           2|
    |xor_ln52_11_fu_1739_p2     |       xor|   0|  0|   2|           2|           1|
    |xor_ln52_12_fu_1820_p2     |       xor|   0|  0|   2|           1|           2|
    |xor_ln52_13_fu_1836_p2     |       xor|   0|  0|   2|           2|           1|
    |xor_ln52_14_fu_1917_p2     |       xor|   0|  0|   2|           1|           2|
    |xor_ln52_15_fu_1933_p2     |       xor|   0|  0|   2|           2|           1|
    |xor_ln52_16_fu_1217_p2     |       xor|   0|  0|   2|           1|           2|
    |xor_ln52_17_fu_1314_p2     |       xor|   0|  0|   2|           1|           2|
    |xor_ln52_18_fu_1411_p2     |       xor|   0|  0|   2|           1|           2|
    |xor_ln52_19_fu_1508_p2     |       xor|   0|  0|   2|           1|           2|
    |xor_ln52_1_fu_1254_p2      |       xor|   0|  0|   2|           2|           1|
    |xor_ln52_20_fu_1605_p2     |       xor|   0|  0|   2|           1|           2|
    |xor_ln52_21_fu_1702_p2     |       xor|   0|  0|   2|           1|           2|
    |xor_ln52_22_fu_1799_p2     |       xor|   0|  0|   2|           1|           2|
    |xor_ln52_23_fu_1896_p2     |       xor|   0|  0|   2|           1|           2|
    |xor_ln52_2_fu_1335_p2      |       xor|   0|  0|   2|           1|           2|
    |xor_ln52_3_fu_1351_p2      |       xor|   0|  0|   2|           2|           1|
    |xor_ln52_4_fu_1432_p2      |       xor|   0|  0|   2|           1|           2|
    |xor_ln52_5_fu_1448_p2      |       xor|   0|  0|   2|           2|           1|
    |xor_ln52_6_fu_1529_p2      |       xor|   0|  0|   2|           1|           2|
    |xor_ln52_7_fu_1545_p2      |       xor|   0|  0|   2|           2|           1|
    |xor_ln52_8_fu_1626_p2      |       xor|   0|  0|   2|           1|           2|
    |xor_ln52_9_fu_1642_p2      |       xor|   0|  0|   2|           2|           1|
    |xor_ln52_fu_1238_p2        |       xor|   0|  0|   2|           1|           2|
    +---------------------------+----------+----+---+----+------------+------------+
    |Total                      |          |   0|  0|1734|        1077|         546|
    +---------------------------+----------+----+---+----+------------+------------+

    * Multiplexer: 
    +-------------------------+----+-----------+-----+-----------+
    |           Name          | LUT| Input Size| Bits| Total Bits|
    +-------------------------+----+-----------+-----+-----------+
    |ap_done_int              |   9|          2|    1|          2|
    |ap_enable_reg_pp0_iter1  |   9|          2|    1|          2|
    |ap_sig_allocacmp_i_3     |   9|          2|   13|         26|
    |i_fu_176                 |   9|          2|   13|         26|
    |layer4_out_blk_n         |   9|          2|    1|          2|
    |layer5_out_blk_n         |   9|          2|    1|          2|
    |real_start               |   9|          2|    1|          2|
    +-------------------------+----+-----------+-----+-----------+
    |Total                    |  63|         14|   31|         62|
    +-------------------------+----+-----------+-----+-----------+

    * Register: 
    +----------------------------------+----+----+-----+-----------+
    |               Name               | FF | LUT| Bits| Const Bits|
    +----------------------------------+----+----+-----+-----------+
    |add_ln52_1_reg_2083               |   8|   0|    8|          0|
    |add_ln52_2_reg_2126               |   8|   0|    8|          0|
    |add_ln52_3_reg_2169               |   8|   0|    8|          0|
    |add_ln52_4_reg_2212               |   8|   0|    8|          0|
    |add_ln52_5_reg_2255               |   8|   0|    8|          0|
    |add_ln52_6_reg_2298               |   8|   0|    8|          0|
    |add_ln52_7_reg_2341               |   8|   0|    8|          0|
    |add_ln52_reg_2040                 |   8|   0|    8|          0|
    |ap_CS_fsm                         |   1|   0|    1|          0|
    |ap_done_reg                       |   1|   0|    1|          0|
    |ap_enable_reg_pp0_iter1           |   1|   0|    1|          0|
    |ap_enable_reg_pp0_iter2           |   1|   0|    1|          0|
    |ap_loop_exit_ready_pp0_iter1_reg  |   1|   0|    1|          0|
    |i_fu_176                          |  13|   0|   13|          0|
    |icmp_ln51_1_reg_2065              |   1|   0|    1|          0|
    |icmp_ln51_2_reg_2108              |   1|   0|    1|          0|
    |icmp_ln51_3_reg_2151              |   1|   0|    1|          0|
    |icmp_ln51_4_reg_2194              |   1|   0|    1|          0|
    |icmp_ln51_5_reg_2237              |   1|   0|    1|          0|
    |icmp_ln51_6_reg_2280              |   1|   0|    1|          0|
    |icmp_ln51_7_reg_2323              |   1|   0|    1|          0|
    |icmp_ln51_reg_2022                |   1|   0|    1|          0|
    |icmp_ln52_10_reg_2176             |   1|   0|    1|          0|
    |icmp_ln52_11_reg_2182             |   1|   0|    1|          0|
    |icmp_ln52_13_reg_2219             |   1|   0|    1|          0|
    |icmp_ln52_14_reg_2225             |   1|   0|    1|          0|
    |icmp_ln52_16_reg_2262             |   1|   0|    1|          0|
    |icmp_ln52_17_reg_2268             |   1|   0|    1|          0|
    |icmp_ln52_19_reg_2305             |   1|   0|    1|          0|
    |icmp_ln52_1_reg_2047              |   1|   0|    1|          0|
    |icmp_ln52_20_reg_2311             |   1|   0|    1|          0|
    |icmp_ln52_22_reg_2348             |   1|   0|    1|          0|
    |icmp_ln52_23_reg_2354             |   1|   0|    1|          0|
    |icmp_ln52_2_reg_2053              |   1|   0|    1|          0|
    |icmp_ln52_4_reg_2090              |   1|   0|    1|          0|
    |icmp_ln52_5_reg_2096              |   1|   0|    1|          0|
    |icmp_ln52_7_reg_2133              |   1|   0|    1|          0|
    |icmp_ln52_8_reg_2139              |   1|   0|    1|          0|
    |start_once_reg                    |   1|   0|    1|          0|
    |tmp_18_reg_2034                   |   1|   0|    1|          0|
    |tmp_19_reg_2059                   |   1|   0|    1|          0|
    |tmp_20_reg_2070                   |   1|   0|    1|          0|
    |tmp_23_reg_2077                   |   1|   0|    1|          0|
    |tmp_24_reg_2102                   |   1|   0|    1|          0|
    |tmp_25_reg_2113                   |   1|   0|    1|          0|
    |tmp_28_reg_2120                   |   1|   0|    1|          0|
    |tmp_29_reg_2145                   |   1|   0|    1|          0|
    |tmp_30_reg_2156                   |   1|   0|    1|          0|
    |tmp_33_reg_2163                   |   1|   0|    1|          0|
    |tmp_34_reg_2188                   |   1|   0|    1|          0|
    |tmp_35_reg_2199                   |   1|   0|    1|          0|
    |tmp_38_reg_2206                   |   1|   0|    1|          0|
    |tmp_39_reg_2231                   |   1|   0|    1|          0|
    |tmp_40_reg_2242                   |   1|   0|    1|          0|
    |tmp_43_reg_2249                   |   1|   0|    1|          0|
    |tmp_44_reg_2274                   |   1|   0|    1|          0|
    |tmp_45_reg_2285                   |   1|   0|    1|          0|
    |tmp_48_reg_2292                   |   1|   0|    1|          0|
    |tmp_49_reg_2317                   |   1|   0|    1|          0|
    |tmp_50_reg_2328                   |   1|   0|    1|          0|
    |tmp_53_reg_2335                   |   1|   0|    1|          0|
    |tmp_54_reg_2360                   |   1|   0|    1|          0|
    |tmp_reg_2027                      |   1|   0|    1|          0|
    +----------------------------------+----+----+-----+-----------+
    |Total                             | 131|   0|  131|          0|
    +----------------------------------+----+----+-----+-----------+



================================================================
== Interface
================================================================
* Summary: 
+---------------------------+-----+-----+------------+----------------------------------------------------------------------+--------------+
|         RTL Ports         | Dir | Bits|  Protocol  |                             Source Object                            |    C Type    |
+---------------------------+-----+-----+------------+----------------------------------------------------------------------+--------------+
|ap_clk                     |   in|    1|  ap_ctrl_hs|  relu<array<ap_fixed,8u>,array<ap_ufixed<8,4,4,0,0>,8u>,relu_config5>|  return value|
|ap_rst                     |   in|    1|  ap_ctrl_hs|  relu<array<ap_fixed,8u>,array<ap_ufixed<8,4,4,0,0>,8u>,relu_config5>|  return value|
|ap_start                   |   in|    1|  ap_ctrl_hs|  relu<array<ap_fixed,8u>,array<ap_ufixed<8,4,4,0,0>,8u>,relu_config5>|  return value|
|start_full_n               |   in|    1|  ap_ctrl_hs|  relu<array<ap_fixed,8u>,array<ap_ufixed<8,4,4,0,0>,8u>,relu_config5>|  return value|
|ap_done                    |  out|    1|  ap_ctrl_hs|  relu<array<ap_fixed,8u>,array<ap_ufixed<8,4,4,0,0>,8u>,relu_config5>|  return value|
|ap_continue                |   in|    1|  ap_ctrl_hs|  relu<array<ap_fixed,8u>,array<ap_ufixed<8,4,4,0,0>,8u>,relu_config5>|  return value|
|ap_idle                    |  out|    1|  ap_ctrl_hs|  relu<array<ap_fixed,8u>,array<ap_ufixed<8,4,4,0,0>,8u>,relu_config5>|  return value|
|ap_ready                   |  out|    1|  ap_ctrl_hs|  relu<array<ap_fixed,8u>,array<ap_ufixed<8,4,4,0,0>,8u>,relu_config5>|  return value|
|start_out                  |  out|    1|  ap_ctrl_hs|  relu<array<ap_fixed,8u>,array<ap_ufixed<8,4,4,0,0>,8u>,relu_config5>|  return value|
|start_write                |  out|    1|  ap_ctrl_hs|  relu<array<ap_fixed,8u>,array<ap_ufixed<8,4,4,0,0>,8u>,relu_config5>|  return value|
|layer4_out_dout            |   in|  376|     ap_fifo|                                                            layer4_out|       pointer|
|layer4_out_num_data_valid  |   in|   14|     ap_fifo|                                                            layer4_out|       pointer|
|layer4_out_fifo_cap        |   in|   14|     ap_fifo|                                                            layer4_out|       pointer|
|layer4_out_empty_n         |   in|    1|     ap_fifo|                                                            layer4_out|       pointer|
|layer4_out_read            |  out|    1|     ap_fifo|                                                            layer4_out|       pointer|
|layer5_out_din             |  out|   64|     ap_fifo|                                                            layer5_out|       pointer|
|layer5_out_num_data_valid  |   in|   14|     ap_fifo|                                                            layer5_out|       pointer|
|layer5_out_fifo_cap        |   in|   14|     ap_fifo|                                                            layer5_out|       pointer|
|layer5_out_full_n          |   in|    1|     ap_fifo|                                                            layer5_out|       pointer|
|layer5_out_write           |  out|    1|     ap_fifo|                                                            layer5_out|       pointer|
+---------------------------+-----+-----+------------+----------------------------------------------------------------------+--------------+

