

================================================================
== Vitis HLS Report for 'relu_array_ap_fixed_32u_array_ap_ufixed_8_4_4_0_0_32u_relu_config20_s'
================================================================
* Date:           Sat Mar 21 19:24:04 2026

* Version:        2023.2 (Build 4023990 on Oct 11 2023)
* Project:        myproject_prj
* Solution:       solution1 (Vivado IP Flow Target)
* Product family: zynquplus
* Target device:  xck26-sfvc784-2LV-c


================================================================
== Performance Estimates
================================================================
+ Timing: 
    * Summary: 
    +--------+---------+----------+------------+
    |  Clock |  Target | Estimated| Uncertainty|
    +--------+---------+----------+------------+
    |ap_clk  |  5.00 ns|  3.425 ns|     1.35 ns|
    +--------+---------+----------+------------+

+ Latency: 
    * Summary: 
    +---------+---------+----------+----------+-----+-----+---------+
    |  Latency (cycles) |  Latency (absolute) |  Interval | Pipeline|
    |   min   |   max   |    min   |    max   | min | max |   Type  |
    +---------+---------+----------+----------+-----+-----+---------+
    |        1|        1|  5.000 ns|  5.000 ns|    1|    1|       no|
    +---------+---------+----------+----------+-----+-----+---------+

    + Detail: 
        * Instance: 
        N/A

        * Loop: 
        N/A



================================================================
== Utilization Estimates
================================================================
* Summary: 
+-----------------+---------+------+--------+--------+-----+
|       Name      | BRAM_18K|  DSP |   FF   |   LUT  | URAM|
+-----------------+---------+------+--------+--------+-----+
|DSP              |        -|     -|       -|       -|    -|
|Expression       |        -|     -|       0|    5058|    -|
|FIFO             |        -|     -|       -|       -|    -|
|Instance         |        -|     -|       -|       -|    -|
|Memory           |        -|     -|       -|       -|    -|
|Multiplexer      |        -|     -|       -|      50|    -|
|Register         |        -|     -|     388|       -|    -|
+-----------------+---------+------+--------+--------+-----+
|Total            |        0|     0|     388|    5108|    0|
+-----------------+---------+------+--------+--------+-----+
|Available        |      288|  1248|  234240|  117120|   64|
+-----------------+---------+------+--------+--------+-----+
|Utilization (%)  |        0|     0|      ~0|       4|    0|
+-----------------+---------+------+--------+--------+-----+

+ Detail: 
    * Instance: 
    N/A

    * DSP: 
    N/A

    * Memory: 
    N/A

    * FIFO: 
    N/A

    * Expression: 
    +----------------------------+----------+----+---+----+------------+------------+
    |        Variable Name       | Operation| DSP| FF| LUT| Bitwidth P0| Bitwidth P1|
    +----------------------------+----------+----+---+----+------------+------------+
    |add_ln52_10_fu_1363_p2      |         +|   0|  0|  15|           8|           8|
    |add_ln52_11_fu_1519_p2      |         +|   0|  0|  15|           8|           8|
    |add_ln52_12_fu_1675_p2      |         +|   0|  0|  15|           8|           8|
    |add_ln52_13_fu_1831_p2      |         +|   0|  0|  15|           8|           8|
    |add_ln52_14_fu_1987_p2      |         +|   0|  0|  15|           8|           8|
    |add_ln52_15_fu_2143_p2      |         +|   0|  0|  15|           8|           8|
    |add_ln52_16_fu_2299_p2      |         +|   0|  0|  15|           8|           8|
    |add_ln52_17_fu_2455_p2      |         +|   0|  0|  15|           8|           8|
    |add_ln52_18_fu_2611_p2      |         +|   0|  0|  15|           8|           8|
    |add_ln52_19_fu_2767_p2      |         +|   0|  0|  15|           8|           8|
    |add_ln52_20_fu_2923_p2      |         +|   0|  0|  15|           8|           8|
    |add_ln52_21_fu_3079_p2      |         +|   0|  0|  15|           8|           8|
    |add_ln52_22_fu_3235_p2      |         +|   0|  0|  15|           8|           8|
    |add_ln52_23_fu_3391_p2      |         +|   0|  0|  15|           8|           8|
    |add_ln52_24_fu_3547_p2      |         +|   0|  0|  15|           8|           8|
    |add_ln52_25_fu_3703_p2      |         +|   0|  0|  15|           8|           8|
    |add_ln52_26_fu_3859_p2      |         +|   0|  0|  15|           8|           8|
    |add_ln52_27_fu_4015_p2      |         +|   0|  0|  15|           8|           8|
    |add_ln52_28_fu_4171_p2      |         +|   0|  0|  15|           8|           8|
    |add_ln52_29_fu_4327_p2      |         +|   0|  0|  15|           8|           8|
    |add_ln52_30_fu_4483_p2      |         +|   0|  0|  15|           8|           8|
    |add_ln52_31_fu_4639_p2      |         +|   0|  0|  15|           8|           8|
    |add_ln52_32_fu_4795_p2      |         +|   0|  0|  15|           8|           8|
    |add_ln52_33_fu_4951_p2      |         +|   0|  0|  15|           8|           8|
    |add_ln52_34_fu_5107_p2      |         +|   0|  0|  15|           8|           8|
    |add_ln52_35_fu_5263_p2      |         +|   0|  0|  15|           8|           8|
    |add_ln52_36_fu_5419_p2      |         +|   0|  0|  15|           8|           8|
    |add_ln52_37_fu_5575_p2      |         +|   0|  0|  15|           8|           8|
    |add_ln52_38_fu_5731_p2      |         +|   0|  0|  15|           8|           8|
    |add_ln52_8_fu_1051_p2       |         +|   0|  0|  15|           8|           8|
    |add_ln52_9_fu_1207_p2       |         +|   0|  0|  15|           8|           8|
    |add_ln52_fu_895_p2          |         +|   0|  0|  15|           8|           8|
    |and_ln52_100_fu_3611_p2     |       and|   0|  0|   2|           1|           1|
    |and_ln52_101_fu_3617_p2     |       and|   0|  0|   2|           1|           1|
    |and_ln52_102_fu_6885_p2     |       and|   0|  0|   2|           1|           1|
    |and_ln52_103_fu_3693_p2     |       and|   0|  0|   2|           1|           1|
    |and_ln52_104_fu_3767_p2     |       and|   0|  0|   2|           1|           1|
    |and_ln52_105_fu_3773_p2     |       and|   0|  0|   2|           1|           1|
    |and_ln52_106_fu_6947_p2     |       and|   0|  0|   2|           1|           1|
    |and_ln52_107_fu_3849_p2     |       and|   0|  0|   2|           1|           1|
    |and_ln52_108_fu_3923_p2     |       and|   0|  0|   2|           1|           1|
    |and_ln52_109_fu_3929_p2     |       and|   0|  0|   2|           1|           1|
    |and_ln52_110_fu_7009_p2     |       and|   0|  0|   2|           1|           1|
    |and_ln52_111_fu_4005_p2     |       and|   0|  0|   2|           1|           1|
    |and_ln52_112_fu_4079_p2     |       and|   0|  0|   2|           1|           1|
    |and_ln52_113_fu_4085_p2     |       and|   0|  0|   2|           1|           1|
    |and_ln52_114_fu_7071_p2     |       and|   0|  0|   2|           1|           1|
    |and_ln52_115_fu_4161_p2     |       and|   0|  0|   2|           1|           1|
    |and_ln52_116_fu_4235_p2     |       and|   0|  0|   2|           1|           1|
    |and_ln52_117_fu_4241_p2     |       and|   0|  0|   2|           1|           1|
    |and_ln52_118_fu_7133_p2     |       and|   0|  0|   2|           1|           1|
    |and_ln52_119_fu_4317_p2     |       and|   0|  0|   2|           1|           1|
    |and_ln52_120_fu_4391_p2     |       and|   0|  0|   2|           1|           1|
    |and_ln52_121_fu_4397_p2     |       and|   0|  0|   2|           1|           1|
    |and_ln52_122_fu_7195_p2     |       and|   0|  0|   2|           1|           1|
    |and_ln52_123_fu_4473_p2     |       and|   0|  0|   2|           1|           1|
    |and_ln52_124_fu_4553_p2     |       and|   0|  0|   2|           1|           1|
    |and_ln52_125_fu_4629_p2     |       and|   0|  0|   2|           1|           1|
    |and_ln52_126_fu_4709_p2     |       and|   0|  0|   2|           1|           1|
    |and_ln52_127_fu_4785_p2     |       and|   0|  0|   2|           1|           1|
    |and_ln52_128_fu_4865_p2     |       and|   0|  0|   2|           1|           1|
    |and_ln52_129_fu_4941_p2     |       and|   0|  0|   2|           1|           1|
    |and_ln52_130_fu_5021_p2     |       and|   0|  0|   2|           1|           1|
    |and_ln52_131_fu_5097_p2     |       and|   0|  0|   2|           1|           1|
    |and_ln52_132_fu_5177_p2     |       and|   0|  0|   2|           1|           1|
    |and_ln52_133_fu_5253_p2     |       and|   0|  0|   2|           1|           1|
    |and_ln52_134_fu_5333_p2     |       and|   0|  0|   2|           1|           1|
    |and_ln52_135_fu_5409_p2     |       and|   0|  0|   2|           1|           1|
    |and_ln52_136_fu_5489_p2     |       and|   0|  0|   2|           1|           1|
    |and_ln52_137_fu_5565_p2     |       and|   0|  0|   2|           1|           1|
    |and_ln52_138_fu_5645_p2     |       and|   0|  0|   2|           1|           1|
    |and_ln52_139_fu_5721_p2     |       and|   0|  0|   2|           1|           1|
    |and_ln52_140_fu_5801_p2     |       and|   0|  0|   2|           1|           1|
    |and_ln52_141_fu_4547_p2     |       and|   0|  0|   2|           1|           1|
    |and_ln52_142_fu_7257_p2     |       and|   0|  0|   2|           1|           1|
    |and_ln52_143_fu_4703_p2     |       and|   0|  0|   2|           1|           1|
    |and_ln52_144_fu_7319_p2     |       and|   0|  0|   2|           1|           1|
    |and_ln52_145_fu_4859_p2     |       and|   0|  0|   2|           1|           1|
    |and_ln52_146_fu_7381_p2     |       and|   0|  0|   2|           1|           1|
    |and_ln52_147_fu_5015_p2     |       and|   0|  0|   2|           1|           1|
    |and_ln52_148_fu_7443_p2     |       and|   0|  0|   2|           1|           1|
    |and_ln52_149_fu_5171_p2     |       and|   0|  0|   2|           1|           1|
    |and_ln52_150_fu_7505_p2     |       and|   0|  0|   2|           1|           1|
    |and_ln52_151_fu_5327_p2     |       and|   0|  0|   2|           1|           1|
    |and_ln52_152_fu_7567_p2     |       and|   0|  0|   2|           1|           1|
    |and_ln52_153_fu_5483_p2     |       and|   0|  0|   2|           1|           1|
    |and_ln52_154_fu_7629_p2     |       and|   0|  0|   2|           1|           1|
    |and_ln52_155_fu_5639_p2     |       and|   0|  0|   2|           1|           1|
    |and_ln52_156_fu_7691_p2     |       and|   0|  0|   2|           1|           1|
    |and_ln52_157_fu_5795_p2     |       and|   0|  0|   2|           1|           1|
    |and_ln52_158_fu_7753_p2     |       and|   0|  0|   2|           1|           1|
    |and_ln52_32_fu_959_p2       |       and|   0|  0|   2|           1|           1|
    |and_ln52_33_fu_965_p2       |       and|   0|  0|   2|           1|           1|
    |and_ln52_34_fu_5831_p2      |       and|   0|  0|   2|           1|           1|
    |and_ln52_35_fu_1041_p2      |       and|   0|  0|   2|           1|           1|
    |and_ln52_36_fu_1115_p2      |       and|   0|  0|   2|           1|           1|
    |and_ln52_37_fu_1121_p2      |       and|   0|  0|   2|           1|           1|
    |and_ln52_38_fu_5893_p2      |       and|   0|  0|   2|           1|           1|
    |and_ln52_39_fu_1197_p2      |       and|   0|  0|   2|           1|           1|
    |and_ln52_40_fu_1271_p2      |       and|   0|  0|   2|           1|           1|
    |and_ln52_41_fu_1277_p2      |       and|   0|  0|   2|           1|           1|
    |and_ln52_42_fu_5955_p2      |       and|   0|  0|   2|           1|           1|
    |and_ln52_43_fu_1353_p2      |       and|   0|  0|   2|           1|           1|
    |and_ln52_44_fu_1427_p2      |       and|   0|  0|   2|           1|           1|
    |and_ln52_45_fu_1433_p2      |       and|   0|  0|   2|           1|           1|
    |and_ln52_46_fu_6017_p2      |       and|   0|  0|   2|           1|           1|
    |and_ln52_47_fu_1509_p2      |       and|   0|  0|   2|           1|           1|
    |and_ln52_48_fu_1583_p2      |       and|   0|  0|   2|           1|           1|
    |and_ln52_49_fu_1589_p2      |       and|   0|  0|   2|           1|           1|
    |and_ln52_50_fu_6079_p2      |       and|   0|  0|   2|           1|           1|
    |and_ln52_51_fu_1665_p2      |       and|   0|  0|   2|           1|           1|
    |and_ln52_52_fu_1739_p2      |       and|   0|  0|   2|           1|           1|
    |and_ln52_53_fu_1745_p2      |       and|   0|  0|   2|           1|           1|
    |and_ln52_54_fu_6141_p2      |       and|   0|  0|   2|           1|           1|
    |and_ln52_55_fu_1821_p2      |       and|   0|  0|   2|           1|           1|
    |and_ln52_56_fu_1895_p2      |       and|   0|  0|   2|           1|           1|
    |and_ln52_57_fu_1901_p2      |       and|   0|  0|   2|           1|           1|
    |and_ln52_58_fu_6203_p2      |       and|   0|  0|   2|           1|           1|
    |and_ln52_59_fu_1977_p2      |       and|   0|  0|   2|           1|           1|
    |and_ln52_60_fu_2051_p2      |       and|   0|  0|   2|           1|           1|
    |and_ln52_61_fu_2057_p2      |       and|   0|  0|   2|           1|           1|
    |and_ln52_62_fu_6265_p2      |       and|   0|  0|   2|           1|           1|
    |and_ln52_63_fu_2133_p2      |       and|   0|  0|   2|           1|           1|
    |and_ln52_64_fu_2207_p2      |       and|   0|  0|   2|           1|           1|
    |and_ln52_65_fu_2213_p2      |       and|   0|  0|   2|           1|           1|
    |and_ln52_66_fu_6327_p2      |       and|   0|  0|   2|           1|           1|
    |and_ln52_67_fu_2289_p2      |       and|   0|  0|   2|           1|           1|
    |and_ln52_68_fu_2363_p2      |       and|   0|  0|   2|           1|           1|
    |and_ln52_69_fu_2369_p2      |       and|   0|  0|   2|           1|           1|
    |and_ln52_70_fu_6389_p2      |       and|   0|  0|   2|           1|           1|
    |and_ln52_71_fu_2445_p2      |       and|   0|  0|   2|           1|           1|
    |and_ln52_72_fu_2519_p2      |       and|   0|  0|   2|           1|           1|
    |and_ln52_73_fu_2525_p2      |       and|   0|  0|   2|           1|           1|
    |and_ln52_74_fu_6451_p2      |       and|   0|  0|   2|           1|           1|
    |and_ln52_75_fu_2601_p2      |       and|   0|  0|   2|           1|           1|
    |and_ln52_76_fu_2675_p2      |       and|   0|  0|   2|           1|           1|
    |and_ln52_77_fu_2681_p2      |       and|   0|  0|   2|           1|           1|
    |and_ln52_78_fu_6513_p2      |       and|   0|  0|   2|           1|           1|
    |and_ln52_79_fu_2757_p2      |       and|   0|  0|   2|           1|           1|
    |and_ln52_80_fu_2831_p2      |       and|   0|  0|   2|           1|           1|
    |and_ln52_81_fu_2837_p2      |       and|   0|  0|   2|           1|           1|
    |and_ln52_82_fu_6575_p2      |       and|   0|  0|   2|           1|           1|
    |and_ln52_83_fu_2913_p2      |       and|   0|  0|   2|           1|           1|
    |and_ln52_84_fu_2987_p2      |       and|   0|  0|   2|           1|           1|
    |and_ln52_85_fu_2993_p2      |       and|   0|  0|   2|           1|           1|
    |and_ln52_86_fu_6637_p2      |       and|   0|  0|   2|           1|           1|
    |and_ln52_87_fu_3069_p2      |       and|   0|  0|   2|           1|           1|
    |and_ln52_88_fu_3143_p2      |       and|   0|  0|   2|           1|           1|
    |and_ln52_89_fu_3149_p2      |       and|   0|  0|   2|           1|           1|
    |and_ln52_90_fu_6699_p2      |       and|   0|  0|   2|           1|           1|
    |and_ln52_91_fu_3225_p2      |       and|   0|  0|   2|           1|           1|
    |and_ln52_92_fu_3299_p2      |       and|   0|  0|   2|           1|           1|
    |and_ln52_93_fu_3305_p2      |       and|   0|  0|   2|           1|           1|
    |and_ln52_94_fu_6761_p2      |       and|   0|  0|   2|           1|           1|
    |and_ln52_95_fu_3381_p2      |       and|   0|  0|   2|           1|           1|
    |and_ln52_96_fu_3455_p2      |       and|   0|  0|   2|           1|           1|
    |and_ln52_97_fu_3461_p2      |       and|   0|  0|   2|           1|           1|
    |and_ln52_98_fu_6823_p2      |       and|   0|  0|   2|           1|           1|
    |and_ln52_99_fu_3537_p2      |       and|   0|  0|   2|           1|           1|
    |and_ln52_fu_885_p2          |       and|   0|  0|   2|           1|           1|
    |icmp_ln51_10_fu_1283_p2     |      icmp|   0|  0|  31|          24|           1|
    |icmp_ln51_11_fu_1439_p2     |      icmp|   0|  0|  31|          24|           1|
    |icmp_ln51_12_fu_1595_p2     |      icmp|   0|  0|  31|          24|           1|
    |icmp_ln51_13_fu_1751_p2     |      icmp|   0|  0|  31|          24|           1|
    |icmp_ln51_14_fu_1907_p2     |      icmp|   0|  0|  31|          24|           1|
    |icmp_ln51_15_fu_2063_p2     |      icmp|   0|  0|  31|          24|           1|
    |icmp_ln51_16_fu_2219_p2     |      icmp|   0|  0|  31|          24|           1|
    |icmp_ln51_17_fu_2375_p2     |      icmp|   0|  0|  31|          24|           1|
    |icmp_ln51_18_fu_2531_p2     |      icmp|   0|  0|  31|          24|           1|
    |icmp_ln51_19_fu_2687_p2     |      icmp|   0|  0|  31|          24|           1|
    |icmp_ln51_20_fu_2843_p2     |      icmp|   0|  0|  31|          24|           1|
    |icmp_ln51_21_fu_2999_p2     |      icmp|   0|  0|  31|          24|           1|
    |icmp_ln51_22_fu_3155_p2     |      icmp|   0|  0|  31|          24|           1|
    |icmp_ln51_23_fu_3311_p2     |      icmp|   0|  0|  31|          24|           1|
    |icmp_ln51_24_fu_3467_p2     |      icmp|   0|  0|  31|          24|           1|
    |icmp_ln51_25_fu_3623_p2     |      icmp|   0|  0|  31|          24|           1|
    |icmp_ln51_26_fu_3779_p2     |      icmp|   0|  0|  31|          24|           1|
    |icmp_ln51_27_fu_3935_p2     |      icmp|   0|  0|  31|          24|           1|
    |icmp_ln51_28_fu_4091_p2     |      icmp|   0|  0|  31|          24|           1|
    |icmp_ln51_29_fu_4247_p2     |      icmp|   0|  0|  31|          24|           1|
    |icmp_ln51_30_fu_4403_p2     |      icmp|   0|  0|  31|          24|           1|
    |icmp_ln51_31_fu_4559_p2     |      icmp|   0|  0|  31|          24|           1|
    |icmp_ln51_32_fu_4715_p2     |      icmp|   0|  0|  31|          24|           1|
    |icmp_ln51_33_fu_4871_p2     |      icmp|   0|  0|  31|          24|           1|
    |icmp_ln51_34_fu_5027_p2     |      icmp|   0|  0|  31|          24|           1|
    |icmp_ln51_35_fu_5183_p2     |      icmp|   0|  0|  31|          24|           1|
    |icmp_ln51_36_fu_5339_p2     |      icmp|   0|  0|  31|          24|           1|
    |icmp_ln51_37_fu_5495_p2     |      icmp|   0|  0|  31|          24|           1|
    |icmp_ln51_38_fu_5651_p2     |      icmp|   0|  0|  31|          24|           1|
    |icmp_ln51_8_fu_971_p2       |      icmp|   0|  0|  31|          24|           1|
    |icmp_ln51_9_fu_1127_p2      |      icmp|   0|  0|  31|          24|           1|
    |icmp_ln51_fu_821_p2         |      icmp|   0|  0|  31|          24|           1|
    |icmp_ln52_100_fu_4817_p2    |      icmp|   0|  0|  20|          13|           1|
    |icmp_ln52_101_fu_4921_p2    |      icmp|   0|  0|   9|           2|           1|
    |icmp_ln52_102_fu_4967_p2    |      icmp|   0|  0|  20|          13|           2|
    |icmp_ln52_103_fu_4973_p2    |      icmp|   0|  0|  20|          13|           1|
    |icmp_ln52_104_fu_5077_p2    |      icmp|   0|  0|   9|           2|           1|
    |icmp_ln52_105_fu_5123_p2    |      icmp|   0|  0|  20|          13|           2|
    |icmp_ln52_106_fu_5129_p2    |      icmp|   0|  0|  20|          13|           1|
    |icmp_ln52_107_fu_5233_p2    |      icmp|   0|  0|   9|           2|           1|
    |icmp_ln52_108_fu_5279_p2    |      icmp|   0|  0|  20|          13|           2|
    |icmp_ln52_109_fu_5285_p2    |      icmp|   0|  0|  20|          13|           1|
    |icmp_ln52_110_fu_5389_p2    |      icmp|   0|  0|   9|           2|           1|
    |icmp_ln52_111_fu_5435_p2    |      icmp|   0|  0|  20|          13|           2|
    |icmp_ln52_112_fu_5441_p2    |      icmp|   0|  0|  20|          13|           1|
    |icmp_ln52_113_fu_5545_p2    |      icmp|   0|  0|   9|           2|           1|
    |icmp_ln52_114_fu_5591_p2    |      icmp|   0|  0|  20|          13|           2|
    |icmp_ln52_115_fu_5597_p2    |      icmp|   0|  0|  20|          13|           1|
    |icmp_ln52_116_fu_5701_p2    |      icmp|   0|  0|   9|           2|           1|
    |icmp_ln52_117_fu_5747_p2    |      icmp|   0|  0|  20|          13|           2|
    |icmp_ln52_118_fu_5753_p2    |      icmp|   0|  0|  20|          13|           1|
    |icmp_ln52_24_fu_911_p2      |      icmp|   0|  0|  20|          13|           2|
    |icmp_ln52_25_fu_917_p2      |      icmp|   0|  0|  20|          13|           1|
    |icmp_ln52_26_fu_1021_p2     |      icmp|   0|  0|   9|           2|           1|
    |icmp_ln52_27_fu_1067_p2     |      icmp|   0|  0|  20|          13|           2|
    |icmp_ln52_28_fu_1073_p2     |      icmp|   0|  0|  20|          13|           1|
    |icmp_ln52_29_fu_1177_p2     |      icmp|   0|  0|   9|           2|           1|
    |icmp_ln52_30_fu_1223_p2     |      icmp|   0|  0|  20|          13|           2|
    |icmp_ln52_31_fu_1229_p2     |      icmp|   0|  0|  20|          13|           1|
    |icmp_ln52_32_fu_1333_p2     |      icmp|   0|  0|   9|           2|           1|
    |icmp_ln52_33_fu_1379_p2     |      icmp|   0|  0|  20|          13|           2|
    |icmp_ln52_34_fu_1385_p2     |      icmp|   0|  0|  20|          13|           1|
    |icmp_ln52_35_fu_1489_p2     |      icmp|   0|  0|   9|           2|           1|
    |icmp_ln52_36_fu_1535_p2     |      icmp|   0|  0|  20|          13|           2|
    |icmp_ln52_37_fu_1541_p2     |      icmp|   0|  0|  20|          13|           1|
    |icmp_ln52_38_fu_1645_p2     |      icmp|   0|  0|   9|           2|           1|
    |icmp_ln52_39_fu_1691_p2     |      icmp|   0|  0|  20|          13|           2|
    |icmp_ln52_40_fu_1697_p2     |      icmp|   0|  0|  20|          13|           1|
    |icmp_ln52_41_fu_1801_p2     |      icmp|   0|  0|   9|           2|           1|
    |icmp_ln52_42_fu_1847_p2     |      icmp|   0|  0|  20|          13|           2|
    |icmp_ln52_43_fu_1853_p2     |      icmp|   0|  0|  20|          13|           1|
    |icmp_ln52_44_fu_1957_p2     |      icmp|   0|  0|   9|           2|           1|
    |icmp_ln52_45_fu_2003_p2     |      icmp|   0|  0|  20|          13|           2|
    |icmp_ln52_46_fu_2009_p2     |      icmp|   0|  0|  20|          13|           1|
    |icmp_ln52_47_fu_2113_p2     |      icmp|   0|  0|   9|           2|           1|
    |icmp_ln52_48_fu_2159_p2     |      icmp|   0|  0|  20|          13|           2|
    |icmp_ln52_49_fu_2165_p2     |      icmp|   0|  0|  20|          13|           1|
    |icmp_ln52_50_fu_2269_p2     |      icmp|   0|  0|   9|           2|           1|
    |icmp_ln52_51_fu_2315_p2     |      icmp|   0|  0|  20|          13|           2|
    |icmp_ln52_52_fu_2321_p2     |      icmp|   0|  0|  20|          13|           1|
    |icmp_ln52_53_fu_2425_p2     |      icmp|   0|  0|   9|           2|           1|
    |icmp_ln52_54_fu_2471_p2     |      icmp|   0|  0|  20|          13|           2|
    |icmp_ln52_55_fu_2477_p2     |      icmp|   0|  0|  20|          13|           1|
    |icmp_ln52_56_fu_2581_p2     |      icmp|   0|  0|   9|           2|           1|
    |icmp_ln52_57_fu_2627_p2     |      icmp|   0|  0|  20|          13|           2|
    |icmp_ln52_58_fu_2633_p2     |      icmp|   0|  0|  20|          13|           1|
    |icmp_ln52_59_fu_2737_p2     |      icmp|   0|  0|   9|           2|           1|
    |icmp_ln52_60_fu_2783_p2     |      icmp|   0|  0|  20|          13|           2|
    |icmp_ln52_61_fu_2789_p2     |      icmp|   0|  0|  20|          13|           1|
    |icmp_ln52_62_fu_2893_p2     |      icmp|   0|  0|   9|           2|           1|
    |icmp_ln52_63_fu_2939_p2     |      icmp|   0|  0|  20|          13|           2|
    |icmp_ln52_64_fu_2945_p2     |      icmp|   0|  0|  20|          13|           1|
    |icmp_ln52_65_fu_3049_p2     |      icmp|   0|  0|   9|           2|           1|
    |icmp_ln52_66_fu_3095_p2     |      icmp|   0|  0|  20|          13|           2|
    |icmp_ln52_67_fu_3101_p2     |      icmp|   0|  0|  20|          13|           1|
    |icmp_ln52_68_fu_3205_p2     |      icmp|   0|  0|   9|           2|           1|
    |icmp_ln52_69_fu_3251_p2     |      icmp|   0|  0|  20|          13|           2|
    |icmp_ln52_70_fu_3257_p2     |      icmp|   0|  0|  20|          13|           1|
    |icmp_ln52_71_fu_3361_p2     |      icmp|   0|  0|   9|           2|           1|
    |icmp_ln52_72_fu_3407_p2     |      icmp|   0|  0|  20|          13|           2|
    |icmp_ln52_73_fu_3413_p2     |      icmp|   0|  0|  20|          13|           1|
    |icmp_ln52_74_fu_3517_p2     |      icmp|   0|  0|   9|           2|           1|
    |icmp_ln52_75_fu_3563_p2     |      icmp|   0|  0|  20|          13|           2|
    |icmp_ln52_76_fu_3569_p2     |      icmp|   0|  0|  20|          13|           1|
    |icmp_ln52_77_fu_3673_p2     |      icmp|   0|  0|   9|           2|           1|
    |icmp_ln52_78_fu_3719_p2     |      icmp|   0|  0|  20|          13|           2|
    |icmp_ln52_79_fu_3725_p2     |      icmp|   0|  0|  20|          13|           1|
    |icmp_ln52_80_fu_3829_p2     |      icmp|   0|  0|   9|           2|           1|
    |icmp_ln52_81_fu_3875_p2     |      icmp|   0|  0|  20|          13|           2|
    |icmp_ln52_82_fu_3881_p2     |      icmp|   0|  0|  20|          13|           1|
    |icmp_ln52_83_fu_3985_p2     |      icmp|   0|  0|   9|           2|           1|
    |icmp_ln52_84_fu_4031_p2     |      icmp|   0|  0|  20|          13|           2|
    |icmp_ln52_85_fu_4037_p2     |      icmp|   0|  0|  20|          13|           1|
    |icmp_ln52_86_fu_4141_p2     |      icmp|   0|  0|   9|           2|           1|
    |icmp_ln52_87_fu_4187_p2     |      icmp|   0|  0|  20|          13|           2|
    |icmp_ln52_88_fu_4193_p2     |      icmp|   0|  0|  20|          13|           1|
    |icmp_ln52_89_fu_4297_p2     |      icmp|   0|  0|   9|           2|           1|
    |icmp_ln52_90_fu_4343_p2     |      icmp|   0|  0|  20|          13|           2|
    |icmp_ln52_91_fu_4349_p2     |      icmp|   0|  0|  20|          13|           1|
    |icmp_ln52_92_fu_4453_p2     |      icmp|   0|  0|   9|           2|           1|
    |icmp_ln52_93_fu_4499_p2     |      icmp|   0|  0|  20|          13|           2|
    |icmp_ln52_94_fu_4505_p2     |      icmp|   0|  0|  20|          13|           1|
    |icmp_ln52_95_fu_4609_p2     |      icmp|   0|  0|   9|           2|           1|
    |icmp_ln52_96_fu_4655_p2     |      icmp|   0|  0|  20|          13|           2|
    |icmp_ln52_97_fu_4661_p2     |      icmp|   0|  0|  20|          13|           1|
    |icmp_ln52_98_fu_4765_p2     |      icmp|   0|  0|   9|           2|           1|
    |icmp_ln52_99_fu_4811_p2     |      icmp|   0|  0|  20|          13|           2|
    |icmp_ln52_fu_865_p2         |      icmp|   0|  0|   9|           2|           1|
    |ap_block_state1             |        or|   0|  0|   2|           1|           1|
    |or_ln52_100_fu_7386_p2      |        or|   0|  0|   2|           1|           1|
    |or_ln52_101_fu_4935_p2      |        or|   0|  0|   2|           1|           1|
    |or_ln52_102_fu_5009_p2      |        or|   0|  0|   2|           1|           1|
    |or_ln52_103_fu_7448_p2      |        or|   0|  0|   2|           1|           1|
    |or_ln52_104_fu_5091_p2      |        or|   0|  0|   2|           1|           1|
    |or_ln52_105_fu_5165_p2      |        or|   0|  0|   2|           1|           1|
    |or_ln52_106_fu_7510_p2      |        or|   0|  0|   2|           1|           1|
    |or_ln52_107_fu_5247_p2      |        or|   0|  0|   2|           1|           1|
    |or_ln52_108_fu_5321_p2      |        or|   0|  0|   2|           1|           1|
    |or_ln52_109_fu_7572_p2      |        or|   0|  0|   2|           1|           1|
    |or_ln52_110_fu_5403_p2      |        or|   0|  0|   2|           1|           1|
    |or_ln52_111_fu_5477_p2      |        or|   0|  0|   2|           1|           1|
    |or_ln52_112_fu_7634_p2      |        or|   0|  0|   2|           1|           1|
    |or_ln52_113_fu_5559_p2      |        or|   0|  0|   2|           1|           1|
    |or_ln52_114_fu_5633_p2      |        or|   0|  0|   2|           1|           1|
    |or_ln52_115_fu_7696_p2      |        or|   0|  0|   2|           1|           1|
    |or_ln52_116_fu_5715_p2      |        or|   0|  0|   2|           1|           1|
    |or_ln52_117_fu_5789_p2      |        or|   0|  0|   2|           1|           1|
    |or_ln52_118_fu_7758_p2      |        or|   0|  0|   2|           1|           1|
    |or_ln52_24_fu_953_p2        |        or|   0|  0|   2|           1|           1|
    |or_ln52_25_fu_5836_p2       |        or|   0|  0|   2|           1|           1|
    |or_ln52_26_fu_1035_p2       |        or|   0|  0|   2|           1|           1|
    |or_ln52_27_fu_1109_p2       |        or|   0|  0|   2|           1|           1|
    |or_ln52_28_fu_5898_p2       |        or|   0|  0|   2|           1|           1|
    |or_ln52_29_fu_1191_p2       |        or|   0|  0|   2|           1|           1|
    |or_ln52_30_fu_1265_p2       |        or|   0|  0|   2|           1|           1|
    |or_ln52_31_fu_5960_p2       |        or|   0|  0|   2|           1|           1|
    |or_ln52_32_fu_1347_p2       |        or|   0|  0|   2|           1|           1|
    |or_ln52_33_fu_1421_p2       |        or|   0|  0|   2|           1|           1|
    |or_ln52_34_fu_6022_p2       |        or|   0|  0|   2|           1|           1|
    |or_ln52_35_fu_1503_p2       |        or|   0|  0|   2|           1|           1|
    |or_ln52_36_fu_1577_p2       |        or|   0|  0|   2|           1|           1|
    |or_ln52_37_fu_6084_p2       |        or|   0|  0|   2|           1|           1|
    |or_ln52_38_fu_1659_p2       |        or|   0|  0|   2|           1|           1|
    |or_ln52_39_fu_1733_p2       |        or|   0|  0|   2|           1|           1|
    |or_ln52_40_fu_6146_p2       |        or|   0|  0|   2|           1|           1|
    |or_ln52_41_fu_1815_p2       |        or|   0|  0|   2|           1|           1|
    |or_ln52_42_fu_1889_p2       |        or|   0|  0|   2|           1|           1|
    |or_ln52_43_fu_6208_p2       |        or|   0|  0|   2|           1|           1|
    |or_ln52_44_fu_1971_p2       |        or|   0|  0|   2|           1|           1|
    |or_ln52_45_fu_2045_p2       |        or|   0|  0|   2|           1|           1|
    |or_ln52_46_fu_6270_p2       |        or|   0|  0|   2|           1|           1|
    |or_ln52_47_fu_2127_p2       |        or|   0|  0|   2|           1|           1|
    |or_ln52_48_fu_2201_p2       |        or|   0|  0|   2|           1|           1|
    |or_ln52_49_fu_6332_p2       |        or|   0|  0|   2|           1|           1|
    |or_ln52_50_fu_2283_p2       |        or|   0|  0|   2|           1|           1|
    |or_ln52_51_fu_2357_p2       |        or|   0|  0|   2|           1|           1|
    |or_ln52_52_fu_6394_p2       |        or|   0|  0|   2|           1|           1|
    |or_ln52_53_fu_2439_p2       |        or|   0|  0|   2|           1|           1|
    |or_ln52_54_fu_2513_p2       |        or|   0|  0|   2|           1|           1|
    |or_ln52_55_fu_6456_p2       |        or|   0|  0|   2|           1|           1|
    |or_ln52_56_fu_2595_p2       |        or|   0|  0|   2|           1|           1|
    |or_ln52_57_fu_2669_p2       |        or|   0|  0|   2|           1|           1|
    |or_ln52_58_fu_6518_p2       |        or|   0|  0|   2|           1|           1|
    |or_ln52_59_fu_2751_p2       |        or|   0|  0|   2|           1|           1|
    |or_ln52_60_fu_2825_p2       |        or|   0|  0|   2|           1|           1|
    |or_ln52_61_fu_6580_p2       |        or|   0|  0|   2|           1|           1|
    |or_ln52_62_fu_2907_p2       |        or|   0|  0|   2|           1|           1|
    |or_ln52_63_fu_2981_p2       |        or|   0|  0|   2|           1|           1|
    |or_ln52_64_fu_6642_p2       |        or|   0|  0|   2|           1|           1|
    |or_ln52_65_fu_3063_p2       |        or|   0|  0|   2|           1|           1|
    |or_ln52_66_fu_3137_p2       |        or|   0|  0|   2|           1|           1|
    |or_ln52_67_fu_6704_p2       |        or|   0|  0|   2|           1|           1|
    |or_ln52_68_fu_3219_p2       |        or|   0|  0|   2|           1|           1|
    |or_ln52_69_fu_3293_p2       |        or|   0|  0|   2|           1|           1|
    |or_ln52_70_fu_6766_p2       |        or|   0|  0|   2|           1|           1|
    |or_ln52_71_fu_3375_p2       |        or|   0|  0|   2|           1|           1|
    |or_ln52_72_fu_3449_p2       |        or|   0|  0|   2|           1|           1|
    |or_ln52_73_fu_6828_p2       |        or|   0|  0|   2|           1|           1|
    |or_ln52_74_fu_3531_p2       |        or|   0|  0|   2|           1|           1|
    |or_ln52_75_fu_3605_p2       |        or|   0|  0|   2|           1|           1|
    |or_ln52_76_fu_6890_p2       |        or|   0|  0|   2|           1|           1|
    |or_ln52_77_fu_3687_p2       |        or|   0|  0|   2|           1|           1|
    |or_ln52_78_fu_3761_p2       |        or|   0|  0|   2|           1|           1|
    |or_ln52_79_fu_6952_p2       |        or|   0|  0|   2|           1|           1|
    |or_ln52_80_fu_3843_p2       |        or|   0|  0|   2|           1|           1|
    |or_ln52_81_fu_3917_p2       |        or|   0|  0|   2|           1|           1|
    |or_ln52_82_fu_7014_p2       |        or|   0|  0|   2|           1|           1|
    |or_ln52_83_fu_3999_p2       |        or|   0|  0|   2|           1|           1|
    |or_ln52_84_fu_4073_p2       |        or|   0|  0|   2|           1|           1|
    |or_ln52_85_fu_7076_p2       |        or|   0|  0|   2|           1|           1|
    |or_ln52_86_fu_4155_p2       |        or|   0|  0|   2|           1|           1|
    |or_ln52_87_fu_4229_p2       |        or|   0|  0|   2|           1|           1|
    |or_ln52_88_fu_7138_p2       |        or|   0|  0|   2|           1|           1|
    |or_ln52_89_fu_4311_p2       |        or|   0|  0|   2|           1|           1|
    |or_ln52_90_fu_4385_p2       |        or|   0|  0|   2|           1|           1|
    |or_ln52_91_fu_7200_p2       |        or|   0|  0|   2|           1|           1|
    |or_ln52_92_fu_4467_p2       |        or|   0|  0|   2|           1|           1|
    |or_ln52_93_fu_4541_p2       |        or|   0|  0|   2|           1|           1|
    |or_ln52_94_fu_7262_p2       |        or|   0|  0|   2|           1|           1|
    |or_ln52_95_fu_4623_p2       |        or|   0|  0|   2|           1|           1|
    |or_ln52_96_fu_4697_p2       |        or|   0|  0|   2|           1|           1|
    |or_ln52_97_fu_7324_p2       |        or|   0|  0|   2|           1|           1|
    |or_ln52_98_fu_4779_p2       |        or|   0|  0|   2|           1|           1|
    |or_ln52_99_fu_4853_p2       |        or|   0|  0|   2|           1|           1|
    |or_ln52_fu_879_p2           |        or|   0|  0|   2|           1|           1|
    |out_data_16_fu_5917_p3      |    select|   0|  0|   8|           1|           8|
    |out_data_17_fu_5979_p3      |    select|   0|  0|   8|           1|           8|
    |out_data_18_fu_6041_p3      |    select|   0|  0|   8|           1|           8|
    |out_data_19_fu_6103_p3      |    select|   0|  0|   8|           1|           8|
    |out_data_20_fu_6165_p3      |    select|   0|  0|   8|           1|           8|
    |out_data_21_fu_6227_p3      |    select|   0|  0|   8|           1|           8|
    |out_data_22_fu_6289_p3      |    select|   0|  0|   8|           1|           8|
    |out_data_fu_5855_p3         |    select|   0|  0|   8|           1|           8|
    |select_ln51_10_fu_6482_p3   |    select|   0|  0|   8|           1|           8|
    |select_ln51_11_fu_6544_p3   |    select|   0|  0|   8|           1|           8|
    |select_ln51_12_fu_6606_p3   |    select|   0|  0|   8|           1|           8|
    |select_ln51_13_fu_6668_p3   |    select|   0|  0|   8|           1|           8|
    |select_ln51_14_fu_6730_p3   |    select|   0|  0|   8|           1|           8|
    |select_ln51_15_fu_6792_p3   |    select|   0|  0|   8|           1|           8|
    |select_ln51_16_fu_6854_p3   |    select|   0|  0|   8|           1|           8|
    |select_ln51_17_fu_6916_p3   |    select|   0|  0|   8|           1|           8|
    |select_ln51_18_fu_6978_p3   |    select|   0|  0|   8|           1|           8|
    |select_ln51_19_fu_7040_p3   |    select|   0|  0|   8|           1|           8|
    |select_ln51_1_fu_5924_p3    |    select|   0|  0|   8|           1|           8|
    |select_ln51_20_fu_7102_p3   |    select|   0|  0|   8|           1|           8|
    |select_ln51_21_fu_7164_p3   |    select|   0|  0|   8|           1|           8|
    |select_ln51_22_fu_7226_p3   |    select|   0|  0|   8|           1|           8|
    |select_ln51_23_fu_7288_p3   |    select|   0|  0|   8|           1|           8|
    |select_ln51_24_fu_7350_p3   |    select|   0|  0|   8|           1|           8|
    |select_ln51_25_fu_7412_p3   |    select|   0|  0|   8|           1|           8|
    |select_ln51_26_fu_7474_p3   |    select|   0|  0|   8|           1|           8|
    |select_ln51_27_fu_7536_p3   |    select|   0|  0|   8|           1|           8|
    |select_ln51_28_fu_7598_p3   |    select|   0|  0|   8|           1|           8|
    |select_ln51_29_fu_7660_p3   |    select|   0|  0|   8|           1|           8|
    |select_ln51_2_fu_5986_p3    |    select|   0|  0|   8|           1|           8|
    |select_ln51_30_fu_7722_p3   |    select|   0|  0|   8|           1|           8|
    |select_ln51_31_fu_7784_p3   |    select|   0|  0|   8|           1|           8|
    |select_ln51_3_fu_6048_p3    |    select|   0|  0|   8|           1|           8|
    |select_ln51_4_fu_6110_p3    |    select|   0|  0|   8|           1|           8|
    |select_ln51_5_fu_6172_p3    |    select|   0|  0|   8|           1|           8|
    |select_ln51_6_fu_6234_p3    |    select|   0|  0|   8|           1|           8|
    |select_ln51_7_fu_6296_p3    |    select|   0|  0|   8|           1|           8|
    |select_ln51_8_fu_6358_p3    |    select|   0|  0|   8|           1|           8|
    |select_ln51_9_fu_6420_p3    |    select|   0|  0|   8|           1|           8|
    |select_ln51_fu_5862_p3      |    select|   0|  0|   8|           1|           8|
    |select_ln52_100_fu_6351_p3  |    select|   0|  0|   8|           1|           8|
    |select_ln52_101_fu_2341_p3  |    select|   0|  0|   2|           1|           1|
    |select_ln52_102_fu_2349_p3  |    select|   0|  0|   2|           1|           1|
    |select_ln52_103_fu_6378_p3  |    select|   0|  0|   7|           1|           7|
    |select_ln52_104_fu_6400_p3  |    select|   0|  0|   8|           1|           8|
    |select_ln52_105_fu_6406_p3  |    select|   0|  0|   8|           1|           8|
    |select_ln52_106_fu_6413_p3  |    select|   0|  0|   8|           1|           8|
    |select_ln52_107_fu_2497_p3  |    select|   0|  0|   2|           1|           1|
    |select_ln52_108_fu_2505_p3  |    select|   0|  0|   2|           1|           1|
    |select_ln52_109_fu_6440_p3  |    select|   0|  0|   7|           1|           7|
    |select_ln52_110_fu_6462_p3  |    select|   0|  0|   8|           1|           8|
    |select_ln52_111_fu_6468_p3  |    select|   0|  0|   8|           1|           8|
    |select_ln52_112_fu_6475_p3  |    select|   0|  0|   8|           1|           8|
    |select_ln52_113_fu_2653_p3  |    select|   0|  0|   2|           1|           1|
    |select_ln52_114_fu_2661_p3  |    select|   0|  0|   2|           1|           1|
    |select_ln52_115_fu_6502_p3  |    select|   0|  0|   7|           1|           7|
    |select_ln52_116_fu_6524_p3  |    select|   0|  0|   8|           1|           8|
    |select_ln52_117_fu_6530_p3  |    select|   0|  0|   8|           1|           8|
    |select_ln52_118_fu_6537_p3  |    select|   0|  0|   8|           1|           8|
    |select_ln52_119_fu_2809_p3  |    select|   0|  0|   2|           1|           1|
    |select_ln52_120_fu_2817_p3  |    select|   0|  0|   2|           1|           1|
    |select_ln52_121_fu_6564_p3  |    select|   0|  0|   7|           1|           7|
    |select_ln52_122_fu_6586_p3  |    select|   0|  0|   8|           1|           8|
    |select_ln52_123_fu_6592_p3  |    select|   0|  0|   8|           1|           8|
    |select_ln52_124_fu_6599_p3  |    select|   0|  0|   8|           1|           8|
    |select_ln52_125_fu_2965_p3  |    select|   0|  0|   2|           1|           1|
    |select_ln52_126_fu_2973_p3  |    select|   0|  0|   2|           1|           1|
    |select_ln52_127_fu_6626_p3  |    select|   0|  0|   7|           1|           7|
    |select_ln52_128_fu_6648_p3  |    select|   0|  0|   8|           1|           8|
    |select_ln52_129_fu_6654_p3  |    select|   0|  0|   8|           1|           8|
    |select_ln52_130_fu_6661_p3  |    select|   0|  0|   8|           1|           8|
    |select_ln52_131_fu_3121_p3  |    select|   0|  0|   2|           1|           1|
    |select_ln52_132_fu_3129_p3  |    select|   0|  0|   2|           1|           1|
    |select_ln52_133_fu_6688_p3  |    select|   0|  0|   7|           1|           7|
    |select_ln52_134_fu_6710_p3  |    select|   0|  0|   8|           1|           8|
    |select_ln52_135_fu_6716_p3  |    select|   0|  0|   8|           1|           8|
    |select_ln52_136_fu_6723_p3  |    select|   0|  0|   8|           1|           8|
    |select_ln52_137_fu_3277_p3  |    select|   0|  0|   2|           1|           1|
    |select_ln52_138_fu_3285_p3  |    select|   0|  0|   2|           1|           1|
    |select_ln52_139_fu_6750_p3  |    select|   0|  0|   7|           1|           7|
    |select_ln52_140_fu_6772_p3  |    select|   0|  0|   8|           1|           8|
    |select_ln52_141_fu_6778_p3  |    select|   0|  0|   8|           1|           8|
    |select_ln52_142_fu_6785_p3  |    select|   0|  0|   8|           1|           8|
    |select_ln52_143_fu_3433_p3  |    select|   0|  0|   2|           1|           1|
    |select_ln52_144_fu_3441_p3  |    select|   0|  0|   2|           1|           1|
    |select_ln52_145_fu_6812_p3  |    select|   0|  0|   7|           1|           7|
    |select_ln52_146_fu_6834_p3  |    select|   0|  0|   8|           1|           8|
    |select_ln52_147_fu_6840_p3  |    select|   0|  0|   8|           1|           8|
    |select_ln52_148_fu_6847_p3  |    select|   0|  0|   8|           1|           8|
    |select_ln52_149_fu_3589_p3  |    select|   0|  0|   2|           1|           1|
    |select_ln52_150_fu_3597_p3  |    select|   0|  0|   2|           1|           1|
    |select_ln52_151_fu_6874_p3  |    select|   0|  0|   7|           1|           7|
    |select_ln52_152_fu_6896_p3  |    select|   0|  0|   8|           1|           8|
    |select_ln52_153_fu_6902_p3  |    select|   0|  0|   8|           1|           8|
    |select_ln52_154_fu_6909_p3  |    select|   0|  0|   8|           1|           8|
    |select_ln52_155_fu_3745_p3  |    select|   0|  0|   2|           1|           1|
    |select_ln52_156_fu_3753_p3  |    select|   0|  0|   2|           1|           1|
    |select_ln52_157_fu_6936_p3  |    select|   0|  0|   7|           1|           7|
    |select_ln52_158_fu_6958_p3  |    select|   0|  0|   8|           1|           8|
    |select_ln52_159_fu_6964_p3  |    select|   0|  0|   8|           1|           8|
    |select_ln52_160_fu_6971_p3  |    select|   0|  0|   8|           1|           8|
    |select_ln52_161_fu_3901_p3  |    select|   0|  0|   2|           1|           1|
    |select_ln52_162_fu_3909_p3  |    select|   0|  0|   2|           1|           1|
    |select_ln52_163_fu_6998_p3  |    select|   0|  0|   7|           1|           7|
    |select_ln52_164_fu_7020_p3  |    select|   0|  0|   8|           1|           8|
    |select_ln52_165_fu_7026_p3  |    select|   0|  0|   8|           1|           8|
    |select_ln52_166_fu_7033_p3  |    select|   0|  0|   8|           1|           8|
    |select_ln52_167_fu_4057_p3  |    select|   0|  0|   2|           1|           1|
    |select_ln52_168_fu_4065_p3  |    select|   0|  0|   2|           1|           1|
    |select_ln52_169_fu_7060_p3  |    select|   0|  0|   7|           1|           7|
    |select_ln52_170_fu_7082_p3  |    select|   0|  0|   8|           1|           8|
    |select_ln52_171_fu_7088_p3  |    select|   0|  0|   8|           1|           8|
    |select_ln52_172_fu_7095_p3  |    select|   0|  0|   8|           1|           8|
    |select_ln52_173_fu_4213_p3  |    select|   0|  0|   2|           1|           1|
    |select_ln52_174_fu_4221_p3  |    select|   0|  0|   2|           1|           1|
    |select_ln52_175_fu_7122_p3  |    select|   0|  0|   7|           1|           7|
    |select_ln52_176_fu_7144_p3  |    select|   0|  0|   8|           1|           8|
    |select_ln52_177_fu_7150_p3  |    select|   0|  0|   8|           1|           8|
    |select_ln52_178_fu_7157_p3  |    select|   0|  0|   8|           1|           8|
    |select_ln52_179_fu_4369_p3  |    select|   0|  0|   2|           1|           1|
    |select_ln52_180_fu_4377_p3  |    select|   0|  0|   2|           1|           1|
    |select_ln52_181_fu_7184_p3  |    select|   0|  0|   7|           1|           7|
    |select_ln52_182_fu_7206_p3  |    select|   0|  0|   8|           1|           8|
    |select_ln52_183_fu_7212_p3  |    select|   0|  0|   8|           1|           8|
    |select_ln52_184_fu_7219_p3  |    select|   0|  0|   8|           1|           8|
    |select_ln52_185_fu_4525_p3  |    select|   0|  0|   2|           1|           1|
    |select_ln52_186_fu_4533_p3  |    select|   0|  0|   2|           1|           1|
    |select_ln52_187_fu_7246_p3  |    select|   0|  0|   7|           1|           7|
    |select_ln52_188_fu_7268_p3  |    select|   0|  0|   8|           1|           8|
    |select_ln52_189_fu_7274_p3  |    select|   0|  0|   8|           1|           8|
    |select_ln52_190_fu_7281_p3  |    select|   0|  0|   8|           1|           8|
    |select_ln52_191_fu_4681_p3  |    select|   0|  0|   2|           1|           1|
    |select_ln52_192_fu_4689_p3  |    select|   0|  0|   2|           1|           1|
    |select_ln52_193_fu_7308_p3  |    select|   0|  0|   7|           1|           7|
    |select_ln52_194_fu_7330_p3  |    select|   0|  0|   8|           1|           8|
    |select_ln52_195_fu_7336_p3  |    select|   0|  0|   8|           1|           8|
    |select_ln52_196_fu_7343_p3  |    select|   0|  0|   8|           1|           8|
    |select_ln52_197_fu_4837_p3  |    select|   0|  0|   2|           1|           1|
    |select_ln52_198_fu_4845_p3  |    select|   0|  0|   2|           1|           1|
    |select_ln52_199_fu_7370_p3  |    select|   0|  0|   7|           1|           7|
    |select_ln52_200_fu_7392_p3  |    select|   0|  0|   8|           1|           8|
    |select_ln52_201_fu_7398_p3  |    select|   0|  0|   8|           1|           8|
    |select_ln52_202_fu_7405_p3  |    select|   0|  0|   8|           1|           8|
    |select_ln52_203_fu_4993_p3  |    select|   0|  0|   2|           1|           1|
    |select_ln52_204_fu_5001_p3  |    select|   0|  0|   2|           1|           1|
    |select_ln52_205_fu_7432_p3  |    select|   0|  0|   7|           1|           7|
    |select_ln52_206_fu_7454_p3  |    select|   0|  0|   8|           1|           8|
    |select_ln52_207_fu_7460_p3  |    select|   0|  0|   8|           1|           8|
    |select_ln52_208_fu_7467_p3  |    select|   0|  0|   8|           1|           8|
    |select_ln52_209_fu_5149_p3  |    select|   0|  0|   2|           1|           1|
    |select_ln52_210_fu_5157_p3  |    select|   0|  0|   2|           1|           1|
    |select_ln52_211_fu_7494_p3  |    select|   0|  0|   7|           1|           7|
    |select_ln52_212_fu_7516_p3  |    select|   0|  0|   8|           1|           8|
    |select_ln52_213_fu_7522_p3  |    select|   0|  0|   8|           1|           8|
    |select_ln52_214_fu_7529_p3  |    select|   0|  0|   8|           1|           8|
    |select_ln52_215_fu_5305_p3  |    select|   0|  0|   2|           1|           1|
    |select_ln52_216_fu_5313_p3  |    select|   0|  0|   2|           1|           1|
    |select_ln52_217_fu_7556_p3  |    select|   0|  0|   7|           1|           7|
    |select_ln52_218_fu_7578_p3  |    select|   0|  0|   8|           1|           8|
    |select_ln52_219_fu_7584_p3  |    select|   0|  0|   8|           1|           8|
    |select_ln52_220_fu_7591_p3  |    select|   0|  0|   8|           1|           8|
    |select_ln52_221_fu_5461_p3  |    select|   0|  0|   2|           1|           1|
    |select_ln52_222_fu_5469_p3  |    select|   0|  0|   2|           1|           1|
    |select_ln52_223_fu_7618_p3  |    select|   0|  0|   7|           1|           7|
    |select_ln52_224_fu_7640_p3  |    select|   0|  0|   8|           1|           8|
    |select_ln52_225_fu_7646_p3  |    select|   0|  0|   8|           1|           8|
    |select_ln52_226_fu_7653_p3  |    select|   0|  0|   8|           1|           8|
    |select_ln52_227_fu_5617_p3  |    select|   0|  0|   2|           1|           1|
    |select_ln52_228_fu_5625_p3  |    select|   0|  0|   2|           1|           1|
    |select_ln52_229_fu_7680_p3  |    select|   0|  0|   7|           1|           7|
    |select_ln52_230_fu_7702_p3  |    select|   0|  0|   8|           1|           8|
    |select_ln52_231_fu_7708_p3  |    select|   0|  0|   8|           1|           8|
    |select_ln52_232_fu_7715_p3  |    select|   0|  0|   8|           1|           8|
    |select_ln52_233_fu_5773_p3  |    select|   0|  0|   2|           1|           1|
    |select_ln52_234_fu_5781_p3  |    select|   0|  0|   2|           1|           1|
    |select_ln52_235_fu_7742_p3  |    select|   0|  0|   7|           1|           7|
    |select_ln52_236_fu_7764_p3  |    select|   0|  0|   8|           1|           8|
    |select_ln52_237_fu_7770_p3  |    select|   0|  0|   8|           1|           8|
    |select_ln52_238_fu_7777_p3  |    select|   0|  0|   8|           1|           8|
    |select_ln52_48_fu_945_p3    |    select|   0|  0|   2|           1|           1|
    |select_ln52_49_fu_5820_p3   |    select|   0|  0|   7|           1|           7|
    |select_ln52_50_fu_5842_p3   |    select|   0|  0|   8|           1|           8|
    |select_ln52_51_fu_5848_p3   |    select|   0|  0|   8|           1|           8|
    |select_ln52_53_fu_1093_p3   |    select|   0|  0|   2|           1|           1|
    |select_ln52_54_fu_1101_p3   |    select|   0|  0|   2|           1|           1|
    |select_ln52_55_fu_5882_p3   |    select|   0|  0|   7|           1|           7|
    |select_ln52_56_fu_5904_p3   |    select|   0|  0|   8|           1|           8|
    |select_ln52_57_fu_5910_p3   |    select|   0|  0|   8|           1|           8|
    |select_ln52_59_fu_1249_p3   |    select|   0|  0|   2|           1|           1|
    |select_ln52_60_fu_1257_p3   |    select|   0|  0|   2|           1|           1|
    |select_ln52_61_fu_5944_p3   |    select|   0|  0|   7|           1|           7|
    |select_ln52_62_fu_5966_p3   |    select|   0|  0|   8|           1|           8|
    |select_ln52_63_fu_5972_p3   |    select|   0|  0|   8|           1|           8|
    |select_ln52_65_fu_1405_p3   |    select|   0|  0|   2|           1|           1|
    |select_ln52_66_fu_1413_p3   |    select|   0|  0|   2|           1|           1|
    |select_ln52_67_fu_6006_p3   |    select|   0|  0|   7|           1|           7|
    |select_ln52_68_fu_6028_p3   |    select|   0|  0|   8|           1|           8|
    |select_ln52_69_fu_6034_p3   |    select|   0|  0|   8|           1|           8|
    |select_ln52_71_fu_1561_p3   |    select|   0|  0|   2|           1|           1|
    |select_ln52_72_fu_1569_p3   |    select|   0|  0|   2|           1|           1|
    |select_ln52_73_fu_6068_p3   |    select|   0|  0|   7|           1|           7|
    |select_ln52_74_fu_6090_p3   |    select|   0|  0|   8|           1|           8|
    |select_ln52_75_fu_6096_p3   |    select|   0|  0|   8|           1|           8|
    |select_ln52_77_fu_1717_p3   |    select|   0|  0|   2|           1|           1|
    |select_ln52_78_fu_1725_p3   |    select|   0|  0|   2|           1|           1|
    |select_ln52_79_fu_6130_p3   |    select|   0|  0|   7|           1|           7|
    |select_ln52_80_fu_6152_p3   |    select|   0|  0|   8|           1|           8|
    |select_ln52_81_fu_6158_p3   |    select|   0|  0|   8|           1|           8|
    |select_ln52_83_fu_1873_p3   |    select|   0|  0|   2|           1|           1|
    |select_ln52_84_fu_1881_p3   |    select|   0|  0|   2|           1|           1|
    |select_ln52_85_fu_6192_p3   |    select|   0|  0|   7|           1|           7|
    |select_ln52_86_fu_6214_p3   |    select|   0|  0|   8|           1|           8|
    |select_ln52_87_fu_6220_p3   |    select|   0|  0|   8|           1|           8|
    |select_ln52_89_fu_2029_p3   |    select|   0|  0|   2|           1|           1|
    |select_ln52_90_fu_2037_p3   |    select|   0|  0|   2|           1|           1|
    |select_ln52_91_fu_6254_p3   |    select|   0|  0|   7|           1|           7|
    |select_ln52_92_fu_6276_p3   |    select|   0|  0|   8|           1|           8|
    |select_ln52_93_fu_6282_p3   |    select|   0|  0|   8|           1|           8|
    |select_ln52_95_fu_2185_p3   |    select|   0|  0|   2|           1|           1|
    |select_ln52_96_fu_2193_p3   |    select|   0|  0|   2|           1|           1|
    |select_ln52_97_fu_6316_p3   |    select|   0|  0|   7|           1|           7|
    |select_ln52_98_fu_6338_p3   |    select|   0|  0|   8|           1|           8|
    |select_ln52_99_fu_6344_p3   |    select|   0|  0|   8|           1|           8|
    |select_ln52_fu_937_p3       |    select|   0|  0|   2|           1|           1|
    |xor_ln52_100_fu_4207_p2     |       xor|   0|  0|   2|           1|           2|
    |xor_ln52_101_fu_4363_p2     |       xor|   0|  0|   2|           1|           2|
    |xor_ln52_102_fu_4519_p2     |       xor|   0|  0|   2|           1|           2|
    |xor_ln52_103_fu_4675_p2     |       xor|   0|  0|   2|           1|           2|
    |xor_ln52_104_fu_4831_p2     |       xor|   0|  0|   2|           1|           2|
    |xor_ln52_105_fu_4987_p2     |       xor|   0|  0|   2|           1|           2|
    |xor_ln52_106_fu_5143_p2     |       xor|   0|  0|   2|           1|           2|
    |xor_ln52_107_fu_5299_p2     |       xor|   0|  0|   2|           1|           2|
    |xor_ln52_108_fu_5455_p2     |       xor|   0|  0|   2|           1|           2|
    |xor_ln52_109_fu_5611_p2     |       xor|   0|  0|   2|           1|           2|
    |xor_ln52_110_fu_5767_p2     |       xor|   0|  0|   2|           1|           2|
    |xor_ln52_16_fu_5815_p2      |       xor|   0|  0|   2|           2|           1|
    |xor_ln52_17_fu_5872_p2      |       xor|   0|  0|   2|           1|           2|
    |xor_ln52_18_fu_5877_p2      |       xor|   0|  0|   2|           2|           1|
    |xor_ln52_19_fu_5934_p2      |       xor|   0|  0|   2|           1|           2|
    |xor_ln52_20_fu_5939_p2      |       xor|   0|  0|   2|           2|           1|
    |xor_ln52_21_fu_5996_p2      |       xor|   0|  0|   2|           1|           2|
    |xor_ln52_22_fu_6001_p2      |       xor|   0|  0|   2|           2|           1|
    |xor_ln52_23_fu_6058_p2      |       xor|   0|  0|   2|           1|           2|
    |xor_ln52_24_fu_6063_p2      |       xor|   0|  0|   2|           2|           1|
    |xor_ln52_25_fu_6120_p2      |       xor|   0|  0|   2|           1|           2|
    |xor_ln52_26_fu_6125_p2      |       xor|   0|  0|   2|           2|           1|
    |xor_ln52_27_fu_6182_p2      |       xor|   0|  0|   2|           1|           2|
    |xor_ln52_28_fu_6187_p2      |       xor|   0|  0|   2|           2|           1|
    |xor_ln52_29_fu_6244_p2      |       xor|   0|  0|   2|           1|           2|
    |xor_ln52_30_fu_6249_p2      |       xor|   0|  0|   2|           2|           1|
    |xor_ln52_31_fu_6306_p2      |       xor|   0|  0|   2|           1|           2|
    |xor_ln52_32_fu_6311_p2      |       xor|   0|  0|   2|           2|           1|
    |xor_ln52_33_fu_6368_p2      |       xor|   0|  0|   2|           1|           2|
    |xor_ln52_34_fu_6373_p2      |       xor|   0|  0|   2|           2|           1|
    |xor_ln52_35_fu_6430_p2      |       xor|   0|  0|   2|           1|           2|
    |xor_ln52_36_fu_6435_p2      |       xor|   0|  0|   2|           2|           1|
    |xor_ln52_37_fu_6492_p2      |       xor|   0|  0|   2|           1|           2|
    |xor_ln52_38_fu_6497_p2      |       xor|   0|  0|   2|           2|           1|
    |xor_ln52_39_fu_6554_p2      |       xor|   0|  0|   2|           1|           2|
    |xor_ln52_40_fu_6559_p2      |       xor|   0|  0|   2|           2|           1|
    |xor_ln52_41_fu_6616_p2      |       xor|   0|  0|   2|           1|           2|
    |xor_ln52_42_fu_6621_p2      |       xor|   0|  0|   2|           2|           1|
    |xor_ln52_43_fu_6678_p2      |       xor|   0|  0|   2|           1|           2|
    |xor_ln52_44_fu_6683_p2      |       xor|   0|  0|   2|           2|           1|
    |xor_ln52_45_fu_6740_p2      |       xor|   0|  0|   2|           1|           2|
    |xor_ln52_46_fu_6745_p2      |       xor|   0|  0|   2|           2|           1|
    |xor_ln52_47_fu_6802_p2      |       xor|   0|  0|   2|           1|           2|
    |xor_ln52_48_fu_6807_p2      |       xor|   0|  0|   2|           2|           1|
    |xor_ln52_49_fu_6864_p2      |       xor|   0|  0|   2|           1|           2|
    |xor_ln52_50_fu_6869_p2      |       xor|   0|  0|   2|           2|           1|
    |xor_ln52_51_fu_6926_p2      |       xor|   0|  0|   2|           1|           2|
    |xor_ln52_52_fu_6931_p2      |       xor|   0|  0|   2|           2|           1|
    |xor_ln52_53_fu_6988_p2      |       xor|   0|  0|   2|           1|           2|
    |xor_ln52_54_fu_6993_p2      |       xor|   0|  0|   2|           2|           1|
    |xor_ln52_55_fu_7050_p2      |       xor|   0|  0|   2|           1|           2|
    |xor_ln52_56_fu_7055_p2      |       xor|   0|  0|   2|           2|           1|
    |xor_ln52_57_fu_7112_p2      |       xor|   0|  0|   2|           1|           2|
    |xor_ln52_58_fu_7117_p2      |       xor|   0|  0|   2|           2|           1|
    |xor_ln52_59_fu_7174_p2      |       xor|   0|  0|   2|           1|           2|
    |xor_ln52_60_fu_7179_p2      |       xor|   0|  0|   2|           2|           1|
    |xor_ln52_61_fu_7236_p2      |       xor|   0|  0|   2|           1|           2|
    |xor_ln52_62_fu_7241_p2      |       xor|   0|  0|   2|           2|           1|
    |xor_ln52_63_fu_7298_p2      |       xor|   0|  0|   2|           1|           2|
    |xor_ln52_64_fu_7303_p2      |       xor|   0|  0|   2|           2|           1|
    |xor_ln52_65_fu_7360_p2      |       xor|   0|  0|   2|           1|           2|
    |xor_ln52_66_fu_7365_p2      |       xor|   0|  0|   2|           2|           1|
    |xor_ln52_67_fu_7422_p2      |       xor|   0|  0|   2|           1|           2|
    |xor_ln52_68_fu_7427_p2      |       xor|   0|  0|   2|           2|           1|
    |xor_ln52_69_fu_7484_p2      |       xor|   0|  0|   2|           1|           2|
    |xor_ln52_70_fu_7489_p2      |       xor|   0|  0|   2|           2|           1|
    |xor_ln52_71_fu_7546_p2      |       xor|   0|  0|   2|           1|           2|
    |xor_ln52_72_fu_7551_p2      |       xor|   0|  0|   2|           2|           1|
    |xor_ln52_73_fu_7608_p2      |       xor|   0|  0|   2|           1|           2|
    |xor_ln52_74_fu_7613_p2      |       xor|   0|  0|   2|           2|           1|
    |xor_ln52_75_fu_7670_p2      |       xor|   0|  0|   2|           1|           2|
    |xor_ln52_76_fu_7675_p2      |       xor|   0|  0|   2|           2|           1|
    |xor_ln52_77_fu_7732_p2      |       xor|   0|  0|   2|           1|           2|
    |xor_ln52_78_fu_7737_p2      |       xor|   0|  0|   2|           2|           1|
    |xor_ln52_79_fu_931_p2       |       xor|   0|  0|   2|           1|           2|
    |xor_ln52_80_fu_1087_p2      |       xor|   0|  0|   2|           1|           2|
    |xor_ln52_81_fu_1243_p2      |       xor|   0|  0|   2|           1|           2|
    |xor_ln52_82_fu_1399_p2      |       xor|   0|  0|   2|           1|           2|
    |xor_ln52_83_fu_1555_p2      |       xor|   0|  0|   2|           1|           2|
    |xor_ln52_84_fu_1711_p2      |       xor|   0|  0|   2|           1|           2|
    |xor_ln52_85_fu_1867_p2      |       xor|   0|  0|   2|           1|           2|
    |xor_ln52_86_fu_2023_p2      |       xor|   0|  0|   2|           1|           2|
    |xor_ln52_87_fu_2179_p2      |       xor|   0|  0|   2|           1|           2|
    |xor_ln52_88_fu_2335_p2      |       xor|   0|  0|   2|           1|           2|
    |xor_ln52_89_fu_2491_p2      |       xor|   0|  0|   2|           1|           2|
    |xor_ln52_90_fu_2647_p2      |       xor|   0|  0|   2|           1|           2|
    |xor_ln52_91_fu_2803_p2      |       xor|   0|  0|   2|           1|           2|
    |xor_ln52_92_fu_2959_p2      |       xor|   0|  0|   2|           1|           2|
    |xor_ln52_93_fu_3115_p2      |       xor|   0|  0|   2|           1|           2|
    |xor_ln52_94_fu_3271_p2      |       xor|   0|  0|   2|           1|           2|
    |xor_ln52_95_fu_3427_p2      |       xor|   0|  0|   2|           1|           2|
    |xor_ln52_96_fu_3583_p2      |       xor|   0|  0|   2|           1|           2|
    |xor_ln52_97_fu_3739_p2      |       xor|   0|  0|   2|           1|           2|
    |xor_ln52_98_fu_3895_p2      |       xor|   0|  0|   2|           1|           2|
    |xor_ln52_99_fu_4051_p2      |       xor|   0|  0|   2|           1|           2|
    |xor_ln52_fu_5810_p2         |       xor|   0|  0|   2|           1|           2|
    +----------------------------+----------+----+---+----+------------+------------+
    |Total                       |          |   0|  0|5058|        2497|        2113|
    +----------------------------+----------+----+---+----+------------+------------+

    * Multiplexer: 
    +-------------------+----+-----------+-----+-----------+
    |        Name       | LUT| Input Size| Bits| Total Bits|
    +-------------------+----+-----------+-----+-----------+
    |ap_NS_fsm          |  14|          3|    1|          3|
    |ap_done            |   9|          2|    1|          2|
    |layer18_out_blk_n  |   9|          2|    1|          2|
    |layer20_out_blk_n  |   9|          2|    1|          2|
    |real_start         |   9|          2|    1|          2|
    +-------------------+----+-----------+-----+-----------+
    |Total              |  50|         11|    5|         11|
    +-------------------+----+-----------+-----+-----------+

    * Register: 
    +-----------------------+---+----+-----+-----------+
    |          Name         | FF| LUT| Bits| Const Bits|
    +-----------------------+---+----+-----+-----------+
    |add_ln52_10_reg_7961   |  8|   0|    8|          0|
    |add_ln52_11_reg_7991   |  8|   0|    8|          0|
    |add_ln52_12_reg_8021   |  8|   0|    8|          0|
    |add_ln52_13_reg_8051   |  8|   0|    8|          0|
    |add_ln52_14_reg_8081   |  8|   0|    8|          0|
    |add_ln52_15_reg_8111   |  8|   0|    8|          0|
    |add_ln52_16_reg_8141   |  8|   0|    8|          0|
    |add_ln52_17_reg_8171   |  8|   0|    8|          0|
    |add_ln52_18_reg_8201   |  8|   0|    8|          0|
    |add_ln52_19_reg_8231   |  8|   0|    8|          0|
    |add_ln52_20_reg_8261   |  8|   0|    8|          0|
    |add_ln52_21_reg_8291   |  8|   0|    8|          0|
    |add_ln52_22_reg_8321   |  8|   0|    8|          0|
    |add_ln52_23_reg_8351   |  8|   0|    8|          0|
    |add_ln52_24_reg_8381   |  8|   0|    8|          0|
    |add_ln52_25_reg_8411   |  8|   0|    8|          0|
    |add_ln52_26_reg_8441   |  8|   0|    8|          0|
    |add_ln52_27_reg_8471   |  8|   0|    8|          0|
    |add_ln52_28_reg_8501   |  8|   0|    8|          0|
    |add_ln52_29_reg_8531   |  8|   0|    8|          0|
    |add_ln52_30_reg_8561   |  8|   0|    8|          0|
    |add_ln52_31_reg_8591   |  8|   0|    8|          0|
    |add_ln52_32_reg_8621   |  8|   0|    8|          0|
    |add_ln52_33_reg_8651   |  8|   0|    8|          0|
    |add_ln52_34_reg_8681   |  8|   0|    8|          0|
    |add_ln52_35_reg_8711   |  8|   0|    8|          0|
    |add_ln52_36_reg_8741   |  8|   0|    8|          0|
    |add_ln52_37_reg_8771   |  8|   0|    8|          0|
    |add_ln52_38_reg_8801   |  8|   0|    8|          0|
    |add_ln52_8_reg_7901    |  8|   0|    8|          0|
    |add_ln52_9_reg_7931    |  8|   0|    8|          0|
    |add_ln52_reg_7871      |  8|   0|    8|          0|
    |and_ln52_101_reg_8394  |  1|   0|    1|          0|
    |and_ln52_105_reg_8424  |  1|   0|    1|          0|
    |and_ln52_109_reg_8454  |  1|   0|    1|          0|
    |and_ln52_113_reg_8484  |  1|   0|    1|          0|
    |and_ln52_117_reg_8514  |  1|   0|    1|          0|
    |and_ln52_121_reg_8544  |  1|   0|    1|          0|
    |and_ln52_124_reg_8574  |  1|   0|    1|          0|
    |and_ln52_126_reg_8604  |  1|   0|    1|          0|
    |and_ln52_128_reg_8634  |  1|   0|    1|          0|
    |and_ln52_130_reg_8664  |  1|   0|    1|          0|
    |and_ln52_132_reg_8694  |  1|   0|    1|          0|
    |and_ln52_134_reg_8724  |  1|   0|    1|          0|
    |and_ln52_136_reg_8754  |  1|   0|    1|          0|
    |and_ln52_138_reg_8784  |  1|   0|    1|          0|
    |and_ln52_140_reg_8814  |  1|   0|    1|          0|
    |and_ln52_33_reg_7884   |  1|   0|    1|          0|
    |and_ln52_37_reg_7914   |  1|   0|    1|          0|
    |and_ln52_41_reg_7944   |  1|   0|    1|          0|
    |and_ln52_45_reg_7974   |  1|   0|    1|          0|
    |and_ln52_49_reg_8004   |  1|   0|    1|          0|
    |and_ln52_53_reg_8034   |  1|   0|    1|          0|
    |and_ln52_57_reg_8064   |  1|   0|    1|          0|
    |and_ln52_61_reg_8094   |  1|   0|    1|          0|
    |and_ln52_65_reg_8124   |  1|   0|    1|          0|
    |and_ln52_69_reg_8154   |  1|   0|    1|          0|
    |and_ln52_73_reg_8184   |  1|   0|    1|          0|
    |and_ln52_77_reg_8214   |  1|   0|    1|          0|
    |and_ln52_81_reg_8244   |  1|   0|    1|          0|
    |and_ln52_85_reg_8274   |  1|   0|    1|          0|
    |and_ln52_89_reg_8304   |  1|   0|    1|          0|
    |and_ln52_93_reg_8334   |  1|   0|    1|          0|
    |and_ln52_97_reg_8364   |  1|   0|    1|          0|
    |ap_CS_fsm              |  2|   0|    2|          0|
    |ap_done_reg            |  1|   0|    1|          0|
    |icmp_ln51_10_reg_7950  |  1|   0|    1|          0|
    |icmp_ln51_11_reg_7980  |  1|   0|    1|          0|
    |icmp_ln51_12_reg_8010  |  1|   0|    1|          0|
    |icmp_ln51_13_reg_8040  |  1|   0|    1|          0|
    |icmp_ln51_14_reg_8070  |  1|   0|    1|          0|
    |icmp_ln51_15_reg_8100  |  1|   0|    1|          0|
    |icmp_ln51_16_reg_8130  |  1|   0|    1|          0|
    |icmp_ln51_17_reg_8160  |  1|   0|    1|          0|
    |icmp_ln51_18_reg_8190  |  1|   0|    1|          0|
    |icmp_ln51_19_reg_8220  |  1|   0|    1|          0|
    |icmp_ln51_20_reg_8250  |  1|   0|    1|          0|
    |icmp_ln51_21_reg_8280  |  1|   0|    1|          0|
    |icmp_ln51_22_reg_8310  |  1|   0|    1|          0|
    |icmp_ln51_23_reg_8340  |  1|   0|    1|          0|
    |icmp_ln51_24_reg_8370  |  1|   0|    1|          0|
    |icmp_ln51_25_reg_8400  |  1|   0|    1|          0|
    |icmp_ln51_26_reg_8430  |  1|   0|    1|          0|
    |icmp_ln51_27_reg_8460  |  1|   0|    1|          0|
    |icmp_ln51_28_reg_8490  |  1|   0|    1|          0|
    |icmp_ln51_29_reg_8520  |  1|   0|    1|          0|
    |icmp_ln51_30_reg_8550  |  1|   0|    1|          0|
    |icmp_ln51_31_reg_8580  |  1|   0|    1|          0|
    |icmp_ln51_32_reg_8610  |  1|   0|    1|          0|
    |icmp_ln51_33_reg_8640  |  1|   0|    1|          0|
    |icmp_ln51_34_reg_8670  |  1|   0|    1|          0|
    |icmp_ln51_35_reg_8700  |  1|   0|    1|          0|
    |icmp_ln51_36_reg_8730  |  1|   0|    1|          0|
    |icmp_ln51_37_reg_8760  |  1|   0|    1|          0|
    |icmp_ln51_38_reg_8790  |  1|   0|    1|          0|
    |icmp_ln51_8_reg_7890   |  1|   0|    1|          0|
    |icmp_ln51_9_reg_7920   |  1|   0|    1|          0|
    |icmp_ln51_reg_7860     |  1|   0|    1|          0|
    |or_ln52_102_reg_8658   |  1|   0|    1|          0|
    |or_ln52_105_reg_8688   |  1|   0|    1|          0|
    |or_ln52_108_reg_8718   |  1|   0|    1|          0|
    |or_ln52_111_reg_8748   |  1|   0|    1|          0|
    |or_ln52_114_reg_8778   |  1|   0|    1|          0|
    |or_ln52_117_reg_8808   |  1|   0|    1|          0|
    |or_ln52_24_reg_7878    |  1|   0|    1|          0|
    |or_ln52_27_reg_7908    |  1|   0|    1|          0|
    |or_ln52_30_reg_7938    |  1|   0|    1|          0|
    |or_ln52_33_reg_7968    |  1|   0|    1|          0|
    |or_ln52_36_reg_7998    |  1|   0|    1|          0|
    |or_ln52_39_reg_8028    |  1|   0|    1|          0|
    |or_ln52_42_reg_8058    |  1|   0|    1|          0|
    |or_ln52_45_reg_8088    |  1|   0|    1|          0|
    |or_ln52_48_reg_8118    |  1|   0|    1|          0|
    |or_ln52_51_reg_8148    |  1|   0|    1|          0|
    |or_ln52_54_reg_8178    |  1|   0|    1|          0|
    |or_ln52_57_reg_8208    |  1|   0|    1|          0|
    |or_ln52_60_reg_8238    |  1|   0|    1|          0|
    |or_ln52_63_reg_8268    |  1|   0|    1|          0|
    |or_ln52_66_reg_8298    |  1|   0|    1|          0|
    |or_ln52_69_reg_8328    |  1|   0|    1|          0|
    |or_ln52_72_reg_8358    |  1|   0|    1|          0|
    |or_ln52_75_reg_8388    |  1|   0|    1|          0|
    |or_ln52_78_reg_8418    |  1|   0|    1|          0|
    |or_ln52_81_reg_8448    |  1|   0|    1|          0|
    |or_ln52_84_reg_8478    |  1|   0|    1|          0|
    |or_ln52_87_reg_8508    |  1|   0|    1|          0|
    |or_ln52_90_reg_8538    |  1|   0|    1|          0|
    |or_ln52_93_reg_8568    |  1|   0|    1|          0|
    |or_ln52_96_reg_8598    |  1|   0|    1|          0|
    |or_ln52_99_reg_8628    |  1|   0|    1|          0|
    |start_once_reg         |  1|   0|    1|          0|
    |tmp_103_reg_8015       |  1|   0|    1|          0|
    |tmp_108_reg_8045       |  1|   0|    1|          0|
    |tmp_113_reg_8075       |  1|   0|    1|          0|
    |tmp_118_reg_8105       |  1|   0|    1|          0|
    |tmp_123_reg_8135       |  1|   0|    1|          0|
    |tmp_128_reg_8165       |  1|   0|    1|          0|
    |tmp_133_reg_8195       |  1|   0|    1|          0|
    |tmp_138_reg_8225       |  1|   0|    1|          0|
    |tmp_143_reg_8255       |  1|   0|    1|          0|
    |tmp_148_reg_8285       |  1|   0|    1|          0|
    |tmp_153_reg_8315       |  1|   0|    1|          0|
    |tmp_158_reg_8345       |  1|   0|    1|          0|
    |tmp_163_reg_8375       |  1|   0|    1|          0|
    |tmp_168_reg_8405       |  1|   0|    1|          0|
    |tmp_173_reg_8435       |  1|   0|    1|          0|
    |tmp_178_reg_8465       |  1|   0|    1|          0|
    |tmp_183_reg_8495       |  1|   0|    1|          0|
    |tmp_188_reg_8525       |  1|   0|    1|          0|
    |tmp_193_reg_8555       |  1|   0|    1|          0|
    |tmp_198_reg_8585       |  1|   0|    1|          0|
    |tmp_203_reg_8615       |  1|   0|    1|          0|
    |tmp_208_reg_8645       |  1|   0|    1|          0|
    |tmp_213_reg_8675       |  1|   0|    1|          0|
    |tmp_218_reg_8705       |  1|   0|    1|          0|
    |tmp_223_reg_8735       |  1|   0|    1|          0|
    |tmp_228_reg_8765       |  1|   0|    1|          0|
    |tmp_233_reg_8795       |  1|   0|    1|          0|
    |tmp_83_reg_7895        |  1|   0|    1|          0|
    |tmp_88_reg_7925        |  1|   0|    1|          0|
    |tmp_93_reg_7955        |  1|   0|    1|          0|
    |tmp_98_reg_7985        |  1|   0|    1|          0|
    |tmp_reg_7865           |  1|   0|    1|          0|
    +-----------------------+---+----+-----+-----------+
    |Total                  |388|   0|  388|          0|
    +-----------------------+---+----+-----+-----------+



================================================================
== Interface
================================================================
* Summary: 
+----------------------------+-----+-----+------------+-------------------------------------------------------------------------+--------------+
|          RTL Ports         | Dir | Bits|  Protocol  |                              Source Object                              |    C Type    |
+----------------------------+-----+-----+------------+-------------------------------------------------------------------------+--------------+
|ap_clk                      |   in|    1|  ap_ctrl_hs|  relu<array<ap_fixed,32u>,array<ap_ufixed<8,4,4,0,0>,32u>,relu_config20>|  return value|
|ap_rst                      |   in|    1|  ap_ctrl_hs|  relu<array<ap_fixed,32u>,array<ap_ufixed<8,4,4,0,0>,32u>,relu_config20>|  return value|
|ap_start                    |   in|    1|  ap_ctrl_hs|  relu<array<ap_fixed,32u>,array<ap_ufixed<8,4,4,0,0>,32u>,relu_config20>|  return value|
|start_full_n                |   in|    1|  ap_ctrl_hs|  relu<array<ap_fixed,32u>,array<ap_ufixed<8,4,4,0,0>,32u>,relu_config20>|  return value|
|ap_done                     |  out|    1|  ap_ctrl_hs|  relu<array<ap_fixed,32u>,array<ap_ufixed<8,4,4,0,0>,32u>,relu_config20>|  return value|
|ap_continue                 |   in|    1|  ap_ctrl_hs|  relu<array<ap_fixed,32u>,array<ap_ufixed<8,4,4,0,0>,32u>,relu_config20>|  return value|
|ap_idle                     |  out|    1|  ap_ctrl_hs|  relu<array<ap_fixed,32u>,array<ap_ufixed<8,4,4,0,0>,32u>,relu_config20>|  return value|
|ap_ready                    |  out|    1|  ap_ctrl_hs|  relu<array<ap_fixed,32u>,array<ap_ufixed<8,4,4,0,0>,32u>,relu_config20>|  return value|
|start_out                   |  out|    1|  ap_ctrl_hs|  relu<array<ap_fixed,32u>,array<ap_ufixed<8,4,4,0,0>,32u>,relu_config20>|  return value|
|start_write                 |  out|    1|  ap_ctrl_hs|  relu<array<ap_fixed,32u>,array<ap_ufixed<8,4,4,0,0>,32u>,relu_config20>|  return value|
|layer18_out_dout            |   in|  768|     ap_fifo|                                                              layer18_out|       pointer|
|layer18_out_num_data_valid  |   in|    2|     ap_fifo|                                                              layer18_out|       pointer|
|layer18_out_fifo_cap        |   in|    2|     ap_fifo|                                                              layer18_out|       pointer|
|layer18_out_empty_n         |   in|    1|     ap_fifo|                                                              layer18_out|       pointer|
|layer18_out_read            |  out|    1|     ap_fifo|                                                              layer18_out|       pointer|
|layer20_out_din             |  out|  256|     ap_fifo|                                                              layer20_out|       pointer|
|layer20_out_num_data_valid  |   in|    2|     ap_fifo|                                                              layer20_out|       pointer|
|layer20_out_fifo_cap        |   in|    2|     ap_fifo|                                                              layer20_out|       pointer|
|layer20_out_full_n          |   in|    1|     ap_fifo|                                                              layer20_out|       pointer|
|layer20_out_write           |  out|    1|     ap_fifo|                                                              layer20_out|       pointer|
+----------------------------+-----+-----+------------+-------------------------------------------------------------------------+--------------+

