

================================================================
== Vitis HLS Report for 'softmax_stable_array_array_ap_fixed_16_6_5_3_0_10u_softmax_config23_s'
================================================================
* Date:           Mon Mar 30 19:10:56 2026

* Version:        2023.2 (Build 4023990 on Oct 11 2023)
* Project:        myproject_prj
* Solution:       solution1 (Vivado IP Flow Target)
* Product family: zynquplus
* Target device:  xck26-sfvc784-2LV-c


================================================================
== Performance Estimates
================================================================
+ Timing: 
    * Summary: 
    +--------+---------+----------+------------+
    |  Clock |  Target | Estimated| Uncertainty|
    +--------+---------+----------+------------+
    |ap_clk  |  5.00 ns|  3.847 ns|     1.35 ns|
    +--------+---------+----------+------------+

+ Latency: 
    * Summary: 
    +---------+---------+----------+----------+------+------+---------+
    |  Latency (cycles) |  Latency (absolute) |   Interval  | Pipeline|
    |   min   |   max   |    min   |    max   |  min |  max |   Type  |
    +---------+---------+----------+----------+------+------+---------+
    |     1056|     1056|  5.280 us|  5.280 us|  1056|  1056|       no|
    +---------+---------+----------+----------+------+------+---------+

    + Detail: 
        * Instance: 
        +--------------------------------------------------------------------+---------------------------------------------------------+---------+---------+----------+----------+------+------+---------+
        |                                                                    |                                                         |  Latency (cycles) |  Latency (absolute) |   Interval  | Pipeline|
        |                              Instance                              |                          Module                         |   min   |   max   |    min   |    max   |  min |  max |   Type  |
        +--------------------------------------------------------------------+---------------------------------------------------------+---------+---------+----------+----------+------+------+---------+
        |grp_init_exp_table_ap_ufixed_20_13_5_3_0_softmax_config23_s_fu_614  |init_exp_table_ap_ufixed_20_13_5_3_0_softmax_config23_s  |     1044|     1044|  5.220 us|  5.220 us|  1044|  1044|       no|
        +--------------------------------------------------------------------+---------------------------------------------------------+---------+---------+----------+----------+------+------+---------+

        * Loop: 
        N/A



================================================================
== Utilization Estimates
================================================================
* Summary: 
+-----------------+---------+------+--------+--------+-----+
|       Name      | BRAM_18K|  DSP |   FF   |   LUT  | URAM|
+-----------------+---------+------+--------+--------+-----+
|DSP              |        -|     -|       -|       -|    -|
|Expression       |        -|     -|       0|     872|    -|
|FIFO             |        -|     -|       -|       -|    -|
|Instance         |        -|    17|    1155|    3589|    -|
|Memory           |        2|     -|       0|       0|    0|
|Multiplexer      |        -|     -|       -|     174|    -|
|Register         |        -|     -|     820|       -|    -|
+-----------------+---------+------+--------+--------+-----+
|Total            |        2|    17|    1975|    4635|    0|
+-----------------+---------+------+--------+--------+-----+
|Available        |      288|  1248|  234240|  117120|   64|
+-----------------+---------+------+--------+--------+-----+
|Utilization (%)  |       ~0|     1|      ~0|       3|    0|
+-----------------+---------+------+--------+--------+-----+

+ Detail: 
    * Instance: 
    +--------------------------------------------------------------------+---------------------------------------------------------+---------+----+------+------+-----+
    |                              Instance                              |                          Module                         | BRAM_18K| DSP|  FF  |  LUT | URAM|
    +--------------------------------------------------------------------+---------------------------------------------------------+---------+----+------+------+-----+
    |grp_init_exp_table_ap_ufixed_20_13_5_3_0_softmax_config23_s_fu_614  |init_exp_table_ap_ufixed_20_13_5_3_0_softmax_config23_s  |        0|   7|  1155|  3539|    0|
    |mul_18s_16s_26_1_1_U797                                             |mul_18s_16s_26_1_1                                       |        0|   1|     0|     5|    0|
    |mul_18s_16s_26_1_1_U798                                             |mul_18s_16s_26_1_1                                       |        0|   1|     0|     5|    0|
    |mul_18s_16s_26_1_1_U799                                             |mul_18s_16s_26_1_1                                       |        0|   1|     0|     5|    0|
    |mul_18s_16s_26_1_1_U800                                             |mul_18s_16s_26_1_1                                       |        0|   1|     0|     5|    0|
    |mul_18s_16s_26_1_1_U801                                             |mul_18s_16s_26_1_1                                       |        0|   1|     0|     5|    0|
    |mul_18s_16s_26_1_1_U802                                             |mul_18s_16s_26_1_1                                       |        0|   1|     0|     5|    0|
    |mul_18s_16s_26_1_1_U803                                             |mul_18s_16s_26_1_1                                       |        0|   1|     0|     5|    0|
    |mul_18s_16s_26_1_1_U804                                             |mul_18s_16s_26_1_1                                       |        0|   1|     0|     5|    0|
    |mul_18s_16s_26_1_1_U805                                             |mul_18s_16s_26_1_1                                       |        0|   1|     0|     5|    0|
    |mul_18s_16s_26_1_1_U806                                             |mul_18s_16s_26_1_1                                       |        0|   1|     0|     5|    0|
    +--------------------------------------------------------------------+---------------------------------------------------------+---------+----+------+------+-----+
    |Total                                                               |                                                         |        0|  17|  1155|  3589|    0|
    +--------------------------------------------------------------------+---------------------------------------------------------+---------+----+------+------+-----+

    * DSP: 
    N/A

    * Memory: 
    +----------------+----------------------------------------------------------------------------------+---------+---+----+-----+------+-----+------+-------------+
    |     Memory     |                                      Module                                      | BRAM_18K| FF| LUT| URAM| Words| Bits| Banks| W*Bits*Banks|
    +----------------+----------------------------------------------------------------------------------+---------+---+----+-----+------+-----+------+-------------+
    |exp_table_U     |softmax_stable_array_array_ap_fixed_16_6_5_3_0_10u_softmax_config23_s_exp_tabbyn  |        1|  0|   0|    0|  1024|   16|     1|        16384|
    |invert_table_U  |softmax_stable_array_array_ap_fixed_16_6_5_3_0_10u_softmax_config23_s_invert_bxn  |        1|  0|   0|    0|  1024|   18|     1|        18432|
    +----------------+----------------------------------------------------------------------------------+---------+---+----+-----+------+-----+------+-------------+
    |Total           |                                                                                  |        2|  0|   0|    0|  2048|   34|     2|        34816|
    +----------------+----------------------------------------------------------------------------------+---------+---+----+-----+------+-----+------+-------------+

    * FIFO: 
    N/A

    * Expression: 
    +-------------------------+----------+----+---+----+------------+------------+
    |      Variable Name      | Operation| DSP| FF| LUT| Bitwidth P0| Bitwidth P1|
    +-------------------------+----------+----+---+----+------------+------------+
    |add_ln51_1_fu_1174_p2    |         +|   0|  0|  16|          16|          16|
    |add_ln51_2_fu_1208_p2    |         +|   0|  0|  16|          16|          16|
    |add_ln51_3_fu_1178_p2    |         +|   0|  0|  16|          16|          16|
    |add_ln51_4_fu_1183_p2    |         +|   0|  0|  16|          16|          16|
    |add_ln51_5_fu_1189_p2    |         +|   0|  0|  16|          16|          16|
    |add_ln51_6_fu_1193_p2    |         +|   0|  0|  16|          16|          16|
    |add_ln51_7_fu_1197_p2    |         +|   0|  0|  16|          16|          16|
    |add_ln51_8_fu_1202_p2    |         +|   0|  0|  16|          16|          16|
    |add_ln51_fu_1170_p2      |         +|   0|  0|  23|          16|          16|
    |x_1_fu_985_p2            |         -|   0|  0|  27|          20|          20|
    |x_2_fu_990_p2            |         -|   0|  0|  27|          20|          20|
    |x_3_fu_995_p2            |         -|   0|  0|  27|          20|          20|
    |x_4_fu_1000_p2           |         -|   0|  0|  27|          20|          20|
    |x_5_fu_1005_p2           |         -|   0|  0|  27|          20|          20|
    |x_6_fu_1010_p2           |         -|   0|  0|  27|          20|          20|
    |x_7_fu_1015_p2           |         -|   0|  0|  27|          20|          20|
    |x_8_fu_1020_p2           |         -|   0|  0|  27|          20|          20|
    |x_9_fu_1025_p2           |         -|   0|  0|  27|          20|          20|
    |x_fu_980_p2              |         -|   0|  0|  27|          20|          20|
    |icmp_ln66_1_fu_734_p2    |      icmp|   0|  0|  28|          21|          21|
    |icmp_ln66_2_fu_888_p2    |      icmp|   0|  0|  28|          21|          21|
    |icmp_ln66_3_fu_754_p2    |      icmp|   0|  0|  28|          21|          21|
    |icmp_ln66_4_fu_774_p2    |      icmp|   0|  0|  28|          21|          21|
    |icmp_ln66_5_fu_904_p2    |      icmp|   0|  0|  28|          21|          21|
    |icmp_ln66_6_fu_920_p2    |      icmp|   0|  0|  28|          21|          21|
    |icmp_ln66_7_fu_936_p2    |      icmp|   0|  0|  28|          21|          21|
    |icmp_ln66_8_fu_952_p2    |      icmp|   0|  0|  28|          21|          21|
    |icmp_ln66_fu_714_p2      |      icmp|   0|  0|  28|          21|          21|
    |ap_block_state1          |        or|   0|  0|   2|           1|           1|
    |select_ln66_1_fu_746_p3  |    select|   0|  0|  20|           1|          21|
    |select_ln66_2_fu_898_p3  |    select|   0|  0|  20|           1|          21|
    |select_ln66_3_fu_766_p3  |    select|   0|  0|  20|           1|          21|
    |select_ln66_4_fu_786_p3  |    select|   0|  0|  20|           1|          21|
    |select_ln66_5_fu_914_p3  |    select|   0|  0|  20|           1|          21|
    |select_ln66_6_fu_930_p3  |    select|   0|  0|  20|           1|          21|
    |select_ln66_7_fu_946_p3  |    select|   0|  0|  20|           1|          21|
    |select_ln66_8_fu_972_p3  |    select|   0|  0|  19|           1|          20|
    |select_ln66_fu_726_p3    |    select|   0|  0|  20|           1|          21|
    |xor_ln66_1_fu_740_p2     |       xor|   0|  0|   2|           1|           2|
    |xor_ln66_2_fu_892_p2     |       xor|   0|  0|   2|           1|           2|
    |xor_ln66_3_fu_760_p2     |       xor|   0|  0|   2|           1|           2|
    |xor_ln66_4_fu_780_p2     |       xor|   0|  0|   2|           1|           2|
    |xor_ln66_5_fu_908_p2     |       xor|   0|  0|   2|           1|           2|
    |xor_ln66_6_fu_924_p2     |       xor|   0|  0|   2|           1|           2|
    |xor_ln66_7_fu_940_p2     |       xor|   0|  0|   2|           1|           2|
    |xor_ln66_8_fu_958_p2     |       xor|   0|  0|   2|           1|           2|
    |xor_ln66_fu_720_p2       |       xor|   0|  0|   2|           1|           2|
    +-------------------------+----------+----+---+----+------------+------------+
    |Total                    |          |   0|  0| 872|         552|         740|
    +-------------------------+----------+----+---+----+------------+------------+

    * Multiplexer: 
    +--------------------+----+-----------+-----+-----------+
    |        Name        | LUT| Input Size| Bits| Total Bits|
    +--------------------+----+-----------+-----+-----------+
    |ap_NS_fsm           |  65|         14|    1|         14|
    |exp_table_address0  |  37|          7|   10|         70|
    |exp_table_address1  |  31|          6|   10|         60|
    |exp_table_ce0       |  14|          3|    1|          3|
    |exp_table_we0       |   9|          2|    1|          2|
    |layer21_out_blk_n   |   9|          2|    1|          2|
    |output_local_blk_n  |   9|          2|    1|          2|
    +--------------------+----+-----------+-----+-----------+
    |Total               | 174|         36|   25|        153|
    +--------------------+----+-----------+-----+-----------+

    * Register: 
    +---------------------------------------------------------------------------------+----+----+-----+-----------+
    |                                       Name                                      | FF | LUT| Bits| Const Bits|
    +---------------------------------------------------------------------------------+----+----+-----+-----------+
    |ap_CS_fsm                                                                        |  13|   0|   13|          0|
    |data_array_8_reg_1401                                                            |  21|   0|   21|          0|
    |data_array_9_reg_1407                                                            |  21|   0|   21|          0|
    |exp_res_1_reg_1565                                                               |  16|   0|   16|          0|
    |exp_res_2_reg_1581                                                               |  16|   0|   16|          0|
    |exp_res_3_reg_1587                                                               |  16|   0|   16|          0|
    |exp_res_4_reg_1603                                                               |  16|   0|   16|          0|
    |exp_res_5_reg_1609                                                               |  16|   0|   16|          0|
    |exp_res_6_reg_1625                                                               |  16|   0|   16|          0|
    |exp_res_7_reg_1631                                                               |  16|   0|   16|          0|
    |exp_res_8_reg_1647                                                               |  16|   0|   16|          0|
    |exp_res_9_reg_1653                                                               |  16|   0|   16|          0|
    |exp_res_reg_1559                                                                 |  16|   0|   16|          0|
    |grp_init_exp_table_ap_ufixed_20_13_5_3_0_softmax_config23_s_fu_614_ap_start_reg  |   1|   0|    1|          0|
    |inv_exp_sum_reg_1664                                                             |  18|   0|   18|          0|
    |select_ln66_1_reg_1419                                                           |  21|   0|   21|          0|
    |select_ln66_2_reg_1487                                                           |  21|   0|   21|          0|
    |select_ln66_3_reg_1425                                                           |  21|   0|   21|          0|
    |select_ln66_4_reg_1431                                                           |  21|   0|   21|          0|
    |select_ln66_5_reg_1493                                                           |  21|   0|   21|          0|
    |select_ln66_reg_1413                                                             |  21|   0|   21|          0|
    |tmp_1_reg_1509                                                                   |  10|   0|   10|          0|
    |tmp_2_reg_1514                                                                   |  10|   0|   10|          0|
    |tmp_3_reg_1519                                                                   |  10|   0|   10|          0|
    |tmp_4_reg_1524                                                                   |  10|   0|   10|          0|
    |tmp_5_reg_1529                                                                   |  10|   0|   10|          0|
    |tmp_6_reg_1534                                                                   |  10|   0|   10|          0|
    |tmp_7_reg_1539                                                                   |  10|   0|   10|          0|
    |tmp_8_reg_1544                                                                   |  10|   0|   10|          0|
    |tmp_reg_1499                                                                     |  10|   0|   10|          0|
    |tmp_s_reg_1504                                                                   |  10|   0|   10|          0|
    |trunc_ln1_reg_1669                                                               |  16|   0|   16|          0|
    |trunc_ln213_2_reg_1442                                                           |  20|   0|   20|          0|
    |trunc_ln213_3_reg_1447                                                           |  20|   0|   20|          0|
    |trunc_ln213_4_reg_1452                                                           |  20|   0|   20|          0|
    |trunc_ln213_5_reg_1457                                                           |  20|   0|   20|          0|
    |trunc_ln213_6_reg_1462                                                           |  20|   0|   20|          0|
    |trunc_ln213_7_reg_1467                                                           |  20|   0|   20|          0|
    |trunc_ln213_8_reg_1472                                                           |  20|   0|   20|          0|
    |trunc_ln213_9_reg_1477                                                           |  20|   0|   20|          0|
    |trunc_ln213_reg_1437                                                             |  20|   0|   20|          0|
    |trunc_ln213_s_reg_1482                                                           |  20|   0|   20|          0|
    |trunc_ln241_1_reg_1674                                                           |  16|   0|   16|          0|
    |trunc_ln241_2_reg_1679                                                           |  16|   0|   16|          0|
    |trunc_ln241_3_reg_1684                                                           |  16|   0|   16|          0|
    |trunc_ln241_4_reg_1689                                                           |  16|   0|   16|          0|
    |trunc_ln241_5_reg_1694                                                           |  16|   0|   16|          0|
    |trunc_ln241_6_reg_1699                                                           |  16|   0|   16|          0|
    |trunc_ln241_7_reg_1704                                                           |  16|   0|   16|          0|
    |trunc_ln241_8_reg_1709                                                           |  16|   0|   16|          0|
    |trunc_ln241_9_reg_1714                                                           |  16|   0|   16|          0|
    +---------------------------------------------------------------------------------+----+----+-----+-----------+
    |Total                                                                            | 820|   0|  820|          0|
    +---------------------------------------------------------------------------------+----+----+-----+-----------+



================================================================
== Interface
================================================================
* Summary: 
+----------------------------+-----+-----+------------+------------------------------------------------------------------------+--------------+
|          RTL Ports         | Dir | Bits|  Protocol  |                              Source Object                             |    C Type    |
+----------------------------+-----+-----+------------+------------------------------------------------------------------------+--------------+
|ap_clk                      |   in|    1|  ap_ctrl_hs|  softmax_stable<array,array<ap_fixed<16,6,5,3,0>,10u>,softmax_config23>|  return value|
|ap_rst                      |   in|    1|  ap_ctrl_hs|  softmax_stable<array,array<ap_fixed<16,6,5,3,0>,10u>,softmax_config23>|  return value|
|ap_start                    |   in|    1|  ap_ctrl_hs|  softmax_stable<array,array<ap_fixed<16,6,5,3,0>,10u>,softmax_config23>|  return value|
|ap_done                     |  out|    1|  ap_ctrl_hs|  softmax_stable<array,array<ap_fixed<16,6,5,3,0>,10u>,softmax_config23>|  return value|
|ap_idle                     |  out|    1|  ap_ctrl_hs|  softmax_stable<array,array<ap_fixed<16,6,5,3,0>,10u>,softmax_config23>|  return value|
|ap_ready                    |  out|    1|  ap_ctrl_hs|  softmax_stable<array,array<ap_fixed<16,6,5,3,0>,10u>,softmax_config23>|  return value|
|layer21_out_dout            |   in|  210|     ap_fifo|                                                             layer21_out|       pointer|
|layer21_out_num_data_valid  |   in|    2|     ap_fifo|                                                             layer21_out|       pointer|
|layer21_out_fifo_cap        |   in|    2|     ap_fifo|                                                             layer21_out|       pointer|
|layer21_out_empty_n         |   in|    1|     ap_fifo|                                                             layer21_out|       pointer|
|layer21_out_read            |  out|    1|     ap_fifo|                                                             layer21_out|       pointer|
|output_local_din            |  out|  160|     ap_fifo|                                                            output_local|       pointer|
|output_local_full_n         |   in|    1|     ap_fifo|                                                            output_local|       pointer|
|output_local_write          |  out|    1|     ap_fifo|                                                            output_local|       pointer|
+----------------------------+-----+-----+------------+------------------------------------------------------------------------+--------------+

