

================================================================
== Vitis HLS Report for 'softmax_array_array_ap_fixed_16_6_5_3_0_10u_softmax_config23_s'
================================================================
* Date:           Sat Mar 21 19:24:07 2026

* Version:        2023.2 (Build 4023990 on Oct 11 2023)
* Project:        myproject_prj
* Solution:       solution1 (Vivado IP Flow Target)
* Product family: zynquplus
* Target device:  xck26-sfvc784-2LV-c


================================================================
== Performance Estimates
================================================================
+ Timing: 
    * Summary: 
    +--------+---------+----------+------------+
    |  Clock |  Target | Estimated| Uncertainty|
    +--------+---------+----------+------------+
    |ap_clk  |  5.00 ns|  3.847 ns|     1.35 ns|
    +--------+---------+----------+------------+

+ Latency: 
    * Summary: 
    +---------+---------+----------+----------+------+------+---------+
    |  Latency (cycles) |  Latency (absolute) |   Interval  | Pipeline|
    |   min   |   max   |    min   |    max   |  min |  max |   Type  |
    +---------+---------+----------+----------+------+------+---------+
    |     1058|     1058|  5.290 us|  5.290 us|  1058|  1058|       no|
    +---------+---------+----------+----------+------+------+---------+

    + Detail: 
        * Instance: 
        +---------------------------------------------------------------------------------+-----------------------------------------------------------------------+---------+---------+----------+----------+------+------+---------+
        |                                                                                 |                                                                       |  Latency (cycles) |  Latency (absolute) |   Interval  | Pipeline|
        |                                     Instance                                    |                                 Module                                |   min   |   max   |    min   |    max   |  min |  max |   Type  |
        +---------------------------------------------------------------------------------+-----------------------------------------------------------------------+---------+---------+----------+----------+------+------+---------+
        |grp_softmax_stable_array_array_ap_fixed_16_6_5_3_0_10u_softmax_config23_s_fu_24  |softmax_stable_array_array_ap_fixed_16_6_5_3_0_10u_softmax_config23_s  |     1056|     1056|  5.280 us|  5.280 us|  1056|  1056|       no|
        +---------------------------------------------------------------------------------+-----------------------------------------------------------------------+---------+---------+----------+----------+------+------+---------+

        * Loop: 
        N/A



================================================================
== Utilization Estimates
================================================================
* Summary: 
+-----------------+---------+------+--------+--------+-----+
|       Name      | BRAM_18K|  DSP |   FF   |   LUT  | URAM|
+-----------------+---------+------+--------+--------+-----+
|DSP              |        -|     -|       -|       -|    -|
|Expression       |        -|     -|       0|       4|    -|
|FIFO             |        -|     -|       -|       -|    -|
|Instance         |        2|    17|    1833|    4668|    0|
|Memory           |        -|     -|       -|       -|    -|
|Multiplexer      |        -|     -|       -|      38|    -|
|Register         |        -|     -|       5|       -|    -|
+-----------------+---------+------+--------+--------+-----+
|Total            |        2|    17|    1838|    4710|    0|
+-----------------+---------+------+--------+--------+-----+
|Available        |      288|  1248|  234240|  117120|   64|
+-----------------+---------+------+--------+--------+-----+
|Utilization (%)  |       ~0|     1|      ~0|       4|    0|
+-----------------+---------+------+--------+--------+-----+

+ Detail: 
    * Instance: 
    +---------------------------------------------------------------------------------+-----------------------------------------------------------------------+---------+----+------+------+-----+
    |                                     Instance                                    |                                 Module                                | BRAM_18K| DSP|  FF  |  LUT | URAM|
    +---------------------------------------------------------------------------------+-----------------------------------------------------------------------+---------+----+------+------+-----+
    |grp_softmax_stable_array_array_ap_fixed_16_6_5_3_0_10u_softmax_config23_s_fu_24  |softmax_stable_array_array_ap_fixed_16_6_5_3_0_10u_softmax_config23_s  |        2|  17|  1833|  4668|    0|
    +---------------------------------------------------------------------------------+-----------------------------------------------------------------------+---------+----+------+------+-----+
    |Total                                                                            |                                                                       |        2|  17|  1833|  4668|    0|
    +---------------------------------------------------------------------------------+-----------------------------------------------------------------------+---------+----+------+------+-----+

    * DSP: 
    N/A

    * Memory: 
    N/A

    * FIFO: 
    N/A

    * Expression: 
    +----------------------------------------------------------------------------------------------------+----------+----+---+----+------------+------------+
    |                                            Variable Name                                           | Operation| DSP| FF| LUT| Bitwidth P0| Bitwidth P1|
    +----------------------------------------------------------------------------------------------------+----------+----+---+----+------------+------------+
    |grp_softmax_stable_array_array_ap_fixed_16_6_5_3_0_10u_softmax_config23_s_fu_24_layer23_out_TREADY  |       and|   0|  0|   2|           1|           1|
    |ap_block_state1                                                                                     |        or|   0|  0|   2|           1|           1|
    +----------------------------------------------------------------------------------------------------+----------+----+---+----+------------+------------+
    |Total                                                                                               |          |   0|  0|   4|           2|           2|
    +----------------------------------------------------------------------------------------------------+----------+----+---+----+------------+------------+

    * Multiplexer: 
    +------------------+----+-----------+-----+-----------+
    |       Name       | LUT| Input Size| Bits| Total Bits|
    +------------------+----+-----------+-----+-----------+
    |ap_NS_fsm         |  20|          4|    1|          4|
    |ap_done           |   9|          2|    1|          2|
    |layer21_out_read  |   9|          2|    1|          2|
    +------------------+----+-----------+-----+-----------+
    |Total             |  38|          8|    3|          8|
    +------------------+----+-----------+-----+-----------+

    * Register: 
    +----------------------------------------------------------------------------------------------+---+----+-----+-----------+
    |                                             Name                                             | FF| LUT| Bits| Const Bits|
    +----------------------------------------------------------------------------------------------+---+----+-----+-----------+
    |ap_CS_fsm                                                                                     |  3|   0|    3|          0|
    |ap_done_reg                                                                                   |  1|   0|    1|          0|
    |grp_softmax_stable_array_array_ap_fixed_16_6_5_3_0_10u_softmax_config23_s_fu_24_ap_start_reg  |  1|   0|    1|          0|
    +----------------------------------------------------------------------------------------------+---+----+-----+-----------+
    |Total                                                                                         |  5|   0|    5|          0|
    +----------------------------------------------------------------------------------------------+---+----+-----+-----------+



================================================================
== Interface
================================================================
* Summary: 
+----------------------------+-----+-----+------------+-----------------------------------------------------------------+--------------+
|          RTL Ports         | Dir | Bits|  Protocol  |                          Source Object                          |    C Type    |
+----------------------------+-----+-----+------------+-----------------------------------------------------------------+--------------+
|ap_clk                      |   in|    1|  ap_ctrl_hs|  softmax<array,array<ap_fixed<16,6,5,3,0>,10u>,softmax_config23>|  return value|
|ap_rst                      |   in|    1|  ap_ctrl_hs|  softmax<array,array<ap_fixed<16,6,5,3,0>,10u>,softmax_config23>|  return value|
|ap_start                    |   in|    1|  ap_ctrl_hs|  softmax<array,array<ap_fixed<16,6,5,3,0>,10u>,softmax_config23>|  return value|
|ap_done                     |  out|    1|  ap_ctrl_hs|  softmax<array,array<ap_fixed<16,6,5,3,0>,10u>,softmax_config23>|  return value|
|ap_continue                 |   in|    1|  ap_ctrl_hs|  softmax<array,array<ap_fixed<16,6,5,3,0>,10u>,softmax_config23>|  return value|
|ap_idle                     |  out|    1|  ap_ctrl_hs|  softmax<array,array<ap_fixed<16,6,5,3,0>,10u>,softmax_config23>|  return value|
|ap_ready                    |  out|    1|  ap_ctrl_hs|  softmax<array,array<ap_fixed<16,6,5,3,0>,10u>,softmax_config23>|  return value|
|layer21_out_dout            |   in|  220|     ap_fifo|                                                      layer21_out|       pointer|
|layer21_out_num_data_valid  |   in|    2|     ap_fifo|                                                      layer21_out|       pointer|
|layer21_out_fifo_cap        |   in|    2|     ap_fifo|                                                      layer21_out|       pointer|
|layer21_out_empty_n         |   in|    1|     ap_fifo|                                                      layer21_out|       pointer|
|layer21_out_read            |  out|    1|     ap_fifo|                                                      layer21_out|       pointer|
|layer23_out_TDATA           |  out|  160|        axis|                                                      layer23_out|       pointer|
|layer23_out_TVALID          |  out|    1|        axis|                                                      layer23_out|       pointer|
|layer23_out_TREADY          |   in|    1|        axis|                                                      layer23_out|       pointer|
+----------------------------+-----+-----+------------+-----------------------------------------------------------------+--------------+

