

================================================================
== Vitis HLS Report for 'conv_2d_cl_array_ap_ufixed_8u_array_ap_fixed_40_21_5_3_0_16u_config7_s'
================================================================
* Date:           Sat Mar 21 19:19:11 2026

* Version:        2023.2 (Build 4023990 on Oct 11 2023)
* Project:        myproject_prj
* Solution:       solution1 (Vivado IP Flow Target)
* Product family: zynquplus
* Target device:  xck26-sfvc784-2LV-c


================================================================
== Performance Estimates
================================================================
+ Timing: 
    * Summary: 
    +--------+---------+----------+------------+
    |  Clock |  Target | Estimated| Uncertainty|
    +--------+---------+----------+------------+
    |ap_clk  |  5.00 ns|  3.617 ns|     1.35 ns|
    +--------+---------+----------+------------+

+ Latency: 
    * Summary: 
    +---------+---------+-----------+-----------+------+------+---------+
    |  Latency (cycles) |   Latency (absolute)  |   Interval  | Pipeline|
    |   min   |   max   |    min    |    max    |  min |  max |   Type  |
    +---------+---------+-----------+-----------+------+------+---------+
    |     3457|     9505|  17.285 us|  47.525 us|  3457|  9505|       no|
    +---------+---------+-----------+-----------+------+------+---------+

    + Detail: 
        * Instance: 
        N/A

        * Loop: 
        +----------------------------------+---------+---------+----------+-----------+-----------+------+----------+
        |                                  |  Latency (cycles) | Iteration|  Initiation Interval  | Trip |          |
        |             Loop Name            |   min   |   max   |  Latency |  achieved |   target  | Count| Pipelined|
        +----------------------------------+---------+---------+----------+-----------+-----------+------+----------+
        |- ReadInputHeight_ReadInputWidth  |     3456|     9504|    4 ~ 11|          -|          -|   864|        no|
        +----------------------------------+---------+---------+----------+-----------+-----------+------+----------+

============================================================
+ Verbose Summary: Synthesis Manager
============================================================
InlineROM: 1
ExposeGlobal: 0
============================================================
+ Verbose Summary: CDFG Model
============================================================
IsTopModel: 0
ResetActiveHigh: 1
IsCombinational: 2
IsDatapathOnly: 0
HasWiredReturn: 1
HasMFsm: 0
HasVarLatency: 1
IsPipeline: 0
IsRtlPipelined: 0
IsInstanceOverlapped: 0
IsDontTouch: 0
HasImplIP: 0
IsGatedGlobalClock: 0


============================================================
+ Verbose Summary: Schedule
============================================================
* Number of FSM states : 3
* Pipeline : 0
* Dataflow Pipeline: 0

* FSM state transitions: 
1 --> 2 
2 --> 3 
3 --> 2 

* FSM state operations: 

State 1 <SV = 0> <Delay = 0.42>
ST_1 : Operation 4 [1/1] (0.00ns)   --->   "%indvar_flatten = alloca i32 1"   --->   Operation 4 'alloca' 'indvar_flatten' <Predicate = true> <Delay = 0.00>
ST_1 : Operation 5 [1/1] (0.00ns)   --->   "%specinterface_ln0 = specinterface void @_ssdm_op_SpecInterface, i640 %layer7_out, void @empty_14, i32 0, i32 0, void @empty_7, i32 0, i32 0, void @empty_7, void @empty_7, void @empty_7, i32 0, i32 0, i32 0, i32 0, void @empty_7, void @empty_7, i32 4294967295, i32 0"   --->   Operation 5 'specinterface' 'specinterface_ln0' <Predicate = true> <Delay = 0.00>
ST_1 : Operation 6 [1/1] (0.00ns)   --->   "%specinterface_ln0 = specinterface void @_ssdm_op_SpecInterface, i128 %layer25_out, void @empty_14, i32 0, i32 0, void @empty_7, i32 0, i32 0, void @empty_7, void @empty_7, void @empty_7, i32 0, i32 0, i32 0, i32 0, void @empty_7, void @empty_7, i32 4294967295, i32 0"   --->   Operation 6 'specinterface' 'specinterface_ln0' <Predicate = true> <Delay = 0.00>
ST_1 : Operation 7 [1/1] (0.42ns)   --->   "%store_ln0 = store i10 0, i10 %indvar_flatten"   --->   Operation 7 'store' 'store_ln0' <Predicate = true> <Delay = 0.42>
ST_1 : Operation 8 [1/1] (0.00ns)   --->   "%br_ln52 = br void %for.body12.i" [firmware/nnet_utils/nnet_conv2d_stream.h:52->firmware/nnet_utils/nnet_conv2d_stream.h:78]   --->   Operation 8 'br' 'br_ln52' <Predicate = true> <Delay = 0.00>

State 2 <SV = 1> <Delay = 2.50>
ST_2 : Operation 9 [1/1] (0.00ns)   --->   "%indvar_flatten_load = load i10 %indvar_flatten" [firmware/nnet_utils/nnet_conv2d_stream.h:52->firmware/nnet_utils/nnet_conv2d_stream.h:78]   --->   Operation 9 'load' 'indvar_flatten_load' <Predicate = true> <Delay = 0.00>
ST_2 : Operation 10 [1/1] (0.78ns)   --->   "%icmp_ln52 = icmp_eq  i10 %indvar_flatten_load, i10 864" [firmware/nnet_utils/nnet_conv2d_stream.h:52->firmware/nnet_utils/nnet_conv2d_stream.h:78]   --->   Operation 10 'icmp' 'icmp_ln52' <Predicate = true> <Delay = 0.78> <CoreInst = "Cmp">   --->   Core 9 'Cmp' <Latency = 0> <II = 1> <Delay = 0.78> <FuncUnit> <Opcode : 'icmp'> <InPorts = 2> <OutPorts = 1>
ST_2 : Operation 11 [1/1] (0.78ns)   --->   "%add_ln52 = add i10 %indvar_flatten_load, i10 1" [firmware/nnet_utils/nnet_conv2d_stream.h:52->firmware/nnet_utils/nnet_conv2d_stream.h:78]   --->   Operation 11 'add' 'add_ln52' <Predicate = true> <Delay = 0.78> <CoreInst = "Adder">   --->   Core 1 'Adder' <Latency = 0> <II = 1> <Delay = 0.78> <FuncUnit> <Opcode : 'add' 'sub'> <InPorts = 2> <OutPorts = 1>
ST_2 : Operation 12 [1/1] (0.00ns)   --->   "%br_ln52 = br i1 %icmp_ln52, void %for.cond.cleanup11.i, void %_ZN4nnet26conv_2d_buffer_resource_clINS_5arrayI9ap_ufixedILi16ELi6EL9ap_q_mode4EL9ap_o_mode0ELi0EELj8EEENS1_I8ap_fixedILi40ELi21ELS3_5ELS4_3ELi0EELj16EEE7config7EEvRN3hls6streamIT_Li0EEERNSC_IT0_Li0EEEPNT1_8weight_tEPNSJ_6bias_tE.46.exit" [firmware/nnet_utils/nnet_conv2d_stream.h:52->firmware/nnet_utils/nnet_conv2d_stream.h:78]   --->   Operation 12 'br' 'br_ln52' <Predicate = true> <Delay = 0.00>
ST_2 : Operation 13 [1/1] (1.71ns)   --->   "%layer25_out_read = read i128 @_ssdm_op_Read.ap_fifo.volatile.i128P0A, i128 %layer25_out" [firmware/nnet_utils/nnet_conv2d_stream.h:58->firmware/nnet_utils/nnet_conv2d_stream.h:78]   --->   Operation 13 'read' 'layer25_out_read' <Predicate = (!icmp_ln52)> <Delay = 1.71> <CoreInst = "FIFO">   --->   Core 78 'FIFO' <Latency = 0> <II = 1> <Delay = 1.71> <Storage> <Opcode : 'read' 'write' 'nbread' 'nbwrite'> <Ports = 0> <Width = 128> <Depth = 864> <FIFO>
ST_2 : Operation 14 [1/1] (0.00ns)   --->   "%trunc_ln58 = trunc i128 %layer25_out_read" [firmware/nnet_utils/nnet_conv2d_stream.h:58->firmware/nnet_utils/nnet_conv2d_stream.h:78]   --->   Operation 14 'trunc' 'trunc_ln58' <Predicate = (!icmp_ln52)> <Delay = 0.00>
ST_2 : Operation 15 [1/1] (0.00ns)   --->   "%trunc_ln58_s = partselect i16 @_ssdm_op_PartSelect.i16.i128.i32.i32, i128 %layer25_out_read, i32 16, i32 31" [firmware/nnet_utils/nnet_conv2d_stream.h:58->firmware/nnet_utils/nnet_conv2d_stream.h:78]   --->   Operation 15 'partselect' 'trunc_ln58_s' <Predicate = (!icmp_ln52)> <Delay = 0.00>
ST_2 : Operation 16 [1/1] (0.00ns)   --->   "%trunc_ln58_917 = partselect i16 @_ssdm_op_PartSelect.i16.i128.i32.i32, i128 %layer25_out_read, i32 32, i32 47" [firmware/nnet_utils/nnet_conv2d_stream.h:58->firmware/nnet_utils/nnet_conv2d_stream.h:78]   --->   Operation 16 'partselect' 'trunc_ln58_917' <Predicate = (!icmp_ln52)> <Delay = 0.00>
ST_2 : Operation 17 [1/1] (0.00ns)   --->   "%trunc_ln58_918 = partselect i16 @_ssdm_op_PartSelect.i16.i128.i32.i32, i128 %layer25_out_read, i32 48, i32 63" [firmware/nnet_utils/nnet_conv2d_stream.h:58->firmware/nnet_utils/nnet_conv2d_stream.h:78]   --->   Operation 17 'partselect' 'trunc_ln58_918' <Predicate = (!icmp_ln52)> <Delay = 0.00>
ST_2 : Operation 18 [1/1] (0.00ns)   --->   "%trunc_ln58_919 = partselect i16 @_ssdm_op_PartSelect.i16.i128.i32.i32, i128 %layer25_out_read, i32 64, i32 79" [firmware/nnet_utils/nnet_conv2d_stream.h:58->firmware/nnet_utils/nnet_conv2d_stream.h:78]   --->   Operation 18 'partselect' 'trunc_ln58_919' <Predicate = (!icmp_ln52)> <Delay = 0.00>
ST_2 : Operation 19 [1/1] (0.00ns)   --->   "%trunc_ln58_920 = partselect i16 @_ssdm_op_PartSelect.i16.i128.i32.i32, i128 %layer25_out_read, i32 80, i32 95" [firmware/nnet_utils/nnet_conv2d_stream.h:58->firmware/nnet_utils/nnet_conv2d_stream.h:78]   --->   Operation 19 'partselect' 'trunc_ln58_920' <Predicate = (!icmp_ln52)> <Delay = 0.00>
ST_2 : Operation 20 [1/1] (0.00ns)   --->   "%trunc_ln58_921 = partselect i16 @_ssdm_op_PartSelect.i16.i128.i32.i32, i128 %layer25_out_read, i32 96, i32 111" [firmware/nnet_utils/nnet_conv2d_stream.h:58->firmware/nnet_utils/nnet_conv2d_stream.h:78]   --->   Operation 20 'partselect' 'trunc_ln58_921' <Predicate = (!icmp_ln52)> <Delay = 0.00>
ST_2 : Operation 21 [1/1] (0.00ns)   --->   "%trunc_ln58_922 = partselect i16 @_ssdm_op_PartSelect.i16.i128.i32.i32, i128 %layer25_out_read, i32 112, i32 127" [firmware/nnet_utils/nnet_conv2d_stream.h:58->firmware/nnet_utils/nnet_conv2d_stream.h:78]   --->   Operation 21 'partselect' 'trunc_ln58_922' <Predicate = (!icmp_ln52)> <Delay = 0.00>
ST_2 : Operation 22 [2/2] (0.00ns)   --->   "%call_ln58 = call void @compute_output_buffer_2d<array,array<ap_fixed<40,21,5,3,0>,16u>,config7>, i16 %trunc_ln58, i16 %trunc_ln58_s, i16 %trunc_ln58_917, i16 %trunc_ln58_918, i16 %trunc_ln58_919, i16 %trunc_ln58_920, i16 %trunc_ln58_921, i16 %trunc_ln58_922, i640 %layer7_out, i16 %void_compute_output_buffer_2d_array_const_ap_shift_reg_n_chan_stream_weig_1, i16 %void_compute_output_buffer_2d_array_const_ap_shift_reg_n_chan_stream_weig_9, i16 %void_compute_output_buffer_2d_array_const_ap_shift_reg_n_chan_stream_weig, i16 %void_compute_output_buffer_2d_array_const_ap_shift_reg_n_chan_stream_weig_8, i16 %p_ZZN4nnet24compute_output_buffer_2dINS_5arrayI9ap_ufixedILi16ELi6EL9ap_q_mode4EL_61, i16 %void_compute_output_buffer_2d_array_const_ap_shift_reg_n_chan_stream_weig_7, i16 %p_ZZN4nnet24compute_output_buffer_2dINS_5arrayI9ap_ufixedILi16ELi6EL9ap_q_mode4EL_60, i16 %void_compute_output_buffer_2d_array_const_ap_shift_reg_n_chan_stream_weig_6, i16 %p_ZZN4nnet24compute_output_buffer_2dINS_5arrayI9ap_ufixedILi16ELi6EL9ap_q_mode4EL_59, i16 %void_compute_output_buffer_2d_array_const_ap_shift_reg_n_chan_stream_weig_5, i16 %p_ZZN4nnet24compute_output_buffer_2dINS_5arrayI9ap_ufixedILi16ELi6EL9ap_q_mode4EL_58, i16 %void_compute_output_buffer_2d_array_const_ap_shift_reg_n_chan_stream_weig_4, i16 %p_ZZN4nnet24compute_output_buffer_2dINS_5arrayI9ap_ufixedILi16ELi6EL9ap_q_mode4EL_57, i16 %void_compute_output_buffer_2d_array_const_ap_shift_reg_n_chan_stream_weig_3, i16 %p_ZZN4nnet24compute_output_buffer_2dINS_5arrayI9ap_ufixedILi16ELi6EL9ap_q_mode4EL_56, i16 %void_compute_output_buffer_2d_array_const_ap_shift_reg_n_chan_stream_weig_2, i16 %p_ZZN4nnet24compute_output_buffer_2dINS_5arrayI9ap_ufixedILi16ELi6EL9ap_q_mode4EL_39, i16 %p_ZZN4nnet24compute_output_buffer_2dINS_5arrayI9ap_ufixedILi16ELi6EL9ap_q_mode4EL_47, i16 %p_ZZN4nnet24compute_output_buffer_2dINS_5arrayI9ap_ufixedILi16ELi6EL9ap_q_mode4EL_38, i16 %p_ZZN4nnet24compute_output_buffer_2dINS_5arrayI9ap_ufixedILi16ELi6EL9ap_q_mode4EL_46, i16 %p_ZZN4nnet24compute_output_buffer_2dINS_5arrayI9ap_ufixedILi16ELi6EL9ap_q_mode4EL_37, i16 %p_ZZN4nnet24compute_output_buffer_2dINS_5arrayI9ap_ufixedILi16ELi6EL9ap_q_mode4EL_45, i16 %p_ZZN4nnet24compute_output_buffer_2dINS_5arrayI9ap_ufixedILi16ELi6EL9ap_q_mode4EL_36, i16 %p_ZZN4nnet24compute_output_buffer_2dINS_5arrayI9ap_ufixedILi16ELi6EL9ap_q_mode4EL_44, i16 %p_ZZN4nnet24compute_output_buffer_2dINS_5arrayI9ap_ufixedILi16ELi6EL9ap_q_mode4EL_35, i16 %p_ZZN4nnet24compute_output_buffer_2dINS_5arrayI9ap_ufixedILi16ELi6EL9ap_q_mode4EL_43, i16 %p_ZZN4nnet24compute_output_buffer_2dINS_5arrayI9ap_ufixedILi16ELi6EL9ap_q_mode4EL_34, i16 %p_ZZN4nnet24compute_output_buffer_2dINS_5arrayI9ap_ufixedILi16ELi6EL9ap_q_mode4EL_42, i16 %p_ZZN4nnet24compute_output_buffer_2dINS_5arrayI9ap_ufixedILi16ELi6EL9ap_q_mode4EL_33, i16 %p_ZZN4nnet24compute_output_buffer_2dINS_5arrayI9ap_ufixedILi16ELi6EL9ap_q_mode4EL_41, i16 %p_ZZN4nnet24compute_output_buffer_2dINS_5arrayI9ap_ufixedILi16ELi6EL9ap_q_mode4EL_32, i16 %p_ZZN4nnet24compute_output_buffer_2dINS_5arrayI9ap_ufixedILi16ELi6EL9ap_q_mode4EL_40, i16 %p_ZZN4nnet24compute_output_buffer_2dINS_5arrayI9ap_ufixedILi16ELi6EL9ap_q_mode4EL_15, i16 %p_ZZN4nnet24compute_output_buffer_2dINS_5arrayI9ap_ufixedILi16ELi6EL9ap_q_mode4EL_23, i16 %p_ZZN4nnet24compute_output_buffer_2dINS_5arrayI9ap_ufixedILi16ELi6EL9ap_q_mode4EL_14, i16 %p_ZZN4nnet24compute_output_buffer_2dINS_5arrayI9ap_ufixedILi16ELi6EL9ap_q_mode4EL_22, i16 %p_ZZN4nnet24compute_output_buffer_2dINS_5arrayI9ap_ufixedILi16ELi6EL9ap_q_mode4EL_13, i16 %p_ZZN4nnet24compute_output_buffer_2dINS_5arrayI9ap_ufixedILi16ELi6EL9ap_q_mode4EL_21, i16 %p_ZZN4nnet24compute_output_buffer_2dINS_5arrayI9ap_ufixedILi16ELi6EL9ap_q_mode4EL_12, i16 %p_ZZN4nnet24compute_output_buffer_2dINS_5arrayI9ap_ufixedILi16ELi6EL9ap_q_mode4EL_20, i16 %p_ZZN4nnet24compute_output_buffer_2dINS_5arrayI9ap_ufixedILi16ELi6EL9ap_q_mode4EL_11, i16 %p_ZZN4nnet24compute_output_buffer_2dINS_5arrayI9ap_ufixedILi16ELi6EL9ap_q_mode4EL_19, i16 %p_ZZN4nnet24compute_output_buffer_2dINS_5arrayI9ap_ufixedILi16ELi6EL9ap_q_mode4EL_10, i16 %p_ZZN4nnet24compute_output_buffer_2dINS_5arrayI9ap_ufixedILi16ELi6EL9ap_q_mode4EL_18, i16 %p_ZZN4nnet24compute_output_buffer_2dINS_5arrayI9ap_ufixedILi16ELi6EL9ap_q_mode4EL_9, i16 %p_ZZN4nnet24compute_output_buffer_2dINS_5arrayI9ap_ufixedILi16ELi6EL9ap_q_mode4EL_17, i16 %p_ZZN4nnet24compute_output_buffer_2dINS_5arrayI9ap_ufixedILi16ELi6EL9ap_q_mode4EL_8, i16 %p_ZZN4nnet24compute_output_buffer_2dINS_5arrayI9ap_ufixedILi16ELi6EL9ap_q_mode4EL_16, i16 %p_ZZN4nnet24compute_output_buffer_2dINS_5arrayI9ap_ufixedILi16ELi6EL9ap_q_mode4EL_55, i16 %p_ZZN4nnet24compute_output_buffer_2dINS_5arrayI9ap_ufixedILi16ELi6EL9ap_q_mode4EL_54, i16 %p_ZZN4nnet24compute_output_buffer_2dINS_5arrayI9ap_ufixedILi16ELi6EL9ap_q_mode4EL_53, i16 %p_ZZN4nnet24compute_output_buffer_2dINS_5arrayI9ap_ufixedILi16ELi6EL9ap_q_mode4EL_52, i16 %p_ZZN4nnet24compute_output_buffer_2dINS_5arrayI9ap_ufixedILi16ELi6EL9ap_q_mode4EL_51, i16 %p_ZZN4nnet24compute_output_buffer_2dINS_5arrayI9ap_ufixedILi16ELi6EL9ap_q_mode4EL_50, i16 %p_ZZN4nnet24compute_output_buffer_2dINS_5arrayI9ap_ufixedILi16ELi6EL9ap_q_mode4EL_49, i16 %p_ZZN4nnet24compute_output_buffer_2dINS_5arrayI9ap_ufixedILi16ELi6EL9ap_q_mode4EL_48, i16 %p_ZZN4nnet24compute_output_buffer_2dINS_5arrayI9ap_ufixedILi16ELi6EL9ap_q_mode4EL_31, i16 %p_ZZN4nnet24compute_output_buffer_2dINS_5arrayI9ap_ufixedILi16ELi6EL9ap_q_mode4EL_30, i16 %p_ZZN4nnet24compute_output_buffer_2dINS_5arrayI9ap_ufixedILi16ELi6EL9ap_q_mode4EL_29, i16 %p_ZZN4nnet24compute_output_buffer_2dINS_5arrayI9ap_ufixedILi16ELi6EL9ap_q_mode4EL_28, i16 %p_ZZN4nnet24compute_output_buffer_2dINS_5arrayI9ap_ufixedILi16ELi6EL9ap_q_mode4EL_27, i16 %p_ZZN4nnet24compute_output_buffer_2dINS_5arrayI9ap_ufixedILi16ELi6EL9ap_q_mode4EL_26, i16 %p_ZZN4nnet24compute_output_buffer_2dINS_5arrayI9ap_ufixedILi16ELi6EL9ap_q_mode4EL_25, i16 %p_ZZN4nnet24compute_output_buffer_2dINS_5arrayI9ap_ufixedILi16ELi6EL9ap_q_mode4EL_24, i16 %p_ZZN4nnet24compute_output_buffer_2dINS_5arrayI9ap_ufixedILi16ELi6EL9ap_q_mode4EL_7, i16 %p_ZZN4nnet24compute_output_buffer_2dINS_5arrayI9ap_ufixedILi16ELi6EL9ap_q_mode4EL_6, i16 %p_ZZN4nnet24compute_output_buffer_2dINS_5arrayI9ap_ufixedILi16ELi6EL9ap_q_mode4EL_5, i16 %p_ZZN4nnet24compute_output_buffer_2dINS_5arrayI9ap_ufixedILi16ELi6EL9ap_q_mode4EL_4, i16 %p_ZZN4nnet24compute_output_buffer_2dINS_5arrayI9ap_ufixedILi16ELi6EL9ap_q_mode4EL_3, i16 %p_ZZN4nnet24compute_output_buffer_2dINS_5arrayI9ap_ufixedILi16ELi6EL9ap_q_mode4EL_2, i16 %p_ZZN4nnet24compute_output_buffer_2dINS_5arrayI9ap_ufixedILi16ELi6EL9ap_q_mode4EL_1, i16 %p_ZZN4nnet24compute_output_buffer_2dINS_5arrayI9ap_ufixedILi16ELi6EL9ap_q_mode4EL, i16 %p_ZZN4nnet26conv_2d_buffer_resource_clINS_5arrayI9ap_ufixedILi16ELi6EL9ap_q_mode4_15, i16 %p_ZZN4nnet26conv_2d_buffer_resource_clINS_5arrayI9ap_ufixedILi16ELi6EL9ap_q_mode4_7, i16 %p_ZZN4nnet26conv_2d_buffer_resource_clINS_5arrayI9ap_ufixedILi16ELi6EL9ap_q_mode4_14, i16 %p_ZZN4nnet26conv_2d_buffer_resource_clINS_5arrayI9ap_ufixedILi16ELi6EL9ap_q_mode4_6, i16 %p_ZZN4nnet26conv_2d_buffer_resource_clINS_5arrayI9ap_ufixedILi16ELi6EL9ap_q_mode4_13, i16 %p_ZZN4nnet26conv_2d_buffer_resource_clINS_5arrayI9ap_ufixedILi16ELi6EL9ap_q_mode4_5, i16 %p_ZZN4nnet26conv_2d_buffer_resource_clINS_5arrayI9ap_ufixedILi16ELi6EL9ap_q_mode4_12, i16 %p_ZZN4nnet26conv_2d_buffer_resource_clINS_5arrayI9ap_ufixedILi16ELi6EL9ap_q_mode4_4, i16 %p_ZZN4nnet26conv_2d_buffer_resource_clINS_5arrayI9ap_ufixedILi16ELi6EL9ap_q_mode4_11, i16 %p_ZZN4nnet26conv_2d_buffer_resource_clINS_5arrayI9ap_ufixedILi16ELi6EL9ap_q_mode4_3, i16 %p_ZZN4nnet26conv_2d_buffer_resource_clINS_5arrayI9ap_ufixedILi16ELi6EL9ap_q_mode4_10, i16 %p_ZZN4nnet26conv_2d_buffer_resource_clINS_5arrayI9ap_ufixedILi16ELi6EL9ap_q_mode4_2, i16 %p_ZZN4nnet26conv_2d_buffer_resource_clINS_5arrayI9ap_ufixedILi16ELi6EL9ap_q_mode4_9, i16 %p_ZZN4nnet26conv_2d_buffer_resource_clINS_5arrayI9ap_ufixedILi16ELi6EL9ap_q_mode4_1, i16 %p_ZZN4nnet26conv_2d_buffer_resource_clINS_5arrayI9ap_ufixedILi16ELi6EL9ap_q_mode4_8, i16 %p_ZZN4nnet26conv_2d_buffer_resource_clINS_5arrayI9ap_ufixedILi16ELi6EL9ap_q_mode4, i32 %sX_3, i32 %sY_3, i32 %pY_3, i32 %pX_3, i4600 %w7" [firmware/nnet_utils/nnet_conv2d_stream.h:58->firmware/nnet_utils/nnet_conv2d_stream.h:78]   --->   Operation 22 'call' 'call_ln58' <Predicate = (!icmp_ln52)> <Delay = 0.00> <CoreType = "Generic">   --->   Core 0 '' <Latency = 0> <II = 1> <Delay = 1.00> <Generic> <Opcode : >
ST_2 : Operation 23 [1/1] (0.42ns)   --->   "%store_ln52 = store i10 %add_ln52, i10 %indvar_flatten" [firmware/nnet_utils/nnet_conv2d_stream.h:52->firmware/nnet_utils/nnet_conv2d_stream.h:78]   --->   Operation 23 'store' 'store_ln52' <Predicate = (!icmp_ln52)> <Delay = 0.42>
ST_2 : Operation 24 [1/1] (0.00ns)   --->   "%ret_ln82 = ret" [firmware/nnet_utils/nnet_conv2d_stream.h:82]   --->   Operation 24 'ret' 'ret_ln82' <Predicate = (icmp_ln52)> <Delay = 0.00>

State 3 <SV = 2> <Delay = 0.00>
ST_3 : Operation 25 [1/1] (0.00ns)   --->   "%specloopname_ln0 = specloopname void @_ssdm_op_SpecLoopName, void @ReadInputHeight_ReadInputWidth_str"   --->   Operation 25 'specloopname' 'specloopname_ln0' <Predicate = true> <Delay = 0.00>
ST_3 : Operation 26 [1/1] (0.00ns)   --->   "%speclooptripcount_ln0 = speclooptripcount void @_ssdm_op_SpecLoopTripCount, i64 864, i64 864, i64 864"   --->   Operation 26 'speclooptripcount' 'speclooptripcount_ln0' <Predicate = true> <Delay = 0.00>
ST_3 : Operation 27 [1/2] (0.00ns)   --->   "%call_ln58 = call void @compute_output_buffer_2d<array,array<ap_fixed<40,21,5,3,0>,16u>,config7>, i16 %trunc_ln58, i16 %trunc_ln58_s, i16 %trunc_ln58_917, i16 %trunc_ln58_918, i16 %trunc_ln58_919, i16 %trunc_ln58_920, i16 %trunc_ln58_921, i16 %trunc_ln58_922, i640 %layer7_out, i16 %void_compute_output_buffer_2d_array_const_ap_shift_reg_n_chan_stream_weig_1, i16 %void_compute_output_buffer_2d_array_const_ap_shift_reg_n_chan_stream_weig_9, i16 %void_compute_output_buffer_2d_array_const_ap_shift_reg_n_chan_stream_weig, i16 %void_compute_output_buffer_2d_array_const_ap_shift_reg_n_chan_stream_weig_8, i16 %p_ZZN4nnet24compute_output_buffer_2dINS_5arrayI9ap_ufixedILi16ELi6EL9ap_q_mode4EL_61, i16 %void_compute_output_buffer_2d_array_const_ap_shift_reg_n_chan_stream_weig_7, i16 %p_ZZN4nnet24compute_output_buffer_2dINS_5arrayI9ap_ufixedILi16ELi6EL9ap_q_mode4EL_60, i16 %void_compute_output_buffer_2d_array_const_ap_shift_reg_n_chan_stream_weig_6, i16 %p_ZZN4nnet24compute_output_buffer_2dINS_5arrayI9ap_ufixedILi16ELi6EL9ap_q_mode4EL_59, i16 %void_compute_output_buffer_2d_array_const_ap_shift_reg_n_chan_stream_weig_5, i16 %p_ZZN4nnet24compute_output_buffer_2dINS_5arrayI9ap_ufixedILi16ELi6EL9ap_q_mode4EL_58, i16 %void_compute_output_buffer_2d_array_const_ap_shift_reg_n_chan_stream_weig_4, i16 %p_ZZN4nnet24compute_output_buffer_2dINS_5arrayI9ap_ufixedILi16ELi6EL9ap_q_mode4EL_57, i16 %void_compute_output_buffer_2d_array_const_ap_shift_reg_n_chan_stream_weig_3, i16 %p_ZZN4nnet24compute_output_buffer_2dINS_5arrayI9ap_ufixedILi16ELi6EL9ap_q_mode4EL_56, i16 %void_compute_output_buffer_2d_array_const_ap_shift_reg_n_chan_stream_weig_2, i16 %p_ZZN4nnet24compute_output_buffer_2dINS_5arrayI9ap_ufixedILi16ELi6EL9ap_q_mode4EL_39, i16 %p_ZZN4nnet24compute_output_buffer_2dINS_5arrayI9ap_ufixedILi16ELi6EL9ap_q_mode4EL_47, i16 %p_ZZN4nnet24compute_output_buffer_2dINS_5arrayI9ap_ufixedILi16ELi6EL9ap_q_mode4EL_38, i16 %p_ZZN4nnet24compute_output_buffer_2dINS_5arrayI9ap_ufixedILi16ELi6EL9ap_q_mode4EL_46, i16 %p_ZZN4nnet24compute_output_buffer_2dINS_5arrayI9ap_ufixedILi16ELi6EL9ap_q_mode4EL_37, i16 %p_ZZN4nnet24compute_output_buffer_2dINS_5arrayI9ap_ufixedILi16ELi6EL9ap_q_mode4EL_45, i16 %p_ZZN4nnet24compute_output_buffer_2dINS_5arrayI9ap_ufixedILi16ELi6EL9ap_q_mode4EL_36, i16 %p_ZZN4nnet24compute_output_buffer_2dINS_5arrayI9ap_ufixedILi16ELi6EL9ap_q_mode4EL_44, i16 %p_ZZN4nnet24compute_output_buffer_2dINS_5arrayI9ap_ufixedILi16ELi6EL9ap_q_mode4EL_35, i16 %p_ZZN4nnet24compute_output_buffer_2dINS_5arrayI9ap_ufixedILi16ELi6EL9ap_q_mode4EL_43, i16 %p_ZZN4nnet24compute_output_buffer_2dINS_5arrayI9ap_ufixedILi16ELi6EL9ap_q_mode4EL_34, i16 %p_ZZN4nnet24compute_output_buffer_2dINS_5arrayI9ap_ufixedILi16ELi6EL9ap_q_mode4EL_42, i16 %p_ZZN4nnet24compute_output_buffer_2dINS_5arrayI9ap_ufixedILi16ELi6EL9ap_q_mode4EL_33, i16 %p_ZZN4nnet24compute_output_buffer_2dINS_5arrayI9ap_ufixedILi16ELi6EL9ap_q_mode4EL_41, i16 %p_ZZN4nnet24compute_output_buffer_2dINS_5arrayI9ap_ufixedILi16ELi6EL9ap_q_mode4EL_32, i16 %p_ZZN4nnet24compute_output_buffer_2dINS_5arrayI9ap_ufixedILi16ELi6EL9ap_q_mode4EL_40, i16 %p_ZZN4nnet24compute_output_buffer_2dINS_5arrayI9ap_ufixedILi16ELi6EL9ap_q_mode4EL_15, i16 %p_ZZN4nnet24compute_output_buffer_2dINS_5arrayI9ap_ufixedILi16ELi6EL9ap_q_mode4EL_23, i16 %p_ZZN4nnet24compute_output_buffer_2dINS_5arrayI9ap_ufixedILi16ELi6EL9ap_q_mode4EL_14, i16 %p_ZZN4nnet24compute_output_buffer_2dINS_5arrayI9ap_ufixedILi16ELi6EL9ap_q_mode4EL_22, i16 %p_ZZN4nnet24compute_output_buffer_2dINS_5arrayI9ap_ufixedILi16ELi6EL9ap_q_mode4EL_13, i16 %p_ZZN4nnet24compute_output_buffer_2dINS_5arrayI9ap_ufixedILi16ELi6EL9ap_q_mode4EL_21, i16 %p_ZZN4nnet24compute_output_buffer_2dINS_5arrayI9ap_ufixedILi16ELi6EL9ap_q_mode4EL_12, i16 %p_ZZN4nnet24compute_output_buffer_2dINS_5arrayI9ap_ufixedILi16ELi6EL9ap_q_mode4EL_20, i16 %p_ZZN4nnet24compute_output_buffer_2dINS_5arrayI9ap_ufixedILi16ELi6EL9ap_q_mode4EL_11, i16 %p_ZZN4nnet24compute_output_buffer_2dINS_5arrayI9ap_ufixedILi16ELi6EL9ap_q_mode4EL_19, i16 %p_ZZN4nnet24compute_output_buffer_2dINS_5arrayI9ap_ufixedILi16ELi6EL9ap_q_mode4EL_10, i16 %p_ZZN4nnet24compute_output_buffer_2dINS_5arrayI9ap_ufixedILi16ELi6EL9ap_q_mode4EL_18, i16 %p_ZZN4nnet24compute_output_buffer_2dINS_5arrayI9ap_ufixedILi16ELi6EL9ap_q_mode4EL_9, i16 %p_ZZN4nnet24compute_output_buffer_2dINS_5arrayI9ap_ufixedILi16ELi6EL9ap_q_mode4EL_17, i16 %p_ZZN4nnet24compute_output_buffer_2dINS_5arrayI9ap_ufixedILi16ELi6EL9ap_q_mode4EL_8, i16 %p_ZZN4nnet24compute_output_buffer_2dINS_5arrayI9ap_ufixedILi16ELi6EL9ap_q_mode4EL_16, i16 %p_ZZN4nnet24compute_output_buffer_2dINS_5arrayI9ap_ufixedILi16ELi6EL9ap_q_mode4EL_55, i16 %p_ZZN4nnet24compute_output_buffer_2dINS_5arrayI9ap_ufixedILi16ELi6EL9ap_q_mode4EL_54, i16 %p_ZZN4nnet24compute_output_buffer_2dINS_5arrayI9ap_ufixedILi16ELi6EL9ap_q_mode4EL_53, i16 %p_ZZN4nnet24compute_output_buffer_2dINS_5arrayI9ap_ufixedILi16ELi6EL9ap_q_mode4EL_52, i16 %p_ZZN4nnet24compute_output_buffer_2dINS_5arrayI9ap_ufixedILi16ELi6EL9ap_q_mode4EL_51, i16 %p_ZZN4nnet24compute_output_buffer_2dINS_5arrayI9ap_ufixedILi16ELi6EL9ap_q_mode4EL_50, i16 %p_ZZN4nnet24compute_output_buffer_2dINS_5arrayI9ap_ufixedILi16ELi6EL9ap_q_mode4EL_49, i16 %p_ZZN4nnet24compute_output_buffer_2dINS_5arrayI9ap_ufixedILi16ELi6EL9ap_q_mode4EL_48, i16 %p_ZZN4nnet24compute_output_buffer_2dINS_5arrayI9ap_ufixedILi16ELi6EL9ap_q_mode4EL_31, i16 %p_ZZN4nnet24compute_output_buffer_2dINS_5arrayI9ap_ufixedILi16ELi6EL9ap_q_mode4EL_30, i16 %p_ZZN4nnet24compute_output_buffer_2dINS_5arrayI9ap_ufixedILi16ELi6EL9ap_q_mode4EL_29, i16 %p_ZZN4nnet24compute_output_buffer_2dINS_5arrayI9ap_ufixedILi16ELi6EL9ap_q_mode4EL_28, i16 %p_ZZN4nnet24compute_output_buffer_2dINS_5arrayI9ap_ufixedILi16ELi6EL9ap_q_mode4EL_27, i16 %p_ZZN4nnet24compute_output_buffer_2dINS_5arrayI9ap_ufixedILi16ELi6EL9ap_q_mode4EL_26, i16 %p_ZZN4nnet24compute_output_buffer_2dINS_5arrayI9ap_ufixedILi16ELi6EL9ap_q_mode4EL_25, i16 %p_ZZN4nnet24compute_output_buffer_2dINS_5arrayI9ap_ufixedILi16ELi6EL9ap_q_mode4EL_24, i16 %p_ZZN4nnet24compute_output_buffer_2dINS_5arrayI9ap_ufixedILi16ELi6EL9ap_q_mode4EL_7, i16 %p_ZZN4nnet24compute_output_buffer_2dINS_5arrayI9ap_ufixedILi16ELi6EL9ap_q_mode4EL_6, i16 %p_ZZN4nnet24compute_output_buffer_2dINS_5arrayI9ap_ufixedILi16ELi6EL9ap_q_mode4EL_5, i16 %p_ZZN4nnet24compute_output_buffer_2dINS_5arrayI9ap_ufixedILi16ELi6EL9ap_q_mode4EL_4, i16 %p_ZZN4nnet24compute_output_buffer_2dINS_5arrayI9ap_ufixedILi16ELi6EL9ap_q_mode4EL_3, i16 %p_ZZN4nnet24compute_output_buffer_2dINS_5arrayI9ap_ufixedILi16ELi6EL9ap_q_mode4EL_2, i16 %p_ZZN4nnet24compute_output_buffer_2dINS_5arrayI9ap_ufixedILi16ELi6EL9ap_q_mode4EL_1, i16 %p_ZZN4nnet24compute_output_buffer_2dINS_5arrayI9ap_ufixedILi16ELi6EL9ap_q_mode4EL, i16 %p_ZZN4nnet26conv_2d_buffer_resource_clINS_5arrayI9ap_ufixedILi16ELi6EL9ap_q_mode4_15, i16 %p_ZZN4nnet26conv_2d_buffer_resource_clINS_5arrayI9ap_ufixedILi16ELi6EL9ap_q_mode4_7, i16 %p_ZZN4nnet26conv_2d_buffer_resource_clINS_5arrayI9ap_ufixedILi16ELi6EL9ap_q_mode4_14, i16 %p_ZZN4nnet26conv_2d_buffer_resource_clINS_5arrayI9ap_ufixedILi16ELi6EL9ap_q_mode4_6, i16 %p_ZZN4nnet26conv_2d_buffer_resource_clINS_5arrayI9ap_ufixedILi16ELi6EL9ap_q_mode4_13, i16 %p_ZZN4nnet26conv_2d_buffer_resource_clINS_5arrayI9ap_ufixedILi16ELi6EL9ap_q_mode4_5, i16 %p_ZZN4nnet26conv_2d_buffer_resource_clINS_5arrayI9ap_ufixedILi16ELi6EL9ap_q_mode4_12, i16 %p_ZZN4nnet26conv_2d_buffer_resource_clINS_5arrayI9ap_ufixedILi16ELi6EL9ap_q_mode4_4, i16 %p_ZZN4nnet26conv_2d_buffer_resource_clINS_5arrayI9ap_ufixedILi16ELi6EL9ap_q_mode4_11, i16 %p_ZZN4nnet26conv_2d_buffer_resource_clINS_5arrayI9ap_ufixedILi16ELi6EL9ap_q_mode4_3, i16 %p_ZZN4nnet26conv_2d_buffer_resource_clINS_5arrayI9ap_ufixedILi16ELi6EL9ap_q_mode4_10, i16 %p_ZZN4nnet26conv_2d_buffer_resource_clINS_5arrayI9ap_ufixedILi16ELi6EL9ap_q_mode4_2, i16 %p_ZZN4nnet26conv_2d_buffer_resource_clINS_5arrayI9ap_ufixedILi16ELi6EL9ap_q_mode4_9, i16 %p_ZZN4nnet26conv_2d_buffer_resource_clINS_5arrayI9ap_ufixedILi16ELi6EL9ap_q_mode4_1, i16 %p_ZZN4nnet26conv_2d_buffer_resource_clINS_5arrayI9ap_ufixedILi16ELi6EL9ap_q_mode4_8, i16 %p_ZZN4nnet26conv_2d_buffer_resource_clINS_5arrayI9ap_ufixedILi16ELi6EL9ap_q_mode4, i32 %sX_3, i32 %sY_3, i32 %pY_3, i32 %pX_3, i4600 %w7" [firmware/nnet_utils/nnet_conv2d_stream.h:58->firmware/nnet_utils/nnet_conv2d_stream.h:78]   --->   Operation 27 'call' 'call_ln58' <Predicate = true> <Delay = 0.00> <CoreType = "Generic">   --->   Core 0 '' <Latency = 0> <II = 1> <Delay = 1.00> <Generic> <Opcode : >
ST_3 : Operation 28 [1/1] (0.00ns)   --->   "%br_ln54 = br void %for.body12.i" [firmware/nnet_utils/nnet_conv2d_stream.h:54->firmware/nnet_utils/nnet_conv2d_stream.h:78]   --->   Operation 28 'br' 'br_ln54' <Predicate = true> <Delay = 0.00>


============================================================
+ Verbose Summary: Timing violations
============================================================
Target clock period: 5.000ns, clock uncertainty: 1.350ns.

 <State 1>: 0.427ns
The critical path consists of the following:
	'alloca' operation 10 bit ('indvar_flatten') [96]  (0.000 ns)
	'store' operation 0 bit ('store_ln0') of constant 0 on local variable 'indvar_flatten' [99]  (0.427 ns)

 <State 2>: 2.500ns
The critical path consists of the following:
	'load' operation 10 bit ('indvar_flatten_load', firmware/nnet_utils/nnet_conv2d_stream.h:52->firmware/nnet_utils/nnet_conv2d_stream.h:78) on local variable 'indvar_flatten' [102]  (0.000 ns)
	'icmp' operation 1 bit ('icmp_ln52', firmware/nnet_utils/nnet_conv2d_stream.h:52->firmware/nnet_utils/nnet_conv2d_stream.h:78) [103]  (0.787 ns)
	fifo read operation ('layer25_out_read', firmware/nnet_utils/nnet_conv2d_stream.h:58->firmware/nnet_utils/nnet_conv2d_stream.h:78) on port 'layer25_out' (firmware/nnet_utils/nnet_conv2d_stream.h:58->firmware/nnet_utils/nnet_conv2d_stream.h:78) [109]  (1.713 ns)

 <State 3>: 0.000ns
The critical path consists of the following:


============================================================
+ Verbose Summary: Binding
============================================================
N/A
* FSMD analyzer results:
  - Output states:
 - Input state : 
  - Chain level:
	State 1
	State 2
	State 3


============================================================
+ Verbose Summary: Datapath Resource usage 
============================================================
N/A
