

================================================================
== Vitis HLS Report for 'dense_array_ap_ufixed_32u_array_ap_fixed_38_19_5_3_0_10u_config21_s'
================================================================
* Date:           Sat Mar 21 19:19:25 2026

* Version:        2023.2 (Build 4023990 on Oct 11 2023)
* Project:        myproject_prj
* Solution:       solution1 (Vivado IP Flow Target)
* Product family: zynquplus
* Target device:  xck26-sfvc784-2LV-c


================================================================
== Performance Estimates
================================================================
+ Timing: 
    * Summary: 
    +--------+---------+----------+------------+
    |  Clock |  Target | Estimated| Uncertainty|
    +--------+---------+----------+------------+
    |ap_clk  |  5.00 ns|  3.617 ns|     1.35 ns|
    +--------+---------+----------+------------+

+ Latency: 
    * Summary: 
    +---------+---------+-----------+-----------+-----+-----+---------+
    |  Latency (cycles) |   Latency (absolute)  |  Interval | Pipeline|
    |   min   |   max   |    min    |    max    | min | max |   Type  |
    +---------+---------+-----------+-----------+-----+-----+---------+
    |        7|        8|  35.000 ns|  40.000 ns|    7|    8|       no|
    +---------+---------+-----------+-----------+-----+-----+---------+

    + Detail: 
        * Instance: 
        N/A

        * Loop: 
        N/A

============================================================
+ Verbose Summary: Synthesis Manager
============================================================
InlineROM: 1
ExposeGlobal: 0
============================================================
+ Verbose Summary: CDFG Model
============================================================
IsTopModel: 0
ResetActiveHigh: 1
IsCombinational: 2
IsDatapathOnly: 0
HasWiredReturn: 1
HasMFsm: 0
HasVarLatency: 1
IsPipeline: 0
IsRtlPipelined: 0
IsInstanceOverlapped: 0
IsDontTouch: 0
HasImplIP: 0
IsGatedGlobalClock: 0


============================================================
+ Verbose Summary: Schedule
============================================================
* Number of FSM states : 3
* Pipeline : 0
* Dataflow Pipeline: 0

* FSM state transitions: 
1 --> 2 
2 --> 3 
3 --> 

* FSM state operations: 

State 1 <SV = 0> <Delay = 2.25>
ST_1 : Operation 4 [1/1] (1.82ns)   --->   "%layer20_out_read = read i512 @_ssdm_op_Read.ap_fifo.volatile.i512P0A, i512 %layer20_out" [firmware/nnet_utils/nnet_dense_stream.h:43->firmware/nnet_utils/nnet_dense_stream.h:93]   --->   Operation 4 'read' 'layer20_out_read' <Predicate = true> <Delay = 1.82> <CoreInst = "FIFO_SRL">   --->   Core 81 'FIFO_SRL' <Latency = 0> <II = 1> <Delay = 1.83> <Storage> <Opcode : 'read' 'write' 'nbread' 'nbwrite'> <Ports = 0> <Width = 512> <Depth = 1> <FIFO>
ST_1 : Operation 5 [1/1] (0.00ns)   --->   "%data_pack = trunc i512 %layer20_out_read" [firmware/nnet_utils/nnet_dense_stream.h:43->firmware/nnet_utils/nnet_dense_stream.h:93]   --->   Operation 5 'trunc' 'data_pack' <Predicate = true> <Delay = 0.00>
ST_1 : Operation 6 [1/1] (0.00ns)   --->   "%data_pack_32 = partselect i16 @_ssdm_op_PartSelect.i16.i512.i32.i32, i512 %layer20_out_read, i32 16, i32 31" [firmware/nnet_utils/nnet_dense_stream.h:43->firmware/nnet_utils/nnet_dense_stream.h:93]   --->   Operation 6 'partselect' 'data_pack_32' <Predicate = true> <Delay = 0.00>
ST_1 : Operation 7 [1/1] (0.00ns)   --->   "%data_pack_33 = partselect i16 @_ssdm_op_PartSelect.i16.i512.i32.i32, i512 %layer20_out_read, i32 32, i32 47" [firmware/nnet_utils/nnet_dense_stream.h:43->firmware/nnet_utils/nnet_dense_stream.h:93]   --->   Operation 7 'partselect' 'data_pack_33' <Predicate = true> <Delay = 0.00>
ST_1 : Operation 8 [1/1] (0.00ns)   --->   "%data_pack_34 = partselect i16 @_ssdm_op_PartSelect.i16.i512.i32.i32, i512 %layer20_out_read, i32 48, i32 63" [firmware/nnet_utils/nnet_dense_stream.h:43->firmware/nnet_utils/nnet_dense_stream.h:93]   --->   Operation 8 'partselect' 'data_pack_34' <Predicate = true> <Delay = 0.00>
ST_1 : Operation 9 [1/1] (0.00ns)   --->   "%data_pack_35 = partselect i16 @_ssdm_op_PartSelect.i16.i512.i32.i32, i512 %layer20_out_read, i32 64, i32 79" [firmware/nnet_utils/nnet_dense_stream.h:43->firmware/nnet_utils/nnet_dense_stream.h:93]   --->   Operation 9 'partselect' 'data_pack_35' <Predicate = true> <Delay = 0.00>
ST_1 : Operation 10 [1/1] (0.00ns)   --->   "%data_pack_36 = partselect i16 @_ssdm_op_PartSelect.i16.i512.i32.i32, i512 %layer20_out_read, i32 80, i32 95" [firmware/nnet_utils/nnet_dense_stream.h:43->firmware/nnet_utils/nnet_dense_stream.h:93]   --->   Operation 10 'partselect' 'data_pack_36' <Predicate = true> <Delay = 0.00>
ST_1 : Operation 11 [1/1] (0.00ns)   --->   "%data_pack_37 = partselect i16 @_ssdm_op_PartSelect.i16.i512.i32.i32, i512 %layer20_out_read, i32 96, i32 111" [firmware/nnet_utils/nnet_dense_stream.h:43->firmware/nnet_utils/nnet_dense_stream.h:93]   --->   Operation 11 'partselect' 'data_pack_37' <Predicate = true> <Delay = 0.00>
ST_1 : Operation 12 [1/1] (0.00ns)   --->   "%data_pack_38 = partselect i16 @_ssdm_op_PartSelect.i16.i512.i32.i32, i512 %layer20_out_read, i32 112, i32 127" [firmware/nnet_utils/nnet_dense_stream.h:43->firmware/nnet_utils/nnet_dense_stream.h:93]   --->   Operation 12 'partselect' 'data_pack_38' <Predicate = true> <Delay = 0.00>
ST_1 : Operation 13 [1/1] (0.00ns)   --->   "%data_pack_39 = partselect i16 @_ssdm_op_PartSelect.i16.i512.i32.i32, i512 %layer20_out_read, i32 128, i32 143" [firmware/nnet_utils/nnet_dense_stream.h:43->firmware/nnet_utils/nnet_dense_stream.h:93]   --->   Operation 13 'partselect' 'data_pack_39' <Predicate = true> <Delay = 0.00>
ST_1 : Operation 14 [1/1] (0.00ns)   --->   "%data_pack_40 = partselect i16 @_ssdm_op_PartSelect.i16.i512.i32.i32, i512 %layer20_out_read, i32 144, i32 159" [firmware/nnet_utils/nnet_dense_stream.h:43->firmware/nnet_utils/nnet_dense_stream.h:93]   --->   Operation 14 'partselect' 'data_pack_40' <Predicate = true> <Delay = 0.00>
ST_1 : Operation 15 [1/1] (0.00ns)   --->   "%data_pack_41 = partselect i16 @_ssdm_op_PartSelect.i16.i512.i32.i32, i512 %layer20_out_read, i32 160, i32 175" [firmware/nnet_utils/nnet_dense_stream.h:43->firmware/nnet_utils/nnet_dense_stream.h:93]   --->   Operation 15 'partselect' 'data_pack_41' <Predicate = true> <Delay = 0.00>
ST_1 : Operation 16 [1/1] (0.00ns)   --->   "%data_pack_42 = partselect i16 @_ssdm_op_PartSelect.i16.i512.i32.i32, i512 %layer20_out_read, i32 176, i32 191" [firmware/nnet_utils/nnet_dense_stream.h:43->firmware/nnet_utils/nnet_dense_stream.h:93]   --->   Operation 16 'partselect' 'data_pack_42' <Predicate = true> <Delay = 0.00>
ST_1 : Operation 17 [1/1] (0.00ns)   --->   "%data_pack_43 = partselect i16 @_ssdm_op_PartSelect.i16.i512.i32.i32, i512 %layer20_out_read, i32 192, i32 207" [firmware/nnet_utils/nnet_dense_stream.h:43->firmware/nnet_utils/nnet_dense_stream.h:93]   --->   Operation 17 'partselect' 'data_pack_43' <Predicate = true> <Delay = 0.00>
ST_1 : Operation 18 [1/1] (0.00ns)   --->   "%data_pack_44 = partselect i16 @_ssdm_op_PartSelect.i16.i512.i32.i32, i512 %layer20_out_read, i32 208, i32 223" [firmware/nnet_utils/nnet_dense_stream.h:43->firmware/nnet_utils/nnet_dense_stream.h:93]   --->   Operation 18 'partselect' 'data_pack_44' <Predicate = true> <Delay = 0.00>
ST_1 : Operation 19 [1/1] (0.00ns)   --->   "%data_pack_45 = partselect i16 @_ssdm_op_PartSelect.i16.i512.i32.i32, i512 %layer20_out_read, i32 224, i32 239" [firmware/nnet_utils/nnet_dense_stream.h:43->firmware/nnet_utils/nnet_dense_stream.h:93]   --->   Operation 19 'partselect' 'data_pack_45' <Predicate = true> <Delay = 0.00>
ST_1 : Operation 20 [1/1] (0.00ns)   --->   "%data_pack_46 = partselect i16 @_ssdm_op_PartSelect.i16.i512.i32.i32, i512 %layer20_out_read, i32 240, i32 255" [firmware/nnet_utils/nnet_dense_stream.h:43->firmware/nnet_utils/nnet_dense_stream.h:93]   --->   Operation 20 'partselect' 'data_pack_46' <Predicate = true> <Delay = 0.00>
ST_1 : Operation 21 [1/1] (0.00ns)   --->   "%data_pack_47 = partselect i16 @_ssdm_op_PartSelect.i16.i512.i32.i32, i512 %layer20_out_read, i32 256, i32 271" [firmware/nnet_utils/nnet_dense_stream.h:43->firmware/nnet_utils/nnet_dense_stream.h:93]   --->   Operation 21 'partselect' 'data_pack_47' <Predicate = true> <Delay = 0.00>
ST_1 : Operation 22 [1/1] (0.00ns)   --->   "%data_pack_48 = partselect i16 @_ssdm_op_PartSelect.i16.i512.i32.i32, i512 %layer20_out_read, i32 272, i32 287" [firmware/nnet_utils/nnet_dense_stream.h:43->firmware/nnet_utils/nnet_dense_stream.h:93]   --->   Operation 22 'partselect' 'data_pack_48' <Predicate = true> <Delay = 0.00>
ST_1 : Operation 23 [1/1] (0.00ns)   --->   "%data_pack_49 = partselect i16 @_ssdm_op_PartSelect.i16.i512.i32.i32, i512 %layer20_out_read, i32 288, i32 303" [firmware/nnet_utils/nnet_dense_stream.h:43->firmware/nnet_utils/nnet_dense_stream.h:93]   --->   Operation 23 'partselect' 'data_pack_49' <Predicate = true> <Delay = 0.00>
ST_1 : Operation 24 [1/1] (0.00ns)   --->   "%data_pack_50 = partselect i16 @_ssdm_op_PartSelect.i16.i512.i32.i32, i512 %layer20_out_read, i32 304, i32 319" [firmware/nnet_utils/nnet_dense_stream.h:43->firmware/nnet_utils/nnet_dense_stream.h:93]   --->   Operation 24 'partselect' 'data_pack_50' <Predicate = true> <Delay = 0.00>
ST_1 : Operation 25 [1/1] (0.00ns)   --->   "%data_pack_51 = partselect i16 @_ssdm_op_PartSelect.i16.i512.i32.i32, i512 %layer20_out_read, i32 320, i32 335" [firmware/nnet_utils/nnet_dense_stream.h:43->firmware/nnet_utils/nnet_dense_stream.h:93]   --->   Operation 25 'partselect' 'data_pack_51' <Predicate = true> <Delay = 0.00>
ST_1 : Operation 26 [1/1] (0.00ns)   --->   "%data_pack_52 = partselect i16 @_ssdm_op_PartSelect.i16.i512.i32.i32, i512 %layer20_out_read, i32 336, i32 351" [firmware/nnet_utils/nnet_dense_stream.h:43->firmware/nnet_utils/nnet_dense_stream.h:93]   --->   Operation 26 'partselect' 'data_pack_52' <Predicate = true> <Delay = 0.00>
ST_1 : Operation 27 [1/1] (0.00ns)   --->   "%data_pack_53 = partselect i16 @_ssdm_op_PartSelect.i16.i512.i32.i32, i512 %layer20_out_read, i32 352, i32 367" [firmware/nnet_utils/nnet_dense_stream.h:43->firmware/nnet_utils/nnet_dense_stream.h:93]   --->   Operation 27 'partselect' 'data_pack_53' <Predicate = true> <Delay = 0.00>
ST_1 : Operation 28 [1/1] (0.00ns)   --->   "%data_pack_54 = partselect i16 @_ssdm_op_PartSelect.i16.i512.i32.i32, i512 %layer20_out_read, i32 368, i32 383" [firmware/nnet_utils/nnet_dense_stream.h:43->firmware/nnet_utils/nnet_dense_stream.h:93]   --->   Operation 28 'partselect' 'data_pack_54' <Predicate = true> <Delay = 0.00>
ST_1 : Operation 29 [1/1] (0.00ns)   --->   "%data_pack_55 = partselect i16 @_ssdm_op_PartSelect.i16.i512.i32.i32, i512 %layer20_out_read, i32 384, i32 399" [firmware/nnet_utils/nnet_dense_stream.h:43->firmware/nnet_utils/nnet_dense_stream.h:93]   --->   Operation 29 'partselect' 'data_pack_55' <Predicate = true> <Delay = 0.00>
ST_1 : Operation 30 [1/1] (0.00ns)   --->   "%data_pack_56 = partselect i16 @_ssdm_op_PartSelect.i16.i512.i32.i32, i512 %layer20_out_read, i32 400, i32 415" [firmware/nnet_utils/nnet_dense_stream.h:43->firmware/nnet_utils/nnet_dense_stream.h:93]   --->   Operation 30 'partselect' 'data_pack_56' <Predicate = true> <Delay = 0.00>
ST_1 : Operation 31 [1/1] (0.00ns)   --->   "%data_pack_57 = partselect i16 @_ssdm_op_PartSelect.i16.i512.i32.i32, i512 %layer20_out_read, i32 416, i32 431" [firmware/nnet_utils/nnet_dense_stream.h:43->firmware/nnet_utils/nnet_dense_stream.h:93]   --->   Operation 31 'partselect' 'data_pack_57' <Predicate = true> <Delay = 0.00>
ST_1 : Operation 32 [1/1] (0.00ns)   --->   "%data_pack_58 = partselect i16 @_ssdm_op_PartSelect.i16.i512.i32.i32, i512 %layer20_out_read, i32 432, i32 447" [firmware/nnet_utils/nnet_dense_stream.h:43->firmware/nnet_utils/nnet_dense_stream.h:93]   --->   Operation 32 'partselect' 'data_pack_58' <Predicate = true> <Delay = 0.00>
ST_1 : Operation 33 [1/1] (0.00ns)   --->   "%data_pack_59 = partselect i16 @_ssdm_op_PartSelect.i16.i512.i32.i32, i512 %layer20_out_read, i32 448, i32 463" [firmware/nnet_utils/nnet_dense_stream.h:43->firmware/nnet_utils/nnet_dense_stream.h:93]   --->   Operation 33 'partselect' 'data_pack_59' <Predicate = true> <Delay = 0.00>
ST_1 : Operation 34 [1/1] (0.00ns)   --->   "%data_pack_60 = partselect i16 @_ssdm_op_PartSelect.i16.i512.i32.i32, i512 %layer20_out_read, i32 464, i32 479" [firmware/nnet_utils/nnet_dense_stream.h:43->firmware/nnet_utils/nnet_dense_stream.h:93]   --->   Operation 34 'partselect' 'data_pack_60' <Predicate = true> <Delay = 0.00>
ST_1 : Operation 35 [1/1] (0.00ns)   --->   "%data_pack_61 = partselect i16 @_ssdm_op_PartSelect.i16.i512.i32.i32, i512 %layer20_out_read, i32 480, i32 495" [firmware/nnet_utils/nnet_dense_stream.h:43->firmware/nnet_utils/nnet_dense_stream.h:93]   --->   Operation 35 'partselect' 'data_pack_61' <Predicate = true> <Delay = 0.00>
ST_1 : Operation 36 [1/1] (0.00ns)   --->   "%data_pack_62 = partselect i16 @_ssdm_op_PartSelect.i16.i512.i32.i32, i512 %layer20_out_read, i32 496, i32 511" [firmware/nnet_utils/nnet_dense_stream.h:43->firmware/nnet_utils/nnet_dense_stream.h:93]   --->   Operation 36 'partselect' 'data_pack_62' <Predicate = true> <Delay = 0.00>
ST_1 : Operation 37 [2/2] (0.42ns)   --->   "%call_ret = call i380 @dense_resource_rf_leq_nin<ap_ufixed,ap_fixed<38,19,5,3,0>,config21>, i16 %data_pack, i16 %data_pack_32, i16 %data_pack_33, i16 %data_pack_34, i16 %data_pack_35, i16 %data_pack_36, i16 %data_pack_37, i16 %data_pack_38, i16 %data_pack_39, i16 %data_pack_40, i16 %data_pack_41, i16 %data_pack_42, i16 %data_pack_43, i16 %data_pack_44, i16 %data_pack_45, i16 %data_pack_46, i16 %data_pack_47, i16 %data_pack_48, i16 %data_pack_49, i16 %data_pack_50, i16 %data_pack_51, i16 %data_pack_52, i16 %data_pack_53, i16 %data_pack_54, i16 %data_pack_55, i16 %data_pack_56, i16 %data_pack_57, i16 %data_pack_58, i16 %data_pack_59, i16 %data_pack_60, i16 %data_pack_61, i16 %data_pack_62, i1273 %w21" [firmware/nnet_utils/nnet_dense_resource.h:262->firmware/nnet_utils/nnet_dense_stream.h:24->firmware/nnet_utils/nnet_dense_stream.h:97]   --->   Operation 37 'call' 'call_ret' <Predicate = true> <Delay = 0.42> <CoreType = "Generic">   --->   Core 0 '' <Latency = 0> <II = 1> <Delay = 1.00> <Generic> <Opcode : >

State 2 <SV = 1> <Delay = 2.22>
ST_2 : Operation 38 [1/2] (2.22ns)   --->   "%call_ret = call i380 @dense_resource_rf_leq_nin<ap_ufixed,ap_fixed<38,19,5,3,0>,config21>, i16 %data_pack, i16 %data_pack_32, i16 %data_pack_33, i16 %data_pack_34, i16 %data_pack_35, i16 %data_pack_36, i16 %data_pack_37, i16 %data_pack_38, i16 %data_pack_39, i16 %data_pack_40, i16 %data_pack_41, i16 %data_pack_42, i16 %data_pack_43, i16 %data_pack_44, i16 %data_pack_45, i16 %data_pack_46, i16 %data_pack_47, i16 %data_pack_48, i16 %data_pack_49, i16 %data_pack_50, i16 %data_pack_51, i16 %data_pack_52, i16 %data_pack_53, i16 %data_pack_54, i16 %data_pack_55, i16 %data_pack_56, i16 %data_pack_57, i16 %data_pack_58, i16 %data_pack_59, i16 %data_pack_60, i16 %data_pack_61, i16 %data_pack_62, i1273 %w21" [firmware/nnet_utils/nnet_dense_resource.h:262->firmware/nnet_utils/nnet_dense_stream.h:24->firmware/nnet_utils/nnet_dense_stream.h:97]   --->   Operation 38 'call' 'call_ret' <Predicate = true> <Delay = 2.22> <CoreType = "Generic">   --->   Core 0 '' <Latency = 0> <II = 1> <Delay = 1.00> <Generic> <Opcode : >
ST_2 : Operation 39 [1/1] (0.00ns)   --->   "%res = extractvalue i380 %call_ret" [firmware/nnet_utils/nnet_dense_resource.h:262->firmware/nnet_utils/nnet_dense_stream.h:24->firmware/nnet_utils/nnet_dense_stream.h:97]   --->   Operation 39 'extractvalue' 'res' <Predicate = true> <Delay = 0.00>
ST_2 : Operation 40 [1/1] (0.00ns)   --->   "%res_1 = extractvalue i380 %call_ret" [firmware/nnet_utils/nnet_dense_resource.h:262->firmware/nnet_utils/nnet_dense_stream.h:24->firmware/nnet_utils/nnet_dense_stream.h:97]   --->   Operation 40 'extractvalue' 'res_1' <Predicate = true> <Delay = 0.00>
ST_2 : Operation 41 [1/1] (0.00ns)   --->   "%res_2 = extractvalue i380 %call_ret" [firmware/nnet_utils/nnet_dense_resource.h:262->firmware/nnet_utils/nnet_dense_stream.h:24->firmware/nnet_utils/nnet_dense_stream.h:97]   --->   Operation 41 'extractvalue' 'res_2' <Predicate = true> <Delay = 0.00>
ST_2 : Operation 42 [1/1] (0.00ns)   --->   "%res_3 = extractvalue i380 %call_ret" [firmware/nnet_utils/nnet_dense_resource.h:262->firmware/nnet_utils/nnet_dense_stream.h:24->firmware/nnet_utils/nnet_dense_stream.h:97]   --->   Operation 42 'extractvalue' 'res_3' <Predicate = true> <Delay = 0.00>
ST_2 : Operation 43 [1/1] (0.00ns)   --->   "%res_4 = extractvalue i380 %call_ret" [firmware/nnet_utils/nnet_dense_resource.h:262->firmware/nnet_utils/nnet_dense_stream.h:24->firmware/nnet_utils/nnet_dense_stream.h:97]   --->   Operation 43 'extractvalue' 'res_4' <Predicate = true> <Delay = 0.00>
ST_2 : Operation 44 [1/1] (0.00ns)   --->   "%res_5 = extractvalue i380 %call_ret" [firmware/nnet_utils/nnet_dense_resource.h:262->firmware/nnet_utils/nnet_dense_stream.h:24->firmware/nnet_utils/nnet_dense_stream.h:97]   --->   Operation 44 'extractvalue' 'res_5' <Predicate = true> <Delay = 0.00>
ST_2 : Operation 45 [1/1] (0.00ns)   --->   "%res_6 = extractvalue i380 %call_ret" [firmware/nnet_utils/nnet_dense_resource.h:262->firmware/nnet_utils/nnet_dense_stream.h:24->firmware/nnet_utils/nnet_dense_stream.h:97]   --->   Operation 45 'extractvalue' 'res_6' <Predicate = true> <Delay = 0.00>
ST_2 : Operation 46 [1/1] (0.00ns)   --->   "%res_7 = extractvalue i380 %call_ret" [firmware/nnet_utils/nnet_dense_resource.h:262->firmware/nnet_utils/nnet_dense_stream.h:24->firmware/nnet_utils/nnet_dense_stream.h:97]   --->   Operation 46 'extractvalue' 'res_7' <Predicate = true> <Delay = 0.00>
ST_2 : Operation 47 [1/1] (0.00ns)   --->   "%res_8 = extractvalue i380 %call_ret" [firmware/nnet_utils/nnet_dense_resource.h:262->firmware/nnet_utils/nnet_dense_stream.h:24->firmware/nnet_utils/nnet_dense_stream.h:97]   --->   Operation 47 'extractvalue' 'res_8' <Predicate = true> <Delay = 0.00>
ST_2 : Operation 48 [1/1] (0.00ns)   --->   "%res_9 = extractvalue i380 %call_ret" [firmware/nnet_utils/nnet_dense_resource.h:262->firmware/nnet_utils/nnet_dense_stream.h:24->firmware/nnet_utils/nnet_dense_stream.h:97]   --->   Operation 48 'extractvalue' 'res_9' <Predicate = true> <Delay = 0.00>

State 3 <SV = 2> <Delay = 1.82>
ST_3 : Operation 49 [1/1] (0.00ns)   --->   "%specinterface_ln0 = specinterface void @_ssdm_op_SpecInterface, i380 %layer21_out, void @empty_14, i32 0, i32 0, void @empty_7, i32 0, i32 0, void @empty_7, void @empty_7, void @empty_7, i32 0, i32 0, i32 0, i32 0, void @empty_7, void @empty_7, i32 4294967295, i32 0"   --->   Operation 49 'specinterface' 'specinterface_ln0' <Predicate = true> <Delay = 0.00>
ST_3 : Operation 50 [1/1] (0.00ns)   --->   "%specinterface_ln0 = specinterface void @_ssdm_op_SpecInterface, i512 %layer20_out, void @empty_14, i32 0, i32 0, void @empty_7, i32 0, i32 0, void @empty_7, void @empty_7, void @empty_7, i32 0, i32 0, i32 0, i32 0, void @empty_7, void @empty_7, i32 4294967295, i32 0"   --->   Operation 50 'specinterface' 'specinterface_ln0' <Predicate = true> <Delay = 0.00>
ST_3 : Operation 51 [1/1] (0.00ns)   --->   "%p_s = bitconcatenate i380 @_ssdm_op_BitConcatenate.i380.i38.i38.i38.i38.i38.i38.i38.i38.i38.i38, i38 %res_9, i38 %res_8, i38 %res_7, i38 %res_6, i38 %res_5, i38 %res_4, i38 %res_3, i38 %res_2, i38 %res_1, i38 %res" [firmware/nnet_utils/nnet_dense_stream.h:77->firmware/nnet_utils/nnet_dense_stream.h:100]   --->   Operation 51 'bitconcatenate' 'p_s' <Predicate = true> <Delay = 0.00>
ST_3 : Operation 52 [1/1] (1.82ns)   --->   "%write_ln77 = write void @_ssdm_op_Write.ap_fifo.volatile.i380P0A, i380 %layer21_out, i380 %p_s" [firmware/nnet_utils/nnet_dense_stream.h:77->firmware/nnet_utils/nnet_dense_stream.h:100]   --->   Operation 52 'write' 'write_ln77' <Predicate = true> <Delay = 1.82> <CoreInst = "FIFO_SRL">   --->   Core 81 'FIFO_SRL' <Latency = 0> <II = 1> <Delay = 1.83> <Storage> <Opcode : 'read' 'write' 'nbread' 'nbwrite'> <Ports = 0> <Width = 380> <Depth = 1> <FIFO>
ST_3 : Operation 53 [1/1] (0.00ns)   --->   "%ret_ln101 = ret" [firmware/nnet_utils/nnet_dense_stream.h:101]   --->   Operation 53 'ret' 'ret_ln101' <Predicate = true> <Delay = 0.00>


============================================================
+ Verbose Summary: Timing violations
============================================================
Target clock period: 5.000ns, clock uncertainty: 1.350ns.

 <State 1>: 2.252ns
The critical path consists of the following:
	fifo read operation ('layer20_out_read', firmware/nnet_utils/nnet_dense_stream.h:43->firmware/nnet_utils/nnet_dense_stream.h:93) on port 'layer20_out' (firmware/nnet_utils/nnet_dense_stream.h:43->firmware/nnet_utils/nnet_dense_stream.h:93) [6]  (1.825 ns)
	'call' operation 380 bit ('call_ret', firmware/nnet_utils/nnet_dense_resource.h:262->firmware/nnet_utils/nnet_dense_stream.h:24->firmware/nnet_utils/nnet_dense_stream.h:97) to 'dense_resource_rf_leq_nin<ap_ufixed,ap_fixed<38,19,5,3,0>,config21>' [39]  (0.427 ns)

 <State 2>: 2.227ns
The critical path consists of the following:
	'call' operation 380 bit ('call_ret', firmware/nnet_utils/nnet_dense_resource.h:262->firmware/nnet_utils/nnet_dense_stream.h:24->firmware/nnet_utils/nnet_dense_stream.h:97) to 'dense_resource_rf_leq_nin<ap_ufixed,ap_fixed<38,19,5,3,0>,config21>' [39]  (2.227 ns)

 <State 3>: 1.825ns
The critical path consists of the following:
	fifo write operation ('write_ln77', firmware/nnet_utils/nnet_dense_stream.h:77->firmware/nnet_utils/nnet_dense_stream.h:100) on port 'layer21_out' (firmware/nnet_utils/nnet_dense_stream.h:77->firmware/nnet_utils/nnet_dense_stream.h:100) [51]  (1.825 ns)


============================================================
+ Verbose Summary: Binding
============================================================
N/A
* FSMD analyzer results:
  - Output states:
 - Input state : 
  - Chain level:
	State 1
	State 2
	State 3


============================================================
+ Verbose Summary: Datapath Resource usage 
============================================================
N/A
