

================================================================
== Vitis HLS Report for 'normalize_array_ap_fixed_16u_array_ap_fixed_57_28_5_3_0_16u_config9_s'
================================================================
* Date:           Sat Mar 21 19:19:11 2026

* Version:        2023.2 (Build 4023990 on Oct 11 2023)
* Project:        myproject_prj
* Solution:       solution1 (Vivado IP Flow Target)
* Product family: zynquplus
* Target device:  xck26-sfvc784-2LV-c


================================================================
== Performance Estimates
================================================================
+ Timing: 
    * Summary: 
    +--------+---------+----------+------------+
    |  Clock |  Target | Estimated| Uncertainty|
    +--------+---------+----------+------------+
    |ap_clk  |  5.00 ns|  3.340 ns|     1.35 ns|
    +--------+---------+----------+------------+

+ Latency: 
    * Summary: 
    +---------+---------+----------+----------+-----+-----+---------+
    |  Latency (cycles) |  Latency (absolute) |  Interval | Pipeline|
    |   min   |   max   |    min   |    max   | min | max |   Type  |
    +---------+---------+----------+----------+-----+-----+---------+
    |      704|      704|  3.520 us|  3.520 us|  704|  704|       no|
    +---------+---------+----------+----------+-----+-----+---------+

    + Detail: 
        * Instance: 
        N/A

        * Loop: 
        +-----------------+---------+---------+----------+-----------+-----------+------+----------+
        |                 |  Latency (cycles) | Iteration|  Initiation Interval  | Trip |          |
        |    Loop Name    |   min   |   max   |  Latency |  achieved |   target  | Count| Pipelined|
        +-----------------+---------+---------+----------+-----------+-----------+------+----------+
        |- BatchNormLoop  |      702|      702|         4|          1|          1|   700|       yes|
        +-----------------+---------+---------+----------+-----------+-----------+------+----------+

============================================================
+ Verbose Summary: Synthesis Manager
============================================================
InlineROM: 1
ExposeGlobal: 0
============================================================
+ Verbose Summary: CDFG Model
============================================================
IsTopModel: 0
ResetActiveHigh: 1
IsCombinational: 2
IsDatapathOnly: 0
HasWiredReturn: 1
HasMFsm: 2
HasVarLatency: 1
IsPipeline: 0
IsRtlPipelined: 0
IsInstanceOverlapped: 0
IsDontTouch: 0
HasImplIP: 0
IsGatedGlobalClock: 0

+ Individual pipeline summary: 
  * Pipeline-0: initiation interval (II) = 1, depth = 4


============================================================
+ Verbose Summary: Schedule
============================================================
* Number of FSM states : 4
* Pipeline : 1
  Pipeline-0 : II = 1, D = 4, States = { 1 2 3 4 }
* Dataflow Pipeline: 0

* FSM state transitions: 
1 --> 2 
2 --> 3 
3 --> 4 
4 --> 

* FSM state operations: 

State 1 <SV = 0> <Delay = 1.64>
ST_1 : Operation 7 [1/1] (0.00ns)   --->   "%i_02 = alloca i32 1" [firmware/nnet_utils/nnet_batchnorm_stream.h:25]   --->   Operation 7 'alloca' 'i_02' <Predicate = true> <Delay = 0.00>
ST_1 : Operation 8 [1/1] (0.00ns)   --->   "%specinterface_ln0 = specinterface void @_ssdm_op_SpecInterface, i912 %layer9_out, void @empty_14, i32 0, i32 0, void @empty_7, i32 0, i32 0, void @empty_7, void @empty_7, void @empty_7, i32 0, i32 0, i32 0, i32 0, void @empty_7, void @empty_7, i32 4294967295, i32 0"   --->   Operation 8 'specinterface' 'specinterface_ln0' <Predicate = true> <Delay = 0.00>
ST_1 : Operation 9 [1/1] (0.00ns)   --->   "%specinterface_ln0 = specinterface void @_ssdm_op_SpecInterface, i640 %layer7_out, void @empty_14, i32 0, i32 0, void @empty_7, i32 0, i32 0, void @empty_7, void @empty_7, void @empty_7, i32 0, i32 0, i32 0, i32 0, void @empty_7, void @empty_7, i32 4294967295, i32 0"   --->   Operation 9 'specinterface' 'specinterface_ln0' <Predicate = true> <Delay = 0.00>
ST_1 : Operation 10 [1/1] (0.00ns)   --->   "%specresourcelimit_ln22 = specresourcelimit void @_ssdm_op_SpecResourceLimit, i64 11200, void @empty_0, void @empty_7, void @empty_7, void @empty_7" [firmware/nnet_utils/nnet_batchnorm_stream.h:22]   --->   Operation 10 'specresourcelimit' 'specresourcelimit_ln22' <Predicate = true> <Delay = 0.00>
ST_1 : Operation 11 [1/1] (0.42ns)   --->   "%store_ln25 = store i10 0, i10 %i_02" [firmware/nnet_utils/nnet_batchnorm_stream.h:25]   --->   Operation 11 'store' 'store_ln25' <Predicate = true> <Delay = 0.42>
ST_1 : Operation 12 [1/1] (0.00ns)   --->   "%br_ln25 = br void %BatchNormpack" [firmware/nnet_utils/nnet_batchnorm_stream.h:25]   --->   Operation 12 'br' 'br_ln25' <Predicate = true> <Delay = 0.00>
ST_1 : Operation 13 [1/1] (0.00ns)   --->   "%i = load i10 %i_02" [firmware/nnet_utils/nnet_batchnorm_stream.h:25]   --->   Operation 13 'load' 'i' <Predicate = true> <Delay = 0.00>
ST_1 : Operation 14 [1/1] (0.78ns)   --->   "%icmp_ln25 = icmp_eq  i10 %i, i10 700" [firmware/nnet_utils/nnet_batchnorm_stream.h:25]   --->   Operation 14 'icmp' 'icmp_ln25' <Predicate = true> <Delay = 0.78> <CoreInst = "Cmp">   --->   Core 9 'Cmp' <Latency = 0> <II = 1> <Delay = 0.78> <FuncUnit> <Opcode : 'icmp'> <InPorts = 2> <OutPorts = 1>
ST_1 : Operation 15 [1/1] (0.78ns)   --->   "%i_11 = add i10 %i, i10 1" [firmware/nnet_utils/nnet_batchnorm_stream.h:25]   --->   Operation 15 'add' 'i_11' <Predicate = true> <Delay = 0.78> <CoreInst = "Adder">   --->   Core 1 'Adder' <Latency = 0> <II = 1> <Delay = 0.78> <FuncUnit> <Opcode : 'add' 'sub'> <InPorts = 2> <OutPorts = 1>
ST_1 : Operation 16 [1/1] (0.00ns)   --->   "%br_ln25 = br i1 %icmp_ln25, void %BatchNormpack.split, void %for.end12" [firmware/nnet_utils/nnet_batchnorm_stream.h:25]   --->   Operation 16 'br' 'br_ln25' <Predicate = true> <Delay = 0.00>
ST_1 : Operation 17 [1/1] (0.42ns)   --->   "%store_ln25 = store i10 %i_11, i10 %i_02" [firmware/nnet_utils/nnet_batchnorm_stream.h:25]   --->   Operation 17 'store' 'store_ln25' <Predicate = (!icmp_ln25)> <Delay = 0.42>

State 2 <SV = 1> <Delay = 1.82>
ST_2 : Operation 18 [1/1] (1.82ns)   --->   "%layer7_out_read = read i640 @_ssdm_op_Read.ap_fifo.volatile.i640P0A, i640 %layer7_out" [firmware/nnet_utils/nnet_batchnorm_stream.h:28]   --->   Operation 18 'read' 'layer7_out_read' <Predicate = true> <Delay = 1.82> <CoreInst = "FIFO">   --->   Core 78 'FIFO' <Latency = 0> <II = 1> <Delay = 1.93> <Storage> <Opcode : 'read' 'write' 'nbread' 'nbwrite'> <Ports = 0> <Width = 640> <Depth = 700> <FIFO>
ST_2 : Operation 19 [1/1] (0.00ns)   --->   "%a = trunc i640 %layer7_out_read" [firmware/nnet_utils/nnet_batchnorm_stream.h:28]   --->   Operation 19 'trunc' 'a' <Predicate = true> <Delay = 0.00>
ST_2 : Operation 20 [1/1] (0.00ns)   --->   "%a_29 = partselect i40 @_ssdm_op_PartSelect.i40.i640.i32.i32, i640 %layer7_out_read, i32 40, i32 79" [firmware/nnet_utils/nnet_batchnorm_stream.h:28]   --->   Operation 20 'partselect' 'a_29' <Predicate = true> <Delay = 0.00>
ST_2 : Operation 21 [1/1] (0.00ns)   --->   "%a_15 = partselect i40 @_ssdm_op_PartSelect.i40.i640.i32.i32, i640 %layer7_out_read, i32 80, i32 119" [firmware/nnet_utils/nnet_batchnorm_stream.h:28]   --->   Operation 21 'partselect' 'a_15' <Predicate = true> <Delay = 0.00>
ST_2 : Operation 22 [1/1] (0.00ns)   --->   "%a_16 = partselect i40 @_ssdm_op_PartSelect.i40.i640.i32.i32, i640 %layer7_out_read, i32 120, i32 159" [firmware/nnet_utils/nnet_batchnorm_stream.h:28]   --->   Operation 22 'partselect' 'a_16' <Predicate = true> <Delay = 0.00>
ST_2 : Operation 23 [1/1] (0.00ns)   --->   "%a_17 = partselect i40 @_ssdm_op_PartSelect.i40.i640.i32.i32, i640 %layer7_out_read, i32 160, i32 199" [firmware/nnet_utils/nnet_batchnorm_stream.h:28]   --->   Operation 23 'partselect' 'a_17' <Predicate = true> <Delay = 0.00>
ST_2 : Operation 24 [1/1] (0.00ns)   --->   "%a_18 = partselect i40 @_ssdm_op_PartSelect.i40.i640.i32.i32, i640 %layer7_out_read, i32 200, i32 239" [firmware/nnet_utils/nnet_batchnorm_stream.h:28]   --->   Operation 24 'partselect' 'a_18' <Predicate = true> <Delay = 0.00>
ST_2 : Operation 25 [1/1] (0.00ns)   --->   "%a_19 = partselect i40 @_ssdm_op_PartSelect.i40.i640.i32.i32, i640 %layer7_out_read, i32 240, i32 279" [firmware/nnet_utils/nnet_batchnorm_stream.h:28]   --->   Operation 25 'partselect' 'a_19' <Predicate = true> <Delay = 0.00>
ST_2 : Operation 26 [1/1] (0.00ns)   --->   "%a_20 = partselect i40 @_ssdm_op_PartSelect.i40.i640.i32.i32, i640 %layer7_out_read, i32 280, i32 319" [firmware/nnet_utils/nnet_batchnorm_stream.h:28]   --->   Operation 26 'partselect' 'a_20' <Predicate = true> <Delay = 0.00>
ST_2 : Operation 27 [1/1] (0.00ns)   --->   "%a_21 = partselect i40 @_ssdm_op_PartSelect.i40.i640.i32.i32, i640 %layer7_out_read, i32 320, i32 359" [firmware/nnet_utils/nnet_batchnorm_stream.h:28]   --->   Operation 27 'partselect' 'a_21' <Predicate = true> <Delay = 0.00>
ST_2 : Operation 28 [1/1] (0.00ns)   --->   "%a_22 = partselect i40 @_ssdm_op_PartSelect.i40.i640.i32.i32, i640 %layer7_out_read, i32 360, i32 399" [firmware/nnet_utils/nnet_batchnorm_stream.h:28]   --->   Operation 28 'partselect' 'a_22' <Predicate = true> <Delay = 0.00>
ST_2 : Operation 29 [1/1] (0.00ns)   --->   "%a_23 = partselect i40 @_ssdm_op_PartSelect.i40.i640.i32.i32, i640 %layer7_out_read, i32 400, i32 439" [firmware/nnet_utils/nnet_batchnorm_stream.h:28]   --->   Operation 29 'partselect' 'a_23' <Predicate = true> <Delay = 0.00>
ST_2 : Operation 30 [1/1] (0.00ns)   --->   "%a_24 = partselect i40 @_ssdm_op_PartSelect.i40.i640.i32.i32, i640 %layer7_out_read, i32 440, i32 479" [firmware/nnet_utils/nnet_batchnorm_stream.h:28]   --->   Operation 30 'partselect' 'a_24' <Predicate = true> <Delay = 0.00>
ST_2 : Operation 31 [1/1] (0.00ns)   --->   "%a_25 = partselect i40 @_ssdm_op_PartSelect.i40.i640.i32.i32, i640 %layer7_out_read, i32 480, i32 519" [firmware/nnet_utils/nnet_batchnorm_stream.h:28]   --->   Operation 31 'partselect' 'a_25' <Predicate = true> <Delay = 0.00>
ST_2 : Operation 32 [1/1] (0.00ns)   --->   "%a_26 = partselect i40 @_ssdm_op_PartSelect.i40.i640.i32.i32, i640 %layer7_out_read, i32 520, i32 559" [firmware/nnet_utils/nnet_batchnorm_stream.h:28]   --->   Operation 32 'partselect' 'a_26' <Predicate = true> <Delay = 0.00>
ST_2 : Operation 33 [1/1] (0.00ns)   --->   "%a_27 = partselect i40 @_ssdm_op_PartSelect.i40.i640.i32.i32, i640 %layer7_out_read, i32 560, i32 599" [firmware/nnet_utils/nnet_batchnorm_stream.h:28]   --->   Operation 33 'partselect' 'a_27' <Predicate = true> <Delay = 0.00>
ST_2 : Operation 34 [1/1] (0.00ns)   --->   "%a_28 = partselect i40 @_ssdm_op_PartSelect.i40.i640.i32.i32, i640 %layer7_out_read, i32 600, i32 639" [firmware/nnet_utils/nnet_batchnorm_stream.h:28]   --->   Operation 34 'partselect' 'a_28' <Predicate = true> <Delay = 0.00>

State 3 <SV = 2> <Delay = 3.34>
ST_3 : Operation 35 [1/1] (0.00ns)   --->   "%sext_ln73 = sext i40 %a" [firmware/nnet_utils/nnet_mult.h:73->firmware/nnet_utils/nnet_batchnorm_stream.h:41]   --->   Operation 35 'sext' 'sext_ln73' <Predicate = true> <Delay = 0.00>
ST_3 : Operation 36 [1/1] (3.34ns)   --->   "%mul_ln73 = mul i52 %sext_ln73, i52 2764" [firmware/nnet_utils/nnet_mult.h:73->firmware/nnet_utils/nnet_batchnorm_stream.h:41]   --->   Operation 36 'mul' 'mul_ln73' <Predicate = true> <Delay = 3.34> <CoreInst = "Multiplier">   --->   Core 3 'Multiplier' <Latency = 0> <II = 1> <Delay = 3.34> <FuncUnit> <Opcode : 'mul'> <InPorts = 2> <OutPorts = 1>
ST_3 : Operation 37 [1/1] (0.00ns)   --->   "%sext_ln42 = sext i40 %a_29" [firmware/nnet_utils/nnet_batchnorm_stream.h:42]   --->   Operation 37 'sext' 'sext_ln42' <Predicate = true> <Delay = 0.00>
ST_3 : Operation 38 [1/1] (3.34ns)   --->   "%mul_ln42 = mul i50 %sext_ln42, i50 541" [firmware/nnet_utils/nnet_batchnorm_stream.h:42]   --->   Operation 38 'mul' 'mul_ln42' <Predicate = true> <Delay = 3.34> <CoreInst = "Multiplier">   --->   Core 3 'Multiplier' <Latency = 0> <II = 1> <Delay = 3.34> <FuncUnit> <Opcode : 'mul'> <InPorts = 2> <OutPorts = 1>
ST_3 : Operation 39 [1/1] (0.00ns)   --->   "%sext_ln42_1 = sext i40 %a_15" [firmware/nnet_utils/nnet_batchnorm_stream.h:42]   --->   Operation 39 'sext' 'sext_ln42_1' <Predicate = true> <Delay = 0.00>
ST_3 : Operation 40 [1/1] (3.34ns)   --->   "%mul_ln42_1 = mul i50 %sext_ln42_1, i50 844" [firmware/nnet_utils/nnet_batchnorm_stream.h:42]   --->   Operation 40 'mul' 'mul_ln42_1' <Predicate = true> <Delay = 3.34> <CoreInst = "Multiplier">   --->   Core 3 'Multiplier' <Latency = 0> <II = 1> <Delay = 3.34> <FuncUnit> <Opcode : 'mul'> <InPorts = 2> <OutPorts = 1>
ST_3 : Operation 41 [1/1] (0.00ns)   --->   "%sext_ln42_2 = sext i40 %a_16" [firmware/nnet_utils/nnet_batchnorm_stream.h:42]   --->   Operation 41 'sext' 'sext_ln42_2' <Predicate = true> <Delay = 0.00>
ST_3 : Operation 42 [1/1] (3.34ns)   --->   "%mul_ln42_2 = mul i50 %sext_ln42_2, i50 961" [firmware/nnet_utils/nnet_batchnorm_stream.h:42]   --->   Operation 42 'mul' 'mul_ln42_2' <Predicate = true> <Delay = 3.34> <CoreInst = "Multiplier">   --->   Core 3 'Multiplier' <Latency = 0> <II = 1> <Delay = 3.34> <FuncUnit> <Opcode : 'mul'> <InPorts = 2> <OutPorts = 1>
ST_3 : Operation 43 [1/1] (0.00ns)   --->   "%sext_ln73_16 = sext i40 %a_17" [firmware/nnet_utils/nnet_mult.h:73->firmware/nnet_utils/nnet_batchnorm_stream.h:41]   --->   Operation 43 'sext' 'sext_ln73_16' <Predicate = true> <Delay = 0.00>
ST_3 : Operation 44 [1/1] (3.34ns)   --->   "%mul_ln73_16 = mul i51 %sext_ln73_16, i51 1628" [firmware/nnet_utils/nnet_mult.h:73->firmware/nnet_utils/nnet_batchnorm_stream.h:41]   --->   Operation 44 'mul' 'mul_ln73_16' <Predicate = true> <Delay = 3.34> <CoreInst = "Multiplier">   --->   Core 3 'Multiplier' <Latency = 0> <II = 1> <Delay = 3.34> <FuncUnit> <Opcode : 'mul'> <InPorts = 2> <OutPorts = 1>
ST_3 : Operation 45 [1/1] (0.00ns)   --->   "%sext_ln73_17 = sext i40 %a_18" [firmware/nnet_utils/nnet_mult.h:73->firmware/nnet_utils/nnet_batchnorm_stream.h:41]   --->   Operation 45 'sext' 'sext_ln73_17' <Predicate = true> <Delay = 0.00>
ST_3 : Operation 46 [1/1] (3.34ns)   --->   "%mul_ln73_17 = mul i51 %sext_ln73_17, i51 1220" [firmware/nnet_utils/nnet_mult.h:73->firmware/nnet_utils/nnet_batchnorm_stream.h:41]   --->   Operation 46 'mul' 'mul_ln73_17' <Predicate = true> <Delay = 3.34> <CoreInst = "Multiplier">   --->   Core 3 'Multiplier' <Latency = 0> <II = 1> <Delay = 3.34> <FuncUnit> <Opcode : 'mul'> <InPorts = 2> <OutPorts = 1>
ST_3 : Operation 47 [1/1] (0.00ns)   --->   "%sext_ln73_18 = sext i40 %a_19" [firmware/nnet_utils/nnet_mult.h:73->firmware/nnet_utils/nnet_batchnorm_stream.h:41]   --->   Operation 47 'sext' 'sext_ln73_18' <Predicate = true> <Delay = 0.00>
ST_3 : Operation 48 [1/1] (3.34ns)   --->   "%mul_ln73_18 = mul i51 %sext_ln73_18, i51 1458" [firmware/nnet_utils/nnet_mult.h:73->firmware/nnet_utils/nnet_batchnorm_stream.h:41]   --->   Operation 48 'mul' 'mul_ln73_18' <Predicate = true> <Delay = 3.34> <CoreInst = "Multiplier">   --->   Core 3 'Multiplier' <Latency = 0> <II = 1> <Delay = 3.34> <FuncUnit> <Opcode : 'mul'> <InPorts = 2> <OutPorts = 1>
ST_3 : Operation 49 [1/1] (0.00ns)   --->   "%sext_ln73_19 = sext i40 %a_20" [firmware/nnet_utils/nnet_mult.h:73->firmware/nnet_utils/nnet_batchnorm_stream.h:41]   --->   Operation 49 'sext' 'sext_ln73_19' <Predicate = true> <Delay = 0.00>
ST_3 : Operation 50 [1/1] (3.34ns)   --->   "%mul_ln73_19 = mul i51 %sext_ln73_19, i51 1818" [firmware/nnet_utils/nnet_mult.h:73->firmware/nnet_utils/nnet_batchnorm_stream.h:41]   --->   Operation 50 'mul' 'mul_ln73_19' <Predicate = true> <Delay = 3.34> <CoreInst = "Multiplier">   --->   Core 3 'Multiplier' <Latency = 0> <II = 1> <Delay = 3.34> <FuncUnit> <Opcode : 'mul'> <InPorts = 2> <OutPorts = 1>
ST_3 : Operation 51 [1/1] (0.00ns)   --->   "%sext_ln73_20 = sext i40 %a_21" [firmware/nnet_utils/nnet_mult.h:73->firmware/nnet_utils/nnet_batchnorm_stream.h:41]   --->   Operation 51 'sext' 'sext_ln73_20' <Predicate = true> <Delay = 0.00>
ST_3 : Operation 52 [1/1] (3.34ns)   --->   "%mul_ln73_20 = mul i51 %sext_ln73_20, i51 1219" [firmware/nnet_utils/nnet_mult.h:73->firmware/nnet_utils/nnet_batchnorm_stream.h:41]   --->   Operation 52 'mul' 'mul_ln73_20' <Predicate = true> <Delay = 3.34> <CoreInst = "Multiplier">   --->   Core 3 'Multiplier' <Latency = 0> <II = 1> <Delay = 3.34> <FuncUnit> <Opcode : 'mul'> <InPorts = 2> <OutPorts = 1>
ST_3 : Operation 53 [1/1] (0.00ns)   --->   "%sext_ln73_21 = sext i40 %a_22" [firmware/nnet_utils/nnet_mult.h:73->firmware/nnet_utils/nnet_batchnorm_stream.h:41]   --->   Operation 53 'sext' 'sext_ln73_21' <Predicate = true> <Delay = 0.00>
ST_3 : Operation 54 [1/1] (3.34ns)   --->   "%mul_ln73_21 = mul i52 %sext_ln73_21, i52 2332" [firmware/nnet_utils/nnet_mult.h:73->firmware/nnet_utils/nnet_batchnorm_stream.h:41]   --->   Operation 54 'mul' 'mul_ln73_21' <Predicate = true> <Delay = 3.34> <CoreInst = "Multiplier">   --->   Core 3 'Multiplier' <Latency = 0> <II = 1> <Delay = 3.34> <FuncUnit> <Opcode : 'mul'> <InPorts = 2> <OutPorts = 1>
ST_3 : Operation 55 [1/1] (0.00ns)   --->   "%sext_ln73_22 = sext i40 %a_23" [firmware/nnet_utils/nnet_mult.h:73->firmware/nnet_utils/nnet_batchnorm_stream.h:41]   --->   Operation 55 'sext' 'sext_ln73_22' <Predicate = true> <Delay = 0.00>
ST_3 : Operation 56 [1/1] (3.34ns)   --->   "%mul_ln73_22 = mul i51 %sext_ln73_22, i51 1460" [firmware/nnet_utils/nnet_mult.h:73->firmware/nnet_utils/nnet_batchnorm_stream.h:41]   --->   Operation 56 'mul' 'mul_ln73_22' <Predicate = true> <Delay = 3.34> <CoreInst = "Multiplier">   --->   Core 3 'Multiplier' <Latency = 0> <II = 1> <Delay = 3.34> <FuncUnit> <Opcode : 'mul'> <InPorts = 2> <OutPorts = 1>
ST_3 : Operation 57 [1/1] (0.00ns)   --->   "%sext_ln73_23 = sext i40 %a_24" [firmware/nnet_utils/nnet_mult.h:73->firmware/nnet_utils/nnet_batchnorm_stream.h:41]   --->   Operation 57 'sext' 'sext_ln73_23' <Predicate = true> <Delay = 0.00>
ST_3 : Operation 58 [1/1] (3.34ns)   --->   "%mul_ln73_23 = mul i51 %sext_ln73_23, i51 1120" [firmware/nnet_utils/nnet_mult.h:73->firmware/nnet_utils/nnet_batchnorm_stream.h:41]   --->   Operation 58 'mul' 'mul_ln73_23' <Predicate = true> <Delay = 3.34> <CoreInst = "Multiplier">   --->   Core 3 'Multiplier' <Latency = 0> <II = 1> <Delay = 3.34> <FuncUnit> <Opcode : 'mul'> <InPorts = 2> <OutPorts = 1>
ST_3 : Operation 59 [1/1] (0.00ns)   --->   "%sext_ln73_24 = sext i40 %a_25" [firmware/nnet_utils/nnet_mult.h:73->firmware/nnet_utils/nnet_batchnorm_stream.h:41]   --->   Operation 59 'sext' 'sext_ln73_24' <Predicate = true> <Delay = 0.00>
ST_3 : Operation 60 [1/1] (3.34ns)   --->   "%mul_ln73_24 = mul i51 %sext_ln73_24, i51 2025" [firmware/nnet_utils/nnet_mult.h:73->firmware/nnet_utils/nnet_batchnorm_stream.h:41]   --->   Operation 60 'mul' 'mul_ln73_24' <Predicate = true> <Delay = 3.34> <CoreInst = "Multiplier">   --->   Core 3 'Multiplier' <Latency = 0> <II = 1> <Delay = 3.34> <FuncUnit> <Opcode : 'mul'> <InPorts = 2> <OutPorts = 1>
ST_3 : Operation 61 [1/1] (0.00ns)   --->   "%sext_ln73_25 = sext i40 %a_26" [firmware/nnet_utils/nnet_mult.h:73->firmware/nnet_utils/nnet_batchnorm_stream.h:41]   --->   Operation 61 'sext' 'sext_ln73_25' <Predicate = true> <Delay = 0.00>
ST_3 : Operation 62 [1/1] (3.34ns)   --->   "%mul_ln73_25 = mul i52 %sext_ln73_25, i52 2602" [firmware/nnet_utils/nnet_mult.h:73->firmware/nnet_utils/nnet_batchnorm_stream.h:41]   --->   Operation 62 'mul' 'mul_ln73_25' <Predicate = true> <Delay = 3.34> <CoreInst = "Multiplier">   --->   Core 3 'Multiplier' <Latency = 0> <II = 1> <Delay = 3.34> <FuncUnit> <Opcode : 'mul'> <InPorts = 2> <OutPorts = 1>
ST_3 : Operation 63 [1/1] (0.00ns)   --->   "%sext_ln73_26 = sext i40 %a_27" [firmware/nnet_utils/nnet_mult.h:73->firmware/nnet_utils/nnet_batchnorm_stream.h:41]   --->   Operation 63 'sext' 'sext_ln73_26' <Predicate = true> <Delay = 0.00>
ST_3 : Operation 64 [1/1] (3.34ns)   --->   "%mul_ln73_26 = mul i51 %sext_ln73_26, i51 1756" [firmware/nnet_utils/nnet_mult.h:73->firmware/nnet_utils/nnet_batchnorm_stream.h:41]   --->   Operation 64 'mul' 'mul_ln73_26' <Predicate = true> <Delay = 3.34> <CoreInst = "Multiplier">   --->   Core 3 'Multiplier' <Latency = 0> <II = 1> <Delay = 3.34> <FuncUnit> <Opcode : 'mul'> <InPorts = 2> <OutPorts = 1>
ST_3 : Operation 65 [1/1] (0.00ns)   --->   "%sext_ln73_27 = sext i40 %a_28" [firmware/nnet_utils/nnet_mult.h:73->firmware/nnet_utils/nnet_batchnorm_stream.h:41]   --->   Operation 65 'sext' 'sext_ln73_27' <Predicate = true> <Delay = 0.00>
ST_3 : Operation 66 [1/1] (3.34ns)   --->   "%mul_ln73_27 = mul i52 %sext_ln73_27, i52 2691" [firmware/nnet_utils/nnet_mult.h:73->firmware/nnet_utils/nnet_batchnorm_stream.h:41]   --->   Operation 66 'mul' 'mul_ln73_27' <Predicate = true> <Delay = 3.34> <CoreInst = "Multiplier">   --->   Core 3 'Multiplier' <Latency = 0> <II = 1> <Delay = 3.34> <FuncUnit> <Opcode : 'mul'> <InPorts = 2> <OutPorts = 1>
ST_3 : Operation 105 [1/1] (0.00ns)   --->   "%ret_ln48 = ret" [firmware/nnet_utils/nnet_batchnorm_stream.h:48]   --->   Operation 105 'ret' 'ret_ln48' <Predicate = (icmp_ln25)> <Delay = 0.00>

State 4 <SV = 3> <Delay = 2.92>
ST_4 : Operation 67 [1/1] (0.00ns)   --->   "%specpipeline_ln26 = specpipeline void @_ssdm_op_SpecPipeline, i32 1, i32 0, i32 0, i32 0, void @empty_7" [firmware/nnet_utils/nnet_batchnorm_stream.h:26]   --->   Operation 67 'specpipeline' 'specpipeline_ln26' <Predicate = true> <Delay = 0.00>
ST_4 : Operation 68 [1/1] (0.00ns)   --->   "%speclooptripcount_ln25 = speclooptripcount void @_ssdm_op_SpecLoopTripCount, i64 700, i64 700, i64 700" [firmware/nnet_utils/nnet_batchnorm_stream.h:25]   --->   Operation 68 'speclooptripcount' 'speclooptripcount_ln25' <Predicate = true> <Delay = 0.00>
ST_4 : Operation 69 [1/1] (0.00ns)   --->   "%specloopname_ln25 = specloopname void @_ssdm_op_SpecLoopName, void @empty_2" [firmware/nnet_utils/nnet_batchnorm_stream.h:25]   --->   Operation 69 'specloopname' 'specloopname_ln25' <Predicate = true> <Delay = 0.00>
ST_4 : Operation 70 [1/1] (1.10ns)   --->   "%add_ln42 = add i52 %mul_ln73, i52 4503599097839616" [firmware/nnet_utils/nnet_batchnorm_stream.h:42]   --->   Operation 70 'add' 'add_ln42' <Predicate = true> <Delay = 1.10> <CoreInst = "Adder">   --->   Core 1 'Adder' <Latency = 0> <II = 1> <Delay = 1.10> <FuncUnit> <Opcode : 'add' 'sub'> <InPorts = 2> <OutPorts = 1>
ST_4 : Operation 71 [1/1] (0.00ns)   --->   "%sext_ln70 = sext i52 %add_ln42" [firmware/nnet_utils/nnet_mult.h:70->firmware/nnet_utils/nnet_batchnorm_stream.h:41]   --->   Operation 71 'sext' 'sext_ln70' <Predicate = true> <Delay = 0.00>
ST_4 : Operation 72 [1/1] (1.10ns)   --->   "%add_ln42_16 = add i50 %mul_ln42, i50 1125899458576384" [firmware/nnet_utils/nnet_batchnorm_stream.h:42]   --->   Operation 72 'add' 'add_ln42_16' <Predicate = true> <Delay = 1.10> <CoreInst = "Adder">   --->   Core 1 'Adder' <Latency = 0> <II = 1> <Delay = 1.10> <FuncUnit> <Opcode : 'add' 'sub'> <InPorts = 2> <OutPorts = 1>
ST_4 : Operation 73 [1/1] (0.00ns)   --->   "%sext_ln70_15 = sext i50 %add_ln42_16" [firmware/nnet_utils/nnet_mult.h:70->firmware/nnet_utils/nnet_batchnorm_stream.h:41]   --->   Operation 73 'sext' 'sext_ln70_15' <Predicate = true> <Delay = 0.00>
ST_4 : Operation 74 [1/1] (1.10ns)   --->   "%add_ln42_17 = add i50 %mul_ln42_1, i50 1125899425021952" [firmware/nnet_utils/nnet_batchnorm_stream.h:42]   --->   Operation 74 'add' 'add_ln42_17' <Predicate = true> <Delay = 1.10> <CoreInst = "Adder">   --->   Core 1 'Adder' <Latency = 0> <II = 1> <Delay = 1.10> <FuncUnit> <Opcode : 'add' 'sub'> <InPorts = 2> <OutPorts = 1>
ST_4 : Operation 75 [1/1] (0.00ns)   --->   "%sext_ln70_16 = sext i50 %add_ln42_17" [firmware/nnet_utils/nnet_mult.h:70->firmware/nnet_utils/nnet_batchnorm_stream.h:41]   --->   Operation 75 'sext' 'sext_ln70_16' <Predicate = true> <Delay = 0.00>
ST_4 : Operation 76 [1/1] (1.10ns)   --->   "%add_ln42_18 = add i50 %mul_ln42_2, i50 143654912" [firmware/nnet_utils/nnet_batchnorm_stream.h:42]   --->   Operation 76 'add' 'add_ln42_18' <Predicate = true> <Delay = 1.10> <CoreInst = "Adder">   --->   Core 1 'Adder' <Latency = 0> <II = 1> <Delay = 1.10> <FuncUnit> <Opcode : 'add' 'sub'> <InPorts = 2> <OutPorts = 1>
ST_4 : Operation 77 [1/1] (0.00ns)   --->   "%sext_ln70_17 = sext i50 %add_ln42_18" [firmware/nnet_utils/nnet_mult.h:70->firmware/nnet_utils/nnet_batchnorm_stream.h:41]   --->   Operation 77 'sext' 'sext_ln70_17' <Predicate = true> <Delay = 0.00>
ST_4 : Operation 78 [1/1] (1.10ns)   --->   "%add_ln42_19 = add i51 %mul_ln73_16, i51 97517568" [firmware/nnet_utils/nnet_batchnorm_stream.h:42]   --->   Operation 78 'add' 'add_ln42_19' <Predicate = true> <Delay = 1.10> <CoreInst = "Adder">   --->   Core 1 'Adder' <Latency = 0> <II = 1> <Delay = 1.10> <FuncUnit> <Opcode : 'add' 'sub'> <InPorts = 2> <OutPorts = 1>
ST_4 : Operation 79 [1/1] (0.00ns)   --->   "%sext_ln70_18 = sext i51 %add_ln42_19" [firmware/nnet_utils/nnet_mult.h:70->firmware/nnet_utils/nnet_batchnorm_stream.h:41]   --->   Operation 79 'sext' 'sext_ln70_18' <Predicate = true> <Delay = 0.00>
ST_4 : Operation 80 [1/1] (1.10ns)   --->   "%add_ln42_20 = add i51 %mul_ln73_17, i51 2251799481810944" [firmware/nnet_utils/nnet_batchnorm_stream.h:42]   --->   Operation 80 'add' 'add_ln42_20' <Predicate = true> <Delay = 1.10> <CoreInst = "Adder">   --->   Core 1 'Adder' <Latency = 0> <II = 1> <Delay = 1.10> <FuncUnit> <Opcode : 'add' 'sub'> <InPorts = 2> <OutPorts = 1>
ST_4 : Operation 81 [1/1] (0.00ns)   --->   "%sext_ln70_19 = sext i51 %add_ln42_20" [firmware/nnet_utils/nnet_mult.h:70->firmware/nnet_utils/nnet_batchnorm_stream.h:41]   --->   Operation 81 'sext' 'sext_ln70_19' <Predicate = true> <Delay = 0.00>
ST_4 : Operation 82 [1/1] (1.10ns)   --->   "%add_ln42_21 = add i51 %mul_ln73_18, i51 84934656" [firmware/nnet_utils/nnet_batchnorm_stream.h:42]   --->   Operation 82 'add' 'add_ln42_21' <Predicate = true> <Delay = 1.10> <CoreInst = "Adder">   --->   Core 1 'Adder' <Latency = 0> <II = 1> <Delay = 1.10> <FuncUnit> <Opcode : 'add' 'sub'> <InPorts = 2> <OutPorts = 1>
ST_4 : Operation 83 [1/1] (0.00ns)   --->   "%sext_ln70_20 = sext i51 %add_ln42_21" [firmware/nnet_utils/nnet_mult.h:70->firmware/nnet_utils/nnet_batchnorm_stream.h:41]   --->   Operation 83 'sext' 'sext_ln70_20' <Predicate = true> <Delay = 0.00>
ST_4 : Operation 84 [1/1] (1.10ns)   --->   "%add_ln42_22 = add i51 %mul_ln73_19, i51 14680064" [firmware/nnet_utils/nnet_batchnorm_stream.h:42]   --->   Operation 84 'add' 'add_ln42_22' <Predicate = true> <Delay = 1.10> <CoreInst = "Adder">   --->   Core 1 'Adder' <Latency = 0> <II = 1> <Delay = 1.10> <FuncUnit> <Opcode : 'add' 'sub'> <InPorts = 2> <OutPorts = 1>
ST_4 : Operation 85 [1/1] (0.00ns)   --->   "%sext_ln70_21 = sext i51 %add_ln42_22" [firmware/nnet_utils/nnet_mult.h:70->firmware/nnet_utils/nnet_batchnorm_stream.h:41]   --->   Operation 85 'sext' 'sext_ln70_21' <Predicate = true> <Delay = 0.00>
ST_4 : Operation 86 [1/1] (1.10ns)   --->   "%add_ln42_23 = add i51 %mul_ln73_20, i51 2251799419944960" [firmware/nnet_utils/nnet_batchnorm_stream.h:42]   --->   Operation 86 'add' 'add_ln42_23' <Predicate = true> <Delay = 1.10> <CoreInst = "Adder">   --->   Core 1 'Adder' <Latency = 0> <II = 1> <Delay = 1.10> <FuncUnit> <Opcode : 'add' 'sub'> <InPorts = 2> <OutPorts = 1>
ST_4 : Operation 87 [1/1] (0.00ns)   --->   "%sext_ln70_22 = sext i51 %add_ln42_23" [firmware/nnet_utils/nnet_mult.h:70->firmware/nnet_utils/nnet_batchnorm_stream.h:41]   --->   Operation 87 'sext' 'sext_ln70_22' <Predicate = true> <Delay = 0.00>
ST_4 : Operation 88 [1/1] (1.10ns)   --->   "%add_ln42_24 = add i52 %mul_ln73_21, i52 18350080" [firmware/nnet_utils/nnet_batchnorm_stream.h:42]   --->   Operation 88 'add' 'add_ln42_24' <Predicate = true> <Delay = 1.10> <CoreInst = "Adder">   --->   Core 1 'Adder' <Latency = 0> <II = 1> <Delay = 1.10> <FuncUnit> <Opcode : 'add' 'sub'> <InPorts = 2> <OutPorts = 1>
ST_4 : Operation 89 [1/1] (0.00ns)   --->   "%sext_ln70_23 = sext i52 %add_ln42_24" [firmware/nnet_utils/nnet_mult.h:70->firmware/nnet_utils/nnet_batchnorm_stream.h:41]   --->   Operation 89 'sext' 'sext_ln70_23' <Predicate = true> <Delay = 0.00>
ST_4 : Operation 90 [1/1] (1.10ns)   --->   "%add_ln42_25 = add i51 %mul_ln73_22, i51 13631488" [firmware/nnet_utils/nnet_batchnorm_stream.h:42]   --->   Operation 90 'add' 'add_ln42_25' <Predicate = true> <Delay = 1.10> <CoreInst = "Adder">   --->   Core 1 'Adder' <Latency = 0> <II = 1> <Delay = 1.10> <FuncUnit> <Opcode : 'add' 'sub'> <InPorts = 2> <OutPorts = 1>
ST_4 : Operation 91 [1/1] (0.00ns)   --->   "%sext_ln70_24 = sext i51 %add_ln42_25" [firmware/nnet_utils/nnet_mult.h:70->firmware/nnet_utils/nnet_batchnorm_stream.h:41]   --->   Operation 91 'sext' 'sext_ln70_24' <Predicate = true> <Delay = 0.00>
ST_4 : Operation 92 [1/1] (1.10ns)   --->   "%add_ln42_26 = add i51 %mul_ln73_23, i51 597164032" [firmware/nnet_utils/nnet_batchnorm_stream.h:42]   --->   Operation 92 'add' 'add_ln42_26' <Predicate = true> <Delay = 1.10> <CoreInst = "Adder">   --->   Core 1 'Adder' <Latency = 0> <II = 1> <Delay = 1.10> <FuncUnit> <Opcode : 'add' 'sub'> <InPorts = 2> <OutPorts = 1>
ST_4 : Operation 93 [1/1] (0.00ns)   --->   "%sext_ln70_25 = sext i51 %add_ln42_26" [firmware/nnet_utils/nnet_mult.h:70->firmware/nnet_utils/nnet_batchnorm_stream.h:41]   --->   Operation 93 'sext' 'sext_ln70_25' <Predicate = true> <Delay = 0.00>
ST_4 : Operation 94 [1/1] (1.10ns)   --->   "%add_ln42_27 = add i51 %mul_ln73_24, i51 2251799509073920" [firmware/nnet_utils/nnet_batchnorm_stream.h:42]   --->   Operation 94 'add' 'add_ln42_27' <Predicate = true> <Delay = 1.10> <CoreInst = "Adder">   --->   Core 1 'Adder' <Latency = 0> <II = 1> <Delay = 1.10> <FuncUnit> <Opcode : 'add' 'sub'> <InPorts = 2> <OutPorts = 1>
ST_4 : Operation 95 [1/1] (0.00ns)   --->   "%sext_ln70_26 = sext i51 %add_ln42_27" [firmware/nnet_utils/nnet_mult.h:70->firmware/nnet_utils/nnet_batchnorm_stream.h:41]   --->   Operation 95 'sext' 'sext_ln70_26' <Predicate = true> <Delay = 0.00>
ST_4 : Operation 96 [1/1] (1.10ns)   --->   "%add_ln42_28 = add i52 %mul_ln73_25, i52 4503599212134400" [firmware/nnet_utils/nnet_batchnorm_stream.h:42]   --->   Operation 96 'add' 'add_ln42_28' <Predicate = true> <Delay = 1.10> <CoreInst = "Adder">   --->   Core 1 'Adder' <Latency = 0> <II = 1> <Delay = 1.10> <FuncUnit> <Opcode : 'add' 'sub'> <InPorts = 2> <OutPorts = 1>
ST_4 : Operation 97 [1/1] (0.00ns)   --->   "%sext_ln70_27 = sext i52 %add_ln42_28" [firmware/nnet_utils/nnet_mult.h:70->firmware/nnet_utils/nnet_batchnorm_stream.h:41]   --->   Operation 97 'sext' 'sext_ln70_27' <Predicate = true> <Delay = 0.00>
ST_4 : Operation 98 [1/1] (1.10ns)   --->   "%add_ln42_29 = add i51 %mul_ln73_26, i51 271056896" [firmware/nnet_utils/nnet_batchnorm_stream.h:42]   --->   Operation 98 'add' 'add_ln42_29' <Predicate = true> <Delay = 1.10> <CoreInst = "Adder">   --->   Core 1 'Adder' <Latency = 0> <II = 1> <Delay = 1.10> <FuncUnit> <Opcode : 'add' 'sub'> <InPorts = 2> <OutPorts = 1>
ST_4 : Operation 99 [1/1] (0.00ns)   --->   "%sext_ln70_28 = sext i51 %add_ln42_29" [firmware/nnet_utils/nnet_mult.h:70->firmware/nnet_utils/nnet_batchnorm_stream.h:41]   --->   Operation 99 'sext' 'sext_ln70_28' <Predicate = true> <Delay = 0.00>
ST_4 : Operation 100 [1/1] (1.10ns)   --->   "%add_ln42_30 = add i52 %mul_ln73_27, i52 233832448" [firmware/nnet_utils/nnet_batchnorm_stream.h:42]   --->   Operation 100 'add' 'add_ln42_30' <Predicate = true> <Delay = 1.10> <CoreInst = "Adder">   --->   Core 1 'Adder' <Latency = 0> <II = 1> <Delay = 1.10> <FuncUnit> <Opcode : 'add' 'sub'> <InPorts = 2> <OutPorts = 1>
ST_4 : Operation 101 [1/1] (0.00ns)   --->   "%or_ln46_s = bitconcatenate i907 @_ssdm_op_BitConcatenate.i907.i52.i57.i57.i57.i57.i57.i57.i57.i57.i57.i57.i57.i57.i57.i57.i57, i52 %add_ln42_30, i57 %sext_ln70_28, i57 %sext_ln70_27, i57 %sext_ln70_26, i57 %sext_ln70_25, i57 %sext_ln70_24, i57 %sext_ln70_23, i57 %sext_ln70_22, i57 %sext_ln70_21, i57 %sext_ln70_20, i57 %sext_ln70_19, i57 %sext_ln70_18, i57 %sext_ln70_17, i57 %sext_ln70_16, i57 %sext_ln70_15, i57 %sext_ln70" [firmware/nnet_utils/nnet_batchnorm_stream.h:46]   --->   Operation 101 'bitconcatenate' 'or_ln46_s' <Predicate = true> <Delay = 0.00>
ST_4 : Operation 102 [1/1] (0.00ns)   --->   "%sext_ln46 = sext i907 %or_ln46_s" [firmware/nnet_utils/nnet_batchnorm_stream.h:46]   --->   Operation 102 'sext' 'sext_ln46' <Predicate = true> <Delay = 0.00>
ST_4 : Operation 103 [1/1] (1.82ns)   --->   "%write_ln46 = write void @_ssdm_op_Write.ap_fifo.volatile.i912P0A, i912 %layer9_out, i912 %sext_ln46" [firmware/nnet_utils/nnet_batchnorm_stream.h:46]   --->   Operation 103 'write' 'write_ln46' <Predicate = true> <Delay = 1.82> <CoreInst = "FIFO">   --->   Core 78 'FIFO' <Latency = 0> <II = 1> <Delay = 1.93> <Storage> <Opcode : 'read' 'write' 'nbread' 'nbwrite'> <Ports = 0> <Width = 912> <Depth = 700> <FIFO>
ST_4 : Operation 104 [1/1] (0.00ns)   --->   "%br_ln25 = br void %BatchNormpack" [firmware/nnet_utils/nnet_batchnorm_stream.h:25]   --->   Operation 104 'br' 'br_ln25' <Predicate = true> <Delay = 0.00>


============================================================
+ Verbose Summary: Timing violations
============================================================
Target clock period: 5.000ns, clock uncertainty: 1.350ns.

 <State 1>: 1.641ns
The critical path consists of the following:
	'store' operation 0 bit ('store_ln25', firmware/nnet_utils/nnet_batchnorm_stream.h:25) of constant 0 on local variable 'i', firmware/nnet_utils/nnet_batchnorm_stream.h:25 [7]  (0.427 ns)
	'load' operation 10 bit ('i', firmware/nnet_utils/nnet_batchnorm_stream.h:25) on local variable 'i', firmware/nnet_utils/nnet_batchnorm_stream.h:25 [10]  (0.000 ns)
	'icmp' operation 1 bit ('icmp_ln25', firmware/nnet_utils/nnet_batchnorm_stream.h:25) [11]  (0.787 ns)
	'store' operation 0 bit ('store_ln25', firmware/nnet_utils/nnet_batchnorm_stream.h:25) of variable 'i', firmware/nnet_utils/nnet_batchnorm_stream.h:25 on local variable 'i', firmware/nnet_utils/nnet_batchnorm_stream.h:25 [101]  (0.427 ns)

 <State 2>: 1.825ns
The critical path consists of the following:
	fifo read operation ('layer7_out_read', firmware/nnet_utils/nnet_batchnorm_stream.h:28) on port 'layer7_out' (firmware/nnet_utils/nnet_batchnorm_stream.h:28) [18]  (1.825 ns)

 <State 3>: 3.340ns
The critical path consists of the following:
	'mul' operation 52 bit ('mul_ln73', firmware/nnet_utils/nnet_mult.h:73->firmware/nnet_utils/nnet_batchnorm_stream.h:41) [36]  (3.340 ns)

 <State 4>: 2.929ns
The critical path consists of the following:
	'add' operation 50 bit ('add_ln42_16', firmware/nnet_utils/nnet_batchnorm_stream.h:42) [41]  (1.104 ns)
	fifo write operation ('write_ln46', firmware/nnet_utils/nnet_batchnorm_stream.h:46) on port 'layer9_out' (firmware/nnet_utils/nnet_batchnorm_stream.h:46) [100]  (1.825 ns)


============================================================
+ Verbose Summary: Binding
============================================================
N/A
* FSMD analyzer results:
  - Output states:
 - Input state : 
  - Chain level:
	State 1
	State 2
	State 3
	State 4


============================================================
+ Verbose Summary: Datapath Resource usage 
============================================================
N/A
