

================================================================
== Vitis HLS Report for 'normalize_array_ap_fixed_8u_array_ap_fixed_57_28_5_3_0_8u_config14_s'
================================================================
* Date:           Sun Mar 22 09:48:55 2026

* Version:        2023.2 (Build 4023990 on Oct 11 2023)
* Project:        myproject_prj
* Solution:       solution1 (Vivado IP Flow Target)
* Product family: zynquplus
* Target device:  xck26-sfvc784-2LV-c


================================================================
== Performance Estimates
================================================================
+ Timing: 
    * Summary: 
    +--------+---------+----------+------------+
    |  Clock |  Target | Estimated| Uncertainty|
    +--------+---------+----------+------------+
    |ap_clk  |  5.00 ns|  3.340 ns|     1.35 ns|
    +--------+---------+----------+------------+

+ Latency: 
    * Summary: 
    +---------+---------+----------+----------+-----+-----+---------+
    |  Latency (cycles) |  Latency (absolute) |  Interval | Pipeline|
    |   min   |   max   |    min   |    max   | min | max |   Type  |
    +---------+---------+----------+----------+-----+-----+---------+
    |       44|       44|  0.220 us|  0.220 us|   44|   44|       no|
    +---------+---------+----------+----------+-----+-----+---------+

    + Detail: 
        * Instance: 
        N/A

        * Loop: 
        +-----------------+---------+---------+----------+-----------+-----------+------+----------+
        |                 |  Latency (cycles) | Iteration|  Initiation Interval  | Trip |          |
        |    Loop Name    |   min   |   max   |  Latency |  achieved |   target  | Count| Pipelined|
        +-----------------+---------+---------+----------+-----------+-----------+------+----------+
        |- BatchNormLoop  |       42|       42|         4|          1|          1|    40|       yes|
        +-----------------+---------+---------+----------+-----------+-----------+------+----------+

============================================================
+ Verbose Summary: Synthesis Manager
============================================================
InlineROM: 1
ExposeGlobal: 0
============================================================
+ Verbose Summary: CDFG Model
============================================================
IsTopModel: 0
ResetActiveHigh: 1
IsCombinational: 2
IsDatapathOnly: 0
HasWiredReturn: 1
HasMFsm: 2
HasVarLatency: 1
IsPipeline: 0
IsRtlPipelined: 0
IsInstanceOverlapped: 0
IsDontTouch: 0
HasImplIP: 0
IsGatedGlobalClock: 0

+ Individual pipeline summary: 
  * Pipeline-0: initiation interval (II) = 1, depth = 4


============================================================
+ Verbose Summary: Schedule
============================================================
* Number of FSM states : 4
* Pipeline : 1
  Pipeline-0 : II = 1, D = 4, States = { 1 2 3 4 }
* Dataflow Pipeline: 0

* FSM state transitions: 
1 --> 2 
2 --> 3 
3 --> 4 
4 --> 

* FSM state operations: 

State 1 <SV = 0> <Delay = 1.63>
ST_1 : Operation 7 [1/1] (0.00ns)   --->   "%i_02 = alloca i32 1" [firmware/nnet_utils/nnet_batchnorm_stream.h:25]   --->   Operation 7 'alloca' 'i_02' <Predicate = true> <Delay = 0.00>
ST_1 : Operation 8 [1/1] (0.00ns)   --->   "%specinterface_ln0 = specinterface void @_ssdm_op_SpecInterface, i456 %layer14_out, void @empty_11, i32 0, i32 0, void @empty_1, i32 0, i32 0, void @empty_1, void @empty_1, void @empty_1, i32 0, i32 0, i32 0, i32 0, void @empty_1, void @empty_1, i32 4294967295, i32 0"   --->   Operation 8 'specinterface' 'specinterface_ln0' <Predicate = true> <Delay = 0.00>
ST_1 : Operation 9 [1/1] (0.00ns)   --->   "%specinterface_ln0 = specinterface void @_ssdm_op_SpecInterface, i320 %layer12_out, void @empty_11, i32 0, i32 0, void @empty_1, i32 0, i32 0, void @empty_1, void @empty_1, void @empty_1, i32 0, i32 0, i32 0, i32 0, void @empty_1, void @empty_1, i32 4294967295, i32 0"   --->   Operation 9 'specinterface' 'specinterface_ln0' <Predicate = true> <Delay = 0.00>
ST_1 : Operation 10 [1/1] (0.00ns)   --->   "%specresourcelimit_ln22 = specresourcelimit void @_ssdm_op_SpecResourceLimit, i64 320, void @empty_13, void @empty_1, void @empty_1, void @empty_1" [firmware/nnet_utils/nnet_batchnorm_stream.h:22]   --->   Operation 10 'specresourcelimit' 'specresourcelimit_ln22' <Predicate = true> <Delay = 0.00>
ST_1 : Operation 11 [1/1] (0.42ns)   --->   "%store_ln25 = store i6 0, i6 %i_02" [firmware/nnet_utils/nnet_batchnorm_stream.h:25]   --->   Operation 11 'store' 'store_ln25' <Predicate = true> <Delay = 0.42>
ST_1 : Operation 12 [1/1] (0.00ns)   --->   "%br_ln25 = br void %BatchNormpack" [firmware/nnet_utils/nnet_batchnorm_stream.h:25]   --->   Operation 12 'br' 'br_ln25' <Predicate = true> <Delay = 0.00>
ST_1 : Operation 13 [1/1] (0.00ns)   --->   "%i = load i6 %i_02" [firmware/nnet_utils/nnet_batchnorm_stream.h:25]   --->   Operation 13 'load' 'i' <Predicate = true> <Delay = 0.00>
ST_1 : Operation 14 [1/1] (0.78ns)   --->   "%icmp_ln25 = icmp_eq  i6 %i, i6 40" [firmware/nnet_utils/nnet_batchnorm_stream.h:25]   --->   Operation 14 'icmp' 'icmp_ln25' <Predicate = true> <Delay = 0.78> <CoreInst = "Cmp">   --->   Core 9 'Cmp' <Latency = 0> <II = 1> <Delay = 0.78> <FuncUnit> <Opcode : 'icmp'> <InPorts = 2> <OutPorts = 1>
ST_1 : Operation 15 [1/1] (0.78ns)   --->   "%i_14 = add i6 %i, i6 1" [firmware/nnet_utils/nnet_batchnorm_stream.h:25]   --->   Operation 15 'add' 'i_14' <Predicate = true> <Delay = 0.78> <CoreInst = "Adder">   --->   Core 1 'Adder' <Latency = 0> <II = 1> <Delay = 0.78> <FuncUnit> <Opcode : 'add' 'sub'> <InPorts = 2> <OutPorts = 1>
ST_1 : Operation 16 [1/1] (0.00ns)   --->   "%br_ln25 = br i1 %icmp_ln25, void %BatchNormpack.split, void %for.end12" [firmware/nnet_utils/nnet_batchnorm_stream.h:25]   --->   Operation 16 'br' 'br_ln25' <Predicate = true> <Delay = 0.00>
ST_1 : Operation 17 [1/1] (0.42ns)   --->   "%store_ln25 = store i6 %i_14, i6 %i_02" [firmware/nnet_utils/nnet_batchnorm_stream.h:25]   --->   Operation 17 'store' 'store_ln25' <Predicate = (!icmp_ln25)> <Delay = 0.42>

State 2 <SV = 1> <Delay = 1.81>
ST_2 : Operation 18 [1/1] (1.81ns)   --->   "%layer12_out_read = read i320 @_ssdm_op_Read.ap_fifo.volatile.i320P0A, i320 %layer12_out" [firmware/nnet_utils/nnet_batchnorm_stream.h:28]   --->   Operation 18 'read' 'layer12_out_read' <Predicate = true> <Delay = 1.81> <CoreInst = "FIFO">   --->   Core 78 'FIFO' <Latency = 0> <II = 1> <Delay = 1.81> <Storage> <Opcode : 'read' 'write' 'nbread' 'nbwrite'> <Ports = 0> <Width = 320> <Depth = 40> <FIFO>
ST_2 : Operation 19 [1/1] (0.00ns)   --->   "%a = trunc i320 %layer12_out_read" [firmware/nnet_utils/nnet_batchnorm_stream.h:28]   --->   Operation 19 'trunc' 'a' <Predicate = true> <Delay = 0.00>
ST_2 : Operation 20 [1/1] (0.00ns)   --->   "%a_8 = partselect i40 @_ssdm_op_PartSelect.i40.i320.i32.i32, i320 %layer12_out_read, i32 40, i32 79" [firmware/nnet_utils/nnet_batchnorm_stream.h:28]   --->   Operation 20 'partselect' 'a_8' <Predicate = true> <Delay = 0.00>
ST_2 : Operation 21 [1/1] (0.00ns)   --->   "%a_9 = partselect i40 @_ssdm_op_PartSelect.i40.i320.i32.i32, i320 %layer12_out_read, i32 80, i32 119" [firmware/nnet_utils/nnet_batchnorm_stream.h:28]   --->   Operation 21 'partselect' 'a_9' <Predicate = true> <Delay = 0.00>
ST_2 : Operation 22 [1/1] (0.00ns)   --->   "%a_10 = partselect i40 @_ssdm_op_PartSelect.i40.i320.i32.i32, i320 %layer12_out_read, i32 120, i32 159" [firmware/nnet_utils/nnet_batchnorm_stream.h:28]   --->   Operation 22 'partselect' 'a_10' <Predicate = true> <Delay = 0.00>
ST_2 : Operation 23 [1/1] (0.00ns)   --->   "%a_1 = partselect i40 @_ssdm_op_PartSelect.i40.i320.i32.i32, i320 %layer12_out_read, i32 160, i32 199" [firmware/nnet_utils/nnet_batchnorm_stream.h:28]   --->   Operation 23 'partselect' 'a_1' <Predicate = true> <Delay = 0.00>
ST_2 : Operation 24 [1/1] (0.00ns)   --->   "%a_2 = partselect i40 @_ssdm_op_PartSelect.i40.i320.i32.i32, i320 %layer12_out_read, i32 200, i32 239" [firmware/nnet_utils/nnet_batchnorm_stream.h:28]   --->   Operation 24 'partselect' 'a_2' <Predicate = true> <Delay = 0.00>
ST_2 : Operation 25 [1/1] (0.00ns)   --->   "%a_3 = partselect i40 @_ssdm_op_PartSelect.i40.i320.i32.i32, i320 %layer12_out_read, i32 240, i32 279" [firmware/nnet_utils/nnet_batchnorm_stream.h:28]   --->   Operation 25 'partselect' 'a_3' <Predicate = true> <Delay = 0.00>
ST_2 : Operation 26 [1/1] (0.00ns)   --->   "%a_4 = partselect i40 @_ssdm_op_PartSelect.i40.i320.i32.i32, i320 %layer12_out_read, i32 280, i32 319" [firmware/nnet_utils/nnet_batchnorm_stream.h:28]   --->   Operation 26 'partselect' 'a_4' <Predicate = true> <Delay = 0.00>

State 3 <SV = 2> <Delay = 3.34>
ST_3 : Operation 27 [1/1] (0.00ns)   --->   "%sext_ln73 = sext i40 %a" [firmware/nnet_utils/nnet_mult.h:73->firmware/nnet_utils/nnet_batchnorm_stream.h:41]   --->   Operation 27 'sext' 'sext_ln73' <Predicate = true> <Delay = 0.00>
ST_3 : Operation 28 [1/1] (3.34ns)   --->   "%mul_ln73 = mul i52 %sext_ln73, i52 2533" [firmware/nnet_utils/nnet_mult.h:73->firmware/nnet_utils/nnet_batchnorm_stream.h:41]   --->   Operation 28 'mul' 'mul_ln73' <Predicate = true> <Delay = 3.34> <CoreInst = "Multiplier">   --->   Core 3 'Multiplier' <Latency = 0> <II = 1> <Delay = 3.34> <FuncUnit> <Opcode : 'mul'> <InPorts = 2> <OutPorts = 1>
ST_3 : Operation 29 [1/1] (0.00ns)   --->   "%sext_ln73_4 = sext i40 %a_8" [firmware/nnet_utils/nnet_mult.h:73->firmware/nnet_utils/nnet_batchnorm_stream.h:41]   --->   Operation 29 'sext' 'sext_ln73_4' <Predicate = true> <Delay = 0.00>
ST_3 : Operation 30 [1/1] (3.34ns)   --->   "%mul_ln73_4 = mul i51 %sext_ln73_4, i51 2013" [firmware/nnet_utils/nnet_mult.h:73->firmware/nnet_utils/nnet_batchnorm_stream.h:41]   --->   Operation 30 'mul' 'mul_ln73_4' <Predicate = true> <Delay = 3.34> <CoreInst = "Multiplier">   --->   Core 3 'Multiplier' <Latency = 0> <II = 1> <Delay = 3.34> <FuncUnit> <Opcode : 'mul'> <InPorts = 2> <OutPorts = 1>
ST_3 : Operation 31 [1/1] (0.00ns)   --->   "%sext_ln73_5 = sext i40 %a_9" [firmware/nnet_utils/nnet_mult.h:73->firmware/nnet_utils/nnet_batchnorm_stream.h:41]   --->   Operation 31 'sext' 'sext_ln73_5' <Predicate = true> <Delay = 0.00>
ST_3 : Operation 32 [1/1] (3.34ns)   --->   "%mul_ln73_5 = mul i52 %sext_ln73_5, i52 2366" [firmware/nnet_utils/nnet_mult.h:73->firmware/nnet_utils/nnet_batchnorm_stream.h:41]   --->   Operation 32 'mul' 'mul_ln73_5' <Predicate = true> <Delay = 3.34> <CoreInst = "Multiplier">   --->   Core 3 'Multiplier' <Latency = 0> <II = 1> <Delay = 3.34> <FuncUnit> <Opcode : 'mul'> <InPorts = 2> <OutPorts = 1>
ST_3 : Operation 33 [1/1] (0.00ns)   --->   "%sext_ln73_6 = sext i40 %a_10" [firmware/nnet_utils/nnet_mult.h:73->firmware/nnet_utils/nnet_batchnorm_stream.h:41]   --->   Operation 33 'sext' 'sext_ln73_6' <Predicate = true> <Delay = 0.00>
ST_3 : Operation 34 [1/1] (3.34ns)   --->   "%mul_ln73_6 = mul i52 %sext_ln73_6, i52 2458" [firmware/nnet_utils/nnet_mult.h:73->firmware/nnet_utils/nnet_batchnorm_stream.h:41]   --->   Operation 34 'mul' 'mul_ln73_6' <Predicate = true> <Delay = 3.34> <CoreInst = "Multiplier">   --->   Core 3 'Multiplier' <Latency = 0> <II = 1> <Delay = 3.34> <FuncUnit> <Opcode : 'mul'> <InPorts = 2> <OutPorts = 1>
ST_3 : Operation 35 [1/1] (0.00ns)   --->   "%sext_ln73_7 = sext i40 %a_1" [firmware/nnet_utils/nnet_mult.h:73->firmware/nnet_utils/nnet_batchnorm_stream.h:41]   --->   Operation 35 'sext' 'sext_ln73_7' <Predicate = true> <Delay = 0.00>
ST_3 : Operation 36 [1/1] (3.34ns)   --->   "%mul_ln73_7 = mul i52 %sext_ln73_7, i52 2158" [firmware/nnet_utils/nnet_mult.h:73->firmware/nnet_utils/nnet_batchnorm_stream.h:41]   --->   Operation 36 'mul' 'mul_ln73_7' <Predicate = true> <Delay = 3.34> <CoreInst = "Multiplier">   --->   Core 3 'Multiplier' <Latency = 0> <II = 1> <Delay = 3.34> <FuncUnit> <Opcode : 'mul'> <InPorts = 2> <OutPorts = 1>
ST_3 : Operation 37 [1/1] (0.00ns)   --->   "%sext_ln73_8 = sext i40 %a_2" [firmware/nnet_utils/nnet_mult.h:73->firmware/nnet_utils/nnet_batchnorm_stream.h:41]   --->   Operation 37 'sext' 'sext_ln73_8' <Predicate = true> <Delay = 0.00>
ST_3 : Operation 38 [1/1] (3.34ns)   --->   "%mul_ln73_8 = mul i52 %sext_ln73_8, i52 2401" [firmware/nnet_utils/nnet_mult.h:73->firmware/nnet_utils/nnet_batchnorm_stream.h:41]   --->   Operation 38 'mul' 'mul_ln73_8' <Predicate = true> <Delay = 3.34> <CoreInst = "Multiplier">   --->   Core 3 'Multiplier' <Latency = 0> <II = 1> <Delay = 3.34> <FuncUnit> <Opcode : 'mul'> <InPorts = 2> <OutPorts = 1>
ST_3 : Operation 39 [1/1] (0.00ns)   --->   "%sext_ln73_9 = sext i40 %a_3" [firmware/nnet_utils/nnet_mult.h:73->firmware/nnet_utils/nnet_batchnorm_stream.h:41]   --->   Operation 39 'sext' 'sext_ln73_9' <Predicate = true> <Delay = 0.00>
ST_3 : Operation 40 [1/1] (3.34ns)   --->   "%mul_ln73_9 = mul i52 %sext_ln73_9, i52 2950" [firmware/nnet_utils/nnet_mult.h:73->firmware/nnet_utils/nnet_batchnorm_stream.h:41]   --->   Operation 40 'mul' 'mul_ln73_9' <Predicate = true> <Delay = 3.34> <CoreInst = "Multiplier">   --->   Core 3 'Multiplier' <Latency = 0> <II = 1> <Delay = 3.34> <FuncUnit> <Opcode : 'mul'> <InPorts = 2> <OutPorts = 1>
ST_3 : Operation 41 [1/1] (0.00ns)   --->   "%sext_ln73_10 = sext i40 %a_4" [firmware/nnet_utils/nnet_mult.h:73->firmware/nnet_utils/nnet_batchnorm_stream.h:41]   --->   Operation 41 'sext' 'sext_ln73_10' <Predicate = true> <Delay = 0.00>
ST_3 : Operation 42 [1/1] (3.34ns)   --->   "%mul_ln73_10 = mul i52 %sext_ln73_10, i52 2071" [firmware/nnet_utils/nnet_mult.h:73->firmware/nnet_utils/nnet_batchnorm_stream.h:41]   --->   Operation 42 'mul' 'mul_ln73_10' <Predicate = true> <Delay = 3.34> <CoreInst = "Multiplier">   --->   Core 3 'Multiplier' <Latency = 0> <II = 1> <Delay = 3.34> <FuncUnit> <Opcode : 'mul'> <InPorts = 2> <OutPorts = 1>
ST_3 : Operation 65 [1/1] (0.00ns)   --->   "%ret_ln48 = ret" [firmware/nnet_utils/nnet_batchnorm_stream.h:48]   --->   Operation 65 'ret' 'ret_ln48' <Predicate = (icmp_ln25)> <Delay = 0.00>

State 4 <SV = 3> <Delay = 2.91>
ST_4 : Operation 43 [1/1] (0.00ns)   --->   "%specpipeline_ln26 = specpipeline void @_ssdm_op_SpecPipeline, i32 1, i32 0, i32 0, i32 0, void @empty_1" [firmware/nnet_utils/nnet_batchnorm_stream.h:26]   --->   Operation 43 'specpipeline' 'specpipeline_ln26' <Predicate = true> <Delay = 0.00>
ST_4 : Operation 44 [1/1] (0.00ns)   --->   "%speclooptripcount_ln25 = speclooptripcount void @_ssdm_op_SpecLoopTripCount, i64 40, i64 40, i64 40" [firmware/nnet_utils/nnet_batchnorm_stream.h:25]   --->   Operation 44 'speclooptripcount' 'speclooptripcount_ln25' <Predicate = true> <Delay = 0.00>
ST_4 : Operation 45 [1/1] (0.00ns)   --->   "%specloopname_ln25 = specloopname void @_ssdm_op_SpecLoopName, void @empty_15" [firmware/nnet_utils/nnet_batchnorm_stream.h:25]   --->   Operation 45 'specloopname' 'specloopname_ln25' <Predicate = true> <Delay = 0.00>
ST_4 : Operation 46 [1/1] (1.10ns)   --->   "%add_ln42 = add i52 %mul_ln73, i52 457179136" [firmware/nnet_utils/nnet_batchnorm_stream.h:42]   --->   Operation 46 'add' 'add_ln42' <Predicate = true> <Delay = 1.10> <CoreInst = "Adder">   --->   Core 1 'Adder' <Latency = 0> <II = 1> <Delay = 1.10> <FuncUnit> <Opcode : 'add' 'sub'> <InPorts = 2> <OutPorts = 1>
ST_4 : Operation 47 [1/1] (0.00ns)   --->   "%sext_ln70 = sext i52 %add_ln42" [firmware/nnet_utils/nnet_mult.h:70->firmware/nnet_utils/nnet_batchnorm_stream.h:41]   --->   Operation 47 'sext' 'sext_ln70' <Predicate = true> <Delay = 0.00>
ST_4 : Operation 48 [1/1] (1.10ns)   --->   "%add_ln42_8 = add i51 %mul_ln73_4, i51 1036517376" [firmware/nnet_utils/nnet_batchnorm_stream.h:42]   --->   Operation 48 'add' 'add_ln42_8' <Predicate = true> <Delay = 1.10> <CoreInst = "Adder">   --->   Core 1 'Adder' <Latency = 0> <II = 1> <Delay = 1.10> <FuncUnit> <Opcode : 'add' 'sub'> <InPorts = 2> <OutPorts = 1>
ST_4 : Operation 49 [1/1] (0.00ns)   --->   "%sext_ln70_7 = sext i51 %add_ln42_8" [firmware/nnet_utils/nnet_mult.h:70->firmware/nnet_utils/nnet_batchnorm_stream.h:41]   --->   Operation 49 'sext' 'sext_ln70_7' <Predicate = true> <Delay = 0.00>
ST_4 : Operation 50 [1/1] (1.10ns)   --->   "%add_ln42_9 = add i52 %mul_ln73_5, i52 4503599028109312" [firmware/nnet_utils/nnet_batchnorm_stream.h:42]   --->   Operation 50 'add' 'add_ln42_9' <Predicate = true> <Delay = 1.10> <CoreInst = "Adder">   --->   Core 1 'Adder' <Latency = 0> <II = 1> <Delay = 1.10> <FuncUnit> <Opcode : 'add' 'sub'> <InPorts = 2> <OutPorts = 1>
ST_4 : Operation 51 [1/1] (0.00ns)   --->   "%sext_ln70_8 = sext i52 %add_ln42_9" [firmware/nnet_utils/nnet_mult.h:70->firmware/nnet_utils/nnet_batchnorm_stream.h:41]   --->   Operation 51 'sext' 'sext_ln70_8' <Predicate = true> <Delay = 0.00>
ST_4 : Operation 52 [1/1] (1.10ns)   --->   "%add_ln42_10 = add i52 %mul_ln73_6, i52 2461007872" [firmware/nnet_utils/nnet_batchnorm_stream.h:42]   --->   Operation 52 'add' 'add_ln42_10' <Predicate = true> <Delay = 1.10> <CoreInst = "Adder">   --->   Core 1 'Adder' <Latency = 0> <II = 1> <Delay = 1.10> <FuncUnit> <Opcode : 'add' 'sub'> <InPorts = 2> <OutPorts = 1>
ST_4 : Operation 53 [1/1] (0.00ns)   --->   "%sext_ln70_9 = sext i52 %add_ln42_10" [firmware/nnet_utils/nnet_mult.h:70->firmware/nnet_utils/nnet_batchnorm_stream.h:41]   --->   Operation 53 'sext' 'sext_ln70_9' <Predicate = true> <Delay = 0.00>
ST_4 : Operation 54 [1/1] (1.10ns)   --->   "%add_ln42_11 = add i52 %mul_ln73_7, i52 4503598805811200" [firmware/nnet_utils/nnet_batchnorm_stream.h:42]   --->   Operation 54 'add' 'add_ln42_11' <Predicate = true> <Delay = 1.10> <CoreInst = "Adder">   --->   Core 1 'Adder' <Latency = 0> <II = 1> <Delay = 1.10> <FuncUnit> <Opcode : 'add' 'sub'> <InPorts = 2> <OutPorts = 1>
ST_4 : Operation 55 [1/1] (0.00ns)   --->   "%sext_ln70_10 = sext i52 %add_ln42_11" [firmware/nnet_utils/nnet_mult.h:70->firmware/nnet_utils/nnet_batchnorm_stream.h:41]   --->   Operation 55 'sext' 'sext_ln70_10' <Predicate = true> <Delay = 0.00>
ST_4 : Operation 56 [1/1] (1.10ns)   --->   "%add_ln42_12 = add i52 %mul_ln73_8, i52 395313152" [firmware/nnet_utils/nnet_batchnorm_stream.h:42]   --->   Operation 56 'add' 'add_ln42_12' <Predicate = true> <Delay = 1.10> <CoreInst = "Adder">   --->   Core 1 'Adder' <Latency = 0> <II = 1> <Delay = 1.10> <FuncUnit> <Opcode : 'add' 'sub'> <InPorts = 2> <OutPorts = 1>
ST_4 : Operation 57 [1/1] (0.00ns)   --->   "%sext_ln70_11 = sext i52 %add_ln42_12" [firmware/nnet_utils/nnet_mult.h:70->firmware/nnet_utils/nnet_batchnorm_stream.h:41]   --->   Operation 57 'sext' 'sext_ln70_11' <Predicate = true> <Delay = 0.00>
ST_4 : Operation 58 [1/1] (1.10ns)   --->   "%add_ln42_13 = add i52 %mul_ln73_9, i52 2639265792" [firmware/nnet_utils/nnet_batchnorm_stream.h:42]   --->   Operation 58 'add' 'add_ln42_13' <Predicate = true> <Delay = 1.10> <CoreInst = "Adder">   --->   Core 1 'Adder' <Latency = 0> <II = 1> <Delay = 1.10> <FuncUnit> <Opcode : 'add' 'sub'> <InPorts = 2> <OutPorts = 1>
ST_4 : Operation 59 [1/1] (0.00ns)   --->   "%sext_ln70_12 = sext i52 %add_ln42_13" [firmware/nnet_utils/nnet_mult.h:70->firmware/nnet_utils/nnet_batchnorm_stream.h:41]   --->   Operation 59 'sext' 'sext_ln70_12' <Predicate = true> <Delay = 0.00>
ST_4 : Operation 60 [1/1] (1.10ns)   --->   "%add_ln42_14 = add i52 %mul_ln73_10, i52 320339968" [firmware/nnet_utils/nnet_batchnorm_stream.h:42]   --->   Operation 60 'add' 'add_ln42_14' <Predicate = true> <Delay = 1.10> <CoreInst = "Adder">   --->   Core 1 'Adder' <Latency = 0> <II = 1> <Delay = 1.10> <FuncUnit> <Opcode : 'add' 'sub'> <InPorts = 2> <OutPorts = 1>
ST_4 : Operation 61 [1/1] (0.00ns)   --->   "%or_ln46_s = bitconcatenate i451 @_ssdm_op_BitConcatenate.i451.i52.i57.i57.i57.i57.i57.i57.i57, i52 %add_ln42_14, i57 %sext_ln70_12, i57 %sext_ln70_11, i57 %sext_ln70_10, i57 %sext_ln70_9, i57 %sext_ln70_8, i57 %sext_ln70_7, i57 %sext_ln70" [firmware/nnet_utils/nnet_batchnorm_stream.h:46]   --->   Operation 61 'bitconcatenate' 'or_ln46_s' <Predicate = true> <Delay = 0.00>
ST_4 : Operation 62 [1/1] (0.00ns)   --->   "%sext_ln46 = sext i451 %or_ln46_s" [firmware/nnet_utils/nnet_batchnorm_stream.h:46]   --->   Operation 62 'sext' 'sext_ln46' <Predicate = true> <Delay = 0.00>
ST_4 : Operation 63 [1/1] (1.81ns)   --->   "%write_ln46 = write void @_ssdm_op_Write.ap_fifo.volatile.i456P0A, i456 %layer14_out, i456 %sext_ln46" [firmware/nnet_utils/nnet_batchnorm_stream.h:46]   --->   Operation 63 'write' 'write_ln46' <Predicate = true> <Delay = 1.81> <CoreInst = "FIFO">   --->   Core 78 'FIFO' <Latency = 0> <II = 1> <Delay = 1.81> <Storage> <Opcode : 'read' 'write' 'nbread' 'nbwrite'> <Ports = 0> <Width = 456> <Depth = 40> <FIFO>
ST_4 : Operation 64 [1/1] (0.00ns)   --->   "%br_ln25 = br void %BatchNormpack" [firmware/nnet_utils/nnet_batchnorm_stream.h:25]   --->   Operation 64 'br' 'br_ln25' <Predicate = true> <Delay = 0.00>


============================================================
+ Verbose Summary: Timing violations
============================================================
Target clock period: 5.000ns, clock uncertainty: 1.350ns.

 <State 1>: 1.635ns
The critical path consists of the following:
	'store' operation 0 bit ('store_ln25', firmware/nnet_utils/nnet_batchnorm_stream.h:25) of constant 0 on local variable 'i', firmware/nnet_utils/nnet_batchnorm_stream.h:25 [7]  (0.427 ns)
	'load' operation 6 bit ('i', firmware/nnet_utils/nnet_batchnorm_stream.h:25) on local variable 'i', firmware/nnet_utils/nnet_batchnorm_stream.h:25 [10]  (0.000 ns)
	'add' operation 6 bit ('i', firmware/nnet_utils/nnet_batchnorm_stream.h:25) [12]  (0.781 ns)
	'store' operation 0 bit ('store_ln25', firmware/nnet_utils/nnet_batchnorm_stream.h:25) of variable 'i', firmware/nnet_utils/nnet_batchnorm_stream.h:25 on local variable 'i', firmware/nnet_utils/nnet_batchnorm_stream.h:25 [61]  (0.427 ns)

 <State 2>: 1.813ns
The critical path consists of the following:
	fifo read operation ('layer12_out_read', firmware/nnet_utils/nnet_batchnorm_stream.h:28) on port 'layer12_out' (firmware/nnet_utils/nnet_batchnorm_stream.h:28) [18]  (1.813 ns)

 <State 3>: 3.340ns
The critical path consists of the following:
	'mul' operation 52 bit ('mul_ln73', firmware/nnet_utils/nnet_mult.h:73->firmware/nnet_utils/nnet_batchnorm_stream.h:41) [28]  (3.340 ns)

 <State 4>: 2.915ns
The critical path consists of the following:
	'add' operation 51 bit ('add_ln42_8', firmware/nnet_utils/nnet_batchnorm_stream.h:42) [33]  (1.103 ns)
	fifo write operation ('write_ln46', firmware/nnet_utils/nnet_batchnorm_stream.h:46) on port 'layer14_out' (firmware/nnet_utils/nnet_batchnorm_stream.h:46) [60]  (1.813 ns)


============================================================
+ Verbose Summary: Binding
============================================================
N/A
* FSMD analyzer results:
  - Output states:
 - Input state : 
  - Chain level:
	State 1
	State 2
	State 3
	State 4


============================================================
+ Verbose Summary: Datapath Resource usage 
============================================================
N/A
