

================================================================
== Vitis HLS Report for 'normalize_array_ap_fixed_8u_array_ap_fixed_55_26_5_3_0_8u_config4_s'
================================================================
* Date:           Sun Mar 22 09:48:39 2026

* Version:        2023.2 (Build 4023990 on Oct 11 2023)
* Project:        myproject_prj
* Solution:       solution1 (Vivado IP Flow Target)
* Product family: zynquplus
* Target device:  xck26-sfvc784-2LV-c


================================================================
== Performance Estimates
================================================================
+ Timing: 
    * Summary: 
    +--------+---------+----------+------------+
    |  Clock |  Target | Estimated| Uncertainty|
    +--------+---------+----------+------------+
    |ap_clk  |  5.00 ns|  3.570 ns|     1.35 ns|
    +--------+---------+----------+------------+

+ Latency: 
    * Summary: 
    +---------+---------+----------+----------+------+------+---------+
    |  Latency (cycles) |  Latency (absolute) |   Interval  | Pipeline|
    |   min   |   max   |    min   |    max   |  min |  max |   Type  |
    +---------+---------+----------+----------+------+------+---------+
    |     1284|     1284|  6.420 us|  6.420 us|  1284|  1284|       no|
    +---------+---------+----------+----------+------+------+---------+

    + Detail: 
        * Instance: 
        N/A

        * Loop: 
        +-----------------+---------+---------+----------+-----------+-----------+------+----------+
        |                 |  Latency (cycles) | Iteration|  Initiation Interval  | Trip |          |
        |    Loop Name    |   min   |   max   |  Latency |  achieved |   target  | Count| Pipelined|
        +-----------------+---------+---------+----------+-----------+-----------+------+----------+
        |- BatchNormLoop  |     1282|     1282|         4|          1|          1|  1280|       yes|
        +-----------------+---------+---------+----------+-----------+-----------+------+----------+

============================================================
+ Verbose Summary: Synthesis Manager
============================================================
InlineROM: 1
ExposeGlobal: 0
============================================================
+ Verbose Summary: CDFG Model
============================================================
IsTopModel: 0
ResetActiveHigh: 1
IsCombinational: 2
IsDatapathOnly: 0
HasWiredReturn: 1
HasMFsm: 2
HasVarLatency: 1
IsPipeline: 0
IsRtlPipelined: 0
IsInstanceOverlapped: 0
IsDontTouch: 0
HasImplIP: 0
IsGatedGlobalClock: 0

+ Individual pipeline summary: 
  * Pipeline-0: initiation interval (II) = 1, depth = 4


============================================================
+ Verbose Summary: Schedule
============================================================
* Number of FSM states : 4
* Pipeline : 1
  Pipeline-0 : II = 1, D = 4, States = { 1 2 3 4 }
* Dataflow Pipeline: 0

* FSM state transitions: 
1 --> 2 
2 --> 3 
3 --> 4 
4 --> 

* FSM state operations: 

State 1 <SV = 0> <Delay = 1.65>
ST_1 : Operation 7 [1/1] (0.00ns)   --->   "%i_02 = alloca i32 1" [firmware/nnet_utils/nnet_batchnorm_stream.h:25]   --->   Operation 7 'alloca' 'i_02' <Predicate = true> <Delay = 0.00>
ST_1 : Operation 8 [1/1] (0.00ns)   --->   "%specinterface_ln0 = specinterface void @_ssdm_op_SpecInterface, i440 %layer4_out, void @empty_11, i32 0, i32 0, void @empty_1, i32 0, i32 0, void @empty_1, void @empty_1, void @empty_1, i32 0, i32 0, i32 0, i32 0, void @empty_1, void @empty_1, i32 4294967295, i32 0"   --->   Operation 8 'specinterface' 'specinterface_ln0' <Predicate = true> <Delay = 0.00>
ST_1 : Operation 9 [1/1] (0.00ns)   --->   "%specinterface_ln0 = specinterface void @_ssdm_op_SpecInterface, i304 %layer2_out, void @empty_11, i32 0, i32 0, void @empty_1, i32 0, i32 0, void @empty_1, void @empty_1, void @empty_1, i32 0, i32 0, i32 0, i32 0, void @empty_1, void @empty_1, i32 4294967295, i32 0"   --->   Operation 9 'specinterface' 'specinterface_ln0' <Predicate = true> <Delay = 0.00>
ST_1 : Operation 10 [1/1] (0.00ns)   --->   "%specresourcelimit_ln22 = specresourcelimit void @_ssdm_op_SpecResourceLimit, i64 10240, void @empty_13, void @empty_1, void @empty_1, void @empty_1" [firmware/nnet_utils/nnet_batchnorm_stream.h:22]   --->   Operation 10 'specresourcelimit' 'specresourcelimit_ln22' <Predicate = true> <Delay = 0.00>
ST_1 : Operation 11 [1/1] (0.42ns)   --->   "%store_ln25 = store i11 0, i11 %i_02" [firmware/nnet_utils/nnet_batchnorm_stream.h:25]   --->   Operation 11 'store' 'store_ln25' <Predicate = true> <Delay = 0.42>
ST_1 : Operation 12 [1/1] (0.00ns)   --->   "%br_ln25 = br void %BatchNormpack" [firmware/nnet_utils/nnet_batchnorm_stream.h:25]   --->   Operation 12 'br' 'br_ln25' <Predicate = true> <Delay = 0.00>
ST_1 : Operation 13 [1/1] (0.00ns)   --->   "%i = load i11 %i_02" [firmware/nnet_utils/nnet_batchnorm_stream.h:25]   --->   Operation 13 'load' 'i' <Predicate = true> <Delay = 0.00>
ST_1 : Operation 14 [1/1] (0.79ns)   --->   "%icmp_ln25 = icmp_eq  i11 %i, i11 1280" [firmware/nnet_utils/nnet_batchnorm_stream.h:25]   --->   Operation 14 'icmp' 'icmp_ln25' <Predicate = true> <Delay = 0.79> <CoreInst = "Cmp">   --->   Core 9 'Cmp' <Latency = 0> <II = 1> <Delay = 0.79> <FuncUnit> <Opcode : 'icmp'> <InPorts = 2> <OutPorts = 1>
ST_1 : Operation 15 [1/1] (0.79ns)   --->   "%i_15 = add i11 %i, i11 1" [firmware/nnet_utils/nnet_batchnorm_stream.h:25]   --->   Operation 15 'add' 'i_15' <Predicate = true> <Delay = 0.79> <CoreInst = "Adder">   --->   Core 1 'Adder' <Latency = 0> <II = 1> <Delay = 0.79> <FuncUnit> <Opcode : 'add' 'sub'> <InPorts = 2> <OutPorts = 1>
ST_1 : Operation 16 [1/1] (0.00ns)   --->   "%br_ln25 = br i1 %icmp_ln25, void %BatchNormpack.split, void %for.end12" [firmware/nnet_utils/nnet_batchnorm_stream.h:25]   --->   Operation 16 'br' 'br_ln25' <Predicate = true> <Delay = 0.00>
ST_1 : Operation 17 [1/1] (0.42ns)   --->   "%store_ln25 = store i11 %i_15, i11 %i_02" [firmware/nnet_utils/nnet_batchnorm_stream.h:25]   --->   Operation 17 'store' 'store_ln25' <Predicate = (!icmp_ln25)> <Delay = 0.42>

State 2 <SV = 1> <Delay = 1.75>
ST_2 : Operation 18 [1/1] (1.75ns)   --->   "%layer2_out_read = read i304 @_ssdm_op_Read.ap_fifo.volatile.i304P0A, i304 %layer2_out" [firmware/nnet_utils/nnet_batchnorm_stream.h:28]   --->   Operation 18 'read' 'layer2_out_read' <Predicate = true> <Delay = 1.75> <CoreInst = "FIFO">   --->   Core 78 'FIFO' <Latency = 0> <II = 1> <Delay = 1.75> <Storage> <Opcode : 'read' 'write' 'nbread' 'nbwrite'> <Ports = 0> <Width = 304> <Depth = 1280> <FIFO>
ST_2 : Operation 19 [1/1] (0.00ns)   --->   "%a = trunc i304 %layer2_out_read" [firmware/nnet_utils/nnet_batchnorm_stream.h:28]   --->   Operation 19 'trunc' 'a' <Predicate = true> <Delay = 0.00>
ST_2 : Operation 20 [1/1] (0.00ns)   --->   "%a_11 = partselect i38 @_ssdm_op_PartSelect.i38.i304.i32.i32, i304 %layer2_out_read, i32 38, i32 75" [firmware/nnet_utils/nnet_batchnorm_stream.h:28]   --->   Operation 20 'partselect' 'a_11' <Predicate = true> <Delay = 0.00>
ST_2 : Operation 21 [1/1] (0.00ns)   --->   "%a_5 = partselect i38 @_ssdm_op_PartSelect.i38.i304.i32.i32, i304 %layer2_out_read, i32 76, i32 113" [firmware/nnet_utils/nnet_batchnorm_stream.h:28]   --->   Operation 21 'partselect' 'a_5' <Predicate = true> <Delay = 0.00>
ST_2 : Operation 22 [1/1] (0.00ns)   --->   "%a_6 = partselect i38 @_ssdm_op_PartSelect.i38.i304.i32.i32, i304 %layer2_out_read, i32 114, i32 151" [firmware/nnet_utils/nnet_batchnorm_stream.h:28]   --->   Operation 22 'partselect' 'a_6' <Predicate = true> <Delay = 0.00>
ST_2 : Operation 23 [1/1] (0.00ns)   --->   "%a_7 = partselect i38 @_ssdm_op_PartSelect.i38.i304.i32.i32, i304 %layer2_out_read, i32 152, i32 189" [firmware/nnet_utils/nnet_batchnorm_stream.h:28]   --->   Operation 23 'partselect' 'a_7' <Predicate = true> <Delay = 0.00>
ST_2 : Operation 24 [1/1] (0.00ns)   --->   "%a_8 = partselect i38 @_ssdm_op_PartSelect.i38.i304.i32.i32, i304 %layer2_out_read, i32 190, i32 227" [firmware/nnet_utils/nnet_batchnorm_stream.h:28]   --->   Operation 24 'partselect' 'a_8' <Predicate = true> <Delay = 0.00>
ST_2 : Operation 25 [1/1] (0.00ns)   --->   "%a_9 = partselect i38 @_ssdm_op_PartSelect.i38.i304.i32.i32, i304 %layer2_out_read, i32 228, i32 265" [firmware/nnet_utils/nnet_batchnorm_stream.h:28]   --->   Operation 25 'partselect' 'a_9' <Predicate = true> <Delay = 0.00>
ST_2 : Operation 26 [1/1] (0.00ns)   --->   "%a_1 = partselect i38 @_ssdm_op_PartSelect.i38.i304.i32.i32, i304 %layer2_out_read, i32 266, i32 303" [firmware/nnet_utils/nnet_batchnorm_stream.h:28]   --->   Operation 26 'partselect' 'a_1' <Predicate = true> <Delay = 0.00>

State 3 <SV = 2> <Delay = 3.57>
ST_3 : Operation 27 [1/1] (0.00ns)   --->   "%sext_ln42 = sext i38 %a" [firmware/nnet_utils/nnet_batchnorm_stream.h:42]   --->   Operation 27 'sext' 'sext_ln42' <Predicate = true> <Delay = 0.00>
ST_3 : Operation 28 [1/1] (3.57ns)   --->   "%mul_ln42 = mul i48 %sext_ln42, i48 847" [firmware/nnet_utils/nnet_batchnorm_stream.h:42]   --->   Operation 28 'mul' 'mul_ln42' <Predicate = true> <Delay = 3.57> <CoreInst = "Multiplier">   --->   Core 3 'Multiplier' <Latency = 0> <II = 1> <Delay = 3.57> <FuncUnit> <Opcode : 'mul'> <InPorts = 2> <OutPorts = 1>
ST_3 : Operation 29 [1/1] (0.00ns)   --->   "%sext_ln42_4 = sext i38 %a_11" [firmware/nnet_utils/nnet_batchnorm_stream.h:42]   --->   Operation 29 'sext' 'sext_ln42_4' <Predicate = true> <Delay = 0.00>
ST_3 : Operation 30 [1/1] (3.57ns)   --->   "%mul_ln42_4 = mul i49 %sext_ln42_4, i49 2028" [firmware/nnet_utils/nnet_batchnorm_stream.h:42]   --->   Operation 30 'mul' 'mul_ln42_4' <Predicate = true> <Delay = 3.57> <CoreInst = "Multiplier">   --->   Core 3 'Multiplier' <Latency = 0> <II = 1> <Delay = 3.57> <FuncUnit> <Opcode : 'mul'> <InPorts = 2> <OutPorts = 1>
ST_3 : Operation 31 [1/1] (0.00ns)   --->   "%sext_ln42_5 = sext i38 %a_5" [firmware/nnet_utils/nnet_batchnorm_stream.h:42]   --->   Operation 31 'sext' 'sext_ln42_5' <Predicate = true> <Delay = 0.00>
ST_3 : Operation 32 [1/1] (3.57ns)   --->   "%mul_ln42_5 = mul i50 %sext_ln42_5, i50 2106" [firmware/nnet_utils/nnet_batchnorm_stream.h:42]   --->   Operation 32 'mul' 'mul_ln42_5' <Predicate = true> <Delay = 3.57> <CoreInst = "Multiplier">   --->   Core 3 'Multiplier' <Latency = 0> <II = 1> <Delay = 3.57> <FuncUnit> <Opcode : 'mul'> <InPorts = 2> <OutPorts = 1>
ST_3 : Operation 33 [1/1] (0.00ns)   --->   "%sext_ln42_6 = sext i38 %a_6" [firmware/nnet_utils/nnet_batchnorm_stream.h:42]   --->   Operation 33 'sext' 'sext_ln42_6' <Predicate = true> <Delay = 0.00>
ST_3 : Operation 34 [1/1] (3.57ns)   --->   "%mul_ln42_6 = mul i49 %sext_ln42_6, i49 1110" [firmware/nnet_utils/nnet_batchnorm_stream.h:42]   --->   Operation 34 'mul' 'mul_ln42_6' <Predicate = true> <Delay = 3.57> <CoreInst = "Multiplier">   --->   Core 3 'Multiplier' <Latency = 0> <II = 1> <Delay = 3.57> <FuncUnit> <Opcode : 'mul'> <InPorts = 2> <OutPorts = 1>
ST_3 : Operation 35 [1/1] (0.00ns)   --->   "%sext_ln42_7 = sext i38 %a_7" [firmware/nnet_utils/nnet_batchnorm_stream.h:42]   --->   Operation 35 'sext' 'sext_ln42_7' <Predicate = true> <Delay = 0.00>
ST_3 : Operation 36 [1/1] (3.57ns)   --->   "%mul_ln42_7 = mul i49 %sext_ln42_7, i49 1619" [firmware/nnet_utils/nnet_batchnorm_stream.h:42]   --->   Operation 36 'mul' 'mul_ln42_7' <Predicate = true> <Delay = 3.57> <CoreInst = "Multiplier">   --->   Core 3 'Multiplier' <Latency = 0> <II = 1> <Delay = 3.57> <FuncUnit> <Opcode : 'mul'> <InPorts = 2> <OutPorts = 1>
ST_3 : Operation 37 [1/1] (0.00ns)   --->   "%sext_ln42_8 = sext i38 %a_8" [firmware/nnet_utils/nnet_batchnorm_stream.h:42]   --->   Operation 37 'sext' 'sext_ln42_8' <Predicate = true> <Delay = 0.00>
ST_3 : Operation 38 [1/1] (3.57ns)   --->   "%mul_ln42_8 = mul i49 %sext_ln42_8, i49 1125" [firmware/nnet_utils/nnet_batchnorm_stream.h:42]   --->   Operation 38 'mul' 'mul_ln42_8' <Predicate = true> <Delay = 3.57> <CoreInst = "Multiplier">   --->   Core 3 'Multiplier' <Latency = 0> <II = 1> <Delay = 3.57> <FuncUnit> <Opcode : 'mul'> <InPorts = 2> <OutPorts = 1>
ST_3 : Operation 39 [1/1] (0.00ns)   --->   "%sext_ln42_9 = sext i38 %a_9" [firmware/nnet_utils/nnet_batchnorm_stream.h:42]   --->   Operation 39 'sext' 'sext_ln42_9' <Predicate = true> <Delay = 0.00>
ST_3 : Operation 40 [1/1] (3.57ns)   --->   "%mul_ln42_9 = mul i49 %sext_ln42_9, i49 1270" [firmware/nnet_utils/nnet_batchnorm_stream.h:42]   --->   Operation 40 'mul' 'mul_ln42_9' <Predicate = true> <Delay = 3.57> <CoreInst = "Multiplier">   --->   Core 3 'Multiplier' <Latency = 0> <II = 1> <Delay = 3.57> <FuncUnit> <Opcode : 'mul'> <InPorts = 2> <OutPorts = 1>
ST_3 : Operation 41 [1/1] (0.00ns)   --->   "%sext_ln42_10 = sext i38 %a_1" [firmware/nnet_utils/nnet_batchnorm_stream.h:42]   --->   Operation 41 'sext' 'sext_ln42_10' <Predicate = true> <Delay = 0.00>
ST_3 : Operation 42 [1/1] (3.57ns)   --->   "%mul_ln42_10 = mul i49 %sext_ln42_10, i49 1255" [firmware/nnet_utils/nnet_batchnorm_stream.h:42]   --->   Operation 42 'mul' 'mul_ln42_10' <Predicate = true> <Delay = 3.57> <CoreInst = "Multiplier">   --->   Core 3 'Multiplier' <Latency = 0> <II = 1> <Delay = 3.57> <FuncUnit> <Opcode : 'mul'> <InPorts = 2> <OutPorts = 1>
ST_3 : Operation 65 [1/1] (0.00ns)   --->   "%ret_ln48 = ret" [firmware/nnet_utils/nnet_batchnorm_stream.h:48]   --->   Operation 65 'ret' 'ret_ln48' <Predicate = (icmp_ln25)> <Delay = 0.00>

State 4 <SV = 3> <Delay = 2.85>
ST_4 : Operation 43 [1/1] (0.00ns)   --->   "%specpipeline_ln26 = specpipeline void @_ssdm_op_SpecPipeline, i32 1, i32 0, i32 0, i32 0, void @empty_1" [firmware/nnet_utils/nnet_batchnorm_stream.h:26]   --->   Operation 43 'specpipeline' 'specpipeline_ln26' <Predicate = true> <Delay = 0.00>
ST_4 : Operation 44 [1/1] (0.00ns)   --->   "%speclooptripcount_ln25 = speclooptripcount void @_ssdm_op_SpecLoopTripCount, i64 1280, i64 1280, i64 1280" [firmware/nnet_utils/nnet_batchnorm_stream.h:25]   --->   Operation 44 'speclooptripcount' 'speclooptripcount_ln25' <Predicate = true> <Delay = 0.00>
ST_4 : Operation 45 [1/1] (0.00ns)   --->   "%specloopname_ln25 = specloopname void @_ssdm_op_SpecLoopName, void @empty_15" [firmware/nnet_utils/nnet_batchnorm_stream.h:25]   --->   Operation 45 'specloopname' 'specloopname_ln25' <Predicate = true> <Delay = 0.00>
ST_4 : Operation 46 [1/1] (1.09ns)   --->   "%add_ln42 = add i48 %mul_ln42, i48 281474949447680" [firmware/nnet_utils/nnet_batchnorm_stream.h:42]   --->   Operation 46 'add' 'add_ln42' <Predicate = true> <Delay = 1.09> <CoreInst = "Adder">   --->   Core 1 'Adder' <Latency = 0> <II = 1> <Delay = 1.09> <FuncUnit> <Opcode : 'add' 'sub'> <InPorts = 2> <OutPorts = 1>
ST_4 : Operation 47 [1/1] (0.00ns)   --->   "%sext_ln70 = sext i48 %add_ln42" [firmware/nnet_utils/nnet_mult.h:70->firmware/nnet_utils/nnet_batchnorm_stream.h:41]   --->   Operation 47 'sext' 'sext_ln70' <Predicate = true> <Delay = 0.00>
ST_4 : Operation 48 [1/1] (1.09ns)   --->   "%add_ln42_15 = add i49 %mul_ln42_4, i49 562949798232064" [firmware/nnet_utils/nnet_batchnorm_stream.h:42]   --->   Operation 48 'add' 'add_ln42_15' <Predicate = true> <Delay = 1.09> <CoreInst = "Adder">   --->   Core 1 'Adder' <Latency = 0> <II = 1> <Delay = 1.09> <FuncUnit> <Opcode : 'add' 'sub'> <InPorts = 2> <OutPorts = 1>
ST_4 : Operation 49 [1/1] (0.00ns)   --->   "%sext_ln70_13 = sext i49 %add_ln42_15" [firmware/nnet_utils/nnet_mult.h:70->firmware/nnet_utils/nnet_batchnorm_stream.h:41]   --->   Operation 49 'sext' 'sext_ln70_13' <Predicate = true> <Delay = 0.00>
ST_4 : Operation 50 [1/1] (1.10ns)   --->   "%add_ln42_16 = add i50 %mul_ln42_5, i50 144703488" [firmware/nnet_utils/nnet_batchnorm_stream.h:42]   --->   Operation 50 'add' 'add_ln42_16' <Predicate = true> <Delay = 1.10> <CoreInst = "Adder">   --->   Core 1 'Adder' <Latency = 0> <II = 1> <Delay = 1.10> <FuncUnit> <Opcode : 'add' 'sub'> <InPorts = 2> <OutPorts = 1>
ST_4 : Operation 51 [1/1] (0.00ns)   --->   "%sext_ln70_14 = sext i50 %add_ln42_16" [firmware/nnet_utils/nnet_mult.h:70->firmware/nnet_utils/nnet_batchnorm_stream.h:41]   --->   Operation 51 'sext' 'sext_ln70_14' <Predicate = true> <Delay = 0.00>
ST_4 : Operation 52 [1/1] (1.09ns)   --->   "%add_ln42_17 = add i49 %mul_ln42_6, i49 562949927731200" [firmware/nnet_utils/nnet_batchnorm_stream.h:42]   --->   Operation 52 'add' 'add_ln42_17' <Predicate = true> <Delay = 1.09> <CoreInst = "Adder">   --->   Core 1 'Adder' <Latency = 0> <II = 1> <Delay = 1.09> <FuncUnit> <Opcode : 'add' 'sub'> <InPorts = 2> <OutPorts = 1>
ST_4 : Operation 53 [1/1] (0.00ns)   --->   "%sext_ln70_15 = sext i49 %add_ln42_17" [firmware/nnet_utils/nnet_mult.h:70->firmware/nnet_utils/nnet_batchnorm_stream.h:41]   --->   Operation 53 'sext' 'sext_ln70_15' <Predicate = true> <Delay = 0.00>
ST_4 : Operation 54 [1/1] (1.09ns)   --->   "%add_ln42_18 = add i49 %mul_ln42_7, i49 240648192" [firmware/nnet_utils/nnet_batchnorm_stream.h:42]   --->   Operation 54 'add' 'add_ln42_18' <Predicate = true> <Delay = 1.09> <CoreInst = "Adder">   --->   Core 1 'Adder' <Latency = 0> <II = 1> <Delay = 1.09> <FuncUnit> <Opcode : 'add' 'sub'> <InPorts = 2> <OutPorts = 1>
ST_4 : Operation 55 [1/1] (0.00ns)   --->   "%sext_ln70_16 = sext i49 %add_ln42_18" [firmware/nnet_utils/nnet_mult.h:70->firmware/nnet_utils/nnet_batchnorm_stream.h:41]   --->   Operation 55 'sext' 'sext_ln70_16' <Predicate = true> <Delay = 0.00>
ST_4 : Operation 56 [1/1] (1.09ns)   --->   "%add_ln42_19 = add i49 %mul_ln42_8, i49 208666624" [firmware/nnet_utils/nnet_batchnorm_stream.h:42]   --->   Operation 56 'add' 'add_ln42_19' <Predicate = true> <Delay = 1.09> <CoreInst = "Adder">   --->   Core 1 'Adder' <Latency = 0> <II = 1> <Delay = 1.09> <FuncUnit> <Opcode : 'add' 'sub'> <InPorts = 2> <OutPorts = 1>
ST_4 : Operation 57 [1/1] (0.00ns)   --->   "%sext_ln70_17 = sext i49 %add_ln42_19" [firmware/nnet_utils/nnet_mult.h:70->firmware/nnet_utils/nnet_batchnorm_stream.h:41]   --->   Operation 57 'sext' 'sext_ln70_17' <Predicate = true> <Delay = 0.00>
ST_4 : Operation 58 [1/1] (1.09ns)   --->   "%add_ln42_20 = add i49 %mul_ln42_9, i49 91750400" [firmware/nnet_utils/nnet_batchnorm_stream.h:42]   --->   Operation 58 'add' 'add_ln42_20' <Predicate = true> <Delay = 1.09> <CoreInst = "Adder">   --->   Core 1 'Adder' <Latency = 0> <II = 1> <Delay = 1.09> <FuncUnit> <Opcode : 'add' 'sub'> <InPorts = 2> <OutPorts = 1>
ST_4 : Operation 59 [1/1] (0.00ns)   --->   "%sext_ln70_18 = sext i49 %add_ln42_20" [firmware/nnet_utils/nnet_mult.h:70->firmware/nnet_utils/nnet_batchnorm_stream.h:41]   --->   Operation 59 'sext' 'sext_ln70_18' <Predicate = true> <Delay = 0.00>
ST_4 : Operation 60 [1/1] (1.09ns)   --->   "%add_ln42_21 = add i49 %mul_ln42_10, i49 126877696" [firmware/nnet_utils/nnet_batchnorm_stream.h:42]   --->   Operation 60 'add' 'add_ln42_21' <Predicate = true> <Delay = 1.09> <CoreInst = "Adder">   --->   Core 1 'Adder' <Latency = 0> <II = 1> <Delay = 1.09> <FuncUnit> <Opcode : 'add' 'sub'> <InPorts = 2> <OutPorts = 1>
ST_4 : Operation 61 [1/1] (0.00ns)   --->   "%or_ln46_s = bitconcatenate i434 @_ssdm_op_BitConcatenate.i434.i49.i55.i55.i55.i55.i55.i55.i55, i49 %add_ln42_21, i55 %sext_ln70_18, i55 %sext_ln70_17, i55 %sext_ln70_16, i55 %sext_ln70_15, i55 %sext_ln70_14, i55 %sext_ln70_13, i55 %sext_ln70" [firmware/nnet_utils/nnet_batchnorm_stream.h:46]   --->   Operation 61 'bitconcatenate' 'or_ln46_s' <Predicate = true> <Delay = 0.00>
ST_4 : Operation 62 [1/1] (0.00ns)   --->   "%sext_ln46 = sext i434 %or_ln46_s" [firmware/nnet_utils/nnet_batchnorm_stream.h:46]   --->   Operation 62 'sext' 'sext_ln46' <Predicate = true> <Delay = 0.00>
ST_4 : Operation 63 [1/1] (1.75ns)   --->   "%write_ln46 = write void @_ssdm_op_Write.ap_fifo.volatile.i440P0A, i440 %layer4_out, i440 %sext_ln46" [firmware/nnet_utils/nnet_batchnorm_stream.h:46]   --->   Operation 63 'write' 'write_ln46' <Predicate = true> <Delay = 1.75> <CoreInst = "FIFO">   --->   Core 78 'FIFO' <Latency = 0> <II = 1> <Delay = 1.75> <Storage> <Opcode : 'read' 'write' 'nbread' 'nbwrite'> <Ports = 0> <Width = 440> <Depth = 1280> <FIFO>
ST_4 : Operation 64 [1/1] (0.00ns)   --->   "%br_ln25 = br void %BatchNormpack" [firmware/nnet_utils/nnet_batchnorm_stream.h:25]   --->   Operation 64 'br' 'br_ln25' <Predicate = true> <Delay = 0.00>


============================================================
+ Verbose Summary: Timing violations
============================================================
Target clock period: 5.000ns, clock uncertainty: 1.350ns.

 <State 1>: 1.652ns
The critical path consists of the following:
	'store' operation 0 bit ('store_ln25', firmware/nnet_utils/nnet_batchnorm_stream.h:25) of constant 0 on local variable 'i', firmware/nnet_utils/nnet_batchnorm_stream.h:25 [7]  (0.427 ns)
	'load' operation 11 bit ('i', firmware/nnet_utils/nnet_batchnorm_stream.h:25) on local variable 'i', firmware/nnet_utils/nnet_batchnorm_stream.h:25 [10]  (0.000 ns)
	'icmp' operation 1 bit ('icmp_ln25', firmware/nnet_utils/nnet_batchnorm_stream.h:25) [11]  (0.798 ns)
	'store' operation 0 bit ('store_ln25', firmware/nnet_utils/nnet_batchnorm_stream.h:25) of variable 'i', firmware/nnet_utils/nnet_batchnorm_stream.h:25 on local variable 'i', firmware/nnet_utils/nnet_batchnorm_stream.h:25 [61]  (0.427 ns)

 <State 2>: 1.750ns
The critical path consists of the following:
	fifo read operation ('layer2_out_read', firmware/nnet_utils/nnet_batchnorm_stream.h:28) on port 'layer2_out' (firmware/nnet_utils/nnet_batchnorm_stream.h:28) [18]  (1.750 ns)

 <State 3>: 3.570ns
The critical path consists of the following:
	'mul' operation 48 bit ('mul_ln42', firmware/nnet_utils/nnet_batchnorm_stream.h:42) [28]  (3.570 ns)

 <State 4>: 2.854ns
The critical path consists of the following:
	'add' operation 50 bit ('add_ln42_16', firmware/nnet_utils/nnet_batchnorm_stream.h:42) [37]  (1.104 ns)
	fifo write operation ('write_ln46', firmware/nnet_utils/nnet_batchnorm_stream.h:46) on port 'layer4_out' (firmware/nnet_utils/nnet_batchnorm_stream.h:46) [60]  (1.750 ns)


============================================================
+ Verbose Summary: Binding
============================================================
N/A
* FSMD analyzer results:
  - Output states:
 - Input state : 
  - Chain level:
	State 1
	State 2
	State 3
	State 4


============================================================
+ Verbose Summary: Datapath Resource usage 
============================================================
N/A
