

================================================================
== Vitis HLS Report for 'softmax_stable_array_array_ap_fixed_16_6_5_3_0_10u_softmax_config23_s'
================================================================
* Date:           Mon Mar 30 19:06:57 2026

* Version:        2023.2 (Build 4023990 on Oct 11 2023)
* Project:        myproject_prj
* Solution:       solution1 (Vivado IP Flow Target)
* Product family: zynquplus
* Target device:  xck26-sfvc784-2LV-c


================================================================
== Performance Estimates
================================================================
+ Timing: 
    * Summary: 
    +--------+---------+----------+------------+
    |  Clock |  Target | Estimated| Uncertainty|
    +--------+---------+----------+------------+
    |ap_clk  |  5.00 ns|  3.985 ns|     1.35 ns|
    +--------+---------+----------+------------+

+ Latency: 
    * Summary: 
    +---------+---------+----------+----------+------+------+---------+
    |  Latency (cycles) |  Latency (absolute) |   Interval  | Pipeline|
    |   min   |   max   |    min   |    max   |  min |  max |   Type  |
    +---------+---------+----------+----------+------+------+---------+
    |     1056|     1056|  5.280 us|  5.280 us|  1056|  1056|       no|
    +---------+---------+----------+----------+------+------+---------+

    + Detail: 
        * Instance: 
        N/A

        * Loop: 
        N/A

============================================================
+ Verbose Summary: Synthesis Manager
============================================================
InlineROM: 1
ExposeGlobal: 0
============================================================
+ Verbose Summary: CDFG Model
============================================================
IsTopModel: 0
ResetActiveHigh: 1
IsCombinational: 0
IsDatapathOnly: 0
HasWiredReturn: 1
HasMFsm: 0
HasVarLatency: 1
IsPipeline: 0
IsRtlPipelined: 0
IsInstanceOverlapped: 0
IsDontTouch: 0
HasImplIP: 0
IsGatedGlobalClock: 0


============================================================
+ Verbose Summary: Schedule
============================================================
* Number of FSM states : 13
* Pipeline : 0
* Dataflow Pipeline: 0

* FSM state transitions: 
1 --> 2 
2 --> 3 
3 --> 4 
4 --> 5 
5 --> 6 
6 --> 7 
7 --> 8 
8 --> 9 
9 --> 10 
10 --> 11 
11 --> 12 
12 --> 13 
13 --> 

* FSM state operations: 

State 1 <SV = 0> <Delay = 3.21>
ST_1 : Operation 14 [1/1] (0.00ns)   --->   "%exp_table = alloca i64 1" [firmware/nnet_utils/nnet_activation_stream.h:173]   --->   Operation 14 'alloca' 'exp_table' <Predicate = true> <Delay = 0.00> <CoreInst = "RAM">   --->   Core 83 'RAM' <Latency = 1> <II = 1> <Delay = 1.23> <Storage> <Opcode : 'load' 'store'> <Ports = 2> <Width = 16> <Depth = 1024> <RAM>
ST_1 : Operation 15 [2/2] (0.00ns)   --->   "%call_ln183 = call void @init_exp_table<ap_ufixed<36, 17, 5, 3, 0>, softmax_config23>, i16 %exp_table" [firmware/nnet_utils/nnet_activation_stream.h:183]   --->   Operation 15 'call' 'call_ln183' <Predicate = true> <Delay = 0.00> <CoreType = "Generic">   --->   Core 0 '' <Latency = 0> <II = 1> <Delay = 1.00> <Generic> <Opcode : >
ST_1 : Operation 16 [1/1] (1.82ns)   --->   "%layer21_out_read = read i370 @_ssdm_op_Read.ap_fifo.volatile.i370P0A, i370 %layer21_out" [firmware/nnet_utils/nnet_activation_stream.h:198]   --->   Operation 16 'read' 'layer21_out_read' <Predicate = true> <Delay = 1.82> <CoreInst = "FIFO_SRL">   --->   Core 81 'FIFO_SRL' <Latency = 0> <II = 1> <Delay = 1.83> <Storage> <Opcode : 'read' 'write' 'nbread' 'nbwrite'> <Ports = 0> <Width = 370> <Depth = 1> <FIFO>
ST_1 : Operation 17 [1/1] (0.00ns)   --->   "%data_array = trunc i370 %layer21_out_read" [firmware/nnet_utils/nnet_activation_stream.h:198]   --->   Operation 17 'trunc' 'data_array' <Predicate = true> <Delay = 0.00>
ST_1 : Operation 18 [1/1] (0.00ns)   --->   "%data_array_1 = partselect i37 @_ssdm_op_PartSelect.i37.i370.i32.i32, i370 %layer21_out_read, i32 37, i32 73" [firmware/nnet_utils/nnet_activation_stream.h:198]   --->   Operation 18 'partselect' 'data_array_1' <Predicate = true> <Delay = 0.00>
ST_1 : Operation 19 [1/1] (0.00ns)   --->   "%data_array_2 = partselect i37 @_ssdm_op_PartSelect.i37.i370.i32.i32, i370 %layer21_out_read, i32 74, i32 110" [firmware/nnet_utils/nnet_activation_stream.h:198]   --->   Operation 19 'partselect' 'data_array_2' <Predicate = true> <Delay = 0.00>
ST_1 : Operation 20 [1/1] (0.00ns)   --->   "%data_array_3 = partselect i37 @_ssdm_op_PartSelect.i37.i370.i32.i32, i370 %layer21_out_read, i32 111, i32 147" [firmware/nnet_utils/nnet_activation_stream.h:198]   --->   Operation 20 'partselect' 'data_array_3' <Predicate = true> <Delay = 0.00>
ST_1 : Operation 21 [1/1] (0.00ns)   --->   "%data_array_4 = partselect i37 @_ssdm_op_PartSelect.i37.i370.i32.i32, i370 %layer21_out_read, i32 148, i32 184" [firmware/nnet_utils/nnet_activation_stream.h:198]   --->   Operation 21 'partselect' 'data_array_4' <Predicate = true> <Delay = 0.00>
ST_1 : Operation 22 [1/1] (0.00ns)   --->   "%data_array_5 = partselect i37 @_ssdm_op_PartSelect.i37.i370.i32.i32, i370 %layer21_out_read, i32 185, i32 221" [firmware/nnet_utils/nnet_activation_stream.h:198]   --->   Operation 22 'partselect' 'data_array_5' <Predicate = true> <Delay = 0.00>
ST_1 : Operation 23 [1/1] (0.00ns)   --->   "%data_array_6 = partselect i37 @_ssdm_op_PartSelect.i37.i370.i32.i32, i370 %layer21_out_read, i32 222, i32 258" [firmware/nnet_utils/nnet_activation_stream.h:198]   --->   Operation 23 'partselect' 'data_array_6' <Predicate = true> <Delay = 0.00>
ST_1 : Operation 24 [1/1] (0.00ns)   --->   "%data_array_7 = partselect i37 @_ssdm_op_PartSelect.i37.i370.i32.i32, i370 %layer21_out_read, i32 259, i32 295" [firmware/nnet_utils/nnet_activation_stream.h:198]   --->   Operation 24 'partselect' 'data_array_7' <Predicate = true> <Delay = 0.00>
ST_1 : Operation 25 [1/1] (0.00ns)   --->   "%data_array_8 = partselect i37 @_ssdm_op_PartSelect.i37.i370.i32.i32, i370 %layer21_out_read, i32 296, i32 332" [firmware/nnet_utils/nnet_activation_stream.h:198]   --->   Operation 25 'partselect' 'data_array_8' <Predicate = true> <Delay = 0.00>
ST_1 : Operation 26 [1/1] (0.00ns)   --->   "%data_array_9 = partselect i37 @_ssdm_op_PartSelect.i37.i370.i32.i32, i370 %layer21_out_read, i32 333, i32 369" [firmware/nnet_utils/nnet_activation_stream.h:198]   --->   Operation 26 'partselect' 'data_array_9' <Predicate = true> <Delay = 0.00>
ST_1 : Operation 27 [1/1] (1.02ns)   --->   "%icmp_ln66 = icmp_slt  i37 %data_array, i37 %data_array_1" [firmware/nnet_utils/nnet_common.h:66->firmware/nnet_utils/nnet_common.h:44->firmware/nnet_utils/nnet_common.h:46->firmware/nnet_utils/nnet_common.h:46->firmware/nnet_utils/nnet_common.h:46->firmware/nnet_utils/nnet_activation_stream.h:208]   --->   Operation 27 'icmp' 'icmp_ln66' <Predicate = true> <Delay = 1.02> <CoreInst = "Cmp">   --->   Core 9 'Cmp' <Latency = 0> <II = 1> <Delay = 1.02> <FuncUnit> <Opcode : 'icmp'> <InPorts = 2> <OutPorts = 1>
ST_1 : Operation 28 [1/1] (0.00ns) (grouped into LUT with out node select_ln66)   --->   "%xor_ln66 = xor i1 %icmp_ln66, i1 1" [firmware/nnet_utils/nnet_common.h:66->firmware/nnet_utils/nnet_common.h:44->firmware/nnet_utils/nnet_common.h:46->firmware/nnet_utils/nnet_common.h:46->firmware/nnet_utils/nnet_common.h:46->firmware/nnet_utils/nnet_activation_stream.h:208]   --->   Operation 28 'xor' 'xor_ln66' <Predicate = true> <Delay = 0.00> <CoreInst = "LogicGate">   --->   Core 74 'LogicGate' <Latency = 0> <II = 1> <Delay = 0.28> <FuncUnit> <Opcode : 'and' 'or' 'xor'> <InPorts = 2> <OutPorts = 1>
ST_1 : Operation 29 [1/1] (0.36ns) (out node of the LUT)   --->   "%select_ln66 = select i1 %xor_ln66, i37 %data_array, i37 %data_array_1" [firmware/nnet_utils/nnet_common.h:66->firmware/nnet_utils/nnet_common.h:44->firmware/nnet_utils/nnet_common.h:46->firmware/nnet_utils/nnet_common.h:46->firmware/nnet_utils/nnet_common.h:46->firmware/nnet_utils/nnet_activation_stream.h:208]   --->   Operation 29 'select' 'select_ln66' <Predicate = true> <Delay = 0.36> <CoreInst = "Sel">   --->   Core 73 'Sel' <Latency = 0> <II = 1> <Delay = 0.36> <FuncUnit> <Opcode : 'select'> <InPorts = 3> <OutPorts = 1>
ST_1 : Operation 30 [1/1] (1.02ns)   --->   "%icmp_ln66_1 = icmp_slt  i37 %data_array_2, i37 %data_array_3" [firmware/nnet_utils/nnet_common.h:66->firmware/nnet_utils/nnet_common.h:44->firmware/nnet_utils/nnet_common.h:46->firmware/nnet_utils/nnet_common.h:46->firmware/nnet_utils/nnet_common.h:46->firmware/nnet_utils/nnet_activation_stream.h:208]   --->   Operation 30 'icmp' 'icmp_ln66_1' <Predicate = true> <Delay = 1.02> <CoreInst = "Cmp">   --->   Core 9 'Cmp' <Latency = 0> <II = 1> <Delay = 1.02> <FuncUnit> <Opcode : 'icmp'> <InPorts = 2> <OutPorts = 1>
ST_1 : Operation 31 [1/1] (0.00ns) (grouped into LUT with out node select_ln66_1)   --->   "%xor_ln66_1 = xor i1 %icmp_ln66_1, i1 1" [firmware/nnet_utils/nnet_common.h:66->firmware/nnet_utils/nnet_common.h:44->firmware/nnet_utils/nnet_common.h:46->firmware/nnet_utils/nnet_common.h:46->firmware/nnet_utils/nnet_common.h:46->firmware/nnet_utils/nnet_activation_stream.h:208]   --->   Operation 31 'xor' 'xor_ln66_1' <Predicate = true> <Delay = 0.00> <CoreInst = "LogicGate">   --->   Core 74 'LogicGate' <Latency = 0> <II = 1> <Delay = 0.28> <FuncUnit> <Opcode : 'and' 'or' 'xor'> <InPorts = 2> <OutPorts = 1>
ST_1 : Operation 32 [1/1] (0.36ns) (out node of the LUT)   --->   "%select_ln66_1 = select i1 %xor_ln66_1, i37 %data_array_2, i37 %data_array_3" [firmware/nnet_utils/nnet_common.h:66->firmware/nnet_utils/nnet_common.h:44->firmware/nnet_utils/nnet_common.h:46->firmware/nnet_utils/nnet_common.h:46->firmware/nnet_utils/nnet_common.h:46->firmware/nnet_utils/nnet_activation_stream.h:208]   --->   Operation 32 'select' 'select_ln66_1' <Predicate = true> <Delay = 0.36> <CoreInst = "Sel">   --->   Core 73 'Sel' <Latency = 0> <II = 1> <Delay = 0.36> <FuncUnit> <Opcode : 'select'> <InPorts = 3> <OutPorts = 1>
ST_1 : Operation 33 [1/1] (1.02ns)   --->   "%icmp_ln66_3 = icmp_slt  i37 %data_array_4, i37 %data_array_5" [firmware/nnet_utils/nnet_common.h:66->firmware/nnet_utils/nnet_common.h:44->firmware/nnet_utils/nnet_common.h:46->firmware/nnet_utils/nnet_common.h:46->firmware/nnet_utils/nnet_common.h:46->firmware/nnet_utils/nnet_activation_stream.h:208]   --->   Operation 33 'icmp' 'icmp_ln66_3' <Predicate = true> <Delay = 1.02> <CoreInst = "Cmp">   --->   Core 9 'Cmp' <Latency = 0> <II = 1> <Delay = 1.02> <FuncUnit> <Opcode : 'icmp'> <InPorts = 2> <OutPorts = 1>
ST_1 : Operation 34 [1/1] (0.00ns) (grouped into LUT with out node select_ln66_3)   --->   "%xor_ln66_3 = xor i1 %icmp_ln66_3, i1 1" [firmware/nnet_utils/nnet_common.h:66->firmware/nnet_utils/nnet_common.h:44->firmware/nnet_utils/nnet_common.h:46->firmware/nnet_utils/nnet_common.h:46->firmware/nnet_utils/nnet_common.h:46->firmware/nnet_utils/nnet_activation_stream.h:208]   --->   Operation 34 'xor' 'xor_ln66_3' <Predicate = true> <Delay = 0.00> <CoreInst = "LogicGate">   --->   Core 74 'LogicGate' <Latency = 0> <II = 1> <Delay = 0.28> <FuncUnit> <Opcode : 'and' 'or' 'xor'> <InPorts = 2> <OutPorts = 1>
ST_1 : Operation 35 [1/1] (0.36ns) (out node of the LUT)   --->   "%select_ln66_3 = select i1 %xor_ln66_3, i37 %data_array_4, i37 %data_array_5" [firmware/nnet_utils/nnet_common.h:66->firmware/nnet_utils/nnet_common.h:44->firmware/nnet_utils/nnet_common.h:46->firmware/nnet_utils/nnet_common.h:46->firmware/nnet_utils/nnet_common.h:46->firmware/nnet_utils/nnet_activation_stream.h:208]   --->   Operation 35 'select' 'select_ln66_3' <Predicate = true> <Delay = 0.36> <CoreInst = "Sel">   --->   Core 73 'Sel' <Latency = 0> <II = 1> <Delay = 0.36> <FuncUnit> <Opcode : 'select'> <InPorts = 3> <OutPorts = 1>
ST_1 : Operation 36 [1/1] (1.02ns)   --->   "%icmp_ln66_4 = icmp_slt  i37 %data_array_6, i37 %data_array_7" [firmware/nnet_utils/nnet_common.h:66->firmware/nnet_utils/nnet_common.h:44->firmware/nnet_utils/nnet_common.h:46->firmware/nnet_utils/nnet_common.h:46->firmware/nnet_utils/nnet_common.h:46->firmware/nnet_utils/nnet_activation_stream.h:208]   --->   Operation 36 'icmp' 'icmp_ln66_4' <Predicate = true> <Delay = 1.02> <CoreInst = "Cmp">   --->   Core 9 'Cmp' <Latency = 0> <II = 1> <Delay = 1.02> <FuncUnit> <Opcode : 'icmp'> <InPorts = 2> <OutPorts = 1>
ST_1 : Operation 37 [1/1] (0.00ns) (grouped into LUT with out node select_ln66_4)   --->   "%xor_ln66_4 = xor i1 %icmp_ln66_4, i1 1" [firmware/nnet_utils/nnet_common.h:66->firmware/nnet_utils/nnet_common.h:44->firmware/nnet_utils/nnet_common.h:46->firmware/nnet_utils/nnet_common.h:46->firmware/nnet_utils/nnet_common.h:46->firmware/nnet_utils/nnet_activation_stream.h:208]   --->   Operation 37 'xor' 'xor_ln66_4' <Predicate = true> <Delay = 0.00> <CoreInst = "LogicGate">   --->   Core 74 'LogicGate' <Latency = 0> <II = 1> <Delay = 0.28> <FuncUnit> <Opcode : 'and' 'or' 'xor'> <InPorts = 2> <OutPorts = 1>
ST_1 : Operation 38 [1/1] (0.36ns) (out node of the LUT)   --->   "%select_ln66_4 = select i1 %xor_ln66_4, i37 %data_array_6, i37 %data_array_7" [firmware/nnet_utils/nnet_common.h:66->firmware/nnet_utils/nnet_common.h:44->firmware/nnet_utils/nnet_common.h:46->firmware/nnet_utils/nnet_common.h:46->firmware/nnet_utils/nnet_common.h:46->firmware/nnet_utils/nnet_activation_stream.h:208]   --->   Operation 38 'select' 'select_ln66_4' <Predicate = true> <Delay = 0.36> <CoreInst = "Sel">   --->   Core 73 'Sel' <Latency = 0> <II = 1> <Delay = 0.36> <FuncUnit> <Opcode : 'select'> <InPorts = 3> <OutPorts = 1>
ST_1 : Operation 39 [1/1] (0.00ns)   --->   "%trunc_ln213 = trunc i370 %layer21_out_read" [firmware/nnet_utils/nnet_activation_stream.h:213]   --->   Operation 39 'trunc' 'trunc_ln213' <Predicate = true> <Delay = 0.00>
ST_1 : Operation 40 [1/1] (0.00ns)   --->   "%trunc_ln213_2 = partselect i36 @_ssdm_op_PartSelect.i36.i370.i32.i32, i370 %layer21_out_read, i32 37, i32 72" [firmware/nnet_utils/nnet_activation_stream.h:213]   --->   Operation 40 'partselect' 'trunc_ln213_2' <Predicate = true> <Delay = 0.00>
ST_1 : Operation 41 [1/1] (0.00ns)   --->   "%trunc_ln213_3 = partselect i36 @_ssdm_op_PartSelect.i36.i370.i32.i32, i370 %layer21_out_read, i32 74, i32 109" [firmware/nnet_utils/nnet_activation_stream.h:213]   --->   Operation 41 'partselect' 'trunc_ln213_3' <Predicate = true> <Delay = 0.00>
ST_1 : Operation 42 [1/1] (0.00ns)   --->   "%trunc_ln213_4 = partselect i36 @_ssdm_op_PartSelect.i36.i370.i32.i32, i370 %layer21_out_read, i32 111, i32 146" [firmware/nnet_utils/nnet_activation_stream.h:213]   --->   Operation 42 'partselect' 'trunc_ln213_4' <Predicate = true> <Delay = 0.00>
ST_1 : Operation 43 [1/1] (0.00ns)   --->   "%trunc_ln213_5 = partselect i36 @_ssdm_op_PartSelect.i36.i370.i32.i32, i370 %layer21_out_read, i32 148, i32 183" [firmware/nnet_utils/nnet_activation_stream.h:213]   --->   Operation 43 'partselect' 'trunc_ln213_5' <Predicate = true> <Delay = 0.00>
ST_1 : Operation 44 [1/1] (0.00ns)   --->   "%trunc_ln213_6 = partselect i36 @_ssdm_op_PartSelect.i36.i370.i32.i32, i370 %layer21_out_read, i32 185, i32 220" [firmware/nnet_utils/nnet_activation_stream.h:213]   --->   Operation 44 'partselect' 'trunc_ln213_6' <Predicate = true> <Delay = 0.00>
ST_1 : Operation 45 [1/1] (0.00ns)   --->   "%trunc_ln213_7 = partselect i36 @_ssdm_op_PartSelect.i36.i370.i32.i32, i370 %layer21_out_read, i32 222, i32 257" [firmware/nnet_utils/nnet_activation_stream.h:213]   --->   Operation 45 'partselect' 'trunc_ln213_7' <Predicate = true> <Delay = 0.00>
ST_1 : Operation 46 [1/1] (0.00ns)   --->   "%trunc_ln213_8 = partselect i36 @_ssdm_op_PartSelect.i36.i370.i32.i32, i370 %layer21_out_read, i32 259, i32 294" [firmware/nnet_utils/nnet_activation_stream.h:213]   --->   Operation 46 'partselect' 'trunc_ln213_8' <Predicate = true> <Delay = 0.00>
ST_1 : Operation 47 [1/1] (0.00ns)   --->   "%trunc_ln213_9 = partselect i36 @_ssdm_op_PartSelect.i36.i370.i32.i32, i370 %layer21_out_read, i32 296, i32 331" [firmware/nnet_utils/nnet_activation_stream.h:213]   --->   Operation 47 'partselect' 'trunc_ln213_9' <Predicate = true> <Delay = 0.00>
ST_1 : Operation 48 [1/1] (0.00ns)   --->   "%trunc_ln213_s = partselect i36 @_ssdm_op_PartSelect.i36.i370.i32.i32, i370 %layer21_out_read, i32 333, i32 368" [firmware/nnet_utils/nnet_activation_stream.h:213]   --->   Operation 48 'partselect' 'trunc_ln213_s' <Predicate = true> <Delay = 0.00>

State 2 <SV = 1> <Delay = 2.41>
ST_2 : Operation 49 [1/2] (0.00ns)   --->   "%call_ln183 = call void @init_exp_table<ap_ufixed<36, 17, 5, 3, 0>, softmax_config23>, i16 %exp_table" [firmware/nnet_utils/nnet_activation_stream.h:183]   --->   Operation 49 'call' 'call_ln183' <Predicate = true> <Delay = 0.00> <CoreType = "Generic">   --->   Core 0 '' <Latency = 0> <II = 1> <Delay = 1.00> <Generic> <Opcode : >
ST_2 : Operation 50 [1/1] (1.02ns)   --->   "%icmp_ln66_2 = icmp_slt  i37 %select_ln66, i37 %select_ln66_1" [firmware/nnet_utils/nnet_common.h:66->firmware/nnet_utils/nnet_common.h:46->firmware/nnet_utils/nnet_common.h:46->firmware/nnet_utils/nnet_common.h:46->firmware/nnet_utils/nnet_activation_stream.h:208]   --->   Operation 50 'icmp' 'icmp_ln66_2' <Predicate = true> <Delay = 1.02> <CoreInst = "Cmp">   --->   Core 9 'Cmp' <Latency = 0> <II = 1> <Delay = 1.02> <FuncUnit> <Opcode : 'icmp'> <InPorts = 2> <OutPorts = 1>
ST_2 : Operation 51 [1/1] (0.00ns) (grouped into LUT with out node select_ln66_2)   --->   "%xor_ln66_2 = xor i1 %icmp_ln66_2, i1 1" [firmware/nnet_utils/nnet_common.h:66->firmware/nnet_utils/nnet_common.h:46->firmware/nnet_utils/nnet_common.h:46->firmware/nnet_utils/nnet_common.h:46->firmware/nnet_utils/nnet_activation_stream.h:208]   --->   Operation 51 'xor' 'xor_ln66_2' <Predicate = true> <Delay = 0.00> <CoreInst = "LogicGate">   --->   Core 74 'LogicGate' <Latency = 0> <II = 1> <Delay = 0.28> <FuncUnit> <Opcode : 'and' 'or' 'xor'> <InPorts = 2> <OutPorts = 1>
ST_2 : Operation 52 [1/1] (0.36ns) (out node of the LUT)   --->   "%select_ln66_2 = select i1 %xor_ln66_2, i37 %select_ln66, i37 %select_ln66_1" [firmware/nnet_utils/nnet_common.h:66->firmware/nnet_utils/nnet_common.h:46->firmware/nnet_utils/nnet_common.h:46->firmware/nnet_utils/nnet_common.h:46->firmware/nnet_utils/nnet_activation_stream.h:208]   --->   Operation 52 'select' 'select_ln66_2' <Predicate = true> <Delay = 0.36> <CoreInst = "Sel">   --->   Core 73 'Sel' <Latency = 0> <II = 1> <Delay = 0.36> <FuncUnit> <Opcode : 'select'> <InPorts = 3> <OutPorts = 1>
ST_2 : Operation 53 [1/1] (1.02ns)   --->   "%icmp_ln66_5 = icmp_slt  i37 %select_ln66_3, i37 %select_ln66_4" [firmware/nnet_utils/nnet_common.h:66->firmware/nnet_utils/nnet_common.h:46->firmware/nnet_utils/nnet_common.h:46->firmware/nnet_utils/nnet_common.h:46->firmware/nnet_utils/nnet_activation_stream.h:208]   --->   Operation 53 'icmp' 'icmp_ln66_5' <Predicate = true> <Delay = 1.02> <CoreInst = "Cmp">   --->   Core 9 'Cmp' <Latency = 0> <II = 1> <Delay = 1.02> <FuncUnit> <Opcode : 'icmp'> <InPorts = 2> <OutPorts = 1>
ST_2 : Operation 54 [1/1] (0.00ns) (grouped into LUT with out node select_ln66_5)   --->   "%xor_ln66_5 = xor i1 %icmp_ln66_5, i1 1" [firmware/nnet_utils/nnet_common.h:66->firmware/nnet_utils/nnet_common.h:46->firmware/nnet_utils/nnet_common.h:46->firmware/nnet_utils/nnet_common.h:46->firmware/nnet_utils/nnet_activation_stream.h:208]   --->   Operation 54 'xor' 'xor_ln66_5' <Predicate = true> <Delay = 0.00> <CoreInst = "LogicGate">   --->   Core 74 'LogicGate' <Latency = 0> <II = 1> <Delay = 0.28> <FuncUnit> <Opcode : 'and' 'or' 'xor'> <InPorts = 2> <OutPorts = 1>
ST_2 : Operation 55 [1/1] (0.36ns) (out node of the LUT)   --->   "%select_ln66_5 = select i1 %xor_ln66_5, i37 %select_ln66_3, i37 %select_ln66_4" [firmware/nnet_utils/nnet_common.h:66->firmware/nnet_utils/nnet_common.h:46->firmware/nnet_utils/nnet_common.h:46->firmware/nnet_utils/nnet_common.h:46->firmware/nnet_utils/nnet_activation_stream.h:208]   --->   Operation 55 'select' 'select_ln66_5' <Predicate = true> <Delay = 0.36> <CoreInst = "Sel">   --->   Core 73 'Sel' <Latency = 0> <II = 1> <Delay = 0.36> <FuncUnit> <Opcode : 'select'> <InPorts = 3> <OutPorts = 1>
ST_2 : Operation 56 [1/1] (1.02ns)   --->   "%icmp_ln66_6 = icmp_slt  i37 %select_ln66_2, i37 %select_ln66_5" [firmware/nnet_utils/nnet_common.h:66->firmware/nnet_utils/nnet_common.h:46->firmware/nnet_utils/nnet_common.h:46->firmware/nnet_utils/nnet_activation_stream.h:208]   --->   Operation 56 'icmp' 'icmp_ln66_6' <Predicate = true> <Delay = 1.02> <CoreInst = "Cmp">   --->   Core 9 'Cmp' <Latency = 0> <II = 1> <Delay = 1.02> <FuncUnit> <Opcode : 'icmp'> <InPorts = 2> <OutPorts = 1>
ST_2 : Operation 57 [1/1] (1.02ns)   --->   "%icmp_ln66_7 = icmp_slt  i37 %data_array_8, i37 %data_array_9" [firmware/nnet_utils/nnet_common.h:66->firmware/nnet_utils/nnet_common.h:44->firmware/nnet_utils/nnet_common.h:46->firmware/nnet_utils/nnet_activation_stream.h:208]   --->   Operation 57 'icmp' 'icmp_ln66_7' <Predicate = true> <Delay = 1.02> <CoreInst = "Cmp">   --->   Core 9 'Cmp' <Latency = 0> <II = 1> <Delay = 1.02> <FuncUnit> <Opcode : 'icmp'> <InPorts = 2> <OutPorts = 1>

State 3 <SV = 2> <Delay = 2.79>
ST_3 : Operation 58 [1/1] (0.00ns) (grouped into LUT with out node select_ln66_6)   --->   "%xor_ln66_6 = xor i1 %icmp_ln66_6, i1 1" [firmware/nnet_utils/nnet_common.h:66->firmware/nnet_utils/nnet_common.h:46->firmware/nnet_utils/nnet_common.h:46->firmware/nnet_utils/nnet_activation_stream.h:208]   --->   Operation 58 'xor' 'xor_ln66_6' <Predicate = true> <Delay = 0.00> <CoreInst = "LogicGate">   --->   Core 74 'LogicGate' <Latency = 0> <II = 1> <Delay = 0.28> <FuncUnit> <Opcode : 'and' 'or' 'xor'> <InPorts = 2> <OutPorts = 1>
ST_3 : Operation 59 [1/1] (0.36ns) (out node of the LUT)   --->   "%select_ln66_6 = select i1 %xor_ln66_6, i37 %select_ln66_2, i37 %select_ln66_5" [firmware/nnet_utils/nnet_common.h:66->firmware/nnet_utils/nnet_common.h:46->firmware/nnet_utils/nnet_common.h:46->firmware/nnet_utils/nnet_activation_stream.h:208]   --->   Operation 59 'select' 'select_ln66_6' <Predicate = true> <Delay = 0.36> <CoreInst = "Sel">   --->   Core 73 'Sel' <Latency = 0> <II = 1> <Delay = 0.36> <FuncUnit> <Opcode : 'select'> <InPorts = 3> <OutPorts = 1>
ST_3 : Operation 60 [1/1] (0.00ns) (grouped into LUT with out node select_ln66_7)   --->   "%xor_ln66_7 = xor i1 %icmp_ln66_7, i1 1" [firmware/nnet_utils/nnet_common.h:66->firmware/nnet_utils/nnet_common.h:44->firmware/nnet_utils/nnet_common.h:46->firmware/nnet_utils/nnet_activation_stream.h:208]   --->   Operation 60 'xor' 'xor_ln66_7' <Predicate = true> <Delay = 0.00> <CoreInst = "LogicGate">   --->   Core 74 'LogicGate' <Latency = 0> <II = 1> <Delay = 0.28> <FuncUnit> <Opcode : 'and' 'or' 'xor'> <InPorts = 2> <OutPorts = 1>
ST_3 : Operation 61 [1/1] (0.36ns) (out node of the LUT)   --->   "%select_ln66_7 = select i1 %xor_ln66_7, i37 %data_array_8, i37 %data_array_9" [firmware/nnet_utils/nnet_common.h:66->firmware/nnet_utils/nnet_common.h:44->firmware/nnet_utils/nnet_common.h:46->firmware/nnet_utils/nnet_activation_stream.h:208]   --->   Operation 61 'select' 'select_ln66_7' <Predicate = true> <Delay = 0.36> <CoreInst = "Sel">   --->   Core 73 'Sel' <Latency = 0> <II = 1> <Delay = 0.36> <FuncUnit> <Opcode : 'select'> <InPorts = 3> <OutPorts = 1>
ST_3 : Operation 62 [1/1] (1.02ns)   --->   "%icmp_ln66_8 = icmp_slt  i37 %select_ln66_6, i37 %select_ln66_7" [firmware/nnet_utils/nnet_common.h:66->firmware/nnet_utils/nnet_common.h:46->firmware/nnet_utils/nnet_activation_stream.h:208]   --->   Operation 62 'icmp' 'icmp_ln66_8' <Predicate = true> <Delay = 1.02> <CoreInst = "Cmp">   --->   Core 9 'Cmp' <Latency = 0> <II = 1> <Delay = 1.02> <FuncUnit> <Opcode : 'icmp'> <InPorts = 2> <OutPorts = 1>
ST_3 : Operation 63 [1/1] (0.00ns) (grouped into LUT with out node select_ln66_8)   --->   "%xor_ln66_8 = xor i1 %icmp_ln66_8, i1 1" [firmware/nnet_utils/nnet_common.h:66->firmware/nnet_utils/nnet_common.h:46->firmware/nnet_utils/nnet_activation_stream.h:208]   --->   Operation 63 'xor' 'xor_ln66_8' <Predicate = true> <Delay = 0.00> <CoreInst = "LogicGate">   --->   Core 74 'LogicGate' <Latency = 0> <II = 1> <Delay = 0.28> <FuncUnit> <Opcode : 'and' 'or' 'xor'> <InPorts = 2> <OutPorts = 1>
ST_3 : Operation 64 [1/1] (0.00ns) (grouped into LUT with out node select_ln66_8)   --->   "%trunc_ln66 = trunc i37 %select_ln66_6" [firmware/nnet_utils/nnet_common.h:66->firmware/nnet_utils/nnet_common.h:46->firmware/nnet_utils/nnet_activation_stream.h:208]   --->   Operation 64 'trunc' 'trunc_ln66' <Predicate = true> <Delay = 0.00>
ST_3 : Operation 65 [1/1] (0.00ns) (grouped into LUT with out node select_ln66_8)   --->   "%trunc_ln66_1 = trunc i37 %select_ln66_7" [firmware/nnet_utils/nnet_common.h:66->firmware/nnet_utils/nnet_common.h:46->firmware/nnet_utils/nnet_activation_stream.h:208]   --->   Operation 65 'trunc' 'trunc_ln66_1' <Predicate = true> <Delay = 0.00>
ST_3 : Operation 66 [1/1] (0.37ns) (out node of the LUT)   --->   "%select_ln66_8 = select i1 %xor_ln66_8, i36 %trunc_ln66, i36 %trunc_ln66_1" [firmware/nnet_utils/nnet_common.h:66->firmware/nnet_utils/nnet_common.h:46->firmware/nnet_utils/nnet_activation_stream.h:208]   --->   Operation 66 'select' 'select_ln66_8' <Predicate = true> <Delay = 0.37> <CoreInst = "Sel">   --->   Core 73 'Sel' <Latency = 0> <II = 1> <Delay = 0.37> <FuncUnit> <Opcode : 'select'> <InPorts = 3> <OutPorts = 1>
ST_3 : Operation 67 [1/1] (1.02ns)   --->   "%x = sub i36 %select_ln66_8, i36 %trunc_ln213" [firmware/nnet_utils/nnet_activation_stream.h:213]   --->   Operation 67 'sub' 'x' <Predicate = true> <Delay = 1.02> <CoreInst = "Adder">   --->   Core 1 'Adder' <Latency = 0> <II = 1> <Delay = 1.02> <FuncUnit> <Opcode : 'add' 'sub'> <InPorts = 2> <OutPorts = 1>
ST_3 : Operation 68 [1/1] (1.02ns)   --->   "%x_1 = sub i36 %select_ln66_8, i36 %trunc_ln213_2" [firmware/nnet_utils/nnet_activation_stream.h:213]   --->   Operation 68 'sub' 'x_1' <Predicate = true> <Delay = 1.02> <CoreInst = "Adder">   --->   Core 1 'Adder' <Latency = 0> <II = 1> <Delay = 1.02> <FuncUnit> <Opcode : 'add' 'sub'> <InPorts = 2> <OutPorts = 1>
ST_3 : Operation 69 [1/1] (1.02ns)   --->   "%x_2 = sub i36 %select_ln66_8, i36 %trunc_ln213_3" [firmware/nnet_utils/nnet_activation_stream.h:213]   --->   Operation 69 'sub' 'x_2' <Predicate = true> <Delay = 1.02> <CoreInst = "Adder">   --->   Core 1 'Adder' <Latency = 0> <II = 1> <Delay = 1.02> <FuncUnit> <Opcode : 'add' 'sub'> <InPorts = 2> <OutPorts = 1>
ST_3 : Operation 70 [1/1] (1.02ns)   --->   "%x_3 = sub i36 %select_ln66_8, i36 %trunc_ln213_4" [firmware/nnet_utils/nnet_activation_stream.h:213]   --->   Operation 70 'sub' 'x_3' <Predicate = true> <Delay = 1.02> <CoreInst = "Adder">   --->   Core 1 'Adder' <Latency = 0> <II = 1> <Delay = 1.02> <FuncUnit> <Opcode : 'add' 'sub'> <InPorts = 2> <OutPorts = 1>
ST_3 : Operation 71 [1/1] (1.02ns)   --->   "%x_4 = sub i36 %select_ln66_8, i36 %trunc_ln213_5" [firmware/nnet_utils/nnet_activation_stream.h:213]   --->   Operation 71 'sub' 'x_4' <Predicate = true> <Delay = 1.02> <CoreInst = "Adder">   --->   Core 1 'Adder' <Latency = 0> <II = 1> <Delay = 1.02> <FuncUnit> <Opcode : 'add' 'sub'> <InPorts = 2> <OutPorts = 1>
ST_3 : Operation 72 [1/1] (1.02ns)   --->   "%x_5 = sub i36 %select_ln66_8, i36 %trunc_ln213_6" [firmware/nnet_utils/nnet_activation_stream.h:213]   --->   Operation 72 'sub' 'x_5' <Predicate = true> <Delay = 1.02> <CoreInst = "Adder">   --->   Core 1 'Adder' <Latency = 0> <II = 1> <Delay = 1.02> <FuncUnit> <Opcode : 'add' 'sub'> <InPorts = 2> <OutPorts = 1>
ST_3 : Operation 73 [1/1] (1.02ns)   --->   "%x_6 = sub i36 %select_ln66_8, i36 %trunc_ln213_7" [firmware/nnet_utils/nnet_activation_stream.h:213]   --->   Operation 73 'sub' 'x_6' <Predicate = true> <Delay = 1.02> <CoreInst = "Adder">   --->   Core 1 'Adder' <Latency = 0> <II = 1> <Delay = 1.02> <FuncUnit> <Opcode : 'add' 'sub'> <InPorts = 2> <OutPorts = 1>
ST_3 : Operation 74 [1/1] (1.02ns)   --->   "%x_7 = sub i36 %select_ln66_8, i36 %trunc_ln213_8" [firmware/nnet_utils/nnet_activation_stream.h:213]   --->   Operation 74 'sub' 'x_7' <Predicate = true> <Delay = 1.02> <CoreInst = "Adder">   --->   Core 1 'Adder' <Latency = 0> <II = 1> <Delay = 1.02> <FuncUnit> <Opcode : 'add' 'sub'> <InPorts = 2> <OutPorts = 1>
ST_3 : Operation 75 [1/1] (1.02ns)   --->   "%x_8 = sub i36 %select_ln66_8, i36 %trunc_ln213_9" [firmware/nnet_utils/nnet_activation_stream.h:213]   --->   Operation 75 'sub' 'x_8' <Predicate = true> <Delay = 1.02> <CoreInst = "Adder">   --->   Core 1 'Adder' <Latency = 0> <II = 1> <Delay = 1.02> <FuncUnit> <Opcode : 'add' 'sub'> <InPorts = 2> <OutPorts = 1>
ST_3 : Operation 76 [1/1] (1.02ns)   --->   "%x_9 = sub i36 %select_ln66_8, i36 %trunc_ln213_s" [firmware/nnet_utils/nnet_activation_stream.h:213]   --->   Operation 76 'sub' 'x_9' <Predicate = true> <Delay = 1.02> <CoreInst = "Adder">   --->   Core 1 'Adder' <Latency = 0> <II = 1> <Delay = 1.02> <FuncUnit> <Opcode : 'add' 'sub'> <InPorts = 2> <OutPorts = 1>
ST_3 : Operation 77 [1/1] (0.00ns)   --->   "%tmp = partselect i10 @_ssdm_op_PartSelect.i10.i36.i32.i32, i36 %x, i32 26, i32 35" [firmware/nnet_utils/nnet_activation.h:145->firmware/nnet_utils/nnet_activation_stream.h:222]   --->   Operation 77 'partselect' 'tmp' <Predicate = true> <Delay = 0.00>
ST_3 : Operation 78 [1/1] (0.00ns)   --->   "%tmp_s = partselect i10 @_ssdm_op_PartSelect.i10.i36.i32.i32, i36 %x_1, i32 26, i32 35" [firmware/nnet_utils/nnet_activation.h:145->firmware/nnet_utils/nnet_activation_stream.h:222]   --->   Operation 78 'partselect' 'tmp_s' <Predicate = true> <Delay = 0.00>
ST_3 : Operation 79 [1/1] (0.00ns)   --->   "%tmp_1 = partselect i10 @_ssdm_op_PartSelect.i10.i36.i32.i32, i36 %x_2, i32 26, i32 35" [firmware/nnet_utils/nnet_activation.h:145->firmware/nnet_utils/nnet_activation_stream.h:222]   --->   Operation 79 'partselect' 'tmp_1' <Predicate = true> <Delay = 0.00>
ST_3 : Operation 80 [1/1] (0.00ns)   --->   "%tmp_2 = partselect i10 @_ssdm_op_PartSelect.i10.i36.i32.i32, i36 %x_3, i32 26, i32 35" [firmware/nnet_utils/nnet_activation.h:145->firmware/nnet_utils/nnet_activation_stream.h:222]   --->   Operation 80 'partselect' 'tmp_2' <Predicate = true> <Delay = 0.00>
ST_3 : Operation 81 [1/1] (0.00ns)   --->   "%tmp_3 = partselect i10 @_ssdm_op_PartSelect.i10.i36.i32.i32, i36 %x_4, i32 26, i32 35" [firmware/nnet_utils/nnet_activation.h:145->firmware/nnet_utils/nnet_activation_stream.h:222]   --->   Operation 81 'partselect' 'tmp_3' <Predicate = true> <Delay = 0.00>
ST_3 : Operation 82 [1/1] (0.00ns)   --->   "%tmp_4 = partselect i10 @_ssdm_op_PartSelect.i10.i36.i32.i32, i36 %x_5, i32 26, i32 35" [firmware/nnet_utils/nnet_activation.h:145->firmware/nnet_utils/nnet_activation_stream.h:222]   --->   Operation 82 'partselect' 'tmp_4' <Predicate = true> <Delay = 0.00>
ST_3 : Operation 83 [1/1] (0.00ns)   --->   "%tmp_5 = partselect i10 @_ssdm_op_PartSelect.i10.i36.i32.i32, i36 %x_6, i32 26, i32 35" [firmware/nnet_utils/nnet_activation.h:145->firmware/nnet_utils/nnet_activation_stream.h:222]   --->   Operation 83 'partselect' 'tmp_5' <Predicate = true> <Delay = 0.00>
ST_3 : Operation 84 [1/1] (0.00ns)   --->   "%tmp_6 = partselect i10 @_ssdm_op_PartSelect.i10.i36.i32.i32, i36 %x_7, i32 26, i32 35" [firmware/nnet_utils/nnet_activation.h:145->firmware/nnet_utils/nnet_activation_stream.h:222]   --->   Operation 84 'partselect' 'tmp_6' <Predicate = true> <Delay = 0.00>
ST_3 : Operation 85 [1/1] (0.00ns)   --->   "%tmp_7 = partselect i10 @_ssdm_op_PartSelect.i10.i36.i32.i32, i36 %x_8, i32 26, i32 35" [firmware/nnet_utils/nnet_activation.h:145->firmware/nnet_utils/nnet_activation_stream.h:222]   --->   Operation 85 'partselect' 'tmp_7' <Predicate = true> <Delay = 0.00>
ST_3 : Operation 86 [1/1] (0.00ns)   --->   "%tmp_8 = partselect i10 @_ssdm_op_PartSelect.i10.i36.i32.i32, i36 %x_9, i32 26, i32 35" [firmware/nnet_utils/nnet_activation.h:145->firmware/nnet_utils/nnet_activation_stream.h:222]   --->   Operation 86 'partselect' 'tmp_8' <Predicate = true> <Delay = 0.00>

State 4 <SV = 3> <Delay = 1.23>
ST_4 : Operation 87 [1/1] (0.00ns)   --->   "%zext_ln223 = zext i10 %tmp" [firmware/nnet_utils/nnet_activation_stream.h:223]   --->   Operation 87 'zext' 'zext_ln223' <Predicate = true> <Delay = 0.00>
ST_4 : Operation 88 [1/1] (0.00ns)   --->   "%exp_table_addr = getelementptr i16 %exp_table, i64 0, i64 %zext_ln223" [firmware/nnet_utils/nnet_activation_stream.h:223]   --->   Operation 88 'getelementptr' 'exp_table_addr' <Predicate = true> <Delay = 0.00>
ST_4 : Operation 89 [2/2] (1.23ns)   --->   "%exp_res = load i10 %exp_table_addr" [firmware/nnet_utils/nnet_activation_stream.h:223]   --->   Operation 89 'load' 'exp_res' <Predicate = true> <Delay = 1.23> <CoreInst = "RAM">   --->   Core 83 'RAM' <Latency = 1> <II = 1> <Delay = 1.23> <Storage> <Opcode : 'load' 'store'> <Ports = 2> <Width = 16> <Depth = 1024> <RAM>
ST_4 : Operation 90 [1/1] (0.00ns)   --->   "%zext_ln223_1 = zext i10 %tmp_s" [firmware/nnet_utils/nnet_activation_stream.h:223]   --->   Operation 90 'zext' 'zext_ln223_1' <Predicate = true> <Delay = 0.00>
ST_4 : Operation 91 [1/1] (0.00ns)   --->   "%exp_table_addr_1 = getelementptr i16 %exp_table, i64 0, i64 %zext_ln223_1" [firmware/nnet_utils/nnet_activation_stream.h:223]   --->   Operation 91 'getelementptr' 'exp_table_addr_1' <Predicate = true> <Delay = 0.00>
ST_4 : Operation 92 [2/2] (1.23ns)   --->   "%exp_res_1 = load i10 %exp_table_addr_1" [firmware/nnet_utils/nnet_activation_stream.h:223]   --->   Operation 92 'load' 'exp_res_1' <Predicate = true> <Delay = 1.23> <CoreInst = "RAM">   --->   Core 83 'RAM' <Latency = 1> <II = 1> <Delay = 1.23> <Storage> <Opcode : 'load' 'store'> <Ports = 2> <Width = 16> <Depth = 1024> <RAM>

State 5 <SV = 4> <Delay = 1.23>
ST_5 : Operation 93 [1/2] (1.23ns)   --->   "%exp_res = load i10 %exp_table_addr" [firmware/nnet_utils/nnet_activation_stream.h:223]   --->   Operation 93 'load' 'exp_res' <Predicate = true> <Delay = 1.23> <CoreInst = "RAM">   --->   Core 83 'RAM' <Latency = 1> <II = 1> <Delay = 1.23> <Storage> <Opcode : 'load' 'store'> <Ports = 2> <Width = 16> <Depth = 1024> <RAM>
ST_5 : Operation 94 [1/2] (1.23ns)   --->   "%exp_res_1 = load i10 %exp_table_addr_1" [firmware/nnet_utils/nnet_activation_stream.h:223]   --->   Operation 94 'load' 'exp_res_1' <Predicate = true> <Delay = 1.23> <CoreInst = "RAM">   --->   Core 83 'RAM' <Latency = 1> <II = 1> <Delay = 1.23> <Storage> <Opcode : 'load' 'store'> <Ports = 2> <Width = 16> <Depth = 1024> <RAM>
ST_5 : Operation 95 [1/1] (0.00ns)   --->   "%zext_ln223_2 = zext i10 %tmp_1" [firmware/nnet_utils/nnet_activation_stream.h:223]   --->   Operation 95 'zext' 'zext_ln223_2' <Predicate = true> <Delay = 0.00>
ST_5 : Operation 96 [1/1] (0.00ns)   --->   "%exp_table_addr_2 = getelementptr i16 %exp_table, i64 0, i64 %zext_ln223_2" [firmware/nnet_utils/nnet_activation_stream.h:223]   --->   Operation 96 'getelementptr' 'exp_table_addr_2' <Predicate = true> <Delay = 0.00>
ST_5 : Operation 97 [2/2] (1.23ns)   --->   "%exp_res_2 = load i10 %exp_table_addr_2" [firmware/nnet_utils/nnet_activation_stream.h:223]   --->   Operation 97 'load' 'exp_res_2' <Predicate = true> <Delay = 1.23> <CoreInst = "RAM">   --->   Core 83 'RAM' <Latency = 1> <II = 1> <Delay = 1.23> <Storage> <Opcode : 'load' 'store'> <Ports = 2> <Width = 16> <Depth = 1024> <RAM>
ST_5 : Operation 98 [1/1] (0.00ns)   --->   "%zext_ln223_3 = zext i10 %tmp_2" [firmware/nnet_utils/nnet_activation_stream.h:223]   --->   Operation 98 'zext' 'zext_ln223_3' <Predicate = true> <Delay = 0.00>
ST_5 : Operation 99 [1/1] (0.00ns)   --->   "%exp_table_addr_3 = getelementptr i16 %exp_table, i64 0, i64 %zext_ln223_3" [firmware/nnet_utils/nnet_activation_stream.h:223]   --->   Operation 99 'getelementptr' 'exp_table_addr_3' <Predicate = true> <Delay = 0.00>
ST_5 : Operation 100 [2/2] (1.23ns)   --->   "%exp_res_3 = load i10 %exp_table_addr_3" [firmware/nnet_utils/nnet_activation_stream.h:223]   --->   Operation 100 'load' 'exp_res_3' <Predicate = true> <Delay = 1.23> <CoreInst = "RAM">   --->   Core 83 'RAM' <Latency = 1> <II = 1> <Delay = 1.23> <Storage> <Opcode : 'load' 'store'> <Ports = 2> <Width = 16> <Depth = 1024> <RAM>

State 6 <SV = 5> <Delay = 1.23>
ST_6 : Operation 101 [1/2] (1.23ns)   --->   "%exp_res_2 = load i10 %exp_table_addr_2" [firmware/nnet_utils/nnet_activation_stream.h:223]   --->   Operation 101 'load' 'exp_res_2' <Predicate = true> <Delay = 1.23> <CoreInst = "RAM">   --->   Core 83 'RAM' <Latency = 1> <II = 1> <Delay = 1.23> <Storage> <Opcode : 'load' 'store'> <Ports = 2> <Width = 16> <Depth = 1024> <RAM>
ST_6 : Operation 102 [1/2] (1.23ns)   --->   "%exp_res_3 = load i10 %exp_table_addr_3" [firmware/nnet_utils/nnet_activation_stream.h:223]   --->   Operation 102 'load' 'exp_res_3' <Predicate = true> <Delay = 1.23> <CoreInst = "RAM">   --->   Core 83 'RAM' <Latency = 1> <II = 1> <Delay = 1.23> <Storage> <Opcode : 'load' 'store'> <Ports = 2> <Width = 16> <Depth = 1024> <RAM>
ST_6 : Operation 103 [1/1] (0.00ns)   --->   "%zext_ln223_4 = zext i10 %tmp_3" [firmware/nnet_utils/nnet_activation_stream.h:223]   --->   Operation 103 'zext' 'zext_ln223_4' <Predicate = true> <Delay = 0.00>
ST_6 : Operation 104 [1/1] (0.00ns)   --->   "%exp_table_addr_4 = getelementptr i16 %exp_table, i64 0, i64 %zext_ln223_4" [firmware/nnet_utils/nnet_activation_stream.h:223]   --->   Operation 104 'getelementptr' 'exp_table_addr_4' <Predicate = true> <Delay = 0.00>
ST_6 : Operation 105 [2/2] (1.23ns)   --->   "%exp_res_4 = load i10 %exp_table_addr_4" [firmware/nnet_utils/nnet_activation_stream.h:223]   --->   Operation 105 'load' 'exp_res_4' <Predicate = true> <Delay = 1.23> <CoreInst = "RAM">   --->   Core 83 'RAM' <Latency = 1> <II = 1> <Delay = 1.23> <Storage> <Opcode : 'load' 'store'> <Ports = 2> <Width = 16> <Depth = 1024> <RAM>
ST_6 : Operation 106 [1/1] (0.00ns)   --->   "%zext_ln223_5 = zext i10 %tmp_4" [firmware/nnet_utils/nnet_activation_stream.h:223]   --->   Operation 106 'zext' 'zext_ln223_5' <Predicate = true> <Delay = 0.00>
ST_6 : Operation 107 [1/1] (0.00ns)   --->   "%exp_table_addr_5 = getelementptr i16 %exp_table, i64 0, i64 %zext_ln223_5" [firmware/nnet_utils/nnet_activation_stream.h:223]   --->   Operation 107 'getelementptr' 'exp_table_addr_5' <Predicate = true> <Delay = 0.00>
ST_6 : Operation 108 [2/2] (1.23ns)   --->   "%exp_res_5 = load i10 %exp_table_addr_5" [firmware/nnet_utils/nnet_activation_stream.h:223]   --->   Operation 108 'load' 'exp_res_5' <Predicate = true> <Delay = 1.23> <CoreInst = "RAM">   --->   Core 83 'RAM' <Latency = 1> <II = 1> <Delay = 1.23> <Storage> <Opcode : 'load' 'store'> <Ports = 2> <Width = 16> <Depth = 1024> <RAM>

State 7 <SV = 6> <Delay = 1.23>
ST_7 : Operation 109 [1/2] (1.23ns)   --->   "%exp_res_4 = load i10 %exp_table_addr_4" [firmware/nnet_utils/nnet_activation_stream.h:223]   --->   Operation 109 'load' 'exp_res_4' <Predicate = true> <Delay = 1.23> <CoreInst = "RAM">   --->   Core 83 'RAM' <Latency = 1> <II = 1> <Delay = 1.23> <Storage> <Opcode : 'load' 'store'> <Ports = 2> <Width = 16> <Depth = 1024> <RAM>
ST_7 : Operation 110 [1/2] (1.23ns)   --->   "%exp_res_5 = load i10 %exp_table_addr_5" [firmware/nnet_utils/nnet_activation_stream.h:223]   --->   Operation 110 'load' 'exp_res_5' <Predicate = true> <Delay = 1.23> <CoreInst = "RAM">   --->   Core 83 'RAM' <Latency = 1> <II = 1> <Delay = 1.23> <Storage> <Opcode : 'load' 'store'> <Ports = 2> <Width = 16> <Depth = 1024> <RAM>
ST_7 : Operation 111 [1/1] (0.00ns)   --->   "%zext_ln223_6 = zext i10 %tmp_5" [firmware/nnet_utils/nnet_activation_stream.h:223]   --->   Operation 111 'zext' 'zext_ln223_6' <Predicate = true> <Delay = 0.00>
ST_7 : Operation 112 [1/1] (0.00ns)   --->   "%exp_table_addr_6 = getelementptr i16 %exp_table, i64 0, i64 %zext_ln223_6" [firmware/nnet_utils/nnet_activation_stream.h:223]   --->   Operation 112 'getelementptr' 'exp_table_addr_6' <Predicate = true> <Delay = 0.00>
ST_7 : Operation 113 [2/2] (1.23ns)   --->   "%exp_res_6 = load i10 %exp_table_addr_6" [firmware/nnet_utils/nnet_activation_stream.h:223]   --->   Operation 113 'load' 'exp_res_6' <Predicate = true> <Delay = 1.23> <CoreInst = "RAM">   --->   Core 83 'RAM' <Latency = 1> <II = 1> <Delay = 1.23> <Storage> <Opcode : 'load' 'store'> <Ports = 2> <Width = 16> <Depth = 1024> <RAM>
ST_7 : Operation 114 [1/1] (0.00ns)   --->   "%zext_ln223_7 = zext i10 %tmp_6" [firmware/nnet_utils/nnet_activation_stream.h:223]   --->   Operation 114 'zext' 'zext_ln223_7' <Predicate = true> <Delay = 0.00>
ST_7 : Operation 115 [1/1] (0.00ns)   --->   "%exp_table_addr_7 = getelementptr i16 %exp_table, i64 0, i64 %zext_ln223_7" [firmware/nnet_utils/nnet_activation_stream.h:223]   --->   Operation 115 'getelementptr' 'exp_table_addr_7' <Predicate = true> <Delay = 0.00>
ST_7 : Operation 116 [2/2] (1.23ns)   --->   "%exp_res_7 = load i10 %exp_table_addr_7" [firmware/nnet_utils/nnet_activation_stream.h:223]   --->   Operation 116 'load' 'exp_res_7' <Predicate = true> <Delay = 1.23> <CoreInst = "RAM">   --->   Core 83 'RAM' <Latency = 1> <II = 1> <Delay = 1.23> <Storage> <Opcode : 'load' 'store'> <Ports = 2> <Width = 16> <Depth = 1024> <RAM>

State 8 <SV = 7> <Delay = 1.23>
ST_8 : Operation 117 [1/2] (1.23ns)   --->   "%exp_res_6 = load i10 %exp_table_addr_6" [firmware/nnet_utils/nnet_activation_stream.h:223]   --->   Operation 117 'load' 'exp_res_6' <Predicate = true> <Delay = 1.23> <CoreInst = "RAM">   --->   Core 83 'RAM' <Latency = 1> <II = 1> <Delay = 1.23> <Storage> <Opcode : 'load' 'store'> <Ports = 2> <Width = 16> <Depth = 1024> <RAM>
ST_8 : Operation 118 [1/2] (1.23ns)   --->   "%exp_res_7 = load i10 %exp_table_addr_7" [firmware/nnet_utils/nnet_activation_stream.h:223]   --->   Operation 118 'load' 'exp_res_7' <Predicate = true> <Delay = 1.23> <CoreInst = "RAM">   --->   Core 83 'RAM' <Latency = 1> <II = 1> <Delay = 1.23> <Storage> <Opcode : 'load' 'store'> <Ports = 2> <Width = 16> <Depth = 1024> <RAM>
ST_8 : Operation 119 [1/1] (0.00ns)   --->   "%zext_ln223_8 = zext i10 %tmp_7" [firmware/nnet_utils/nnet_activation_stream.h:223]   --->   Operation 119 'zext' 'zext_ln223_8' <Predicate = true> <Delay = 0.00>
ST_8 : Operation 120 [1/1] (0.00ns)   --->   "%exp_table_addr_8 = getelementptr i16 %exp_table, i64 0, i64 %zext_ln223_8" [firmware/nnet_utils/nnet_activation_stream.h:223]   --->   Operation 120 'getelementptr' 'exp_table_addr_8' <Predicate = true> <Delay = 0.00>
ST_8 : Operation 121 [2/2] (1.23ns)   --->   "%exp_res_8 = load i10 %exp_table_addr_8" [firmware/nnet_utils/nnet_activation_stream.h:223]   --->   Operation 121 'load' 'exp_res_8' <Predicate = true> <Delay = 1.23> <CoreInst = "RAM">   --->   Core 83 'RAM' <Latency = 1> <II = 1> <Delay = 1.23> <Storage> <Opcode : 'load' 'store'> <Ports = 2> <Width = 16> <Depth = 1024> <RAM>
ST_8 : Operation 122 [1/1] (0.00ns)   --->   "%zext_ln223_9 = zext i10 %tmp_8" [firmware/nnet_utils/nnet_activation_stream.h:223]   --->   Operation 122 'zext' 'zext_ln223_9' <Predicate = true> <Delay = 0.00>
ST_8 : Operation 123 [1/1] (0.00ns)   --->   "%exp_table_addr_9 = getelementptr i16 %exp_table, i64 0, i64 %zext_ln223_9" [firmware/nnet_utils/nnet_activation_stream.h:223]   --->   Operation 123 'getelementptr' 'exp_table_addr_9' <Predicate = true> <Delay = 0.00>
ST_8 : Operation 124 [2/2] (1.23ns)   --->   "%exp_res_9 = load i10 %exp_table_addr_9" [firmware/nnet_utils/nnet_activation_stream.h:223]   --->   Operation 124 'load' 'exp_res_9' <Predicate = true> <Delay = 1.23> <CoreInst = "RAM">   --->   Core 83 'RAM' <Latency = 1> <II = 1> <Delay = 1.23> <Storage> <Opcode : 'load' 'store'> <Ports = 2> <Width = 16> <Depth = 1024> <RAM>

State 9 <SV = 8> <Delay = 1.23>
ST_9 : Operation 125 [1/2] (1.23ns)   --->   "%exp_res_8 = load i10 %exp_table_addr_8" [firmware/nnet_utils/nnet_activation_stream.h:223]   --->   Operation 125 'load' 'exp_res_8' <Predicate = true> <Delay = 1.23> <CoreInst = "RAM">   --->   Core 83 'RAM' <Latency = 1> <II = 1> <Delay = 1.23> <Storage> <Opcode : 'load' 'store'> <Ports = 2> <Width = 16> <Depth = 1024> <RAM>
ST_9 : Operation 126 [1/2] (1.23ns)   --->   "%exp_res_9 = load i10 %exp_table_addr_9" [firmware/nnet_utils/nnet_activation_stream.h:223]   --->   Operation 126 'load' 'exp_res_9' <Predicate = true> <Delay = 1.23> <CoreInst = "RAM">   --->   Core 83 'RAM' <Latency = 1> <II = 1> <Delay = 1.23> <Storage> <Opcode : 'load' 'store'> <Ports = 2> <Width = 16> <Depth = 1024> <RAM>

State 10 <SV = 9> <Delay = 3.29>
ST_10 : Operation 127 [1/1] (0.85ns)   --->   "%add_ln51 = add i16 %exp_res_9, i16 %exp_res_8" [firmware/nnet_utils/nnet_common.h:51->firmware/nnet_utils/nnet_common.h:46->firmware/nnet_utils/nnet_activation_stream.h:229]   --->   Operation 127 'add' 'add_ln51' <Predicate = true> <Delay = 0.85> <CoreInst = "Adder">   --->   Core 1 'Adder' <Latency = 0> <II = 1> <Delay = 0.85> <FuncUnit> <Opcode : 'add' 'sub'> <InPorts = 2> <OutPorts = 1>
ST_10 : Operation 128 [1/1] (0.00ns) (grouped into TernaryAdder)   --->   "%add_ln51_1 = add i16 %exp_res_6, i16 %exp_res_4" [firmware/nnet_utils/nnet_common.h:51->firmware/nnet_utils/nnet_common.h:46->firmware/nnet_utils/nnet_activation_stream.h:229]   --->   Operation 128 'add' 'add_ln51_1' <Predicate = true> <Delay = 0.00> <CoreInst = "TAddSub">   --->   Core 10 'TAddSub' <Latency = 0> <II = 1> <Delay = 0.34> <IPBlock> <Opcode : '' 'add' 'sub'> <InPorts = 3> <OutPorts = 1> <Sync> <CReg>
ST_10 : Operation 129 [1/1] (0.68ns) (root node of TernaryAdder)   --->   "%add_ln51_3 = add i16 %add_ln51_1, i16 %exp_res_7" [firmware/nnet_utils/nnet_common.h:51->firmware/nnet_utils/nnet_common.h:46->firmware/nnet_utils/nnet_activation_stream.h:229]   --->   Operation 129 'add' 'add_ln51_3' <Predicate = true> <Delay = 0.68> <CoreInst = "TAddSub">   --->   Core 10 'TAddSub' <Latency = 0> <II = 1> <Delay = 0.34> <IPBlock> <Opcode : '' 'add' 'sub'> <InPorts = 3> <OutPorts = 1> <Sync> <CReg>
ST_10 : Operation 130 [1/1] (0.00ns) (grouped into TernaryAdder)   --->   "%add_ln51_4 = add i16 %add_ln51_3, i16 %add_ln51" [firmware/nnet_utils/nnet_common.h:51->firmware/nnet_utils/nnet_common.h:46->firmware/nnet_utils/nnet_activation_stream.h:229]   --->   Operation 130 'add' 'add_ln51_4' <Predicate = true> <Delay = 0.00> <CoreInst = "TAddSub">   --->   Core 10 'TAddSub' <Latency = 0> <II = 1> <Delay = 0.34> <IPBlock> <Opcode : '' 'add' 'sub'> <InPorts = 3> <OutPorts = 1> <Sync> <CReg>
ST_10 : Operation 131 [1/1] (0.00ns) (grouped into TernaryAdder)   --->   "%add_ln51_5 = add i16 %exp_res_5, i16 %exp_res_3" [firmware/nnet_utils/nnet_common.h:51->firmware/nnet_utils/nnet_common.h:46->firmware/nnet_utils/nnet_activation_stream.h:229]   --->   Operation 131 'add' 'add_ln51_5' <Predicate = true> <Delay = 0.00> <CoreInst = "TAddSub">   --->   Core 10 'TAddSub' <Latency = 0> <II = 1> <Delay = 0.34> <IPBlock> <Opcode : '' 'add' 'sub'> <InPorts = 3> <OutPorts = 1> <Sync> <CReg>
ST_10 : Operation 132 [1/1] (0.00ns) (grouped into TernaryAdder)   --->   "%add_ln51_6 = add i16 %exp_res, i16 %exp_res_1" [firmware/nnet_utils/nnet_common.h:51->firmware/nnet_utils/nnet_common.h:46->firmware/nnet_utils/nnet_activation_stream.h:229]   --->   Operation 132 'add' 'add_ln51_6' <Predicate = true> <Delay = 0.00> <CoreInst = "TAddSub">   --->   Core 10 'TAddSub' <Latency = 0> <II = 1> <Delay = 0.34> <IPBlock> <Opcode : '' 'add' 'sub'> <InPorts = 3> <OutPorts = 1> <Sync> <CReg>
ST_10 : Operation 133 [1/1] (0.68ns) (root node of TernaryAdder)   --->   "%add_ln51_7 = add i16 %add_ln51_6, i16 %exp_res_2" [firmware/nnet_utils/nnet_common.h:51->firmware/nnet_utils/nnet_common.h:46->firmware/nnet_utils/nnet_activation_stream.h:229]   --->   Operation 133 'add' 'add_ln51_7' <Predicate = true> <Delay = 0.68> <CoreInst = "TAddSub">   --->   Core 10 'TAddSub' <Latency = 0> <II = 1> <Delay = 0.34> <IPBlock> <Opcode : '' 'add' 'sub'> <InPorts = 3> <OutPorts = 1> <Sync> <CReg>
ST_10 : Operation 134 [1/1] (0.68ns) (root node of TernaryAdder)   --->   "%add_ln51_8 = add i16 %add_ln51_7, i16 %add_ln51_5" [firmware/nnet_utils/nnet_common.h:51->firmware/nnet_utils/nnet_common.h:46->firmware/nnet_utils/nnet_activation_stream.h:229]   --->   Operation 134 'add' 'add_ln51_8' <Predicate = true> <Delay = 0.68> <CoreInst = "TAddSub">   --->   Core 10 'TAddSub' <Latency = 0> <II = 1> <Delay = 0.34> <IPBlock> <Opcode : '' 'add' 'sub'> <InPorts = 3> <OutPorts = 1> <Sync> <CReg>
ST_10 : Operation 135 [1/1] (0.68ns) (root node of TernaryAdder)   --->   "%add_ln51_2 = add i16 %add_ln51_8, i16 %add_ln51_4" [firmware/nnet_utils/nnet_common.h:51->firmware/nnet_utils/nnet_common.h:46->firmware/nnet_utils/nnet_activation_stream.h:229]   --->   Operation 135 'add' 'add_ln51_2' <Predicate = true> <Delay = 0.68> <CoreInst = "TAddSub">   --->   Core 10 'TAddSub' <Latency = 0> <II = 1> <Delay = 0.34> <IPBlock> <Opcode : '' 'add' 'sub'> <InPorts = 3> <OutPorts = 1> <Sync> <CReg>
ST_10 : Operation 136 [1/1] (0.00ns)   --->   "%tmp_9 = partselect i8 @_ssdm_op_PartSelect.i8.i16.i32.i32, i16 %add_ln51_2, i32 8, i32 15" [firmware/nnet_utils/nnet_activation.h:145->firmware/nnet_utils/nnet_activation_stream.h:232]   --->   Operation 136 'partselect' 'tmp_9' <Predicate = true> <Delay = 0.00>
ST_10 : Operation 137 [1/1] (0.00ns)   --->   "%sext_ln232 = sext i8 %tmp_9" [firmware/nnet_utils/nnet_activation_stream.h:232]   --->   Operation 137 'sext' 'sext_ln232' <Predicate = true> <Delay = 0.00>
ST_10 : Operation 138 [1/1] (0.00ns)   --->   "%zext_ln232 = zext i10 %sext_ln232" [firmware/nnet_utils/nnet_activation_stream.h:232]   --->   Operation 138 'zext' 'zext_ln232' <Predicate = true> <Delay = 0.00>
ST_10 : Operation 139 [1/1] (0.00ns)   --->   "%invert_table_addr = getelementptr i18 %invert_table, i64 0, i64 %zext_ln232" [firmware/nnet_utils/nnet_activation_stream.h:232]   --->   Operation 139 'getelementptr' 'invert_table_addr' <Predicate = true> <Delay = 0.00>
ST_10 : Operation 140 [2/2] (1.23ns)   --->   "%inv_exp_sum = load i10 %invert_table_addr" [firmware/nnet_utils/nnet_activation_stream.h:232]   --->   Operation 140 'load' 'inv_exp_sum' <Predicate = true> <Delay = 1.23> <CoreInst = "ROM">   --->   Core 101 'ROM' <Latency = 1> <II = 1> <Delay = 1.23> <Storage> <Opcode : 'load'> <Ports = 0> <Width = 18> <Depth = 1024> <ROM>

State 11 <SV = 10> <Delay = 1.23>
ST_11 : Operation 141 [1/2] (1.23ns)   --->   "%inv_exp_sum = load i10 %invert_table_addr" [firmware/nnet_utils/nnet_activation_stream.h:232]   --->   Operation 141 'load' 'inv_exp_sum' <Predicate = true> <Delay = 1.23> <CoreInst = "ROM">   --->   Core 101 'ROM' <Latency = 1> <II = 1> <Delay = 1.23> <Storage> <Opcode : 'load'> <Ports = 0> <Width = 18> <Depth = 1024> <ROM>

State 12 <SV = 11> <Delay = 2.45>
ST_12 : Operation 142 [1/1] (0.00ns)   --->   "%sext_ln241 = sext i18 %inv_exp_sum" [firmware/nnet_utils/nnet_activation_stream.h:241]   --->   Operation 142 'sext' 'sext_ln241' <Predicate = true> <Delay = 0.00>
ST_12 : Operation 143 [1/1] (0.00ns)   --->   "%sext_ln241_1 = sext i16 %exp_res" [firmware/nnet_utils/nnet_activation_stream.h:241]   --->   Operation 143 'sext' 'sext_ln241_1' <Predicate = true> <Delay = 0.00>
ST_12 : Operation 144 [1/1] (2.45ns)   --->   "%mul_ln241 = mul i26 %sext_ln241, i26 %sext_ln241_1" [firmware/nnet_utils/nnet_activation_stream.h:241]   --->   Operation 144 'mul' 'mul_ln241' <Predicate = true> <Delay = 2.45> <CoreInst = "Multiplier">   --->   Core 3 'Multiplier' <Latency = 0> <II = 1> <Delay = 2.45> <FuncUnit> <Opcode : 'mul'> <InPorts = 2> <OutPorts = 1>
ST_12 : Operation 145 [1/1] (0.00ns)   --->   "%trunc_ln1 = partselect i16 @_ssdm_op_PartSelect.i16.i26.i32.i32, i26 %mul_ln241, i32 10, i32 25" [firmware/nnet_utils/nnet_activation_stream.h:241]   --->   Operation 145 'partselect' 'trunc_ln1' <Predicate = true> <Delay = 0.00>
ST_12 : Operation 146 [1/1] (0.00ns)   --->   "%sext_ln241_2 = sext i16 %exp_res_1" [firmware/nnet_utils/nnet_activation_stream.h:241]   --->   Operation 146 'sext' 'sext_ln241_2' <Predicate = true> <Delay = 0.00>
ST_12 : Operation 147 [1/1] (2.45ns)   --->   "%mul_ln241_1 = mul i26 %sext_ln241, i26 %sext_ln241_2" [firmware/nnet_utils/nnet_activation_stream.h:241]   --->   Operation 147 'mul' 'mul_ln241_1' <Predicate = true> <Delay = 2.45> <CoreInst = "Multiplier">   --->   Core 3 'Multiplier' <Latency = 0> <II = 1> <Delay = 2.45> <FuncUnit> <Opcode : 'mul'> <InPorts = 2> <OutPorts = 1>
ST_12 : Operation 148 [1/1] (0.00ns)   --->   "%trunc_ln241_1 = partselect i16 @_ssdm_op_PartSelect.i16.i26.i32.i32, i26 %mul_ln241_1, i32 10, i32 25" [firmware/nnet_utils/nnet_activation_stream.h:241]   --->   Operation 148 'partselect' 'trunc_ln241_1' <Predicate = true> <Delay = 0.00>
ST_12 : Operation 149 [1/1] (0.00ns)   --->   "%sext_ln241_3 = sext i16 %exp_res_2" [firmware/nnet_utils/nnet_activation_stream.h:241]   --->   Operation 149 'sext' 'sext_ln241_3' <Predicate = true> <Delay = 0.00>
ST_12 : Operation 150 [1/1] (2.45ns)   --->   "%mul_ln241_2 = mul i26 %sext_ln241, i26 %sext_ln241_3" [firmware/nnet_utils/nnet_activation_stream.h:241]   --->   Operation 150 'mul' 'mul_ln241_2' <Predicate = true> <Delay = 2.45> <CoreInst = "Multiplier">   --->   Core 3 'Multiplier' <Latency = 0> <II = 1> <Delay = 2.45> <FuncUnit> <Opcode : 'mul'> <InPorts = 2> <OutPorts = 1>
ST_12 : Operation 151 [1/1] (0.00ns)   --->   "%trunc_ln241_2 = partselect i16 @_ssdm_op_PartSelect.i16.i26.i32.i32, i26 %mul_ln241_2, i32 10, i32 25" [firmware/nnet_utils/nnet_activation_stream.h:241]   --->   Operation 151 'partselect' 'trunc_ln241_2' <Predicate = true> <Delay = 0.00>
ST_12 : Operation 152 [1/1] (0.00ns)   --->   "%sext_ln241_4 = sext i16 %exp_res_3" [firmware/nnet_utils/nnet_activation_stream.h:241]   --->   Operation 152 'sext' 'sext_ln241_4' <Predicate = true> <Delay = 0.00>
ST_12 : Operation 153 [1/1] (2.45ns)   --->   "%mul_ln241_3 = mul i26 %sext_ln241, i26 %sext_ln241_4" [firmware/nnet_utils/nnet_activation_stream.h:241]   --->   Operation 153 'mul' 'mul_ln241_3' <Predicate = true> <Delay = 2.45> <CoreInst = "Multiplier">   --->   Core 3 'Multiplier' <Latency = 0> <II = 1> <Delay = 2.45> <FuncUnit> <Opcode : 'mul'> <InPorts = 2> <OutPorts = 1>
ST_12 : Operation 154 [1/1] (0.00ns)   --->   "%trunc_ln241_3 = partselect i16 @_ssdm_op_PartSelect.i16.i26.i32.i32, i26 %mul_ln241_3, i32 10, i32 25" [firmware/nnet_utils/nnet_activation_stream.h:241]   --->   Operation 154 'partselect' 'trunc_ln241_3' <Predicate = true> <Delay = 0.00>
ST_12 : Operation 155 [1/1] (0.00ns)   --->   "%sext_ln241_5 = sext i16 %exp_res_4" [firmware/nnet_utils/nnet_activation_stream.h:241]   --->   Operation 155 'sext' 'sext_ln241_5' <Predicate = true> <Delay = 0.00>
ST_12 : Operation 156 [1/1] (2.45ns)   --->   "%mul_ln241_4 = mul i26 %sext_ln241, i26 %sext_ln241_5" [firmware/nnet_utils/nnet_activation_stream.h:241]   --->   Operation 156 'mul' 'mul_ln241_4' <Predicate = true> <Delay = 2.45> <CoreInst = "Multiplier">   --->   Core 3 'Multiplier' <Latency = 0> <II = 1> <Delay = 2.45> <FuncUnit> <Opcode : 'mul'> <InPorts = 2> <OutPorts = 1>
ST_12 : Operation 157 [1/1] (0.00ns)   --->   "%trunc_ln241_4 = partselect i16 @_ssdm_op_PartSelect.i16.i26.i32.i32, i26 %mul_ln241_4, i32 10, i32 25" [firmware/nnet_utils/nnet_activation_stream.h:241]   --->   Operation 157 'partselect' 'trunc_ln241_4' <Predicate = true> <Delay = 0.00>
ST_12 : Operation 158 [1/1] (0.00ns)   --->   "%sext_ln241_6 = sext i16 %exp_res_5" [firmware/nnet_utils/nnet_activation_stream.h:241]   --->   Operation 158 'sext' 'sext_ln241_6' <Predicate = true> <Delay = 0.00>
ST_12 : Operation 159 [1/1] (2.45ns)   --->   "%mul_ln241_5 = mul i26 %sext_ln241, i26 %sext_ln241_6" [firmware/nnet_utils/nnet_activation_stream.h:241]   --->   Operation 159 'mul' 'mul_ln241_5' <Predicate = true> <Delay = 2.45> <CoreInst = "Multiplier">   --->   Core 3 'Multiplier' <Latency = 0> <II = 1> <Delay = 2.45> <FuncUnit> <Opcode : 'mul'> <InPorts = 2> <OutPorts = 1>
ST_12 : Operation 160 [1/1] (0.00ns)   --->   "%trunc_ln241_5 = partselect i16 @_ssdm_op_PartSelect.i16.i26.i32.i32, i26 %mul_ln241_5, i32 10, i32 25" [firmware/nnet_utils/nnet_activation_stream.h:241]   --->   Operation 160 'partselect' 'trunc_ln241_5' <Predicate = true> <Delay = 0.00>
ST_12 : Operation 161 [1/1] (0.00ns)   --->   "%sext_ln241_7 = sext i16 %exp_res_6" [firmware/nnet_utils/nnet_activation_stream.h:241]   --->   Operation 161 'sext' 'sext_ln241_7' <Predicate = true> <Delay = 0.00>
ST_12 : Operation 162 [1/1] (2.45ns)   --->   "%mul_ln241_6 = mul i26 %sext_ln241, i26 %sext_ln241_7" [firmware/nnet_utils/nnet_activation_stream.h:241]   --->   Operation 162 'mul' 'mul_ln241_6' <Predicate = true> <Delay = 2.45> <CoreInst = "Multiplier">   --->   Core 3 'Multiplier' <Latency = 0> <II = 1> <Delay = 2.45> <FuncUnit> <Opcode : 'mul'> <InPorts = 2> <OutPorts = 1>
ST_12 : Operation 163 [1/1] (0.00ns)   --->   "%trunc_ln241_6 = partselect i16 @_ssdm_op_PartSelect.i16.i26.i32.i32, i26 %mul_ln241_6, i32 10, i32 25" [firmware/nnet_utils/nnet_activation_stream.h:241]   --->   Operation 163 'partselect' 'trunc_ln241_6' <Predicate = true> <Delay = 0.00>
ST_12 : Operation 164 [1/1] (0.00ns)   --->   "%sext_ln241_8 = sext i16 %exp_res_7" [firmware/nnet_utils/nnet_activation_stream.h:241]   --->   Operation 164 'sext' 'sext_ln241_8' <Predicate = true> <Delay = 0.00>
ST_12 : Operation 165 [1/1] (2.45ns)   --->   "%mul_ln241_7 = mul i26 %sext_ln241, i26 %sext_ln241_8" [firmware/nnet_utils/nnet_activation_stream.h:241]   --->   Operation 165 'mul' 'mul_ln241_7' <Predicate = true> <Delay = 2.45> <CoreInst = "Multiplier">   --->   Core 3 'Multiplier' <Latency = 0> <II = 1> <Delay = 2.45> <FuncUnit> <Opcode : 'mul'> <InPorts = 2> <OutPorts = 1>
ST_12 : Operation 166 [1/1] (0.00ns)   --->   "%trunc_ln241_7 = partselect i16 @_ssdm_op_PartSelect.i16.i26.i32.i32, i26 %mul_ln241_7, i32 10, i32 25" [firmware/nnet_utils/nnet_activation_stream.h:241]   --->   Operation 166 'partselect' 'trunc_ln241_7' <Predicate = true> <Delay = 0.00>
ST_12 : Operation 167 [1/1] (0.00ns)   --->   "%sext_ln241_9 = sext i16 %exp_res_8" [firmware/nnet_utils/nnet_activation_stream.h:241]   --->   Operation 167 'sext' 'sext_ln241_9' <Predicate = true> <Delay = 0.00>
ST_12 : Operation 168 [1/1] (2.45ns)   --->   "%mul_ln241_8 = mul i26 %sext_ln241, i26 %sext_ln241_9" [firmware/nnet_utils/nnet_activation_stream.h:241]   --->   Operation 168 'mul' 'mul_ln241_8' <Predicate = true> <Delay = 2.45> <CoreInst = "Multiplier">   --->   Core 3 'Multiplier' <Latency = 0> <II = 1> <Delay = 2.45> <FuncUnit> <Opcode : 'mul'> <InPorts = 2> <OutPorts = 1>
ST_12 : Operation 169 [1/1] (0.00ns)   --->   "%trunc_ln241_8 = partselect i16 @_ssdm_op_PartSelect.i16.i26.i32.i32, i26 %mul_ln241_8, i32 10, i32 25" [firmware/nnet_utils/nnet_activation_stream.h:241]   --->   Operation 169 'partselect' 'trunc_ln241_8' <Predicate = true> <Delay = 0.00>
ST_12 : Operation 170 [1/1] (0.00ns)   --->   "%sext_ln241_10 = sext i16 %exp_res_9" [firmware/nnet_utils/nnet_activation_stream.h:241]   --->   Operation 170 'sext' 'sext_ln241_10' <Predicate = true> <Delay = 0.00>
ST_12 : Operation 171 [1/1] (2.45ns)   --->   "%mul_ln241_9 = mul i26 %sext_ln241, i26 %sext_ln241_10" [firmware/nnet_utils/nnet_activation_stream.h:241]   --->   Operation 171 'mul' 'mul_ln241_9' <Predicate = true> <Delay = 2.45> <CoreInst = "Multiplier">   --->   Core 3 'Multiplier' <Latency = 0> <II = 1> <Delay = 2.45> <FuncUnit> <Opcode : 'mul'> <InPorts = 2> <OutPorts = 1>
ST_12 : Operation 172 [1/1] (0.00ns)   --->   "%trunc_ln241_9 = partselect i16 @_ssdm_op_PartSelect.i16.i26.i32.i32, i26 %mul_ln241_9, i32 10, i32 25" [firmware/nnet_utils/nnet_activation_stream.h:241]   --->   Operation 172 'partselect' 'trunc_ln241_9' <Predicate = true> <Delay = 0.00>

State 13 <SV = 12> <Delay = 1.66>
ST_13 : Operation 173 [1/1] (0.00ns)   --->   "%specinterface_ln0 = specinterface void @_ssdm_op_SpecInterface, i160 %output_local, void @empty_12, i32 0, i32 0, void @empty_1, i32 0, i32 0, void @empty_1, void @empty_1, void @empty_1, i32 0, i32 0, i32 0, i32 0, void @empty_1, void @empty_1, i32 4294967295, i32 0"   --->   Operation 173 'specinterface' 'specinterface_ln0' <Predicate = true> <Delay = 0.00>
ST_13 : Operation 174 [1/1] (0.00ns)   --->   "%specinterface_ln0 = specinterface void @_ssdm_op_SpecInterface, i370 %layer21_out, void @empty_12, i32 0, i32 0, void @empty_1, i32 0, i32 0, void @empty_1, void @empty_1, void @empty_1, i32 0, i32 0, i32 0, i32 0, void @empty_1, void @empty_1, i32 4294967295, i32 0"   --->   Operation 174 'specinterface' 'specinterface_ln0' <Predicate = true> <Delay = 0.00>
ST_13 : Operation 175 [1/1] (0.00ns)   --->   "%rbegin1 = specregionbegin i32 @_ssdm_op_SpecRegionBegin, void @empty_9" [firmware/nnet_utils/nnet_activation_stream.h:238]   --->   Operation 175 'specregionbegin' 'rbegin1' <Predicate = true> <Delay = 0.00>
ST_13 : Operation 176 [1/1] (0.00ns)   --->   "%specresourcelimit_ln242 = specresourcelimit void @_ssdm_op_SpecResourceLimit, i64 10, void @empty_2, void @empty_1, void @empty_1, void @empty_1" [firmware/nnet_utils/nnet_activation_stream.h:242]   --->   Operation 176 'specresourcelimit' 'specresourcelimit_ln242' <Predicate = true> <Delay = 0.00>
ST_13 : Operation 177 [1/1] (0.00ns)   --->   "%rend37 = specregionend i32 @_ssdm_op_SpecRegionEnd, void @empty_9, i32 %rbegin1" [firmware/nnet_utils/nnet_activation_stream.h:242]   --->   Operation 177 'specregionend' 'rend37' <Predicate = true> <Delay = 0.00>
ST_13 : Operation 178 [1/1] (0.00ns)   --->   "%rbegin2 = specregionbegin i32 @_ssdm_op_SpecRegionBegin, void @empty_8" [firmware/nnet_utils/nnet_activation_stream.h:238]   --->   Operation 178 'specregionbegin' 'rbegin2' <Predicate = true> <Delay = 0.00>
ST_13 : Operation 179 [1/1] (0.00ns)   --->   "%specresourcelimit_ln242 = specresourcelimit void @_ssdm_op_SpecResourceLimit, i64 10, void @empty_2, void @empty_1, void @empty_1, void @empty_1" [firmware/nnet_utils/nnet_activation_stream.h:242]   --->   Operation 179 'specresourcelimit' 'specresourcelimit_ln242' <Predicate = true> <Delay = 0.00>
ST_13 : Operation 180 [1/1] (0.00ns)   --->   "%rend35 = specregionend i32 @_ssdm_op_SpecRegionEnd, void @empty_8, i32 %rbegin2" [firmware/nnet_utils/nnet_activation_stream.h:242]   --->   Operation 180 'specregionend' 'rend35' <Predicate = true> <Delay = 0.00>
ST_13 : Operation 181 [1/1] (0.00ns)   --->   "%rbegin3 = specregionbegin i32 @_ssdm_op_SpecRegionBegin, void @empty_19" [firmware/nnet_utils/nnet_activation_stream.h:238]   --->   Operation 181 'specregionbegin' 'rbegin3' <Predicate = true> <Delay = 0.00>
ST_13 : Operation 182 [1/1] (0.00ns)   --->   "%specresourcelimit_ln242 = specresourcelimit void @_ssdm_op_SpecResourceLimit, i64 10, void @empty_2, void @empty_1, void @empty_1, void @empty_1" [firmware/nnet_utils/nnet_activation_stream.h:242]   --->   Operation 182 'specresourcelimit' 'specresourcelimit_ln242' <Predicate = true> <Delay = 0.00>
ST_13 : Operation 183 [1/1] (0.00ns)   --->   "%rend33 = specregionend i32 @_ssdm_op_SpecRegionEnd, void @empty_19, i32 %rbegin3" [firmware/nnet_utils/nnet_activation_stream.h:242]   --->   Operation 183 'specregionend' 'rend33' <Predicate = true> <Delay = 0.00>
ST_13 : Operation 184 [1/1] (0.00ns)   --->   "%rbegin4 = specregionbegin i32 @_ssdm_op_SpecRegionBegin, void @empty_20" [firmware/nnet_utils/nnet_activation_stream.h:238]   --->   Operation 184 'specregionbegin' 'rbegin4' <Predicate = true> <Delay = 0.00>
ST_13 : Operation 185 [1/1] (0.00ns)   --->   "%specresourcelimit_ln242 = specresourcelimit void @_ssdm_op_SpecResourceLimit, i64 10, void @empty_2, void @empty_1, void @empty_1, void @empty_1" [firmware/nnet_utils/nnet_activation_stream.h:242]   --->   Operation 185 'specresourcelimit' 'specresourcelimit_ln242' <Predicate = true> <Delay = 0.00>
ST_13 : Operation 186 [1/1] (0.00ns)   --->   "%rend31 = specregionend i32 @_ssdm_op_SpecRegionEnd, void @empty_20, i32 %rbegin4" [firmware/nnet_utils/nnet_activation_stream.h:242]   --->   Operation 186 'specregionend' 'rend31' <Predicate = true> <Delay = 0.00>
ST_13 : Operation 187 [1/1] (0.00ns)   --->   "%rbegin5 = specregionbegin i32 @_ssdm_op_SpecRegionBegin, void @empty_6" [firmware/nnet_utils/nnet_activation_stream.h:238]   --->   Operation 187 'specregionbegin' 'rbegin5' <Predicate = true> <Delay = 0.00>
ST_13 : Operation 188 [1/1] (0.00ns)   --->   "%specresourcelimit_ln242 = specresourcelimit void @_ssdm_op_SpecResourceLimit, i64 10, void @empty_2, void @empty_1, void @empty_1, void @empty_1" [firmware/nnet_utils/nnet_activation_stream.h:242]   --->   Operation 188 'specresourcelimit' 'specresourcelimit_ln242' <Predicate = true> <Delay = 0.00>
ST_13 : Operation 189 [1/1] (0.00ns)   --->   "%rend29 = specregionend i32 @_ssdm_op_SpecRegionEnd, void @empty_6, i32 %rbegin5" [firmware/nnet_utils/nnet_activation_stream.h:242]   --->   Operation 189 'specregionend' 'rend29' <Predicate = true> <Delay = 0.00>
ST_13 : Operation 190 [1/1] (0.00ns)   --->   "%rbegin6 = specregionbegin i32 @_ssdm_op_SpecRegionBegin, void @empty_5" [firmware/nnet_utils/nnet_activation_stream.h:238]   --->   Operation 190 'specregionbegin' 'rbegin6' <Predicate = true> <Delay = 0.00>
ST_13 : Operation 191 [1/1] (0.00ns)   --->   "%specresourcelimit_ln242 = specresourcelimit void @_ssdm_op_SpecResourceLimit, i64 10, void @empty_2, void @empty_1, void @empty_1, void @empty_1" [firmware/nnet_utils/nnet_activation_stream.h:242]   --->   Operation 191 'specresourcelimit' 'specresourcelimit_ln242' <Predicate = true> <Delay = 0.00>
ST_13 : Operation 192 [1/1] (0.00ns)   --->   "%rend27 = specregionend i32 @_ssdm_op_SpecRegionEnd, void @empty_5, i32 %rbegin6" [firmware/nnet_utils/nnet_activation_stream.h:242]   --->   Operation 192 'specregionend' 'rend27' <Predicate = true> <Delay = 0.00>
ST_13 : Operation 193 [1/1] (0.00ns)   --->   "%rbegin7 = specregionbegin i32 @_ssdm_op_SpecRegionBegin, void @empty_4" [firmware/nnet_utils/nnet_activation_stream.h:238]   --->   Operation 193 'specregionbegin' 'rbegin7' <Predicate = true> <Delay = 0.00>
ST_13 : Operation 194 [1/1] (0.00ns)   --->   "%specresourcelimit_ln242 = specresourcelimit void @_ssdm_op_SpecResourceLimit, i64 10, void @empty_2, void @empty_1, void @empty_1, void @empty_1" [firmware/nnet_utils/nnet_activation_stream.h:242]   --->   Operation 194 'specresourcelimit' 'specresourcelimit_ln242' <Predicate = true> <Delay = 0.00>
ST_13 : Operation 195 [1/1] (0.00ns)   --->   "%rend25 = specregionend i32 @_ssdm_op_SpecRegionEnd, void @empty_4, i32 %rbegin7" [firmware/nnet_utils/nnet_activation_stream.h:242]   --->   Operation 195 'specregionend' 'rend25' <Predicate = true> <Delay = 0.00>
ST_13 : Operation 196 [1/1] (0.00ns)   --->   "%rbegin8 = specregionbegin i32 @_ssdm_op_SpecRegionBegin, void @empty_3" [firmware/nnet_utils/nnet_activation_stream.h:238]   --->   Operation 196 'specregionbegin' 'rbegin8' <Predicate = true> <Delay = 0.00>
ST_13 : Operation 197 [1/1] (0.00ns)   --->   "%specresourcelimit_ln242 = specresourcelimit void @_ssdm_op_SpecResourceLimit, i64 10, void @empty_2, void @empty_1, void @empty_1, void @empty_1" [firmware/nnet_utils/nnet_activation_stream.h:242]   --->   Operation 197 'specresourcelimit' 'specresourcelimit_ln242' <Predicate = true> <Delay = 0.00>
ST_13 : Operation 198 [1/1] (0.00ns)   --->   "%rend23 = specregionend i32 @_ssdm_op_SpecRegionEnd, void @empty_3, i32 %rbegin8" [firmware/nnet_utils/nnet_activation_stream.h:242]   --->   Operation 198 'specregionend' 'rend23' <Predicate = true> <Delay = 0.00>
ST_13 : Operation 199 [1/1] (0.00ns)   --->   "%rbegin9 = specregionbegin i32 @_ssdm_op_SpecRegionBegin, void @empty_13" [firmware/nnet_utils/nnet_activation_stream.h:238]   --->   Operation 199 'specregionbegin' 'rbegin9' <Predicate = true> <Delay = 0.00>
ST_13 : Operation 200 [1/1] (0.00ns)   --->   "%specresourcelimit_ln242 = specresourcelimit void @_ssdm_op_SpecResourceLimit, i64 10, void @empty_2, void @empty_1, void @empty_1, void @empty_1" [firmware/nnet_utils/nnet_activation_stream.h:242]   --->   Operation 200 'specresourcelimit' 'specresourcelimit_ln242' <Predicate = true> <Delay = 0.00>
ST_13 : Operation 201 [1/1] (0.00ns)   --->   "%rend21 = specregionend i32 @_ssdm_op_SpecRegionEnd, void @empty_13, i32 %rbegin9" [firmware/nnet_utils/nnet_activation_stream.h:242]   --->   Operation 201 'specregionend' 'rend21' <Predicate = true> <Delay = 0.00>
ST_13 : Operation 202 [1/1] (0.00ns)   --->   "%rbegin = specregionbegin i32 @_ssdm_op_SpecRegionBegin, void @empty_7" [firmware/nnet_utils/nnet_activation_stream.h:238]   --->   Operation 202 'specregionbegin' 'rbegin' <Predicate = true> <Delay = 0.00>
ST_13 : Operation 203 [1/1] (0.00ns)   --->   "%specresourcelimit_ln242 = specresourcelimit void @_ssdm_op_SpecResourceLimit, i64 10, void @empty_2, void @empty_1, void @empty_1, void @empty_1" [firmware/nnet_utils/nnet_activation_stream.h:242]   --->   Operation 203 'specresourcelimit' 'specresourcelimit_ln242' <Predicate = true> <Delay = 0.00>
ST_13 : Operation 204 [1/1] (0.00ns)   --->   "%rend = specregionend i32 @_ssdm_op_SpecRegionEnd, void @empty_7, i32 %rbegin" [firmware/nnet_utils/nnet_activation_stream.h:242]   --->   Operation 204 'specregionend' 'rend' <Predicate = true> <Delay = 0.00>
ST_13 : Operation 205 [1/1] (0.00ns)   --->   "%p_s = bitconcatenate i160 @_ssdm_op_BitConcatenate.i160.i16.i16.i16.i16.i16.i16.i16.i16.i16.i16, i16 %trunc_ln241_9, i16 %trunc_ln241_8, i16 %trunc_ln241_7, i16 %trunc_ln241_6, i16 %trunc_ln241_5, i16 %trunc_ln241_4, i16 %trunc_ln241_3, i16 %trunc_ln241_2, i16 %trunc_ln241_1, i16 %trunc_ln1" [firmware/nnet_utils/nnet_activation_stream.h:243]   --->   Operation 205 'bitconcatenate' 'p_s' <Predicate = true> <Delay = 0.00>
ST_13 : Operation 206 [1/1] (1.66ns)   --->   "%write_ln243 = write void @_ssdm_op_Write.ap_fifo.volatile.i160P0A, i160 %output_local, i160 %p_s" [firmware/nnet_utils/nnet_activation_stream.h:243]   --->   Operation 206 'write' 'write_ln243' <Predicate = true> <Delay = 1.66> <CoreInst = "FIFO">   --->   Core 78 'FIFO' <Latency = 0> <II = 1> <Delay = 1.66> <Storage> <Opcode : 'read' 'write' 'nbread' 'nbwrite'> <Ports = 0> <Width = 160> <Depth = 10> <FIFO>
ST_13 : Operation 207 [1/1] (0.00ns)   --->   "%ret_ln245 = ret" [firmware/nnet_utils/nnet_activation_stream.h:245]   --->   Operation 207 'ret' 'ret_ln245' <Predicate = true> <Delay = 0.00>


============================================================
+ Verbose Summary: Timing violations
============================================================
Target clock period: 5.000ns, clock uncertainty: 1.350ns.

 <State 1>: 3.214ns
The critical path consists of the following:
	fifo read operation ('layer21_out_read', firmware/nnet_utils/nnet_activation_stream.h:198) on port 'layer21_out' (firmware/nnet_utils/nnet_activation_stream.h:198) [8]  (1.825 ns)
	'icmp' operation 1 bit ('icmp_ln66', firmware/nnet_utils/nnet_common.h:66->firmware/nnet_utils/nnet_common.h:44->firmware/nnet_utils/nnet_common.h:46->firmware/nnet_utils/nnet_common.h:46->firmware/nnet_utils/nnet_common.h:46->firmware/nnet_utils/nnet_activation_stream.h:208) [19]  (1.027 ns)
	'xor' operation 1 bit ('xor_ln66', firmware/nnet_utils/nnet_common.h:66->firmware/nnet_utils/nnet_common.h:44->firmware/nnet_utils/nnet_common.h:46->firmware/nnet_utils/nnet_common.h:46->firmware/nnet_utils/nnet_common.h:46->firmware/nnet_utils/nnet_activation_stream.h:208) [20]  (0.000 ns)
	'select' operation 37 bit ('select_ln66', firmware/nnet_utils/nnet_common.h:66->firmware/nnet_utils/nnet_common.h:44->firmware/nnet_utils/nnet_common.h:46->firmware/nnet_utils/nnet_common.h:46->firmware/nnet_utils/nnet_common.h:46->firmware/nnet_utils/nnet_activation_stream.h:208) [21]  (0.362 ns)

 <State 2>: 2.417ns
The critical path consists of the following:
	'icmp' operation 1 bit ('icmp_ln66_2', firmware/nnet_utils/nnet_common.h:66->firmware/nnet_utils/nnet_common.h:46->firmware/nnet_utils/nnet_common.h:46->firmware/nnet_utils/nnet_common.h:46->firmware/nnet_utils/nnet_activation_stream.h:208) [25]  (1.027 ns)
	'xor' operation 1 bit ('xor_ln66_2', firmware/nnet_utils/nnet_common.h:66->firmware/nnet_utils/nnet_common.h:46->firmware/nnet_utils/nnet_common.h:46->firmware/nnet_utils/nnet_common.h:46->firmware/nnet_utils/nnet_activation_stream.h:208) [26]  (0.000 ns)
	'select' operation 37 bit ('select_ln66_2', firmware/nnet_utils/nnet_common.h:66->firmware/nnet_utils/nnet_common.h:46->firmware/nnet_utils/nnet_common.h:46->firmware/nnet_utils/nnet_common.h:46->firmware/nnet_utils/nnet_activation_stream.h:208) [27]  (0.362 ns)
	'icmp' operation 1 bit ('icmp_ln66_6', firmware/nnet_utils/nnet_common.h:66->firmware/nnet_utils/nnet_common.h:46->firmware/nnet_utils/nnet_common.h:46->firmware/nnet_utils/nnet_activation_stream.h:208) [37]  (1.027 ns)

 <State 3>: 2.794ns
The critical path consists of the following:
	'xor' operation 1 bit ('xor_ln66_6', firmware/nnet_utils/nnet_common.h:66->firmware/nnet_utils/nnet_common.h:46->firmware/nnet_utils/nnet_common.h:46->firmware/nnet_utils/nnet_activation_stream.h:208) [38]  (0.000 ns)
	'select' operation 37 bit ('select_ln66_6', firmware/nnet_utils/nnet_common.h:66->firmware/nnet_utils/nnet_common.h:46->firmware/nnet_utils/nnet_common.h:46->firmware/nnet_utils/nnet_activation_stream.h:208) [39]  (0.362 ns)
	'icmp' operation 1 bit ('icmp_ln66_8', firmware/nnet_utils/nnet_common.h:66->firmware/nnet_utils/nnet_common.h:46->firmware/nnet_utils/nnet_activation_stream.h:208) [43]  (1.027 ns)
	'xor' operation 1 bit ('xor_ln66_8', firmware/nnet_utils/nnet_common.h:66->firmware/nnet_utils/nnet_common.h:46->firmware/nnet_utils/nnet_activation_stream.h:208) [44]  (0.000 ns)
	'select' operation 36 bit ('select_ln66_8', firmware/nnet_utils/nnet_common.h:66->firmware/nnet_utils/nnet_common.h:46->firmware/nnet_utils/nnet_activation_stream.h:208) [47]  (0.380 ns)
	'sub' operation 36 bit ('x', firmware/nnet_utils/nnet_activation_stream.h:213) [49]  (1.025 ns)

 <State 4>: 1.237ns
The critical path consists of the following:
	'getelementptr' operation 10 bit ('exp_table_addr', firmware/nnet_utils/nnet_activation_stream.h:223) [70]  (0.000 ns)
	'load' operation 16 bit ('exp_res', firmware/nnet_utils/nnet_activation_stream.h:223) on array 'exp_table', firmware/nnet_utils/nnet_activation_stream.h:173 [71]  (1.237 ns)

 <State 5>: 1.237ns
The critical path consists of the following:
	'load' operation 16 bit ('exp_res', firmware/nnet_utils/nnet_activation_stream.h:223) on array 'exp_table', firmware/nnet_utils/nnet_activation_stream.h:173 [71]  (1.237 ns)

 <State 6>: 1.237ns
The critical path consists of the following:
	'load' operation 16 bit ('exp_res', firmware/nnet_utils/nnet_activation_stream.h:223) on array 'exp_table', firmware/nnet_utils/nnet_activation_stream.h:173 [79]  (1.237 ns)

 <State 7>: 1.237ns
The critical path consists of the following:
	'load' operation 16 bit ('exp_res', firmware/nnet_utils/nnet_activation_stream.h:223) on array 'exp_table', firmware/nnet_utils/nnet_activation_stream.h:173 [87]  (1.237 ns)

 <State 8>: 1.237ns
The critical path consists of the following:
	'load' operation 16 bit ('exp_res', firmware/nnet_utils/nnet_activation_stream.h:223) on array 'exp_table', firmware/nnet_utils/nnet_activation_stream.h:173 [95]  (1.237 ns)

 <State 9>: 1.237ns
The critical path consists of the following:
	'load' operation 16 bit ('exp_res', firmware/nnet_utils/nnet_activation_stream.h:223) on array 'exp_table', firmware/nnet_utils/nnet_activation_stream.h:173 [103]  (1.237 ns)

 <State 10>: 3.298ns
The critical path consists of the following:
	'add' operation 16 bit ('add_ln51_6', firmware/nnet_utils/nnet_common.h:51->firmware/nnet_utils/nnet_common.h:46->firmware/nnet_utils/nnet_activation_stream.h:229) [113]  (0.000 ns)
	'add' operation 16 bit ('add_ln51_7', firmware/nnet_utils/nnet_common.h:51->firmware/nnet_utils/nnet_common.h:46->firmware/nnet_utils/nnet_activation_stream.h:229) [114]  (0.687 ns)
	'add' operation 16 bit ('add_ln51_8', firmware/nnet_utils/nnet_common.h:51->firmware/nnet_utils/nnet_common.h:46->firmware/nnet_utils/nnet_activation_stream.h:229) [115]  (0.687 ns)
	'add' operation 16 bit ('add_ln51_2', firmware/nnet_utils/nnet_common.h:51->firmware/nnet_utils/nnet_common.h:46->firmware/nnet_utils/nnet_activation_stream.h:229) [116]  (0.687 ns)
	'getelementptr' operation 10 bit ('invert_table_addr', firmware/nnet_utils/nnet_activation_stream.h:232) [120]  (0.000 ns)
	'load' operation 18 bit ('inv_exp_sum', firmware/nnet_utils/nnet_activation_stream.h:232) on array 'invert_table' [121]  (1.237 ns)

 <State 11>: 1.237ns
The critical path consists of the following:
	'load' operation 18 bit ('inv_exp_sum', firmware/nnet_utils/nnet_activation_stream.h:232) on array 'invert_table' [121]  (1.237 ns)

 <State 12>: 2.453ns
The critical path consists of the following:
	'mul' operation 26 bit ('mul_ln241', firmware/nnet_utils/nnet_activation_stream.h:241) [125]  (2.453 ns)

 <State 13>: 1.661ns
The critical path consists of the following:
	fifo write operation ('write_ln243', firmware/nnet_utils/nnet_activation_stream.h:243) on port 'output_local' (firmware/nnet_utils/nnet_activation_stream.h:243) [184]  (1.661 ns)


============================================================
+ Verbose Summary: Binding
============================================================
N/A
* FSMD analyzer results:
  - Output states:
 - Input state : 
  - Chain level:
	State 1
	State 2
	State 3
	State 4
	State 5
	State 6
	State 7
	State 8
	State 9
	State 10
	State 11
	State 12
	State 13


============================================================
+ Verbose Summary: Datapath Resource usage 
============================================================
N/A
