

================================================================
== Vitis HLS Report for 'zeropad2d_cl_array_array_ap_ufixed_8u_config26_Pipeline_PadBottomWidth'
================================================================
* Date:           Mon Mar 30 19:06:43 2026

* Version:        2023.2 (Build 4023990 on Oct 11 2023)
* Project:        myproject_prj
* Solution:       solution1 (Vivado IP Flow Target)
* Product family: zynquplus
* Target device:  xck26-sfvc784-2LV-c


================================================================
== Performance Estimates
================================================================
+ Timing: 
    * Summary: 
    +--------+---------+----------+------------+
    |  Clock |  Target | Estimated| Uncertainty|
    +--------+---------+----------+------------+
    |ap_clk  |  5.00 ns|  1.651 ns|     1.35 ns|
    +--------+---------+----------+------------+

+ Latency: 
    * Summary: 
    +---------+---------+-----------+-----------+-----+-----+---------+
    |  Latency (cycles) |   Latency (absolute)  |  Interval | Pipeline|
    |   min   |   max   |    min    |    max    | min | max |   Type  |
    +---------+---------+-----------+-----------+-----+-----+---------+
    |       12|       12|  60.000 ns|  60.000 ns|   12|   12|       no|
    +---------+---------+-----------+-----------+-----+-----+---------+

    + Detail: 
        * Instance: 
        N/A

        * Loop: 
        +------------------+---------+---------+----------+-----------+-----------+------+----------+
        |                  |  Latency (cycles) | Iteration|  Initiation Interval  | Trip |          |
        |     Loop Name    |   min   |   max   |  Latency |  achieved |   target  | Count| Pipelined|
        +------------------+---------+---------+----------+-----------+-----------+------+----------+
        |- PadBottomWidth  |       10|       10|         2|          1|          1|    10|       yes|
        +------------------+---------+---------+----------+-----------+-----------+------+----------+

============================================================
+ Verbose Summary: Synthesis Manager
============================================================
InlineROM: 1
ExposeGlobal: 0
============================================================
+ Verbose Summary: CDFG Model
============================================================
IsTopModel: 0
ResetActiveHigh: 1
IsCombinational: 0
IsDatapathOnly: 0
HasWiredReturn: 1
HasMFsm: 2
HasVarLatency: 1
IsPipeline: 0
IsRtlPipelined: 0
IsInstanceOverlapped: 0
IsDontTouch: 0
HasImplIP: 0
IsGatedGlobalClock: 0

+ Individual pipeline summary: 
  * Pipeline-0: initiation interval (II) = 1, depth = 2


============================================================
+ Verbose Summary: Schedule
============================================================
* Number of FSM states : 2
* Pipeline : 1
  Pipeline-0 : II = 1, D = 2, States = { 1 2 }
* Dataflow Pipeline: 0

* FSM state transitions: 
1 --> 2 
2 --> 

* FSM state operations: 

State 1 <SV = 0> <Delay = 1.65>
ST_1 : Operation 5 [1/1] (0.00ns)   --->   "%j_2 = alloca i32 1" [firmware/nnet_utils/nnet_padding_stream.h:77]   --->   Operation 5 'alloca' 'j_2' <Predicate = true> <Delay = 0.00>
ST_1 : Operation 6 [1/1] (0.00ns)   --->   "%specinterface_ln0 = specinterface void @_ssdm_op_SpecInterface, i128 %layer26_out, void @empty_12, i32 0, i32 0, void @empty_1, i32 0, i32 0, void @empty_1, void @empty_1, void @empty_1, i32 0, i32 0, i32 0, i32 0, void @empty_1, void @empty_1, i32 4294967295, i32 0"   --->   Operation 6 'specinterface' 'specinterface_ln0' <Predicate = true> <Delay = 0.00>
ST_1 : Operation 7 [1/1] (0.42ns)   --->   "%store_ln77 = store i4 0, i4 %j_2" [firmware/nnet_utils/nnet_padding_stream.h:77]   --->   Operation 7 'store' 'store_ln77' <Predicate = true> <Delay = 0.42>
ST_1 : Operation 8 [1/1] (0.00ns)   --->   "%br_ln0 = br void %for.inc50"   --->   Operation 8 'br' 'br_ln0' <Predicate = true> <Delay = 0.00>
ST_1 : Operation 9 [1/1] (0.00ns)   --->   "%j = load i4 %j_2" [firmware/nnet_utils/nnet_padding_stream.h:77]   --->   Operation 9 'load' 'j' <Predicate = true> <Delay = 0.00>
ST_1 : Operation 10 [1/1] (0.79ns)   --->   "%icmp_ln77 = icmp_eq  i4 %j, i4 10" [firmware/nnet_utils/nnet_padding_stream.h:77]   --->   Operation 10 'icmp' 'icmp_ln77' <Predicate = true> <Delay = 0.79> <CoreInst = "Cmp">   --->   Core 9 'Cmp' <Latency = 0> <II = 1> <Delay = 0.79> <FuncUnit> <Opcode : 'icmp'> <InPorts = 2> <OutPorts = 1>
ST_1 : Operation 11 [1/1] (0.79ns)   --->   "%j_3 = add i4 %j, i4 1" [firmware/nnet_utils/nnet_padding_stream.h:77]   --->   Operation 11 'add' 'j_3' <Predicate = true> <Delay = 0.79> <CoreInst = "Adder">   --->   Core 1 'Adder' <Latency = 0> <II = 1> <Delay = 0.79> <FuncUnit> <Opcode : 'add' 'sub'> <InPorts = 2> <OutPorts = 1>
ST_1 : Operation 12 [1/1] (0.00ns)   --->   "%br_ln77 = br i1 %icmp_ln77, void %for.inc50.split, void %for.end55.exitStub" [firmware/nnet_utils/nnet_padding_stream.h:77]   --->   Operation 12 'br' 'br_ln77' <Predicate = true> <Delay = 0.00>
ST_1 : Operation 13 [1/1] (0.42ns)   --->   "%store_ln77 = store i4 %j_3, i4 %j_2" [firmware/nnet_utils/nnet_padding_stream.h:77]   --->   Operation 13 'store' 'store_ln77' <Predicate = (!icmp_ln77)> <Delay = 0.42>
ST_1 : Operation 19 [1/1] (0.00ns)   --->   "%ret_ln0 = ret"   --->   Operation 19 'ret' 'ret_ln0' <Predicate = (icmp_ln77)> <Delay = 0.00>

State 2 <SV = 1> <Delay = 1.58>
ST_2 : Operation 14 [1/1] (0.00ns)   --->   "%specpipeline_ln77 = specpipeline void @_ssdm_op_SpecPipeline, i32 4294967295, i32 0, i32 0, i32 0, void @empty_1" [firmware/nnet_utils/nnet_padding_stream.h:77]   --->   Operation 14 'specpipeline' 'specpipeline_ln77' <Predicate = true> <Delay = 0.00>
ST_2 : Operation 15 [1/1] (0.00ns)   --->   "%speclooptripcount_ln77 = speclooptripcount void @_ssdm_op_SpecLoopTripCount, i64 10, i64 10, i64 10" [firmware/nnet_utils/nnet_padding_stream.h:77]   --->   Operation 15 'speclooptripcount' 'speclooptripcount_ln77' <Predicate = true> <Delay = 0.00>
ST_2 : Operation 16 [1/1] (0.00ns)   --->   "%specloopname_ln77 = specloopname void @_ssdm_op_SpecLoopName, void @empty_22" [firmware/nnet_utils/nnet_padding_stream.h:77]   --->   Operation 16 'specloopname' 'specloopname_ln77' <Predicate = true> <Delay = 0.00>
ST_2 : Operation 17 [1/1] (1.58ns)   --->   "%write_ln15 = write void @_ssdm_op_Write.ap_fifo.volatile.i128P0A, i128 %layer26_out, i128 0" [firmware/nnet_utils/nnet_padding_stream.h:15->firmware/nnet_utils/nnet_padding_stream.h:78]   --->   Operation 17 'write' 'write_ln15' <Predicate = true> <Delay = 1.58> <CoreInst = "FIFO">   --->   Core 78 'FIFO' <Latency = 0> <II = 1> <Delay = 1.58> <Storage> <Opcode : 'read' 'write' 'nbread' 'nbwrite'> <Ports = 0> <Width = 128> <Depth = 70> <FIFO>
ST_2 : Operation 18 [1/1] (0.00ns)   --->   "%br_ln77 = br void %for.inc50" [firmware/nnet_utils/nnet_padding_stream.h:77]   --->   Operation 18 'br' 'br_ln77' <Predicate = true> <Delay = 0.00>


============================================================
+ Verbose Summary: Timing violations
============================================================
Target clock period: 5.000ns, clock uncertainty: 1.350ns.

 <State 1>: 1.651ns
The critical path consists of the following:
	'store' operation 0 bit ('store_ln77', firmware/nnet_utils/nnet_padding_stream.h:77) of constant 0 on local variable 'j', firmware/nnet_utils/nnet_padding_stream.h:77 [4]  (0.427 ns)
	'load' operation 4 bit ('j', firmware/nnet_utils/nnet_padding_stream.h:77) on local variable 'j', firmware/nnet_utils/nnet_padding_stream.h:77 [7]  (0.000 ns)
	'icmp' operation 1 bit ('icmp_ln77', firmware/nnet_utils/nnet_padding_stream.h:77) [8]  (0.797 ns)
	'store' operation 0 bit ('store_ln77', firmware/nnet_utils/nnet_padding_stream.h:77) of variable 'j', firmware/nnet_utils/nnet_padding_stream.h:77 on local variable 'j', firmware/nnet_utils/nnet_padding_stream.h:77 [16]  (0.427 ns)

 <State 2>: 1.586ns
The critical path consists of the following:
	fifo write operation ('write_ln15', firmware/nnet_utils/nnet_padding_stream.h:15->firmware/nnet_utils/nnet_padding_stream.h:78) on port 'layer26_out' (firmware/nnet_utils/nnet_padding_stream.h:15->firmware/nnet_utils/nnet_padding_stream.h:78) [15]  (1.586 ns)


============================================================
+ Verbose Summary: Binding
============================================================
N/A
* FSMD analyzer results:
  - Output states:
 - Input state : 
  - Chain level:
	State 1
	State 2


============================================================
+ Verbose Summary: Datapath Resource usage 
============================================================
N/A
