

================================================================
== Vitis HLS Report for 'zeropad2d_cl_array_array_ap_ufixed_16_6_4_0_0_8u_config26_Pipeline_PadMain'
================================================================
* Date:           Mon Mar 30 19:07:08 2026

* Version:        2023.2 (Build 4023990 on Oct 11 2023)
* Project:        myproject_prj
* Solution:       solution1 (Vivado IP Flow Target)
* Product family: zynquplus
* Target device:  xck26-sfvc784-2LV-c


================================================================
== Performance Estimates
================================================================
+ Timing: 
    * Summary: 
    +--------+---------+----------+------------+
    |  Clock |  Target | Estimated| Uncertainty|
    +--------+---------+----------+------------+
    |ap_clk  |  5.00 ns|  1.813 ns|     1.35 ns|
    +--------+---------+----------+------------+

+ Latency: 
    * Summary: 
    +---------+---------+----------+----------+-----+-----+---------+
    |  Latency (cycles) |  Latency (absolute) |  Interval | Pipeline|
    |   min   |   max   |    min   |    max   | min | max |   Type  |
    +---------+---------+----------+----------+-----+-----+---------+
    |       52|       52|  0.260 us|  0.260 us|   52|   52|       no|
    +---------+---------+----------+----------+-----+-----+---------+

    + Detail: 
        * Instance: 
        N/A

        * Loop: 
        +-----------+---------+---------+----------+-----------+-----------+------+----------+
        |           |  Latency (cycles) | Iteration|  Initiation Interval  | Trip |          |
        | Loop Name |   min   |   max   |  Latency |  achieved |   target  | Count| Pipelined|
        +-----------+---------+---------+----------+-----------+-----------+------+----------+
        |- PadMain  |       50|       50|        11|         10|          1|     5|       yes|
        +-----------+---------+---------+----------+-----------+-----------+------+----------+



================================================================
== Utilization Estimates
================================================================
* Summary: 
+-----------------+---------+------+--------+--------+-----+
|       Name      | BRAM_18K|  DSP |   FF   |   LUT  | URAM|
+-----------------+---------+------+--------+--------+-----+
|DSP              |        -|     -|       -|       -|    -|
|Expression       |        -|     -|       0|      46|    -|
|FIFO             |        -|     -|       -|       -|    -|
|Instance         |        -|     -|       -|       -|    -|
|Memory           |        -|     -|       -|       -|    -|
|Multiplexer      |        -|     -|       -|     145|    -|
|Register         |        -|     -|     145|       -|    -|
+-----------------+---------+------+--------+--------+-----+
|Total            |        0|     0|     145|     191|    0|
+-----------------+---------+------+--------+--------+-----+
|Available        |      288|  1248|  234240|  117120|   64|
+-----------------+---------+------+--------+--------+-----+
|Utilization (%)  |        0|     0|      ~0|      ~0|    0|
+-----------------+---------+------+--------+--------+-----+

+ Detail: 
    * Instance: 
    N/A

    * DSP: 
    N/A

    * Memory: 
    N/A

    * FIFO: 
    N/A

    * Expression: 
    +-----------------------------------+----------+----+---+----+------------+------------+
    |           Variable Name           | Operation| DSP| FF| LUT| Bitwidth P0| Bitwidth P1|
    +-----------------------------------+----------+----+---+----+------------+------------+
    |i_2_fu_75_p2                       |         +|   0|  0|  10|           3|           1|
    |ap_block_pp0_stage0_01001          |       and|   0|  0|   2|           1|           1|
    |ap_block_pp0_stage1_01001          |       and|   0|  0|   2|           1|           1|
    |ap_block_pp0_stage2_01001          |       and|   0|  0|   2|           1|           1|
    |ap_block_pp0_stage3_01001          |       and|   0|  0|   2|           1|           1|
    |ap_block_pp0_stage4_01001          |       and|   0|  0|   2|           1|           1|
    |ap_block_pp0_stage5_01001          |       and|   0|  0|   2|           1|           1|
    |ap_block_pp0_stage6_01001          |       and|   0|  0|   2|           1|           1|
    |ap_block_pp0_stage7_01001          |       and|   0|  0|   2|           1|           1|
    |ap_block_pp0_stage8_01001          |       and|   0|  0|   2|           1|           1|
    |ap_block_pp0_stage9_01001          |       and|   0|  0|   2|           1|           1|
    |ap_block_state10_pp0_stage9_iter0  |       and|   0|  0|   2|           1|           1|
    |icmp_ln59_fu_69_p2                 |      icmp|   0|  0|  10|           3|           3|
    |ap_block_state2_pp0_stage1_iter0   |        or|   0|  0|   2|           1|           1|
    |ap_enable_pp0                      |       xor|   0|  0|   2|           1|           2|
    +-----------------------------------+----------+----+---+----+------------+------------+
    |Total                              |          |   0|  0|  46|          19|          18|
    +-----------------------------------+----------+----+---+----+------------+------------+

    * Multiplexer: 
    +-----------------------------+----+-----------+-----+-----------+
    |             Name            | LUT| Input Size| Bits| Total Bits|
    +-----------------------------+----+-----------+-----+-----------+
    |ap_NS_fsm                    |  59|         11|    1|         11|
    |ap_done_int                  |   9|          2|    1|          2|
    |ap_enable_reg_pp0_iter0      |   9|          2|    1|          2|
    |ap_enable_reg_pp0_iter0_reg  |   9|          2|    1|          2|
    |ap_enable_reg_pp0_iter1      |   9|          2|    1|          2|
    |ap_sig_allocacmp_i_1         |   9|          2|    3|          6|
    |i_fu_38                      |   9|          2|    3|          6|
    |layer11_out_blk_n            |   9|          2|    1|          2|
    |layer26_out_blk_n            |   9|          2|    1|          2|
    |layer26_out_din              |  14|          3|  128|        384|
    +-----------------------------+----+-----------+-----+-----------+
    |Total                        | 145|         30|  141|        419|
    +-----------------------------+----+-----------+-----+-----------+

    * Register: 
    +-----------------------------+-----+----+-----+-----------+
    |             Name            |  FF | LUT| Bits| Const Bits|
    +-----------------------------+-----+----+-----+-----------+
    |ap_CS_fsm                    |   10|   0|   10|          0|
    |ap_done_reg                  |    1|   0|    1|          0|
    |ap_enable_reg_pp0_iter0_reg  |    1|   0|    1|          0|
    |ap_enable_reg_pp0_iter1      |    1|   0|    1|          0|
    |i_fu_38                      |    3|   0|    3|          0|
    |icmp_ln59_reg_93             |    1|   0|    1|          0|
    |reg_56                       |  128|   0|  128|          0|
    +-----------------------------+-----+----+-----+-----------+
    |Total                        |  145|   0|  145|          0|
    +-----------------------------+-----+----+-----+-----------+



================================================================
== Interface
================================================================
* Summary: 
+----------------------------+-----+-----+------------+-------------------------------------------------------------------------------+--------------+
|          RTL Ports         | Dir | Bits|  Protocol  |                                 Source Object                                 |    C Type    |
+----------------------------+-----+-----+------------+-------------------------------------------------------------------------------+--------------+
|ap_clk                      |   in|    1|  ap_ctrl_hs|  zeropad2d_cl<array,array<ap_ufixed<16,6,4,0,0>,8u>,config26>_Pipeline_PadMain|  return value|
|ap_rst                      |   in|    1|  ap_ctrl_hs|  zeropad2d_cl<array,array<ap_ufixed<16,6,4,0,0>,8u>,config26>_Pipeline_PadMain|  return value|
|ap_start                    |   in|    1|  ap_ctrl_hs|  zeropad2d_cl<array,array<ap_ufixed<16,6,4,0,0>,8u>,config26>_Pipeline_PadMain|  return value|
|ap_done                     |  out|    1|  ap_ctrl_hs|  zeropad2d_cl<array,array<ap_ufixed<16,6,4,0,0>,8u>,config26>_Pipeline_PadMain|  return value|
|ap_idle                     |  out|    1|  ap_ctrl_hs|  zeropad2d_cl<array,array<ap_ufixed<16,6,4,0,0>,8u>,config26>_Pipeline_PadMain|  return value|
|ap_ready                    |  out|    1|  ap_ctrl_hs|  zeropad2d_cl<array,array<ap_ufixed<16,6,4,0,0>,8u>,config26>_Pipeline_PadMain|  return value|
|layer26_out_din             |  out|  128|     ap_fifo|                                                                    layer26_out|       pointer|
|layer26_out_num_data_valid  |   in|    8|     ap_fifo|                                                                    layer26_out|       pointer|
|layer26_out_fifo_cap        |   in|    8|     ap_fifo|                                                                    layer26_out|       pointer|
|layer26_out_full_n          |   in|    1|     ap_fifo|                                                                    layer26_out|       pointer|
|layer26_out_write           |  out|    1|     ap_fifo|                                                                    layer26_out|       pointer|
|layer11_out_dout            |   in|  128|     ap_fifo|                                                                    layer11_out|       pointer|
|layer11_out_num_data_valid  |   in|    7|     ap_fifo|                                                                    layer11_out|       pointer|
|layer11_out_fifo_cap        |   in|    7|     ap_fifo|                                                                    layer11_out|       pointer|
|layer11_out_empty_n         |   in|    1|     ap_fifo|                                                                    layer11_out|       pointer|
|layer11_out_read            |  out|    1|     ap_fifo|                                                                    layer11_out|       pointer|
+----------------------------+-----+-----+------------+-------------------------------------------------------------------------------+--------------+

============================================================
+ Verbose Summary: Synthesis Manager
============================================================
InlineROM: 1
ExposeGlobal: 0
============================================================
+ Verbose Summary: CDFG Model
============================================================
IsTopModel: 0
ResetActiveHigh: 1
IsCombinational: 2
IsDatapathOnly: 2
HasWiredReturn: 1
HasMFsm: 2
HasVarLatency: 1
IsPipeline: 0
IsRtlPipelined: 0
IsInstanceOverlapped: 0
IsDontTouch: 0
HasImplIP: 0
IsGatedGlobalClock: 0

+ Individual pipeline summary: 
  * Pipeline-0: initiation interval (II) = 10, depth = 11


============================================================
+ Verbose Summary: Schedule
============================================================
* Number of FSM states : 11
* Pipeline : 1
  Pipeline-0 : II = 10, D = 11, States = { 1 2 3 4 5 6 7 8 9 10 11 }
* Dataflow Pipeline: 0

* FSM state transitions: 
1 --> 2 
2 --> 3 
3 --> 4 
4 --> 5 
5 --> 6 
6 --> 7 
7 --> 8 
8 --> 9 
9 --> 10 
10 --> 11 
11 --> 

* FSM state operations: 

State 1 <SV = 0> <Delay = 1.52>
ST_1 : Operation 14 [1/1] (0.00ns)   --->   "%i = alloca i32 1" [firmware/nnet_utils/nnet_padding_stream.h:59]   --->   Operation 14 'alloca' 'i' <Predicate = true> <Delay = 0.00>
ST_1 : Operation 15 [1/1] (0.00ns)   --->   "%specinterface_ln0 = specinterface void @_ssdm_op_SpecInterface, i128 %layer11_out, void @empty_12, i32 0, i32 0, void @empty_1, i32 0, i32 0, void @empty_1, void @empty_1, void @empty_1, i32 0, i32 0, i32 0, i32 0, void @empty_1, void @empty_1, i32 4294967295, i32 0"   --->   Operation 15 'specinterface' 'specinterface_ln0' <Predicate = true> <Delay = 0.00>
ST_1 : Operation 16 [1/1] (0.00ns)   --->   "%specinterface_ln0 = specinterface void @_ssdm_op_SpecInterface, i128 %layer26_out, void @empty_12, i32 0, i32 0, void @empty_1, i32 0, i32 0, void @empty_1, void @empty_1, void @empty_1, i32 0, i32 0, i32 0, i32 0, void @empty_1, void @empty_1, i32 4294967295, i32 0"   --->   Operation 16 'specinterface' 'specinterface_ln0' <Predicate = true> <Delay = 0.00>
ST_1 : Operation 17 [1/1] (0.42ns)   --->   "%store_ln59 = store i3 0, i3 %i" [firmware/nnet_utils/nnet_padding_stream.h:59]   --->   Operation 17 'store' 'store_ln59' <Predicate = true> <Delay = 0.42>
ST_1 : Operation 18 [1/1] (0.00ns)   --->   "%br_ln0 = br void %PadLeft"   --->   Operation 18 'br' 'br_ln0' <Predicate = true> <Delay = 0.00>
ST_1 : Operation 19 [1/1] (0.00ns)   --->   "%i_1 = load i3 %i" [firmware/nnet_utils/nnet_padding_stream.h:59]   --->   Operation 19 'load' 'i_1' <Predicate = true> <Delay = 0.00>
ST_1 : Operation 20 [1/1] (0.67ns)   --->   "%icmp_ln59 = icmp_eq  i3 %i_1, i3 5" [firmware/nnet_utils/nnet_padding_stream.h:59]   --->   Operation 20 'icmp' 'icmp_ln59' <Predicate = true> <Delay = 0.67> <CoreInst = "Cmp">   --->   Core 9 'Cmp' <Latency = 0> <II = 1> <Delay = 0.67> <FuncUnit> <Opcode : 'icmp'> <InPorts = 2> <OutPorts = 1>
ST_1 : Operation 21 [1/1] (0.67ns)   --->   "%i_2 = add i3 %i_1, i3 1" [firmware/nnet_utils/nnet_padding_stream.h:59]   --->   Operation 21 'add' 'i_2' <Predicate = true> <Delay = 0.67> <CoreInst = "Adder">   --->   Core 1 'Adder' <Latency = 0> <II = 1> <Delay = 0.67> <FuncUnit> <Opcode : 'add' 'sub'> <InPorts = 2> <OutPorts = 1>
ST_1 : Operation 22 [1/1] (0.00ns)   --->   "%br_ln59 = br i1 %icmp_ln59, void %PadLeft.split, void %for.inc50.preheader.exitStub" [firmware/nnet_utils/nnet_padding_stream.h:59]   --->   Operation 22 'br' 'br_ln59' <Predicate = true> <Delay = 0.00>
ST_1 : Operation 23 [1/1] (0.42ns)   --->   "%store_ln59 = store i3 %i_2, i3 %i" [firmware/nnet_utils/nnet_padding_stream.h:59]   --->   Operation 23 'store' 'store_ln59' <Predicate = (!icmp_ln59)> <Delay = 0.42>
ST_1 : Operation 46 [1/1] (0.00ns)   --->   "%ret_ln0 = ret"   --->   Operation 46 'ret' 'ret_ln0' <Predicate = (icmp_ln59)> <Delay = 0.00>

State 2 <SV = 1> <Delay = 1.81>
ST_2 : Operation 24 [1/1] (1.58ns)   --->   "%write_ln15 = write void @_ssdm_op_Write.ap_fifo.volatile.i128P0A, i128 %layer26_out, i128 0" [firmware/nnet_utils/nnet_padding_stream.h:15->firmware/nnet_utils/nnet_padding_stream.h:62]   --->   Operation 24 'write' 'write_ln15' <Predicate = (!icmp_ln59)> <Delay = 1.58> <CoreInst = "FIFO">   --->   Core 78 'FIFO' <Latency = 0> <II = 1> <Delay = 1.58> <Storage> <Opcode : 'read' 'write' 'nbread' 'nbwrite'> <Ports = 0> <Width = 128> <Depth = 70> <FIFO>
ST_2 : Operation 25 [1/1] (1.81ns)   --->   "%layer11_out_read = read i128 @_ssdm_op_Read.ap_fifo.volatile.i128P0A, i128 %layer11_out" [firmware/nnet_utils/nnet_padding_stream.h:20->firmware/nnet_utils/nnet_padding_stream.h:66]   --->   Operation 25 'read' 'layer11_out_read' <Predicate = (!icmp_ln59)> <Delay = 1.81> <CoreInst = "FIFO">   --->   Core 78 'FIFO' <Latency = 0> <II = 1> <Delay = 1.81> <Storage> <Opcode : 'read' 'write' 'nbread' 'nbwrite'> <Ports = 0> <Width = 128> <Depth = 40> <FIFO>

State 3 <SV = 2> <Delay = 1.81>
ST_3 : Operation 26 [1/1] (1.58ns)   --->   "%write_ln26 = write void @_ssdm_op_Write.ap_fifo.volatile.i128P0A, i128 %layer26_out, i128 %layer11_out_read" [firmware/nnet_utils/nnet_padding_stream.h:26->firmware/nnet_utils/nnet_padding_stream.h:66]   --->   Operation 26 'write' 'write_ln26' <Predicate = (!icmp_ln59)> <Delay = 1.58> <CoreInst = "FIFO">   --->   Core 78 'FIFO' <Latency = 0> <II = 1> <Delay = 1.58> <Storage> <Opcode : 'read' 'write' 'nbread' 'nbwrite'> <Ports = 0> <Width = 128> <Depth = 70> <FIFO>
ST_3 : Operation 27 [1/1] (1.81ns)   --->   "%layer11_out_read_1 = read i128 @_ssdm_op_Read.ap_fifo.volatile.i128P0A, i128 %layer11_out" [firmware/nnet_utils/nnet_padding_stream.h:20->firmware/nnet_utils/nnet_padding_stream.h:66]   --->   Operation 27 'read' 'layer11_out_read_1' <Predicate = (!icmp_ln59)> <Delay = 1.81> <CoreInst = "FIFO">   --->   Core 78 'FIFO' <Latency = 0> <II = 1> <Delay = 1.81> <Storage> <Opcode : 'read' 'write' 'nbread' 'nbwrite'> <Ports = 0> <Width = 128> <Depth = 40> <FIFO>

State 4 <SV = 3> <Delay = 1.81>
ST_4 : Operation 28 [1/1] (1.58ns)   --->   "%write_ln26 = write void @_ssdm_op_Write.ap_fifo.volatile.i128P0A, i128 %layer26_out, i128 %layer11_out_read_1" [firmware/nnet_utils/nnet_padding_stream.h:26->firmware/nnet_utils/nnet_padding_stream.h:66]   --->   Operation 28 'write' 'write_ln26' <Predicate = (!icmp_ln59)> <Delay = 1.58> <CoreInst = "FIFO">   --->   Core 78 'FIFO' <Latency = 0> <II = 1> <Delay = 1.58> <Storage> <Opcode : 'read' 'write' 'nbread' 'nbwrite'> <Ports = 0> <Width = 128> <Depth = 70> <FIFO>
ST_4 : Operation 29 [1/1] (1.81ns)   --->   "%layer11_out_read_2 = read i128 @_ssdm_op_Read.ap_fifo.volatile.i128P0A, i128 %layer11_out" [firmware/nnet_utils/nnet_padding_stream.h:20->firmware/nnet_utils/nnet_padding_stream.h:66]   --->   Operation 29 'read' 'layer11_out_read_2' <Predicate = (!icmp_ln59)> <Delay = 1.81> <CoreInst = "FIFO">   --->   Core 78 'FIFO' <Latency = 0> <II = 1> <Delay = 1.81> <Storage> <Opcode : 'read' 'write' 'nbread' 'nbwrite'> <Ports = 0> <Width = 128> <Depth = 40> <FIFO>

State 5 <SV = 4> <Delay = 1.81>
ST_5 : Operation 30 [1/1] (1.58ns)   --->   "%write_ln26 = write void @_ssdm_op_Write.ap_fifo.volatile.i128P0A, i128 %layer26_out, i128 %layer11_out_read_2" [firmware/nnet_utils/nnet_padding_stream.h:26->firmware/nnet_utils/nnet_padding_stream.h:66]   --->   Operation 30 'write' 'write_ln26' <Predicate = (!icmp_ln59)> <Delay = 1.58> <CoreInst = "FIFO">   --->   Core 78 'FIFO' <Latency = 0> <II = 1> <Delay = 1.58> <Storage> <Opcode : 'read' 'write' 'nbread' 'nbwrite'> <Ports = 0> <Width = 128> <Depth = 70> <FIFO>
ST_5 : Operation 31 [1/1] (1.81ns)   --->   "%layer11_out_read_3 = read i128 @_ssdm_op_Read.ap_fifo.volatile.i128P0A, i128 %layer11_out" [firmware/nnet_utils/nnet_padding_stream.h:20->firmware/nnet_utils/nnet_padding_stream.h:66]   --->   Operation 31 'read' 'layer11_out_read_3' <Predicate = (!icmp_ln59)> <Delay = 1.81> <CoreInst = "FIFO">   --->   Core 78 'FIFO' <Latency = 0> <II = 1> <Delay = 1.81> <Storage> <Opcode : 'read' 'write' 'nbread' 'nbwrite'> <Ports = 0> <Width = 128> <Depth = 40> <FIFO>

State 6 <SV = 5> <Delay = 1.81>
ST_6 : Operation 32 [1/1] (1.58ns)   --->   "%write_ln26 = write void @_ssdm_op_Write.ap_fifo.volatile.i128P0A, i128 %layer26_out, i128 %layer11_out_read_3" [firmware/nnet_utils/nnet_padding_stream.h:26->firmware/nnet_utils/nnet_padding_stream.h:66]   --->   Operation 32 'write' 'write_ln26' <Predicate = (!icmp_ln59)> <Delay = 1.58> <CoreInst = "FIFO">   --->   Core 78 'FIFO' <Latency = 0> <II = 1> <Delay = 1.58> <Storage> <Opcode : 'read' 'write' 'nbread' 'nbwrite'> <Ports = 0> <Width = 128> <Depth = 70> <FIFO>
ST_6 : Operation 33 [1/1] (1.81ns)   --->   "%layer11_out_read_4 = read i128 @_ssdm_op_Read.ap_fifo.volatile.i128P0A, i128 %layer11_out" [firmware/nnet_utils/nnet_padding_stream.h:20->firmware/nnet_utils/nnet_padding_stream.h:66]   --->   Operation 33 'read' 'layer11_out_read_4' <Predicate = (!icmp_ln59)> <Delay = 1.81> <CoreInst = "FIFO">   --->   Core 78 'FIFO' <Latency = 0> <II = 1> <Delay = 1.81> <Storage> <Opcode : 'read' 'write' 'nbread' 'nbwrite'> <Ports = 0> <Width = 128> <Depth = 40> <FIFO>

State 7 <SV = 6> <Delay = 1.81>
ST_7 : Operation 34 [1/1] (1.58ns)   --->   "%write_ln26 = write void @_ssdm_op_Write.ap_fifo.volatile.i128P0A, i128 %layer26_out, i128 %layer11_out_read_4" [firmware/nnet_utils/nnet_padding_stream.h:26->firmware/nnet_utils/nnet_padding_stream.h:66]   --->   Operation 34 'write' 'write_ln26' <Predicate = (!icmp_ln59)> <Delay = 1.58> <CoreInst = "FIFO">   --->   Core 78 'FIFO' <Latency = 0> <II = 1> <Delay = 1.58> <Storage> <Opcode : 'read' 'write' 'nbread' 'nbwrite'> <Ports = 0> <Width = 128> <Depth = 70> <FIFO>
ST_7 : Operation 35 [1/1] (1.81ns)   --->   "%layer11_out_read_5 = read i128 @_ssdm_op_Read.ap_fifo.volatile.i128P0A, i128 %layer11_out" [firmware/nnet_utils/nnet_padding_stream.h:20->firmware/nnet_utils/nnet_padding_stream.h:66]   --->   Operation 35 'read' 'layer11_out_read_5' <Predicate = (!icmp_ln59)> <Delay = 1.81> <CoreInst = "FIFO">   --->   Core 78 'FIFO' <Latency = 0> <II = 1> <Delay = 1.81> <Storage> <Opcode : 'read' 'write' 'nbread' 'nbwrite'> <Ports = 0> <Width = 128> <Depth = 40> <FIFO>

State 8 <SV = 7> <Delay = 1.81>
ST_8 : Operation 36 [1/1] (1.58ns)   --->   "%write_ln26 = write void @_ssdm_op_Write.ap_fifo.volatile.i128P0A, i128 %layer26_out, i128 %layer11_out_read_5" [firmware/nnet_utils/nnet_padding_stream.h:26->firmware/nnet_utils/nnet_padding_stream.h:66]   --->   Operation 36 'write' 'write_ln26' <Predicate = (!icmp_ln59)> <Delay = 1.58> <CoreInst = "FIFO">   --->   Core 78 'FIFO' <Latency = 0> <II = 1> <Delay = 1.58> <Storage> <Opcode : 'read' 'write' 'nbread' 'nbwrite'> <Ports = 0> <Width = 128> <Depth = 70> <FIFO>
ST_8 : Operation 37 [1/1] (1.81ns)   --->   "%layer11_out_read_6 = read i128 @_ssdm_op_Read.ap_fifo.volatile.i128P0A, i128 %layer11_out" [firmware/nnet_utils/nnet_padding_stream.h:20->firmware/nnet_utils/nnet_padding_stream.h:66]   --->   Operation 37 'read' 'layer11_out_read_6' <Predicate = (!icmp_ln59)> <Delay = 1.81> <CoreInst = "FIFO">   --->   Core 78 'FIFO' <Latency = 0> <II = 1> <Delay = 1.81> <Storage> <Opcode : 'read' 'write' 'nbread' 'nbwrite'> <Ports = 0> <Width = 128> <Depth = 40> <FIFO>

State 9 <SV = 8> <Delay = 1.81>
ST_9 : Operation 38 [1/1] (1.58ns)   --->   "%write_ln26 = write void @_ssdm_op_Write.ap_fifo.volatile.i128P0A, i128 %layer26_out, i128 %layer11_out_read_6" [firmware/nnet_utils/nnet_padding_stream.h:26->firmware/nnet_utils/nnet_padding_stream.h:66]   --->   Operation 38 'write' 'write_ln26' <Predicate = (!icmp_ln59)> <Delay = 1.58> <CoreInst = "FIFO">   --->   Core 78 'FIFO' <Latency = 0> <II = 1> <Delay = 1.58> <Storage> <Opcode : 'read' 'write' 'nbread' 'nbwrite'> <Ports = 0> <Width = 128> <Depth = 70> <FIFO>
ST_9 : Operation 39 [1/1] (1.81ns)   --->   "%layer11_out_read_7 = read i128 @_ssdm_op_Read.ap_fifo.volatile.i128P0A, i128 %layer11_out" [firmware/nnet_utils/nnet_padding_stream.h:20->firmware/nnet_utils/nnet_padding_stream.h:66]   --->   Operation 39 'read' 'layer11_out_read_7' <Predicate = (!icmp_ln59)> <Delay = 1.81> <CoreInst = "FIFO">   --->   Core 78 'FIFO' <Latency = 0> <II = 1> <Delay = 1.81> <Storage> <Opcode : 'read' 'write' 'nbread' 'nbwrite'> <Ports = 0> <Width = 128> <Depth = 40> <FIFO>

State 10 <SV = 9> <Delay = 1.58>
ST_10 : Operation 40 [1/1] (1.58ns)   --->   "%write_ln26 = write void @_ssdm_op_Write.ap_fifo.volatile.i128P0A, i128 %layer26_out, i128 %layer11_out_read_7" [firmware/nnet_utils/nnet_padding_stream.h:26->firmware/nnet_utils/nnet_padding_stream.h:66]   --->   Operation 40 'write' 'write_ln26' <Predicate = (!icmp_ln59)> <Delay = 1.58> <CoreInst = "FIFO">   --->   Core 78 'FIFO' <Latency = 0> <II = 1> <Delay = 1.58> <Storage> <Opcode : 'read' 'write' 'nbread' 'nbwrite'> <Ports = 0> <Width = 128> <Depth = 70> <FIFO>

State 11 <SV = 10> <Delay = 1.58>
ST_11 : Operation 41 [1/1] (0.00ns)   --->   "%specpipeline_ln59 = specpipeline void @_ssdm_op_SpecPipeline, i32 4294967295, i32 0, i32 0, i32 0, void @empty_1" [firmware/nnet_utils/nnet_padding_stream.h:59]   --->   Operation 41 'specpipeline' 'specpipeline_ln59' <Predicate = true> <Delay = 0.00>
ST_11 : Operation 42 [1/1] (0.00ns)   --->   "%speclooptripcount_ln59 = speclooptripcount void @_ssdm_op_SpecLoopTripCount, i64 5, i64 5, i64 5" [firmware/nnet_utils/nnet_padding_stream.h:59]   --->   Operation 42 'speclooptripcount' 'speclooptripcount_ln59' <Predicate = true> <Delay = 0.00>
ST_11 : Operation 43 [1/1] (0.00ns)   --->   "%specloopname_ln59 = specloopname void @_ssdm_op_SpecLoopName, void @empty_21" [firmware/nnet_utils/nnet_padding_stream.h:59]   --->   Operation 43 'specloopname' 'specloopname_ln59' <Predicate = true> <Delay = 0.00>
ST_11 : Operation 44 [1/1] (1.58ns)   --->   "%write_ln15 = write void @_ssdm_op_Write.ap_fifo.volatile.i128P0A, i128 %layer26_out, i128 0" [firmware/nnet_utils/nnet_padding_stream.h:15->firmware/nnet_utils/nnet_padding_stream.h:70]   --->   Operation 44 'write' 'write_ln15' <Predicate = true> <Delay = 1.58> <CoreInst = "FIFO">   --->   Core 78 'FIFO' <Latency = 0> <II = 1> <Delay = 1.58> <Storage> <Opcode : 'read' 'write' 'nbread' 'nbwrite'> <Ports = 0> <Width = 128> <Depth = 70> <FIFO>
ST_11 : Operation 45 [1/1] (0.00ns)   --->   "%br_ln59 = br void %PadLeft" [firmware/nnet_utils/nnet_padding_stream.h:59]   --->   Operation 45 'br' 'br_ln59' <Predicate = true> <Delay = 0.00>


============================================================
+ Verbose Summary: Binding
============================================================
STG Binding: 
---------------- STG Properties BEGIN ----------------
- Is combinational: 0
- Is one-state seq: 0
- Is datapath-only: 0
- Is pipelined: 0
- Is top level: 0
Port [ Return ] is wired: 1; IO mode=ap_ctrl_hs:ce=0
Port [ layer26_out]:  wired=1; compound=1; hidden=0; nouse=0; global=0; static=0; extern=0; dir=1; type=3; pingpong=0; private_global=0; IO mode=ap_fifo:ce=0
Port [ layer11_out]:  wired=1; compound=1; hidden=0; nouse=0; global=0; static=0; extern=0; dir=0; type=3; pingpong=0; private_global=0; IO mode=ap_fifo:ce=0
---------------- STG Properties END ------------------

---------------- Datapath Model BEGIN ----------------

<LifeTime>
<method=bitvector/>
i                      (alloca           ) [ 010000000000]
specinterface_ln0      (specinterface    ) [ 000000000000]
specinterface_ln0      (specinterface    ) [ 000000000000]
store_ln59             (store            ) [ 000000000000]
br_ln0                 (br               ) [ 000000000000]
i_1                    (load             ) [ 000000000000]
icmp_ln59              (icmp             ) [ 011111111110]
i_2                    (add              ) [ 000000000000]
br_ln59                (br               ) [ 000000000000]
store_ln59             (store            ) [ 000000000000]
write_ln15             (write            ) [ 000000000000]
layer11_out_read       (read             ) [ 000100000000]
write_ln26             (write            ) [ 000000000000]
layer11_out_read_1     (read             ) [ 000010000000]
write_ln26             (write            ) [ 000000000000]
layer11_out_read_2     (read             ) [ 000001000000]
write_ln26             (write            ) [ 000000000000]
layer11_out_read_3     (read             ) [ 000000100000]
write_ln26             (write            ) [ 000000000000]
layer11_out_read_4     (read             ) [ 000000010000]
write_ln26             (write            ) [ 000000000000]
layer11_out_read_5     (read             ) [ 000000001000]
write_ln26             (write            ) [ 000000000000]
layer11_out_read_6     (read             ) [ 000000000100]
write_ln26             (write            ) [ 000000000000]
layer11_out_read_7     (read             ) [ 000000000010]
write_ln26             (write            ) [ 000000000000]
specpipeline_ln59      (specpipeline     ) [ 000000000000]
speclooptripcount_ln59 (speclooptripcount) [ 000000000000]
specloopname_ln59      (specloopname     ) [ 000000000000]
write_ln15             (write            ) [ 000000000000]
br_ln59                (br               ) [ 000000000000]
ret_ln0                (ret              ) [ 000000000000]
</LifeTime>

<model>

<comp_list>
<comp id="0" class="1000" name="layer26_out">
<pin_list>
<pin id="1" dir="1" index="0" bw="1" slack="0"/>
</pin_list>
<bind>
<StgValue><ssdm name="layer26_out"/></StgValue>
</bind>
</comp>

<comp id="2" class="1000" name="layer11_out">
<pin_list>
<pin id="3" dir="1" index="0" bw="1" slack="0"/>
</pin_list>
<bind>
<StgValue><ssdm name="layer11_out"/></StgValue>
</bind>
</comp>

<comp id="4" class="1001" name="const_4">
<pin_list>
<pin id="5" dir="1" index="0" bw="1" slack="0"/>
</pin_list>
<bind>
<StgValue><ssdm name=""/></StgValue>
</bind>
</comp>

<comp id="6" class="1001" name="const_6">
<pin_list>
<pin id="7" dir="1" index="0" bw="1" slack="2147483647"/>
</pin_list>
<bind>
<StgValue><ssdm name="_ssdm_op_SpecInterface"/></StgValue>
</bind>
</comp>

<comp id="8" class="1001" name="const_8">
<pin_list>
<pin id="9" dir="1" index="0" bw="1" slack="2147483647"/>
</pin_list>
<bind>
<StgValue><ssdm name="empty_12"/></StgValue>
</bind>
</comp>

<comp id="10" class="1001" name="const_10">
<pin_list>
<pin id="11" dir="1" index="0" bw="1" slack="2147483647"/>
</pin_list>
<bind>
<StgValue><ssdm name=""/></StgValue>
</bind>
</comp>

<comp id="12" class="1001" name="const_12">
<pin_list>
<pin id="13" dir="1" index="0" bw="1" slack="2147483647"/>
</pin_list>
<bind>
<StgValue><ssdm name="empty_1"/></StgValue>
</bind>
</comp>

<comp id="14" class="1001" name="const_14">
<pin_list>
<pin id="15" dir="1" index="0" bw="1" slack="2147483647"/>
</pin_list>
<bind>
<StgValue><ssdm name=""/></StgValue>
</bind>
</comp>

<comp id="16" class="1001" name="const_16">
<pin_list>
<pin id="17" dir="1" index="0" bw="1" slack="0"/>
</pin_list>
<bind>
<StgValue><ssdm name=""/></StgValue>
</bind>
</comp>

<comp id="18" class="1001" name="const_18">
<pin_list>
<pin id="19" dir="1" index="0" bw="1" slack="0"/>
</pin_list>
<bind>
<StgValue><ssdm name=""/></StgValue>
</bind>
</comp>

<comp id="20" class="1001" name="const_20">
<pin_list>
<pin id="21" dir="1" index="0" bw="1" slack="0"/>
</pin_list>
<bind>
<StgValue><ssdm name=""/></StgValue>
</bind>
</comp>

<comp id="22" class="1001" name="const_22">
<pin_list>
<pin id="23" dir="1" index="0" bw="1" slack="0"/>
</pin_list>
<bind>
<StgValue><ssdm name="_ssdm_op_Write.ap_fifo.volatile.i128P0A"/></StgValue>
</bind>
</comp>

<comp id="24" class="1001" name="const_24">
<pin_list>
<pin id="25" dir="1" index="0" bw="1" slack="0"/>
</pin_list>
<bind>
<StgValue><ssdm name=""/></StgValue>
</bind>
</comp>

<comp id="26" class="1001" name="const_26">
<pin_list>
<pin id="27" dir="1" index="0" bw="1" slack="0"/>
</pin_list>
<bind>
<StgValue><ssdm name="_ssdm_op_Read.ap_fifo.volatile.i128P0A"/></StgValue>
</bind>
</comp>

<comp id="28" class="1001" name="const_28">
<pin_list>
<pin id="29" dir="1" index="0" bw="1" slack="2147483647"/>
</pin_list>
<bind>
<StgValue><ssdm name="_ssdm_op_SpecPipeline"/></StgValue>
</bind>
</comp>

<comp id="30" class="1001" name="const_30">
<pin_list>
<pin id="31" dir="1" index="0" bw="1" slack="2147483647"/>
</pin_list>
<bind>
<StgValue><ssdm name="_ssdm_op_SpecLoopTripCount"/></StgValue>
</bind>
</comp>

<comp id="32" class="1001" name="const_32">
<pin_list>
<pin id="33" dir="1" index="0" bw="1" slack="2147483647"/>
</pin_list>
<bind>
<StgValue><ssdm name=""/></StgValue>
</bind>
</comp>

<comp id="34" class="1001" name="const_34">
<pin_list>
<pin id="35" dir="1" index="0" bw="1" slack="2147483647"/>
</pin_list>
<bind>
<StgValue><ssdm name="_ssdm_op_SpecLoopName"/></StgValue>
</bind>
</comp>

<comp id="36" class="1001" name="const_36">
<pin_list>
<pin id="37" dir="1" index="0" bw="1" slack="2147483647"/>
</pin_list>
<bind>
<StgValue><ssdm name="empty_21"/></StgValue>
</bind>
</comp>

<comp id="38" class="1004" name="i_fu_38">
<pin_list>
<pin id="39" dir="0" index="0" bw="1" slack="0"/>
<pin id="40" dir="1" index="1" bw="3" slack="0"/>
</pin_list>
<bind>
<opcode="alloca(26) " fcode="alloca"/>
<opset="i/1 "/>
</bind>
</comp>

<comp id="42" class="1004" name="grp_write_fu_42">
<pin_list>
<pin id="43" dir="0" index="0" bw="0" slack="0"/>
<pin id="44" dir="0" index="1" bw="128" slack="0"/>
<pin id="45" dir="0" index="2" bw="128" slack="0"/>
<pin id="46" dir="1" index="3" bw="0" slack="2147483647"/>
</pin_list>
<bind>
<opcode="write(1151) " fcode="write"/>
<opset="write_ln15/2 write_ln26/3 write_ln26/4 write_ln26/5 write_ln26/6 write_ln26/7 write_ln26/8 write_ln26/9 write_ln26/10 write_ln15/11 "/>
</bind>
</comp>

<comp id="50" class="1004" name="grp_read_fu_50">
<pin_list>
<pin id="51" dir="0" index="0" bw="128" slack="0"/>
<pin id="52" dir="0" index="1" bw="128" slack="0"/>
<pin id="53" dir="1" index="2" bw="128" slack="1"/>
</pin_list>
<bind>
<opcode="read(1150) " fcode="read"/>
<opset="layer11_out_read/2 layer11_out_read_1/3 layer11_out_read_2/4 layer11_out_read_3/5 layer11_out_read_4/6 layer11_out_read_5/7 layer11_out_read_6/8 layer11_out_read_7/9 "/>
</bind>
</comp>

<comp id="56" class="1005" name="reg_56">
<pin_list>
<pin id="57" dir="0" index="0" bw="128" slack="1"/>
<pin id="58" dir="1" index="1" bw="128" slack="1"/>
</pin_list>
<bind>
<opset="layer11_out_read layer11_out_read_1 layer11_out_read_2 layer11_out_read_3 layer11_out_read_4 layer11_out_read_5 layer11_out_read_6 layer11_out_read_7 "/>
</bind>
</comp>

<comp id="61" class="1004" name="store_ln59_store_fu_61">
<pin_list>
<pin id="62" dir="0" index="0" bw="1" slack="0"/>
<pin id="63" dir="0" index="1" bw="3" slack="0"/>
<pin id="64" dir="1" index="2" bw="0" slack="2147483647"/>
</pin_list>
<bind>
<opcode="store(28) " fcode="store"/>
<opset="store_ln59/1 "/>
</bind>
</comp>

<comp id="66" class="1004" name="i_1_load_fu_66">
<pin_list>
<pin id="67" dir="0" index="0" bw="3" slack="0"/>
<pin id="68" dir="1" index="1" bw="3" slack="0"/>
</pin_list>
<bind>
<opcode="load(27) " fcode="load"/>
<opset="i_1/1 "/>
</bind>
</comp>

<comp id="69" class="1004" name="icmp_ln59_fu_69">
<pin_list>
<pin id="70" dir="0" index="0" bw="3" slack="0"/>
<pin id="71" dir="0" index="1" bw="3" slack="0"/>
<pin id="72" dir="1" index="2" bw="1" slack="1"/>
</pin_list>
<bind>
<opcode="icmp(45) " fcode="icmp"/>
<opset="icmp_ln59/1 "/>
</bind>
</comp>

<comp id="75" class="1004" name="i_2_fu_75">
<pin_list>
<pin id="76" dir="0" index="0" bw="3" slack="0"/>
<pin id="77" dir="0" index="1" bw="1" slack="0"/>
<pin id="78" dir="1" index="2" bw="3" slack="0"/>
</pin_list>
<bind>
<opcode="add(8) " fcode="add"/>
<opset="i_2/1 "/>
</bind>
</comp>

<comp id="81" class="1004" name="store_ln59_store_fu_81">
<pin_list>
<pin id="82" dir="0" index="0" bw="3" slack="0"/>
<pin id="83" dir="0" index="1" bw="3" slack="0"/>
<pin id="84" dir="1" index="2" bw="0" slack="2147483647"/>
</pin_list>
<bind>
<opcode="store(28) " fcode="store"/>
<opset="store_ln59/1 "/>
</bind>
</comp>

<comp id="86" class="1005" name="i_reg_86">
<pin_list>
<pin id="87" dir="0" index="0" bw="3" slack="0"/>
<pin id="88" dir="1" index="1" bw="3" slack="0"/>
</pin_list>
<bind>
<opset="i "/>
</bind>
</comp>

<comp id="93" class="1005" name="icmp_ln59_reg_93">
<pin_list>
<pin id="94" dir="0" index="0" bw="1" slack="1"/>
<pin id="95" dir="1" index="1" bw="1" slack="2147483647"/>
</pin_list>
<bind>
<opset="icmp_ln59 "/>
</bind>
</comp>

</comp_list>

<net_list>
<net id="41"><net_src comp="4" pin="0"/><net_sink comp="38" pin=0"/></net>

<net id="47"><net_src comp="22" pin="0"/><net_sink comp="42" pin=0"/></net>

<net id="48"><net_src comp="0" pin="0"/><net_sink comp="42" pin=1"/></net>

<net id="49"><net_src comp="24" pin="0"/><net_sink comp="42" pin=2"/></net>

<net id="54"><net_src comp="26" pin="0"/><net_sink comp="50" pin=0"/></net>

<net id="55"><net_src comp="2" pin="0"/><net_sink comp="50" pin=1"/></net>

<net id="59"><net_src comp="50" pin="2"/><net_sink comp="56" pin=0"/></net>

<net id="60"><net_src comp="56" pin="1"/><net_sink comp="42" pin=2"/></net>

<net id="65"><net_src comp="16" pin="0"/><net_sink comp="61" pin=0"/></net>

<net id="73"><net_src comp="66" pin="1"/><net_sink comp="69" pin=0"/></net>

<net id="74"><net_src comp="18" pin="0"/><net_sink comp="69" pin=1"/></net>

<net id="79"><net_src comp="66" pin="1"/><net_sink comp="75" pin=0"/></net>

<net id="80"><net_src comp="20" pin="0"/><net_sink comp="75" pin=1"/></net>

<net id="85"><net_src comp="75" pin="2"/><net_sink comp="81" pin=0"/></net>

<net id="89"><net_src comp="38" pin="1"/><net_sink comp="86" pin=0"/></net>

<net id="90"><net_src comp="86" pin="1"/><net_sink comp="61" pin=1"/></net>

<net id="91"><net_src comp="86" pin="1"/><net_sink comp="66" pin=0"/></net>

<net id="92"><net_src comp="86" pin="1"/><net_sink comp="81" pin=1"/></net>

<net id="96"><net_src comp="69" pin="2"/><net_sink comp="93" pin=0"/></net>

</net_list>

</model> 
---------------- Datapath Model END ------------------

* FSMD analyzer results:
  - Output states:
	Port: layer26_out | {2 3 4 5 6 7 8 9 10 11 }
	Port: layer11_out | {}
 - Input state : 
	Port: zeropad2d_cl<array,array<ap_ufixed<16,6,4,0,0>,8u>,config26>_Pipeline_PadMain : layer26_out | {}
	Port: zeropad2d_cl<array,array<ap_ufixed<16,6,4,0,0>,8u>,config26>_Pipeline_PadMain : layer11_out | {2 3 4 5 6 7 8 9 }
  - Chain level:
	State 1
		store_ln59 : 1
		i_1 : 1
		icmp_ln59 : 2
		i_2 : 2
		br_ln59 : 3
		store_ln59 : 3
	State 2
	State 3
	State 4
	State 5
	State 6
	State 7
	State 8
	State 9
	State 10
	State 11


============================================================
+ Verbose Summary: Datapath Resource usage 
============================================================

* Functional unit list:
|----------|-----------------|---------|---------|
| Operation| Functional Unit |    FF   |   LUT   |
|----------|-----------------|---------|---------|
|   icmp   | icmp_ln59_fu_69 |    0    |    10   |
|----------|-----------------|---------|---------|
|    add   |    i_2_fu_75    |    0    |    10   |
|----------|-----------------|---------|---------|
|   write  | grp_write_fu_42 |    0    |    0    |
|----------|-----------------|---------|---------|
|   read   |  grp_read_fu_50 |    0    |    0    |
|----------|-----------------|---------|---------|
|   Total  |                 |    0    |    20   |
|----------|-----------------|---------|---------|

Memories:
N/A

* Register list:
+----------------+--------+
|                |   FF   |
+----------------+--------+
|    i_reg_86    |    3   |
|icmp_ln59_reg_93|    1   |
|     reg_56     |   128  |
+----------------+--------+
|      Total     |   132  |
+----------------+--------+

* Multiplexer (MUX) list: 
|-----------------|------|------|------|--------||---------||---------|
|       Comp      |  Pin | Size |  BW  | S x BW ||  Delay  ||   LUT   |
|-----------------|------|------|------|--------||---------||---------|
| grp_write_fu_42 |  p2  |   2  |  128 |   256  ||    9    |
|-----------------|------|------|------|--------||---------||---------|
|      Total      |      |      |      |   256  ||  0.427  ||    9    |
|-----------------|------|------|------|--------||---------||---------|



* Summary:
+-----------+--------+--------+--------+
|           |  Delay |   FF   |   LUT  |
+-----------+--------+--------+--------+
|  Function |    -   |    0   |   20   |
|   Memory  |    -   |    -   |    -   |
|Multiplexer|    0   |    -   |    9   |
|  Register |    -   |   132  |    -   |
+-----------+--------+--------+--------+
|   Total   |    0   |   132  |   29   |
+-----------+--------+--------+--------+
