#
# An unexpected error has occurred (11)
#
Stack:
/lib/x86_64-linux-gnu/libc.so.6(+0x45330) [0x77b788045330]
/tools/Xilinx/Vivado/2023.2/lib/lnx64.o/librdi_synth.so(HARTNlUtil::isSrlInst(NInst&)+0xf1) [0x77b7535fd331]
/tools/Xilinx/Vivado/2023.2/lib/lnx64.o/librdi_synth.so(HARTNNetDelayReader::getCellNameMapping[abi:cxx11](NInst)+0x3b9) [0x77b752ae22c9]
/tools/Xilinx/Vivado/2023.2/lib/lnx64.o/librdi_synth.so(HARTTDelayCalc::updatePinDelay(TTime&, TNetInfo*, TNDesC*, TNPinC*)+0xa96) [0x77b752ae8766]
/tools/Xilinx/Vivado/2023.2/lib/lnx64.o/librdi_synth.so(TNPinC::updateDriverAndLoadingPins(int, TNetInfo&, bool)+0x5b1) [0x77b754086af1]
/tools/Xilinx/Vivado/2023.2/lib/lnx64.o/librdi_synth.so(TNPinC::updateDriverAndNetArcs(bool)+0x1a3) [0x77b754094683]
/tools/Xilinx/Vivado/2023.2/lib/lnx64.o/librdi_synth.so(TNPinC::netDelay(int) const+0x43) [0x77b754095f23]
/tools/Xilinx/Vivado/2023.2/lib/lnx64.o/librdi_synth.so(TGenChar::propagateLoadPin(TNPinC*, TGenPinTmp*, TNPinC*, int, TGenPinTmp*&)+0x752) [0x77b7540e15a2]
/tools/Xilinx/Vivado/2023.2/lib/lnx64.o/librdi_synth.so(TGenChar::propagate(TNPinC*, TGenPinTmp*)+0x6c4) [0x77b7540e3044]
/tools/Xilinx/Vivado/2023.2/lib/lnx64.o/librdi_synth.so(TGenChar::characterizeTmpPin(TNPinC*, TBiIn)+0xbf) [0x77b7540e3fcf]
/tools/Xilinx/Vivado/2023.2/lib/lnx64.o/librdi_synth.so(TGenChar::TGenChar(TNDesC*)+0xe14) [0x77b7540e5904]
/tools/Xilinx/Vivado/2023.2/lib/lnx64.o/librdi_synth.so(TNGenC::tUpdate()+0xf4) [0x77b75406bc54]
/tools/Xilinx/Vivado/2023.2/lib/lnx64.o/librdi_synth.so(TArcsToPinIterator::TArcsToPinIterator(TNPinC const*)+0x74f) [0x77b754081f5f]
/tools/Xilinx/Vivado/2023.2/lib/lnx64.o/librdi_synth.so(TNPinC::needsInputViews() const+0x64) [0x77b7540820a4]
/tools/Xilinx/Vivado/2023.2/lib/lnx64.o/librdi_synth.so(TNPinC::tCreate() const+0x65) [0x77b754082135]
/tools/Xilinx/Vivado/2023.2/lib/lnx64.o/librdi_synth.so(TNPinC::hasInputViews() const+0x4d) [0x77b7540821ad]
/tools/Xilinx/Vivado/2023.2/lib/lnx64.o/librdi_synth.so(TFanoutIterator::check()+0x63) [0x77b754085d23]
/tools/Xilinx/Vivado/2023.2/lib/lnx64.o/librdi_synth.so(TNPinC::invalidateNet()+0x253) [0x77b754090ae3]
/tools/Xilinx/Vivado/2023.2/lib/lnx64.o/librdi_synth.so(TNDesC::processInvNetQ(TNPinC*, TBiIn)+0x180) [0x77b754063720]
/tools/Xilinx/Vivado/2023.2/lib/lnx64.o/librdi_synth.so(TNDesC::updateViews(bool, bool, TNPinC*, TBiIn)+0x13e) [0x77b75406387e]
/tools/Xilinx/Vivado/2023.2/lib/lnx64.o/librdi_synth.so(TNPinC::getViews(TPinViewHash&, TBiIn, bool, bool, bool, bool, bool, bool)+0xd7) [0x77b75408bd67]
/tools/Xilinx/Vivado/2023.2/lib/lnx64.o/librdi_synth.so(TNPinC::deriveConstraints(NInstC*, int, TAssCat, int, TDomain*, bool, bool)+0x656) [0x77b754097d86]
/tools/Xilinx/Vivado/2023.2/lib/lnx64.o/librdi_synth.so(TNDesC::__deriveConstraints(bool, bool, UList<NInstC*, UListNode<NInstC*>, NInstC*, UEValue<NInstC*, UListNode<NInstC*> > >*, bool)+0x209) [0x77b75405d8e9]
/tools/Xilinx/Vivado/2023.2/lib/lnx64.o/librdi_synth.so(TNDesC::deriveConstraints(bool, bool, UList<NInstC*, UListNode<NInstC*>, NInstC*, UEValue<NInstC*, UListNode<NInstC*> > >*)+0x74) [0x77b75405dcd4]
/tools/Xilinx/Vivado/2023.2/lib/lnx64.o/librdi_synth.so(HARTNDb::synthesizeAGenome(char const*, char const*)+0x2a9) [0x77b752aacdf9]
/tools/Xilinx/Vivado/2023.2/lib/lnx64.o/librdi_synth.so(+0x1407a37) [0x77b752c07a37]
/tools/Xilinx/Vivado/2023.2/lib/lnx64.o/librdi_synth.so(+0x1321b35) [0x77b752b21b35]
/tools/Xilinx/Vivado/2023.2/lib/lnx64.o/libtcl8.5.so(+0x3356f) [0x77b783c3356f]
/tools/Xilinx/Vivado/2023.2/lib/lnx64.o/libtcl8.5.so(+0x76945) [0x77b783c76945]
/tools/Xilinx/Vivado/2023.2/lib/lnx64.o/libtcl8.5.so(+0x7e0f9) [0x77b783c7e0f9]
/tools/Xilinx/Vivado/2023.2/lib/lnx64.o/libtcl8.5.so(TclEvalObjEx+0x76) [0x77b783c35216]
/tools/Xilinx/Vivado/2023.2/lib/lnx64.o/libtcl8.5.so(+0x3e824) [0x77b783c3e824]
/tools/Xilinx/Vivado/2023.2/lib/lnx64.o/libtcl8.5.so(+0x3356f) [0x77b783c3356f]
/tools/Xilinx/Vivado/2023.2/lib/lnx64.o/libtcl8.5.so(+0x34bf8) [0x77b783c34bf8]
/tools/Xilinx/Vivado/2023.2/lib/lnx64.o/libtcl8.5.so(Tcl_EvalEx+0x13) [0x77b783c35163]
/tools/Xilinx/Vivado/2023.2/lib/lnx64.o/libtcl8.5.so(Tcl_FSEvalFileEx+0x1da) [0x77b783c99d2a]
/tools/Xilinx/Vivado/2023.2/lib/lnx64.o/librdi_commontasks.so(+0x27e220) [0x77b77c87e220]
/tools/Xilinx/Vivado/2023.2/lib/lnx64.o/librdi_common.so(+0xd7d9bf) [0x77b78997d9bf]
/tools/Xilinx/Vivado/2023.2/lib/lnx64.o/libtcl8.5.so(+0x3356f) [0x77b783c3356f]
/tools/Xilinx/Vivado/2023.2/lib/lnx64.o/libtcl8.5.so(+0x34bf8) [0x77b783c34bf8]
/tools/Xilinx/Vivado/2023.2/lib/lnx64.o/libtcl8.5.so(Tcl_EvalEx+0x13) [0x77b783c35163]
/tools/Xilinx/Vivado/2023.2/lib/lnx64.o/libtcl8.5.so(Tcl_FSEvalFileEx+0x1da) [0x77b783c99d2a]
/tools/Xilinx/Vivado/2023.2/lib/lnx64.o/librdi_commontasks.so(+0x27e220) [0x77b77c87e220]
/tools/Xilinx/Vivado/2023.2/lib/lnx64.o/librdi_common.so(+0xd7d9bf) [0x77b78997d9bf]
/tools/Xilinx/Vivado/2023.2/lib/lnx64.o/libtcl8.5.so(+0x3356f) [0x77b783c3356f]
/tools/Xilinx/Vivado/2023.2/lib/lnx64.o/libtcl8.5.so(+0x34bf8) [0x77b783c34bf8]
/tools/Xilinx/Vivado/2023.2/lib/lnx64.o/libtcl8.5.so(Tcl_EvalEx+0x13) [0x77b783c35163]
/tools/Xilinx/Vivado/2023.2/lib/lnx64.o/libtcl8.5.so(TclEvalObjEx+0x3cf) [0x77b783c3556f]
/tools/Xilinx/Vivado/2023.2/lib/lnx64.o/libtcl8.5.so(+0xb7589) [0x77b783cb7589]
/tools/Xilinx/Vivado/2023.2/lib/lnx64.o/libtcl8.5.so(+0x3356f) [0x77b783c3356f]
/tools/Xilinx/Vivado/2023.2/lib/lnx64.o/libtcl8.5.so(+0x76945) [0x77b783c76945]
/tools/Xilinx/Vivado/2023.2/lib/lnx64.o/libtcl8.5.so(TclObjInterpProcCore+0x420) [0x77b783cb7ed0]
/tools/Xilinx/Vivado/2023.2/lib/lnx64.o/libtcl8.5.so(+0x3356f) [0x77b783c3356f]
/tools/Xilinx/Vivado/2023.2/lib/lnx64.o/libtcl8.5.so(+0x34bf8) [0x77b783c34bf8]
/tools/Xilinx/Vivado/2023.2/lib/lnx64.o/libtcl8.5.so(Tcl_EvalEx+0x13) [0x77b783c35163]
/tools/Xilinx/Vivado/2023.2/lib/lnx64.o/libtcl8.5.so(TclEvalObjEx+0x3cf) [0x77b783c3556f]
/tools/Xilinx/Vivado/2023.2/lib/lnx64.o/libtcl8.5.so(+0xb7589) [0x77b783cb7589]
/tools/Xilinx/Vivado/2023.2/lib/lnx64.o/libtcl8.5.so(+0x3356f) [0x77b783c3356f]
/tools/Xilinx/Vivado/2023.2/lib/lnx64.o/libtcl8.5.so(+0x76945) [0x77b783c76945]
/tools/Xilinx/Vivado/2023.2/lib/lnx64.o/libtcl8.5.so(TclObjInterpProcCore+0x420) [0x77b783cb7ed0]
/tools/Xilinx/Vivado/2023.2/lib/lnx64.o/libtcl8.5.so(+0x3356f) [0x77b783c3356f]
/tools/Xilinx/Vivado/2023.2/lib/lnx64.o/libtcl8.5.so(+0x34bf8) [0x77b783c34bf8]
/tools/Xilinx/Vivado/2023.2/lib/lnx64.o/libtcl8.5.so(Tcl_EvalEx+0x13) [0x77b783c35163]
/tools/Xilinx/Vivado/2023.2/lib/lnx64.o/libtcl8.5.so(TclEvalObjEx+0x1e0) [0x77b783c35380]
/tools/Xilinx/Vivado/2023.2/lib/lnx64.o/libtcl8.5.so(+0x3b445) [0x77b783c3b445]
/tools/Xilinx/Vivado/2023.2/lib/lnx64.o/libtcl8.5.so(+0x3356f) [0x77b783c3356f]
/tools/Xilinx/Vivado/2023.2/lib/lnx64.o/libtcl8.5.so(+0x76945) [0x77b783c76945]
/tools/Xilinx/Vivado/2023.2/lib/lnx64.o/libtcl8.5.so(+0x7e0f9) [0x77b783c7e0f9]
/tools/Xilinx/Vivado/2023.2/lib/lnx64.o/libtcl8.5.so(TclEvalObjEx+0x76) [0x77b783c35216]
/tools/Xilinx/Vivado/2023.2/lib/lnx64.o/librdi_commontasks.so(+0x261fb1) [0x77b77c861fb1]
/tools/Xilinx/Vivado/2023.2/lib/lnx64.o/libtcl8.5.so(+0x3356f) [0x77b783c3356f]
/tools/Xilinx/Vivado/2023.2/lib/lnx64.o/libtcl8.5.so(+0x76945) [0x77b783c76945]
/tools/Xilinx/Vivado/2023.2/lib/lnx64.o/libtcl8.5.so(TclObjInterpProcCore+0x420) [0x77b783cb7ed0]
/tools/Xilinx/Vivado/2023.2/lib/lnx64.o/libtcl8.5.so(+0x3356f) [0x77b783c3356f]
/tools/Xilinx/Vivado/2023.2/lib/lnx64.o/libtcl8.5.so(Tcl_EvalObjv+0x32) [0x77b783c336a2]
/tools/Xilinx/Vivado/2023.2/lib/lnx64.o/libtcl8.5.so(TclEvalObjEx+0x322) [0x77b783c354c2]
/tools/Xilinx/Vivado/2023.2/lib/lnx64.o/librdi_common.so(hdi::tcltasks::task_manager::eval_in_tcl(Tcl_Interp*, Tcl_Obj*, char const*, bool)+0x74d) [0x77b78997be1d]
/tools/Xilinx/Vivado/2023.2/lib/lnx64.o/librdi_synth.so(HARTSWorker::runInternal()+0xe5) [0x77b75368bff5]
/tools/Xilinx/Vivado/2023.2/lib/lnx64.o/librdi_synth.so(HARTSWorker::runJob(HARTSWorkerConfig&)+0x3f) [0x77b75368d7af]
/tools/Xilinx/Vivado/2023.2/lib/lnx64.o/librdi_synth.so(HARTSWorker::mainLoop()+0x8b) [0x77b75368f49b]
/tools/Xilinx/Vivado/2023.2/lib/lnx64.o/librdi_synth.so(HARTNDb::parallelListen(char const*, char const*, char const*)+0x39) [0x77b752a9f9f9]
/tools/Xilinx/Vivado/2023.2/lib/lnx64.o/librdi_synth.so(+0x146e474) [0x77b752c6e474]
/tools/Xilinx/Vivado/2023.2/lib/lnx64.o/librdi_synth.so(+0x1321b35) [0x77b752b21b35]
/tools/Xilinx/Vivado/2023.2/lib/lnx64.o/libtcl8.5.so(+0x3356f) [0x77b783c3356f]
/tools/Xilinx/Vivado/2023.2/lib/lnx64.o/libtcl8.5.so(+0x34bf8) [0x77b783c34bf8]
/tools/Xilinx/Vivado/2023.2/lib/lnx64.o/libtcl8.5.so(Tcl_EvalEx+0x13) [0x77b783c35163]
/tools/Xilinx/Vivado/2023.2/lib/lnx64.o/libtcl8.5.so(TclEvalObjEx+0x1e0) [0x77b783c35380]
/tools/Xilinx/Vivado/2023.2/lib/lnx64.o/libtcl8.5.so(+0x3b445) [0x77b783c3b445]
/tools/Xilinx/Vivado/2023.2/lib/lnx64.o/libtcl8.5.so(+0x3356f) [0x77b783c3356f]
/tools/Xilinx/Vivado/2023.2/lib/lnx64.o/libtcl8.5.so(+0x76945) [0x77b783c76945]
/tools/Xilinx/Vivado/2023.2/lib/lnx64.o/libtcl8.5.so(+0x7e0f9) [0x77b783c7e0f9]
/tools/Xilinx/Vivado/2023.2/lib/lnx64.o/libtcl8.5.so(TclEvalObjEx+0x76) [0x77b783c35216]
/tools/Xilinx/Vivado/2023.2/lib/lnx64.o/librdi_commontasks.so(+0x261f0e) [0x77b77c861f0e]
/tools/Xilinx/Vivado/2023.2/lib/lnx64.o/libtcl8.5.so(+0x3356f) [0x77b783c3356f]
/tools/Xilinx/Vivado/2023.2/lib/lnx64.o/libtcl8.5.so(+0x76945) [0x77b783c76945]
/tools/Xilinx/Vivado/2023.2/lib/lnx64.o/libtcl8.5.so(TclObjInterpProcCore+0x420) [0x77b783cb7ed0]
/tools/Xilinx/Vivado/2023.2/lib/lnx64.o/libtcl8.5.so(+0x3356f) [0x77b783c3356f]
/tools/Xilinx/Vivado/2023.2/lib/lnx64.o/libtcl8.5.so(+0x76945) [0x77b783c76945]
/tools/Xilinx/Vivado/2023.2/lib/lnx64.o/libtcl8.5.so(+0x7e0f9) [0x77b783c7e0f9]
/tools/Xilinx/Vivado/2023.2/lib/lnx64.o/libtcl8.5.so(TclEvalObjEx+0x76) [0x77b783c35216]
/tools/Xilinx/Vivado/2023.2/lib/lnx64.o/libtcl8.5.so(+0x3e824) [0x77b783c3e824]
/tools/Xilinx/Vivado/2023.2/lib/lnx64.o/libtcl8.5.so(+0x3356f) [0x77b783c3356f]
/tools/Xilinx/Vivado/2023.2/lib/lnx64.o/libtcl8.5.so(+0x34bf8) [0x77b783c34bf8]
/tools/Xilinx/Vivado/2023.2/lib/lnx64.o/libtcl8.5.so(Tcl_EvalEx+0x13) [0x77b783c35163]
/tools/Xilinx/Vivado/2023.2/lib/lnx64.o/libtcl8.5.so(Tcl_FSEvalFileEx+0x1da) [0x77b783c99d2a]
/tools/Xilinx/Vivado/2023.2/lib/lnx64.o/librdi_commontasks.so(+0x27e220) [0x77b77c87e220]
/tools/Xilinx/Vivado/2023.2/lib/lnx64.o/librdi_common.so(+0xd7d9bf) [0x77b78997d9bf]
/tools/Xilinx/Vivado/2023.2/lib/lnx64.o/libtcl8.5.so(+0x3356f) [0x77b783c3356f]
/tools/Xilinx/Vivado/2023.2/lib/lnx64.o/libtcl8.5.so(Tcl_EvalObjv+0x32) [0x77b783c336a2]
/tools/Xilinx/Vivado/2023.2/lib/lnx64.o/libtcl8.5.so(TclEvalObjEx+0x322) [0x77b783c354c2]
/tools/Xilinx/Vivado/2023.2/lib/lnx64.o/librdi_commontasks.so(+0x2c5b6d) [0x77b77c8c5b6d]
/tools/Xilinx/Vivado/2023.2/lib/lnx64.o/librdi_commontasks.so(+0x2c717f) [0x77b77c8c717f]
/tools/Xilinx/Vivado/2023.2/lib/lnx64.o/librdi_common.so(+0xd7d9bf) [0x77b78997d9bf]
/tools/Xilinx/Vivado/2023.2/lib/lnx64.o/libtcl8.5.so(+0x3356f) [0x77b783c3356f]
/tools/Xilinx/Vivado/2023.2/lib/lnx64.o/libtcl8.5.so(Tcl_EvalObjv+0x32) [0x77b783c336a2]
/tools/Xilinx/Vivado/2023.2/lib/lnx64.o/libtcl8.5.so(TclEvalObjEx+0x322) [0x77b783c354c2]
/tools/Xilinx/Vivado/2023.2/lib/lnx64.o/librdi_commonmain.so(+0xe752) [0x77b78a659752]
/tools/Xilinx/Vivado/2023.2/lib/lnx64.o/libtcl8.5.so(Tcl_Main+0x1d0) [0x77b783ca02f0]
/tools/Xilinx/Vivado/2023.2/lib/lnx64.o/librdi_common.so(+0xda6f7b) [0x77b7899a6f7b]
/lib/x86_64-linux-gnu/libc.so.6(+0x9caa4) [0x77b78809caa4]
/lib/x86_64-linux-gnu/libc.so.6(+0x129c6c) [0x77b788129c6c]
