#
# An unexpected error has occurred (11)
#
Stack:
/lib/x86_64-linux-gnu/libc.so.6(+0x45330) [0x74bd44a45330]
/tools/Xilinx/Vivado/2023.2/lib/lnx64.o/librdi_synth.so(std::_Rb_tree<std::tuple<TLibPin*, TLibPin*, int>, std::pair<std::tuple<TLibPin*, TLibPin*, int> const, TTime>, std::_Select1st<std::pair<std::tuple<TLibPin*, TLibPin*, int> const, TTime> >, std::less<std::tuple<TLibPin*, TLibPin*, int> >, std::allocator<std::pair<std::tuple<TLibPin*, TLibPin*, int> const, TTime> > >::find(std::tuple<TLibPin*, TLibPin*, int> const&)+0x18) [0x74bd0f4eb9f8]
/tools/Xilinx/Vivado/2023.2/lib/lnx64.o/librdi_synth.so(HARTTDelayCalc::updatePinDelay(TTime&, TNetInfo*, TNDesC*, TNPinC*)+0x1453) [0x74bd0f4e9123]
/tools/Xilinx/Vivado/2023.2/lib/lnx64.o/librdi_synth.so(TNPinC::updateDriverAndLoadingPins(int, TNetInfo&, bool)+0x5b1) [0x74bd10a86af1]
/tools/Xilinx/Vivado/2023.2/lib/lnx64.o/librdi_synth.so(TNPinC::updateDriverAndNetArcs(bool)+0x1a3) [0x74bd10a94683]
/tools/Xilinx/Vivado/2023.2/lib/lnx64.o/librdi_synth.so(TNPinC::netDelay(int) const+0x43) [0x74bd10a95f23]
/tools/Xilinx/Vivado/2023.2/lib/lnx64.o/librdi_synth.so(TGenChar::propagateLoadPin(TNPinC*, TGenPinTmp*, TNPinC*, int, TGenPinTmp*&)+0x752) [0x74bd10ae15a2]
/tools/Xilinx/Vivado/2023.2/lib/lnx64.o/librdi_synth.so(TGenChar::propagate(TNPinC*, TGenPinTmp*)+0x6c4) [0x74bd10ae3044]
/tools/Xilinx/Vivado/2023.2/lib/lnx64.o/librdi_synth.so(TGenChar::characterizeTmpPin(TNPinC*, TBiIn)+0xbf) [0x74bd10ae3fcf]
/tools/Xilinx/Vivado/2023.2/lib/lnx64.o/librdi_synth.so(TGenChar::TGenChar(TNDesC*)+0xe14) [0x74bd10ae5904]
/tools/Xilinx/Vivado/2023.2/lib/lnx64.o/librdi_synth.so(TNGenC::tUpdate()+0xf4) [0x74bd10a6bc54]
/tools/Xilinx/Vivado/2023.2/lib/lnx64.o/librdi_synth.so(TArcsToPinIterator::TArcsToPinIterator(TNPinC const*)+0x74f) [0x74bd10a81f5f]
/tools/Xilinx/Vivado/2023.2/lib/lnx64.o/librdi_synth.so(TNPinC::needsInputViews() const+0x64) [0x74bd10a820a4]
/tools/Xilinx/Vivado/2023.2/lib/lnx64.o/librdi_synth.so(TNPinC::tCreate() const+0x65) [0x74bd10a82135]
/tools/Xilinx/Vivado/2023.2/lib/lnx64.o/librdi_synth.so(TNPinC::hasInputViews() const+0x4d) [0x74bd10a821ad]
/tools/Xilinx/Vivado/2023.2/lib/lnx64.o/librdi_synth.so(TFanoutIterator::check()+0x63) [0x74bd10a85d23]
/tools/Xilinx/Vivado/2023.2/lib/lnx64.o/librdi_synth.so(TNPinC::invalidateNet()+0x1ce) [0x74bd10a90a5e]
/tools/Xilinx/Vivado/2023.2/lib/lnx64.o/librdi_synth.so(TNDesC::processInvNetQ(TNPinC*, TBiIn)+0x180) [0x74bd10a63720]
/tools/Xilinx/Vivado/2023.2/lib/lnx64.o/librdi_synth.so(TNDesC::updateViews(bool, bool, TNPinC*, TBiIn)+0x13e) [0x74bd10a6387e]
/tools/Xilinx/Vivado/2023.2/lib/lnx64.o/librdi_synth.so(TNPinC::getViews(TPinViewHash&, TBiIn, bool, bool, bool, bool, bool, bool)+0xd7) [0x74bd10a8bd67]
/tools/Xilinx/Vivado/2023.2/lib/lnx64.o/librdi_synth.so(TNPinC::deriveConstraints(NInstC*, int, TAssCat, int, TDomain*, bool, bool)+0x656) [0x74bd10a97d86]
/tools/Xilinx/Vivado/2023.2/lib/lnx64.o/librdi_synth.so(TNDesC::__deriveConstraints(bool, bool, UList<NInstC*, UListNode<NInstC*>, NInstC*, UEValue<NInstC*, UListNode<NInstC*> > >*, bool)+0x209) [0x74bd10a5d8e9]
/tools/Xilinx/Vivado/2023.2/lib/lnx64.o/librdi_synth.so(TNDesC::deriveConstraints(bool, bool, UList<NInstC*, UListNode<NInstC*>, NInstC*, UEValue<NInstC*, UListNode<NInstC*> > >*)+0x74) [0x74bd10a5dcd4]
/tools/Xilinx/Vivado/2023.2/lib/lnx64.o/librdi_synth.so(HARTNDb::synthesizeAGenome(char const*, char const*)+0x2a9) [0x74bd0f4acdf9]
/tools/Xilinx/Vivado/2023.2/lib/lnx64.o/librdi_synth.so(+0x1407a37) [0x74bd0f607a37]
/tools/Xilinx/Vivado/2023.2/lib/lnx64.o/librdi_synth.so(+0x1321b35) [0x74bd0f521b35]
/tools/Xilinx/Vivado/2023.2/lib/lnx64.o/libtcl8.5.so(+0x3356f) [0x74bd4063356f]
/tools/Xilinx/Vivado/2023.2/lib/lnx64.o/libtcl8.5.so(+0x76945) [0x74bd40676945]
/tools/Xilinx/Vivado/2023.2/lib/lnx64.o/libtcl8.5.so(+0x7e0f9) [0x74bd4067e0f9]
/tools/Xilinx/Vivado/2023.2/lib/lnx64.o/libtcl8.5.so(TclEvalObjEx+0x76) [0x74bd40635216]
/tools/Xilinx/Vivado/2023.2/lib/lnx64.o/libtcl8.5.so(+0x3e824) [0x74bd4063e824]
/tools/Xilinx/Vivado/2023.2/lib/lnx64.o/libtcl8.5.so(+0x3356f) [0x74bd4063356f]
/tools/Xilinx/Vivado/2023.2/lib/lnx64.o/libtcl8.5.so(+0x34bf8) [0x74bd40634bf8]
/tools/Xilinx/Vivado/2023.2/lib/lnx64.o/libtcl8.5.so(Tcl_EvalEx+0x13) [0x74bd40635163]
/tools/Xilinx/Vivado/2023.2/lib/lnx64.o/libtcl8.5.so(Tcl_FSEvalFileEx+0x1da) [0x74bd40699d2a]
/tools/Xilinx/Vivado/2023.2/lib/lnx64.o/librdi_commontasks.so(+0x27e220) [0x74bd3927e220]
/tools/Xilinx/Vivado/2023.2/lib/lnx64.o/librdi_common.so(+0xd7d9bf) [0x74bd4637d9bf]
/tools/Xilinx/Vivado/2023.2/lib/lnx64.o/libtcl8.5.so(+0x3356f) [0x74bd4063356f]
/tools/Xilinx/Vivado/2023.2/lib/lnx64.o/libtcl8.5.so(+0x34bf8) [0x74bd40634bf8]
/tools/Xilinx/Vivado/2023.2/lib/lnx64.o/libtcl8.5.so(Tcl_EvalEx+0x13) [0x74bd40635163]
/tools/Xilinx/Vivado/2023.2/lib/lnx64.o/libtcl8.5.so(Tcl_FSEvalFileEx+0x1da) [0x74bd40699d2a]
/tools/Xilinx/Vivado/2023.2/lib/lnx64.o/librdi_commontasks.so(+0x27e220) [0x74bd3927e220]
/tools/Xilinx/Vivado/2023.2/lib/lnx64.o/librdi_common.so(+0xd7d9bf) [0x74bd4637d9bf]
/tools/Xilinx/Vivado/2023.2/lib/lnx64.o/libtcl8.5.so(+0x3356f) [0x74bd4063356f]
/tools/Xilinx/Vivado/2023.2/lib/lnx64.o/libtcl8.5.so(+0x34bf8) [0x74bd40634bf8]
/tools/Xilinx/Vivado/2023.2/lib/lnx64.o/libtcl8.5.so(Tcl_EvalEx+0x13) [0x74bd40635163]
/tools/Xilinx/Vivado/2023.2/lib/lnx64.o/libtcl8.5.so(TclEvalObjEx+0x3cf) [0x74bd4063556f]
/tools/Xilinx/Vivado/2023.2/lib/lnx64.o/libtcl8.5.so(+0xb7589) [0x74bd406b7589]
/tools/Xilinx/Vivado/2023.2/lib/lnx64.o/libtcl8.5.so(+0x3356f) [0x74bd4063356f]
/tools/Xilinx/Vivado/2023.2/lib/lnx64.o/libtcl8.5.so(+0x76945) [0x74bd40676945]
/tools/Xilinx/Vivado/2023.2/lib/lnx64.o/libtcl8.5.so(TclObjInterpProcCore+0x420) [0x74bd406b7ed0]
/tools/Xilinx/Vivado/2023.2/lib/lnx64.o/libtcl8.5.so(+0x3356f) [0x74bd4063356f]
/tools/Xilinx/Vivado/2023.2/lib/lnx64.o/libtcl8.5.so(+0x34bf8) [0x74bd40634bf8]
/tools/Xilinx/Vivado/2023.2/lib/lnx64.o/libtcl8.5.so(Tcl_EvalEx+0x13) [0x74bd40635163]
/tools/Xilinx/Vivado/2023.2/lib/lnx64.o/libtcl8.5.so(TclEvalObjEx+0x3cf) [0x74bd4063556f]
/tools/Xilinx/Vivado/2023.2/lib/lnx64.o/libtcl8.5.so(+0xb7589) [0x74bd406b7589]
/tools/Xilinx/Vivado/2023.2/lib/lnx64.o/libtcl8.5.so(+0x3356f) [0x74bd4063356f]
/tools/Xilinx/Vivado/2023.2/lib/lnx64.o/libtcl8.5.so(+0x76945) [0x74bd40676945]
/tools/Xilinx/Vivado/2023.2/lib/lnx64.o/libtcl8.5.so(TclObjInterpProcCore+0x420) [0x74bd406b7ed0]
/tools/Xilinx/Vivado/2023.2/lib/lnx64.o/libtcl8.5.so(+0x3356f) [0x74bd4063356f]
/tools/Xilinx/Vivado/2023.2/lib/lnx64.o/libtcl8.5.so(+0x34bf8) [0x74bd40634bf8]
/tools/Xilinx/Vivado/2023.2/lib/lnx64.o/libtcl8.5.so(Tcl_EvalEx+0x13) [0x74bd40635163]
/tools/Xilinx/Vivado/2023.2/lib/lnx64.o/libtcl8.5.so(TclEvalObjEx+0x1e0) [0x74bd40635380]
/tools/Xilinx/Vivado/2023.2/lib/lnx64.o/libtcl8.5.so(+0x3b445) [0x74bd4063b445]
/tools/Xilinx/Vivado/2023.2/lib/lnx64.o/libtcl8.5.so(+0x3356f) [0x74bd4063356f]
/tools/Xilinx/Vivado/2023.2/lib/lnx64.o/libtcl8.5.so(+0x76945) [0x74bd40676945]
/tools/Xilinx/Vivado/2023.2/lib/lnx64.o/libtcl8.5.so(+0x7e0f9) [0x74bd4067e0f9]
/tools/Xilinx/Vivado/2023.2/lib/lnx64.o/libtcl8.5.so(TclEvalObjEx+0x76) [0x74bd40635216]
/tools/Xilinx/Vivado/2023.2/lib/lnx64.o/librdi_commontasks.so(+0x261fb1) [0x74bd39261fb1]
/tools/Xilinx/Vivado/2023.2/lib/lnx64.o/libtcl8.5.so(+0x3356f) [0x74bd4063356f]
/tools/Xilinx/Vivado/2023.2/lib/lnx64.o/libtcl8.5.so(+0x76945) [0x74bd40676945]
/tools/Xilinx/Vivado/2023.2/lib/lnx64.o/libtcl8.5.so(TclObjInterpProcCore+0x420) [0x74bd406b7ed0]
/tools/Xilinx/Vivado/2023.2/lib/lnx64.o/libtcl8.5.so(+0x3356f) [0x74bd4063356f]
/tools/Xilinx/Vivado/2023.2/lib/lnx64.o/libtcl8.5.so(Tcl_EvalObjv+0x32) [0x74bd406336a2]
/tools/Xilinx/Vivado/2023.2/lib/lnx64.o/libtcl8.5.so(TclEvalObjEx+0x322) [0x74bd406354c2]
/tools/Xilinx/Vivado/2023.2/lib/lnx64.o/librdi_common.so(hdi::tcltasks::task_manager::eval_in_tcl(Tcl_Interp*, Tcl_Obj*, char const*, bool)+0x74d) [0x74bd4637be1d]
/tools/Xilinx/Vivado/2023.2/lib/lnx64.o/librdi_synth.so(HARTSWorker::runInternal()+0xe5) [0x74bd1008bff5]
/tools/Xilinx/Vivado/2023.2/lib/lnx64.o/librdi_synth.so(HARTSWorker::runJob(HARTSWorkerConfig&)+0x3f) [0x74bd1008d7af]
/tools/Xilinx/Vivado/2023.2/lib/lnx64.o/librdi_synth.so(HARTSWorker::mainLoop()+0x8b) [0x74bd1008f49b]
/tools/Xilinx/Vivado/2023.2/lib/lnx64.o/librdi_synth.so(HARTNDb::parallelListen(char const*, char const*, char const*)+0x39) [0x74bd0f49f9f9]
/tools/Xilinx/Vivado/2023.2/lib/lnx64.o/librdi_synth.so(+0x146e474) [0x74bd0f66e474]
/tools/Xilinx/Vivado/2023.2/lib/lnx64.o/librdi_synth.so(+0x1321b35) [0x74bd0f521b35]
/tools/Xilinx/Vivado/2023.2/lib/lnx64.o/libtcl8.5.so(+0x3356f) [0x74bd4063356f]
/tools/Xilinx/Vivado/2023.2/lib/lnx64.o/libtcl8.5.so(+0x34bf8) [0x74bd40634bf8]
/tools/Xilinx/Vivado/2023.2/lib/lnx64.o/libtcl8.5.so(Tcl_EvalEx+0x13) [0x74bd40635163]
/tools/Xilinx/Vivado/2023.2/lib/lnx64.o/libtcl8.5.so(TclEvalObjEx+0x1e0) [0x74bd40635380]
/tools/Xilinx/Vivado/2023.2/lib/lnx64.o/libtcl8.5.so(+0x3b445) [0x74bd4063b445]
/tools/Xilinx/Vivado/2023.2/lib/lnx64.o/libtcl8.5.so(+0x3356f) [0x74bd4063356f]
/tools/Xilinx/Vivado/2023.2/lib/lnx64.o/libtcl8.5.so(+0x76945) [0x74bd40676945]
/tools/Xilinx/Vivado/2023.2/lib/lnx64.o/libtcl8.5.so(+0x7e0f9) [0x74bd4067e0f9]
/tools/Xilinx/Vivado/2023.2/lib/lnx64.o/libtcl8.5.so(TclEvalObjEx+0x76) [0x74bd40635216]
/tools/Xilinx/Vivado/2023.2/lib/lnx64.o/librdi_commontasks.so(+0x261f0e) [0x74bd39261f0e]
/tools/Xilinx/Vivado/2023.2/lib/lnx64.o/libtcl8.5.so(+0x3356f) [0x74bd4063356f]
/tools/Xilinx/Vivado/2023.2/lib/lnx64.o/libtcl8.5.so(+0x76945) [0x74bd40676945]
/tools/Xilinx/Vivado/2023.2/lib/lnx64.o/libtcl8.5.so(TclObjInterpProcCore+0x420) [0x74bd406b7ed0]
/tools/Xilinx/Vivado/2023.2/lib/lnx64.o/libtcl8.5.so(+0x3356f) [0x74bd4063356f]
/tools/Xilinx/Vivado/2023.2/lib/lnx64.o/libtcl8.5.so(+0x76945) [0x74bd40676945]
/tools/Xilinx/Vivado/2023.2/lib/lnx64.o/libtcl8.5.so(+0x7e0f9) [0x74bd4067e0f9]
/tools/Xilinx/Vivado/2023.2/lib/lnx64.o/libtcl8.5.so(TclEvalObjEx+0x76) [0x74bd40635216]
/tools/Xilinx/Vivado/2023.2/lib/lnx64.o/libtcl8.5.so(+0x3e824) [0x74bd4063e824]
/tools/Xilinx/Vivado/2023.2/lib/lnx64.o/libtcl8.5.so(+0x3356f) [0x74bd4063356f]
/tools/Xilinx/Vivado/2023.2/lib/lnx64.o/libtcl8.5.so(+0x34bf8) [0x74bd40634bf8]
/tools/Xilinx/Vivado/2023.2/lib/lnx64.o/libtcl8.5.so(Tcl_EvalEx+0x13) [0x74bd40635163]
/tools/Xilinx/Vivado/2023.2/lib/lnx64.o/libtcl8.5.so(Tcl_FSEvalFileEx+0x1da) [0x74bd40699d2a]
/tools/Xilinx/Vivado/2023.2/lib/lnx64.o/librdi_commontasks.so(+0x27e220) [0x74bd3927e220]
/tools/Xilinx/Vivado/2023.2/lib/lnx64.o/librdi_common.so(+0xd7d9bf) [0x74bd4637d9bf]
/tools/Xilinx/Vivado/2023.2/lib/lnx64.o/libtcl8.5.so(+0x3356f) [0x74bd4063356f]
/tools/Xilinx/Vivado/2023.2/lib/lnx64.o/libtcl8.5.so(Tcl_EvalObjv+0x32) [0x74bd406336a2]
/tools/Xilinx/Vivado/2023.2/lib/lnx64.o/libtcl8.5.so(TclEvalObjEx+0x322) [0x74bd406354c2]
/tools/Xilinx/Vivado/2023.2/lib/lnx64.o/librdi_commontasks.so(+0x2c5b6d) [0x74bd392c5b6d]
/tools/Xilinx/Vivado/2023.2/lib/lnx64.o/librdi_commontasks.so(+0x2c717f) [0x74bd392c717f]
/tools/Xilinx/Vivado/2023.2/lib/lnx64.o/librdi_common.so(+0xd7d9bf) [0x74bd4637d9bf]
/tools/Xilinx/Vivado/2023.2/lib/lnx64.o/libtcl8.5.so(+0x3356f) [0x74bd4063356f]
/tools/Xilinx/Vivado/2023.2/lib/lnx64.o/libtcl8.5.so(Tcl_EvalObjv+0x32) [0x74bd406336a2]
/tools/Xilinx/Vivado/2023.2/lib/lnx64.o/libtcl8.5.so(TclEvalObjEx+0x322) [0x74bd406354c2]
/tools/Xilinx/Vivado/2023.2/lib/lnx64.o/librdi_commonmain.so(+0xe752) [0x74bd471c5752]
/tools/Xilinx/Vivado/2023.2/lib/lnx64.o/libtcl8.5.so(Tcl_Main+0x1d0) [0x74bd406a02f0]
/tools/Xilinx/Vivado/2023.2/lib/lnx64.o/librdi_common.so(+0xda6f7b) [0x74bd463a6f7b]
/lib/x86_64-linux-gnu/libc.so.6(+0x9caa4) [0x74bd44a9caa4]
/lib/x86_64-linux-gnu/libc.so.6(+0x129c6c) [0x74bd44b29c6c]
