

================================================================
== Vitis HLS Report for 'compute_output_buffer_2d_array_array_ap_fixed_26_15_5_3_0_8u_config2_s'
================================================================
* Date:           Sun Mar 22 09:55:01 2026

* Version:        2023.2 (Build 4023990 on Oct 11 2023)
* Project:        myproject_prj
* Solution:       solution1 (Vivado IP Flow Target)
* Product family: zynquplus
* Target device:  xck26-sfvc784-2LV-c


================================================================
== Performance Estimates
================================================================
+ Timing: 
    * Summary: 
    +--------+---------+----------+------------+
    |  Clock |  Target | Estimated| Uncertainty|
    +--------+---------+----------+------------+
    |ap_clk  |  5.00 ns|  2.746 ns|     1.35 ns|
    +--------+---------+----------+------------+

+ Latency: 
    * Summary: 
    +---------+---------+-----------+-----------+-----+-----+---------+
    |  Latency (cycles) |   Latency (absolute)  |  Interval | Pipeline|
    |   min   |   max   |    min    |    max    | min | max |   Type  |
    +---------+---------+-----------+-----------+-----+-----+---------+
    |        2|        2|  10.000 ns|  10.000 ns|    2|    2|      yes|
    +---------+---------+-----------+-----------+-----+-----+---------+

    + Detail: 
        * Instance: 
        +----------------------------------------------------------------------------------+-----------------------------------------------------------------------+---------+---------+----------+----------+-----+-----+---------+
        |                                                                                  |                                                                       |  Latency (cycles) |  Latency (absolute) |  Interval | Pipeline|
        |                                     Instance                                     |                                 Module                                |   min   |   max   |    min   |    max   | min | max |   Type  |
        +----------------------------------------------------------------------------------+-----------------------------------------------------------------------+---------+---------+----------+----------+-----+-----+---------+
        |call_ln281_shift_line_buffer_array_ap_fixed_16_6_5_3_0_2u_config2_s_fu_122        |shift_line_buffer_array_ap_fixed_16_6_5_3_0_2u_config2_s               |        0|        0|      0 ns|      0 ns|    1|    1|      yes|
        |tmp_dense_latency_ap_fixed_16_6_5_3_0_ap_fixed_26_15_5_3_0_config2_mult_s_fu_174  |dense_latency_ap_fixed_16_6_5_3_0_ap_fixed_26_15_5_3_0_config2_mult_s  |        0|        0|      0 ns|      0 ns|    1|    1|      yes|
        +----------------------------------------------------------------------------------+-----------------------------------------------------------------------+---------+---------+----------+----------+-----+-----+---------+

        * Loop: 
        N/A

============================================================
+ Verbose Summary: Synthesis Manager
============================================================
InlineROM: 1
ExposeGlobal: 0
============================================================
+ Verbose Summary: CDFG Model
============================================================
IsTopModel: 0
ResetActiveHigh: 1
IsCombinational: 0
IsDatapathOnly: 0
HasWiredReturn: 1
HasMFsm: 2
HasVarLatency: 0
IsPipeline: 1
IsRtlPipelined: 1
IsInstanceOverlapped: 0
IsDontTouch: 0
HasImplIP: 0
IsGatedGlobalClock: 0

+ Individual pipeline summary: 
  * Pipeline-0: initiation interval (II) = 2, depth = 3


============================================================
+ Verbose Summary: Schedule
============================================================
* Number of FSM states : 3
* Pipeline : 1
  Pipeline-0 : II = 2, D = 3, States = { 1 2 3 }
* Dataflow Pipeline: 0

* FSM state transitions: 
1 --> 2 
2 --> 3 
3 --> 

* FSM state operations: 

State 1 <SV = 0> <Delay = 1.43>
ST_1 : Operation 4 [1/1] (0.00ns)   --->   "%in_elem_0_1_0_0_0_val_read = read i16 @_ssdm_op_Read.ap_auto.i16, i16 %in_elem_0_1_0_0_0_val"   --->   Operation 4 'read' 'in_elem_0_1_0_0_0_val_read' <Predicate = true> <Delay = 0.00>
ST_1 : Operation 5 [1/1] (0.00ns)   --->   "%in_elem_0_0_0_0_0_val_read = read i16 @_ssdm_op_Read.ap_auto.i16, i16 %in_elem_0_0_0_0_0_val"   --->   Operation 5 'read' 'in_elem_0_0_0_0_0_val_read' <Predicate = true> <Delay = 0.00>
ST_1 : Operation 6 [1/1] (1.43ns)   --->   "%call_ln281 = call void @shift_line_buffer<array<ap_fixed<16, 6, 5, 3, 0>, 2u>, config2>, i16 %in_elem_0_0_0_0_0_val_read, i16 %in_elem_0_1_0_0_0_val_read, i16 %void_compute_output_buffer_2d_array_const_ap_shift_reg_n_chan_stream_weig_22, i16 %void_compute_output_buffer_2d_array_const_ap_shift_reg_n_chan_stream_weig_24, i16 %void_compute_output_buffer_2d_array_const_ap_shift_reg_n_chan_stream_weig_21, i16 %void_compute_output_buffer_2d_array_const_ap_shift_reg_n_chan_stream_weig_23, i16 %void_compute_output_buffer_2d_array_const_ap_shift_reg_n_chan_stream_weig_16, i16 %void_compute_output_buffer_2d_array_const_ap_shift_reg_n_chan_stream_weig_18, i16 %void_compute_output_buffer_2d_array_const_ap_shift_reg_n_chan_stream_weig_15, i16 %void_compute_output_buffer_2d_array_const_ap_shift_reg_n_chan_stream_weig_17, i16 %p_ZZN4nnet24compute_output_buffer_2dINS_5arrayI8ap_fixedILi16ELi6EL9ap_q_mode5EL9_3, i16 %p_ZZN4nnet24compute_output_buffer_2dINS_5arrayI8ap_fixedILi16ELi6EL9ap_q_mode5EL9_5, i16 %p_ZZN4nnet24compute_output_buffer_2dINS_5arrayI8ap_fixedILi16ELi6EL9ap_q_mode5EL9_2, i16 %p_ZZN4nnet24compute_output_buffer_2dINS_5arrayI8ap_fixedILi16ELi6EL9ap_q_mode5EL9_4, i16 %void_compute_output_buffer_2d_array_const_ap_shift_reg_n_chan_stream_weig_20, i16 %void_compute_output_buffer_2d_array_const_ap_shift_reg_n_chan_stream_weig_19, i16 %p_ZZN4nnet24compute_output_buffer_2dINS_5arrayI8ap_fixedILi16ELi6EL9ap_q_mode5EL9_7, i16 %p_ZZN4nnet24compute_output_buffer_2dINS_5arrayI8ap_fixedILi16ELi6EL9ap_q_mode5EL9_6, i16 %p_ZZN4nnet24compute_output_buffer_2dINS_5arrayI8ap_fixedILi16ELi6EL9ap_q_mode5EL9_1, i16 %p_ZZN4nnet24compute_output_buffer_2dINS_5arrayI8ap_fixedILi16ELi6EL9ap_q_mode5EL9, i16 %p_ZZN4nnet25conv_2d_buffer_latency_clINS_5arrayI8ap_fixedILi16ELi6EL9ap_q_mode5EL_3, i16 %p_ZZN4nnet25conv_2d_buffer_latency_clINS_5arrayI8ap_fixedILi16ELi6EL9ap_q_mode5EL_1, i16 %p_ZZN4nnet25conv_2d_buffer_latency_clINS_5arrayI8ap_fixedILi16ELi6EL9ap_q_mode5EL_2, i16 %p_ZZN4nnet25conv_2d_buffer_latency_clINS_5arrayI8ap_fixedILi16ELi6EL9ap_q_mode5EL" [firmware/nnet_utils/nnet_conv_stream.h:281]   --->   Operation 6 'call' 'call_ln281' <Predicate = true> <Delay = 1.43> <CoreType = "Generic">   --->   Core 0 '' <Latency = 0> <II = 1> <Delay = 1.00> <Generic> <Opcode : >

State 2 <SV = 1> <Delay = 2.74>
ST_2 : Operation 7 [1/1] (0.00ns)   --->   "%specinterface_ln0 = specinterface void @_ssdm_op_SpecInterface, i208 %layer2_out, void @empty_11, i32 0, i32 0, void @empty_1, i32 0, i32 0, void @empty_1, void @empty_1, void @empty_1, i32 0, i32 0, i32 0, i32 0, void @empty_1, void @empty_1, i32 4294967295, i32 0"   --->   Operation 7 'specinterface' 'specinterface_ln0' <Predicate = true> <Delay = 0.00>
ST_2 : Operation 8 [1/1] (0.00ns)   --->   "%sX_5_load = load i32 %sX_5" [firmware/nnet_utils/nnet_conv_stream.h:284]   --->   Operation 8 'load' 'sX_5_load' <Predicate = true> <Delay = 0.00>
ST_2 : Operation 9 [1/1] (1.01ns)   --->   "%icmp_ln284 = icmp_eq  i32 %sX_5_load, i32 2" [firmware/nnet_utils/nnet_conv_stream.h:284]   --->   Operation 9 'icmp' 'icmp_ln284' <Predicate = true> <Delay = 1.01> <CoreInst = "Cmp">   --->   Core 9 'Cmp' <Latency = 0> <II = 1> <Delay = 1.01> <FuncUnit> <Opcode : 'icmp'> <InPorts = 2> <OutPorts = 1>
ST_2 : Operation 10 [1/1] (0.00ns)   --->   "%sY_5_load = load i32 %sY_5" [firmware/nnet_utils/nnet_conv_stream.h:284]   --->   Operation 10 'load' 'sY_5_load' <Predicate = true> <Delay = 0.00>
ST_2 : Operation 11 [1/1] (0.00ns)   --->   "%pY_5_load = load i32 %pY_5" [firmware/nnet_utils/nnet_conv_stream.h:284]   --->   Operation 11 'load' 'pY_5_load' <Predicate = true> <Delay = 0.00>
ST_2 : Operation 12 [1/1] (0.00ns)   --->   "%pX_5_load = load i32 %pX_5" [firmware/nnet_utils/nnet_conv_stream.h:284]   --->   Operation 12 'load' 'pX_5_load' <Predicate = true> <Delay = 0.00>
ST_2 : Operation 13 [1/1] (0.00ns)   --->   "%br_ln284 = br i1 %icmp_ln284, void %if.end, void %land.lhs.true" [firmware/nnet_utils/nnet_conv_stream.h:284]   --->   Operation 13 'br' 'br_ln284' <Predicate = true> <Delay = 0.00>
ST_2 : Operation 14 [1/1] (1.01ns)   --->   "%icmp_ln284_1 = icmp_eq  i32 %sY_5_load, i32 2" [firmware/nnet_utils/nnet_conv_stream.h:284]   --->   Operation 14 'icmp' 'icmp_ln284_1' <Predicate = (icmp_ln284)> <Delay = 1.01> <CoreInst = "Cmp">   --->   Core 9 'Cmp' <Latency = 0> <II = 1> <Delay = 1.01> <FuncUnit> <Opcode : 'icmp'> <InPorts = 2> <OutPorts = 1>
ST_2 : Operation 15 [1/1] (0.00ns)   --->   "%tmp_254 = partselect i31 @_ssdm_op_PartSelect.i31.i32.i32.i32, i32 %pY_5_load, i32 1, i32 31" [firmware/nnet_utils/nnet_conv_stream.h:284]   --->   Operation 15 'partselect' 'tmp_254' <Predicate = (icmp_ln284)> <Delay = 0.00>
ST_2 : Operation 16 [1/1] (1.00ns)   --->   "%icmp_ln284_2 = icmp_sgt  i31 %tmp_254, i31 0" [firmware/nnet_utils/nnet_conv_stream.h:284]   --->   Operation 16 'icmp' 'icmp_ln284_2' <Predicate = (icmp_ln284)> <Delay = 1.00> <CoreInst = "Cmp">   --->   Core 9 'Cmp' <Latency = 0> <II = 1> <Delay = 1.00> <FuncUnit> <Opcode : 'icmp'> <InPorts = 2> <OutPorts = 1>
ST_2 : Operation 17 [1/1] (0.00ns)   --->   "%tmp_255 = partselect i31 @_ssdm_op_PartSelect.i31.i32.i32.i32, i32 %pX_5_load, i32 1, i32 31" [firmware/nnet_utils/nnet_conv_stream.h:284]   --->   Operation 17 'partselect' 'tmp_255' <Predicate = (icmp_ln284)> <Delay = 0.00>
ST_2 : Operation 18 [1/1] (1.00ns)   --->   "%icmp_ln284_3 = icmp_sgt  i31 %tmp_255, i31 0" [firmware/nnet_utils/nnet_conv_stream.h:284]   --->   Operation 18 'icmp' 'icmp_ln284_3' <Predicate = (icmp_ln284)> <Delay = 1.00> <CoreInst = "Cmp">   --->   Core 9 'Cmp' <Latency = 0> <II = 1> <Delay = 1.00> <FuncUnit> <Opcode : 'icmp'> <InPorts = 2> <OutPorts = 1>
ST_2 : Operation 19 [1/1] (0.00ns) (grouped into LUT with out node and_ln284_1)   --->   "%and_ln284 = and i1 %icmp_ln284_2, i1 %icmp_ln284_3" [firmware/nnet_utils/nnet_conv_stream.h:284]   --->   Operation 19 'and' 'and_ln284' <Predicate = (icmp_ln284)> <Delay = 0.00> <CoreInst = "LogicGate">   --->   Core 74 'LogicGate' <Latency = 0> <II = 1> <Delay = 0.28> <FuncUnit> <Opcode : 'and' 'or' 'xor'> <InPorts = 2> <OutPorts = 1>
ST_2 : Operation 20 [1/1] (0.28ns) (out node of the LUT)   --->   "%and_ln284_1 = and i1 %and_ln284, i1 %icmp_ln284_1" [firmware/nnet_utils/nnet_conv_stream.h:284]   --->   Operation 20 'and' 'and_ln284_1' <Predicate = (icmp_ln284)> <Delay = 0.28> <CoreInst = "LogicGate">   --->   Core 74 'LogicGate' <Latency = 0> <II = 1> <Delay = 0.28> <FuncUnit> <Opcode : 'and' 'or' 'xor'> <InPorts = 2> <OutPorts = 1>
ST_2 : Operation 21 [1/1] (0.00ns)   --->   "%br_ln284 = br i1 %and_ln284_1, void %if.end, void %if.then" [firmware/nnet_utils/nnet_conv_stream.h:284]   --->   Operation 21 'br' 'br_ln284' <Predicate = (icmp_ln284)> <Delay = 0.00>
ST_2 : Operation 22 [1/1] (0.00ns)   --->   "%tmp = call i208 @dense_latency<ap_fixed<16, 6, 5, 3, 0>, ap_fixed<26, 15, 5, 3, 0>, config2_mult>, i16 %void_compute_output_buffer_2d_array_const_ap_shift_reg_n_chan_stream_weig_24, i16 %void_compute_output_buffer_2d_array_const_ap_shift_reg_n_chan_stream_weig_23, i16 %void_compute_output_buffer_2d_array_const_ap_shift_reg_n_chan_stream_weig_22, i16 %void_compute_output_buffer_2d_array_const_ap_shift_reg_n_chan_stream_weig_20, i16 %void_compute_output_buffer_2d_array_const_ap_shift_reg_n_chan_stream_weig_19, i16 %void_compute_output_buffer_2d_array_const_ap_shift_reg_n_chan_stream_weig_18, i16 %void_compute_output_buffer_2d_array_const_ap_shift_reg_n_chan_stream_weig_17, i16 %void_compute_output_buffer_2d_array_const_ap_shift_reg_n_chan_stream_weig_16, i16 %void_compute_output_buffer_2d_array_const_ap_shift_reg_n_chan_stream_weig_15, i16 %p_ZZN4nnet24compute_output_buffer_2dINS_5arrayI8ap_fixedILi16ELi6EL9ap_q_mode5EL9_7, i16 %p_ZZN4nnet24compute_output_buffer_2dINS_5arrayI8ap_fixedILi16ELi6EL9ap_q_mode5EL9_6, i16 %p_ZZN4nnet24compute_output_buffer_2dINS_5arrayI8ap_fixedILi16ELi6EL9ap_q_mode5EL9_5, i16 %p_ZZN4nnet24compute_output_buffer_2dINS_5arrayI8ap_fixedILi16ELi6EL9ap_q_mode5EL9_4, i16 %p_ZZN4nnet24compute_output_buffer_2dINS_5arrayI8ap_fixedILi16ELi6EL9ap_q_mode5EL9_3, i16 %p_ZZN4nnet24compute_output_buffer_2dINS_5arrayI8ap_fixedILi16ELi6EL9ap_q_mode5EL9_2, i16 %p_ZZN4nnet24compute_output_buffer_2dINS_5arrayI8ap_fixedILi16ELi6EL9ap_q_mode5EL9_1, i16 %p_ZZN4nnet24compute_output_buffer_2dINS_5arrayI8ap_fixedILi16ELi6EL9ap_q_mode5EL9" [firmware/nnet_utils/nnet_dense.h:54->firmware/nnet_utils/nnet_conv_stream.h:288]   --->   Operation 22 'call' 'tmp' <Predicate = (icmp_ln284 & and_ln284_1)> <Delay = 0.00> <CoreType = "Generic">   --->   Core 0 '' <Latency = 0> <II = 1> <Delay = 1.00> <Generic> <Opcode : >
ST_2 : Operation 23 [1/1] (0.00ns)   --->   "%res_out = extractvalue i208 %tmp" [firmware/nnet_utils/nnet_dense.h:54->firmware/nnet_utils/nnet_conv_stream.h:288]   --->   Operation 23 'extractvalue' 'res_out' <Predicate = (icmp_ln284 & and_ln284_1)> <Delay = 0.00>
ST_2 : Operation 24 [1/1] (0.00ns)   --->   "%res_out_1 = extractvalue i208 %tmp" [firmware/nnet_utils/nnet_dense.h:54->firmware/nnet_utils/nnet_conv_stream.h:288]   --->   Operation 24 'extractvalue' 'res_out_1' <Predicate = (icmp_ln284 & and_ln284_1)> <Delay = 0.00>
ST_2 : Operation 25 [1/1] (0.00ns)   --->   "%res_out_2 = extractvalue i208 %tmp" [firmware/nnet_utils/nnet_dense.h:54->firmware/nnet_utils/nnet_conv_stream.h:288]   --->   Operation 25 'extractvalue' 'res_out_2' <Predicate = (icmp_ln284 & and_ln284_1)> <Delay = 0.00>
ST_2 : Operation 26 [1/1] (0.00ns)   --->   "%res_out_3 = extractvalue i208 %tmp" [firmware/nnet_utils/nnet_dense.h:54->firmware/nnet_utils/nnet_conv_stream.h:288]   --->   Operation 26 'extractvalue' 'res_out_3' <Predicate = (icmp_ln284 & and_ln284_1)> <Delay = 0.00>
ST_2 : Operation 27 [1/1] (0.00ns)   --->   "%res_out_4 = extractvalue i208 %tmp" [firmware/nnet_utils/nnet_dense.h:54->firmware/nnet_utils/nnet_conv_stream.h:288]   --->   Operation 27 'extractvalue' 'res_out_4' <Predicate = (icmp_ln284 & and_ln284_1)> <Delay = 0.00>
ST_2 : Operation 28 [1/1] (0.00ns)   --->   "%res_out_5 = extractvalue i208 %tmp" [firmware/nnet_utils/nnet_dense.h:54->firmware/nnet_utils/nnet_conv_stream.h:288]   --->   Operation 28 'extractvalue' 'res_out_5' <Predicate = (icmp_ln284 & and_ln284_1)> <Delay = 0.00>
ST_2 : Operation 29 [1/1] (0.00ns)   --->   "%res_out_6 = extractvalue i208 %tmp" [firmware/nnet_utils/nnet_dense.h:54->firmware/nnet_utils/nnet_conv_stream.h:288]   --->   Operation 29 'extractvalue' 'res_out_6' <Predicate = (icmp_ln284 & and_ln284_1)> <Delay = 0.00>
ST_2 : Operation 30 [1/1] (0.00ns)   --->   "%res_out_7 = extractvalue i208 %tmp" [firmware/nnet_utils/nnet_dense.h:54->firmware/nnet_utils/nnet_conv_stream.h:288]   --->   Operation 30 'extractvalue' 'res_out_7' <Predicate = (icmp_ln284 & and_ln284_1)> <Delay = 0.00>
ST_2 : Operation 31 [1/1] (1.01ns)   --->   "%add_ln303 = add i32 %pX_5_load, i32 1" [firmware/nnet_utils/nnet_conv_stream.h:303]   --->   Operation 31 'add' 'add_ln303' <Predicate = true> <Delay = 1.01> <CoreInst = "Adder">   --->   Core 1 'Adder' <Latency = 0> <II = 1> <Delay = 1.01> <FuncUnit> <Opcode : 'add' 'sub'> <InPorts = 2> <OutPorts = 1>
ST_2 : Operation 32 [1/1] (1.01ns)   --->   "%icmp_ln303 = icmp_eq  i32 %add_ln303, i32 66" [firmware/nnet_utils/nnet_conv_stream.h:303]   --->   Operation 32 'icmp' 'icmp_ln303' <Predicate = true> <Delay = 1.01> <CoreInst = "Cmp">   --->   Core 9 'Cmp' <Latency = 0> <II = 1> <Delay = 1.01> <FuncUnit> <Opcode : 'icmp'> <InPorts = 2> <OutPorts = 1>
ST_2 : Operation 33 [1/1] (0.00ns)   --->   "%br_ln303 = br i1 %icmp_ln303, void %if.else20, void %if.then9" [firmware/nnet_utils/nnet_conv_stream.h:303]   --->   Operation 33 'br' 'br_ln303' <Predicate = true> <Delay = 0.00>
ST_2 : Operation 34 [1/1] (0.42ns)   --->   "%store_ln316 = store i32 %add_ln303, i32 %pX_5" [firmware/nnet_utils/nnet_conv_stream.h:316]   --->   Operation 34 'store' 'store_ln316' <Predicate = (!icmp_ln303)> <Delay = 0.42>
ST_2 : Operation 35 [1/1] (1.01ns)   --->   "%add_ln318 = add i32 %sX_5_load, i32 1" [firmware/nnet_utils/nnet_conv_stream.h:318]   --->   Operation 35 'add' 'add_ln318' <Predicate = (!icmp_ln303)> <Delay = 1.01> <CoreInst = "Adder">   --->   Core 1 'Adder' <Latency = 0> <II = 1> <Delay = 1.01> <FuncUnit> <Opcode : 'add' 'sub'> <InPorts = 2> <OutPorts = 1>
ST_2 : Operation 36 [1/1] (0.44ns)   --->   "%select_ln318 = select i1 %icmp_ln284, i32 2, i32 %add_ln318" [firmware/nnet_utils/nnet_conv_stream.h:318]   --->   Operation 36 'select' 'select_ln318' <Predicate = (!icmp_ln303)> <Delay = 0.44> <CoreInst = "Sel">   --->   Core 73 'Sel' <Latency = 0> <II = 1> <Delay = 0.44> <FuncUnit> <Opcode : 'select'> <InPorts = 3> <OutPorts = 1>
ST_2 : Operation 37 [1/1] (0.42ns)   --->   "%store_ln318 = store i32 %select_ln318, i32 %sX_5" [firmware/nnet_utils/nnet_conv_stream.h:318]   --->   Operation 37 'store' 'store_ln318' <Predicate = (!icmp_ln303)> <Delay = 0.42>
ST_2 : Operation 38 [1/1] (0.00ns)   --->   "%br_ln0 = br void %if.end31"   --->   Operation 38 'br' 'br_ln0' <Predicate = (!icmp_ln303)> <Delay = 0.00>
ST_2 : Operation 39 [1/1] (0.42ns)   --->   "%store_ln305 = store i32 0, i32 %pX_5" [firmware/nnet_utils/nnet_conv_stream.h:305]   --->   Operation 39 'store' 'store_ln305' <Predicate = (icmp_ln303)> <Delay = 0.42>
ST_2 : Operation 40 [1/1] (0.42ns)   --->   "%store_ln306 = store i32 0, i32 %sX_5" [firmware/nnet_utils/nnet_conv_stream.h:306]   --->   Operation 40 'store' 'store_ln306' <Predicate = (icmp_ln303)> <Delay = 0.42>
ST_2 : Operation 41 [1/1] (1.01ns)   --->   "%add_ln307 = add i32 %pY_5_load, i32 1" [firmware/nnet_utils/nnet_conv_stream.h:307]   --->   Operation 41 'add' 'add_ln307' <Predicate = (icmp_ln303)> <Delay = 1.01> <CoreInst = "Adder">   --->   Core 1 'Adder' <Latency = 0> <II = 1> <Delay = 1.01> <FuncUnit> <Opcode : 'add' 'sub'> <InPorts = 2> <OutPorts = 1>
ST_2 : Operation 42 [1/1] (1.01ns)   --->   "%icmp_ln307 = icmp_eq  i32 %add_ln307, i32 22" [firmware/nnet_utils/nnet_conv_stream.h:307]   --->   Operation 42 'icmp' 'icmp_ln307' <Predicate = (icmp_ln303)> <Delay = 1.01> <CoreInst = "Cmp">   --->   Core 9 'Cmp' <Latency = 0> <II = 1> <Delay = 1.01> <FuncUnit> <Opcode : 'icmp'> <InPorts = 2> <OutPorts = 1>
ST_2 : Operation 43 [1/1] (0.00ns)   --->   "%br_ln307 = br i1 %icmp_ln307, void %if.else, void %if.then12" [firmware/nnet_utils/nnet_conv_stream.h:307]   --->   Operation 43 'br' 'br_ln307' <Predicate = (icmp_ln303)> <Delay = 0.00>
ST_2 : Operation 44 [1/1] (0.42ns)   --->   "%store_ln311 = store i32 %add_ln307, i32 %pY_5" [firmware/nnet_utils/nnet_conv_stream.h:311]   --->   Operation 44 'store' 'store_ln311' <Predicate = (icmp_ln303 & !icmp_ln307)> <Delay = 0.42>
ST_2 : Operation 45 [1/1] (1.01ns)   --->   "%icmp_ln313 = icmp_eq  i32 %sY_5_load, i32 2" [firmware/nnet_utils/nnet_conv_stream.h:313]   --->   Operation 45 'icmp' 'icmp_ln313' <Predicate = (icmp_ln303 & !icmp_ln307)> <Delay = 1.01> <CoreInst = "Cmp">   --->   Core 9 'Cmp' <Latency = 0> <II = 1> <Delay = 1.01> <FuncUnit> <Opcode : 'icmp'> <InPorts = 2> <OutPorts = 1>
ST_2 : Operation 46 [1/1] (1.01ns)   --->   "%add_ln313 = add i32 %sY_5_load, i32 1" [firmware/nnet_utils/nnet_conv_stream.h:313]   --->   Operation 46 'add' 'add_ln313' <Predicate = (icmp_ln303 & !icmp_ln307)> <Delay = 1.01> <CoreInst = "Adder">   --->   Core 1 'Adder' <Latency = 0> <II = 1> <Delay = 1.01> <FuncUnit> <Opcode : 'add' 'sub'> <InPorts = 2> <OutPorts = 1>
ST_2 : Operation 47 [1/1] (0.44ns)   --->   "%select_ln313 = select i1 %icmp_ln313, i32 2, i32 %add_ln313" [firmware/nnet_utils/nnet_conv_stream.h:313]   --->   Operation 47 'select' 'select_ln313' <Predicate = (icmp_ln303 & !icmp_ln307)> <Delay = 0.44> <CoreInst = "Sel">   --->   Core 73 'Sel' <Latency = 0> <II = 1> <Delay = 0.44> <FuncUnit> <Opcode : 'select'> <InPorts = 3> <OutPorts = 1>
ST_2 : Operation 48 [1/1] (0.42ns)   --->   "%br_ln0 = br void %if.end19"   --->   Operation 48 'br' 'br_ln0' <Predicate = (icmp_ln303 & !icmp_ln307)> <Delay = 0.42>
ST_2 : Operation 49 [1/1] (0.42ns)   --->   "%store_ln308 = store i32 0, i32 %pY_5" [firmware/nnet_utils/nnet_conv_stream.h:308]   --->   Operation 49 'store' 'store_ln308' <Predicate = (icmp_ln303 & icmp_ln307)> <Delay = 0.42>
ST_2 : Operation 50 [1/1] (0.42ns)   --->   "%br_ln310 = br void %if.end19" [firmware/nnet_utils/nnet_conv_stream.h:310]   --->   Operation 50 'br' 'br_ln310' <Predicate = (icmp_ln303 & icmp_ln307)> <Delay = 0.42>

State 3 <SV = 2> <Delay = 1.75>
ST_3 : Operation 51 [1/1] (0.00ns)   --->   "%p_0 = bitconcatenate i208 @_ssdm_op_BitConcatenate.i208.i26.i26.i26.i26.i26.i26.i26.i26, i26 %res_out_7, i26 %res_out_6, i26 %res_out_5, i26 %res_out_4, i26 %res_out_3, i26 %res_out_2, i26 %res_out_1, i26 %res_out" [firmware/nnet_utils/nnet_conv_stream.h:299]   --->   Operation 51 'bitconcatenate' 'p_0' <Predicate = (icmp_ln284 & and_ln284_1)> <Delay = 0.00>
ST_3 : Operation 52 [1/1] (1.75ns)   --->   "%write_ln299 = write void @_ssdm_op_Write.ap_fifo.volatile.i208P0A, i208 %layer2_out, i208 %p_0" [firmware/nnet_utils/nnet_conv_stream.h:299]   --->   Operation 52 'write' 'write_ln299' <Predicate = (icmp_ln284 & and_ln284_1)> <Delay = 1.75> <CoreInst = "FIFO">   --->   Core 78 'FIFO' <Latency = 0> <II = 1> <Delay = 1.75> <Storage> <Opcode : 'read' 'write' 'nbread' 'nbwrite'> <Ports = 0> <Width = 208> <Depth = 1280> <FIFO>
ST_3 : Operation 53 [1/1] (0.00ns)   --->   "%br_ln300 = br void %if.end" [firmware/nnet_utils/nnet_conv_stream.h:300]   --->   Operation 53 'br' 'br_ln300' <Predicate = (icmp_ln284 & and_ln284_1)> <Delay = 0.00>
ST_3 : Operation 54 [1/1] (0.00ns)   --->   "%storemerge = phi i32 %select_ln313, void %if.else, i32 0, void %if.then12" [firmware/nnet_utils/nnet_conv_stream.h:313]   --->   Operation 54 'phi' 'storemerge' <Predicate = (icmp_ln303)> <Delay = 0.00>
ST_3 : Operation 55 [1/1] (0.00ns)   --->   "%store_ln309 = store i32 %storemerge, i32 %sY_5" [firmware/nnet_utils/nnet_conv_stream.h:309]   --->   Operation 55 'store' 'store_ln309' <Predicate = (icmp_ln303)> <Delay = 0.00>
ST_3 : Operation 56 [1/1] (0.00ns)   --->   "%br_ln315 = br void %if.end31" [firmware/nnet_utils/nnet_conv_stream.h:315]   --->   Operation 56 'br' 'br_ln315' <Predicate = (icmp_ln303)> <Delay = 0.00>
ST_3 : Operation 57 [1/1] (0.00ns)   --->   "%ret_ln320 = ret" [firmware/nnet_utils/nnet_conv_stream.h:320]   --->   Operation 57 'ret' 'ret_ln320' <Predicate = true> <Delay = 0.00>


============================================================
+ Verbose Summary: Binding
============================================================
STG Binding: 
---------------- STG Properties BEGIN ----------------
- Is combinational: 0
- Is one-state seq: 0
- Is datapath-only: 0
- Is pipelined: 1
- Is top level: 0
Port [ Return ] is wired: 1; IO mode=ap_ctrl_hs:ce=0
Port [ in_elem_0_0_0_0_0_val]:  wired=1; compound=0; hidden=0; nouse=0; global=0; static=0; extern=0; dir=0; type=0; pingpong=0; private_global=0; IO mode=ap_none:ce=0
Port [ in_elem_0_1_0_0_0_val]:  wired=1; compound=0; hidden=0; nouse=0; global=0; static=0; extern=0; dir=0; type=0; pingpong=0; private_global=0; IO mode=ap_none:ce=0
Port [ layer2_out]:  wired=1; compound=1; hidden=0; nouse=0; global=0; static=0; extern=0; dir=1; type=3; pingpong=0; private_global=0; IO mode=ap_fifo:ce=0
Port [ void_compute_output_buffer_2d_array_const_ap_shift_reg_n_chan_stream_weig_22]:  wired=0; compound=0; hidden=1; nouse=0; global=1; static=1; extern=0; dir=2; type=0; pingpong=0; private_global=1; IO mode=ap_ovld:ce=0
Port [ void_compute_output_buffer_2d_array_const_ap_shift_reg_n_chan_stream_weig_24]:  wired=0; compound=0; hidden=1; nouse=0; global=1; static=1; extern=0; dir=2; type=0; pingpong=0; private_global=1; IO mode=ap_ovld:ce=0
Port [ void_compute_output_buffer_2d_array_const_ap_shift_reg_n_chan_stream_weig_21]:  wired=0; compound=0; hidden=1; nouse=1; global=1; static=1; extern=0; dir=2; type=0; pingpong=0; private_global=0; IO mode=ap_ovld:ce=0
Port [ void_compute_output_buffer_2d_array_const_ap_shift_reg_n_chan_stream_weig_23]:  wired=0; compound=0; hidden=1; nouse=0; global=1; static=1; extern=0; dir=2; type=0; pingpong=0; private_global=1; IO mode=ap_ovld:ce=0
Port [ void_compute_output_buffer_2d_array_const_ap_shift_reg_n_chan_stream_weig_16]:  wired=0; compound=0; hidden=1; nouse=0; global=1; static=1; extern=0; dir=2; type=0; pingpong=0; private_global=1; IO mode=ap_ovld:ce=0
Port [ void_compute_output_buffer_2d_array_const_ap_shift_reg_n_chan_stream_weig_18]:  wired=0; compound=0; hidden=1; nouse=0; global=1; static=1; extern=0; dir=2; type=0; pingpong=0; private_global=1; IO mode=ap_ovld:ce=0
Port [ void_compute_output_buffer_2d_array_const_ap_shift_reg_n_chan_stream_weig_15]:  wired=0; compound=0; hidden=1; nouse=0; global=1; static=1; extern=0; dir=2; type=0; pingpong=0; private_global=1; IO mode=ap_ovld:ce=0
Port [ void_compute_output_buffer_2d_array_const_ap_shift_reg_n_chan_stream_weig_17]:  wired=0; compound=0; hidden=1; nouse=0; global=1; static=1; extern=0; dir=2; type=0; pingpong=0; private_global=1; IO mode=ap_ovld:ce=0
Port [ p_ZZN4nnet24compute_output_buffer_2dINS_5arrayI8ap_fixedILi16ELi6EL9ap_q_mode5EL9_3]:  wired=0; compound=0; hidden=1; nouse=0; global=1; static=1; extern=0; dir=2; type=0; pingpong=0; private_global=1; IO mode=ap_ovld:ce=0
Port [ p_ZZN4nnet24compute_output_buffer_2dINS_5arrayI8ap_fixedILi16ELi6EL9ap_q_mode5EL9_5]:  wired=0; compound=0; hidden=1; nouse=0; global=1; static=1; extern=0; dir=2; type=0; pingpong=0; private_global=1; IO mode=ap_ovld:ce=0
Port [ p_ZZN4nnet24compute_output_buffer_2dINS_5arrayI8ap_fixedILi16ELi6EL9ap_q_mode5EL9_2]:  wired=0; compound=0; hidden=1; nouse=0; global=1; static=1; extern=0; dir=2; type=0; pingpong=0; private_global=1; IO mode=ap_ovld:ce=0
Port [ p_ZZN4nnet24compute_output_buffer_2dINS_5arrayI8ap_fixedILi16ELi6EL9ap_q_mode5EL9_4]:  wired=0; compound=0; hidden=1; nouse=0; global=1; static=1; extern=0; dir=2; type=0; pingpong=0; private_global=1; IO mode=ap_ovld:ce=0
Port [ void_compute_output_buffer_2d_array_const_ap_shift_reg_n_chan_stream_weig_20]:  wired=0; compound=0; hidden=1; nouse=0; global=1; static=1; extern=0; dir=2; type=0; pingpong=0; private_global=1; IO mode=ap_ovld:ce=0
Port [ void_compute_output_buffer_2d_array_const_ap_shift_reg_n_chan_stream_weig_19]:  wired=0; compound=0; hidden=1; nouse=0; global=1; static=1; extern=0; dir=2; type=0; pingpong=0; private_global=1; IO mode=ap_ovld:ce=0
Port [ p_ZZN4nnet24compute_output_buffer_2dINS_5arrayI8ap_fixedILi16ELi6EL9ap_q_mode5EL9_7]:  wired=0; compound=0; hidden=1; nouse=0; global=1; static=1; extern=0; dir=2; type=0; pingpong=0; private_global=1; IO mode=ap_ovld:ce=0
Port [ p_ZZN4nnet24compute_output_buffer_2dINS_5arrayI8ap_fixedILi16ELi6EL9ap_q_mode5EL9_6]:  wired=0; compound=0; hidden=1; nouse=0; global=1; static=1; extern=0; dir=2; type=0; pingpong=0; private_global=1; IO mode=ap_ovld:ce=0
Port [ p_ZZN4nnet24compute_output_buffer_2dINS_5arrayI8ap_fixedILi16ELi6EL9ap_q_mode5EL9_1]:  wired=0; compound=0; hidden=1; nouse=0; global=1; static=1; extern=0; dir=2; type=0; pingpong=0; private_global=1; IO mode=ap_ovld:ce=0
Port [ p_ZZN4nnet24compute_output_buffer_2dINS_5arrayI8ap_fixedILi16ELi6EL9ap_q_mode5EL9]:  wired=0; compound=0; hidden=1; nouse=0; global=1; static=1; extern=0; dir=2; type=0; pingpong=0; private_global=1; IO mode=ap_ovld:ce=0
Port [ p_ZZN4nnet25conv_2d_buffer_latency_clINS_5arrayI8ap_fixedILi16ELi6EL9ap_q_mode5EL_3]:  wired=0; compound=1; hidden=1; nouse=1; global=1; static=1; extern=0; dir=3; type=1; pingpong=0; private_global=0; MemPort=[2]; IO mode=ap_memory:ce=0
Port [ p_ZZN4nnet25conv_2d_buffer_latency_clINS_5arrayI8ap_fixedILi16ELi6EL9ap_q_mode5EL_1]:  wired=0; compound=1; hidden=1; nouse=1; global=1; static=1; extern=0; dir=3; type=1; pingpong=0; private_global=0; MemPort=[2]; IO mode=ap_memory:ce=0
Port [ p_ZZN4nnet25conv_2d_buffer_latency_clINS_5arrayI8ap_fixedILi16ELi6EL9ap_q_mode5EL_2]:  wired=0; compound=1; hidden=1; nouse=1; global=1; static=1; extern=0; dir=3; type=1; pingpong=0; private_global=0; MemPort=[2]; IO mode=ap_memory:ce=0
Port [ p_ZZN4nnet25conv_2d_buffer_latency_clINS_5arrayI8ap_fixedILi16ELi6EL9ap_q_mode5EL]:  wired=0; compound=1; hidden=1; nouse=1; global=1; static=1; extern=0; dir=3; type=1; pingpong=0; private_global=0; MemPort=[2]; IO mode=ap_memory:ce=0
Port [ sX_5]:  wired=0; compound=0; hidden=1; nouse=0; global=1; static=1; extern=0; dir=2; type=0; pingpong=0; private_global=1; IO mode=ap_ovld:ce=0
Port [ sY_5]:  wired=0; compound=0; hidden=1; nouse=0; global=1; static=1; extern=0; dir=2; type=0; pingpong=0; private_global=1; IO mode=ap_ovld:ce=0
Port [ pY_5]:  wired=0; compound=0; hidden=1; nouse=0; global=1; static=1; extern=0; dir=2; type=0; pingpong=0; private_global=1; IO mode=ap_ovld:ce=0
Port [ pX_5]:  wired=0; compound=0; hidden=1; nouse=0; global=1; static=1; extern=0; dir=2; type=0; pingpong=0; private_global=1; IO mode=ap_ovld:ce=0
---------------- STG Properties END ------------------

---------------- Datapath Model BEGIN ----------------

<LifeTime>
<method=bitvector/>
in_elem_0_1_0_0_0_val_read (read          ) [ 0000]
in_elem_0_0_0_0_0_val_read (read          ) [ 0000]
call_ln281                 (call          ) [ 0000]
specinterface_ln0          (specinterface ) [ 0000]
sX_5_load                  (load          ) [ 0000]
icmp_ln284                 (icmp          ) [ 0111]
sY_5_load                  (load          ) [ 0000]
pY_5_load                  (load          ) [ 0000]
pX_5_load                  (load          ) [ 0000]
br_ln284                   (br            ) [ 0000]
icmp_ln284_1               (icmp          ) [ 0000]
tmp_254                    (partselect    ) [ 0000]
icmp_ln284_2               (icmp          ) [ 0000]
tmp_255                    (partselect    ) [ 0000]
icmp_ln284_3               (icmp          ) [ 0000]
and_ln284                  (and           ) [ 0000]
and_ln284_1                (and           ) [ 0111]
br_ln284                   (br            ) [ 0000]
tmp                        (call          ) [ 0000]
res_out                    (extractvalue  ) [ 0101]
res_out_1                  (extractvalue  ) [ 0101]
res_out_2                  (extractvalue  ) [ 0101]
res_out_3                  (extractvalue  ) [ 0101]
res_out_4                  (extractvalue  ) [ 0101]
res_out_5                  (extractvalue  ) [ 0101]
res_out_6                  (extractvalue  ) [ 0101]
res_out_7                  (extractvalue  ) [ 0101]
add_ln303                  (add           ) [ 0000]
icmp_ln303                 (icmp          ) [ 0111]
br_ln303                   (br            ) [ 0000]
store_ln316                (store         ) [ 0000]
add_ln318                  (add           ) [ 0000]
select_ln318               (select        ) [ 0000]
store_ln318                (store         ) [ 0000]
br_ln0                     (br            ) [ 0000]
store_ln305                (store         ) [ 0000]
store_ln306                (store         ) [ 0000]
add_ln307                  (add           ) [ 0000]
icmp_ln307                 (icmp          ) [ 0010]
br_ln307                   (br            ) [ 0000]
store_ln311                (store         ) [ 0000]
icmp_ln313                 (icmp          ) [ 0000]
add_ln313                  (add           ) [ 0000]
select_ln313               (select        ) [ 0111]
br_ln0                     (br            ) [ 0111]
store_ln308                (store         ) [ 0000]
br_ln310                   (br            ) [ 0111]
p_0                        (bitconcatenate) [ 0000]
write_ln299                (write         ) [ 0000]
br_ln300                   (br            ) [ 0000]
storemerge                 (phi           ) [ 0101]
store_ln309                (store         ) [ 0000]
br_ln315                   (br            ) [ 0000]
ret_ln320                  (ret           ) [ 0000]
</LifeTime>

<model>

<comp_list>
<comp id="0" class="1000" name="in_elem_0_0_0_0_0_val">
<pin_list>
<pin id="1" dir="1" index="0" bw="1" slack="0"/>
</pin_list>
<bind>
<StgValue><ssdm name="in_elem_0_0_0_0_0_val"/></StgValue>
</bind>
</comp>

<comp id="2" class="1000" name="in_elem_0_1_0_0_0_val">
<pin_list>
<pin id="3" dir="1" index="0" bw="1" slack="0"/>
</pin_list>
<bind>
<StgValue><ssdm name="in_elem_0_1_0_0_0_val"/></StgValue>
</bind>
</comp>

<comp id="4" class="1000" name="layer2_out">
<pin_list>
<pin id="5" dir="1" index="0" bw="1" slack="0"/>
</pin_list>
<bind>
<StgValue><ssdm name="layer2_out"/></StgValue>
</bind>
</comp>

<comp id="6" class="1000" name="void_compute_output_buffer_2d_array_const_ap_shift_reg_n_chan_stream_weig_22">
<pin_list>
<pin id="7" dir="1" index="0" bw="1" slack="0"/>
</pin_list>
<bind>
<StgValue><ssdm name="void_compute_output_buffer_2d_array_const_ap_shift_reg_n_chan_stream_weig_22"/></StgValue>
</bind>
</comp>

<comp id="8" class="1000" name="void_compute_output_buffer_2d_array_const_ap_shift_reg_n_chan_stream_weig_24">
<pin_list>
<pin id="9" dir="1" index="0" bw="1" slack="0"/>
</pin_list>
<bind>
<StgValue><ssdm name="void_compute_output_buffer_2d_array_const_ap_shift_reg_n_chan_stream_weig_24"/></StgValue>
</bind>
</comp>

<comp id="10" class="1000" name="void_compute_output_buffer_2d_array_const_ap_shift_reg_n_chan_stream_weig_21">
<pin_list>
<pin id="11" dir="1" index="0" bw="1" slack="0"/>
</pin_list>
<bind>
<StgValue><ssdm name="void_compute_output_buffer_2d_array_const_ap_shift_reg_n_chan_stream_weig_21"/></StgValue>
</bind>
</comp>

<comp id="12" class="1000" name="void_compute_output_buffer_2d_array_const_ap_shift_reg_n_chan_stream_weig_23">
<pin_list>
<pin id="13" dir="1" index="0" bw="1" slack="0"/>
</pin_list>
<bind>
<StgValue><ssdm name="void_compute_output_buffer_2d_array_const_ap_shift_reg_n_chan_stream_weig_23"/></StgValue>
</bind>
</comp>

<comp id="14" class="1000" name="void_compute_output_buffer_2d_array_const_ap_shift_reg_n_chan_stream_weig_16">
<pin_list>
<pin id="15" dir="1" index="0" bw="1" slack="0"/>
</pin_list>
<bind>
<StgValue><ssdm name="void_compute_output_buffer_2d_array_const_ap_shift_reg_n_chan_stream_weig_16"/></StgValue>
</bind>
</comp>

<comp id="16" class="1000" name="void_compute_output_buffer_2d_array_const_ap_shift_reg_n_chan_stream_weig_18">
<pin_list>
<pin id="17" dir="1" index="0" bw="1" slack="0"/>
</pin_list>
<bind>
<StgValue><ssdm name="void_compute_output_buffer_2d_array_const_ap_shift_reg_n_chan_stream_weig_18"/></StgValue>
</bind>
</comp>

<comp id="18" class="1000" name="void_compute_output_buffer_2d_array_const_ap_shift_reg_n_chan_stream_weig_15">
<pin_list>
<pin id="19" dir="1" index="0" bw="1" slack="0"/>
</pin_list>
<bind>
<StgValue><ssdm name="void_compute_output_buffer_2d_array_const_ap_shift_reg_n_chan_stream_weig_15"/></StgValue>
</bind>
</comp>

<comp id="20" class="1000" name="void_compute_output_buffer_2d_array_const_ap_shift_reg_n_chan_stream_weig_17">
<pin_list>
<pin id="21" dir="1" index="0" bw="1" slack="0"/>
</pin_list>
<bind>
<StgValue><ssdm name="void_compute_output_buffer_2d_array_const_ap_shift_reg_n_chan_stream_weig_17"/></StgValue>
</bind>
</comp>

<comp id="22" class="1000" name="p_ZZN4nnet24compute_output_buffer_2dINS_5arrayI8ap_fixedILi16ELi6EL9ap_q_mode5EL9_3">
<pin_list>
<pin id="23" dir="1" index="0" bw="1" slack="0"/>
</pin_list>
<bind>
<StgValue><ssdm name="p_ZZN4nnet24compute_output_buffer_2dINS_5arrayI8ap_fixedILi16ELi6EL9ap_q_mode5EL9_3"/></StgValue>
</bind>
</comp>

<comp id="24" class="1000" name="p_ZZN4nnet24compute_output_buffer_2dINS_5arrayI8ap_fixedILi16ELi6EL9ap_q_mode5EL9_5">
<pin_list>
<pin id="25" dir="1" index="0" bw="1" slack="0"/>
</pin_list>
<bind>
<StgValue><ssdm name="p_ZZN4nnet24compute_output_buffer_2dINS_5arrayI8ap_fixedILi16ELi6EL9ap_q_mode5EL9_5"/></StgValue>
</bind>
</comp>

<comp id="26" class="1000" name="p_ZZN4nnet24compute_output_buffer_2dINS_5arrayI8ap_fixedILi16ELi6EL9ap_q_mode5EL9_2">
<pin_list>
<pin id="27" dir="1" index="0" bw="1" slack="0"/>
</pin_list>
<bind>
<StgValue><ssdm name="p_ZZN4nnet24compute_output_buffer_2dINS_5arrayI8ap_fixedILi16ELi6EL9ap_q_mode5EL9_2"/></StgValue>
</bind>
</comp>

<comp id="28" class="1000" name="p_ZZN4nnet24compute_output_buffer_2dINS_5arrayI8ap_fixedILi16ELi6EL9ap_q_mode5EL9_4">
<pin_list>
<pin id="29" dir="1" index="0" bw="1" slack="0"/>
</pin_list>
<bind>
<StgValue><ssdm name="p_ZZN4nnet24compute_output_buffer_2dINS_5arrayI8ap_fixedILi16ELi6EL9ap_q_mode5EL9_4"/></StgValue>
</bind>
</comp>

<comp id="30" class="1000" name="void_compute_output_buffer_2d_array_const_ap_shift_reg_n_chan_stream_weig_20">
<pin_list>
<pin id="31" dir="1" index="0" bw="1" slack="0"/>
</pin_list>
<bind>
<StgValue><ssdm name="void_compute_output_buffer_2d_array_const_ap_shift_reg_n_chan_stream_weig_20"/></StgValue>
</bind>
</comp>

<comp id="32" class="1000" name="void_compute_output_buffer_2d_array_const_ap_shift_reg_n_chan_stream_weig_19">
<pin_list>
<pin id="33" dir="1" index="0" bw="1" slack="0"/>
</pin_list>
<bind>
<StgValue><ssdm name="void_compute_output_buffer_2d_array_const_ap_shift_reg_n_chan_stream_weig_19"/></StgValue>
</bind>
</comp>

<comp id="34" class="1000" name="p_ZZN4nnet24compute_output_buffer_2dINS_5arrayI8ap_fixedILi16ELi6EL9ap_q_mode5EL9_7">
<pin_list>
<pin id="35" dir="1" index="0" bw="1" slack="0"/>
</pin_list>
<bind>
<StgValue><ssdm name="p_ZZN4nnet24compute_output_buffer_2dINS_5arrayI8ap_fixedILi16ELi6EL9ap_q_mode5EL9_7"/></StgValue>
</bind>
</comp>

<comp id="36" class="1000" name="p_ZZN4nnet24compute_output_buffer_2dINS_5arrayI8ap_fixedILi16ELi6EL9ap_q_mode5EL9_6">
<pin_list>
<pin id="37" dir="1" index="0" bw="1" slack="0"/>
</pin_list>
<bind>
<StgValue><ssdm name="p_ZZN4nnet24compute_output_buffer_2dINS_5arrayI8ap_fixedILi16ELi6EL9ap_q_mode5EL9_6"/></StgValue>
</bind>
</comp>

<comp id="38" class="1000" name="p_ZZN4nnet24compute_output_buffer_2dINS_5arrayI8ap_fixedILi16ELi6EL9ap_q_mode5EL9_1">
<pin_list>
<pin id="39" dir="1" index="0" bw="1" slack="0"/>
</pin_list>
<bind>
<StgValue><ssdm name="p_ZZN4nnet24compute_output_buffer_2dINS_5arrayI8ap_fixedILi16ELi6EL9ap_q_mode5EL9_1"/></StgValue>
</bind>
</comp>

<comp id="40" class="1000" name="p_ZZN4nnet24compute_output_buffer_2dINS_5arrayI8ap_fixedILi16ELi6EL9ap_q_mode5EL9">
<pin_list>
<pin id="41" dir="1" index="0" bw="1" slack="0"/>
</pin_list>
<bind>
<StgValue><ssdm name="p_ZZN4nnet24compute_output_buffer_2dINS_5arrayI8ap_fixedILi16ELi6EL9ap_q_mode5EL9"/></StgValue>
</bind>
</comp>

<comp id="42" class="1000" name="p_ZZN4nnet25conv_2d_buffer_latency_clINS_5arrayI8ap_fixedILi16ELi6EL9ap_q_mode5EL_3">
<pin_list>
<pin id="43" dir="1" index="0" bw="1" slack="0"/>
</pin_list>
<bind>
<StgValue><ssdm name="p_ZZN4nnet25conv_2d_buffer_latency_clINS_5arrayI8ap_fixedILi16ELi6EL9ap_q_mode5EL_3"/><MemPortTyVec>2 </MemPortTyVec>
</StgValue>
</bind>
</comp>

<comp id="44" class="1000" name="p_ZZN4nnet25conv_2d_buffer_latency_clINS_5arrayI8ap_fixedILi16ELi6EL9ap_q_mode5EL_1">
<pin_list>
<pin id="45" dir="1" index="0" bw="1" slack="0"/>
</pin_list>
<bind>
<StgValue><ssdm name="p_ZZN4nnet25conv_2d_buffer_latency_clINS_5arrayI8ap_fixedILi16ELi6EL9ap_q_mode5EL_1"/><MemPortTyVec>2 </MemPortTyVec>
</StgValue>
</bind>
</comp>

<comp id="46" class="1000" name="p_ZZN4nnet25conv_2d_buffer_latency_clINS_5arrayI8ap_fixedILi16ELi6EL9ap_q_mode5EL_2">
<pin_list>
<pin id="47" dir="1" index="0" bw="1" slack="0"/>
</pin_list>
<bind>
<StgValue><ssdm name="p_ZZN4nnet25conv_2d_buffer_latency_clINS_5arrayI8ap_fixedILi16ELi6EL9ap_q_mode5EL_2"/><MemPortTyVec>2 </MemPortTyVec>
</StgValue>
</bind>
</comp>

<comp id="48" class="1000" name="p_ZZN4nnet25conv_2d_buffer_latency_clINS_5arrayI8ap_fixedILi16ELi6EL9ap_q_mode5EL">
<pin_list>
<pin id="49" dir="1" index="0" bw="1" slack="0"/>
</pin_list>
<bind>
<StgValue><ssdm name="p_ZZN4nnet25conv_2d_buffer_latency_clINS_5arrayI8ap_fixedILi16ELi6EL9ap_q_mode5EL"/><MemPortTyVec>2 </MemPortTyVec>
</StgValue>
</bind>
</comp>

<comp id="50" class="1000" name="sX_5">
<pin_list>
<pin id="51" dir="1" index="0" bw="1" slack="0"/>
</pin_list>
<bind>
<StgValue><ssdm name="sX_5"/></StgValue>
</bind>
</comp>

<comp id="52" class="1000" name="sY_5">
<pin_list>
<pin id="53" dir="1" index="0" bw="1" slack="0"/>
</pin_list>
<bind>
<StgValue><ssdm name="sY_5"/></StgValue>
</bind>
</comp>

<comp id="54" class="1000" name="pY_5">
<pin_list>
<pin id="55" dir="1" index="0" bw="1" slack="0"/>
</pin_list>
<bind>
<StgValue><ssdm name="pY_5"/></StgValue>
</bind>
</comp>

<comp id="56" class="1000" name="pX_5">
<pin_list>
<pin id="57" dir="1" index="0" bw="1" slack="0"/>
</pin_list>
<bind>
<StgValue><ssdm name="pX_5"/></StgValue>
</bind>
</comp>

<comp id="58" class="1001" name="const_58">
<pin_list>
<pin id="59" dir="1" index="0" bw="1" slack="0"/>
</pin_list>
<bind>
<StgValue><ssdm name="_ssdm_op_Read.ap_auto.i16"/></StgValue>
</bind>
</comp>

<comp id="60" class="1001" name="const_60">
<pin_list>
<pin id="61" dir="1" index="0" bw="1" slack="0"/>
</pin_list>
<bind>
<StgValue><ssdm name="shift_line_buffer<array<ap_fixed<16, 6, 5, 3, 0>, 2u>, config2>"/></StgValue>
</bind>
</comp>

<comp id="62" class="1001" name="const_62">
<pin_list>
<pin id="63" dir="1" index="0" bw="1" slack="2147483647"/>
</pin_list>
<bind>
<StgValue><ssdm name="_ssdm_op_SpecInterface"/></StgValue>
</bind>
</comp>

<comp id="64" class="1001" name="const_64">
<pin_list>
<pin id="65" dir="1" index="0" bw="1" slack="2147483647"/>
</pin_list>
<bind>
<StgValue><ssdm name="empty_11"/></StgValue>
</bind>
</comp>

<comp id="66" class="1001" name="const_66">
<pin_list>
<pin id="67" dir="1" index="0" bw="1" slack="0"/>
</pin_list>
<bind>
<StgValue><ssdm name=""/></StgValue>
</bind>
</comp>

<comp id="68" class="1001" name="const_68">
<pin_list>
<pin id="69" dir="1" index="0" bw="1" slack="2147483647"/>
</pin_list>
<bind>
<StgValue><ssdm name="empty_1"/></StgValue>
</bind>
</comp>

<comp id="70" class="1001" name="const_70">
<pin_list>
<pin id="71" dir="1" index="0" bw="1" slack="2147483647"/>
</pin_list>
<bind>
<StgValue><ssdm name=""/></StgValue>
</bind>
</comp>

<comp id="72" class="1001" name="const_72">
<pin_list>
<pin id="73" dir="1" index="0" bw="1" slack="0"/>
</pin_list>
<bind>
<StgValue><ssdm name=""/></StgValue>
</bind>
</comp>

<comp id="74" class="1001" name="const_74">
<pin_list>
<pin id="75" dir="1" index="0" bw="1" slack="0"/>
</pin_list>
<bind>
<StgValue><ssdm name="_ssdm_op_PartSelect.i31.i32.i32.i32"/></StgValue>
</bind>
</comp>

<comp id="76" class="1001" name="const_76">
<pin_list>
<pin id="77" dir="1" index="0" bw="1" slack="0"/>
</pin_list>
<bind>
<StgValue><ssdm name=""/></StgValue>
</bind>
</comp>

<comp id="78" class="1001" name="const_78">
<pin_list>
<pin id="79" dir="1" index="0" bw="1" slack="0"/>
</pin_list>
<bind>
<StgValue><ssdm name=""/></StgValue>
</bind>
</comp>

<comp id="80" class="1001" name="const_80">
<pin_list>
<pin id="81" dir="1" index="0" bw="1" slack="0"/>
</pin_list>
<bind>
<StgValue><ssdm name=""/></StgValue>
</bind>
</comp>

<comp id="82" class="1001" name="const_82">
<pin_list>
<pin id="83" dir="1" index="0" bw="1" slack="0"/>
</pin_list>
<bind>
<StgValue><ssdm name="dense_latency<ap_fixed<16, 6, 5, 3, 0>, ap_fixed<26, 15, 5, 3, 0>, config2_mult>"/></StgValue>
</bind>
</comp>

<comp id="84" class="1001" name="const_84">
<pin_list>
<pin id="85" dir="1" index="0" bw="1" slack="0"/>
</pin_list>
<bind>
<StgValue><ssdm name=""/></StgValue>
</bind>
</comp>

<comp id="86" class="1001" name="const_86">
<pin_list>
<pin id="87" dir="1" index="0" bw="1" slack="0"/>
</pin_list>
<bind>
<StgValue><ssdm name=""/></StgValue>
</bind>
</comp>

<comp id="88" class="1001" name="const_88">
<pin_list>
<pin id="89" dir="1" index="0" bw="1" slack="0"/>
</pin_list>
<bind>
<StgValue><ssdm name="_ssdm_op_BitConcatenate.i208.i26.i26.i26.i26.i26.i26.i26.i26"/></StgValue>
</bind>
</comp>

<comp id="90" class="1001" name="const_90">
<pin_list>
<pin id="91" dir="1" index="0" bw="1" slack="0"/>
</pin_list>
<bind>
<StgValue><ssdm name="_ssdm_op_Write.ap_fifo.volatile.i208P0A"/></StgValue>
</bind>
</comp>

<comp id="92" class="1004" name="in_elem_0_1_0_0_0_val_read_read_fu_92">
<pin_list>
<pin id="93" dir="0" index="0" bw="16" slack="0"/>
<pin id="94" dir="0" index="1" bw="16" slack="0"/>
<pin id="95" dir="1" index="2" bw="16" slack="0"/>
</pin_list>
<bind>
<opcode="read(1150) " fcode="read"/>
<opset="in_elem_0_1_0_0_0_val_read/1 "/>
</bind>
</comp>

<comp id="98" class="1004" name="in_elem_0_0_0_0_0_val_read_read_fu_98">
<pin_list>
<pin id="99" dir="0" index="0" bw="16" slack="0"/>
<pin id="100" dir="0" index="1" bw="16" slack="0"/>
<pin id="101" dir="1" index="2" bw="16" slack="0"/>
</pin_list>
<bind>
<opcode="read(1150) " fcode="read"/>
<opset="in_elem_0_0_0_0_0_val_read/1 "/>
</bind>
</comp>

<comp id="104" class="1004" name="write_ln299_write_fu_104">
<pin_list>
<pin id="105" dir="0" index="0" bw="0" slack="0"/>
<pin id="106" dir="0" index="1" bw="208" slack="0"/>
<pin id="107" dir="0" index="2" bw="208" slack="0"/>
<pin id="108" dir="1" index="3" bw="0" slack="2147483647"/>
</pin_list>
<bind>
<opcode="write(1151) " fcode="write"/>
<opset="write_ln299/3 "/>
</bind>
</comp>

<comp id="111" class="1005" name="storemerge_reg_111">
<pin_list>
<pin id="112" dir="0" index="0" bw="32" slack="1"/>
<pin id="113" dir="1" index="1" bw="32" slack="1"/>
</pin_list>
<bind>
<opset="storemerge (phireg) "/>
</bind>
</comp>

<comp id="115" class="1004" name="storemerge_phi_fu_115">
<pin_list>
<pin id="116" dir="0" index="0" bw="32" slack="1"/>
<pin id="117" dir="0" index="1" bw="0" slack="2147483647"/>
<pin id="118" dir="0" index="2" bw="1" slack="1"/>
<pin id="119" dir="0" index="3" bw="0" slack="2147483647"/>
<pin id="120" dir="1" index="4" bw="32" slack="0"/>
</pin_list>
<bind>
<opcode="phi(47) " fcode="phi"/>
<opset="storemerge/3 "/>
</bind>
</comp>

<comp id="122" class="1004" name="call_ln281_shift_line_buffer_array_ap_fixed_16_6_5_3_0_2u_config2_s_fu_122">
<pin_list>
<pin id="123" dir="0" index="0" bw="0" slack="0"/>
<pin id="124" dir="0" index="1" bw="16" slack="0"/>
<pin id="125" dir="0" index="2" bw="16" slack="0"/>
<pin id="126" dir="0" index="3" bw="16" slack="0"/>
<pin id="127" dir="0" index="4" bw="16" slack="0"/>
<pin id="128" dir="0" index="5" bw="16" slack="0"/>
<pin id="129" dir="0" index="6" bw="16" slack="0"/>
<pin id="130" dir="0" index="7" bw="16" slack="0"/>
<pin id="131" dir="0" index="8" bw="16" slack="0"/>
<pin id="132" dir="0" index="9" bw="16" slack="0"/>
<pin id="133" dir="0" index="10" bw="16" slack="0"/>
<pin id="134" dir="0" index="11" bw="16" slack="0"/>
<pin id="135" dir="0" index="12" bw="16" slack="0"/>
<pin id="136" dir="0" index="13" bw="16" slack="0"/>
<pin id="137" dir="0" index="14" bw="16" slack="0"/>
<pin id="138" dir="0" index="15" bw="16" slack="0"/>
<pin id="139" dir="0" index="16" bw="16" slack="0"/>
<pin id="140" dir="0" index="17" bw="16" slack="0"/>
<pin id="141" dir="0" index="18" bw="16" slack="0"/>
<pin id="142" dir="0" index="19" bw="16" slack="0"/>
<pin id="143" dir="0" index="20" bw="16" slack="0"/>
<pin id="144" dir="0" index="21" bw="16" slack="0"/>
<pin id="145" dir="0" index="22" bw="16" slack="0"/>
<pin id="146" dir="0" index="23" bw="16" slack="0"/>
<pin id="147" dir="0" index="24" bw="16" slack="0"/>
<pin id="148" dir="1" index="25" bw="0" slack="2147483647"/>
</pin_list>
<bind>
<opcode="call(48) " fcode="call"/>
<opset="call_ln281/1 "/>
</bind>
</comp>

<comp id="174" class="1004" name="tmp_dense_latency_ap_fixed_16_6_5_3_0_ap_fixed_26_15_5_3_0_config2_mult_s_fu_174">
<pin_list>
<pin id="175" dir="0" index="0" bw="208" slack="0"/>
<pin id="176" dir="0" index="1" bw="16" slack="0"/>
<pin id="177" dir="0" index="2" bw="16" slack="0"/>
<pin id="178" dir="0" index="3" bw="16" slack="0"/>
<pin id="179" dir="0" index="4" bw="16" slack="0"/>
<pin id="180" dir="0" index="5" bw="16" slack="0"/>
<pin id="181" dir="0" index="6" bw="16" slack="0"/>
<pin id="182" dir="0" index="7" bw="16" slack="0"/>
<pin id="183" dir="0" index="8" bw="16" slack="0"/>
<pin id="184" dir="0" index="9" bw="16" slack="0"/>
<pin id="185" dir="0" index="10" bw="16" slack="0"/>
<pin id="186" dir="0" index="11" bw="16" slack="0"/>
<pin id="187" dir="0" index="12" bw="16" slack="0"/>
<pin id="188" dir="0" index="13" bw="16" slack="0"/>
<pin id="189" dir="0" index="14" bw="16" slack="0"/>
<pin id="190" dir="0" index="15" bw="16" slack="0"/>
<pin id="191" dir="0" index="16" bw="16" slack="0"/>
<pin id="192" dir="0" index="17" bw="16" slack="0"/>
<pin id="193" dir="1" index="18" bw="208" slack="0"/>
</pin_list>
<bind>
<opcode="call(48) " fcode="call"/>
<opset="tmp/2 "/>
</bind>
</comp>

<comp id="212" class="1004" name="sX_5_load_load_fu_212">
<pin_list>
<pin id="213" dir="0" index="0" bw="32" slack="0"/>
<pin id="214" dir="1" index="1" bw="32" slack="0"/>
</pin_list>
<bind>
<opcode="load(27) " fcode="load"/>
<opset="sX_5_load/2 "/>
</bind>
</comp>

<comp id="216" class="1004" name="icmp_ln284_fu_216">
<pin_list>
<pin id="217" dir="0" index="0" bw="32" slack="0"/>
<pin id="218" dir="0" index="1" bw="3" slack="0"/>
<pin id="219" dir="1" index="2" bw="1" slack="0"/>
</pin_list>
<bind>
<opcode="icmp(45) " fcode="icmp"/>
<opset="icmp_ln284/2 "/>
</bind>
</comp>

<comp id="222" class="1004" name="sY_5_load_load_fu_222">
<pin_list>
<pin id="223" dir="0" index="0" bw="32" slack="0"/>
<pin id="224" dir="1" index="1" bw="32" slack="0"/>
</pin_list>
<bind>
<opcode="load(27) " fcode="load"/>
<opset="sY_5_load/2 "/>
</bind>
</comp>

<comp id="226" class="1004" name="pY_5_load_load_fu_226">
<pin_list>
<pin id="227" dir="0" index="0" bw="32" slack="0"/>
<pin id="228" dir="1" index="1" bw="32" slack="0"/>
</pin_list>
<bind>
<opcode="load(27) " fcode="load"/>
<opset="pY_5_load/2 "/>
</bind>
</comp>

<comp id="230" class="1004" name="pX_5_load_load_fu_230">
<pin_list>
<pin id="231" dir="0" index="0" bw="32" slack="0"/>
<pin id="232" dir="1" index="1" bw="32" slack="0"/>
</pin_list>
<bind>
<opcode="load(27) " fcode="load"/>
<opset="pX_5_load/2 "/>
</bind>
</comp>

<comp id="234" class="1004" name="icmp_ln284_1_fu_234">
<pin_list>
<pin id="235" dir="0" index="0" bw="32" slack="0"/>
<pin id="236" dir="0" index="1" bw="3" slack="0"/>
<pin id="237" dir="1" index="2" bw="1" slack="0"/>
</pin_list>
<bind>
<opcode="icmp(45) " fcode="icmp"/>
<opset="icmp_ln284_1/2 "/>
</bind>
</comp>

<comp id="240" class="1004" name="tmp_254_fu_240">
<pin_list>
<pin id="241" dir="0" index="0" bw="31" slack="0"/>
<pin id="242" dir="0" index="1" bw="32" slack="0"/>
<pin id="243" dir="0" index="2" bw="1" slack="0"/>
<pin id="244" dir="0" index="3" bw="6" slack="0"/>
<pin id="245" dir="1" index="4" bw="31" slack="0"/>
</pin_list>
<bind>
<opcode="partselect(1002) " fcode="partselect"/>
<opset="tmp_254/2 "/>
</bind>
</comp>

<comp id="250" class="1004" name="icmp_ln284_2_fu_250">
<pin_list>
<pin id="251" dir="0" index="0" bw="31" slack="0"/>
<pin id="252" dir="0" index="1" bw="1" slack="0"/>
<pin id="253" dir="1" index="2" bw="1" slack="0"/>
</pin_list>
<bind>
<opcode="icmp(45) " fcode="icmp"/>
<opset="icmp_ln284_2/2 "/>
</bind>
</comp>

<comp id="256" class="1004" name="tmp_255_fu_256">
<pin_list>
<pin id="257" dir="0" index="0" bw="31" slack="0"/>
<pin id="258" dir="0" index="1" bw="32" slack="0"/>
<pin id="259" dir="0" index="2" bw="1" slack="0"/>
<pin id="260" dir="0" index="3" bw="6" slack="0"/>
<pin id="261" dir="1" index="4" bw="31" slack="0"/>
</pin_list>
<bind>
<opcode="partselect(1002) " fcode="partselect"/>
<opset="tmp_255/2 "/>
</bind>
</comp>

<comp id="266" class="1004" name="icmp_ln284_3_fu_266">
<pin_list>
<pin id="267" dir="0" index="0" bw="31" slack="0"/>
<pin id="268" dir="0" index="1" bw="1" slack="0"/>
<pin id="269" dir="1" index="2" bw="1" slack="0"/>
</pin_list>
<bind>
<opcode="icmp(45) " fcode="icmp"/>
<opset="icmp_ln284_3/2 "/>
</bind>
</comp>

<comp id="272" class="1004" name="and_ln284_fu_272">
<pin_list>
<pin id="273" dir="0" index="0" bw="1" slack="0"/>
<pin id="274" dir="0" index="1" bw="1" slack="0"/>
<pin id="275" dir="1" index="2" bw="1" slack="0"/>
</pin_list>
<bind>
<opcode="and(23) " fcode="and"/>
<opset="and_ln284/2 "/>
</bind>
</comp>

<comp id="278" class="1004" name="and_ln284_1_fu_278">
<pin_list>
<pin id="279" dir="0" index="0" bw="1" slack="0"/>
<pin id="280" dir="0" index="1" bw="1" slack="0"/>
<pin id="281" dir="1" index="2" bw="1" slack="1"/>
</pin_list>
<bind>
<opcode="and(23) " fcode="and"/>
<opset="and_ln284_1/2 "/>
</bind>
</comp>

<comp id="284" class="1004" name="res_out_fu_284">
<pin_list>
<pin id="285" dir="0" index="0" bw="208" slack="0"/>
<pin id="286" dir="1" index="1" bw="26" slack="1"/>
</pin_list>
<bind>
<opcode="extractvalue(56) " fcode="extractvalue"/>
<opset="res_out/2 "/>
</bind>
</comp>

<comp id="288" class="1004" name="res_out_1_fu_288">
<pin_list>
<pin id="289" dir="0" index="0" bw="208" slack="0"/>
<pin id="290" dir="1" index="1" bw="26" slack="1"/>
</pin_list>
<bind>
<opcode="extractvalue(56) " fcode="extractvalue"/>
<opset="res_out_1/2 "/>
</bind>
</comp>

<comp id="292" class="1004" name="res_out_2_fu_292">
<pin_list>
<pin id="293" dir="0" index="0" bw="208" slack="0"/>
<pin id="294" dir="1" index="1" bw="26" slack="1"/>
</pin_list>
<bind>
<opcode="extractvalue(56) " fcode="extractvalue"/>
<opset="res_out_2/2 "/>
</bind>
</comp>

<comp id="296" class="1004" name="res_out_3_fu_296">
<pin_list>
<pin id="297" dir="0" index="0" bw="208" slack="0"/>
<pin id="298" dir="1" index="1" bw="26" slack="1"/>
</pin_list>
<bind>
<opcode="extractvalue(56) " fcode="extractvalue"/>
<opset="res_out_3/2 "/>
</bind>
</comp>

<comp id="300" class="1004" name="res_out_4_fu_300">
<pin_list>
<pin id="301" dir="0" index="0" bw="208" slack="0"/>
<pin id="302" dir="1" index="1" bw="26" slack="1"/>
</pin_list>
<bind>
<opcode="extractvalue(56) " fcode="extractvalue"/>
<opset="res_out_4/2 "/>
</bind>
</comp>

<comp id="304" class="1004" name="res_out_5_fu_304">
<pin_list>
<pin id="305" dir="0" index="0" bw="208" slack="0"/>
<pin id="306" dir="1" index="1" bw="26" slack="1"/>
</pin_list>
<bind>
<opcode="extractvalue(56) " fcode="extractvalue"/>
<opset="res_out_5/2 "/>
</bind>
</comp>

<comp id="308" class="1004" name="res_out_6_fu_308">
<pin_list>
<pin id="309" dir="0" index="0" bw="208" slack="0"/>
<pin id="310" dir="1" index="1" bw="26" slack="1"/>
</pin_list>
<bind>
<opcode="extractvalue(56) " fcode="extractvalue"/>
<opset="res_out_6/2 "/>
</bind>
</comp>

<comp id="312" class="1004" name="res_out_7_fu_312">
<pin_list>
<pin id="313" dir="0" index="0" bw="208" slack="0"/>
<pin id="314" dir="1" index="1" bw="26" slack="1"/>
</pin_list>
<bind>
<opcode="extractvalue(56) " fcode="extractvalue"/>
<opset="res_out_7/2 "/>
</bind>
</comp>

<comp id="316" class="1004" name="add_ln303_fu_316">
<pin_list>
<pin id="317" dir="0" index="0" bw="32" slack="0"/>
<pin id="318" dir="0" index="1" bw="1" slack="0"/>
<pin id="319" dir="1" index="2" bw="32" slack="0"/>
</pin_list>
<bind>
<opcode="add(8) " fcode="add"/>
<opset="add_ln303/2 "/>
</bind>
</comp>

<comp id="322" class="1004" name="icmp_ln303_fu_322">
<pin_list>
<pin id="323" dir="0" index="0" bw="32" slack="0"/>
<pin id="324" dir="0" index="1" bw="8" slack="0"/>
<pin id="325" dir="1" index="2" bw="1" slack="1"/>
</pin_list>
<bind>
<opcode="icmp(45) " fcode="icmp"/>
<opset="icmp_ln303/2 "/>
</bind>
</comp>

<comp id="328" class="1004" name="store_ln316_store_fu_328">
<pin_list>
<pin id="329" dir="0" index="0" bw="32" slack="0"/>
<pin id="330" dir="0" index="1" bw="32" slack="0"/>
<pin id="331" dir="1" index="2" bw="0" slack="2147483647"/>
</pin_list>
<bind>
<opcode="store(28) " fcode="store"/>
<opset="store_ln316/2 "/>
</bind>
</comp>

<comp id="334" class="1004" name="add_ln318_fu_334">
<pin_list>
<pin id="335" dir="0" index="0" bw="32" slack="0"/>
<pin id="336" dir="0" index="1" bw="1" slack="0"/>
<pin id="337" dir="1" index="2" bw="32" slack="0"/>
</pin_list>
<bind>
<opcode="add(8) " fcode="add"/>
<opset="add_ln318/2 "/>
</bind>
</comp>

<comp id="340" class="1004" name="select_ln318_fu_340">
<pin_list>
<pin id="341" dir="0" index="0" bw="1" slack="0"/>
<pin id="342" dir="0" index="1" bw="3" slack="0"/>
<pin id="343" dir="0" index="2" bw="32" slack="0"/>
<pin id="344" dir="1" index="3" bw="32" slack="0"/>
</pin_list>
<bind>
<opcode="select(49) " fcode="select"/>
<opset="select_ln318/2 "/>
</bind>
</comp>

<comp id="348" class="1004" name="store_ln318_store_fu_348">
<pin_list>
<pin id="349" dir="0" index="0" bw="32" slack="0"/>
<pin id="350" dir="0" index="1" bw="32" slack="0"/>
<pin id="351" dir="1" index="2" bw="0" slack="2147483647"/>
</pin_list>
<bind>
<opcode="store(28) " fcode="store"/>
<opset="store_ln318/2 "/>
</bind>
</comp>

<comp id="354" class="1004" name="store_ln305_store_fu_354">
<pin_list>
<pin id="355" dir="0" index="0" bw="1" slack="0"/>
<pin id="356" dir="0" index="1" bw="32" slack="0"/>
<pin id="357" dir="1" index="2" bw="0" slack="2147483647"/>
</pin_list>
<bind>
<opcode="store(28) " fcode="store"/>
<opset="store_ln305/2 "/>
</bind>
</comp>

<comp id="360" class="1004" name="store_ln306_store_fu_360">
<pin_list>
<pin id="361" dir="0" index="0" bw="1" slack="0"/>
<pin id="362" dir="0" index="1" bw="32" slack="0"/>
<pin id="363" dir="1" index="2" bw="0" slack="2147483647"/>
</pin_list>
<bind>
<opcode="store(28) " fcode="store"/>
<opset="store_ln306/2 "/>
</bind>
</comp>

<comp id="366" class="1004" name="add_ln307_fu_366">
<pin_list>
<pin id="367" dir="0" index="0" bw="32" slack="0"/>
<pin id="368" dir="0" index="1" bw="1" slack="0"/>
<pin id="369" dir="1" index="2" bw="32" slack="0"/>
</pin_list>
<bind>
<opcode="add(8) " fcode="add"/>
<opset="add_ln307/2 "/>
</bind>
</comp>

<comp id="372" class="1004" name="icmp_ln307_fu_372">
<pin_list>
<pin id="373" dir="0" index="0" bw="32" slack="0"/>
<pin id="374" dir="0" index="1" bw="6" slack="0"/>
<pin id="375" dir="1" index="2" bw="1" slack="2147483647"/>
</pin_list>
<bind>
<opcode="icmp(45) " fcode="icmp"/>
<opset="icmp_ln307/2 "/>
</bind>
</comp>

<comp id="378" class="1004" name="store_ln311_store_fu_378">
<pin_list>
<pin id="379" dir="0" index="0" bw="32" slack="0"/>
<pin id="380" dir="0" index="1" bw="32" slack="0"/>
<pin id="381" dir="1" index="2" bw="0" slack="2147483647"/>
</pin_list>
<bind>
<opcode="store(28) " fcode="store"/>
<opset="store_ln311/2 "/>
</bind>
</comp>

<comp id="384" class="1004" name="icmp_ln313_fu_384">
<pin_list>
<pin id="385" dir="0" index="0" bw="32" slack="0"/>
<pin id="386" dir="0" index="1" bw="3" slack="0"/>
<pin id="387" dir="1" index="2" bw="1" slack="0"/>
</pin_list>
<bind>
<opcode="icmp(45) " fcode="icmp"/>
<opset="icmp_ln313/2 "/>
</bind>
</comp>

<comp id="390" class="1004" name="add_ln313_fu_390">
<pin_list>
<pin id="391" dir="0" index="0" bw="32" slack="0"/>
<pin id="392" dir="0" index="1" bw="1" slack="0"/>
<pin id="393" dir="1" index="2" bw="32" slack="0"/>
</pin_list>
<bind>
<opcode="add(8) " fcode="add"/>
<opset="add_ln313/2 "/>
</bind>
</comp>

<comp id="396" class="1004" name="select_ln313_fu_396">
<pin_list>
<pin id="397" dir="0" index="0" bw="1" slack="0"/>
<pin id="398" dir="0" index="1" bw="3" slack="0"/>
<pin id="399" dir="0" index="2" bw="32" slack="0"/>
<pin id="400" dir="1" index="3" bw="32" slack="1"/>
</pin_list>
<bind>
<opcode="select(49) " fcode="select"/>
<opset="select_ln313/2 "/>
</bind>
</comp>

<comp id="404" class="1004" name="store_ln308_store_fu_404">
<pin_list>
<pin id="405" dir="0" index="0" bw="1" slack="0"/>
<pin id="406" dir="0" index="1" bw="32" slack="0"/>
<pin id="407" dir="1" index="2" bw="0" slack="2147483647"/>
</pin_list>
<bind>
<opcode="store(28) " fcode="store"/>
<opset="store_ln308/2 "/>
</bind>
</comp>

<comp id="410" class="1004" name="p_0_fu_410">
<pin_list>
<pin id="411" dir="0" index="0" bw="208" slack="0"/>
<pin id="412" dir="0" index="1" bw="26" slack="1"/>
<pin id="413" dir="0" index="2" bw="26" slack="1"/>
<pin id="414" dir="0" index="3" bw="26" slack="1"/>
<pin id="415" dir="0" index="4" bw="26" slack="1"/>
<pin id="416" dir="0" index="5" bw="26" slack="1"/>
<pin id="417" dir="0" index="6" bw="26" slack="1"/>
<pin id="418" dir="0" index="7" bw="26" slack="1"/>
<pin id="419" dir="0" index="8" bw="26" slack="1"/>
<pin id="420" dir="1" index="9" bw="208" slack="0"/>
</pin_list>
<bind>
<opcode="bitconcatenate(1004) " fcode="bitconcatenate"/>
<opset="p_0/3 "/>
</bind>
</comp>

<comp id="423" class="1004" name="store_ln309_store_fu_423">
<pin_list>
<pin id="424" dir="0" index="0" bw="32" slack="0"/>
<pin id="425" dir="0" index="1" bw="32" slack="0"/>
<pin id="426" dir="1" index="2" bw="0" slack="2147483647"/>
</pin_list>
<bind>
<opcode="store(28) " fcode="store"/>
<opset="store_ln309/3 "/>
</bind>
</comp>

<comp id="429" class="1005" name="icmp_ln284_reg_429">
<pin_list>
<pin id="430" dir="0" index="0" bw="1" slack="1"/>
<pin id="431" dir="1" index="1" bw="1" slack="2147483647"/>
</pin_list>
<bind>
<opset="icmp_ln284 "/>
</bind>
</comp>

<comp id="433" class="1005" name="and_ln284_1_reg_433">
<pin_list>
<pin id="434" dir="0" index="0" bw="1" slack="1"/>
<pin id="435" dir="1" index="1" bw="1" slack="2147483647"/>
</pin_list>
<bind>
<opset="and_ln284_1 "/>
</bind>
</comp>

<comp id="437" class="1005" name="res_out_reg_437">
<pin_list>
<pin id="438" dir="0" index="0" bw="26" slack="1"/>
<pin id="439" dir="1" index="1" bw="26" slack="1"/>
</pin_list>
<bind>
<opset="res_out "/>
</bind>
</comp>

<comp id="442" class="1005" name="res_out_1_reg_442">
<pin_list>
<pin id="443" dir="0" index="0" bw="26" slack="1"/>
<pin id="444" dir="1" index="1" bw="26" slack="1"/>
</pin_list>
<bind>
<opset="res_out_1 "/>
</bind>
</comp>

<comp id="447" class="1005" name="res_out_2_reg_447">
<pin_list>
<pin id="448" dir="0" index="0" bw="26" slack="1"/>
<pin id="449" dir="1" index="1" bw="26" slack="1"/>
</pin_list>
<bind>
<opset="res_out_2 "/>
</bind>
</comp>

<comp id="452" class="1005" name="res_out_3_reg_452">
<pin_list>
<pin id="453" dir="0" index="0" bw="26" slack="1"/>
<pin id="454" dir="1" index="1" bw="26" slack="1"/>
</pin_list>
<bind>
<opset="res_out_3 "/>
</bind>
</comp>

<comp id="457" class="1005" name="res_out_4_reg_457">
<pin_list>
<pin id="458" dir="0" index="0" bw="26" slack="1"/>
<pin id="459" dir="1" index="1" bw="26" slack="1"/>
</pin_list>
<bind>
<opset="res_out_4 "/>
</bind>
</comp>

<comp id="462" class="1005" name="res_out_5_reg_462">
<pin_list>
<pin id="463" dir="0" index="0" bw="26" slack="1"/>
<pin id="464" dir="1" index="1" bw="26" slack="1"/>
</pin_list>
<bind>
<opset="res_out_5 "/>
</bind>
</comp>

<comp id="467" class="1005" name="res_out_6_reg_467">
<pin_list>
<pin id="468" dir="0" index="0" bw="26" slack="1"/>
<pin id="469" dir="1" index="1" bw="26" slack="1"/>
</pin_list>
<bind>
<opset="res_out_6 "/>
</bind>
</comp>

<comp id="472" class="1005" name="res_out_7_reg_472">
<pin_list>
<pin id="473" dir="0" index="0" bw="26" slack="1"/>
<pin id="474" dir="1" index="1" bw="26" slack="1"/>
</pin_list>
<bind>
<opset="res_out_7 "/>
</bind>
</comp>

<comp id="477" class="1005" name="icmp_ln303_reg_477">
<pin_list>
<pin id="478" dir="0" index="0" bw="1" slack="1"/>
<pin id="479" dir="1" index="1" bw="1" slack="2147483647"/>
</pin_list>
<bind>
<opset="icmp_ln303 "/>
</bind>
</comp>

<comp id="484" class="1005" name="select_ln313_reg_484">
<pin_list>
<pin id="485" dir="0" index="0" bw="32" slack="1"/>
<pin id="486" dir="1" index="1" bw="32" slack="1"/>
</pin_list>
<bind>
<opset="select_ln313 "/>
</bind>
</comp>

</comp_list>

<net_list>
<net id="96"><net_src comp="58" pin="0"/><net_sink comp="92" pin=0"/></net>

<net id="97"><net_src comp="2" pin="0"/><net_sink comp="92" pin=1"/></net>

<net id="102"><net_src comp="58" pin="0"/><net_sink comp="98" pin=0"/></net>

<net id="103"><net_src comp="0" pin="0"/><net_sink comp="98" pin=1"/></net>

<net id="109"><net_src comp="90" pin="0"/><net_sink comp="104" pin=0"/></net>

<net id="110"><net_src comp="4" pin="0"/><net_sink comp="104" pin=1"/></net>

<net id="114"><net_src comp="66" pin="0"/><net_sink comp="111" pin=0"/></net>

<net id="121"><net_src comp="111" pin="1"/><net_sink comp="115" pin=2"/></net>

<net id="149"><net_src comp="60" pin="0"/><net_sink comp="122" pin=0"/></net>

<net id="150"><net_src comp="98" pin="2"/><net_sink comp="122" pin=1"/></net>

<net id="151"><net_src comp="92" pin="2"/><net_sink comp="122" pin=2"/></net>

<net id="152"><net_src comp="6" pin="0"/><net_sink comp="122" pin=3"/></net>

<net id="153"><net_src comp="8" pin="0"/><net_sink comp="122" pin=4"/></net>

<net id="154"><net_src comp="10" pin="0"/><net_sink comp="122" pin=5"/></net>

<net id="155"><net_src comp="12" pin="0"/><net_sink comp="122" pin=6"/></net>

<net id="156"><net_src comp="14" pin="0"/><net_sink comp="122" pin=7"/></net>

<net id="157"><net_src comp="16" pin="0"/><net_sink comp="122" pin=8"/></net>

<net id="158"><net_src comp="18" pin="0"/><net_sink comp="122" pin=9"/></net>

<net id="159"><net_src comp="20" pin="0"/><net_sink comp="122" pin=10"/></net>

<net id="160"><net_src comp="22" pin="0"/><net_sink comp="122" pin=11"/></net>

<net id="161"><net_src comp="24" pin="0"/><net_sink comp="122" pin=12"/></net>

<net id="162"><net_src comp="26" pin="0"/><net_sink comp="122" pin=13"/></net>

<net id="163"><net_src comp="28" pin="0"/><net_sink comp="122" pin=14"/></net>

<net id="164"><net_src comp="30" pin="0"/><net_sink comp="122" pin=15"/></net>

<net id="165"><net_src comp="32" pin="0"/><net_sink comp="122" pin=16"/></net>

<net id="166"><net_src comp="34" pin="0"/><net_sink comp="122" pin=17"/></net>

<net id="167"><net_src comp="36" pin="0"/><net_sink comp="122" pin=18"/></net>

<net id="168"><net_src comp="38" pin="0"/><net_sink comp="122" pin=19"/></net>

<net id="169"><net_src comp="40" pin="0"/><net_sink comp="122" pin=20"/></net>

<net id="170"><net_src comp="42" pin="0"/><net_sink comp="122" pin=21"/></net>

<net id="171"><net_src comp="44" pin="0"/><net_sink comp="122" pin=22"/></net>

<net id="172"><net_src comp="46" pin="0"/><net_sink comp="122" pin=23"/></net>

<net id="173"><net_src comp="48" pin="0"/><net_sink comp="122" pin=24"/></net>

<net id="194"><net_src comp="82" pin="0"/><net_sink comp="174" pin=0"/></net>

<net id="195"><net_src comp="8" pin="0"/><net_sink comp="174" pin=1"/></net>

<net id="196"><net_src comp="12" pin="0"/><net_sink comp="174" pin=2"/></net>

<net id="197"><net_src comp="6" pin="0"/><net_sink comp="174" pin=3"/></net>

<net id="198"><net_src comp="30" pin="0"/><net_sink comp="174" pin=4"/></net>

<net id="199"><net_src comp="32" pin="0"/><net_sink comp="174" pin=5"/></net>

<net id="200"><net_src comp="16" pin="0"/><net_sink comp="174" pin=6"/></net>

<net id="201"><net_src comp="20" pin="0"/><net_sink comp="174" pin=7"/></net>

<net id="202"><net_src comp="14" pin="0"/><net_sink comp="174" pin=8"/></net>

<net id="203"><net_src comp="18" pin="0"/><net_sink comp="174" pin=9"/></net>

<net id="204"><net_src comp="34" pin="0"/><net_sink comp="174" pin=10"/></net>

<net id="205"><net_src comp="36" pin="0"/><net_sink comp="174" pin=11"/></net>

<net id="206"><net_src comp="24" pin="0"/><net_sink comp="174" pin=12"/></net>

<net id="207"><net_src comp="28" pin="0"/><net_sink comp="174" pin=13"/></net>

<net id="208"><net_src comp="22" pin="0"/><net_sink comp="174" pin=14"/></net>

<net id="209"><net_src comp="26" pin="0"/><net_sink comp="174" pin=15"/></net>

<net id="210"><net_src comp="38" pin="0"/><net_sink comp="174" pin=16"/></net>

<net id="211"><net_src comp="40" pin="0"/><net_sink comp="174" pin=17"/></net>

<net id="215"><net_src comp="50" pin="0"/><net_sink comp="212" pin=0"/></net>

<net id="220"><net_src comp="212" pin="1"/><net_sink comp="216" pin=0"/></net>

<net id="221"><net_src comp="72" pin="0"/><net_sink comp="216" pin=1"/></net>

<net id="225"><net_src comp="52" pin="0"/><net_sink comp="222" pin=0"/></net>

<net id="229"><net_src comp="54" pin="0"/><net_sink comp="226" pin=0"/></net>

<net id="233"><net_src comp="56" pin="0"/><net_sink comp="230" pin=0"/></net>

<net id="238"><net_src comp="222" pin="1"/><net_sink comp="234" pin=0"/></net>

<net id="239"><net_src comp="72" pin="0"/><net_sink comp="234" pin=1"/></net>

<net id="246"><net_src comp="74" pin="0"/><net_sink comp="240" pin=0"/></net>

<net id="247"><net_src comp="226" pin="1"/><net_sink comp="240" pin=1"/></net>

<net id="248"><net_src comp="76" pin="0"/><net_sink comp="240" pin=2"/></net>

<net id="249"><net_src comp="78" pin="0"/><net_sink comp="240" pin=3"/></net>

<net id="254"><net_src comp="240" pin="4"/><net_sink comp="250" pin=0"/></net>

<net id="255"><net_src comp="80" pin="0"/><net_sink comp="250" pin=1"/></net>

<net id="262"><net_src comp="74" pin="0"/><net_sink comp="256" pin=0"/></net>

<net id="263"><net_src comp="230" pin="1"/><net_sink comp="256" pin=1"/></net>

<net id="264"><net_src comp="76" pin="0"/><net_sink comp="256" pin=2"/></net>

<net id="265"><net_src comp="78" pin="0"/><net_sink comp="256" pin=3"/></net>

<net id="270"><net_src comp="256" pin="4"/><net_sink comp="266" pin=0"/></net>

<net id="271"><net_src comp="80" pin="0"/><net_sink comp="266" pin=1"/></net>

<net id="276"><net_src comp="250" pin="2"/><net_sink comp="272" pin=0"/></net>

<net id="277"><net_src comp="266" pin="2"/><net_sink comp="272" pin=1"/></net>

<net id="282"><net_src comp="272" pin="2"/><net_sink comp="278" pin=0"/></net>

<net id="283"><net_src comp="234" pin="2"/><net_sink comp="278" pin=1"/></net>

<net id="287"><net_src comp="174" pin="18"/><net_sink comp="284" pin=0"/></net>

<net id="291"><net_src comp="174" pin="18"/><net_sink comp="288" pin=0"/></net>

<net id="295"><net_src comp="174" pin="18"/><net_sink comp="292" pin=0"/></net>

<net id="299"><net_src comp="174" pin="18"/><net_sink comp="296" pin=0"/></net>

<net id="303"><net_src comp="174" pin="18"/><net_sink comp="300" pin=0"/></net>

<net id="307"><net_src comp="174" pin="18"/><net_sink comp="304" pin=0"/></net>

<net id="311"><net_src comp="174" pin="18"/><net_sink comp="308" pin=0"/></net>

<net id="315"><net_src comp="174" pin="18"/><net_sink comp="312" pin=0"/></net>

<net id="320"><net_src comp="230" pin="1"/><net_sink comp="316" pin=0"/></net>

<net id="321"><net_src comp="76" pin="0"/><net_sink comp="316" pin=1"/></net>

<net id="326"><net_src comp="316" pin="2"/><net_sink comp="322" pin=0"/></net>

<net id="327"><net_src comp="84" pin="0"/><net_sink comp="322" pin=1"/></net>

<net id="332"><net_src comp="316" pin="2"/><net_sink comp="328" pin=0"/></net>

<net id="333"><net_src comp="56" pin="0"/><net_sink comp="328" pin=1"/></net>

<net id="338"><net_src comp="212" pin="1"/><net_sink comp="334" pin=0"/></net>

<net id="339"><net_src comp="76" pin="0"/><net_sink comp="334" pin=1"/></net>

<net id="345"><net_src comp="216" pin="2"/><net_sink comp="340" pin=0"/></net>

<net id="346"><net_src comp="72" pin="0"/><net_sink comp="340" pin=1"/></net>

<net id="347"><net_src comp="334" pin="2"/><net_sink comp="340" pin=2"/></net>

<net id="352"><net_src comp="340" pin="3"/><net_sink comp="348" pin=0"/></net>

<net id="353"><net_src comp="50" pin="0"/><net_sink comp="348" pin=1"/></net>

<net id="358"><net_src comp="66" pin="0"/><net_sink comp="354" pin=0"/></net>

<net id="359"><net_src comp="56" pin="0"/><net_sink comp="354" pin=1"/></net>

<net id="364"><net_src comp="66" pin="0"/><net_sink comp="360" pin=0"/></net>

<net id="365"><net_src comp="50" pin="0"/><net_sink comp="360" pin=1"/></net>

<net id="370"><net_src comp="226" pin="1"/><net_sink comp="366" pin=0"/></net>

<net id="371"><net_src comp="76" pin="0"/><net_sink comp="366" pin=1"/></net>

<net id="376"><net_src comp="366" pin="2"/><net_sink comp="372" pin=0"/></net>

<net id="377"><net_src comp="86" pin="0"/><net_sink comp="372" pin=1"/></net>

<net id="382"><net_src comp="366" pin="2"/><net_sink comp="378" pin=0"/></net>

<net id="383"><net_src comp="54" pin="0"/><net_sink comp="378" pin=1"/></net>

<net id="388"><net_src comp="222" pin="1"/><net_sink comp="384" pin=0"/></net>

<net id="389"><net_src comp="72" pin="0"/><net_sink comp="384" pin=1"/></net>

<net id="394"><net_src comp="222" pin="1"/><net_sink comp="390" pin=0"/></net>

<net id="395"><net_src comp="76" pin="0"/><net_sink comp="390" pin=1"/></net>

<net id="401"><net_src comp="384" pin="2"/><net_sink comp="396" pin=0"/></net>

<net id="402"><net_src comp="72" pin="0"/><net_sink comp="396" pin=1"/></net>

<net id="403"><net_src comp="390" pin="2"/><net_sink comp="396" pin=2"/></net>

<net id="408"><net_src comp="66" pin="0"/><net_sink comp="404" pin=0"/></net>

<net id="409"><net_src comp="54" pin="0"/><net_sink comp="404" pin=1"/></net>

<net id="421"><net_src comp="88" pin="0"/><net_sink comp="410" pin=0"/></net>

<net id="422"><net_src comp="410" pin="9"/><net_sink comp="104" pin=2"/></net>

<net id="427"><net_src comp="115" pin="4"/><net_sink comp="423" pin=0"/></net>

<net id="428"><net_src comp="52" pin="0"/><net_sink comp="423" pin=1"/></net>

<net id="432"><net_src comp="216" pin="2"/><net_sink comp="429" pin=0"/></net>

<net id="436"><net_src comp="278" pin="2"/><net_sink comp="433" pin=0"/></net>

<net id="440"><net_src comp="284" pin="1"/><net_sink comp="437" pin=0"/></net>

<net id="441"><net_src comp="437" pin="1"/><net_sink comp="410" pin=8"/></net>

<net id="445"><net_src comp="288" pin="1"/><net_sink comp="442" pin=0"/></net>

<net id="446"><net_src comp="442" pin="1"/><net_sink comp="410" pin=7"/></net>

<net id="450"><net_src comp="292" pin="1"/><net_sink comp="447" pin=0"/></net>

<net id="451"><net_src comp="447" pin="1"/><net_sink comp="410" pin=6"/></net>

<net id="455"><net_src comp="296" pin="1"/><net_sink comp="452" pin=0"/></net>

<net id="456"><net_src comp="452" pin="1"/><net_sink comp="410" pin=5"/></net>

<net id="460"><net_src comp="300" pin="1"/><net_sink comp="457" pin=0"/></net>

<net id="461"><net_src comp="457" pin="1"/><net_sink comp="410" pin=4"/></net>

<net id="465"><net_src comp="304" pin="1"/><net_sink comp="462" pin=0"/></net>

<net id="466"><net_src comp="462" pin="1"/><net_sink comp="410" pin=3"/></net>

<net id="470"><net_src comp="308" pin="1"/><net_sink comp="467" pin=0"/></net>

<net id="471"><net_src comp="467" pin="1"/><net_sink comp="410" pin=2"/></net>

<net id="475"><net_src comp="312" pin="1"/><net_sink comp="472" pin=0"/></net>

<net id="476"><net_src comp="472" pin="1"/><net_sink comp="410" pin=1"/></net>

<net id="480"><net_src comp="322" pin="2"/><net_sink comp="477" pin=0"/></net>

<net id="487"><net_src comp="396" pin="3"/><net_sink comp="484" pin=0"/></net>

<net id="488"><net_src comp="484" pin="1"/><net_sink comp="115" pin=0"/></net>

</net_list>

</model> 
---------------- Datapath Model END ------------------

* FSMD analyzer results:
  - Output states:
	Port: layer2_out | {3 }
	Port: void_compute_output_buffer_2d_array_const_ap_shift_reg_n_chan_stream_weig_22 | {1 }
	Port: void_compute_output_buffer_2d_array_const_ap_shift_reg_n_chan_stream_weig_24 | {1 }
	Port: void_compute_output_buffer_2d_array_const_ap_shift_reg_n_chan_stream_weig_21 | {1 }
	Port: void_compute_output_buffer_2d_array_const_ap_shift_reg_n_chan_stream_weig_23 | {1 }
	Port: void_compute_output_buffer_2d_array_const_ap_shift_reg_n_chan_stream_weig_16 | {1 }
	Port: void_compute_output_buffer_2d_array_const_ap_shift_reg_n_chan_stream_weig_18 | {1 }
	Port: void_compute_output_buffer_2d_array_const_ap_shift_reg_n_chan_stream_weig_15 | {1 }
	Port: void_compute_output_buffer_2d_array_const_ap_shift_reg_n_chan_stream_weig_17 | {1 }
	Port: p_ZZN4nnet24compute_output_buffer_2dINS_5arrayI8ap_fixedILi16ELi6EL9ap_q_mode5EL9_3 | {1 }
	Port: p_ZZN4nnet24compute_output_buffer_2dINS_5arrayI8ap_fixedILi16ELi6EL9ap_q_mode5EL9_5 | {1 }
	Port: p_ZZN4nnet24compute_output_buffer_2dINS_5arrayI8ap_fixedILi16ELi6EL9ap_q_mode5EL9_2 | {1 }
	Port: p_ZZN4nnet24compute_output_buffer_2dINS_5arrayI8ap_fixedILi16ELi6EL9ap_q_mode5EL9_4 | {1 }
	Port: void_compute_output_buffer_2d_array_const_ap_shift_reg_n_chan_stream_weig_20 | {1 }
	Port: void_compute_output_buffer_2d_array_const_ap_shift_reg_n_chan_stream_weig_19 | {1 }
	Port: p_ZZN4nnet24compute_output_buffer_2dINS_5arrayI8ap_fixedILi16ELi6EL9ap_q_mode5EL9_7 | {1 }
	Port: p_ZZN4nnet24compute_output_buffer_2dINS_5arrayI8ap_fixedILi16ELi6EL9ap_q_mode5EL9_6 | {1 }
	Port: p_ZZN4nnet24compute_output_buffer_2dINS_5arrayI8ap_fixedILi16ELi6EL9ap_q_mode5EL9_1 | {1 }
	Port: p_ZZN4nnet24compute_output_buffer_2dINS_5arrayI8ap_fixedILi16ELi6EL9ap_q_mode5EL9 | {1 }
	Port: p_ZZN4nnet25conv_2d_buffer_latency_clINS_5arrayI8ap_fixedILi16ELi6EL9ap_q_mode5EL_3 | {1 }
	Port: p_ZZN4nnet25conv_2d_buffer_latency_clINS_5arrayI8ap_fixedILi16ELi6EL9ap_q_mode5EL_1 | {1 }
	Port: p_ZZN4nnet25conv_2d_buffer_latency_clINS_5arrayI8ap_fixedILi16ELi6EL9ap_q_mode5EL_2 | {1 }
	Port: p_ZZN4nnet25conv_2d_buffer_latency_clINS_5arrayI8ap_fixedILi16ELi6EL9ap_q_mode5EL | {1 }
	Port: sX_5 | {2 }
	Port: sY_5 | {3 }
	Port: pY_5 | {2 }
	Port: pX_5 | {2 }
 - Input state : 
	Port: compute_output_buffer_2d<array,array<ap_fixed<26,15,5,3,0>,8u>,config2> : in_elem_0_0_0_0_0_val | {1 }
	Port: compute_output_buffer_2d<array,array<ap_fixed<26,15,5,3,0>,8u>,config2> : in_elem_0_1_0_0_0_val | {1 }
	Port: compute_output_buffer_2d<array,array<ap_fixed<26,15,5,3,0>,8u>,config2> : void_compute_output_buffer_2d_array_const_ap_shift_reg_n_chan_stream_weig_22 | {1 2 }
	Port: compute_output_buffer_2d<array,array<ap_fixed<26,15,5,3,0>,8u>,config2> : void_compute_output_buffer_2d_array_const_ap_shift_reg_n_chan_stream_weig_24 | {2 }
	Port: compute_output_buffer_2d<array,array<ap_fixed<26,15,5,3,0>,8u>,config2> : void_compute_output_buffer_2d_array_const_ap_shift_reg_n_chan_stream_weig_21 | {1 }
	Port: compute_output_buffer_2d<array,array<ap_fixed<26,15,5,3,0>,8u>,config2> : void_compute_output_buffer_2d_array_const_ap_shift_reg_n_chan_stream_weig_23 | {2 }
	Port: compute_output_buffer_2d<array,array<ap_fixed<26,15,5,3,0>,8u>,config2> : void_compute_output_buffer_2d_array_const_ap_shift_reg_n_chan_stream_weig_16 | {1 2 }
	Port: compute_output_buffer_2d<array,array<ap_fixed<26,15,5,3,0>,8u>,config2> : void_compute_output_buffer_2d_array_const_ap_shift_reg_n_chan_stream_weig_18 | {2 }
	Port: compute_output_buffer_2d<array,array<ap_fixed<26,15,5,3,0>,8u>,config2> : void_compute_output_buffer_2d_array_const_ap_shift_reg_n_chan_stream_weig_15 | {1 2 }
	Port: compute_output_buffer_2d<array,array<ap_fixed<26,15,5,3,0>,8u>,config2> : void_compute_output_buffer_2d_array_const_ap_shift_reg_n_chan_stream_weig_17 | {2 }
	Port: compute_output_buffer_2d<array,array<ap_fixed<26,15,5,3,0>,8u>,config2> : p_ZZN4nnet24compute_output_buffer_2dINS_5arrayI8ap_fixedILi16ELi6EL9ap_q_mode5EL9_3 | {1 2 }
	Port: compute_output_buffer_2d<array,array<ap_fixed<26,15,5,3,0>,8u>,config2> : p_ZZN4nnet24compute_output_buffer_2dINS_5arrayI8ap_fixedILi16ELi6EL9ap_q_mode5EL9_5 | {2 }
	Port: compute_output_buffer_2d<array,array<ap_fixed<26,15,5,3,0>,8u>,config2> : p_ZZN4nnet24compute_output_buffer_2dINS_5arrayI8ap_fixedILi16ELi6EL9ap_q_mode5EL9_2 | {1 2 }
	Port: compute_output_buffer_2d<array,array<ap_fixed<26,15,5,3,0>,8u>,config2> : p_ZZN4nnet24compute_output_buffer_2dINS_5arrayI8ap_fixedILi16ELi6EL9ap_q_mode5EL9_4 | {2 }
	Port: compute_output_buffer_2d<array,array<ap_fixed<26,15,5,3,0>,8u>,config2> : void_compute_output_buffer_2d_array_const_ap_shift_reg_n_chan_stream_weig_20 | {1 2 }
	Port: compute_output_buffer_2d<array,array<ap_fixed<26,15,5,3,0>,8u>,config2> : void_compute_output_buffer_2d_array_const_ap_shift_reg_n_chan_stream_weig_19 | {1 2 }
	Port: compute_output_buffer_2d<array,array<ap_fixed<26,15,5,3,0>,8u>,config2> : p_ZZN4nnet24compute_output_buffer_2dINS_5arrayI8ap_fixedILi16ELi6EL9ap_q_mode5EL9_7 | {1 2 }
	Port: compute_output_buffer_2d<array,array<ap_fixed<26,15,5,3,0>,8u>,config2> : p_ZZN4nnet24compute_output_buffer_2dINS_5arrayI8ap_fixedILi16ELi6EL9ap_q_mode5EL9_6 | {1 2 }
	Port: compute_output_buffer_2d<array,array<ap_fixed<26,15,5,3,0>,8u>,config2> : p_ZZN4nnet24compute_output_buffer_2dINS_5arrayI8ap_fixedILi16ELi6EL9ap_q_mode5EL9_1 | {1 2 }
	Port: compute_output_buffer_2d<array,array<ap_fixed<26,15,5,3,0>,8u>,config2> : p_ZZN4nnet24compute_output_buffer_2dINS_5arrayI8ap_fixedILi16ELi6EL9ap_q_mode5EL9 | {1 2 }
	Port: compute_output_buffer_2d<array,array<ap_fixed<26,15,5,3,0>,8u>,config2> : p_ZZN4nnet25conv_2d_buffer_latency_clINS_5arrayI8ap_fixedILi16ELi6EL9ap_q_mode5EL_3 | {1 }
	Port: compute_output_buffer_2d<array,array<ap_fixed<26,15,5,3,0>,8u>,config2> : p_ZZN4nnet25conv_2d_buffer_latency_clINS_5arrayI8ap_fixedILi16ELi6EL9ap_q_mode5EL_1 | {1 }
	Port: compute_output_buffer_2d<array,array<ap_fixed<26,15,5,3,0>,8u>,config2> : p_ZZN4nnet25conv_2d_buffer_latency_clINS_5arrayI8ap_fixedILi16ELi6EL9ap_q_mode5EL_2 | {1 }
	Port: compute_output_buffer_2d<array,array<ap_fixed<26,15,5,3,0>,8u>,config2> : p_ZZN4nnet25conv_2d_buffer_latency_clINS_5arrayI8ap_fixedILi16ELi6EL9ap_q_mode5EL | {1 }
	Port: compute_output_buffer_2d<array,array<ap_fixed<26,15,5,3,0>,8u>,config2> : sX_5 | {2 }
	Port: compute_output_buffer_2d<array,array<ap_fixed<26,15,5,3,0>,8u>,config2> : sY_5 | {2 }
	Port: compute_output_buffer_2d<array,array<ap_fixed<26,15,5,3,0>,8u>,config2> : pY_5 | {2 }
	Port: compute_output_buffer_2d<array,array<ap_fixed<26,15,5,3,0>,8u>,config2> : pX_5 | {2 }
  - Chain level:
	State 1
	State 2
		icmp_ln284 : 1
		br_ln284 : 2
		icmp_ln284_1 : 1
		tmp_254 : 1
		icmp_ln284_2 : 2
		tmp_255 : 1
		icmp_ln284_3 : 2
		and_ln284 : 3
		and_ln284_1 : 3
		br_ln284 : 3
		res_out : 1
		res_out_1 : 1
		res_out_2 : 1
		res_out_3 : 1
		res_out_4 : 1
		res_out_5 : 1
		res_out_6 : 1
		res_out_7 : 1
		add_ln303 : 1
		icmp_ln303 : 2
		br_ln303 : 3
		store_ln316 : 2
		add_ln318 : 1
		select_ln318 : 2
		store_ln318 : 3
		add_ln307 : 1
		icmp_ln307 : 2
		br_ln307 : 3
		store_ln311 : 2
		icmp_ln313 : 1
		add_ln313 : 1
		select_ln313 : 2
	State 3
		write_ln299 : 1
		store_ln309 : 1


============================================================
+ Verbose Summary: Datapath Resource usage 
============================================================

* Functional unit list:
|----------|----------------------------------------------------------------------------------|---------|---------|
| Operation|                                  Functional Unit                                 |    FF   |   LUT   |
|----------|----------------------------------------------------------------------------------|---------|---------|
|   call   |    call_ln281_shift_line_buffer_array_ap_fixed_16_6_5_3_0_2u_config2_s_fu_122    |    0    |    0    |
|          | tmp_dense_latency_ap_fixed_16_6_5_3_0_ap_fixed_26_15_5_3_0_config2_mult_s_fu_174 |    0    |   973   |
|----------|----------------------------------------------------------------------------------|---------|---------|
|          |                                 icmp_ln284_fu_216                                |    0    |    39   |
|          |                                icmp_ln284_1_fu_234                               |    0    |    39   |
|          |                                icmp_ln284_2_fu_250                               |    0    |    38   |
|   icmp   |                                icmp_ln284_3_fu_266                               |    0    |    38   |
|          |                                 icmp_ln303_fu_322                                |    0    |    39   |
|          |                                 icmp_ln307_fu_372                                |    0    |    39   |
|          |                                 icmp_ln313_fu_384                                |    0    |    39   |
|----------|----------------------------------------------------------------------------------|---------|---------|
|          |                                 add_ln303_fu_316                                 |    0    |    39   |
|    add   |                                 add_ln318_fu_334                                 |    0    |    39   |
|          |                                 add_ln307_fu_366                                 |    0    |    39   |
|          |                                 add_ln313_fu_390                                 |    0    |    39   |
|----------|----------------------------------------------------------------------------------|---------|---------|
|  select  |                                select_ln318_fu_340                               |    0    |    32   |
|          |                                select_ln313_fu_396                               |    0    |    32   |
|----------|----------------------------------------------------------------------------------|---------|---------|
|    and   |                                 and_ln284_fu_272                                 |    0    |    2    |
|          |                                and_ln284_1_fu_278                                |    0    |    2    |
|----------|----------------------------------------------------------------------------------|---------|---------|
|   read   |                       in_elem_0_1_0_0_0_val_read_read_fu_92                      |    0    |    0    |
|          |                       in_elem_0_0_0_0_0_val_read_read_fu_98                      |    0    |    0    |
|----------|----------------------------------------------------------------------------------|---------|---------|
|   write  |                             write_ln299_write_fu_104                             |    0    |    0    |
|----------|----------------------------------------------------------------------------------|---------|---------|
|partselect|                                  tmp_254_fu_240                                  |    0    |    0    |
|          |                                  tmp_255_fu_256                                  |    0    |    0    |
|----------|----------------------------------------------------------------------------------|---------|---------|
|          |                                  res_out_fu_284                                  |    0    |    0    |
|          |                                 res_out_1_fu_288                                 |    0    |    0    |
|          |                                 res_out_2_fu_292                                 |    0    |    0    |
|extractvalue|                                 res_out_3_fu_296                                 |    0    |    0    |
|          |                                 res_out_4_fu_300                                 |    0    |    0    |
|          |                                 res_out_5_fu_304                                 |    0    |    0    |
|          |                                 res_out_6_fu_308                                 |    0    |    0    |
|          |                                 res_out_7_fu_312                                 |    0    |    0    |
|----------|----------------------------------------------------------------------------------|---------|---------|
|bitconcatenate|                                    p_0_fu_410                                    |    0    |    0    |
|----------|----------------------------------------------------------------------------------|---------|---------|
|   Total  |                                                                                  |    0    |   1468  |
|----------|----------------------------------------------------------------------------------|---------|---------|

Memories:
N/A

* Register list:
+--------------------+--------+
|                    |   FF   |
+--------------------+--------+
| and_ln284_1_reg_433|    1   |
| icmp_ln284_reg_429 |    1   |
| icmp_ln303_reg_477 |    1   |
|  res_out_1_reg_442 |   26   |
|  res_out_2_reg_447 |   26   |
|  res_out_3_reg_452 |   26   |
|  res_out_4_reg_457 |   26   |
|  res_out_5_reg_462 |   26   |
|  res_out_6_reg_467 |   26   |
|  res_out_7_reg_472 |   26   |
|   res_out_reg_437  |   26   |
|select_ln313_reg_484|   32   |
| storemerge_reg_111 |   32   |
+--------------------+--------+
|        Total       |   275  |
+--------------------+--------+

* Multiplexer (MUX) list: 
|--------|------|------|------|--------|
|  Comp  |  Pin | Size |  BW  | S x BW |
|--------|------|------|------|--------|
|  Total |      |      |      |    0   |
|--------|------|------|------|--------|



* Summary:
+-----------+--------+--------+
|           |   FF   |   LUT  |
+-----------+--------+--------+
|  Function |    0   |  1468  |
|   Memory  |    -   |    -   |
|Multiplexer|    -   |    -   |
|  Register |   275  |    -   |
+-----------+--------+--------+
|   Total   |   275  |  1468  |
+-----------+--------+--------+
