

================================================================
== Vitis HLS Report for 'conv_2d_cl_array_ap_fixed_2u_array_ap_fixed_26_15_5_3_0_8u_config2_s'
================================================================
* Date:           Mon Mar 30 19:13:27 2026

* Version:        2023.2 (Build 4023990 on Oct 11 2023)
* Project:        myproject_prj
* Solution:       solution1 (Vivado IP Flow Target)
* Product family: zynquplus
* Target device:  xck26-sfvc784-2LV-c


================================================================
== Performance Estimates
================================================================
+ Timing: 
    * Summary: 
    +--------+---------+----------+------------+
    |  Clock |  Target | Estimated| Uncertainty|
    +--------+---------+----------+------------+
    |ap_clk  |  5.00 ns|  2.746 ns|     1.35 ns|
    +--------+---------+----------+------------+

+ Latency: 
    * Summary: 
    +---------+---------+-----------+-----------+------+------+---------+
    |  Latency (cycles) |   Latency (absolute)  |   Interval  | Pipeline|
    |   min   |   max   |    min    |    max    |  min |  max |   Type  |
    +---------+---------+-----------+-----------+------+------+---------+
    |     2907|     2907|  14.535 us|  14.535 us|  2907|  2907|       no|
    +---------+---------+-----------+-----------+------+------+---------+

    + Detail: 
        * Instance: 
        +-----------------------------------------------------------------------------------+------------------------------------------------------------------------+---------+---------+-----------+-----------+-----+-----+---------+
        |                                                                                   |                                                                        |  Latency (cycles) |   Latency (absolute)  |  Interval | Pipeline|
        |                                      Instance                                     |                                 Module                                 |   min   |   max   |    min    |    max    | min | max |   Type  |
        +-----------------------------------------------------------------------------------+------------------------------------------------------------------------+---------+---------+-----------+-----------+-----+-----+---------+
        |grp_compute_output_buffer_2d_array_array_ap_fixed_26_15_5_3_0_8u_config2_s_fu_104  |compute_output_buffer_2d_array_array_ap_fixed_26_15_5_3_0_8u_config2_s  |        2|        2|  10.000 ns|  10.000 ns|    2|    2|      yes|
        +-----------------------------------------------------------------------------------+------------------------------------------------------------------------+---------+---------+-----------+-----------+-----+-----+---------+

        * Loop: 
        +----------------------------------+---------+---------+----------+-----------+-----------+------+----------+
        |                                  |  Latency (cycles) | Iteration|  Initiation Interval  | Trip |          |
        |             Loop Name            |   min   |   max   |  Latency |  achieved |   target  | Count| Pipelined|
        +----------------------------------+---------+---------+----------+-----------+-----------+------+----------+
        |- ReadInputHeight_ReadInputWidth  |     2905|     2905|         4|          2|          1|  1452|       yes|
        +----------------------------------+---------+---------+----------+-----------+-----------+------+----------+

============================================================
+ Verbose Summary: Synthesis Manager
============================================================
InlineROM: 1
ExposeGlobal: 0
============================================================
+ Verbose Summary: CDFG Model
============================================================
IsTopModel: 0
ResetActiveHigh: 1
IsCombinational: 2
IsDatapathOnly: 0
HasWiredReturn: 1
HasMFsm: 2
HasVarLatency: 1
IsPipeline: 0
IsRtlPipelined: 0
IsInstanceOverlapped: 0
IsDontTouch: 0
HasImplIP: 0
IsGatedGlobalClock: 0

+ Individual pipeline summary: 
  * Pipeline-0: initiation interval (II) = 2, depth = 4


============================================================
+ Verbose Summary: Schedule
============================================================
* Number of FSM states : 4
* Pipeline : 1
  Pipeline-0 : II = 2, D = 4, States = { 1 2 3 4 }
* Dataflow Pipeline: 0

* FSM state transitions: 
1 --> 2 
2 --> 3 
3 --> 4 
4 --> 

* FSM state operations: 

State 1 <SV = 0> <Delay = 1.65>
ST_1 : Operation 7 [1/1] (0.00ns)   --->   "%indvar_flatten = alloca i32 1"   --->   Operation 7 'alloca' 'indvar_flatten' <Predicate = true> <Delay = 0.00>
ST_1 : Operation 8 [1/1] (0.00ns)   --->   "%specinterface_ln0 = specinterface void @_ssdm_op_SpecInterface, i208 %layer2_out, void @empty_1, i32 0, i32 0, void @empty_20, i32 0, i32 0, void @empty_20, void @empty_20, void @empty_20, i32 0, i32 0, i32 0, i32 0, void @empty_20, void @empty_20, i32 4294967295, i32 0"   --->   Operation 8 'specinterface' 'specinterface_ln0' <Predicate = true> <Delay = 0.00>
ST_1 : Operation 9 [1/1] (0.00ns)   --->   "%specinterface_ln0 = specinterface void @_ssdm_op_SpecInterface, i32 %layer24_out, void @empty_1, i32 0, i32 0, void @empty_20, i32 0, i32 0, void @empty_20, void @empty_20, void @empty_20, i32 0, i32 0, i32 0, i32 0, void @empty_20, void @empty_20, i32 4294967295, i32 0"   --->   Operation 9 'specinterface' 'specinterface_ln0' <Predicate = true> <Delay = 0.00>
ST_1 : Operation 10 [1/1] (0.42ns)   --->   "%store_ln0 = store i11 0, i11 %indvar_flatten"   --->   Operation 10 'store' 'store_ln0' <Predicate = true> <Delay = 0.42>
ST_1 : Operation 11 [1/1] (0.00ns)   --->   "%br_ln25 = br void %for.body12.i" [firmware/nnet_utils/nnet_conv2d_stream.h:25->firmware/nnet_utils/nnet_conv2d_stream.h:76]   --->   Operation 11 'br' 'br_ln25' <Predicate = true> <Delay = 0.00>
ST_1 : Operation 12 [1/1] (0.00ns)   --->   "%indvar_flatten_load = load i11 %indvar_flatten" [firmware/nnet_utils/nnet_conv2d_stream.h:25->firmware/nnet_utils/nnet_conv2d_stream.h:76]   --->   Operation 12 'load' 'indvar_flatten_load' <Predicate = true> <Delay = 0.00>
ST_1 : Operation 13 [1/1] (0.79ns)   --->   "%icmp_ln25 = icmp_eq  i11 %indvar_flatten_load, i11 1452" [firmware/nnet_utils/nnet_conv2d_stream.h:25->firmware/nnet_utils/nnet_conv2d_stream.h:76]   --->   Operation 13 'icmp' 'icmp_ln25' <Predicate = true> <Delay = 0.79> <CoreInst = "Cmp">   --->   Core 9 'Cmp' <Latency = 0> <II = 1> <Delay = 0.79> <FuncUnit> <Opcode : 'icmp'> <InPorts = 2> <OutPorts = 1>
ST_1 : Operation 14 [1/1] (0.79ns)   --->   "%add_ln25 = add i11 %indvar_flatten_load, i11 1" [firmware/nnet_utils/nnet_conv2d_stream.h:25->firmware/nnet_utils/nnet_conv2d_stream.h:76]   --->   Operation 14 'add' 'add_ln25' <Predicate = true> <Delay = 0.79> <CoreInst = "Adder">   --->   Core 1 'Adder' <Latency = 0> <II = 1> <Delay = 0.79> <FuncUnit> <Opcode : 'add' 'sub'> <InPorts = 2> <OutPorts = 1>
ST_1 : Operation 15 [1/1] (0.00ns)   --->   "%br_ln25 = br i1 %icmp_ln25, void %for.cond.cleanup11.i, void %_ZN4nnet25conv_2d_buffer_latency_clINS_5arrayI8ap_fixedILi16ELi6EL9ap_q_mode5EL9ap_o_mode3ELi0EELj2EEENS1_IS2_ILi26ELi15ELS3_5ELS4_3ELi0EELj8EEE7config2EEvRN3hls6streamIT_Li0EEERNSB_IT0_Li0EEEPNT1_8weight_tEPNSI_6bias_tE.54.exit" [firmware/nnet_utils/nnet_conv2d_stream.h:25->firmware/nnet_utils/nnet_conv2d_stream.h:76]   --->   Operation 15 'br' 'br_ln25' <Predicate = true> <Delay = 0.00>
ST_1 : Operation 16 [1/1] (0.42ns)   --->   "%store_ln25 = store i11 %add_ln25, i11 %indvar_flatten" [firmware/nnet_utils/nnet_conv2d_stream.h:25->firmware/nnet_utils/nnet_conv2d_stream.h:76]   --->   Operation 16 'store' 'store_ln25' <Predicate = (!icmp_ln25)> <Delay = 0.42>

State 2 <SV = 1> <Delay = 1.75>
ST_2 : Operation 17 [1/1] (1.75ns)   --->   "%layer24_out_read = read i32 @_ssdm_op_Read.ap_fifo.volatile.i32P0A, i32 %layer24_out" [firmware/nnet_utils/nnet_conv2d_stream.h:32->firmware/nnet_utils/nnet_conv2d_stream.h:76]   --->   Operation 17 'read' 'layer24_out_read' <Predicate = (!icmp_ln25)> <Delay = 1.75> <CoreInst = "FIFO">   --->   Core 78 'FIFO' <Latency = 0> <II = 1> <Delay = 1.75> <Storage> <Opcode : 'read' 'write' 'nbread' 'nbwrite'> <Ports = 0> <Width = 32> <Depth = 1452> <FIFO>
ST_2 : Operation 18 [1/1] (0.00ns)   --->   "%trunc_ln32 = trunc i32 %layer24_out_read" [firmware/nnet_utils/nnet_conv2d_stream.h:32->firmware/nnet_utils/nnet_conv2d_stream.h:76]   --->   Operation 18 'trunc' 'trunc_ln32' <Predicate = (!icmp_ln25)> <Delay = 0.00>
ST_2 : Operation 19 [1/1] (0.00ns)   --->   "%trunc_ln32_s = partselect i16 @_ssdm_op_PartSelect.i16.i32.i32.i32, i32 %layer24_out_read, i32 16, i32 31" [firmware/nnet_utils/nnet_conv2d_stream.h:32->firmware/nnet_utils/nnet_conv2d_stream.h:76]   --->   Operation 19 'partselect' 'trunc_ln32_s' <Predicate = (!icmp_ln25)> <Delay = 0.00>
ST_2 : Operation 20 [3/3] (0.00ns)   --->   "%call_ln32 = call void @compute_output_buffer_2d<array,array<ap_fixed<26,15,5,3,0>,8u>,config2>, i16 %trunc_ln32, i16 %trunc_ln32_s, i208 %layer2_out, i16 %void_compute_output_buffer_2d_array_const_ap_shift_reg_n_chan_stream_weig_22, i16 %void_compute_output_buffer_2d_array_const_ap_shift_reg_n_chan_stream_weig_24, i16 %void_compute_output_buffer_2d_array_const_ap_shift_reg_n_chan_stream_weig_21, i16 %void_compute_output_buffer_2d_array_const_ap_shift_reg_n_chan_stream_weig_23, i16 %void_compute_output_buffer_2d_array_const_ap_shift_reg_n_chan_stream_weig_16, i16 %void_compute_output_buffer_2d_array_const_ap_shift_reg_n_chan_stream_weig_18, i16 %void_compute_output_buffer_2d_array_const_ap_shift_reg_n_chan_stream_weig_15, i16 %void_compute_output_buffer_2d_array_const_ap_shift_reg_n_chan_stream_weig_17, i16 %p_ZZN4nnet24compute_output_buffer_2dINS_5arrayI8ap_fixedILi16ELi6EL9ap_q_mode5EL9_3, i16 %p_ZZN4nnet24compute_output_buffer_2dINS_5arrayI8ap_fixedILi16ELi6EL9ap_q_mode5EL9_5, i16 %p_ZZN4nnet24compute_output_buffer_2dINS_5arrayI8ap_fixedILi16ELi6EL9ap_q_mode5EL9_2, i16 %p_ZZN4nnet24compute_output_buffer_2dINS_5arrayI8ap_fixedILi16ELi6EL9ap_q_mode5EL9_4, i16 %void_compute_output_buffer_2d_array_const_ap_shift_reg_n_chan_stream_weig_20, i16 %void_compute_output_buffer_2d_array_const_ap_shift_reg_n_chan_stream_weig_19, i16 %p_ZZN4nnet24compute_output_buffer_2dINS_5arrayI8ap_fixedILi16ELi6EL9ap_q_mode5EL9_7, i16 %p_ZZN4nnet24compute_output_buffer_2dINS_5arrayI8ap_fixedILi16ELi6EL9ap_q_mode5EL9_6, i16 %p_ZZN4nnet24compute_output_buffer_2dINS_5arrayI8ap_fixedILi16ELi6EL9ap_q_mode5EL9_1, i16 %p_ZZN4nnet24compute_output_buffer_2dINS_5arrayI8ap_fixedILi16ELi6EL9ap_q_mode5EL9, i16 %p_ZZN4nnet25conv_2d_buffer_latency_clINS_5arrayI8ap_fixedILi16ELi6EL9ap_q_mode5EL_3, i16 %p_ZZN4nnet25conv_2d_buffer_latency_clINS_5arrayI8ap_fixedILi16ELi6EL9ap_q_mode5EL_1, i16 %p_ZZN4nnet25conv_2d_buffer_latency_clINS_5arrayI8ap_fixedILi16ELi6EL9ap_q_mode5EL_2, i16 %p_ZZN4nnet25conv_2d_buffer_latency_clINS_5arrayI8ap_fixedILi16ELi6EL9ap_q_mode5EL, i32 %sX_5, i32 %sY_5, i32 %pY_5, i32 %pX_5" [firmware/nnet_utils/nnet_conv2d_stream.h:32->firmware/nnet_utils/nnet_conv2d_stream.h:76]   --->   Operation 20 'call' 'call_ln32' <Predicate = (!icmp_ln25)> <Delay = 0.00> <CoreType = "Generic">   --->   Core 0 '' <Latency = 0> <II = 1> <Delay = 1.00> <Generic> <Opcode : >
ST_2 : Operation 27 [1/1] (0.00ns)   --->   "%ret_ln82 = ret" [firmware/nnet_utils/nnet_conv2d_stream.h:82]   --->   Operation 27 'ret' 'ret_ln82' <Predicate = (icmp_ln25)> <Delay = 0.00>

State 3 <SV = 2> <Delay = 0.00>
ST_3 : Operation 21 [2/3] (0.00ns)   --->   "%call_ln32 = call void @compute_output_buffer_2d<array,array<ap_fixed<26,15,5,3,0>,8u>,config2>, i16 %trunc_ln32, i16 %trunc_ln32_s, i208 %layer2_out, i16 %void_compute_output_buffer_2d_array_const_ap_shift_reg_n_chan_stream_weig_22, i16 %void_compute_output_buffer_2d_array_const_ap_shift_reg_n_chan_stream_weig_24, i16 %void_compute_output_buffer_2d_array_const_ap_shift_reg_n_chan_stream_weig_21, i16 %void_compute_output_buffer_2d_array_const_ap_shift_reg_n_chan_stream_weig_23, i16 %void_compute_output_buffer_2d_array_const_ap_shift_reg_n_chan_stream_weig_16, i16 %void_compute_output_buffer_2d_array_const_ap_shift_reg_n_chan_stream_weig_18, i16 %void_compute_output_buffer_2d_array_const_ap_shift_reg_n_chan_stream_weig_15, i16 %void_compute_output_buffer_2d_array_const_ap_shift_reg_n_chan_stream_weig_17, i16 %p_ZZN4nnet24compute_output_buffer_2dINS_5arrayI8ap_fixedILi16ELi6EL9ap_q_mode5EL9_3, i16 %p_ZZN4nnet24compute_output_buffer_2dINS_5arrayI8ap_fixedILi16ELi6EL9ap_q_mode5EL9_5, i16 %p_ZZN4nnet24compute_output_buffer_2dINS_5arrayI8ap_fixedILi16ELi6EL9ap_q_mode5EL9_2, i16 %p_ZZN4nnet24compute_output_buffer_2dINS_5arrayI8ap_fixedILi16ELi6EL9ap_q_mode5EL9_4, i16 %void_compute_output_buffer_2d_array_const_ap_shift_reg_n_chan_stream_weig_20, i16 %void_compute_output_buffer_2d_array_const_ap_shift_reg_n_chan_stream_weig_19, i16 %p_ZZN4nnet24compute_output_buffer_2dINS_5arrayI8ap_fixedILi16ELi6EL9ap_q_mode5EL9_7, i16 %p_ZZN4nnet24compute_output_buffer_2dINS_5arrayI8ap_fixedILi16ELi6EL9ap_q_mode5EL9_6, i16 %p_ZZN4nnet24compute_output_buffer_2dINS_5arrayI8ap_fixedILi16ELi6EL9ap_q_mode5EL9_1, i16 %p_ZZN4nnet24compute_output_buffer_2dINS_5arrayI8ap_fixedILi16ELi6EL9ap_q_mode5EL9, i16 %p_ZZN4nnet25conv_2d_buffer_latency_clINS_5arrayI8ap_fixedILi16ELi6EL9ap_q_mode5EL_3, i16 %p_ZZN4nnet25conv_2d_buffer_latency_clINS_5arrayI8ap_fixedILi16ELi6EL9ap_q_mode5EL_1, i16 %p_ZZN4nnet25conv_2d_buffer_latency_clINS_5arrayI8ap_fixedILi16ELi6EL9ap_q_mode5EL_2, i16 %p_ZZN4nnet25conv_2d_buffer_latency_clINS_5arrayI8ap_fixedILi16ELi6EL9ap_q_mode5EL, i32 %sX_5, i32 %sY_5, i32 %pY_5, i32 %pX_5" [firmware/nnet_utils/nnet_conv2d_stream.h:32->firmware/nnet_utils/nnet_conv2d_stream.h:76]   --->   Operation 21 'call' 'call_ln32' <Predicate = (!icmp_ln25)> <Delay = 0.00> <CoreType = "Generic">   --->   Core 0 '' <Latency = 0> <II = 1> <Delay = 1.00> <Generic> <Opcode : >

State 4 <SV = 3> <Delay = 0.00>
ST_4 : Operation 22 [1/1] (0.00ns)   --->   "%specloopname_ln0 = specloopname void @_ssdm_op_SpecLoopName, void @ReadInputHeight_ReadInputWidth_str"   --->   Operation 22 'specloopname' 'specloopname_ln0' <Predicate = true> <Delay = 0.00>
ST_4 : Operation 23 [1/1] (0.00ns)   --->   "%speclooptripcount_ln0 = speclooptripcount void @_ssdm_op_SpecLoopTripCount, i64 1452, i64 1452, i64 1452"   --->   Operation 23 'speclooptripcount' 'speclooptripcount_ln0' <Predicate = true> <Delay = 0.00>
ST_4 : Operation 24 [1/1] (0.00ns)   --->   "%specpipeline_ln29 = specpipeline void @_ssdm_op_SpecPipeline, i32 1, i32 0, i32 0, i32 0, void @empty_20" [firmware/nnet_utils/nnet_conv2d_stream.h:29->firmware/nnet_utils/nnet_conv2d_stream.h:76]   --->   Operation 24 'specpipeline' 'specpipeline_ln29' <Predicate = true> <Delay = 0.00>
ST_4 : Operation 25 [1/3] (0.00ns)   --->   "%call_ln32 = call void @compute_output_buffer_2d<array,array<ap_fixed<26,15,5,3,0>,8u>,config2>, i16 %trunc_ln32, i16 %trunc_ln32_s, i208 %layer2_out, i16 %void_compute_output_buffer_2d_array_const_ap_shift_reg_n_chan_stream_weig_22, i16 %void_compute_output_buffer_2d_array_const_ap_shift_reg_n_chan_stream_weig_24, i16 %void_compute_output_buffer_2d_array_const_ap_shift_reg_n_chan_stream_weig_21, i16 %void_compute_output_buffer_2d_array_const_ap_shift_reg_n_chan_stream_weig_23, i16 %void_compute_output_buffer_2d_array_const_ap_shift_reg_n_chan_stream_weig_16, i16 %void_compute_output_buffer_2d_array_const_ap_shift_reg_n_chan_stream_weig_18, i16 %void_compute_output_buffer_2d_array_const_ap_shift_reg_n_chan_stream_weig_15, i16 %void_compute_output_buffer_2d_array_const_ap_shift_reg_n_chan_stream_weig_17, i16 %p_ZZN4nnet24compute_output_buffer_2dINS_5arrayI8ap_fixedILi16ELi6EL9ap_q_mode5EL9_3, i16 %p_ZZN4nnet24compute_output_buffer_2dINS_5arrayI8ap_fixedILi16ELi6EL9ap_q_mode5EL9_5, i16 %p_ZZN4nnet24compute_output_buffer_2dINS_5arrayI8ap_fixedILi16ELi6EL9ap_q_mode5EL9_2, i16 %p_ZZN4nnet24compute_output_buffer_2dINS_5arrayI8ap_fixedILi16ELi6EL9ap_q_mode5EL9_4, i16 %void_compute_output_buffer_2d_array_const_ap_shift_reg_n_chan_stream_weig_20, i16 %void_compute_output_buffer_2d_array_const_ap_shift_reg_n_chan_stream_weig_19, i16 %p_ZZN4nnet24compute_output_buffer_2dINS_5arrayI8ap_fixedILi16ELi6EL9ap_q_mode5EL9_7, i16 %p_ZZN4nnet24compute_output_buffer_2dINS_5arrayI8ap_fixedILi16ELi6EL9ap_q_mode5EL9_6, i16 %p_ZZN4nnet24compute_output_buffer_2dINS_5arrayI8ap_fixedILi16ELi6EL9ap_q_mode5EL9_1, i16 %p_ZZN4nnet24compute_output_buffer_2dINS_5arrayI8ap_fixedILi16ELi6EL9ap_q_mode5EL9, i16 %p_ZZN4nnet25conv_2d_buffer_latency_clINS_5arrayI8ap_fixedILi16ELi6EL9ap_q_mode5EL_3, i16 %p_ZZN4nnet25conv_2d_buffer_latency_clINS_5arrayI8ap_fixedILi16ELi6EL9ap_q_mode5EL_1, i16 %p_ZZN4nnet25conv_2d_buffer_latency_clINS_5arrayI8ap_fixedILi16ELi6EL9ap_q_mode5EL_2, i16 %p_ZZN4nnet25conv_2d_buffer_latency_clINS_5arrayI8ap_fixedILi16ELi6EL9ap_q_mode5EL, i32 %sX_5, i32 %sY_5, i32 %pY_5, i32 %pX_5" [firmware/nnet_utils/nnet_conv2d_stream.h:32->firmware/nnet_utils/nnet_conv2d_stream.h:76]   --->   Operation 25 'call' 'call_ln32' <Predicate = true> <Delay = 0.00> <CoreType = "Generic">   --->   Core 0 '' <Latency = 0> <II = 1> <Delay = 1.00> <Generic> <Opcode : >
ST_4 : Operation 26 [1/1] (0.00ns)   --->   "%br_ln27 = br void %for.body12.i" [firmware/nnet_utils/nnet_conv2d_stream.h:27->firmware/nnet_utils/nnet_conv2d_stream.h:76]   --->   Operation 26 'br' 'br_ln27' <Predicate = true> <Delay = 0.00>


============================================================
+ Verbose Summary: Binding
============================================================
STG Binding: 
---------------- STG Properties BEGIN ----------------
- Is combinational: 0
- Is one-state seq: 0
- Is datapath-only: 0
- Is pipelined: 0
- Is top level: 0
Port [ Return ] is wired: 1; IO mode=ap_ctrl_hs:ce=0
Port [ layer24_out]:  wired=1; compound=1; hidden=0; nouse=0; global=0; static=0; extern=0; dir=0; type=3; pingpong=0; private_global=0; IO mode=ap_fifo:ce=0
Port [ layer2_out]:  wired=1; compound=1; hidden=0; nouse=0; global=0; static=0; extern=0; dir=1; type=3; pingpong=0; private_global=0; IO mode=ap_fifo:ce=0
Port [ void_compute_output_buffer_2d_array_const_ap_shift_reg_n_chan_stream_weig_22]:  wired=0; compound=0; hidden=1; nouse=1; global=1; static=1; extern=0; dir=2; type=0; pingpong=0; private_global=0; IO mode=ap_ovld:ce=0
Port [ void_compute_output_buffer_2d_array_const_ap_shift_reg_n_chan_stream_weig_24]:  wired=0; compound=0; hidden=1; nouse=1; global=1; static=1; extern=0; dir=2; type=0; pingpong=0; private_global=0; IO mode=ap_ovld:ce=0
Port [ void_compute_output_buffer_2d_array_const_ap_shift_reg_n_chan_stream_weig_21]:  wired=0; compound=0; hidden=1; nouse=1; global=1; static=1; extern=0; dir=2; type=0; pingpong=0; private_global=0; IO mode=ap_ovld:ce=0
Port [ void_compute_output_buffer_2d_array_const_ap_shift_reg_n_chan_stream_weig_23]:  wired=0; compound=0; hidden=1; nouse=1; global=1; static=1; extern=0; dir=2; type=0; pingpong=0; private_global=0; IO mode=ap_ovld:ce=0
Port [ void_compute_output_buffer_2d_array_const_ap_shift_reg_n_chan_stream_weig_16]:  wired=0; compound=0; hidden=1; nouse=1; global=1; static=1; extern=0; dir=2; type=0; pingpong=0; private_global=0; IO mode=ap_ovld:ce=0
Port [ void_compute_output_buffer_2d_array_const_ap_shift_reg_n_chan_stream_weig_18]:  wired=0; compound=0; hidden=1; nouse=1; global=1; static=1; extern=0; dir=2; type=0; pingpong=0; private_global=0; IO mode=ap_ovld:ce=0
Port [ void_compute_output_buffer_2d_array_const_ap_shift_reg_n_chan_stream_weig_15]:  wired=0; compound=0; hidden=1; nouse=1; global=1; static=1; extern=0; dir=2; type=0; pingpong=0; private_global=0; IO mode=ap_ovld:ce=0
Port [ void_compute_output_buffer_2d_array_const_ap_shift_reg_n_chan_stream_weig_17]:  wired=0; compound=0; hidden=1; nouse=1; global=1; static=1; extern=0; dir=2; type=0; pingpong=0; private_global=0; IO mode=ap_ovld:ce=0
Port [ p_ZZN4nnet24compute_output_buffer_2dINS_5arrayI8ap_fixedILi16ELi6EL9ap_q_mode5EL9_3]:  wired=0; compound=0; hidden=1; nouse=1; global=1; static=1; extern=0; dir=2; type=0; pingpong=0; private_global=0; IO mode=ap_ovld:ce=0
Port [ p_ZZN4nnet24compute_output_buffer_2dINS_5arrayI8ap_fixedILi16ELi6EL9ap_q_mode5EL9_5]:  wired=0; compound=0; hidden=1; nouse=1; global=1; static=1; extern=0; dir=2; type=0; pingpong=0; private_global=0; IO mode=ap_ovld:ce=0
Port [ p_ZZN4nnet24compute_output_buffer_2dINS_5arrayI8ap_fixedILi16ELi6EL9ap_q_mode5EL9_2]:  wired=0; compound=0; hidden=1; nouse=1; global=1; static=1; extern=0; dir=2; type=0; pingpong=0; private_global=0; IO mode=ap_ovld:ce=0
Port [ p_ZZN4nnet24compute_output_buffer_2dINS_5arrayI8ap_fixedILi16ELi6EL9ap_q_mode5EL9_4]:  wired=0; compound=0; hidden=1; nouse=1; global=1; static=1; extern=0; dir=2; type=0; pingpong=0; private_global=0; IO mode=ap_ovld:ce=0
Port [ void_compute_output_buffer_2d_array_const_ap_shift_reg_n_chan_stream_weig_20]:  wired=0; compound=0; hidden=1; nouse=1; global=1; static=1; extern=0; dir=2; type=0; pingpong=0; private_global=0; IO mode=ap_ovld:ce=0
Port [ void_compute_output_buffer_2d_array_const_ap_shift_reg_n_chan_stream_weig_19]:  wired=0; compound=0; hidden=1; nouse=1; global=1; static=1; extern=0; dir=2; type=0; pingpong=0; private_global=0; IO mode=ap_ovld:ce=0
Port [ p_ZZN4nnet24compute_output_buffer_2dINS_5arrayI8ap_fixedILi16ELi6EL9ap_q_mode5EL9_7]:  wired=0; compound=0; hidden=1; nouse=1; global=1; static=1; extern=0; dir=2; type=0; pingpong=0; private_global=0; IO mode=ap_ovld:ce=0
Port [ p_ZZN4nnet24compute_output_buffer_2dINS_5arrayI8ap_fixedILi16ELi6EL9ap_q_mode5EL9_6]:  wired=0; compound=0; hidden=1; nouse=1; global=1; static=1; extern=0; dir=2; type=0; pingpong=0; private_global=0; IO mode=ap_ovld:ce=0
Port [ p_ZZN4nnet24compute_output_buffer_2dINS_5arrayI8ap_fixedILi16ELi6EL9ap_q_mode5EL9_1]:  wired=0; compound=0; hidden=1; nouse=1; global=1; static=1; extern=0; dir=2; type=0; pingpong=0; private_global=0; IO mode=ap_ovld:ce=0
Port [ p_ZZN4nnet24compute_output_buffer_2dINS_5arrayI8ap_fixedILi16ELi6EL9ap_q_mode5EL9]:  wired=0; compound=0; hidden=1; nouse=1; global=1; static=1; extern=0; dir=2; type=0; pingpong=0; private_global=0; IO mode=ap_ovld:ce=0
Port [ p_ZZN4nnet25conv_2d_buffer_latency_clINS_5arrayI8ap_fixedILi16ELi6EL9ap_q_mode5EL_3]:  wired=0; compound=1; hidden=1; nouse=1; global=1; static=1; extern=0; dir=3; type=1; pingpong=0; private_global=0; MemPort=[2]; IO mode=ap_memory:ce=0
Port [ p_ZZN4nnet25conv_2d_buffer_latency_clINS_5arrayI8ap_fixedILi16ELi6EL9ap_q_mode5EL_1]:  wired=0; compound=1; hidden=1; nouse=1; global=1; static=1; extern=0; dir=3; type=1; pingpong=0; private_global=0; MemPort=[2]; IO mode=ap_memory:ce=0
Port [ p_ZZN4nnet25conv_2d_buffer_latency_clINS_5arrayI8ap_fixedILi16ELi6EL9ap_q_mode5EL_2]:  wired=0; compound=1; hidden=1; nouse=1; global=1; static=1; extern=0; dir=3; type=1; pingpong=0; private_global=0; MemPort=[2]; IO mode=ap_memory:ce=0
Port [ p_ZZN4nnet25conv_2d_buffer_latency_clINS_5arrayI8ap_fixedILi16ELi6EL9ap_q_mode5EL]:  wired=0; compound=1; hidden=1; nouse=1; global=1; static=1; extern=0; dir=3; type=1; pingpong=0; private_global=0; MemPort=[2]; IO mode=ap_memory:ce=0
Port [ sX_5]:  wired=0; compound=0; hidden=1; nouse=1; global=1; static=1; extern=0; dir=2; type=0; pingpong=0; private_global=0; IO mode=ap_ovld:ce=0
Port [ sY_5]:  wired=0; compound=0; hidden=1; nouse=1; global=1; static=1; extern=0; dir=2; type=0; pingpong=0; private_global=0; IO mode=ap_ovld:ce=0
Port [ pY_5]:  wired=0; compound=0; hidden=1; nouse=1; global=1; static=1; extern=0; dir=2; type=0; pingpong=0; private_global=0; IO mode=ap_ovld:ce=0
Port [ pX_5]:  wired=0; compound=0; hidden=1; nouse=1; global=1; static=1; extern=0; dir=2; type=0; pingpong=0; private_global=0; IO mode=ap_ovld:ce=0
---------------- STG Properties END ------------------

---------------- Datapath Model BEGIN ----------------

<LifeTime>
<method=bitvector/>
indvar_flatten        (alloca           ) [ 01000]
specinterface_ln0     (specinterface    ) [ 00000]
specinterface_ln0     (specinterface    ) [ 00000]
store_ln0             (store            ) [ 00000]
br_ln25               (br               ) [ 00000]
indvar_flatten_load   (load             ) [ 00000]
icmp_ln25             (icmp             ) [ 01110]
add_ln25              (add              ) [ 00000]
br_ln25               (br               ) [ 00000]
store_ln25            (store            ) [ 00000]
layer24_out_read      (read             ) [ 00000]
trunc_ln32            (trunc            ) [ 00000]
trunc_ln32_s          (partselect       ) [ 00000]
specloopname_ln0      (specloopname     ) [ 00000]
speclooptripcount_ln0 (speclooptripcount) [ 00000]
specpipeline_ln29     (specpipeline     ) [ 00000]
call_ln32             (call             ) [ 00000]
br_ln27               (br               ) [ 00000]
ret_ln82              (ret              ) [ 00000]
</LifeTime>

<model>

<comp_list>
<comp id="0" class="1000" name="layer24_out">
<pin_list>
<pin id="1" dir="1" index="0" bw="1" slack="0"/>
</pin_list>
<bind>
<StgValue><ssdm name="layer24_out"/></StgValue>
</bind>
</comp>

<comp id="2" class="1000" name="layer2_out">
<pin_list>
<pin id="3" dir="1" index="0" bw="1" slack="0"/>
</pin_list>
<bind>
<StgValue><ssdm name="layer2_out"/></StgValue>
</bind>
</comp>

<comp id="4" class="1000" name="void_compute_output_buffer_2d_array_const_ap_shift_reg_n_chan_stream_weig_22">
<pin_list>
<pin id="5" dir="1" index="0" bw="1" slack="0"/>
</pin_list>
<bind>
<StgValue><ssdm name="void_compute_output_buffer_2d_array_const_ap_shift_reg_n_chan_stream_weig_22"/></StgValue>
</bind>
</comp>

<comp id="6" class="1000" name="void_compute_output_buffer_2d_array_const_ap_shift_reg_n_chan_stream_weig_24">
<pin_list>
<pin id="7" dir="1" index="0" bw="1" slack="0"/>
</pin_list>
<bind>
<StgValue><ssdm name="void_compute_output_buffer_2d_array_const_ap_shift_reg_n_chan_stream_weig_24"/></StgValue>
</bind>
</comp>

<comp id="8" class="1000" name="void_compute_output_buffer_2d_array_const_ap_shift_reg_n_chan_stream_weig_21">
<pin_list>
<pin id="9" dir="1" index="0" bw="1" slack="0"/>
</pin_list>
<bind>
<StgValue><ssdm name="void_compute_output_buffer_2d_array_const_ap_shift_reg_n_chan_stream_weig_21"/></StgValue>
</bind>
</comp>

<comp id="10" class="1000" name="void_compute_output_buffer_2d_array_const_ap_shift_reg_n_chan_stream_weig_23">
<pin_list>
<pin id="11" dir="1" index="0" bw="1" slack="0"/>
</pin_list>
<bind>
<StgValue><ssdm name="void_compute_output_buffer_2d_array_const_ap_shift_reg_n_chan_stream_weig_23"/></StgValue>
</bind>
</comp>

<comp id="12" class="1000" name="void_compute_output_buffer_2d_array_const_ap_shift_reg_n_chan_stream_weig_16">
<pin_list>
<pin id="13" dir="1" index="0" bw="1" slack="0"/>
</pin_list>
<bind>
<StgValue><ssdm name="void_compute_output_buffer_2d_array_const_ap_shift_reg_n_chan_stream_weig_16"/></StgValue>
</bind>
</comp>

<comp id="14" class="1000" name="void_compute_output_buffer_2d_array_const_ap_shift_reg_n_chan_stream_weig_18">
<pin_list>
<pin id="15" dir="1" index="0" bw="1" slack="0"/>
</pin_list>
<bind>
<StgValue><ssdm name="void_compute_output_buffer_2d_array_const_ap_shift_reg_n_chan_stream_weig_18"/></StgValue>
</bind>
</comp>

<comp id="16" class="1000" name="void_compute_output_buffer_2d_array_const_ap_shift_reg_n_chan_stream_weig_15">
<pin_list>
<pin id="17" dir="1" index="0" bw="1" slack="0"/>
</pin_list>
<bind>
<StgValue><ssdm name="void_compute_output_buffer_2d_array_const_ap_shift_reg_n_chan_stream_weig_15"/></StgValue>
</bind>
</comp>

<comp id="18" class="1000" name="void_compute_output_buffer_2d_array_const_ap_shift_reg_n_chan_stream_weig_17">
<pin_list>
<pin id="19" dir="1" index="0" bw="1" slack="0"/>
</pin_list>
<bind>
<StgValue><ssdm name="void_compute_output_buffer_2d_array_const_ap_shift_reg_n_chan_stream_weig_17"/></StgValue>
</bind>
</comp>

<comp id="20" class="1000" name="p_ZZN4nnet24compute_output_buffer_2dINS_5arrayI8ap_fixedILi16ELi6EL9ap_q_mode5EL9_3">
<pin_list>
<pin id="21" dir="1" index="0" bw="1" slack="0"/>
</pin_list>
<bind>
<StgValue><ssdm name="p_ZZN4nnet24compute_output_buffer_2dINS_5arrayI8ap_fixedILi16ELi6EL9ap_q_mode5EL9_3"/></StgValue>
</bind>
</comp>

<comp id="22" class="1000" name="p_ZZN4nnet24compute_output_buffer_2dINS_5arrayI8ap_fixedILi16ELi6EL9ap_q_mode5EL9_5">
<pin_list>
<pin id="23" dir="1" index="0" bw="1" slack="0"/>
</pin_list>
<bind>
<StgValue><ssdm name="p_ZZN4nnet24compute_output_buffer_2dINS_5arrayI8ap_fixedILi16ELi6EL9ap_q_mode5EL9_5"/></StgValue>
</bind>
</comp>

<comp id="24" class="1000" name="p_ZZN4nnet24compute_output_buffer_2dINS_5arrayI8ap_fixedILi16ELi6EL9ap_q_mode5EL9_2">
<pin_list>
<pin id="25" dir="1" index="0" bw="1" slack="0"/>
</pin_list>
<bind>
<StgValue><ssdm name="p_ZZN4nnet24compute_output_buffer_2dINS_5arrayI8ap_fixedILi16ELi6EL9ap_q_mode5EL9_2"/></StgValue>
</bind>
</comp>

<comp id="26" class="1000" name="p_ZZN4nnet24compute_output_buffer_2dINS_5arrayI8ap_fixedILi16ELi6EL9ap_q_mode5EL9_4">
<pin_list>
<pin id="27" dir="1" index="0" bw="1" slack="0"/>
</pin_list>
<bind>
<StgValue><ssdm name="p_ZZN4nnet24compute_output_buffer_2dINS_5arrayI8ap_fixedILi16ELi6EL9ap_q_mode5EL9_4"/></StgValue>
</bind>
</comp>

<comp id="28" class="1000" name="void_compute_output_buffer_2d_array_const_ap_shift_reg_n_chan_stream_weig_20">
<pin_list>
<pin id="29" dir="1" index="0" bw="1" slack="0"/>
</pin_list>
<bind>
<StgValue><ssdm name="void_compute_output_buffer_2d_array_const_ap_shift_reg_n_chan_stream_weig_20"/></StgValue>
</bind>
</comp>

<comp id="30" class="1000" name="void_compute_output_buffer_2d_array_const_ap_shift_reg_n_chan_stream_weig_19">
<pin_list>
<pin id="31" dir="1" index="0" bw="1" slack="0"/>
</pin_list>
<bind>
<StgValue><ssdm name="void_compute_output_buffer_2d_array_const_ap_shift_reg_n_chan_stream_weig_19"/></StgValue>
</bind>
</comp>

<comp id="32" class="1000" name="p_ZZN4nnet24compute_output_buffer_2dINS_5arrayI8ap_fixedILi16ELi6EL9ap_q_mode5EL9_7">
<pin_list>
<pin id="33" dir="1" index="0" bw="1" slack="0"/>
</pin_list>
<bind>
<StgValue><ssdm name="p_ZZN4nnet24compute_output_buffer_2dINS_5arrayI8ap_fixedILi16ELi6EL9ap_q_mode5EL9_7"/></StgValue>
</bind>
</comp>

<comp id="34" class="1000" name="p_ZZN4nnet24compute_output_buffer_2dINS_5arrayI8ap_fixedILi16ELi6EL9ap_q_mode5EL9_6">
<pin_list>
<pin id="35" dir="1" index="0" bw="1" slack="0"/>
</pin_list>
<bind>
<StgValue><ssdm name="p_ZZN4nnet24compute_output_buffer_2dINS_5arrayI8ap_fixedILi16ELi6EL9ap_q_mode5EL9_6"/></StgValue>
</bind>
</comp>

<comp id="36" class="1000" name="p_ZZN4nnet24compute_output_buffer_2dINS_5arrayI8ap_fixedILi16ELi6EL9ap_q_mode5EL9_1">
<pin_list>
<pin id="37" dir="1" index="0" bw="1" slack="0"/>
</pin_list>
<bind>
<StgValue><ssdm name="p_ZZN4nnet24compute_output_buffer_2dINS_5arrayI8ap_fixedILi16ELi6EL9ap_q_mode5EL9_1"/></StgValue>
</bind>
</comp>

<comp id="38" class="1000" name="p_ZZN4nnet24compute_output_buffer_2dINS_5arrayI8ap_fixedILi16ELi6EL9ap_q_mode5EL9">
<pin_list>
<pin id="39" dir="1" index="0" bw="1" slack="0"/>
</pin_list>
<bind>
<StgValue><ssdm name="p_ZZN4nnet24compute_output_buffer_2dINS_5arrayI8ap_fixedILi16ELi6EL9ap_q_mode5EL9"/></StgValue>
</bind>
</comp>

<comp id="40" class="1000" name="p_ZZN4nnet25conv_2d_buffer_latency_clINS_5arrayI8ap_fixedILi16ELi6EL9ap_q_mode5EL_3">
<pin_list>
<pin id="41" dir="1" index="0" bw="1" slack="0"/>
</pin_list>
<bind>
<StgValue><ssdm name="p_ZZN4nnet25conv_2d_buffer_latency_clINS_5arrayI8ap_fixedILi16ELi6EL9ap_q_mode5EL_3"/><MemPortTyVec>2 </MemPortTyVec>
</StgValue>
</bind>
</comp>

<comp id="42" class="1000" name="p_ZZN4nnet25conv_2d_buffer_latency_clINS_5arrayI8ap_fixedILi16ELi6EL9ap_q_mode5EL_1">
<pin_list>
<pin id="43" dir="1" index="0" bw="1" slack="0"/>
</pin_list>
<bind>
<StgValue><ssdm name="p_ZZN4nnet25conv_2d_buffer_latency_clINS_5arrayI8ap_fixedILi16ELi6EL9ap_q_mode5EL_1"/><MemPortTyVec>2 </MemPortTyVec>
</StgValue>
</bind>
</comp>

<comp id="44" class="1000" name="p_ZZN4nnet25conv_2d_buffer_latency_clINS_5arrayI8ap_fixedILi16ELi6EL9ap_q_mode5EL_2">
<pin_list>
<pin id="45" dir="1" index="0" bw="1" slack="0"/>
</pin_list>
<bind>
<StgValue><ssdm name="p_ZZN4nnet25conv_2d_buffer_latency_clINS_5arrayI8ap_fixedILi16ELi6EL9ap_q_mode5EL_2"/><MemPortTyVec>2 </MemPortTyVec>
</StgValue>
</bind>
</comp>

<comp id="46" class="1000" name="p_ZZN4nnet25conv_2d_buffer_latency_clINS_5arrayI8ap_fixedILi16ELi6EL9ap_q_mode5EL">
<pin_list>
<pin id="47" dir="1" index="0" bw="1" slack="0"/>
</pin_list>
<bind>
<StgValue><ssdm name="p_ZZN4nnet25conv_2d_buffer_latency_clINS_5arrayI8ap_fixedILi16ELi6EL9ap_q_mode5EL"/><MemPortTyVec>2 </MemPortTyVec>
</StgValue>
</bind>
</comp>

<comp id="48" class="1000" name="sX_5">
<pin_list>
<pin id="49" dir="1" index="0" bw="1" slack="0"/>
</pin_list>
<bind>
<StgValue><ssdm name="sX_5"/></StgValue>
</bind>
</comp>

<comp id="50" class="1000" name="sY_5">
<pin_list>
<pin id="51" dir="1" index="0" bw="1" slack="0"/>
</pin_list>
<bind>
<StgValue><ssdm name="sY_5"/></StgValue>
</bind>
</comp>

<comp id="52" class="1000" name="pY_5">
<pin_list>
<pin id="53" dir="1" index="0" bw="1" slack="0"/>
</pin_list>
<bind>
<StgValue><ssdm name="pY_5"/></StgValue>
</bind>
</comp>

<comp id="54" class="1000" name="pX_5">
<pin_list>
<pin id="55" dir="1" index="0" bw="1" slack="0"/>
</pin_list>
<bind>
<StgValue><ssdm name="pX_5"/></StgValue>
</bind>
</comp>

<comp id="56" class="1001" name="const_56">
<pin_list>
<pin id="57" dir="1" index="0" bw="1" slack="0"/>
</pin_list>
<bind>
<StgValue><ssdm name=""/></StgValue>
</bind>
</comp>

<comp id="58" class="1001" name="const_58">
<pin_list>
<pin id="59" dir="1" index="0" bw="1" slack="2147483647"/>
</pin_list>
<bind>
<StgValue><ssdm name="_ssdm_op_SpecInterface"/></StgValue>
</bind>
</comp>

<comp id="60" class="1001" name="const_60">
<pin_list>
<pin id="61" dir="1" index="0" bw="1" slack="2147483647"/>
</pin_list>
<bind>
<StgValue><ssdm name="empty_1"/></StgValue>
</bind>
</comp>

<comp id="62" class="1001" name="const_62">
<pin_list>
<pin id="63" dir="1" index="0" bw="1" slack="2147483647"/>
</pin_list>
<bind>
<StgValue><ssdm name=""/></StgValue>
</bind>
</comp>

<comp id="64" class="1001" name="const_64">
<pin_list>
<pin id="65" dir="1" index="0" bw="1" slack="2147483647"/>
</pin_list>
<bind>
<StgValue><ssdm name="empty_20"/></StgValue>
</bind>
</comp>

<comp id="66" class="1001" name="const_66">
<pin_list>
<pin id="67" dir="1" index="0" bw="1" slack="2147483647"/>
</pin_list>
<bind>
<StgValue><ssdm name=""/></StgValue>
</bind>
</comp>

<comp id="68" class="1001" name="const_68">
<pin_list>
<pin id="69" dir="1" index="0" bw="1" slack="0"/>
</pin_list>
<bind>
<StgValue><ssdm name=""/></StgValue>
</bind>
</comp>

<comp id="70" class="1001" name="const_70">
<pin_list>
<pin id="71" dir="1" index="0" bw="1" slack="0"/>
</pin_list>
<bind>
<StgValue><ssdm name=""/></StgValue>
</bind>
</comp>

<comp id="72" class="1001" name="const_72">
<pin_list>
<pin id="73" dir="1" index="0" bw="1" slack="0"/>
</pin_list>
<bind>
<StgValue><ssdm name=""/></StgValue>
</bind>
</comp>

<comp id="74" class="1001" name="const_74">
<pin_list>
<pin id="75" dir="1" index="0" bw="1" slack="0"/>
</pin_list>
<bind>
<StgValue><ssdm name="_ssdm_op_Read.ap_fifo.volatile.i32P0A"/></StgValue>
</bind>
</comp>

<comp id="76" class="1001" name="const_76">
<pin_list>
<pin id="77" dir="1" index="0" bw="1" slack="0"/>
</pin_list>
<bind>
<StgValue><ssdm name="_ssdm_op_PartSelect.i16.i32.i32.i32"/></StgValue>
</bind>
</comp>

<comp id="78" class="1001" name="const_78">
<pin_list>
<pin id="79" dir="1" index="0" bw="1" slack="0"/>
</pin_list>
<bind>
<StgValue><ssdm name=""/></StgValue>
</bind>
</comp>

<comp id="80" class="1001" name="const_80">
<pin_list>
<pin id="81" dir="1" index="0" bw="1" slack="0"/>
</pin_list>
<bind>
<StgValue><ssdm name=""/></StgValue>
</bind>
</comp>

<comp id="82" class="1001" name="const_82">
<pin_list>
<pin id="83" dir="1" index="0" bw="1" slack="0"/>
</pin_list>
<bind>
<StgValue><ssdm name="compute_output_buffer_2d<array,array<ap_fixed<26,15,5,3,0>,8u>,config2>"/></StgValue>
</bind>
</comp>

<comp id="84" class="1001" name="const_84">
<pin_list>
<pin id="85" dir="1" index="0" bw="1" slack="2147483647"/>
</pin_list>
<bind>
<StgValue><ssdm name="_ssdm_op_SpecLoopName"/></StgValue>
</bind>
</comp>

<comp id="86" class="1001" name="const_86">
<pin_list>
<pin id="87" dir="1" index="0" bw="1" slack="2147483647"/>
</pin_list>
<bind>
<StgValue><ssdm name="ReadInputHeight_ReadInputWidth_str"/></StgValue>
</bind>
</comp>

<comp id="88" class="1001" name="const_88">
<pin_list>
<pin id="89" dir="1" index="0" bw="1" slack="2147483647"/>
</pin_list>
<bind>
<StgValue><ssdm name="_ssdm_op_SpecLoopTripCount"/></StgValue>
</bind>
</comp>

<comp id="90" class="1001" name="const_90">
<pin_list>
<pin id="91" dir="1" index="0" bw="1" slack="2147483647"/>
</pin_list>
<bind>
<StgValue><ssdm name=""/></StgValue>
</bind>
</comp>

<comp id="92" class="1001" name="const_92">
<pin_list>
<pin id="93" dir="1" index="0" bw="1" slack="2147483647"/>
</pin_list>
<bind>
<StgValue><ssdm name="_ssdm_op_SpecPipeline"/></StgValue>
</bind>
</comp>

<comp id="94" class="1004" name="indvar_flatten_fu_94">
<pin_list>
<pin id="95" dir="0" index="0" bw="1" slack="0"/>
<pin id="96" dir="1" index="1" bw="11" slack="0"/>
</pin_list>
<bind>
<opcode="alloca(26) " fcode="alloca"/>
<opset="indvar_flatten/1 "/>
</bind>
</comp>

<comp id="98" class="1004" name="layer24_out_read_read_fu_98">
<pin_list>
<pin id="99" dir="0" index="0" bw="32" slack="0"/>
<pin id="100" dir="0" index="1" bw="32" slack="0"/>
<pin id="101" dir="1" index="2" bw="32" slack="0"/>
</pin_list>
<bind>
<opcode="read(1150) " fcode="read"/>
<opset="layer24_out_read/2 "/>
</bind>
</comp>

<comp id="104" class="1004" name="grp_compute_output_buffer_2d_array_array_ap_fixed_26_15_5_3_0_8u_config2_s_fu_104">
<pin_list>
<pin id="105" dir="0" index="0" bw="0" slack="0"/>
<pin id="106" dir="0" index="1" bw="16" slack="0"/>
<pin id="107" dir="0" index="2" bw="16" slack="0"/>
<pin id="108" dir="0" index="3" bw="208" slack="0"/>
<pin id="109" dir="0" index="4" bw="16" slack="0"/>
<pin id="110" dir="0" index="5" bw="16" slack="0"/>
<pin id="111" dir="0" index="6" bw="16" slack="0"/>
<pin id="112" dir="0" index="7" bw="16" slack="0"/>
<pin id="113" dir="0" index="8" bw="16" slack="0"/>
<pin id="114" dir="0" index="9" bw="16" slack="0"/>
<pin id="115" dir="0" index="10" bw="16" slack="0"/>
<pin id="116" dir="0" index="11" bw="16" slack="0"/>
<pin id="117" dir="0" index="12" bw="16" slack="0"/>
<pin id="118" dir="0" index="13" bw="16" slack="0"/>
<pin id="119" dir="0" index="14" bw="16" slack="0"/>
<pin id="120" dir="0" index="15" bw="16" slack="0"/>
<pin id="121" dir="0" index="16" bw="16" slack="0"/>
<pin id="122" dir="0" index="17" bw="16" slack="0"/>
<pin id="123" dir="0" index="18" bw="16" slack="0"/>
<pin id="124" dir="0" index="19" bw="16" slack="0"/>
<pin id="125" dir="0" index="20" bw="16" slack="0"/>
<pin id="126" dir="0" index="21" bw="16" slack="0"/>
<pin id="127" dir="0" index="22" bw="16" slack="0"/>
<pin id="128" dir="0" index="23" bw="16" slack="0"/>
<pin id="129" dir="0" index="24" bw="16" slack="0"/>
<pin id="130" dir="0" index="25" bw="16" slack="0"/>
<pin id="131" dir="0" index="26" bw="32" slack="0"/>
<pin id="132" dir="0" index="27" bw="32" slack="0"/>
<pin id="133" dir="0" index="28" bw="32" slack="0"/>
<pin id="134" dir="0" index="29" bw="32" slack="0"/>
<pin id="135" dir="1" index="30" bw="0" slack="2147483647"/>
</pin_list>
<bind>
<opcode="call(48) " fcode="call"/>
<opset="call_ln32/2 "/>
</bind>
</comp>

<comp id="164" class="1004" name="store_ln0_store_fu_164">
<pin_list>
<pin id="165" dir="0" index="0" bw="1" slack="0"/>
<pin id="166" dir="0" index="1" bw="11" slack="0"/>
<pin id="167" dir="1" index="2" bw="0" slack="2147483647"/>
</pin_list>
<bind>
<opcode="store(28) " fcode="store"/>
<opset="store_ln0/1 "/>
</bind>
</comp>

<comp id="169" class="1004" name="indvar_flatten_load_load_fu_169">
<pin_list>
<pin id="170" dir="0" index="0" bw="11" slack="0"/>
<pin id="171" dir="1" index="1" bw="11" slack="0"/>
</pin_list>
<bind>
<opcode="load(27) " fcode="load"/>
<opset="indvar_flatten_load/1 "/>
</bind>
</comp>

<comp id="172" class="1004" name="icmp_ln25_fu_172">
<pin_list>
<pin id="173" dir="0" index="0" bw="11" slack="0"/>
<pin id="174" dir="0" index="1" bw="11" slack="0"/>
<pin id="175" dir="1" index="2" bw="1" slack="1"/>
</pin_list>
<bind>
<opcode="icmp(45) " fcode="icmp"/>
<opset="icmp_ln25/1 "/>
</bind>
</comp>

<comp id="178" class="1004" name="add_ln25_fu_178">
<pin_list>
<pin id="179" dir="0" index="0" bw="11" slack="0"/>
<pin id="180" dir="0" index="1" bw="1" slack="0"/>
<pin id="181" dir="1" index="2" bw="11" slack="0"/>
</pin_list>
<bind>
<opcode="add(8) " fcode="add"/>
<opset="add_ln25/1 "/>
</bind>
</comp>

<comp id="184" class="1004" name="store_ln25_store_fu_184">
<pin_list>
<pin id="185" dir="0" index="0" bw="11" slack="0"/>
<pin id="186" dir="0" index="1" bw="11" slack="0"/>
<pin id="187" dir="1" index="2" bw="0" slack="2147483647"/>
</pin_list>
<bind>
<opcode="store(28) " fcode="store"/>
<opset="store_ln25/1 "/>
</bind>
</comp>

<comp id="189" class="1004" name="trunc_ln32_fu_189">
<pin_list>
<pin id="190" dir="0" index="0" bw="32" slack="0"/>
<pin id="191" dir="1" index="1" bw="16" slack="0"/>
</pin_list>
<bind>
<opcode="trunc(33) " fcode="trunc"/>
<opset="trunc_ln32/2 "/>
</bind>
</comp>

<comp id="194" class="1004" name="trunc_ln32_s_fu_194">
<pin_list>
<pin id="195" dir="0" index="0" bw="16" slack="0"/>
<pin id="196" dir="0" index="1" bw="32" slack="0"/>
<pin id="197" dir="0" index="2" bw="6" slack="0"/>
<pin id="198" dir="0" index="3" bw="6" slack="0"/>
<pin id="199" dir="1" index="4" bw="16" slack="0"/>
</pin_list>
<bind>
<opcode="partselect(1002) " fcode="partselect"/>
<opset="trunc_ln32_s/2 "/>
</bind>
</comp>

<comp id="205" class="1005" name="indvar_flatten_reg_205">
<pin_list>
<pin id="206" dir="0" index="0" bw="11" slack="0"/>
<pin id="207" dir="1" index="1" bw="11" slack="0"/>
</pin_list>
<bind>
<opset="indvar_flatten "/>
</bind>
</comp>

<comp id="212" class="1005" name="icmp_ln25_reg_212">
<pin_list>
<pin id="213" dir="0" index="0" bw="1" slack="1"/>
<pin id="214" dir="1" index="1" bw="1" slack="2147483647"/>
</pin_list>
<bind>
<opset="icmp_ln25 "/>
</bind>
</comp>

</comp_list>

<net_list>
<net id="97"><net_src comp="56" pin="0"/><net_sink comp="94" pin=0"/></net>

<net id="102"><net_src comp="74" pin="0"/><net_sink comp="98" pin=0"/></net>

<net id="103"><net_src comp="0" pin="0"/><net_sink comp="98" pin=1"/></net>

<net id="136"><net_src comp="82" pin="0"/><net_sink comp="104" pin=0"/></net>

<net id="137"><net_src comp="2" pin="0"/><net_sink comp="104" pin=3"/></net>

<net id="138"><net_src comp="4" pin="0"/><net_sink comp="104" pin=4"/></net>

<net id="139"><net_src comp="6" pin="0"/><net_sink comp="104" pin=5"/></net>

<net id="140"><net_src comp="8" pin="0"/><net_sink comp="104" pin=6"/></net>

<net id="141"><net_src comp="10" pin="0"/><net_sink comp="104" pin=7"/></net>

<net id="142"><net_src comp="12" pin="0"/><net_sink comp="104" pin=8"/></net>

<net id="143"><net_src comp="14" pin="0"/><net_sink comp="104" pin=9"/></net>

<net id="144"><net_src comp="16" pin="0"/><net_sink comp="104" pin=10"/></net>

<net id="145"><net_src comp="18" pin="0"/><net_sink comp="104" pin=11"/></net>

<net id="146"><net_src comp="20" pin="0"/><net_sink comp="104" pin=12"/></net>

<net id="147"><net_src comp="22" pin="0"/><net_sink comp="104" pin=13"/></net>

<net id="148"><net_src comp="24" pin="0"/><net_sink comp="104" pin=14"/></net>

<net id="149"><net_src comp="26" pin="0"/><net_sink comp="104" pin=15"/></net>

<net id="150"><net_src comp="28" pin="0"/><net_sink comp="104" pin=16"/></net>

<net id="151"><net_src comp="30" pin="0"/><net_sink comp="104" pin=17"/></net>

<net id="152"><net_src comp="32" pin="0"/><net_sink comp="104" pin=18"/></net>

<net id="153"><net_src comp="34" pin="0"/><net_sink comp="104" pin=19"/></net>

<net id="154"><net_src comp="36" pin="0"/><net_sink comp="104" pin=20"/></net>

<net id="155"><net_src comp="38" pin="0"/><net_sink comp="104" pin=21"/></net>

<net id="156"><net_src comp="40" pin="0"/><net_sink comp="104" pin=22"/></net>

<net id="157"><net_src comp="42" pin="0"/><net_sink comp="104" pin=23"/></net>

<net id="158"><net_src comp="44" pin="0"/><net_sink comp="104" pin=24"/></net>

<net id="159"><net_src comp="46" pin="0"/><net_sink comp="104" pin=25"/></net>

<net id="160"><net_src comp="48" pin="0"/><net_sink comp="104" pin=26"/></net>

<net id="161"><net_src comp="50" pin="0"/><net_sink comp="104" pin=27"/></net>

<net id="162"><net_src comp="52" pin="0"/><net_sink comp="104" pin=28"/></net>

<net id="163"><net_src comp="54" pin="0"/><net_sink comp="104" pin=29"/></net>

<net id="168"><net_src comp="68" pin="0"/><net_sink comp="164" pin=0"/></net>

<net id="176"><net_src comp="169" pin="1"/><net_sink comp="172" pin=0"/></net>

<net id="177"><net_src comp="70" pin="0"/><net_sink comp="172" pin=1"/></net>

<net id="182"><net_src comp="169" pin="1"/><net_sink comp="178" pin=0"/></net>

<net id="183"><net_src comp="72" pin="0"/><net_sink comp="178" pin=1"/></net>

<net id="188"><net_src comp="178" pin="2"/><net_sink comp="184" pin=0"/></net>

<net id="192"><net_src comp="98" pin="2"/><net_sink comp="189" pin=0"/></net>

<net id="193"><net_src comp="189" pin="1"/><net_sink comp="104" pin=1"/></net>

<net id="200"><net_src comp="76" pin="0"/><net_sink comp="194" pin=0"/></net>

<net id="201"><net_src comp="98" pin="2"/><net_sink comp="194" pin=1"/></net>

<net id="202"><net_src comp="78" pin="0"/><net_sink comp="194" pin=2"/></net>

<net id="203"><net_src comp="80" pin="0"/><net_sink comp="194" pin=3"/></net>

<net id="204"><net_src comp="194" pin="4"/><net_sink comp="104" pin=2"/></net>

<net id="208"><net_src comp="94" pin="1"/><net_sink comp="205" pin=0"/></net>

<net id="209"><net_src comp="205" pin="1"/><net_sink comp="164" pin=1"/></net>

<net id="210"><net_src comp="205" pin="1"/><net_sink comp="169" pin=0"/></net>

<net id="211"><net_src comp="205" pin="1"/><net_sink comp="184" pin=1"/></net>

<net id="215"><net_src comp="172" pin="2"/><net_sink comp="212" pin=0"/></net>

</net_list>

</model> 
---------------- Datapath Model END ------------------

* FSMD analyzer results:
  - Output states:
	Port: layer2_out | {4 }
	Port: void_compute_output_buffer_2d_array_const_ap_shift_reg_n_chan_stream_weig_22 | {2 }
	Port: void_compute_output_buffer_2d_array_const_ap_shift_reg_n_chan_stream_weig_24 | {2 }
	Port: void_compute_output_buffer_2d_array_const_ap_shift_reg_n_chan_stream_weig_21 | {2 }
	Port: void_compute_output_buffer_2d_array_const_ap_shift_reg_n_chan_stream_weig_23 | {2 }
	Port: void_compute_output_buffer_2d_array_const_ap_shift_reg_n_chan_stream_weig_16 | {2 }
	Port: void_compute_output_buffer_2d_array_const_ap_shift_reg_n_chan_stream_weig_18 | {2 }
	Port: void_compute_output_buffer_2d_array_const_ap_shift_reg_n_chan_stream_weig_15 | {2 }
	Port: void_compute_output_buffer_2d_array_const_ap_shift_reg_n_chan_stream_weig_17 | {2 }
	Port: p_ZZN4nnet24compute_output_buffer_2dINS_5arrayI8ap_fixedILi16ELi6EL9ap_q_mode5EL9_3 | {2 }
	Port: p_ZZN4nnet24compute_output_buffer_2dINS_5arrayI8ap_fixedILi16ELi6EL9ap_q_mode5EL9_5 | {2 }
	Port: p_ZZN4nnet24compute_output_buffer_2dINS_5arrayI8ap_fixedILi16ELi6EL9ap_q_mode5EL9_2 | {2 }
	Port: p_ZZN4nnet24compute_output_buffer_2dINS_5arrayI8ap_fixedILi16ELi6EL9ap_q_mode5EL9_4 | {2 }
	Port: void_compute_output_buffer_2d_array_const_ap_shift_reg_n_chan_stream_weig_20 | {2 }
	Port: void_compute_output_buffer_2d_array_const_ap_shift_reg_n_chan_stream_weig_19 | {2 }
	Port: p_ZZN4nnet24compute_output_buffer_2dINS_5arrayI8ap_fixedILi16ELi6EL9ap_q_mode5EL9_7 | {2 }
	Port: p_ZZN4nnet24compute_output_buffer_2dINS_5arrayI8ap_fixedILi16ELi6EL9ap_q_mode5EL9_6 | {2 }
	Port: p_ZZN4nnet24compute_output_buffer_2dINS_5arrayI8ap_fixedILi16ELi6EL9ap_q_mode5EL9_1 | {2 }
	Port: p_ZZN4nnet24compute_output_buffer_2dINS_5arrayI8ap_fixedILi16ELi6EL9ap_q_mode5EL9 | {2 }
	Port: p_ZZN4nnet25conv_2d_buffer_latency_clINS_5arrayI8ap_fixedILi16ELi6EL9ap_q_mode5EL_3 | {2 }
	Port: p_ZZN4nnet25conv_2d_buffer_latency_clINS_5arrayI8ap_fixedILi16ELi6EL9ap_q_mode5EL_1 | {2 }
	Port: p_ZZN4nnet25conv_2d_buffer_latency_clINS_5arrayI8ap_fixedILi16ELi6EL9ap_q_mode5EL_2 | {2 }
	Port: p_ZZN4nnet25conv_2d_buffer_latency_clINS_5arrayI8ap_fixedILi16ELi6EL9ap_q_mode5EL | {2 }
	Port: sX_5 | {3 }
	Port: sY_5 | {4 }
	Port: pY_5 | {3 }
	Port: pX_5 | {3 }
 - Input state : 
	Port: conv_2d_cl<array<ap_fixed,2u>,array<ap_fixed<26,15,5,3,0>,8u>,config2> : layer24_out | {2 }
	Port: conv_2d_cl<array<ap_fixed,2u>,array<ap_fixed<26,15,5,3,0>,8u>,config2> : void_compute_output_buffer_2d_array_const_ap_shift_reg_n_chan_stream_weig_22 | {2 3 }
	Port: conv_2d_cl<array<ap_fixed,2u>,array<ap_fixed<26,15,5,3,0>,8u>,config2> : void_compute_output_buffer_2d_array_const_ap_shift_reg_n_chan_stream_weig_24 | {3 }
	Port: conv_2d_cl<array<ap_fixed,2u>,array<ap_fixed<26,15,5,3,0>,8u>,config2> : void_compute_output_buffer_2d_array_const_ap_shift_reg_n_chan_stream_weig_21 | {2 }
	Port: conv_2d_cl<array<ap_fixed,2u>,array<ap_fixed<26,15,5,3,0>,8u>,config2> : void_compute_output_buffer_2d_array_const_ap_shift_reg_n_chan_stream_weig_23 | {3 }
	Port: conv_2d_cl<array<ap_fixed,2u>,array<ap_fixed<26,15,5,3,0>,8u>,config2> : void_compute_output_buffer_2d_array_const_ap_shift_reg_n_chan_stream_weig_16 | {2 3 }
	Port: conv_2d_cl<array<ap_fixed,2u>,array<ap_fixed<26,15,5,3,0>,8u>,config2> : void_compute_output_buffer_2d_array_const_ap_shift_reg_n_chan_stream_weig_18 | {3 }
	Port: conv_2d_cl<array<ap_fixed,2u>,array<ap_fixed<26,15,5,3,0>,8u>,config2> : void_compute_output_buffer_2d_array_const_ap_shift_reg_n_chan_stream_weig_15 | {2 3 }
	Port: conv_2d_cl<array<ap_fixed,2u>,array<ap_fixed<26,15,5,3,0>,8u>,config2> : void_compute_output_buffer_2d_array_const_ap_shift_reg_n_chan_stream_weig_17 | {3 }
	Port: conv_2d_cl<array<ap_fixed,2u>,array<ap_fixed<26,15,5,3,0>,8u>,config2> : p_ZZN4nnet24compute_output_buffer_2dINS_5arrayI8ap_fixedILi16ELi6EL9ap_q_mode5EL9_3 | {2 3 }
	Port: conv_2d_cl<array<ap_fixed,2u>,array<ap_fixed<26,15,5,3,0>,8u>,config2> : p_ZZN4nnet24compute_output_buffer_2dINS_5arrayI8ap_fixedILi16ELi6EL9ap_q_mode5EL9_5 | {3 }
	Port: conv_2d_cl<array<ap_fixed,2u>,array<ap_fixed<26,15,5,3,0>,8u>,config2> : p_ZZN4nnet24compute_output_buffer_2dINS_5arrayI8ap_fixedILi16ELi6EL9ap_q_mode5EL9_2 | {2 3 }
	Port: conv_2d_cl<array<ap_fixed,2u>,array<ap_fixed<26,15,5,3,0>,8u>,config2> : p_ZZN4nnet24compute_output_buffer_2dINS_5arrayI8ap_fixedILi16ELi6EL9ap_q_mode5EL9_4 | {3 }
	Port: conv_2d_cl<array<ap_fixed,2u>,array<ap_fixed<26,15,5,3,0>,8u>,config2> : void_compute_output_buffer_2d_array_const_ap_shift_reg_n_chan_stream_weig_20 | {2 3 }
	Port: conv_2d_cl<array<ap_fixed,2u>,array<ap_fixed<26,15,5,3,0>,8u>,config2> : void_compute_output_buffer_2d_array_const_ap_shift_reg_n_chan_stream_weig_19 | {2 3 }
	Port: conv_2d_cl<array<ap_fixed,2u>,array<ap_fixed<26,15,5,3,0>,8u>,config2> : p_ZZN4nnet24compute_output_buffer_2dINS_5arrayI8ap_fixedILi16ELi6EL9ap_q_mode5EL9_7 | {2 3 }
	Port: conv_2d_cl<array<ap_fixed,2u>,array<ap_fixed<26,15,5,3,0>,8u>,config2> : p_ZZN4nnet24compute_output_buffer_2dINS_5arrayI8ap_fixedILi16ELi6EL9ap_q_mode5EL9_6 | {2 3 }
	Port: conv_2d_cl<array<ap_fixed,2u>,array<ap_fixed<26,15,5,3,0>,8u>,config2> : p_ZZN4nnet24compute_output_buffer_2dINS_5arrayI8ap_fixedILi16ELi6EL9ap_q_mode5EL9_1 | {2 3 }
	Port: conv_2d_cl<array<ap_fixed,2u>,array<ap_fixed<26,15,5,3,0>,8u>,config2> : p_ZZN4nnet24compute_output_buffer_2dINS_5arrayI8ap_fixedILi16ELi6EL9ap_q_mode5EL9 | {2 3 }
	Port: conv_2d_cl<array<ap_fixed,2u>,array<ap_fixed<26,15,5,3,0>,8u>,config2> : p_ZZN4nnet25conv_2d_buffer_latency_clINS_5arrayI8ap_fixedILi16ELi6EL9ap_q_mode5EL_3 | {2 }
	Port: conv_2d_cl<array<ap_fixed,2u>,array<ap_fixed<26,15,5,3,0>,8u>,config2> : p_ZZN4nnet25conv_2d_buffer_latency_clINS_5arrayI8ap_fixedILi16ELi6EL9ap_q_mode5EL_1 | {2 }
	Port: conv_2d_cl<array<ap_fixed,2u>,array<ap_fixed<26,15,5,3,0>,8u>,config2> : p_ZZN4nnet25conv_2d_buffer_latency_clINS_5arrayI8ap_fixedILi16ELi6EL9ap_q_mode5EL_2 | {2 }
	Port: conv_2d_cl<array<ap_fixed,2u>,array<ap_fixed<26,15,5,3,0>,8u>,config2> : p_ZZN4nnet25conv_2d_buffer_latency_clINS_5arrayI8ap_fixedILi16ELi6EL9ap_q_mode5EL | {2 }
	Port: conv_2d_cl<array<ap_fixed,2u>,array<ap_fixed<26,15,5,3,0>,8u>,config2> : sX_5 | {3 }
	Port: conv_2d_cl<array<ap_fixed,2u>,array<ap_fixed<26,15,5,3,0>,8u>,config2> : sY_5 | {3 }
	Port: conv_2d_cl<array<ap_fixed,2u>,array<ap_fixed<26,15,5,3,0>,8u>,config2> : pY_5 | {3 }
	Port: conv_2d_cl<array<ap_fixed,2u>,array<ap_fixed<26,15,5,3,0>,8u>,config2> : pX_5 | {3 }
  - Chain level:
	State 1
		store_ln0 : 1
		indvar_flatten_load : 1
		icmp_ln25 : 2
		add_ln25 : 2
		br_ln25 : 3
		store_ln25 : 3
	State 2
		call_ln32 : 1
	State 3
	State 4


============================================================
+ Verbose Summary: Datapath Resource usage 
============================================================

* Functional unit list:
|----------|-----------------------------------------------------------------------------------|---------|---------|
| Operation|                                  Functional Unit                                  |    FF   |   LUT   |
|----------|-----------------------------------------------------------------------------------|---------|---------|
|   call   | grp_compute_output_buffer_2d_array_array_ap_fixed_26_15_5_3_0_8u_config2_s_fu_104 |   275   |   1468  |
|----------|-----------------------------------------------------------------------------------|---------|---------|
|   icmp   |                                  icmp_ln25_fu_172                                 |    0    |    18   |
|----------|-----------------------------------------------------------------------------------|---------|---------|
|    add   |                                  add_ln25_fu_178                                  |    0    |    18   |
|----------|-----------------------------------------------------------------------------------|---------|---------|
|   read   |                            layer24_out_read_read_fu_98                            |    0    |    0    |
|----------|-----------------------------------------------------------------------------------|---------|---------|
|   trunc  |                                 trunc_ln32_fu_189                                 |    0    |    0    |
|----------|-----------------------------------------------------------------------------------|---------|---------|
|partselect|                                trunc_ln32_s_fu_194                                |    0    |    0    |
|----------|-----------------------------------------------------------------------------------|---------|---------|
|   Total  |                                                                                   |   275   |   1504  |
|----------|-----------------------------------------------------------------------------------|---------|---------|

Memories:
N/A

* Register list:
+----------------------+--------+
|                      |   FF   |
+----------------------+--------+
|   icmp_ln25_reg_212  |    1   |
|indvar_flatten_reg_205|   11   |
+----------------------+--------+
|         Total        |   12   |
+----------------------+--------+

* Multiplexer (MUX) list: 
|--------|------|------|------|--------|
|  Comp  |  Pin | Size |  BW  | S x BW |
|--------|------|------|------|--------|
|  Total |      |      |      |    0   |
|--------|------|------|------|--------|



* Summary:
+-----------+--------+--------+
|           |   FF   |   LUT  |
+-----------+--------+--------+
|  Function |   275  |  1504  |
|   Memory  |    -   |    -   |
|Multiplexer|    -   |    -   |
|  Register |   12   |    -   |
+-----------+--------+--------+
|   Total   |   287  |  1504  |
+-----------+--------+--------+
