

================================================================
== Vitis HLS Report for 'conv_2d_cl_array_ap_ufixed_8u_array_ap_fixed_16_14_5_3_0_16u_config7_s'
================================================================
* Date:           Sat Mar 21 19:27:49 2026

* Version:        2023.2 (Build 4023990 on Oct 11 2023)
* Project:        myproject_prj
* Solution:       solution1 (Vivado IP Flow Target)
* Product family: zynquplus
* Target device:  xck26-sfvc784-2LV-c


================================================================
== Performance Estimates
================================================================
+ Timing: 
    * Summary: 
    +--------+---------+----------+------------+
    |  Clock |  Target | Estimated| Uncertainty|
    +--------+---------+----------+------------+
    |ap_clk  |  5.00 ns|  3.298 ns|     1.35 ns|
    +--------+---------+----------+------------+

+ Latency: 
    * Summary: 
    +---------+---------+-----------+-----------+------+-------+---------+
    |  Latency (cycles) |   Latency (absolute)  |   Interval   | Pipeline|
    |   min   |   max   |    min    |    max    |  min |  max  |   Type  |
    +---------+---------+-----------+-----------+------+-------+---------+
    |     3457|    11233|  17.285 us|  56.165 us|  3457|  11233|       no|
    +---------+---------+-----------+-----------+------+-------+---------+

    + Detail: 
        * Instance: 
        N/A

        * Loop: 
        +----------------------------------+---------+---------+----------+-----------+-----------+------+----------+
        |                                  |  Latency (cycles) | Iteration|  Initiation Interval  | Trip |          |
        |             Loop Name            |   min   |   max   |  Latency |  achieved |   target  | Count| Pipelined|
        +----------------------------------+---------+---------+----------+-----------+-----------+------+----------+
        |- ReadInputHeight_ReadInputWidth  |     3456|    11232|    4 ~ 13|          -|          -|   864|        no|
        +----------------------------------+---------+---------+----------+-----------+-----------+------+----------+

============================================================
+ Verbose Summary: Synthesis Manager
============================================================
InlineROM: 1
ExposeGlobal: 0
============================================================
+ Verbose Summary: CDFG Model
============================================================
IsTopModel: 0
ResetActiveHigh: 1
IsCombinational: 2
IsDatapathOnly: 0
HasWiredReturn: 1
HasMFsm: 0
HasVarLatency: 1
IsPipeline: 0
IsRtlPipelined: 0
IsInstanceOverlapped: 0
IsDontTouch: 0
HasImplIP: 0
IsGatedGlobalClock: 0


============================================================
+ Verbose Summary: Schedule
============================================================
* Number of FSM states : 3
* Pipeline : 0
* Dataflow Pipeline: 0

* FSM state transitions: 
1 --> 2 
2 --> 3 
3 --> 2 

* FSM state operations: 

State 1 <SV = 0> <Delay = 0.42>
ST_1 : Operation 4 [1/1] (0.00ns)   --->   "%indvar_flatten = alloca i32 1"   --->   Operation 4 'alloca' 'indvar_flatten' <Predicate = true> <Delay = 0.00>
ST_1 : Operation 5 [1/1] (0.00ns)   --->   "%specinterface_ln0 = specinterface void @_ssdm_op_SpecInterface, i256 %layer7_out, void @empty_20, i32 0, i32 0, void @empty_3, i32 0, i32 0, void @empty_3, void @empty_3, void @empty_3, i32 0, i32 0, i32 0, i32 0, void @empty_3, void @empty_3, i32 4294967295, i32 0"   --->   Operation 5 'specinterface' 'specinterface_ln0' <Predicate = true> <Delay = 0.00>
ST_1 : Operation 6 [1/1] (0.00ns)   --->   "%specinterface_ln0 = specinterface void @_ssdm_op_SpecInterface, i32 %layer25_out, void @empty_20, i32 0, i32 0, void @empty_3, i32 0, i32 0, void @empty_3, void @empty_3, void @empty_3, i32 0, i32 0, i32 0, i32 0, void @empty_3, void @empty_3, i32 4294967295, i32 0"   --->   Operation 6 'specinterface' 'specinterface_ln0' <Predicate = true> <Delay = 0.00>
ST_1 : Operation 7 [1/1] (0.42ns)   --->   "%store_ln0 = store i10 0, i10 %indvar_flatten"   --->   Operation 7 'store' 'store_ln0' <Predicate = true> <Delay = 0.42>
ST_1 : Operation 8 [1/1] (0.00ns)   --->   "%br_ln52 = br void %for.body12.i" [firmware/nnet_utils/nnet_conv2d_stream.h:52->firmware/nnet_utils/nnet_conv2d_stream.h:78]   --->   Operation 8 'br' 'br_ln52' <Predicate = true> <Delay = 0.00>

State 2 <SV = 1> <Delay = 2.50>
ST_2 : Operation 9 [1/1] (0.00ns)   --->   "%indvar_flatten_load = load i10 %indvar_flatten" [firmware/nnet_utils/nnet_conv2d_stream.h:52->firmware/nnet_utils/nnet_conv2d_stream.h:78]   --->   Operation 9 'load' 'indvar_flatten_load' <Predicate = true> <Delay = 0.00>
ST_2 : Operation 10 [1/1] (0.78ns)   --->   "%icmp_ln52 = icmp_eq  i10 %indvar_flatten_load, i10 864" [firmware/nnet_utils/nnet_conv2d_stream.h:52->firmware/nnet_utils/nnet_conv2d_stream.h:78]   --->   Operation 10 'icmp' 'icmp_ln52' <Predicate = true> <Delay = 0.78> <CoreInst = "Cmp">   --->   Core 9 'Cmp' <Latency = 0> <II = 1> <Delay = 0.78> <FuncUnit> <Opcode : 'icmp'> <InPorts = 2> <OutPorts = 1>
ST_2 : Operation 11 [1/1] (0.78ns)   --->   "%add_ln52 = add i10 %indvar_flatten_load, i10 1" [firmware/nnet_utils/nnet_conv2d_stream.h:52->firmware/nnet_utils/nnet_conv2d_stream.h:78]   --->   Operation 11 'add' 'add_ln52' <Predicate = true> <Delay = 0.78> <CoreInst = "Adder">   --->   Core 1 'Adder' <Latency = 0> <II = 1> <Delay = 0.78> <FuncUnit> <Opcode : 'add' 'sub'> <InPorts = 2> <OutPorts = 1>
ST_2 : Operation 12 [1/1] (0.00ns)   --->   "%br_ln52 = br i1 %icmp_ln52, void %for.cond.cleanup11.i, void %_ZN4nnet26conv_2d_buffer_resource_clINS_5arrayI9ap_ufixedILi4ELi3EL9ap_q_mode4EL9ap_o_mode0ELi0EELj8EEENS1_I8ap_fixedILi16ELi14ELS3_5ELS4_3ELi0EELj16EEE7config7EEvRN3hls6streamIT_Li0EEERNSC_IT0_Li0EEEPNT1_8weight_tEPNSJ_6bias_tE.52.exit" [firmware/nnet_utils/nnet_conv2d_stream.h:52->firmware/nnet_utils/nnet_conv2d_stream.h:78]   --->   Operation 12 'br' 'br_ln52' <Predicate = true> <Delay = 0.00>
ST_2 : Operation 13 [1/1] (1.71ns)   --->   "%layer25_out_read = read i32 @_ssdm_op_Read.ap_fifo.volatile.i32P0A, i32 %layer25_out" [firmware/nnet_utils/nnet_conv2d_stream.h:58->firmware/nnet_utils/nnet_conv2d_stream.h:78]   --->   Operation 13 'read' 'layer25_out_read' <Predicate = (!icmp_ln52)> <Delay = 1.71> <CoreInst = "FIFO">   --->   Core 78 'FIFO' <Latency = 0> <II = 1> <Delay = 1.71> <Storage> <Opcode : 'read' 'write' 'nbread' 'nbwrite'> <Ports = 0> <Width = 32> <Depth = 864> <FIFO>
ST_2 : Operation 14 [1/1] (0.00ns)   --->   "%trunc_ln58 = trunc i32 %layer25_out_read" [firmware/nnet_utils/nnet_conv2d_stream.h:58->firmware/nnet_utils/nnet_conv2d_stream.h:78]   --->   Operation 14 'trunc' 'trunc_ln58' <Predicate = (!icmp_ln52)> <Delay = 0.00>
ST_2 : Operation 15 [1/1] (0.00ns)   --->   "%trunc_ln58_7 = partselect i4 @_ssdm_op_PartSelect.i4.i32.i32.i32, i32 %layer25_out_read, i32 4, i32 7" [firmware/nnet_utils/nnet_conv2d_stream.h:58->firmware/nnet_utils/nnet_conv2d_stream.h:78]   --->   Operation 15 'partselect' 'trunc_ln58_7' <Predicate = (!icmp_ln52)> <Delay = 0.00>
ST_2 : Operation 16 [1/1] (0.00ns)   --->   "%trunc_ln58_8 = partselect i4 @_ssdm_op_PartSelect.i4.i32.i32.i32, i32 %layer25_out_read, i32 8, i32 11" [firmware/nnet_utils/nnet_conv2d_stream.h:58->firmware/nnet_utils/nnet_conv2d_stream.h:78]   --->   Operation 16 'partselect' 'trunc_ln58_8' <Predicate = (!icmp_ln52)> <Delay = 0.00>
ST_2 : Operation 17 [1/1] (0.00ns)   --->   "%trunc_ln58_9 = partselect i4 @_ssdm_op_PartSelect.i4.i32.i32.i32, i32 %layer25_out_read, i32 12, i32 15" [firmware/nnet_utils/nnet_conv2d_stream.h:58->firmware/nnet_utils/nnet_conv2d_stream.h:78]   --->   Operation 17 'partselect' 'trunc_ln58_9' <Predicate = (!icmp_ln52)> <Delay = 0.00>
ST_2 : Operation 18 [1/1] (0.00ns)   --->   "%trunc_ln58_s = partselect i4 @_ssdm_op_PartSelect.i4.i32.i32.i32, i32 %layer25_out_read, i32 16, i32 19" [firmware/nnet_utils/nnet_conv2d_stream.h:58->firmware/nnet_utils/nnet_conv2d_stream.h:78]   --->   Operation 18 'partselect' 'trunc_ln58_s' <Predicate = (!icmp_ln52)> <Delay = 0.00>
ST_2 : Operation 19 [1/1] (0.00ns)   --->   "%trunc_ln58_1 = partselect i4 @_ssdm_op_PartSelect.i4.i32.i32.i32, i32 %layer25_out_read, i32 20, i32 23" [firmware/nnet_utils/nnet_conv2d_stream.h:58->firmware/nnet_utils/nnet_conv2d_stream.h:78]   --->   Operation 19 'partselect' 'trunc_ln58_1' <Predicate = (!icmp_ln52)> <Delay = 0.00>
ST_2 : Operation 20 [1/1] (0.00ns)   --->   "%trunc_ln58_2 = partselect i4 @_ssdm_op_PartSelect.i4.i32.i32.i32, i32 %layer25_out_read, i32 24, i32 27" [firmware/nnet_utils/nnet_conv2d_stream.h:58->firmware/nnet_utils/nnet_conv2d_stream.h:78]   --->   Operation 20 'partselect' 'trunc_ln58_2' <Predicate = (!icmp_ln52)> <Delay = 0.00>
ST_2 : Operation 21 [1/1] (0.00ns)   --->   "%trunc_ln58_3 = partselect i4 @_ssdm_op_PartSelect.i4.i32.i32.i32, i32 %layer25_out_read, i32 28, i32 31" [firmware/nnet_utils/nnet_conv2d_stream.h:58->firmware/nnet_utils/nnet_conv2d_stream.h:78]   --->   Operation 21 'partselect' 'trunc_ln58_3' <Predicate = (!icmp_ln52)> <Delay = 0.00>
ST_2 : Operation 22 [2/2] (0.00ns)   --->   "%call_ln58 = call void @compute_output_buffer_2d<array,array<ap_fixed<16,14,5,3,0>,16u>,config7>, i4 %trunc_ln58, i4 %trunc_ln58_7, i4 %trunc_ln58_8, i4 %trunc_ln58_9, i4 %trunc_ln58_s, i4 %trunc_ln58_1, i4 %trunc_ln58_2, i4 %trunc_ln58_3, i256 %layer7_out, i4 %void_compute_output_buffer_2d_array_const_ap_shift_reg_n_chan_stream_weig_1, i4 %void_compute_output_buffer_2d_array_const_ap_shift_reg_n_chan_stream_weig_9, i4 %void_compute_output_buffer_2d_array_const_ap_shift_reg_n_chan_stream_weig, i4 %void_compute_output_buffer_2d_array_const_ap_shift_reg_n_chan_stream_weig_8, i4 %p_ZZN4nnet24compute_output_buffer_2dINS_5arrayI9ap_ufixedILi4ELi3EL9ap_q_mode4EL9_61, i4 %void_compute_output_buffer_2d_array_const_ap_shift_reg_n_chan_stream_weig_7, i4 %p_ZZN4nnet24compute_output_buffer_2dINS_5arrayI9ap_ufixedILi4ELi3EL9ap_q_mode4EL9_60, i4 %void_compute_output_buffer_2d_array_const_ap_shift_reg_n_chan_stream_weig_6, i4 %p_ZZN4nnet24compute_output_buffer_2dINS_5arrayI9ap_ufixedILi4ELi3EL9ap_q_mode4EL9_59, i4 %void_compute_output_buffer_2d_array_const_ap_shift_reg_n_chan_stream_weig_5, i4 %p_ZZN4nnet24compute_output_buffer_2dINS_5arrayI9ap_ufixedILi4ELi3EL9ap_q_mode4EL9_58, i4 %void_compute_output_buffer_2d_array_const_ap_shift_reg_n_chan_stream_weig_4, i4 %p_ZZN4nnet24compute_output_buffer_2dINS_5arrayI9ap_ufixedILi4ELi3EL9ap_q_mode4EL9_57, i4 %void_compute_output_buffer_2d_array_const_ap_shift_reg_n_chan_stream_weig_3, i4 %p_ZZN4nnet24compute_output_buffer_2dINS_5arrayI9ap_ufixedILi4ELi3EL9ap_q_mode4EL9_56, i4 %void_compute_output_buffer_2d_array_const_ap_shift_reg_n_chan_stream_weig_2, i4 %p_ZZN4nnet24compute_output_buffer_2dINS_5arrayI9ap_ufixedILi4ELi3EL9ap_q_mode4EL9_39, i4 %p_ZZN4nnet24compute_output_buffer_2dINS_5arrayI9ap_ufixedILi4ELi3EL9ap_q_mode4EL9_47, i4 %p_ZZN4nnet24compute_output_buffer_2dINS_5arrayI9ap_ufixedILi4ELi3EL9ap_q_mode4EL9_38, i4 %p_ZZN4nnet24compute_output_buffer_2dINS_5arrayI9ap_ufixedILi4ELi3EL9ap_q_mode4EL9_46, i4 %p_ZZN4nnet24compute_output_buffer_2dINS_5arrayI9ap_ufixedILi4ELi3EL9ap_q_mode4EL9_37, i4 %p_ZZN4nnet24compute_output_buffer_2dINS_5arrayI9ap_ufixedILi4ELi3EL9ap_q_mode4EL9_45, i4 %p_ZZN4nnet24compute_output_buffer_2dINS_5arrayI9ap_ufixedILi4ELi3EL9ap_q_mode4EL9_36, i4 %p_ZZN4nnet24compute_output_buffer_2dINS_5arrayI9ap_ufixedILi4ELi3EL9ap_q_mode4EL9_44, i4 %p_ZZN4nnet24compute_output_buffer_2dINS_5arrayI9ap_ufixedILi4ELi3EL9ap_q_mode4EL9_35, i4 %p_ZZN4nnet24compute_output_buffer_2dINS_5arrayI9ap_ufixedILi4ELi3EL9ap_q_mode4EL9_43, i4 %p_ZZN4nnet24compute_output_buffer_2dINS_5arrayI9ap_ufixedILi4ELi3EL9ap_q_mode4EL9_34, i4 %p_ZZN4nnet24compute_output_buffer_2dINS_5arrayI9ap_ufixedILi4ELi3EL9ap_q_mode4EL9_42, i4 %p_ZZN4nnet24compute_output_buffer_2dINS_5arrayI9ap_ufixedILi4ELi3EL9ap_q_mode4EL9_33, i4 %p_ZZN4nnet24compute_output_buffer_2dINS_5arrayI9ap_ufixedILi4ELi3EL9ap_q_mode4EL9_41, i4 %p_ZZN4nnet24compute_output_buffer_2dINS_5arrayI9ap_ufixedILi4ELi3EL9ap_q_mode4EL9_32, i4 %p_ZZN4nnet24compute_output_buffer_2dINS_5arrayI9ap_ufixedILi4ELi3EL9ap_q_mode4EL9_40, i4 %p_ZZN4nnet24compute_output_buffer_2dINS_5arrayI9ap_ufixedILi4ELi3EL9ap_q_mode4EL9_15, i4 %p_ZZN4nnet24compute_output_buffer_2dINS_5arrayI9ap_ufixedILi4ELi3EL9ap_q_mode4EL9_23, i4 %p_ZZN4nnet24compute_output_buffer_2dINS_5arrayI9ap_ufixedILi4ELi3EL9ap_q_mode4EL9_14, i4 %p_ZZN4nnet24compute_output_buffer_2dINS_5arrayI9ap_ufixedILi4ELi3EL9ap_q_mode4EL9_22, i4 %p_ZZN4nnet24compute_output_buffer_2dINS_5arrayI9ap_ufixedILi4ELi3EL9ap_q_mode4EL9_13, i4 %p_ZZN4nnet24compute_output_buffer_2dINS_5arrayI9ap_ufixedILi4ELi3EL9ap_q_mode4EL9_21, i4 %p_ZZN4nnet24compute_output_buffer_2dINS_5arrayI9ap_ufixedILi4ELi3EL9ap_q_mode4EL9_12, i4 %p_ZZN4nnet24compute_output_buffer_2dINS_5arrayI9ap_ufixedILi4ELi3EL9ap_q_mode4EL9_20, i4 %p_ZZN4nnet24compute_output_buffer_2dINS_5arrayI9ap_ufixedILi4ELi3EL9ap_q_mode4EL9_11, i4 %p_ZZN4nnet24compute_output_buffer_2dINS_5arrayI9ap_ufixedILi4ELi3EL9ap_q_mode4EL9_19, i4 %p_ZZN4nnet24compute_output_buffer_2dINS_5arrayI9ap_ufixedILi4ELi3EL9ap_q_mode4EL9_10, i4 %p_ZZN4nnet24compute_output_buffer_2dINS_5arrayI9ap_ufixedILi4ELi3EL9ap_q_mode4EL9_18, i4 %p_ZZN4nnet24compute_output_buffer_2dINS_5arrayI9ap_ufixedILi4ELi3EL9ap_q_mode4EL9_9, i4 %p_ZZN4nnet24compute_output_buffer_2dINS_5arrayI9ap_ufixedILi4ELi3EL9ap_q_mode4EL9_17, i4 %p_ZZN4nnet24compute_output_buffer_2dINS_5arrayI9ap_ufixedILi4ELi3EL9ap_q_mode4EL9_8, i4 %p_ZZN4nnet24compute_output_buffer_2dINS_5arrayI9ap_ufixedILi4ELi3EL9ap_q_mode4EL9_16, i4 %p_ZZN4nnet24compute_output_buffer_2dINS_5arrayI9ap_ufixedILi4ELi3EL9ap_q_mode4EL9_55, i4 %p_ZZN4nnet24compute_output_buffer_2dINS_5arrayI9ap_ufixedILi4ELi3EL9ap_q_mode4EL9_54, i4 %p_ZZN4nnet24compute_output_buffer_2dINS_5arrayI9ap_ufixedILi4ELi3EL9ap_q_mode4EL9_53, i4 %p_ZZN4nnet24compute_output_buffer_2dINS_5arrayI9ap_ufixedILi4ELi3EL9ap_q_mode4EL9_52, i4 %p_ZZN4nnet24compute_output_buffer_2dINS_5arrayI9ap_ufixedILi4ELi3EL9ap_q_mode4EL9_51, i4 %p_ZZN4nnet24compute_output_buffer_2dINS_5arrayI9ap_ufixedILi4ELi3EL9ap_q_mode4EL9_50, i4 %p_ZZN4nnet24compute_output_buffer_2dINS_5arrayI9ap_ufixedILi4ELi3EL9ap_q_mode4EL9_49, i4 %p_ZZN4nnet24compute_output_buffer_2dINS_5arrayI9ap_ufixedILi4ELi3EL9ap_q_mode4EL9_48, i4 %p_ZZN4nnet24compute_output_buffer_2dINS_5arrayI9ap_ufixedILi4ELi3EL9ap_q_mode4EL9_31, i4 %p_ZZN4nnet24compute_output_buffer_2dINS_5arrayI9ap_ufixedILi4ELi3EL9ap_q_mode4EL9_30, i4 %p_ZZN4nnet24compute_output_buffer_2dINS_5arrayI9ap_ufixedILi4ELi3EL9ap_q_mode4EL9_29, i4 %p_ZZN4nnet24compute_output_buffer_2dINS_5arrayI9ap_ufixedILi4ELi3EL9ap_q_mode4EL9_28, i4 %p_ZZN4nnet24compute_output_buffer_2dINS_5arrayI9ap_ufixedILi4ELi3EL9ap_q_mode4EL9_27, i4 %p_ZZN4nnet24compute_output_buffer_2dINS_5arrayI9ap_ufixedILi4ELi3EL9ap_q_mode4EL9_26, i4 %p_ZZN4nnet24compute_output_buffer_2dINS_5arrayI9ap_ufixedILi4ELi3EL9ap_q_mode4EL9_25, i4 %p_ZZN4nnet24compute_output_buffer_2dINS_5arrayI9ap_ufixedILi4ELi3EL9ap_q_mode4EL9_24, i4 %p_ZZN4nnet24compute_output_buffer_2dINS_5arrayI9ap_ufixedILi4ELi3EL9ap_q_mode4EL9_7, i4 %p_ZZN4nnet24compute_output_buffer_2dINS_5arrayI9ap_ufixedILi4ELi3EL9ap_q_mode4EL9_6, i4 %p_ZZN4nnet24compute_output_buffer_2dINS_5arrayI9ap_ufixedILi4ELi3EL9ap_q_mode4EL9_5, i4 %p_ZZN4nnet24compute_output_buffer_2dINS_5arrayI9ap_ufixedILi4ELi3EL9ap_q_mode4EL9_4, i4 %p_ZZN4nnet24compute_output_buffer_2dINS_5arrayI9ap_ufixedILi4ELi3EL9ap_q_mode4EL9_3, i4 %p_ZZN4nnet24compute_output_buffer_2dINS_5arrayI9ap_ufixedILi4ELi3EL9ap_q_mode4EL9_2, i4 %p_ZZN4nnet24compute_output_buffer_2dINS_5arrayI9ap_ufixedILi4ELi3EL9ap_q_mode4EL9_1, i4 %p_ZZN4nnet24compute_output_buffer_2dINS_5arrayI9ap_ufixedILi4ELi3EL9ap_q_mode4EL9, i4 %p_ZZN4nnet26conv_2d_buffer_resource_clINS_5arrayI9ap_ufixedILi4ELi3EL9ap_q_mode4E_15, i4 %p_ZZN4nnet26conv_2d_buffer_resource_clINS_5arrayI9ap_ufixedILi4ELi3EL9ap_q_mode4E_7, i4 %p_ZZN4nnet26conv_2d_buffer_resource_clINS_5arrayI9ap_ufixedILi4ELi3EL9ap_q_mode4E_14, i4 %p_ZZN4nnet26conv_2d_buffer_resource_clINS_5arrayI9ap_ufixedILi4ELi3EL9ap_q_mode4E_6, i4 %p_ZZN4nnet26conv_2d_buffer_resource_clINS_5arrayI9ap_ufixedILi4ELi3EL9ap_q_mode4E_13, i4 %p_ZZN4nnet26conv_2d_buffer_resource_clINS_5arrayI9ap_ufixedILi4ELi3EL9ap_q_mode4E_5, i4 %p_ZZN4nnet26conv_2d_buffer_resource_clINS_5arrayI9ap_ufixedILi4ELi3EL9ap_q_mode4E_12, i4 %p_ZZN4nnet26conv_2d_buffer_resource_clINS_5arrayI9ap_ufixedILi4ELi3EL9ap_q_mode4E_4, i4 %p_ZZN4nnet26conv_2d_buffer_resource_clINS_5arrayI9ap_ufixedILi4ELi3EL9ap_q_mode4E_11, i4 %p_ZZN4nnet26conv_2d_buffer_resource_clINS_5arrayI9ap_ufixedILi4ELi3EL9ap_q_mode4E_3, i4 %p_ZZN4nnet26conv_2d_buffer_resource_clINS_5arrayI9ap_ufixedILi4ELi3EL9ap_q_mode4E_10, i4 %p_ZZN4nnet26conv_2d_buffer_resource_clINS_5arrayI9ap_ufixedILi4ELi3EL9ap_q_mode4E_2, i4 %p_ZZN4nnet26conv_2d_buffer_resource_clINS_5arrayI9ap_ufixedILi4ELi3EL9ap_q_mode4E_9, i4 %p_ZZN4nnet26conv_2d_buffer_resource_clINS_5arrayI9ap_ufixedILi4ELi3EL9ap_q_mode4E_1, i4 %p_ZZN4nnet26conv_2d_buffer_resource_clINS_5arrayI9ap_ufixedILi4ELi3EL9ap_q_mode4E_8, i4 %p_ZZN4nnet26conv_2d_buffer_resource_clINS_5arrayI9ap_ufixedILi4ELi3EL9ap_q_mode4E, i32 %sX_3, i32 %sY_3, i32 %pY_3, i32 %pX_3, i1141 %w7" [firmware/nnet_utils/nnet_conv2d_stream.h:58->firmware/nnet_utils/nnet_conv2d_stream.h:78]   --->   Operation 22 'call' 'call_ln58' <Predicate = (!icmp_ln52)> <Delay = 0.00> <CoreType = "Generic">   --->   Core 0 '' <Latency = 0> <II = 1> <Delay = 1.00> <Generic> <Opcode : >
ST_2 : Operation 23 [1/1] (0.42ns)   --->   "%store_ln52 = store i10 %add_ln52, i10 %indvar_flatten" [firmware/nnet_utils/nnet_conv2d_stream.h:52->firmware/nnet_utils/nnet_conv2d_stream.h:78]   --->   Operation 23 'store' 'store_ln52' <Predicate = (!icmp_ln52)> <Delay = 0.42>
ST_2 : Operation 24 [1/1] (0.00ns)   --->   "%ret_ln82 = ret" [firmware/nnet_utils/nnet_conv2d_stream.h:82]   --->   Operation 24 'ret' 'ret_ln82' <Predicate = (icmp_ln52)> <Delay = 0.00>

State 3 <SV = 2> <Delay = 0.00>
ST_3 : Operation 25 [1/1] (0.00ns)   --->   "%specloopname_ln0 = specloopname void @_ssdm_op_SpecLoopName, void @ReadInputHeight_ReadInputWidth_str"   --->   Operation 25 'specloopname' 'specloopname_ln0' <Predicate = true> <Delay = 0.00>
ST_3 : Operation 26 [1/1] (0.00ns)   --->   "%speclooptripcount_ln0 = speclooptripcount void @_ssdm_op_SpecLoopTripCount, i64 864, i64 864, i64 864"   --->   Operation 26 'speclooptripcount' 'speclooptripcount_ln0' <Predicate = true> <Delay = 0.00>
ST_3 : Operation 27 [1/2] (0.00ns)   --->   "%call_ln58 = call void @compute_output_buffer_2d<array,array<ap_fixed<16,14,5,3,0>,16u>,config7>, i4 %trunc_ln58, i4 %trunc_ln58_7, i4 %trunc_ln58_8, i4 %trunc_ln58_9, i4 %trunc_ln58_s, i4 %trunc_ln58_1, i4 %trunc_ln58_2, i4 %trunc_ln58_3, i256 %layer7_out, i4 %void_compute_output_buffer_2d_array_const_ap_shift_reg_n_chan_stream_weig_1, i4 %void_compute_output_buffer_2d_array_const_ap_shift_reg_n_chan_stream_weig_9, i4 %void_compute_output_buffer_2d_array_const_ap_shift_reg_n_chan_stream_weig, i4 %void_compute_output_buffer_2d_array_const_ap_shift_reg_n_chan_stream_weig_8, i4 %p_ZZN4nnet24compute_output_buffer_2dINS_5arrayI9ap_ufixedILi4ELi3EL9ap_q_mode4EL9_61, i4 %void_compute_output_buffer_2d_array_const_ap_shift_reg_n_chan_stream_weig_7, i4 %p_ZZN4nnet24compute_output_buffer_2dINS_5arrayI9ap_ufixedILi4ELi3EL9ap_q_mode4EL9_60, i4 %void_compute_output_buffer_2d_array_const_ap_shift_reg_n_chan_stream_weig_6, i4 %p_ZZN4nnet24compute_output_buffer_2dINS_5arrayI9ap_ufixedILi4ELi3EL9ap_q_mode4EL9_59, i4 %void_compute_output_buffer_2d_array_const_ap_shift_reg_n_chan_stream_weig_5, i4 %p_ZZN4nnet24compute_output_buffer_2dINS_5arrayI9ap_ufixedILi4ELi3EL9ap_q_mode4EL9_58, i4 %void_compute_output_buffer_2d_array_const_ap_shift_reg_n_chan_stream_weig_4, i4 %p_ZZN4nnet24compute_output_buffer_2dINS_5arrayI9ap_ufixedILi4ELi3EL9ap_q_mode4EL9_57, i4 %void_compute_output_buffer_2d_array_const_ap_shift_reg_n_chan_stream_weig_3, i4 %p_ZZN4nnet24compute_output_buffer_2dINS_5arrayI9ap_ufixedILi4ELi3EL9ap_q_mode4EL9_56, i4 %void_compute_output_buffer_2d_array_const_ap_shift_reg_n_chan_stream_weig_2, i4 %p_ZZN4nnet24compute_output_buffer_2dINS_5arrayI9ap_ufixedILi4ELi3EL9ap_q_mode4EL9_39, i4 %p_ZZN4nnet24compute_output_buffer_2dINS_5arrayI9ap_ufixedILi4ELi3EL9ap_q_mode4EL9_47, i4 %p_ZZN4nnet24compute_output_buffer_2dINS_5arrayI9ap_ufixedILi4ELi3EL9ap_q_mode4EL9_38, i4 %p_ZZN4nnet24compute_output_buffer_2dINS_5arrayI9ap_ufixedILi4ELi3EL9ap_q_mode4EL9_46, i4 %p_ZZN4nnet24compute_output_buffer_2dINS_5arrayI9ap_ufixedILi4ELi3EL9ap_q_mode4EL9_37, i4 %p_ZZN4nnet24compute_output_buffer_2dINS_5arrayI9ap_ufixedILi4ELi3EL9ap_q_mode4EL9_45, i4 %p_ZZN4nnet24compute_output_buffer_2dINS_5arrayI9ap_ufixedILi4ELi3EL9ap_q_mode4EL9_36, i4 %p_ZZN4nnet24compute_output_buffer_2dINS_5arrayI9ap_ufixedILi4ELi3EL9ap_q_mode4EL9_44, i4 %p_ZZN4nnet24compute_output_buffer_2dINS_5arrayI9ap_ufixedILi4ELi3EL9ap_q_mode4EL9_35, i4 %p_ZZN4nnet24compute_output_buffer_2dINS_5arrayI9ap_ufixedILi4ELi3EL9ap_q_mode4EL9_43, i4 %p_ZZN4nnet24compute_output_buffer_2dINS_5arrayI9ap_ufixedILi4ELi3EL9ap_q_mode4EL9_34, i4 %p_ZZN4nnet24compute_output_buffer_2dINS_5arrayI9ap_ufixedILi4ELi3EL9ap_q_mode4EL9_42, i4 %p_ZZN4nnet24compute_output_buffer_2dINS_5arrayI9ap_ufixedILi4ELi3EL9ap_q_mode4EL9_33, i4 %p_ZZN4nnet24compute_output_buffer_2dINS_5arrayI9ap_ufixedILi4ELi3EL9ap_q_mode4EL9_41, i4 %p_ZZN4nnet24compute_output_buffer_2dINS_5arrayI9ap_ufixedILi4ELi3EL9ap_q_mode4EL9_32, i4 %p_ZZN4nnet24compute_output_buffer_2dINS_5arrayI9ap_ufixedILi4ELi3EL9ap_q_mode4EL9_40, i4 %p_ZZN4nnet24compute_output_buffer_2dINS_5arrayI9ap_ufixedILi4ELi3EL9ap_q_mode4EL9_15, i4 %p_ZZN4nnet24compute_output_buffer_2dINS_5arrayI9ap_ufixedILi4ELi3EL9ap_q_mode4EL9_23, i4 %p_ZZN4nnet24compute_output_buffer_2dINS_5arrayI9ap_ufixedILi4ELi3EL9ap_q_mode4EL9_14, i4 %p_ZZN4nnet24compute_output_buffer_2dINS_5arrayI9ap_ufixedILi4ELi3EL9ap_q_mode4EL9_22, i4 %p_ZZN4nnet24compute_output_buffer_2dINS_5arrayI9ap_ufixedILi4ELi3EL9ap_q_mode4EL9_13, i4 %p_ZZN4nnet24compute_output_buffer_2dINS_5arrayI9ap_ufixedILi4ELi3EL9ap_q_mode4EL9_21, i4 %p_ZZN4nnet24compute_output_buffer_2dINS_5arrayI9ap_ufixedILi4ELi3EL9ap_q_mode4EL9_12, i4 %p_ZZN4nnet24compute_output_buffer_2dINS_5arrayI9ap_ufixedILi4ELi3EL9ap_q_mode4EL9_20, i4 %p_ZZN4nnet24compute_output_buffer_2dINS_5arrayI9ap_ufixedILi4ELi3EL9ap_q_mode4EL9_11, i4 %p_ZZN4nnet24compute_output_buffer_2dINS_5arrayI9ap_ufixedILi4ELi3EL9ap_q_mode4EL9_19, i4 %p_ZZN4nnet24compute_output_buffer_2dINS_5arrayI9ap_ufixedILi4ELi3EL9ap_q_mode4EL9_10, i4 %p_ZZN4nnet24compute_output_buffer_2dINS_5arrayI9ap_ufixedILi4ELi3EL9ap_q_mode4EL9_18, i4 %p_ZZN4nnet24compute_output_buffer_2dINS_5arrayI9ap_ufixedILi4ELi3EL9ap_q_mode4EL9_9, i4 %p_ZZN4nnet24compute_output_buffer_2dINS_5arrayI9ap_ufixedILi4ELi3EL9ap_q_mode4EL9_17, i4 %p_ZZN4nnet24compute_output_buffer_2dINS_5arrayI9ap_ufixedILi4ELi3EL9ap_q_mode4EL9_8, i4 %p_ZZN4nnet24compute_output_buffer_2dINS_5arrayI9ap_ufixedILi4ELi3EL9ap_q_mode4EL9_16, i4 %p_ZZN4nnet24compute_output_buffer_2dINS_5arrayI9ap_ufixedILi4ELi3EL9ap_q_mode4EL9_55, i4 %p_ZZN4nnet24compute_output_buffer_2dINS_5arrayI9ap_ufixedILi4ELi3EL9ap_q_mode4EL9_54, i4 %p_ZZN4nnet24compute_output_buffer_2dINS_5arrayI9ap_ufixedILi4ELi3EL9ap_q_mode4EL9_53, i4 %p_ZZN4nnet24compute_output_buffer_2dINS_5arrayI9ap_ufixedILi4ELi3EL9ap_q_mode4EL9_52, i4 %p_ZZN4nnet24compute_output_buffer_2dINS_5arrayI9ap_ufixedILi4ELi3EL9ap_q_mode4EL9_51, i4 %p_ZZN4nnet24compute_output_buffer_2dINS_5arrayI9ap_ufixedILi4ELi3EL9ap_q_mode4EL9_50, i4 %p_ZZN4nnet24compute_output_buffer_2dINS_5arrayI9ap_ufixedILi4ELi3EL9ap_q_mode4EL9_49, i4 %p_ZZN4nnet24compute_output_buffer_2dINS_5arrayI9ap_ufixedILi4ELi3EL9ap_q_mode4EL9_48, i4 %p_ZZN4nnet24compute_output_buffer_2dINS_5arrayI9ap_ufixedILi4ELi3EL9ap_q_mode4EL9_31, i4 %p_ZZN4nnet24compute_output_buffer_2dINS_5arrayI9ap_ufixedILi4ELi3EL9ap_q_mode4EL9_30, i4 %p_ZZN4nnet24compute_output_buffer_2dINS_5arrayI9ap_ufixedILi4ELi3EL9ap_q_mode4EL9_29, i4 %p_ZZN4nnet24compute_output_buffer_2dINS_5arrayI9ap_ufixedILi4ELi3EL9ap_q_mode4EL9_28, i4 %p_ZZN4nnet24compute_output_buffer_2dINS_5arrayI9ap_ufixedILi4ELi3EL9ap_q_mode4EL9_27, i4 %p_ZZN4nnet24compute_output_buffer_2dINS_5arrayI9ap_ufixedILi4ELi3EL9ap_q_mode4EL9_26, i4 %p_ZZN4nnet24compute_output_buffer_2dINS_5arrayI9ap_ufixedILi4ELi3EL9ap_q_mode4EL9_25, i4 %p_ZZN4nnet24compute_output_buffer_2dINS_5arrayI9ap_ufixedILi4ELi3EL9ap_q_mode4EL9_24, i4 %p_ZZN4nnet24compute_output_buffer_2dINS_5arrayI9ap_ufixedILi4ELi3EL9ap_q_mode4EL9_7, i4 %p_ZZN4nnet24compute_output_buffer_2dINS_5arrayI9ap_ufixedILi4ELi3EL9ap_q_mode4EL9_6, i4 %p_ZZN4nnet24compute_output_buffer_2dINS_5arrayI9ap_ufixedILi4ELi3EL9ap_q_mode4EL9_5, i4 %p_ZZN4nnet24compute_output_buffer_2dINS_5arrayI9ap_ufixedILi4ELi3EL9ap_q_mode4EL9_4, i4 %p_ZZN4nnet24compute_output_buffer_2dINS_5arrayI9ap_ufixedILi4ELi3EL9ap_q_mode4EL9_3, i4 %p_ZZN4nnet24compute_output_buffer_2dINS_5arrayI9ap_ufixedILi4ELi3EL9ap_q_mode4EL9_2, i4 %p_ZZN4nnet24compute_output_buffer_2dINS_5arrayI9ap_ufixedILi4ELi3EL9ap_q_mode4EL9_1, i4 %p_ZZN4nnet24compute_output_buffer_2dINS_5arrayI9ap_ufixedILi4ELi3EL9ap_q_mode4EL9, i4 %p_ZZN4nnet26conv_2d_buffer_resource_clINS_5arrayI9ap_ufixedILi4ELi3EL9ap_q_mode4E_15, i4 %p_ZZN4nnet26conv_2d_buffer_resource_clINS_5arrayI9ap_ufixedILi4ELi3EL9ap_q_mode4E_7, i4 %p_ZZN4nnet26conv_2d_buffer_resource_clINS_5arrayI9ap_ufixedILi4ELi3EL9ap_q_mode4E_14, i4 %p_ZZN4nnet26conv_2d_buffer_resource_clINS_5arrayI9ap_ufixedILi4ELi3EL9ap_q_mode4E_6, i4 %p_ZZN4nnet26conv_2d_buffer_resource_clINS_5arrayI9ap_ufixedILi4ELi3EL9ap_q_mode4E_13, i4 %p_ZZN4nnet26conv_2d_buffer_resource_clINS_5arrayI9ap_ufixedILi4ELi3EL9ap_q_mode4E_5, i4 %p_ZZN4nnet26conv_2d_buffer_resource_clINS_5arrayI9ap_ufixedILi4ELi3EL9ap_q_mode4E_12, i4 %p_ZZN4nnet26conv_2d_buffer_resource_clINS_5arrayI9ap_ufixedILi4ELi3EL9ap_q_mode4E_4, i4 %p_ZZN4nnet26conv_2d_buffer_resource_clINS_5arrayI9ap_ufixedILi4ELi3EL9ap_q_mode4E_11, i4 %p_ZZN4nnet26conv_2d_buffer_resource_clINS_5arrayI9ap_ufixedILi4ELi3EL9ap_q_mode4E_3, i4 %p_ZZN4nnet26conv_2d_buffer_resource_clINS_5arrayI9ap_ufixedILi4ELi3EL9ap_q_mode4E_10, i4 %p_ZZN4nnet26conv_2d_buffer_resource_clINS_5arrayI9ap_ufixedILi4ELi3EL9ap_q_mode4E_2, i4 %p_ZZN4nnet26conv_2d_buffer_resource_clINS_5arrayI9ap_ufixedILi4ELi3EL9ap_q_mode4E_9, i4 %p_ZZN4nnet26conv_2d_buffer_resource_clINS_5arrayI9ap_ufixedILi4ELi3EL9ap_q_mode4E_1, i4 %p_ZZN4nnet26conv_2d_buffer_resource_clINS_5arrayI9ap_ufixedILi4ELi3EL9ap_q_mode4E_8, i4 %p_ZZN4nnet26conv_2d_buffer_resource_clINS_5arrayI9ap_ufixedILi4ELi3EL9ap_q_mode4E, i32 %sX_3, i32 %sY_3, i32 %pY_3, i32 %pX_3, i1141 %w7" [firmware/nnet_utils/nnet_conv2d_stream.h:58->firmware/nnet_utils/nnet_conv2d_stream.h:78]   --->   Operation 27 'call' 'call_ln58' <Predicate = true> <Delay = 0.00> <CoreType = "Generic">   --->   Core 0 '' <Latency = 0> <II = 1> <Delay = 1.00> <Generic> <Opcode : >
ST_3 : Operation 28 [1/1] (0.00ns)   --->   "%br_ln54 = br void %for.body12.i" [firmware/nnet_utils/nnet_conv2d_stream.h:54->firmware/nnet_utils/nnet_conv2d_stream.h:78]   --->   Operation 28 'br' 'br_ln54' <Predicate = true> <Delay = 0.00>


============================================================
+ Verbose Summary: Timing violations
============================================================
Target clock period: 5.000ns, clock uncertainty: 1.350ns.

 <State 1>: 0.427ns
The critical path consists of the following:
	'alloca' operation 10 bit ('indvar_flatten') [96]  (0.000 ns)
	'store' operation 0 bit ('store_ln0') of constant 0 on local variable 'indvar_flatten' [99]  (0.427 ns)

 <State 2>: 2.500ns
The critical path consists of the following:
	'load' operation 10 bit ('indvar_flatten_load', firmware/nnet_utils/nnet_conv2d_stream.h:52->firmware/nnet_utils/nnet_conv2d_stream.h:78) on local variable 'indvar_flatten' [102]  (0.000 ns)
	'icmp' operation 1 bit ('icmp_ln52', firmware/nnet_utils/nnet_conv2d_stream.h:52->firmware/nnet_utils/nnet_conv2d_stream.h:78) [103]  (0.787 ns)
	fifo read operation ('layer25_out_read', firmware/nnet_utils/nnet_conv2d_stream.h:58->firmware/nnet_utils/nnet_conv2d_stream.h:78) on port 'layer25_out' (firmware/nnet_utils/nnet_conv2d_stream.h:58->firmware/nnet_utils/nnet_conv2d_stream.h:78) [109]  (1.713 ns)

 <State 3>: 0.000ns
The critical path consists of the following:


============================================================
+ Verbose Summary: Binding
============================================================
N/A
* FSMD analyzer results:
  - Output states:
 - Input state : 
  - Chain level:
	State 1
	State 2
	State 3


============================================================
+ Verbose Summary: Datapath Resource usage 
============================================================
N/A
