

================================================================
== Vitis HLS Report for 'dense_array_ap_ufixed_16u_array_ap_fixed_13_11_5_3_0_10u_config21_s'
================================================================
* Date:           Mon Mar 30 19:13:37 2026

* Version:        2023.2 (Build 4023990 on Oct 11 2023)
* Project:        myproject_prj
* Solution:       solution1 (Vivado IP Flow Target)
* Product family: zynquplus
* Target device:  xck26-sfvc784-2LV-c


================================================================
== Performance Estimates
================================================================
+ Timing: 
    * Summary: 
    +--------+---------+----------+------------+
    |  Clock |  Target | Estimated| Uncertainty|
    +--------+---------+----------+------------+
    |ap_clk  |  5.00 ns|  3.476 ns|     1.35 ns|
    +--------+---------+----------+------------+

+ Latency: 
    * Summary: 
    +---------+---------+-----------+-----------+-----+-----+---------+
    |  Latency (cycles) |   Latency (absolute)  |  Interval | Pipeline|
    |   min   |   max   |    min    |    max    | min | max |   Type  |
    +---------+---------+-----------+-----------+-----+-----+---------+
    |        2|        2|  10.000 ns|  10.000 ns|    2|    2|       no|
    +---------+---------+-----------+-----------+-----+-----+---------+

    + Detail: 
        * Instance: 
        +---------------------------------------------------------------------------+-----------------------------------------------------------------+---------+---------+----------+----------+-----+-----+---------+
        |                                                                           |                                                                 |  Latency (cycles) |  Latency (absolute) |  Interval | Pipeline|
        |                                  Instance                                 |                              Module                             |   min   |   max   |    min   |    max   | min | max |   Type  |
        +---------------------------------------------------------------------------+-----------------------------------------------------------------+---------+---------+----------+----------+-----+-----+---------+
        |grp_dense_latency_wrapper_ap_ufixed_ap_fixed_13_11_5_3_0_config21_s_fu_97  |dense_latency_wrapper_ap_ufixed_ap_fixed_13_11_5_3_0_config21_s  |        1|        1|  5.000 ns|  5.000 ns|    1|    1|      yes|
        +---------------------------------------------------------------------------+-----------------------------------------------------------------+---------+---------+----------+----------+-----+-----+---------+

        * Loop: 
        N/A

============================================================
+ Verbose Summary: Synthesis Manager
============================================================
InlineROM: 1
ExposeGlobal: 0
============================================================
+ Verbose Summary: CDFG Model
============================================================
IsTopModel: 0
ResetActiveHigh: 1
IsCombinational: 2
IsDatapathOnly: 0
HasWiredReturn: 1
HasMFsm: 0
HasVarLatency: 1
IsPipeline: 0
IsRtlPipelined: 0
IsInstanceOverlapped: 0
IsDontTouch: 0
HasImplIP: 0
IsGatedGlobalClock: 0


============================================================
+ Verbose Summary: Schedule
============================================================
* Number of FSM states : 3
* Pipeline : 0
* Dataflow Pipeline: 0

* FSM state transitions: 
1 --> 2 
2 --> 3 
3 --> 

* FSM state operations: 

State 1 <SV = 0> <Delay = 3.38>
ST_1 : Operation 4 [1/1] (1.82ns)   --->   "%layer20_out_read = read i64 @_ssdm_op_Read.ap_fifo.volatile.i64P0A, i64 %layer20_out" [firmware/nnet_utils/nnet_dense_stream.h:43->firmware/nnet_utils/nnet_dense_stream.h:93]   --->   Operation 4 'read' 'layer20_out_read' <Predicate = true> <Delay = 1.82> <CoreInst = "FIFO_SRL">   --->   Core 81 'FIFO_SRL' <Latency = 0> <II = 1> <Delay = 1.83> <Storage> <Opcode : 'read' 'write' 'nbread' 'nbwrite'> <Ports = 0> <Width = 64> <Depth = 1> <FIFO>
ST_1 : Operation 5 [1/1] (0.00ns)   --->   "%data_pack = trunc i64 %layer20_out_read" [firmware/nnet_utils/nnet_dense_stream.h:43->firmware/nnet_utils/nnet_dense_stream.h:93]   --->   Operation 5 'trunc' 'data_pack' <Predicate = true> <Delay = 0.00>
ST_1 : Operation 6 [1/1] (0.00ns)   --->   "%data_pack_16 = partselect i4 @_ssdm_op_PartSelect.i4.i64.i32.i32, i64 %layer20_out_read, i32 4, i32 7" [firmware/nnet_utils/nnet_dense_stream.h:43->firmware/nnet_utils/nnet_dense_stream.h:93]   --->   Operation 6 'partselect' 'data_pack_16' <Predicate = true> <Delay = 0.00>
ST_1 : Operation 7 [1/1] (0.00ns)   --->   "%data_pack_17 = partselect i4 @_ssdm_op_PartSelect.i4.i64.i32.i32, i64 %layer20_out_read, i32 8, i32 11" [firmware/nnet_utils/nnet_dense_stream.h:43->firmware/nnet_utils/nnet_dense_stream.h:93]   --->   Operation 7 'partselect' 'data_pack_17' <Predicate = true> <Delay = 0.00>
ST_1 : Operation 8 [1/1] (0.00ns)   --->   "%data_pack_18 = partselect i4 @_ssdm_op_PartSelect.i4.i64.i32.i32, i64 %layer20_out_read, i32 12, i32 15" [firmware/nnet_utils/nnet_dense_stream.h:43->firmware/nnet_utils/nnet_dense_stream.h:93]   --->   Operation 8 'partselect' 'data_pack_18' <Predicate = true> <Delay = 0.00>
ST_1 : Operation 9 [1/1] (0.00ns)   --->   "%data_pack_19 = partselect i4 @_ssdm_op_PartSelect.i4.i64.i32.i32, i64 %layer20_out_read, i32 16, i32 19" [firmware/nnet_utils/nnet_dense_stream.h:43->firmware/nnet_utils/nnet_dense_stream.h:93]   --->   Operation 9 'partselect' 'data_pack_19' <Predicate = true> <Delay = 0.00>
ST_1 : Operation 10 [1/1] (0.00ns)   --->   "%data_pack_20 = partselect i4 @_ssdm_op_PartSelect.i4.i64.i32.i32, i64 %layer20_out_read, i32 20, i32 23" [firmware/nnet_utils/nnet_dense_stream.h:43->firmware/nnet_utils/nnet_dense_stream.h:93]   --->   Operation 10 'partselect' 'data_pack_20' <Predicate = true> <Delay = 0.00>
ST_1 : Operation 11 [1/1] (0.00ns)   --->   "%data_pack_21 = partselect i4 @_ssdm_op_PartSelect.i4.i64.i32.i32, i64 %layer20_out_read, i32 24, i32 27" [firmware/nnet_utils/nnet_dense_stream.h:43->firmware/nnet_utils/nnet_dense_stream.h:93]   --->   Operation 11 'partselect' 'data_pack_21' <Predicate = true> <Delay = 0.00>
ST_1 : Operation 12 [1/1] (0.00ns)   --->   "%data_pack_22 = partselect i4 @_ssdm_op_PartSelect.i4.i64.i32.i32, i64 %layer20_out_read, i32 28, i32 31" [firmware/nnet_utils/nnet_dense_stream.h:43->firmware/nnet_utils/nnet_dense_stream.h:93]   --->   Operation 12 'partselect' 'data_pack_22' <Predicate = true> <Delay = 0.00>
ST_1 : Operation 13 [1/1] (0.00ns)   --->   "%data_pack_23 = partselect i4 @_ssdm_op_PartSelect.i4.i64.i32.i32, i64 %layer20_out_read, i32 32, i32 35" [firmware/nnet_utils/nnet_dense_stream.h:43->firmware/nnet_utils/nnet_dense_stream.h:93]   --->   Operation 13 'partselect' 'data_pack_23' <Predicate = true> <Delay = 0.00>
ST_1 : Operation 14 [1/1] (0.00ns)   --->   "%data_pack_24 = partselect i4 @_ssdm_op_PartSelect.i4.i64.i32.i32, i64 %layer20_out_read, i32 36, i32 39" [firmware/nnet_utils/nnet_dense_stream.h:43->firmware/nnet_utils/nnet_dense_stream.h:93]   --->   Operation 14 'partselect' 'data_pack_24' <Predicate = true> <Delay = 0.00>
ST_1 : Operation 15 [1/1] (0.00ns)   --->   "%data_pack_25 = partselect i4 @_ssdm_op_PartSelect.i4.i64.i32.i32, i64 %layer20_out_read, i32 40, i32 43" [firmware/nnet_utils/nnet_dense_stream.h:43->firmware/nnet_utils/nnet_dense_stream.h:93]   --->   Operation 15 'partselect' 'data_pack_25' <Predicate = true> <Delay = 0.00>
ST_1 : Operation 16 [1/1] (0.00ns)   --->   "%data_pack_26 = partselect i4 @_ssdm_op_PartSelect.i4.i64.i32.i32, i64 %layer20_out_read, i32 44, i32 47" [firmware/nnet_utils/nnet_dense_stream.h:43->firmware/nnet_utils/nnet_dense_stream.h:93]   --->   Operation 16 'partselect' 'data_pack_26' <Predicate = true> <Delay = 0.00>
ST_1 : Operation 17 [1/1] (0.00ns)   --->   "%data_pack_27 = partselect i4 @_ssdm_op_PartSelect.i4.i64.i32.i32, i64 %layer20_out_read, i32 48, i32 51" [firmware/nnet_utils/nnet_dense_stream.h:43->firmware/nnet_utils/nnet_dense_stream.h:93]   --->   Operation 17 'partselect' 'data_pack_27' <Predicate = true> <Delay = 0.00>
ST_1 : Operation 18 [1/1] (0.00ns)   --->   "%data_pack_28 = partselect i4 @_ssdm_op_PartSelect.i4.i64.i32.i32, i64 %layer20_out_read, i32 52, i32 55" [firmware/nnet_utils/nnet_dense_stream.h:43->firmware/nnet_utils/nnet_dense_stream.h:93]   --->   Operation 18 'partselect' 'data_pack_28' <Predicate = true> <Delay = 0.00>
ST_1 : Operation 19 [1/1] (0.00ns)   --->   "%data_pack_29 = partselect i4 @_ssdm_op_PartSelect.i4.i64.i32.i32, i64 %layer20_out_read, i32 56, i32 59" [firmware/nnet_utils/nnet_dense_stream.h:43->firmware/nnet_utils/nnet_dense_stream.h:93]   --->   Operation 19 'partselect' 'data_pack_29' <Predicate = true> <Delay = 0.00>
ST_1 : Operation 20 [1/1] (0.00ns)   --->   "%data_pack_30 = partselect i4 @_ssdm_op_PartSelect.i4.i64.i32.i32, i64 %layer20_out_read, i32 60, i32 63" [firmware/nnet_utils/nnet_dense_stream.h:43->firmware/nnet_utils/nnet_dense_stream.h:93]   --->   Operation 20 'partselect' 'data_pack_30' <Predicate = true> <Delay = 0.00>
ST_1 : Operation 21 [2/2] (1.56ns)   --->   "%call_ret = call i130 @dense_latency_wrapper<ap_ufixed,ap_fixed<13,11,5,3,0>,config21>, i4 %data_pack, i4 %data_pack_16, i4 %data_pack_17, i4 %data_pack_18, i4 %data_pack_19, i4 %data_pack_20, i4 %data_pack_21, i4 %data_pack_22, i4 %data_pack_23, i4 %data_pack_24, i4 %data_pack_25, i4 %data_pack_26, i4 %data_pack_27, i4 %data_pack_28, i4 %data_pack_29, i4 %data_pack_30" [firmware/nnet_utils/nnet_dense_stream.h:95]   --->   Operation 21 'call' 'call_ret' <Predicate = true> <Delay = 1.56> <CoreType = "Generic">   --->   Core 0 '' <Latency = 0> <II = 1> <Delay = 1.00> <Generic> <Opcode : >

State 2 <SV = 1> <Delay = 3.47>
ST_2 : Operation 22 [1/2] (3.47ns)   --->   "%call_ret = call i130 @dense_latency_wrapper<ap_ufixed,ap_fixed<13,11,5,3,0>,config21>, i4 %data_pack, i4 %data_pack_16, i4 %data_pack_17, i4 %data_pack_18, i4 %data_pack_19, i4 %data_pack_20, i4 %data_pack_21, i4 %data_pack_22, i4 %data_pack_23, i4 %data_pack_24, i4 %data_pack_25, i4 %data_pack_26, i4 %data_pack_27, i4 %data_pack_28, i4 %data_pack_29, i4 %data_pack_30" [firmware/nnet_utils/nnet_dense_stream.h:95]   --->   Operation 22 'call' 'call_ret' <Predicate = true> <Delay = 3.47> <CoreType = "Generic">   --->   Core 0 '' <Latency = 0> <II = 1> <Delay = 1.00> <Generic> <Opcode : >
ST_2 : Operation 23 [1/1] (0.00ns)   --->   "%res = extractvalue i130 %call_ret" [firmware/nnet_utils/nnet_dense_stream.h:95]   --->   Operation 23 'extractvalue' 'res' <Predicate = true> <Delay = 0.00>
ST_2 : Operation 24 [1/1] (0.00ns)   --->   "%res_40 = extractvalue i130 %call_ret" [firmware/nnet_utils/nnet_dense_stream.h:95]   --->   Operation 24 'extractvalue' 'res_40' <Predicate = true> <Delay = 0.00>
ST_2 : Operation 25 [1/1] (0.00ns)   --->   "%res_41 = extractvalue i130 %call_ret" [firmware/nnet_utils/nnet_dense_stream.h:95]   --->   Operation 25 'extractvalue' 'res_41' <Predicate = true> <Delay = 0.00>
ST_2 : Operation 26 [1/1] (0.00ns)   --->   "%res_42 = extractvalue i130 %call_ret" [firmware/nnet_utils/nnet_dense_stream.h:95]   --->   Operation 26 'extractvalue' 'res_42' <Predicate = true> <Delay = 0.00>
ST_2 : Operation 27 [1/1] (0.00ns)   --->   "%res_43 = extractvalue i130 %call_ret" [firmware/nnet_utils/nnet_dense_stream.h:95]   --->   Operation 27 'extractvalue' 'res_43' <Predicate = true> <Delay = 0.00>
ST_2 : Operation 28 [1/1] (0.00ns)   --->   "%res_44 = extractvalue i130 %call_ret" [firmware/nnet_utils/nnet_dense_stream.h:95]   --->   Operation 28 'extractvalue' 'res_44' <Predicate = true> <Delay = 0.00>
ST_2 : Operation 29 [1/1] (0.00ns)   --->   "%res_45 = extractvalue i130 %call_ret" [firmware/nnet_utils/nnet_dense_stream.h:95]   --->   Operation 29 'extractvalue' 'res_45' <Predicate = true> <Delay = 0.00>
ST_2 : Operation 30 [1/1] (0.00ns)   --->   "%res_46 = extractvalue i130 %call_ret" [firmware/nnet_utils/nnet_dense_stream.h:95]   --->   Operation 30 'extractvalue' 'res_46' <Predicate = true> <Delay = 0.00>
ST_2 : Operation 31 [1/1] (0.00ns)   --->   "%res_47 = extractvalue i130 %call_ret" [firmware/nnet_utils/nnet_dense_stream.h:95]   --->   Operation 31 'extractvalue' 'res_47' <Predicate = true> <Delay = 0.00>
ST_2 : Operation 32 [1/1] (0.00ns)   --->   "%res_48 = extractvalue i130 %call_ret" [firmware/nnet_utils/nnet_dense_stream.h:95]   --->   Operation 32 'extractvalue' 'res_48' <Predicate = true> <Delay = 0.00>

State 3 <SV = 2> <Delay = 1.82>
ST_3 : Operation 33 [1/1] (0.00ns)   --->   "%specinterface_ln0 = specinterface void @_ssdm_op_SpecInterface, i130 %layer21_out, void @empty_1, i32 0, i32 0, void @empty_20, i32 0, i32 0, void @empty_20, void @empty_20, void @empty_20, i32 0, i32 0, i32 0, i32 0, void @empty_20, void @empty_20, i32 4294967295, i32 0"   --->   Operation 33 'specinterface' 'specinterface_ln0' <Predicate = true> <Delay = 0.00>
ST_3 : Operation 34 [1/1] (0.00ns)   --->   "%specinterface_ln0 = specinterface void @_ssdm_op_SpecInterface, i64 %layer20_out, void @empty_1, i32 0, i32 0, void @empty_20, i32 0, i32 0, void @empty_20, void @empty_20, void @empty_20, i32 0, i32 0, i32 0, i32 0, void @empty_20, void @empty_20, i32 4294967295, i32 0"   --->   Operation 34 'specinterface' 'specinterface_ln0' <Predicate = true> <Delay = 0.00>
ST_3 : Operation 35 [1/1] (0.00ns)   --->   "%p_s = bitconcatenate i130 @_ssdm_op_BitConcatenate.i130.i13.i13.i13.i13.i13.i13.i13.i13.i13.i13, i13 %res_48, i13 %res_47, i13 %res_46, i13 %res_45, i13 %res_44, i13 %res_43, i13 %res_42, i13 %res_41, i13 %res_40, i13 %res" [firmware/nnet_utils/nnet_dense_stream.h:77->firmware/nnet_utils/nnet_dense_stream.h:100]   --->   Operation 35 'bitconcatenate' 'p_s' <Predicate = true> <Delay = 0.00>
ST_3 : Operation 36 [1/1] (1.82ns)   --->   "%write_ln77 = write void @_ssdm_op_Write.ap_fifo.volatile.i130P0A, i130 %layer21_out, i130 %p_s" [firmware/nnet_utils/nnet_dense_stream.h:77->firmware/nnet_utils/nnet_dense_stream.h:100]   --->   Operation 36 'write' 'write_ln77' <Predicate = true> <Delay = 1.82> <CoreInst = "FIFO_SRL">   --->   Core 81 'FIFO_SRL' <Latency = 0> <II = 1> <Delay = 1.83> <Storage> <Opcode : 'read' 'write' 'nbread' 'nbwrite'> <Ports = 0> <Width = 130> <Depth = 1> <FIFO>
ST_3 : Operation 37 [1/1] (0.00ns)   --->   "%ret_ln101 = ret" [firmware/nnet_utils/nnet_dense_stream.h:101]   --->   Operation 37 'ret' 'ret_ln101' <Predicate = true> <Delay = 0.00>


============================================================
+ Verbose Summary: Binding
============================================================
STG Binding: 
---------------- STG Properties BEGIN ----------------
- Is combinational: 0
- Is one-state seq: 0
- Is datapath-only: 0
- Is pipelined: 0
- Is top level: 0
Port [ Return ] is wired: 1; IO mode=ap_ctrl_hs:ce=0
Port [ layer20_out]:  wired=1; compound=1; hidden=0; nouse=0; global=0; static=0; extern=0; dir=0; type=3; pingpong=0; private_global=0; IO mode=ap_fifo:ce=0
Port [ layer21_out]:  wired=1; compound=1; hidden=0; nouse=0; global=0; static=0; extern=0; dir=1; type=3; pingpong=0; private_global=0; IO mode=ap_fifo:ce=0
---------------- STG Properties END ------------------

---------------- Datapath Model BEGIN ----------------

<LifeTime>
<method=bitvector/>
layer20_out_read  (read          ) [ 0000]
data_pack         (trunc         ) [ 0000]
data_pack_16      (partselect    ) [ 0000]
data_pack_17      (partselect    ) [ 0000]
data_pack_18      (partselect    ) [ 0000]
data_pack_19      (partselect    ) [ 0000]
data_pack_20      (partselect    ) [ 0000]
data_pack_21      (partselect    ) [ 0000]
data_pack_22      (partselect    ) [ 0000]
data_pack_23      (partselect    ) [ 0000]
data_pack_24      (partselect    ) [ 0000]
data_pack_25      (partselect    ) [ 0000]
data_pack_26      (partselect    ) [ 0000]
data_pack_27      (partselect    ) [ 0000]
data_pack_28      (partselect    ) [ 0000]
data_pack_29      (partselect    ) [ 0000]
data_pack_30      (partselect    ) [ 0000]
call_ret          (call          ) [ 0000]
res               (extractvalue  ) [ 0001]
res_40            (extractvalue  ) [ 0001]
res_41            (extractvalue  ) [ 0001]
res_42            (extractvalue  ) [ 0001]
res_43            (extractvalue  ) [ 0001]
res_44            (extractvalue  ) [ 0001]
res_45            (extractvalue  ) [ 0001]
res_46            (extractvalue  ) [ 0001]
res_47            (extractvalue  ) [ 0001]
res_48            (extractvalue  ) [ 0001]
specinterface_ln0 (specinterface ) [ 0000]
specinterface_ln0 (specinterface ) [ 0000]
p_s               (bitconcatenate) [ 0000]
write_ln77        (write         ) [ 0000]
ret_ln101         (ret           ) [ 0000]
</LifeTime>

<model>

<comp_list>
<comp id="0" class="1000" name="layer20_out">
<pin_list>
<pin id="1" dir="1" index="0" bw="1" slack="0"/>
</pin_list>
<bind>
<StgValue><ssdm name="layer20_out"/></StgValue>
</bind>
</comp>

<comp id="2" class="1000" name="layer21_out">
<pin_list>
<pin id="3" dir="1" index="0" bw="1" slack="0"/>
</pin_list>
<bind>
<StgValue><ssdm name="layer21_out"/></StgValue>
</bind>
</comp>

<comp id="4" class="1001" name="const_4">
<pin_list>
<pin id="5" dir="1" index="0" bw="1" slack="0"/>
</pin_list>
<bind>
<StgValue><ssdm name="_ssdm_op_Read.ap_fifo.volatile.i64P0A"/></StgValue>
</bind>
</comp>

<comp id="6" class="1001" name="const_6">
<pin_list>
<pin id="7" dir="1" index="0" bw="1" slack="0"/>
</pin_list>
<bind>
<StgValue><ssdm name="_ssdm_op_PartSelect.i4.i64.i32.i32"/></StgValue>
</bind>
</comp>

<comp id="8" class="1001" name="const_8">
<pin_list>
<pin id="9" dir="1" index="0" bw="1" slack="0"/>
</pin_list>
<bind>
<StgValue><ssdm name=""/></StgValue>
</bind>
</comp>

<comp id="10" class="1001" name="const_10">
<pin_list>
<pin id="11" dir="1" index="0" bw="1" slack="0"/>
</pin_list>
<bind>
<StgValue><ssdm name=""/></StgValue>
</bind>
</comp>

<comp id="12" class="1001" name="const_12">
<pin_list>
<pin id="13" dir="1" index="0" bw="1" slack="0"/>
</pin_list>
<bind>
<StgValue><ssdm name=""/></StgValue>
</bind>
</comp>

<comp id="14" class="1001" name="const_14">
<pin_list>
<pin id="15" dir="1" index="0" bw="1" slack="0"/>
</pin_list>
<bind>
<StgValue><ssdm name=""/></StgValue>
</bind>
</comp>

<comp id="16" class="1001" name="const_16">
<pin_list>
<pin id="17" dir="1" index="0" bw="1" slack="0"/>
</pin_list>
<bind>
<StgValue><ssdm name=""/></StgValue>
</bind>
</comp>

<comp id="18" class="1001" name="const_18">
<pin_list>
<pin id="19" dir="1" index="0" bw="1" slack="0"/>
</pin_list>
<bind>
<StgValue><ssdm name=""/></StgValue>
</bind>
</comp>

<comp id="20" class="1001" name="const_20">
<pin_list>
<pin id="21" dir="1" index="0" bw="1" slack="0"/>
</pin_list>
<bind>
<StgValue><ssdm name=""/></StgValue>
</bind>
</comp>

<comp id="22" class="1001" name="const_22">
<pin_list>
<pin id="23" dir="1" index="0" bw="1" slack="0"/>
</pin_list>
<bind>
<StgValue><ssdm name=""/></StgValue>
</bind>
</comp>

<comp id="24" class="1001" name="const_24">
<pin_list>
<pin id="25" dir="1" index="0" bw="1" slack="0"/>
</pin_list>
<bind>
<StgValue><ssdm name=""/></StgValue>
</bind>
</comp>

<comp id="26" class="1001" name="const_26">
<pin_list>
<pin id="27" dir="1" index="0" bw="1" slack="0"/>
</pin_list>
<bind>
<StgValue><ssdm name=""/></StgValue>
</bind>
</comp>

<comp id="28" class="1001" name="const_28">
<pin_list>
<pin id="29" dir="1" index="0" bw="1" slack="0"/>
</pin_list>
<bind>
<StgValue><ssdm name=""/></StgValue>
</bind>
</comp>

<comp id="30" class="1001" name="const_30">
<pin_list>
<pin id="31" dir="1" index="0" bw="1" slack="0"/>
</pin_list>
<bind>
<StgValue><ssdm name=""/></StgValue>
</bind>
</comp>

<comp id="32" class="1001" name="const_32">
<pin_list>
<pin id="33" dir="1" index="0" bw="1" slack="0"/>
</pin_list>
<bind>
<StgValue><ssdm name=""/></StgValue>
</bind>
</comp>

<comp id="34" class="1001" name="const_34">
<pin_list>
<pin id="35" dir="1" index="0" bw="1" slack="0"/>
</pin_list>
<bind>
<StgValue><ssdm name=""/></StgValue>
</bind>
</comp>

<comp id="36" class="1001" name="const_36">
<pin_list>
<pin id="37" dir="1" index="0" bw="1" slack="0"/>
</pin_list>
<bind>
<StgValue><ssdm name=""/></StgValue>
</bind>
</comp>

<comp id="38" class="1001" name="const_38">
<pin_list>
<pin id="39" dir="1" index="0" bw="1" slack="0"/>
</pin_list>
<bind>
<StgValue><ssdm name=""/></StgValue>
</bind>
</comp>

<comp id="40" class="1001" name="const_40">
<pin_list>
<pin id="41" dir="1" index="0" bw="1" slack="0"/>
</pin_list>
<bind>
<StgValue><ssdm name=""/></StgValue>
</bind>
</comp>

<comp id="42" class="1001" name="const_42">
<pin_list>
<pin id="43" dir="1" index="0" bw="1" slack="0"/>
</pin_list>
<bind>
<StgValue><ssdm name=""/></StgValue>
</bind>
</comp>

<comp id="44" class="1001" name="const_44">
<pin_list>
<pin id="45" dir="1" index="0" bw="1" slack="0"/>
</pin_list>
<bind>
<StgValue><ssdm name=""/></StgValue>
</bind>
</comp>

<comp id="46" class="1001" name="const_46">
<pin_list>
<pin id="47" dir="1" index="0" bw="1" slack="0"/>
</pin_list>
<bind>
<StgValue><ssdm name=""/></StgValue>
</bind>
</comp>

<comp id="48" class="1001" name="const_48">
<pin_list>
<pin id="49" dir="1" index="0" bw="1" slack="0"/>
</pin_list>
<bind>
<StgValue><ssdm name=""/></StgValue>
</bind>
</comp>

<comp id="50" class="1001" name="const_50">
<pin_list>
<pin id="51" dir="1" index="0" bw="1" slack="0"/>
</pin_list>
<bind>
<StgValue><ssdm name=""/></StgValue>
</bind>
</comp>

<comp id="52" class="1001" name="const_52">
<pin_list>
<pin id="53" dir="1" index="0" bw="1" slack="0"/>
</pin_list>
<bind>
<StgValue><ssdm name=""/></StgValue>
</bind>
</comp>

<comp id="54" class="1001" name="const_54">
<pin_list>
<pin id="55" dir="1" index="0" bw="1" slack="0"/>
</pin_list>
<bind>
<StgValue><ssdm name=""/></StgValue>
</bind>
</comp>

<comp id="56" class="1001" name="const_56">
<pin_list>
<pin id="57" dir="1" index="0" bw="1" slack="0"/>
</pin_list>
<bind>
<StgValue><ssdm name=""/></StgValue>
</bind>
</comp>

<comp id="58" class="1001" name="const_58">
<pin_list>
<pin id="59" dir="1" index="0" bw="1" slack="0"/>
</pin_list>
<bind>
<StgValue><ssdm name=""/></StgValue>
</bind>
</comp>

<comp id="60" class="1001" name="const_60">
<pin_list>
<pin id="61" dir="1" index="0" bw="1" slack="0"/>
</pin_list>
<bind>
<StgValue><ssdm name=""/></StgValue>
</bind>
</comp>

<comp id="62" class="1001" name="const_62">
<pin_list>
<pin id="63" dir="1" index="0" bw="1" slack="0"/>
</pin_list>
<bind>
<StgValue><ssdm name=""/></StgValue>
</bind>
</comp>

<comp id="64" class="1001" name="const_64">
<pin_list>
<pin id="65" dir="1" index="0" bw="1" slack="0"/>
</pin_list>
<bind>
<StgValue><ssdm name=""/></StgValue>
</bind>
</comp>

<comp id="66" class="1001" name="const_66">
<pin_list>
<pin id="67" dir="1" index="0" bw="1" slack="0"/>
</pin_list>
<bind>
<StgValue><ssdm name=""/></StgValue>
</bind>
</comp>

<comp id="68" class="1001" name="const_68">
<pin_list>
<pin id="69" dir="1" index="0" bw="1" slack="0"/>
</pin_list>
<bind>
<StgValue><ssdm name="dense_latency_wrapper<ap_ufixed,ap_fixed<13,11,5,3,0>,config21>"/></StgValue>
</bind>
</comp>

<comp id="70" class="1001" name="const_70">
<pin_list>
<pin id="71" dir="1" index="0" bw="1" slack="2147483647"/>
</pin_list>
<bind>
<StgValue><ssdm name="_ssdm_op_SpecInterface"/></StgValue>
</bind>
</comp>

<comp id="72" class="1001" name="const_72">
<pin_list>
<pin id="73" dir="1" index="0" bw="1" slack="2147483647"/>
</pin_list>
<bind>
<StgValue><ssdm name="empty_1"/></StgValue>
</bind>
</comp>

<comp id="74" class="1001" name="const_74">
<pin_list>
<pin id="75" dir="1" index="0" bw="1" slack="2147483647"/>
</pin_list>
<bind>
<StgValue><ssdm name=""/></StgValue>
</bind>
</comp>

<comp id="76" class="1001" name="const_76">
<pin_list>
<pin id="77" dir="1" index="0" bw="1" slack="2147483647"/>
</pin_list>
<bind>
<StgValue><ssdm name="empty_20"/></StgValue>
</bind>
</comp>

<comp id="78" class="1001" name="const_78">
<pin_list>
<pin id="79" dir="1" index="0" bw="1" slack="2147483647"/>
</pin_list>
<bind>
<StgValue><ssdm name=""/></StgValue>
</bind>
</comp>

<comp id="80" class="1001" name="const_80">
<pin_list>
<pin id="81" dir="1" index="0" bw="1" slack="0"/>
</pin_list>
<bind>
<StgValue><ssdm name="_ssdm_op_BitConcatenate.i130.i13.i13.i13.i13.i13.i13.i13.i13.i13.i13"/></StgValue>
</bind>
</comp>

<comp id="82" class="1001" name="const_82">
<pin_list>
<pin id="83" dir="1" index="0" bw="1" slack="0"/>
</pin_list>
<bind>
<StgValue><ssdm name="_ssdm_op_Write.ap_fifo.volatile.i130P0A"/></StgValue>
</bind>
</comp>

<comp id="84" class="1004" name="layer20_out_read_read_fu_84">
<pin_list>
<pin id="85" dir="0" index="0" bw="64" slack="0"/>
<pin id="86" dir="0" index="1" bw="64" slack="0"/>
<pin id="87" dir="1" index="2" bw="64" slack="0"/>
</pin_list>
<bind>
<opcode="read(1150) " fcode="read"/>
<opset="layer20_out_read/1 "/>
</bind>
</comp>

<comp id="90" class="1004" name="write_ln77_write_fu_90">
<pin_list>
<pin id="91" dir="0" index="0" bw="0" slack="0"/>
<pin id="92" dir="0" index="1" bw="130" slack="0"/>
<pin id="93" dir="0" index="2" bw="130" slack="0"/>
<pin id="94" dir="1" index="3" bw="0" slack="2147483647"/>
</pin_list>
<bind>
<opcode="write(1151) " fcode="write"/>
<opset="write_ln77/3 "/>
</bind>
</comp>

<comp id="97" class="1004" name="grp_dense_latency_wrapper_ap_ufixed_ap_fixed_13_11_5_3_0_config21_s_fu_97">
<pin_list>
<pin id="98" dir="0" index="0" bw="130" slack="0"/>
<pin id="99" dir="0" index="1" bw="4" slack="0"/>
<pin id="100" dir="0" index="2" bw="4" slack="0"/>
<pin id="101" dir="0" index="3" bw="4" slack="0"/>
<pin id="102" dir="0" index="4" bw="4" slack="0"/>
<pin id="103" dir="0" index="5" bw="4" slack="0"/>
<pin id="104" dir="0" index="6" bw="4" slack="0"/>
<pin id="105" dir="0" index="7" bw="4" slack="0"/>
<pin id="106" dir="0" index="8" bw="4" slack="0"/>
<pin id="107" dir="0" index="9" bw="4" slack="0"/>
<pin id="108" dir="0" index="10" bw="4" slack="0"/>
<pin id="109" dir="0" index="11" bw="4" slack="0"/>
<pin id="110" dir="0" index="12" bw="4" slack="0"/>
<pin id="111" dir="0" index="13" bw="4" slack="0"/>
<pin id="112" dir="0" index="14" bw="4" slack="0"/>
<pin id="113" dir="0" index="15" bw="4" slack="0"/>
<pin id="114" dir="0" index="16" bw="4" slack="0"/>
<pin id="115" dir="1" index="17" bw="130" slack="0"/>
</pin_list>
<bind>
<opcode="call(48) " fcode="call"/>
<opset="call_ret/1 "/>
</bind>
</comp>

<comp id="117" class="1004" name="data_pack_fu_117">
<pin_list>
<pin id="118" dir="0" index="0" bw="64" slack="0"/>
<pin id="119" dir="1" index="1" bw="4" slack="0"/>
</pin_list>
<bind>
<opcode="trunc(33) " fcode="trunc"/>
<opset="data_pack/1 "/>
</bind>
</comp>

<comp id="122" class="1004" name="data_pack_16_fu_122">
<pin_list>
<pin id="123" dir="0" index="0" bw="4" slack="0"/>
<pin id="124" dir="0" index="1" bw="64" slack="0"/>
<pin id="125" dir="0" index="2" bw="4" slack="0"/>
<pin id="126" dir="0" index="3" bw="4" slack="0"/>
<pin id="127" dir="1" index="4" bw="4" slack="0"/>
</pin_list>
<bind>
<opcode="partselect(1002) " fcode="partselect"/>
<opset="data_pack_16/1 "/>
</bind>
</comp>

<comp id="133" class="1004" name="data_pack_17_fu_133">
<pin_list>
<pin id="134" dir="0" index="0" bw="4" slack="0"/>
<pin id="135" dir="0" index="1" bw="64" slack="0"/>
<pin id="136" dir="0" index="2" bw="5" slack="0"/>
<pin id="137" dir="0" index="3" bw="5" slack="0"/>
<pin id="138" dir="1" index="4" bw="4" slack="0"/>
</pin_list>
<bind>
<opcode="partselect(1002) " fcode="partselect"/>
<opset="data_pack_17/1 "/>
</bind>
</comp>

<comp id="144" class="1004" name="data_pack_18_fu_144">
<pin_list>
<pin id="145" dir="0" index="0" bw="4" slack="0"/>
<pin id="146" dir="0" index="1" bw="64" slack="0"/>
<pin id="147" dir="0" index="2" bw="5" slack="0"/>
<pin id="148" dir="0" index="3" bw="5" slack="0"/>
<pin id="149" dir="1" index="4" bw="4" slack="0"/>
</pin_list>
<bind>
<opcode="partselect(1002) " fcode="partselect"/>
<opset="data_pack_18/1 "/>
</bind>
</comp>

<comp id="155" class="1004" name="data_pack_19_fu_155">
<pin_list>
<pin id="156" dir="0" index="0" bw="4" slack="0"/>
<pin id="157" dir="0" index="1" bw="64" slack="0"/>
<pin id="158" dir="0" index="2" bw="6" slack="0"/>
<pin id="159" dir="0" index="3" bw="6" slack="0"/>
<pin id="160" dir="1" index="4" bw="4" slack="0"/>
</pin_list>
<bind>
<opcode="partselect(1002) " fcode="partselect"/>
<opset="data_pack_19/1 "/>
</bind>
</comp>

<comp id="166" class="1004" name="data_pack_20_fu_166">
<pin_list>
<pin id="167" dir="0" index="0" bw="4" slack="0"/>
<pin id="168" dir="0" index="1" bw="64" slack="0"/>
<pin id="169" dir="0" index="2" bw="6" slack="0"/>
<pin id="170" dir="0" index="3" bw="6" slack="0"/>
<pin id="171" dir="1" index="4" bw="4" slack="0"/>
</pin_list>
<bind>
<opcode="partselect(1002) " fcode="partselect"/>
<opset="data_pack_20/1 "/>
</bind>
</comp>

<comp id="177" class="1004" name="data_pack_21_fu_177">
<pin_list>
<pin id="178" dir="0" index="0" bw="4" slack="0"/>
<pin id="179" dir="0" index="1" bw="64" slack="0"/>
<pin id="180" dir="0" index="2" bw="6" slack="0"/>
<pin id="181" dir="0" index="3" bw="6" slack="0"/>
<pin id="182" dir="1" index="4" bw="4" slack="0"/>
</pin_list>
<bind>
<opcode="partselect(1002) " fcode="partselect"/>
<opset="data_pack_21/1 "/>
</bind>
</comp>

<comp id="188" class="1004" name="data_pack_22_fu_188">
<pin_list>
<pin id="189" dir="0" index="0" bw="4" slack="0"/>
<pin id="190" dir="0" index="1" bw="64" slack="0"/>
<pin id="191" dir="0" index="2" bw="6" slack="0"/>
<pin id="192" dir="0" index="3" bw="6" slack="0"/>
<pin id="193" dir="1" index="4" bw="4" slack="0"/>
</pin_list>
<bind>
<opcode="partselect(1002) " fcode="partselect"/>
<opset="data_pack_22/1 "/>
</bind>
</comp>

<comp id="199" class="1004" name="data_pack_23_fu_199">
<pin_list>
<pin id="200" dir="0" index="0" bw="4" slack="0"/>
<pin id="201" dir="0" index="1" bw="64" slack="0"/>
<pin id="202" dir="0" index="2" bw="7" slack="0"/>
<pin id="203" dir="0" index="3" bw="7" slack="0"/>
<pin id="204" dir="1" index="4" bw="4" slack="0"/>
</pin_list>
<bind>
<opcode="partselect(1002) " fcode="partselect"/>
<opset="data_pack_23/1 "/>
</bind>
</comp>

<comp id="210" class="1004" name="data_pack_24_fu_210">
<pin_list>
<pin id="211" dir="0" index="0" bw="4" slack="0"/>
<pin id="212" dir="0" index="1" bw="64" slack="0"/>
<pin id="213" dir="0" index="2" bw="7" slack="0"/>
<pin id="214" dir="0" index="3" bw="7" slack="0"/>
<pin id="215" dir="1" index="4" bw="4" slack="0"/>
</pin_list>
<bind>
<opcode="partselect(1002) " fcode="partselect"/>
<opset="data_pack_24/1 "/>
</bind>
</comp>

<comp id="221" class="1004" name="data_pack_25_fu_221">
<pin_list>
<pin id="222" dir="0" index="0" bw="4" slack="0"/>
<pin id="223" dir="0" index="1" bw="64" slack="0"/>
<pin id="224" dir="0" index="2" bw="7" slack="0"/>
<pin id="225" dir="0" index="3" bw="7" slack="0"/>
<pin id="226" dir="1" index="4" bw="4" slack="0"/>
</pin_list>
<bind>
<opcode="partselect(1002) " fcode="partselect"/>
<opset="data_pack_25/1 "/>
</bind>
</comp>

<comp id="232" class="1004" name="data_pack_26_fu_232">
<pin_list>
<pin id="233" dir="0" index="0" bw="4" slack="0"/>
<pin id="234" dir="0" index="1" bw="64" slack="0"/>
<pin id="235" dir="0" index="2" bw="7" slack="0"/>
<pin id="236" dir="0" index="3" bw="7" slack="0"/>
<pin id="237" dir="1" index="4" bw="4" slack="0"/>
</pin_list>
<bind>
<opcode="partselect(1002) " fcode="partselect"/>
<opset="data_pack_26/1 "/>
</bind>
</comp>

<comp id="243" class="1004" name="data_pack_27_fu_243">
<pin_list>
<pin id="244" dir="0" index="0" bw="4" slack="0"/>
<pin id="245" dir="0" index="1" bw="64" slack="0"/>
<pin id="246" dir="0" index="2" bw="7" slack="0"/>
<pin id="247" dir="0" index="3" bw="7" slack="0"/>
<pin id="248" dir="1" index="4" bw="4" slack="0"/>
</pin_list>
<bind>
<opcode="partselect(1002) " fcode="partselect"/>
<opset="data_pack_27/1 "/>
</bind>
</comp>

<comp id="254" class="1004" name="data_pack_28_fu_254">
<pin_list>
<pin id="255" dir="0" index="0" bw="4" slack="0"/>
<pin id="256" dir="0" index="1" bw="64" slack="0"/>
<pin id="257" dir="0" index="2" bw="7" slack="0"/>
<pin id="258" dir="0" index="3" bw="7" slack="0"/>
<pin id="259" dir="1" index="4" bw="4" slack="0"/>
</pin_list>
<bind>
<opcode="partselect(1002) " fcode="partselect"/>
<opset="data_pack_28/1 "/>
</bind>
</comp>

<comp id="265" class="1004" name="data_pack_29_fu_265">
<pin_list>
<pin id="266" dir="0" index="0" bw="4" slack="0"/>
<pin id="267" dir="0" index="1" bw="64" slack="0"/>
<pin id="268" dir="0" index="2" bw="7" slack="0"/>
<pin id="269" dir="0" index="3" bw="7" slack="0"/>
<pin id="270" dir="1" index="4" bw="4" slack="0"/>
</pin_list>
<bind>
<opcode="partselect(1002) " fcode="partselect"/>
<opset="data_pack_29/1 "/>
</bind>
</comp>

<comp id="276" class="1004" name="data_pack_30_fu_276">
<pin_list>
<pin id="277" dir="0" index="0" bw="4" slack="0"/>
<pin id="278" dir="0" index="1" bw="64" slack="0"/>
<pin id="279" dir="0" index="2" bw="7" slack="0"/>
<pin id="280" dir="0" index="3" bw="7" slack="0"/>
<pin id="281" dir="1" index="4" bw="4" slack="0"/>
</pin_list>
<bind>
<opcode="partselect(1002) " fcode="partselect"/>
<opset="data_pack_30/1 "/>
</bind>
</comp>

<comp id="287" class="1004" name="res_fu_287">
<pin_list>
<pin id="288" dir="0" index="0" bw="130" slack="0"/>
<pin id="289" dir="1" index="1" bw="13" slack="1"/>
</pin_list>
<bind>
<opcode="extractvalue(56) " fcode="extractvalue"/>
<opset="res/2 "/>
</bind>
</comp>

<comp id="291" class="1004" name="res_40_fu_291">
<pin_list>
<pin id="292" dir="0" index="0" bw="130" slack="0"/>
<pin id="293" dir="1" index="1" bw="13" slack="1"/>
</pin_list>
<bind>
<opcode="extractvalue(56) " fcode="extractvalue"/>
<opset="res_40/2 "/>
</bind>
</comp>

<comp id="295" class="1004" name="res_41_fu_295">
<pin_list>
<pin id="296" dir="0" index="0" bw="130" slack="0"/>
<pin id="297" dir="1" index="1" bw="13" slack="1"/>
</pin_list>
<bind>
<opcode="extractvalue(56) " fcode="extractvalue"/>
<opset="res_41/2 "/>
</bind>
</comp>

<comp id="299" class="1004" name="res_42_fu_299">
<pin_list>
<pin id="300" dir="0" index="0" bw="130" slack="0"/>
<pin id="301" dir="1" index="1" bw="13" slack="1"/>
</pin_list>
<bind>
<opcode="extractvalue(56) " fcode="extractvalue"/>
<opset="res_42/2 "/>
</bind>
</comp>

<comp id="303" class="1004" name="res_43_fu_303">
<pin_list>
<pin id="304" dir="0" index="0" bw="130" slack="0"/>
<pin id="305" dir="1" index="1" bw="13" slack="1"/>
</pin_list>
<bind>
<opcode="extractvalue(56) " fcode="extractvalue"/>
<opset="res_43/2 "/>
</bind>
</comp>

<comp id="307" class="1004" name="res_44_fu_307">
<pin_list>
<pin id="308" dir="0" index="0" bw="130" slack="0"/>
<pin id="309" dir="1" index="1" bw="13" slack="1"/>
</pin_list>
<bind>
<opcode="extractvalue(56) " fcode="extractvalue"/>
<opset="res_44/2 "/>
</bind>
</comp>

<comp id="311" class="1004" name="res_45_fu_311">
<pin_list>
<pin id="312" dir="0" index="0" bw="130" slack="0"/>
<pin id="313" dir="1" index="1" bw="13" slack="1"/>
</pin_list>
<bind>
<opcode="extractvalue(56) " fcode="extractvalue"/>
<opset="res_45/2 "/>
</bind>
</comp>

<comp id="315" class="1004" name="res_46_fu_315">
<pin_list>
<pin id="316" dir="0" index="0" bw="130" slack="0"/>
<pin id="317" dir="1" index="1" bw="13" slack="1"/>
</pin_list>
<bind>
<opcode="extractvalue(56) " fcode="extractvalue"/>
<opset="res_46/2 "/>
</bind>
</comp>

<comp id="319" class="1004" name="res_47_fu_319">
<pin_list>
<pin id="320" dir="0" index="0" bw="130" slack="0"/>
<pin id="321" dir="1" index="1" bw="13" slack="1"/>
</pin_list>
<bind>
<opcode="extractvalue(56) " fcode="extractvalue"/>
<opset="res_47/2 "/>
</bind>
</comp>

<comp id="323" class="1004" name="res_48_fu_323">
<pin_list>
<pin id="324" dir="0" index="0" bw="130" slack="0"/>
<pin id="325" dir="1" index="1" bw="13" slack="1"/>
</pin_list>
<bind>
<opcode="extractvalue(56) " fcode="extractvalue"/>
<opset="res_48/2 "/>
</bind>
</comp>

<comp id="327" class="1004" name="p_s_fu_327">
<pin_list>
<pin id="328" dir="0" index="0" bw="130" slack="0"/>
<pin id="329" dir="0" index="1" bw="13" slack="1"/>
<pin id="330" dir="0" index="2" bw="13" slack="1"/>
<pin id="331" dir="0" index="3" bw="13" slack="1"/>
<pin id="332" dir="0" index="4" bw="13" slack="1"/>
<pin id="333" dir="0" index="5" bw="13" slack="1"/>
<pin id="334" dir="0" index="6" bw="13" slack="1"/>
<pin id="335" dir="0" index="7" bw="13" slack="1"/>
<pin id="336" dir="0" index="8" bw="13" slack="1"/>
<pin id="337" dir="0" index="9" bw="13" slack="1"/>
<pin id="338" dir="0" index="10" bw="13" slack="1"/>
<pin id="339" dir="1" index="11" bw="130" slack="0"/>
</pin_list>
<bind>
<opcode="bitconcatenate(1004) " fcode="bitconcatenate"/>
<opset="p_s/3 "/>
</bind>
</comp>

<comp id="342" class="1005" name="res_reg_342">
<pin_list>
<pin id="343" dir="0" index="0" bw="13" slack="1"/>
<pin id="344" dir="1" index="1" bw="13" slack="1"/>
</pin_list>
<bind>
<opset="res "/>
</bind>
</comp>

<comp id="347" class="1005" name="res_40_reg_347">
<pin_list>
<pin id="348" dir="0" index="0" bw="13" slack="1"/>
<pin id="349" dir="1" index="1" bw="13" slack="1"/>
</pin_list>
<bind>
<opset="res_40 "/>
</bind>
</comp>

<comp id="352" class="1005" name="res_41_reg_352">
<pin_list>
<pin id="353" dir="0" index="0" bw="13" slack="1"/>
<pin id="354" dir="1" index="1" bw="13" slack="1"/>
</pin_list>
<bind>
<opset="res_41 "/>
</bind>
</comp>

<comp id="357" class="1005" name="res_42_reg_357">
<pin_list>
<pin id="358" dir="0" index="0" bw="13" slack="1"/>
<pin id="359" dir="1" index="1" bw="13" slack="1"/>
</pin_list>
<bind>
<opset="res_42 "/>
</bind>
</comp>

<comp id="362" class="1005" name="res_43_reg_362">
<pin_list>
<pin id="363" dir="0" index="0" bw="13" slack="1"/>
<pin id="364" dir="1" index="1" bw="13" slack="1"/>
</pin_list>
<bind>
<opset="res_43 "/>
</bind>
</comp>

<comp id="367" class="1005" name="res_44_reg_367">
<pin_list>
<pin id="368" dir="0" index="0" bw="13" slack="1"/>
<pin id="369" dir="1" index="1" bw="13" slack="1"/>
</pin_list>
<bind>
<opset="res_44 "/>
</bind>
</comp>

<comp id="372" class="1005" name="res_45_reg_372">
<pin_list>
<pin id="373" dir="0" index="0" bw="13" slack="1"/>
<pin id="374" dir="1" index="1" bw="13" slack="1"/>
</pin_list>
<bind>
<opset="res_45 "/>
</bind>
</comp>

<comp id="377" class="1005" name="res_46_reg_377">
<pin_list>
<pin id="378" dir="0" index="0" bw="13" slack="1"/>
<pin id="379" dir="1" index="1" bw="13" slack="1"/>
</pin_list>
<bind>
<opset="res_46 "/>
</bind>
</comp>

<comp id="382" class="1005" name="res_47_reg_382">
<pin_list>
<pin id="383" dir="0" index="0" bw="13" slack="1"/>
<pin id="384" dir="1" index="1" bw="13" slack="1"/>
</pin_list>
<bind>
<opset="res_47 "/>
</bind>
</comp>

<comp id="387" class="1005" name="res_48_reg_387">
<pin_list>
<pin id="388" dir="0" index="0" bw="13" slack="1"/>
<pin id="389" dir="1" index="1" bw="13" slack="1"/>
</pin_list>
<bind>
<opset="res_48 "/>
</bind>
</comp>

</comp_list>

<net_list>
<net id="88"><net_src comp="4" pin="0"/><net_sink comp="84" pin=0"/></net>

<net id="89"><net_src comp="0" pin="0"/><net_sink comp="84" pin=1"/></net>

<net id="95"><net_src comp="82" pin="0"/><net_sink comp="90" pin=0"/></net>

<net id="96"><net_src comp="2" pin="0"/><net_sink comp="90" pin=1"/></net>

<net id="116"><net_src comp="68" pin="0"/><net_sink comp="97" pin=0"/></net>

<net id="120"><net_src comp="84" pin="2"/><net_sink comp="117" pin=0"/></net>

<net id="121"><net_src comp="117" pin="1"/><net_sink comp="97" pin=1"/></net>

<net id="128"><net_src comp="6" pin="0"/><net_sink comp="122" pin=0"/></net>

<net id="129"><net_src comp="84" pin="2"/><net_sink comp="122" pin=1"/></net>

<net id="130"><net_src comp="8" pin="0"/><net_sink comp="122" pin=2"/></net>

<net id="131"><net_src comp="10" pin="0"/><net_sink comp="122" pin=3"/></net>

<net id="132"><net_src comp="122" pin="4"/><net_sink comp="97" pin=2"/></net>

<net id="139"><net_src comp="6" pin="0"/><net_sink comp="133" pin=0"/></net>

<net id="140"><net_src comp="84" pin="2"/><net_sink comp="133" pin=1"/></net>

<net id="141"><net_src comp="12" pin="0"/><net_sink comp="133" pin=2"/></net>

<net id="142"><net_src comp="14" pin="0"/><net_sink comp="133" pin=3"/></net>

<net id="143"><net_src comp="133" pin="4"/><net_sink comp="97" pin=3"/></net>

<net id="150"><net_src comp="6" pin="0"/><net_sink comp="144" pin=0"/></net>

<net id="151"><net_src comp="84" pin="2"/><net_sink comp="144" pin=1"/></net>

<net id="152"><net_src comp="16" pin="0"/><net_sink comp="144" pin=2"/></net>

<net id="153"><net_src comp="18" pin="0"/><net_sink comp="144" pin=3"/></net>

<net id="154"><net_src comp="144" pin="4"/><net_sink comp="97" pin=4"/></net>

<net id="161"><net_src comp="6" pin="0"/><net_sink comp="155" pin=0"/></net>

<net id="162"><net_src comp="84" pin="2"/><net_sink comp="155" pin=1"/></net>

<net id="163"><net_src comp="20" pin="0"/><net_sink comp="155" pin=2"/></net>

<net id="164"><net_src comp="22" pin="0"/><net_sink comp="155" pin=3"/></net>

<net id="165"><net_src comp="155" pin="4"/><net_sink comp="97" pin=5"/></net>

<net id="172"><net_src comp="6" pin="0"/><net_sink comp="166" pin=0"/></net>

<net id="173"><net_src comp="84" pin="2"/><net_sink comp="166" pin=1"/></net>

<net id="174"><net_src comp="24" pin="0"/><net_sink comp="166" pin=2"/></net>

<net id="175"><net_src comp="26" pin="0"/><net_sink comp="166" pin=3"/></net>

<net id="176"><net_src comp="166" pin="4"/><net_sink comp="97" pin=6"/></net>

<net id="183"><net_src comp="6" pin="0"/><net_sink comp="177" pin=0"/></net>

<net id="184"><net_src comp="84" pin="2"/><net_sink comp="177" pin=1"/></net>

<net id="185"><net_src comp="28" pin="0"/><net_sink comp="177" pin=2"/></net>

<net id="186"><net_src comp="30" pin="0"/><net_sink comp="177" pin=3"/></net>

<net id="187"><net_src comp="177" pin="4"/><net_sink comp="97" pin=7"/></net>

<net id="194"><net_src comp="6" pin="0"/><net_sink comp="188" pin=0"/></net>

<net id="195"><net_src comp="84" pin="2"/><net_sink comp="188" pin=1"/></net>

<net id="196"><net_src comp="32" pin="0"/><net_sink comp="188" pin=2"/></net>

<net id="197"><net_src comp="34" pin="0"/><net_sink comp="188" pin=3"/></net>

<net id="198"><net_src comp="188" pin="4"/><net_sink comp="97" pin=8"/></net>

<net id="205"><net_src comp="6" pin="0"/><net_sink comp="199" pin=0"/></net>

<net id="206"><net_src comp="84" pin="2"/><net_sink comp="199" pin=1"/></net>

<net id="207"><net_src comp="36" pin="0"/><net_sink comp="199" pin=2"/></net>

<net id="208"><net_src comp="38" pin="0"/><net_sink comp="199" pin=3"/></net>

<net id="209"><net_src comp="199" pin="4"/><net_sink comp="97" pin=9"/></net>

<net id="216"><net_src comp="6" pin="0"/><net_sink comp="210" pin=0"/></net>

<net id="217"><net_src comp="84" pin="2"/><net_sink comp="210" pin=1"/></net>

<net id="218"><net_src comp="40" pin="0"/><net_sink comp="210" pin=2"/></net>

<net id="219"><net_src comp="42" pin="0"/><net_sink comp="210" pin=3"/></net>

<net id="220"><net_src comp="210" pin="4"/><net_sink comp="97" pin=10"/></net>

<net id="227"><net_src comp="6" pin="0"/><net_sink comp="221" pin=0"/></net>

<net id="228"><net_src comp="84" pin="2"/><net_sink comp="221" pin=1"/></net>

<net id="229"><net_src comp="44" pin="0"/><net_sink comp="221" pin=2"/></net>

<net id="230"><net_src comp="46" pin="0"/><net_sink comp="221" pin=3"/></net>

<net id="231"><net_src comp="221" pin="4"/><net_sink comp="97" pin=11"/></net>

<net id="238"><net_src comp="6" pin="0"/><net_sink comp="232" pin=0"/></net>

<net id="239"><net_src comp="84" pin="2"/><net_sink comp="232" pin=1"/></net>

<net id="240"><net_src comp="48" pin="0"/><net_sink comp="232" pin=2"/></net>

<net id="241"><net_src comp="50" pin="0"/><net_sink comp="232" pin=3"/></net>

<net id="242"><net_src comp="232" pin="4"/><net_sink comp="97" pin=12"/></net>

<net id="249"><net_src comp="6" pin="0"/><net_sink comp="243" pin=0"/></net>

<net id="250"><net_src comp="84" pin="2"/><net_sink comp="243" pin=1"/></net>

<net id="251"><net_src comp="52" pin="0"/><net_sink comp="243" pin=2"/></net>

<net id="252"><net_src comp="54" pin="0"/><net_sink comp="243" pin=3"/></net>

<net id="253"><net_src comp="243" pin="4"/><net_sink comp="97" pin=13"/></net>

<net id="260"><net_src comp="6" pin="0"/><net_sink comp="254" pin=0"/></net>

<net id="261"><net_src comp="84" pin="2"/><net_sink comp="254" pin=1"/></net>

<net id="262"><net_src comp="56" pin="0"/><net_sink comp="254" pin=2"/></net>

<net id="263"><net_src comp="58" pin="0"/><net_sink comp="254" pin=3"/></net>

<net id="264"><net_src comp="254" pin="4"/><net_sink comp="97" pin=14"/></net>

<net id="271"><net_src comp="6" pin="0"/><net_sink comp="265" pin=0"/></net>

<net id="272"><net_src comp="84" pin="2"/><net_sink comp="265" pin=1"/></net>

<net id="273"><net_src comp="60" pin="0"/><net_sink comp="265" pin=2"/></net>

<net id="274"><net_src comp="62" pin="0"/><net_sink comp="265" pin=3"/></net>

<net id="275"><net_src comp="265" pin="4"/><net_sink comp="97" pin=15"/></net>

<net id="282"><net_src comp="6" pin="0"/><net_sink comp="276" pin=0"/></net>

<net id="283"><net_src comp="84" pin="2"/><net_sink comp="276" pin=1"/></net>

<net id="284"><net_src comp="64" pin="0"/><net_sink comp="276" pin=2"/></net>

<net id="285"><net_src comp="66" pin="0"/><net_sink comp="276" pin=3"/></net>

<net id="286"><net_src comp="276" pin="4"/><net_sink comp="97" pin=16"/></net>

<net id="290"><net_src comp="97" pin="17"/><net_sink comp="287" pin=0"/></net>

<net id="294"><net_src comp="97" pin="17"/><net_sink comp="291" pin=0"/></net>

<net id="298"><net_src comp="97" pin="17"/><net_sink comp="295" pin=0"/></net>

<net id="302"><net_src comp="97" pin="17"/><net_sink comp="299" pin=0"/></net>

<net id="306"><net_src comp="97" pin="17"/><net_sink comp="303" pin=0"/></net>

<net id="310"><net_src comp="97" pin="17"/><net_sink comp="307" pin=0"/></net>

<net id="314"><net_src comp="97" pin="17"/><net_sink comp="311" pin=0"/></net>

<net id="318"><net_src comp="97" pin="17"/><net_sink comp="315" pin=0"/></net>

<net id="322"><net_src comp="97" pin="17"/><net_sink comp="319" pin=0"/></net>

<net id="326"><net_src comp="97" pin="17"/><net_sink comp="323" pin=0"/></net>

<net id="340"><net_src comp="80" pin="0"/><net_sink comp="327" pin=0"/></net>

<net id="341"><net_src comp="327" pin="11"/><net_sink comp="90" pin=2"/></net>

<net id="345"><net_src comp="287" pin="1"/><net_sink comp="342" pin=0"/></net>

<net id="346"><net_src comp="342" pin="1"/><net_sink comp="327" pin=10"/></net>

<net id="350"><net_src comp="291" pin="1"/><net_sink comp="347" pin=0"/></net>

<net id="351"><net_src comp="347" pin="1"/><net_sink comp="327" pin=9"/></net>

<net id="355"><net_src comp="295" pin="1"/><net_sink comp="352" pin=0"/></net>

<net id="356"><net_src comp="352" pin="1"/><net_sink comp="327" pin=8"/></net>

<net id="360"><net_src comp="299" pin="1"/><net_sink comp="357" pin=0"/></net>

<net id="361"><net_src comp="357" pin="1"/><net_sink comp="327" pin=7"/></net>

<net id="365"><net_src comp="303" pin="1"/><net_sink comp="362" pin=0"/></net>

<net id="366"><net_src comp="362" pin="1"/><net_sink comp="327" pin=6"/></net>

<net id="370"><net_src comp="307" pin="1"/><net_sink comp="367" pin=0"/></net>

<net id="371"><net_src comp="367" pin="1"/><net_sink comp="327" pin=5"/></net>

<net id="375"><net_src comp="311" pin="1"/><net_sink comp="372" pin=0"/></net>

<net id="376"><net_src comp="372" pin="1"/><net_sink comp="327" pin=4"/></net>

<net id="380"><net_src comp="315" pin="1"/><net_sink comp="377" pin=0"/></net>

<net id="381"><net_src comp="377" pin="1"/><net_sink comp="327" pin=3"/></net>

<net id="385"><net_src comp="319" pin="1"/><net_sink comp="382" pin=0"/></net>

<net id="386"><net_src comp="382" pin="1"/><net_sink comp="327" pin=2"/></net>

<net id="390"><net_src comp="323" pin="1"/><net_sink comp="387" pin=0"/></net>

<net id="391"><net_src comp="387" pin="1"/><net_sink comp="327" pin=1"/></net>

</net_list>

</model> 
---------------- Datapath Model END ------------------

* FSMD analyzer results:
  - Output states:
	Port: layer21_out | {3 }
 - Input state : 
	Port: dense<array<ap_ufixed,16u>,array<ap_fixed<13,11,5,3,0>,10u>,config21> : layer20_out | {1 }
  - Chain level:
	State 1
		call_ret : 1
	State 2
		res : 1
		res_40 : 1
		res_41 : 1
		res_42 : 1
		res_43 : 1
		res_44 : 1
		res_45 : 1
		res_46 : 1
		res_47 : 1
		res_48 : 1
	State 3
		write_ln77 : 1


============================================================
+ Verbose Summary: Datapath Resource usage 
============================================================

* Functional unit list:
|----------|---------------------------------------------------------------------------|---------|---------|
| Operation|                              Functional Unit                              |    FF   |   LUT   |
|----------|---------------------------------------------------------------------------|---------|---------|
|   call   | grp_dense_latency_wrapper_ap_ufixed_ap_fixed_13_11_5_3_0_config21_s_fu_97 |   159   |   2496  |
|----------|---------------------------------------------------------------------------|---------|---------|
|   read   |                        layer20_out_read_read_fu_84                        |    0    |    0    |
|----------|---------------------------------------------------------------------------|---------|---------|
|   write  |                           write_ln77_write_fu_90                          |    0    |    0    |
|----------|---------------------------------------------------------------------------|---------|---------|
|   trunc  |                              data_pack_fu_117                             |    0    |    0    |
|----------|---------------------------------------------------------------------------|---------|---------|
|          |                            data_pack_16_fu_122                            |    0    |    0    |
|          |                            data_pack_17_fu_133                            |    0    |    0    |
|          |                            data_pack_18_fu_144                            |    0    |    0    |
|          |                            data_pack_19_fu_155                            |    0    |    0    |
|          |                            data_pack_20_fu_166                            |    0    |    0    |
|          |                            data_pack_21_fu_177                            |    0    |    0    |
|          |                            data_pack_22_fu_188                            |    0    |    0    |
|partselect|                            data_pack_23_fu_199                            |    0    |    0    |
|          |                            data_pack_24_fu_210                            |    0    |    0    |
|          |                            data_pack_25_fu_221                            |    0    |    0    |
|          |                            data_pack_26_fu_232                            |    0    |    0    |
|          |                            data_pack_27_fu_243                            |    0    |    0    |
|          |                            data_pack_28_fu_254                            |    0    |    0    |
|          |                            data_pack_29_fu_265                            |    0    |    0    |
|          |                            data_pack_30_fu_276                            |    0    |    0    |
|----------|---------------------------------------------------------------------------|---------|---------|
|          |                                 res_fu_287                                |    0    |    0    |
|          |                               res_40_fu_291                               |    0    |    0    |
|          |                               res_41_fu_295                               |    0    |    0    |
|          |                               res_42_fu_299                               |    0    |    0    |
|extractvalue|                               res_43_fu_303                               |    0    |    0    |
|          |                               res_44_fu_307                               |    0    |    0    |
|          |                               res_45_fu_311                               |    0    |    0    |
|          |                               res_46_fu_315                               |    0    |    0    |
|          |                               res_47_fu_319                               |    0    |    0    |
|          |                               res_48_fu_323                               |    0    |    0    |
|----------|---------------------------------------------------------------------------|---------|---------|
|bitconcatenate|                                 p_s_fu_327                                |    0    |    0    |
|----------|---------------------------------------------------------------------------|---------|---------|
|   Total  |                                                                           |   159   |   2496  |
|----------|---------------------------------------------------------------------------|---------|---------|

Memories:
N/A

* Register list:
+--------------+--------+
|              |   FF   |
+--------------+--------+
|res_40_reg_347|   13   |
|res_41_reg_352|   13   |
|res_42_reg_357|   13   |
|res_43_reg_362|   13   |
|res_44_reg_367|   13   |
|res_45_reg_372|   13   |
|res_46_reg_377|   13   |
|res_47_reg_382|   13   |
|res_48_reg_387|   13   |
|  res_reg_342 |   13   |
+--------------+--------+
|     Total    |   130  |
+--------------+--------+

* Multiplexer (MUX) list: 
|--------|------|------|------|--------|
|  Comp  |  Pin | Size |  BW  | S x BW |
|--------|------|------|------|--------|
|  Total |      |      |      |    0   |
|--------|------|------|------|--------|



* Summary:
+-----------+--------+--------+
|           |   FF   |   LUT  |
+-----------+--------+--------+
|  Function |   159  |  2496  |
|   Memory  |    -   |    -   |
|Multiplexer|    -   |    -   |
|  Register |   130  |    -   |
+-----------+--------+--------+
|   Total   |   289  |  2496  |
+-----------+--------+--------+
