

================================================================
== Vitis HLS Report for 'zeropad2d_cl_array_array_ap_ufixed_4_3_4_0_0_8u_config26_Pipeline_PadMain'
================================================================
* Date:           Mon Mar 30 19:13:32 2026

* Version:        2023.2 (Build 4023990 on Oct 11 2023)
* Project:        myproject_prj
* Solution:       solution1 (Vivado IP Flow Target)
* Product family: zynquplus
* Target device:  xck26-sfvc784-2LV-c


================================================================
== Performance Estimates
================================================================
+ Timing: 
    * Summary: 
    +--------+---------+----------+------------+
    |  Clock |  Target | Estimated| Uncertainty|
    +--------+---------+----------+------------+
    |ap_clk  |  5.00 ns|  1.813 ns|     1.35 ns|
    +--------+---------+----------+------------+

+ Latency: 
    * Summary: 
    +---------+---------+----------+----------+-----+-----+---------+
    |  Latency (cycles) |  Latency (absolute) |  Interval | Pipeline|
    |   min   |   max   |    min   |    max   | min | max |   Type  |
    +---------+---------+----------+----------+-----+-----+---------+
    |       52|       52|  0.260 us|  0.260 us|   52|   52|       no|
    +---------+---------+----------+----------+-----+-----+---------+

    + Detail: 
        * Instance: 
        N/A

        * Loop: 
        +-----------+---------+---------+----------+-----------+-----------+------+----------+
        |           |  Latency (cycles) | Iteration|  Initiation Interval  | Trip |          |
        | Loop Name |   min   |   max   |  Latency |  achieved |   target  | Count| Pipelined|
        +-----------+---------+---------+----------+-----------+-----------+------+----------+
        |- PadMain  |       50|       50|        11|         10|          1|     5|       yes|
        +-----------+---------+---------+----------+-----------+-----------+------+----------+

============================================================
+ Verbose Summary: Synthesis Manager
============================================================
InlineROM: 1
ExposeGlobal: 0
============================================================
+ Verbose Summary: CDFG Model
============================================================
IsTopModel: 0
ResetActiveHigh: 1
IsCombinational: 0
IsDatapathOnly: 0
HasWiredReturn: 1
HasMFsm: 2
HasVarLatency: 1
IsPipeline: 0
IsRtlPipelined: 0
IsInstanceOverlapped: 0
IsDontTouch: 0
HasImplIP: 0
IsGatedGlobalClock: 0

+ Individual pipeline summary: 
  * Pipeline-0: initiation interval (II) = 10, depth = 11


============================================================
+ Verbose Summary: Schedule
============================================================
* Number of FSM states : 11
* Pipeline : 1
  Pipeline-0 : II = 10, D = 11, States = { 1 2 3 4 5 6 7 8 9 10 11 }
* Dataflow Pipeline: 0

* FSM state transitions: 
1 --> 2 
2 --> 3 
3 --> 4 
4 --> 5 
5 --> 6 
6 --> 7 
7 --> 8 
8 --> 9 
9 --> 10 
10 --> 11 
11 --> 

* FSM state operations: 

State 1 <SV = 0> <Delay = 1.52>
ST_1 : Operation 14 [1/1] (0.00ns)   --->   "%i = alloca i32 1" [firmware/nnet_utils/nnet_padding_stream.h:59]   --->   Operation 14 'alloca' 'i' <Predicate = true> <Delay = 0.00>
ST_1 : Operation 15 [1/1] (0.00ns)   --->   "%specinterface_ln0 = specinterface void @_ssdm_op_SpecInterface, i32 %layer11_out, void @empty_1, i32 0, i32 0, void @empty_20, i32 0, i32 0, void @empty_20, void @empty_20, void @empty_20, i32 0, i32 0, i32 0, i32 0, void @empty_20, void @empty_20, i32 4294967295, i32 0"   --->   Operation 15 'specinterface' 'specinterface_ln0' <Predicate = true> <Delay = 0.00>
ST_1 : Operation 16 [1/1] (0.00ns)   --->   "%specinterface_ln0 = specinterface void @_ssdm_op_SpecInterface, i32 %layer26_out, void @empty_1, i32 0, i32 0, void @empty_20, i32 0, i32 0, void @empty_20, void @empty_20, void @empty_20, i32 0, i32 0, i32 0, i32 0, void @empty_20, void @empty_20, i32 4294967295, i32 0"   --->   Operation 16 'specinterface' 'specinterface_ln0' <Predicate = true> <Delay = 0.00>
ST_1 : Operation 17 [1/1] (0.42ns)   --->   "%store_ln59 = store i3 0, i3 %i" [firmware/nnet_utils/nnet_padding_stream.h:59]   --->   Operation 17 'store' 'store_ln59' <Predicate = true> <Delay = 0.42>
ST_1 : Operation 18 [1/1] (0.00ns)   --->   "%br_ln0 = br void %PadLeft"   --->   Operation 18 'br' 'br_ln0' <Predicate = true> <Delay = 0.00>
ST_1 : Operation 19 [1/1] (0.00ns)   --->   "%i_1 = load i3 %i" [firmware/nnet_utils/nnet_padding_stream.h:59]   --->   Operation 19 'load' 'i_1' <Predicate = true> <Delay = 0.00>
ST_1 : Operation 20 [1/1] (0.67ns)   --->   "%icmp_ln59 = icmp_eq  i3 %i_1, i3 5" [firmware/nnet_utils/nnet_padding_stream.h:59]   --->   Operation 20 'icmp' 'icmp_ln59' <Predicate = true> <Delay = 0.67> <CoreInst = "Cmp">   --->   Core 9 'Cmp' <Latency = 0> <II = 1> <Delay = 0.67> <FuncUnit> <Opcode : 'icmp'> <InPorts = 2> <OutPorts = 1>
ST_1 : Operation 21 [1/1] (0.67ns)   --->   "%i_2 = add i3 %i_1, i3 1" [firmware/nnet_utils/nnet_padding_stream.h:59]   --->   Operation 21 'add' 'i_2' <Predicate = true> <Delay = 0.67> <CoreInst = "Adder">   --->   Core 1 'Adder' <Latency = 0> <II = 1> <Delay = 0.67> <FuncUnit> <Opcode : 'add' 'sub'> <InPorts = 2> <OutPorts = 1>
ST_1 : Operation 22 [1/1] (0.00ns)   --->   "%br_ln59 = br i1 %icmp_ln59, void %PadLeft.split, void %for.inc50.preheader.exitStub" [firmware/nnet_utils/nnet_padding_stream.h:59]   --->   Operation 22 'br' 'br_ln59' <Predicate = true> <Delay = 0.00>
ST_1 : Operation 23 [1/1] (0.42ns)   --->   "%store_ln59 = store i3 %i_2, i3 %i" [firmware/nnet_utils/nnet_padding_stream.h:59]   --->   Operation 23 'store' 'store_ln59' <Predicate = (!icmp_ln59)> <Delay = 0.42>
ST_1 : Operation 46 [1/1] (0.00ns)   --->   "%ret_ln0 = ret"   --->   Operation 46 'ret' 'ret_ln0' <Predicate = (icmp_ln59)> <Delay = 0.00>

State 2 <SV = 1> <Delay = 1.81>
ST_2 : Operation 24 [1/1] (1.58ns)   --->   "%write_ln15 = write void @_ssdm_op_Write.ap_fifo.volatile.i32P0A, i32 %layer26_out, i32 0" [firmware/nnet_utils/nnet_padding_stream.h:15->firmware/nnet_utils/nnet_padding_stream.h:62]   --->   Operation 24 'write' 'write_ln15' <Predicate = (!icmp_ln59)> <Delay = 1.58> <CoreInst = "FIFO">   --->   Core 78 'FIFO' <Latency = 0> <II = 1> <Delay = 1.58> <Storage> <Opcode : 'read' 'write' 'nbread' 'nbwrite'> <Ports = 0> <Width = 32> <Depth = 70> <FIFO>
ST_2 : Operation 25 [1/1] (1.81ns)   --->   "%layer11_out_read = read i32 @_ssdm_op_Read.ap_fifo.volatile.i32P0A, i32 %layer11_out" [firmware/nnet_utils/nnet_padding_stream.h:20->firmware/nnet_utils/nnet_padding_stream.h:66]   --->   Operation 25 'read' 'layer11_out_read' <Predicate = (!icmp_ln59)> <Delay = 1.81> <CoreInst = "FIFO">   --->   Core 78 'FIFO' <Latency = 0> <II = 1> <Delay = 1.81> <Storage> <Opcode : 'read' 'write' 'nbread' 'nbwrite'> <Ports = 0> <Width = 32> <Depth = 40> <FIFO>

State 3 <SV = 2> <Delay = 1.81>
ST_3 : Operation 26 [1/1] (1.58ns)   --->   "%write_ln26 = write void @_ssdm_op_Write.ap_fifo.volatile.i32P0A, i32 %layer26_out, i32 %layer11_out_read" [firmware/nnet_utils/nnet_padding_stream.h:26->firmware/nnet_utils/nnet_padding_stream.h:66]   --->   Operation 26 'write' 'write_ln26' <Predicate = (!icmp_ln59)> <Delay = 1.58> <CoreInst = "FIFO">   --->   Core 78 'FIFO' <Latency = 0> <II = 1> <Delay = 1.58> <Storage> <Opcode : 'read' 'write' 'nbread' 'nbwrite'> <Ports = 0> <Width = 32> <Depth = 70> <FIFO>
ST_3 : Operation 27 [1/1] (1.81ns)   --->   "%layer11_out_read_1 = read i32 @_ssdm_op_Read.ap_fifo.volatile.i32P0A, i32 %layer11_out" [firmware/nnet_utils/nnet_padding_stream.h:20->firmware/nnet_utils/nnet_padding_stream.h:66]   --->   Operation 27 'read' 'layer11_out_read_1' <Predicate = (!icmp_ln59)> <Delay = 1.81> <CoreInst = "FIFO">   --->   Core 78 'FIFO' <Latency = 0> <II = 1> <Delay = 1.81> <Storage> <Opcode : 'read' 'write' 'nbread' 'nbwrite'> <Ports = 0> <Width = 32> <Depth = 40> <FIFO>

State 4 <SV = 3> <Delay = 1.81>
ST_4 : Operation 28 [1/1] (1.58ns)   --->   "%write_ln26 = write void @_ssdm_op_Write.ap_fifo.volatile.i32P0A, i32 %layer26_out, i32 %layer11_out_read_1" [firmware/nnet_utils/nnet_padding_stream.h:26->firmware/nnet_utils/nnet_padding_stream.h:66]   --->   Operation 28 'write' 'write_ln26' <Predicate = (!icmp_ln59)> <Delay = 1.58> <CoreInst = "FIFO">   --->   Core 78 'FIFO' <Latency = 0> <II = 1> <Delay = 1.58> <Storage> <Opcode : 'read' 'write' 'nbread' 'nbwrite'> <Ports = 0> <Width = 32> <Depth = 70> <FIFO>
ST_4 : Operation 29 [1/1] (1.81ns)   --->   "%layer11_out_read_2 = read i32 @_ssdm_op_Read.ap_fifo.volatile.i32P0A, i32 %layer11_out" [firmware/nnet_utils/nnet_padding_stream.h:20->firmware/nnet_utils/nnet_padding_stream.h:66]   --->   Operation 29 'read' 'layer11_out_read_2' <Predicate = (!icmp_ln59)> <Delay = 1.81> <CoreInst = "FIFO">   --->   Core 78 'FIFO' <Latency = 0> <II = 1> <Delay = 1.81> <Storage> <Opcode : 'read' 'write' 'nbread' 'nbwrite'> <Ports = 0> <Width = 32> <Depth = 40> <FIFO>

State 5 <SV = 4> <Delay = 1.81>
ST_5 : Operation 30 [1/1] (1.58ns)   --->   "%write_ln26 = write void @_ssdm_op_Write.ap_fifo.volatile.i32P0A, i32 %layer26_out, i32 %layer11_out_read_2" [firmware/nnet_utils/nnet_padding_stream.h:26->firmware/nnet_utils/nnet_padding_stream.h:66]   --->   Operation 30 'write' 'write_ln26' <Predicate = (!icmp_ln59)> <Delay = 1.58> <CoreInst = "FIFO">   --->   Core 78 'FIFO' <Latency = 0> <II = 1> <Delay = 1.58> <Storage> <Opcode : 'read' 'write' 'nbread' 'nbwrite'> <Ports = 0> <Width = 32> <Depth = 70> <FIFO>
ST_5 : Operation 31 [1/1] (1.81ns)   --->   "%layer11_out_read_3 = read i32 @_ssdm_op_Read.ap_fifo.volatile.i32P0A, i32 %layer11_out" [firmware/nnet_utils/nnet_padding_stream.h:20->firmware/nnet_utils/nnet_padding_stream.h:66]   --->   Operation 31 'read' 'layer11_out_read_3' <Predicate = (!icmp_ln59)> <Delay = 1.81> <CoreInst = "FIFO">   --->   Core 78 'FIFO' <Latency = 0> <II = 1> <Delay = 1.81> <Storage> <Opcode : 'read' 'write' 'nbread' 'nbwrite'> <Ports = 0> <Width = 32> <Depth = 40> <FIFO>

State 6 <SV = 5> <Delay = 1.81>
ST_6 : Operation 32 [1/1] (1.58ns)   --->   "%write_ln26 = write void @_ssdm_op_Write.ap_fifo.volatile.i32P0A, i32 %layer26_out, i32 %layer11_out_read_3" [firmware/nnet_utils/nnet_padding_stream.h:26->firmware/nnet_utils/nnet_padding_stream.h:66]   --->   Operation 32 'write' 'write_ln26' <Predicate = (!icmp_ln59)> <Delay = 1.58> <CoreInst = "FIFO">   --->   Core 78 'FIFO' <Latency = 0> <II = 1> <Delay = 1.58> <Storage> <Opcode : 'read' 'write' 'nbread' 'nbwrite'> <Ports = 0> <Width = 32> <Depth = 70> <FIFO>
ST_6 : Operation 33 [1/1] (1.81ns)   --->   "%layer11_out_read_4 = read i32 @_ssdm_op_Read.ap_fifo.volatile.i32P0A, i32 %layer11_out" [firmware/nnet_utils/nnet_padding_stream.h:20->firmware/nnet_utils/nnet_padding_stream.h:66]   --->   Operation 33 'read' 'layer11_out_read_4' <Predicate = (!icmp_ln59)> <Delay = 1.81> <CoreInst = "FIFO">   --->   Core 78 'FIFO' <Latency = 0> <II = 1> <Delay = 1.81> <Storage> <Opcode : 'read' 'write' 'nbread' 'nbwrite'> <Ports = 0> <Width = 32> <Depth = 40> <FIFO>

State 7 <SV = 6> <Delay = 1.81>
ST_7 : Operation 34 [1/1] (1.58ns)   --->   "%write_ln26 = write void @_ssdm_op_Write.ap_fifo.volatile.i32P0A, i32 %layer26_out, i32 %layer11_out_read_4" [firmware/nnet_utils/nnet_padding_stream.h:26->firmware/nnet_utils/nnet_padding_stream.h:66]   --->   Operation 34 'write' 'write_ln26' <Predicate = (!icmp_ln59)> <Delay = 1.58> <CoreInst = "FIFO">   --->   Core 78 'FIFO' <Latency = 0> <II = 1> <Delay = 1.58> <Storage> <Opcode : 'read' 'write' 'nbread' 'nbwrite'> <Ports = 0> <Width = 32> <Depth = 70> <FIFO>
ST_7 : Operation 35 [1/1] (1.81ns)   --->   "%layer11_out_read_5 = read i32 @_ssdm_op_Read.ap_fifo.volatile.i32P0A, i32 %layer11_out" [firmware/nnet_utils/nnet_padding_stream.h:20->firmware/nnet_utils/nnet_padding_stream.h:66]   --->   Operation 35 'read' 'layer11_out_read_5' <Predicate = (!icmp_ln59)> <Delay = 1.81> <CoreInst = "FIFO">   --->   Core 78 'FIFO' <Latency = 0> <II = 1> <Delay = 1.81> <Storage> <Opcode : 'read' 'write' 'nbread' 'nbwrite'> <Ports = 0> <Width = 32> <Depth = 40> <FIFO>

State 8 <SV = 7> <Delay = 1.81>
ST_8 : Operation 36 [1/1] (1.58ns)   --->   "%write_ln26 = write void @_ssdm_op_Write.ap_fifo.volatile.i32P0A, i32 %layer26_out, i32 %layer11_out_read_5" [firmware/nnet_utils/nnet_padding_stream.h:26->firmware/nnet_utils/nnet_padding_stream.h:66]   --->   Operation 36 'write' 'write_ln26' <Predicate = (!icmp_ln59)> <Delay = 1.58> <CoreInst = "FIFO">   --->   Core 78 'FIFO' <Latency = 0> <II = 1> <Delay = 1.58> <Storage> <Opcode : 'read' 'write' 'nbread' 'nbwrite'> <Ports = 0> <Width = 32> <Depth = 70> <FIFO>
ST_8 : Operation 37 [1/1] (1.81ns)   --->   "%layer11_out_read_6 = read i32 @_ssdm_op_Read.ap_fifo.volatile.i32P0A, i32 %layer11_out" [firmware/nnet_utils/nnet_padding_stream.h:20->firmware/nnet_utils/nnet_padding_stream.h:66]   --->   Operation 37 'read' 'layer11_out_read_6' <Predicate = (!icmp_ln59)> <Delay = 1.81> <CoreInst = "FIFO">   --->   Core 78 'FIFO' <Latency = 0> <II = 1> <Delay = 1.81> <Storage> <Opcode : 'read' 'write' 'nbread' 'nbwrite'> <Ports = 0> <Width = 32> <Depth = 40> <FIFO>

State 9 <SV = 8> <Delay = 1.81>
ST_9 : Operation 38 [1/1] (1.58ns)   --->   "%write_ln26 = write void @_ssdm_op_Write.ap_fifo.volatile.i32P0A, i32 %layer26_out, i32 %layer11_out_read_6" [firmware/nnet_utils/nnet_padding_stream.h:26->firmware/nnet_utils/nnet_padding_stream.h:66]   --->   Operation 38 'write' 'write_ln26' <Predicate = (!icmp_ln59)> <Delay = 1.58> <CoreInst = "FIFO">   --->   Core 78 'FIFO' <Latency = 0> <II = 1> <Delay = 1.58> <Storage> <Opcode : 'read' 'write' 'nbread' 'nbwrite'> <Ports = 0> <Width = 32> <Depth = 70> <FIFO>
ST_9 : Operation 39 [1/1] (1.81ns)   --->   "%layer11_out_read_7 = read i32 @_ssdm_op_Read.ap_fifo.volatile.i32P0A, i32 %layer11_out" [firmware/nnet_utils/nnet_padding_stream.h:20->firmware/nnet_utils/nnet_padding_stream.h:66]   --->   Operation 39 'read' 'layer11_out_read_7' <Predicate = (!icmp_ln59)> <Delay = 1.81> <CoreInst = "FIFO">   --->   Core 78 'FIFO' <Latency = 0> <II = 1> <Delay = 1.81> <Storage> <Opcode : 'read' 'write' 'nbread' 'nbwrite'> <Ports = 0> <Width = 32> <Depth = 40> <FIFO>

State 10 <SV = 9> <Delay = 1.58>
ST_10 : Operation 40 [1/1] (1.58ns)   --->   "%write_ln26 = write void @_ssdm_op_Write.ap_fifo.volatile.i32P0A, i32 %layer26_out, i32 %layer11_out_read_7" [firmware/nnet_utils/nnet_padding_stream.h:26->firmware/nnet_utils/nnet_padding_stream.h:66]   --->   Operation 40 'write' 'write_ln26' <Predicate = (!icmp_ln59)> <Delay = 1.58> <CoreInst = "FIFO">   --->   Core 78 'FIFO' <Latency = 0> <II = 1> <Delay = 1.58> <Storage> <Opcode : 'read' 'write' 'nbread' 'nbwrite'> <Ports = 0> <Width = 32> <Depth = 70> <FIFO>

State 11 <SV = 10> <Delay = 1.58>
ST_11 : Operation 41 [1/1] (0.00ns)   --->   "%specpipeline_ln59 = specpipeline void @_ssdm_op_SpecPipeline, i32 4294967295, i32 0, i32 0, i32 0, void @empty_20" [firmware/nnet_utils/nnet_padding_stream.h:59]   --->   Operation 41 'specpipeline' 'specpipeline_ln59' <Predicate = true> <Delay = 0.00>
ST_11 : Operation 42 [1/1] (0.00ns)   --->   "%speclooptripcount_ln59 = speclooptripcount void @_ssdm_op_SpecLoopTripCount, i64 5, i64 5, i64 5" [firmware/nnet_utils/nnet_padding_stream.h:59]   --->   Operation 42 'speclooptripcount' 'speclooptripcount_ln59' <Predicate = true> <Delay = 0.00>
ST_11 : Operation 43 [1/1] (0.00ns)   --->   "%specloopname_ln59 = specloopname void @_ssdm_op_SpecLoopName, void @empty_22" [firmware/nnet_utils/nnet_padding_stream.h:59]   --->   Operation 43 'specloopname' 'specloopname_ln59' <Predicate = true> <Delay = 0.00>
ST_11 : Operation 44 [1/1] (1.58ns)   --->   "%write_ln15 = write void @_ssdm_op_Write.ap_fifo.volatile.i32P0A, i32 %layer26_out, i32 0" [firmware/nnet_utils/nnet_padding_stream.h:15->firmware/nnet_utils/nnet_padding_stream.h:70]   --->   Operation 44 'write' 'write_ln15' <Predicate = true> <Delay = 1.58> <CoreInst = "FIFO">   --->   Core 78 'FIFO' <Latency = 0> <II = 1> <Delay = 1.58> <Storage> <Opcode : 'read' 'write' 'nbread' 'nbwrite'> <Ports = 0> <Width = 32> <Depth = 70> <FIFO>
ST_11 : Operation 45 [1/1] (0.00ns)   --->   "%br_ln59 = br void %PadLeft" [firmware/nnet_utils/nnet_padding_stream.h:59]   --->   Operation 45 'br' 'br_ln59' <Predicate = true> <Delay = 0.00>


============================================================
+ Verbose Summary: Binding
============================================================
STG Binding: 
---------------- STG Properties BEGIN ----------------
- Is combinational: 0
- Is one-state seq: 0
- Is datapath-only: 0
- Is pipelined: 0
- Is top level: 0
Port [ Return ] is wired: 1; IO mode=ap_ctrl_hs:ce=0
Port [ layer26_out]:  wired=1; compound=1; hidden=0; nouse=0; global=0; static=0; extern=0; dir=1; type=3; pingpong=0; private_global=0; IO mode=ap_fifo:ce=0
Port [ layer11_out]:  wired=1; compound=1; hidden=0; nouse=0; global=0; static=0; extern=0; dir=0; type=3; pingpong=0; private_global=0; IO mode=ap_fifo:ce=0
---------------- STG Properties END ------------------

---------------- Datapath Model BEGIN ----------------

<LifeTime>
<method=bitvector/>
i                      (alloca           ) [ 010000000000]
specinterface_ln0      (specinterface    ) [ 000000000000]
specinterface_ln0      (specinterface    ) [ 000000000000]
store_ln59             (store            ) [ 000000000000]
br_ln0                 (br               ) [ 000000000000]
i_1                    (load             ) [ 000000000000]
icmp_ln59              (icmp             ) [ 011111111110]
i_2                    (add              ) [ 000000000000]
br_ln59                (br               ) [ 000000000000]
store_ln59             (store            ) [ 000000000000]
write_ln15             (write            ) [ 000000000000]
layer11_out_read       (read             ) [ 000100000000]
write_ln26             (write            ) [ 000000000000]
layer11_out_read_1     (read             ) [ 000010000000]
write_ln26             (write            ) [ 000000000000]
layer11_out_read_2     (read             ) [ 000001000000]
write_ln26             (write            ) [ 000000000000]
layer11_out_read_3     (read             ) [ 000000100000]
write_ln26             (write            ) [ 000000000000]
layer11_out_read_4     (read             ) [ 000000010000]
write_ln26             (write            ) [ 000000000000]
layer11_out_read_5     (read             ) [ 000000001000]
write_ln26             (write            ) [ 000000000000]
layer11_out_read_6     (read             ) [ 000000000100]
write_ln26             (write            ) [ 000000000000]
layer11_out_read_7     (read             ) [ 000000000010]
write_ln26             (write            ) [ 000000000000]
specpipeline_ln59      (specpipeline     ) [ 000000000000]
speclooptripcount_ln59 (speclooptripcount) [ 000000000000]
specloopname_ln59      (specloopname     ) [ 000000000000]
write_ln15             (write            ) [ 000000000000]
br_ln59                (br               ) [ 000000000000]
ret_ln0                (ret              ) [ 000000000000]
</LifeTime>

<model>

<comp_list>
<comp id="0" class="1000" name="layer26_out">
<pin_list>
<pin id="1" dir="1" index="0" bw="1" slack="0"/>
</pin_list>
<bind>
<StgValue><ssdm name="layer26_out"/></StgValue>
</bind>
</comp>

<comp id="2" class="1000" name="layer11_out">
<pin_list>
<pin id="3" dir="1" index="0" bw="1" slack="0"/>
</pin_list>
<bind>
<StgValue><ssdm name="layer11_out"/></StgValue>
</bind>
</comp>

<comp id="4" class="1001" name="const_4">
<pin_list>
<pin id="5" dir="1" index="0" bw="1" slack="0"/>
</pin_list>
<bind>
<StgValue><ssdm name=""/></StgValue>
</bind>
</comp>

<comp id="6" class="1001" name="const_6">
<pin_list>
<pin id="7" dir="1" index="0" bw="1" slack="2147483647"/>
</pin_list>
<bind>
<StgValue><ssdm name="_ssdm_op_SpecInterface"/></StgValue>
</bind>
</comp>

<comp id="8" class="1001" name="const_8">
<pin_list>
<pin id="9" dir="1" index="0" bw="1" slack="2147483647"/>
</pin_list>
<bind>
<StgValue><ssdm name="empty_1"/></StgValue>
</bind>
</comp>

<comp id="10" class="1001" name="const_10">
<pin_list>
<pin id="11" dir="1" index="0" bw="1" slack="0"/>
</pin_list>
<bind>
<StgValue><ssdm name=""/></StgValue>
</bind>
</comp>

<comp id="12" class="1001" name="const_12">
<pin_list>
<pin id="13" dir="1" index="0" bw="1" slack="2147483647"/>
</pin_list>
<bind>
<StgValue><ssdm name="empty_20"/></StgValue>
</bind>
</comp>

<comp id="14" class="1001" name="const_14">
<pin_list>
<pin id="15" dir="1" index="0" bw="1" slack="2147483647"/>
</pin_list>
<bind>
<StgValue><ssdm name=""/></StgValue>
</bind>
</comp>

<comp id="16" class="1001" name="const_16">
<pin_list>
<pin id="17" dir="1" index="0" bw="1" slack="0"/>
</pin_list>
<bind>
<StgValue><ssdm name=""/></StgValue>
</bind>
</comp>

<comp id="18" class="1001" name="const_18">
<pin_list>
<pin id="19" dir="1" index="0" bw="1" slack="0"/>
</pin_list>
<bind>
<StgValue><ssdm name=""/></StgValue>
</bind>
</comp>

<comp id="20" class="1001" name="const_20">
<pin_list>
<pin id="21" dir="1" index="0" bw="1" slack="0"/>
</pin_list>
<bind>
<StgValue><ssdm name=""/></StgValue>
</bind>
</comp>

<comp id="22" class="1001" name="const_22">
<pin_list>
<pin id="23" dir="1" index="0" bw="1" slack="0"/>
</pin_list>
<bind>
<StgValue><ssdm name="_ssdm_op_Write.ap_fifo.volatile.i32P0A"/></StgValue>
</bind>
</comp>

<comp id="24" class="1001" name="const_24">
<pin_list>
<pin id="25" dir="1" index="0" bw="1" slack="0"/>
</pin_list>
<bind>
<StgValue><ssdm name="_ssdm_op_Read.ap_fifo.volatile.i32P0A"/></StgValue>
</bind>
</comp>

<comp id="26" class="1001" name="const_26">
<pin_list>
<pin id="27" dir="1" index="0" bw="1" slack="2147483647"/>
</pin_list>
<bind>
<StgValue><ssdm name="_ssdm_op_SpecPipeline"/></StgValue>
</bind>
</comp>

<comp id="28" class="1001" name="const_28">
<pin_list>
<pin id="29" dir="1" index="0" bw="1" slack="2147483647"/>
</pin_list>
<bind>
<StgValue><ssdm name="_ssdm_op_SpecLoopTripCount"/></StgValue>
</bind>
</comp>

<comp id="30" class="1001" name="const_30">
<pin_list>
<pin id="31" dir="1" index="0" bw="1" slack="2147483647"/>
</pin_list>
<bind>
<StgValue><ssdm name=""/></StgValue>
</bind>
</comp>

<comp id="32" class="1001" name="const_32">
<pin_list>
<pin id="33" dir="1" index="0" bw="1" slack="2147483647"/>
</pin_list>
<bind>
<StgValue><ssdm name="_ssdm_op_SpecLoopName"/></StgValue>
</bind>
</comp>

<comp id="34" class="1001" name="const_34">
<pin_list>
<pin id="35" dir="1" index="0" bw="1" slack="2147483647"/>
</pin_list>
<bind>
<StgValue><ssdm name="empty_22"/></StgValue>
</bind>
</comp>

<comp id="36" class="1004" name="i_fu_36">
<pin_list>
<pin id="37" dir="0" index="0" bw="1" slack="0"/>
<pin id="38" dir="1" index="1" bw="3" slack="0"/>
</pin_list>
<bind>
<opcode="alloca(26) " fcode="alloca"/>
<opset="i/1 "/>
</bind>
</comp>

<comp id="40" class="1004" name="grp_write_fu_40">
<pin_list>
<pin id="41" dir="0" index="0" bw="0" slack="0"/>
<pin id="42" dir="0" index="1" bw="32" slack="0"/>
<pin id="43" dir="0" index="2" bw="32" slack="0"/>
<pin id="44" dir="1" index="3" bw="0" slack="2147483647"/>
</pin_list>
<bind>
<opcode="write(1151) " fcode="write"/>
<opset="write_ln15/2 write_ln26/3 write_ln26/4 write_ln26/5 write_ln26/6 write_ln26/7 write_ln26/8 write_ln26/9 write_ln26/10 write_ln15/11 "/>
</bind>
</comp>

<comp id="48" class="1004" name="grp_read_fu_48">
<pin_list>
<pin id="49" dir="0" index="0" bw="32" slack="0"/>
<pin id="50" dir="0" index="1" bw="32" slack="0"/>
<pin id="51" dir="1" index="2" bw="32" slack="1"/>
</pin_list>
<bind>
<opcode="read(1150) " fcode="read"/>
<opset="layer11_out_read/2 layer11_out_read_1/3 layer11_out_read_2/4 layer11_out_read_3/5 layer11_out_read_4/6 layer11_out_read_5/7 layer11_out_read_6/8 layer11_out_read_7/9 "/>
</bind>
</comp>

<comp id="54" class="1005" name="reg_54">
<pin_list>
<pin id="55" dir="0" index="0" bw="32" slack="1"/>
<pin id="56" dir="1" index="1" bw="32" slack="1"/>
</pin_list>
<bind>
<opset="layer11_out_read layer11_out_read_1 layer11_out_read_2 layer11_out_read_3 layer11_out_read_4 layer11_out_read_5 layer11_out_read_6 layer11_out_read_7 "/>
</bind>
</comp>

<comp id="59" class="1004" name="store_ln59_store_fu_59">
<pin_list>
<pin id="60" dir="0" index="0" bw="1" slack="0"/>
<pin id="61" dir="0" index="1" bw="3" slack="0"/>
<pin id="62" dir="1" index="2" bw="0" slack="2147483647"/>
</pin_list>
<bind>
<opcode="store(28) " fcode="store"/>
<opset="store_ln59/1 "/>
</bind>
</comp>

<comp id="64" class="1004" name="i_1_load_fu_64">
<pin_list>
<pin id="65" dir="0" index="0" bw="3" slack="0"/>
<pin id="66" dir="1" index="1" bw="3" slack="0"/>
</pin_list>
<bind>
<opcode="load(27) " fcode="load"/>
<opset="i_1/1 "/>
</bind>
</comp>

<comp id="67" class="1004" name="icmp_ln59_fu_67">
<pin_list>
<pin id="68" dir="0" index="0" bw="3" slack="0"/>
<pin id="69" dir="0" index="1" bw="3" slack="0"/>
<pin id="70" dir="1" index="2" bw="1" slack="1"/>
</pin_list>
<bind>
<opcode="icmp(45) " fcode="icmp"/>
<opset="icmp_ln59/1 "/>
</bind>
</comp>

<comp id="73" class="1004" name="i_2_fu_73">
<pin_list>
<pin id="74" dir="0" index="0" bw="3" slack="0"/>
<pin id="75" dir="0" index="1" bw="1" slack="0"/>
<pin id="76" dir="1" index="2" bw="3" slack="0"/>
</pin_list>
<bind>
<opcode="add(8) " fcode="add"/>
<opset="i_2/1 "/>
</bind>
</comp>

<comp id="79" class="1004" name="store_ln59_store_fu_79">
<pin_list>
<pin id="80" dir="0" index="0" bw="3" slack="0"/>
<pin id="81" dir="0" index="1" bw="3" slack="0"/>
<pin id="82" dir="1" index="2" bw="0" slack="2147483647"/>
</pin_list>
<bind>
<opcode="store(28) " fcode="store"/>
<opset="store_ln59/1 "/>
</bind>
</comp>

<comp id="84" class="1005" name="i_reg_84">
<pin_list>
<pin id="85" dir="0" index="0" bw="3" slack="0"/>
<pin id="86" dir="1" index="1" bw="3" slack="0"/>
</pin_list>
<bind>
<opset="i "/>
</bind>
</comp>

<comp id="91" class="1005" name="icmp_ln59_reg_91">
<pin_list>
<pin id="92" dir="0" index="0" bw="1" slack="1"/>
<pin id="93" dir="1" index="1" bw="1" slack="2147483647"/>
</pin_list>
<bind>
<opset="icmp_ln59 "/>
</bind>
</comp>

</comp_list>

<net_list>
<net id="39"><net_src comp="4" pin="0"/><net_sink comp="36" pin=0"/></net>

<net id="45"><net_src comp="22" pin="0"/><net_sink comp="40" pin=0"/></net>

<net id="46"><net_src comp="0" pin="0"/><net_sink comp="40" pin=1"/></net>

<net id="47"><net_src comp="10" pin="0"/><net_sink comp="40" pin=2"/></net>

<net id="52"><net_src comp="24" pin="0"/><net_sink comp="48" pin=0"/></net>

<net id="53"><net_src comp="2" pin="0"/><net_sink comp="48" pin=1"/></net>

<net id="57"><net_src comp="48" pin="2"/><net_sink comp="54" pin=0"/></net>

<net id="58"><net_src comp="54" pin="1"/><net_sink comp="40" pin=2"/></net>

<net id="63"><net_src comp="16" pin="0"/><net_sink comp="59" pin=0"/></net>

<net id="71"><net_src comp="64" pin="1"/><net_sink comp="67" pin=0"/></net>

<net id="72"><net_src comp="18" pin="0"/><net_sink comp="67" pin=1"/></net>

<net id="77"><net_src comp="64" pin="1"/><net_sink comp="73" pin=0"/></net>

<net id="78"><net_src comp="20" pin="0"/><net_sink comp="73" pin=1"/></net>

<net id="83"><net_src comp="73" pin="2"/><net_sink comp="79" pin=0"/></net>

<net id="87"><net_src comp="36" pin="1"/><net_sink comp="84" pin=0"/></net>

<net id="88"><net_src comp="84" pin="1"/><net_sink comp="59" pin=1"/></net>

<net id="89"><net_src comp="84" pin="1"/><net_sink comp="64" pin=0"/></net>

<net id="90"><net_src comp="84" pin="1"/><net_sink comp="79" pin=1"/></net>

<net id="94"><net_src comp="67" pin="2"/><net_sink comp="91" pin=0"/></net>

</net_list>

</model> 
---------------- Datapath Model END ------------------

* FSMD analyzer results:
  - Output states:
	Port: layer26_out | {2 3 4 5 6 7 8 9 10 11 }
 - Input state : 
	Port: zeropad2d_cl<array,array<ap_ufixed<4,3,4,0,0>,8u>,config26>_Pipeline_PadMain : layer11_out | {2 3 4 5 6 7 8 9 }
  - Chain level:
	State 1
		store_ln59 : 1
		i_1 : 1
		icmp_ln59 : 2
		i_2 : 2
		br_ln59 : 3
		store_ln59 : 3
	State 2
	State 3
	State 4
	State 5
	State 6
	State 7
	State 8
	State 9
	State 10
	State 11


============================================================
+ Verbose Summary: Datapath Resource usage 
============================================================

* Functional unit list:
|----------|-----------------|---------|---------|
| Operation| Functional Unit |    FF   |   LUT   |
|----------|-----------------|---------|---------|
|   icmp   | icmp_ln59_fu_67 |    0    |    10   |
|----------|-----------------|---------|---------|
|    add   |    i_2_fu_73    |    0    |    10   |
|----------|-----------------|---------|---------|
|   write  | grp_write_fu_40 |    0    |    0    |
|----------|-----------------|---------|---------|
|   read   |  grp_read_fu_48 |    0    |    0    |
|----------|-----------------|---------|---------|
|   Total  |                 |    0    |    20   |
|----------|-----------------|---------|---------|

Memories:
N/A

* Register list:
+----------------+--------+
|                |   FF   |
+----------------+--------+
|    i_reg_84    |    3   |
|icmp_ln59_reg_91|    1   |
|     reg_54     |   32   |
+----------------+--------+
|      Total     |   36   |
+----------------+--------+

* Multiplexer (MUX) list: 
|-----------------|------|------|------|--------||---------||---------|
|       Comp      |  Pin | Size |  BW  | S x BW ||  Delay  ||   LUT   |
|-----------------|------|------|------|--------||---------||---------|
| grp_write_fu_40 |  p2  |   2  |  32  |   64   ||    9    |
|-----------------|------|------|------|--------||---------||---------|
|      Total      |      |      |      |   64   ||  0.427  ||    9    |
|-----------------|------|------|------|--------||---------||---------|



* Summary:
+-----------+--------+--------+--------+
|           |  Delay |   FF   |   LUT  |
+-----------+--------+--------+--------+
|  Function |    -   |    0   |   20   |
|   Memory  |    -   |    -   |    -   |
|Multiplexer|    0   |    -   |    9   |
|  Register |    -   |   36   |    -   |
+-----------+--------+--------+--------+
|   Total   |    0   |   36   |   29   |
+-----------+--------+--------+--------+
