

================================================================
== Vitis HLS Report for 'zeropad2d_cl_array_array_ap_fixed_2u_config24_Pipeline_PadMain_CopyMain'
================================================================
* Date:           Sat Mar 21 19:28:02 2026

* Version:        2023.2 (Build 4023990 on Oct 11 2023)
* Project:        myproject_prj
* Solution:       solution1 (Vivado IP Flow Target)
* Product family: zynquplus
* Target device:  xck26-sfvc784-2LV-c


================================================================
== Performance Estimates
================================================================
+ Timing: 
    * Summary: 
    +--------+---------+----------+------------+
    |  Clock |  Target | Estimated| Uncertainty|
    +--------+---------+----------+------------+
    |ap_clk  |  5.00 ns|  2.750 ns|     1.35 ns|
    +--------+---------+----------+------------+

+ Latency: 
    * Summary: 
    +---------+---------+-----------+-----------+-------+-------+---------+
    |  Latency (cycles) |   Latency (absolute)  |    Interval   | Pipeline|
    |   min   |   max   |    min    |    max    |  min  |  max  |   Type  |
    +---------+---------+-----------+-----------+-------+-------+---------+
    |    16922|    16922|  84.610 us|  84.610 us|  16922|  16922|       no|
    +---------+---------+-----------+-----------+-------+-------+---------+

    + Detail: 
        * Instance: 
        N/A

        * Loop: 
        +--------------------+---------+---------+----------+-----------+-----------+------+----------+
        |                    |  Latency (cycles) | Iteration|  Initiation Interval  | Trip |          |
        |      Loop Name     |   min   |   max   |  Latency |  achieved |   target  | Count| Pipelined|
        +--------------------+---------+---------+----------+-----------+-----------+------+----------+
        |- PadMain_CopyMain  |    16920|    16920|         4|          3|          1|  5640|       yes|
        +--------------------+---------+---------+----------+-----------+-----------+------+----------+



================================================================
== Utilization Estimates
================================================================
* Summary: 
+-----------------+---------+------+--------+--------+-----+
|       Name      | BRAM_18K|  DSP |   FF   |   LUT  | URAM|
+-----------------+---------+------+--------+--------+-----+
|DSP              |        -|     -|       -|       -|    -|
|Expression       |        -|     -|       0|     117|    -|
|FIFO             |        -|     -|       -|       -|    -|
|Instance         |        -|     -|       -|       -|    -|
|Memory           |        -|     -|       -|       -|    -|
|Multiplexer      |        -|     -|       -|     124|    -|
|Register         |        -|     -|      31|       -|    -|
+-----------------+---------+------+--------+--------+-----+
|Total            |        0|     0|      31|     241|    0|
+-----------------+---------+------+--------+--------+-----+
|Available        |      288|  1248|  234240|  117120|   64|
+-----------------+---------+------+--------+--------+-----+
|Utilization (%)  |        0|     0|      ~0|      ~0|    0|
+-----------------+---------+------+--------+--------+-----+

+ Detail: 
    * Instance: 
    N/A

    * DSP: 
    N/A

    * Memory: 
    N/A

    * FIFO: 
    N/A

    * Expression: 
    +----------------------------------+----------+----+---+----+------------+------------+
    |           Variable Name          | Operation| DSP| FF| LUT| Bitwidth P0| Bitwidth P1|
    +----------------------------------+----------+----+---+----+------------+------------+
    |add_ln59_fu_106_p2                |         +|   0|  0|  20|          13|           1|
    |add_ln65_fu_124_p2                |         +|   0|  0|  16|           9|           1|
    |ap_block_pp0_stage0_01001         |       and|   0|  0|   2|           1|           1|
    |ap_block_pp0_stage1_01001         |       and|   0|  0|   2|           1|           1|
    |ap_block_pp0_stage2_01001         |       and|   0|  0|   2|           1|           1|
    |ap_block_state2_pp0_stage1_iter0  |       and|   0|  0|   2|           1|           1|
    |ap_block_state4_pp0_stage0_iter1  |       and|   0|  0|   2|           1|           1|
    |ap_condition_259                  |       and|   0|  0|   2|           1|           1|
    |ap_predicate_op32_write_state2    |       and|   0|  0|   2|           1|           1|
    |icmp_ln59_fu_100_p2               |      icmp|   0|  0|  20|          13|          13|
    |icmp_ln65_1_fu_138_p2             |      icmp|   0|  0|  16|           9|           9|
    |icmp_ln65_fu_112_p2               |      icmp|   0|  0|  16|           9|           9|
    |ap_block_state3_pp0_stage2_iter0  |        or|   0|  0|   2|           1|           1|
    |or_ln59_fu_118_p2                 |        or|   0|  0|   2|           1|           1|
    |j_11_fu_130_p3                    |    select|   0|  0|   9|           1|           1|
    |ap_enable_pp0                     |       xor|   0|  0|   2|           1|           2|
    +----------------------------------+----------+----+---+----+------------+------------+
    |Total                             |          |   0|  0| 117|          64|          45|
    +----------------------------------+----------+----+---+----+------------+------------+

    * Multiplexer: 
    +--------------------------------------+----+-----------+-----+-----------+
    |                 Name                 | LUT| Input Size| Bits| Total Bits|
    +--------------------------------------+----+-----------+-----+-----------+
    |ap_NS_fsm                             |  20|          4|    1|          4|
    |ap_done_int                           |   9|          2|    1|          2|
    |ap_enable_reg_pp0_iter0               |   9|          2|    1|          2|
    |ap_enable_reg_pp0_iter0_reg           |   9|          2|    1|          2|
    |ap_enable_reg_pp0_iter1               |   9|          2|    1|          2|
    |ap_sig_allocacmp_indvar_flatten_load  |   9|          2|   13|         26|
    |ap_sig_allocacmp_j                    |   9|          2|    9|         18|
    |indvar_flatten_fu_54                  |   9|          2|   13|         26|
    |input_1_TDATA_blk_n                   |   9|          2|    1|          2|
    |j_2_fu_50                             |   9|          2|    9|         18|
    |layer24_out_blk_n                     |   9|          2|    1|          2|
    |layer24_out_din                       |  14|          3|   32|         96|
    +--------------------------------------+----+-----------+-----+-----------+
    |Total                                 | 124|         27|   83|        200|
    +--------------------------------------+----+-----------+-----+-----------+

    * Register: 
    +-----------------------------+----+----+-----+-----------+
    |             Name            | FF | LUT| Bits| Const Bits|
    +-----------------------------+----+----+-----+-----------+
    |ap_CS_fsm                    |   3|   0|    3|          0|
    |ap_done_reg                  |   1|   0|    1|          0|
    |ap_enable_reg_pp0_iter0_reg  |   1|   0|    1|          0|
    |ap_enable_reg_pp0_iter1      |   1|   0|    1|          0|
    |icmp_ln59_reg_168            |   1|   0|    1|          0|
    |icmp_ln65_1_reg_176          |   1|   0|    1|          0|
    |indvar_flatten_fu_54         |  13|   0|   13|          0|
    |j_2_fu_50                    |   9|   0|    9|          0|
    |or_ln59_reg_172              |   1|   0|    1|          0|
    +-----------------------------+----+----+-----+-----------+
    |Total                        |  31|   0|   31|          0|
    +-----------------------------+----+----+-----+-----------+



================================================================
== Interface
================================================================
* Summary: 
+----------------------------+-----+-----+------------+---------------------------------------------------------------------------+--------------+
|          RTL Ports         | Dir | Bits|  Protocol  |                               Source Object                               |    C Type    |
+----------------------------+-----+-----+------------+---------------------------------------------------------------------------+--------------+
|ap_clk                      |   in|    1|  ap_ctrl_hs|  zeropad2d_cl<array,array<ap_fixed,2u>,config24>_Pipeline_PadMain_CopyMain|  return value|
|ap_rst                      |   in|    1|  ap_ctrl_hs|  zeropad2d_cl<array,array<ap_fixed,2u>,config24>_Pipeline_PadMain_CopyMain|  return value|
|ap_start                    |   in|    1|  ap_ctrl_hs|  zeropad2d_cl<array,array<ap_fixed,2u>,config24>_Pipeline_PadMain_CopyMain|  return value|
|ap_done                     |  out|    1|  ap_ctrl_hs|  zeropad2d_cl<array,array<ap_fixed,2u>,config24>_Pipeline_PadMain_CopyMain|  return value|
|ap_idle                     |  out|    1|  ap_ctrl_hs|  zeropad2d_cl<array,array<ap_fixed,2u>,config24>_Pipeline_PadMain_CopyMain|  return value|
|ap_ready                    |  out|    1|  ap_ctrl_hs|  zeropad2d_cl<array,array<ap_fixed,2u>,config24>_Pipeline_PadMain_CopyMain|  return value|
|layer24_out_din             |  out|   32|     ap_fifo|                                                                layer24_out|       pointer|
|layer24_out_num_data_valid  |   in|   14|     ap_fifo|                                                                layer24_out|       pointer|
|layer24_out_fifo_cap        |   in|   14|     ap_fifo|                                                                layer24_out|       pointer|
|layer24_out_full_n          |   in|    1|     ap_fifo|                                                                layer24_out|       pointer|
|layer24_out_write           |  out|    1|     ap_fifo|                                                                layer24_out|       pointer|
|input_1_TVALID              |   in|    1|        axis|                                                                    input_1|       pointer|
|input_1_TDATA               |   in|   32|        axis|                                                                    input_1|       pointer|
|input_1_TREADY              |  out|    1|        axis|                                                                    input_1|       pointer|
+----------------------------+-----+-----+------------+---------------------------------------------------------------------------+--------------+

============================================================
+ Verbose Summary: Synthesis Manager
============================================================
InlineROM: 1
ExposeGlobal: 0
============================================================
+ Verbose Summary: CDFG Model
============================================================
IsTopModel: 0
ResetActiveHigh: 1
IsCombinational: 2
IsDatapathOnly: 2
HasWiredReturn: 1
HasMFsm: 2
HasVarLatency: 1
IsPipeline: 0
IsRtlPipelined: 0
IsInstanceOverlapped: 0
IsDontTouch: 0
HasImplIP: 0
IsGatedGlobalClock: 0

+ Individual pipeline summary: 
  * Pipeline-0: initiation interval (II) = 3, depth = 4


============================================================
+ Verbose Summary: Schedule
============================================================
* Number of FSM states : 4
* Pipeline : 1
  Pipeline-0 : II = 3, D = 4, States = { 1 2 3 4 }
* Dataflow Pipeline: 0

* FSM state transitions: 
1 --> 2 
2 --> 3 
3 --> 4 
4 --> 

* FSM state operations: 

State 1 <SV = 0> <Delay = 2.37>
ST_1 : Operation 7 [1/1] (0.00ns)   --->   "%j_2 = alloca i32 1" [firmware/nnet_utils/nnet_padding_stream.h:65]   --->   Operation 7 'alloca' 'j_2' <Predicate = true> <Delay = 0.00>
ST_1 : Operation 8 [1/1] (0.00ns)   --->   "%indvar_flatten = alloca i32 1"   --->   Operation 8 'alloca' 'indvar_flatten' <Predicate = true> <Delay = 0.00>
ST_1 : Operation 9 [1/1] (0.00ns)   --->   "%specinterface_ln0 = specinterface void @_ssdm_op_SpecInterface, i32 %input_1, void @empty_18, i32 0, i32 0, void @empty_19, i32 0, i32 0, void @empty_3, void @empty_3, void @empty_3, i32 0, i32 0, i32 0, i32 0, void @empty_3, void @empty_3, i32 4294967295, i32 0"   --->   Operation 9 'specinterface' 'specinterface_ln0' <Predicate = true> <Delay = 0.00>
ST_1 : Operation 10 [1/1] (0.00ns)   --->   "%specinterface_ln0 = specinterface void @_ssdm_op_SpecInterface, i32 %layer24_out, void @empty_20, i32 0, i32 0, void @empty_3, i32 0, i32 0, void @empty_3, void @empty_3, void @empty_3, i32 0, i32 0, i32 0, i32 0, void @empty_3, void @empty_3, i32 4294967295, i32 0"   --->   Operation 10 'specinterface' 'specinterface_ln0' <Predicate = true> <Delay = 0.00>
ST_1 : Operation 11 [1/1] (0.42ns)   --->   "%store_ln0 = store i13 0, i13 %indvar_flatten"   --->   Operation 11 'store' 'store_ln0' <Predicate = true> <Delay = 0.42>
ST_1 : Operation 12 [1/1] (0.42ns)   --->   "%store_ln65 = store i9 0, i9 %j_2" [firmware/nnet_utils/nnet_padding_stream.h:65]   --->   Operation 12 'store' 'store_ln65' <Predicate = true> <Delay = 0.42>
ST_1 : Operation 13 [1/1] (0.42ns)   --->   "%br_ln0 = br void %for.body25"   --->   Operation 13 'br' 'br_ln0' <Predicate = true> <Delay = 0.42>
ST_1 : Operation 14 [1/1] (0.00ns)   --->   "%first_iter_0 = phi i1 0, void %new.latch.for.body25.split, i1 1, void %newFuncRoot"   --->   Operation 14 'phi' 'first_iter_0' <Predicate = true> <Delay = 0.00>
ST_1 : Operation 15 [1/1] (0.00ns)   --->   "%j = load i9 %j_2" [firmware/nnet_utils/nnet_padding_stream.h:65]   --->   Operation 15 'load' 'j' <Predicate = true> <Delay = 0.00>
ST_1 : Operation 16 [1/1] (0.00ns)   --->   "%indvar_flatten_load = load i13 %indvar_flatten" [firmware/nnet_utils/nnet_padding_stream.h:59]   --->   Operation 16 'load' 'indvar_flatten_load' <Predicate = true> <Delay = 0.00>
ST_1 : Operation 17 [1/1] (0.82ns)   --->   "%icmp_ln59 = icmp_eq  i13 %indvar_flatten_load, i13 5640" [firmware/nnet_utils/nnet_padding_stream.h:59]   --->   Operation 17 'icmp' 'icmp_ln59' <Predicate = true> <Delay = 0.82> <CoreInst = "Cmp">   --->   Core 9 'Cmp' <Latency = 0> <II = 1> <Delay = 0.82> <FuncUnit> <Opcode : 'icmp'> <InPorts = 2> <OutPorts = 1>
ST_1 : Operation 18 [1/1] (0.82ns)   --->   "%add_ln59 = add i13 %indvar_flatten_load, i13 1" [firmware/nnet_utils/nnet_padding_stream.h:59]   --->   Operation 18 'add' 'add_ln59' <Predicate = true> <Delay = 0.82> <CoreInst = "Adder">   --->   Core 1 'Adder' <Latency = 0> <II = 1> <Delay = 0.82> <FuncUnit> <Opcode : 'add' 'sub'> <InPorts = 2> <OutPorts = 1>
ST_1 : Operation 19 [1/1] (0.00ns)   --->   "%br_ln59 = br i1 %icmp_ln59, void %for.inc34, void %for.inc50.preheader.exitStub" [firmware/nnet_utils/nnet_padding_stream.h:59]   --->   Operation 19 'br' 'br_ln59' <Predicate = true> <Delay = 0.00>
ST_1 : Operation 20 [1/1] (0.00ns)   --->   "%specloopname_ln0 = specloopname void @_ssdm_op_SpecLoopName, void @PadMain_CopyMain_str"   --->   Operation 20 'specloopname' 'specloopname_ln0' <Predicate = (!icmp_ln59)> <Delay = 0.00>
ST_1 : Operation 21 [1/1] (0.00ns)   --->   "%speclooptripcount_ln0 = speclooptripcount void @_ssdm_op_SpecLoopTripCount, i64 5640, i64 5640, i64 5640"   --->   Operation 21 'speclooptripcount' 'speclooptripcount_ln0' <Predicate = (!icmp_ln59)> <Delay = 0.00>
ST_1 : Operation 22 [1/1] (0.77ns)   --->   "%icmp_ln65 = icmp_eq  i9 %j, i9 282" [firmware/nnet_utils/nnet_padding_stream.h:65]   --->   Operation 22 'icmp' 'icmp_ln65' <Predicate = (!icmp_ln59)> <Delay = 0.77> <CoreInst = "Cmp">   --->   Core 9 'Cmp' <Latency = 0> <II = 1> <Delay = 0.77> <FuncUnit> <Opcode : 'icmp'> <InPorts = 2> <OutPorts = 1>
ST_1 : Operation 23 [1/1] (0.28ns)   --->   "%or_ln59 = or i1 %icmp_ln65, i1 %first_iter_0" [firmware/nnet_utils/nnet_padding_stream.h:59]   --->   Operation 23 'or' 'or_ln59' <Predicate = (!icmp_ln59)> <Delay = 0.28> <CoreInst = "LogicGate">   --->   Core 74 'LogicGate' <Latency = 0> <II = 1> <Delay = 0.28> <FuncUnit> <Opcode : 'and' 'or' 'xor'> <InPorts = 2> <OutPorts = 1>
ST_1 : Operation 24 [1/1] (0.00ns)   --->   "%br_ln65 = br i1 %or_ln59, void %for.body25.split, void %for.first.iter.for.body25" [firmware/nnet_utils/nnet_padding_stream.h:65]   --->   Operation 24 'br' 'br_ln65' <Predicate = (!icmp_ln59)> <Delay = 0.00>
ST_1 : Operation 25 [1/1] (0.77ns)   --->   "%add_ln65 = add i9 %j, i9 1" [firmware/nnet_utils/nnet_padding_stream.h:65]   --->   Operation 25 'add' 'add_ln65' <Predicate = (!icmp_ln59)> <Delay = 0.77> <CoreInst = "Adder">   --->   Core 1 'Adder' <Latency = 0> <II = 1> <Delay = 0.77> <FuncUnit> <Opcode : 'add' 'sub'> <InPorts = 2> <OutPorts = 1>
ST_1 : Operation 26 [1/1] (0.39ns)   --->   "%j_11 = select i1 %icmp_ln65, i9 1, i9 %add_ln65" [firmware/nnet_utils/nnet_padding_stream.h:65]   --->   Operation 26 'select' 'j_11' <Predicate = (!icmp_ln59)> <Delay = 0.39> <CoreInst = "Sel">   --->   Core 73 'Sel' <Latency = 0> <II = 1> <Delay = 0.39> <FuncUnit> <Opcode : 'select'> <InPorts = 3> <OutPorts = 1>
ST_1 : Operation 27 [1/1] (0.77ns)   --->   "%icmp_ln65_1 = icmp_eq  i9 %j_11, i9 282" [firmware/nnet_utils/nnet_padding_stream.h:65]   --->   Operation 27 'icmp' 'icmp_ln65_1' <Predicate = (!icmp_ln59)> <Delay = 0.77> <CoreInst = "Cmp">   --->   Core 9 'Cmp' <Latency = 0> <II = 1> <Delay = 0.77> <FuncUnit> <Opcode : 'icmp'> <InPorts = 2> <OutPorts = 1>
ST_1 : Operation 28 [1/1] (0.00ns)   --->   "%br_ln65 = br i1 %icmp_ln65_1, void %new.latch.for.body25.split, void %last.iter.for.body25.split" [firmware/nnet_utils/nnet_padding_stream.h:65]   --->   Operation 28 'br' 'br_ln65' <Predicate = (!icmp_ln59)> <Delay = 0.00>
ST_1 : Operation 29 [1/1] (0.42ns)   --->   "%store_ln59 = store i13 %add_ln59, i13 %indvar_flatten" [firmware/nnet_utils/nnet_padding_stream.h:59]   --->   Operation 29 'store' 'store_ln59' <Predicate = (!icmp_ln59)> <Delay = 0.42>
ST_1 : Operation 30 [1/1] (0.42ns)   --->   "%store_ln65 = store i9 %j_11, i9 %j_2" [firmware/nnet_utils/nnet_padding_stream.h:65]   --->   Operation 30 'store' 'store_ln65' <Predicate = (!icmp_ln59)> <Delay = 0.42>
ST_1 : Operation 31 [1/1] (0.00ns)   --->   "%br_ln65 = br void %for.body25" [firmware/nnet_utils/nnet_padding_stream.h:65]   --->   Operation 31 'br' 'br_ln65' <Predicate = (!icmp_ln59)> <Delay = 0.00>
ST_1 : Operation 39 [1/1] (0.00ns)   --->   "%ret_ln0 = ret"   --->   Operation 39 'ret' 'ret_ln0' <Predicate = (icmp_ln59)> <Delay = 0.00>

State 2 <SV = 1> <Delay = 1.75>
ST_2 : Operation 32 [1/1] (1.75ns)   --->   "%write_ln15 = write void @_ssdm_op_Write.ap_fifo.volatile.i32P0A, i32 %layer24_out, i32 0" [firmware/nnet_utils/nnet_padding_stream.h:15->firmware/nnet_utils/nnet_padding_stream.h:62]   --->   Operation 32 'write' 'write_ln15' <Predicate = (!icmp_ln59 & or_ln59)> <Delay = 1.75> <CoreInst = "FIFO">   --->   Core 78 'FIFO' <Latency = 0> <II = 1> <Delay = 1.75> <Storage> <Opcode : 'read' 'write' 'nbread' 'nbwrite'> <Ports = 0> <Width = 32> <Depth = 6248> <FIFO>
ST_2 : Operation 33 [1/1] (0.00ns)   --->   "%br_ln65 = br void %for.body25.split" [firmware/nnet_utils/nnet_padding_stream.h:65]   --->   Operation 33 'br' 'br_ln65' <Predicate = (!icmp_ln59 & or_ln59)> <Delay = 0.00>

State 3 <SV = 2> <Delay = 2.75>
ST_3 : Operation 34 [1/1] (0.00ns)   --->   "%specpipeline_ln18 = specpipeline void @_ssdm_op_SpecPipeline, i32 4294967295, i32 0, i32 0, i32 0, void @empty_3" [firmware/nnet_utils/nnet_padding_stream.h:18->firmware/nnet_utils/nnet_padding_stream.h:66]   --->   Operation 34 'specpipeline' 'specpipeline_ln18' <Predicate = (!icmp_ln59)> <Delay = 0.00>
ST_3 : Operation 35 [1/1] (1.00ns)   --->   "%input_1_read = read i32 @_ssdm_op_Read.axis.volatile.i32P128A, i32 %input_1" [firmware/nnet_utils/nnet_padding_stream.h:20->firmware/nnet_utils/nnet_padding_stream.h:66]   --->   Operation 35 'read' 'input_1_read' <Predicate = (!icmp_ln59)> <Delay = 1.00> <CoreInst = "axis">   --->   Core 123 'axis' <Latency = 0> <II = 1> <Delay = 1.00> <Adapter> <Opcode : >
ST_3 : Operation 36 [1/1] (1.75ns)   --->   "%write_ln26 = write void @_ssdm_op_Write.ap_fifo.volatile.i32P0A, i32 %layer24_out, i32 %input_1_read" [firmware/nnet_utils/nnet_padding_stream.h:26->firmware/nnet_utils/nnet_padding_stream.h:66]   --->   Operation 36 'write' 'write_ln26' <Predicate = (!icmp_ln59)> <Delay = 1.75> <CoreInst = "FIFO">   --->   Core 78 'FIFO' <Latency = 0> <II = 1> <Delay = 1.75> <Storage> <Opcode : 'read' 'write' 'nbread' 'nbwrite'> <Ports = 0> <Width = 32> <Depth = 6248> <FIFO>

State 4 <SV = 3> <Delay = 1.75>
ST_4 : Operation 37 [1/1] (1.75ns)   --->   "%write_ln15 = write void @_ssdm_op_Write.ap_fifo.volatile.i32P0A, i32 %layer24_out, i32 0" [firmware/nnet_utils/nnet_padding_stream.h:15->firmware/nnet_utils/nnet_padding_stream.h:70]   --->   Operation 37 'write' 'write_ln15' <Predicate = (icmp_ln65_1)> <Delay = 1.75> <CoreInst = "FIFO">   --->   Core 78 'FIFO' <Latency = 0> <II = 1> <Delay = 1.75> <Storage> <Opcode : 'read' 'write' 'nbread' 'nbwrite'> <Ports = 0> <Width = 32> <Depth = 6248> <FIFO>
ST_4 : Operation 38 [1/1] (0.00ns)   --->   "%br_ln65 = br void %new.latch.for.body25.split" [firmware/nnet_utils/nnet_padding_stream.h:65]   --->   Operation 38 'br' 'br_ln65' <Predicate = (icmp_ln65_1)> <Delay = 0.00>


============================================================
+ Verbose Summary: Binding
============================================================
STG Binding: 
---------------- STG Properties BEGIN ----------------
- Is combinational: 0
- Is one-state seq: 0
- Is datapath-only: 0
- Is pipelined: 0
- Is top level: 0
Port [ Return ] is wired: 1; IO mode=ap_ctrl_hs:ce=0
Port [ layer24_out]:  wired=1; compound=1; hidden=0; nouse=0; global=0; static=0; extern=0; dir=1; type=3; pingpong=0; private_global=0; IO mode=ap_fifo:ce=0
Port [ input_1]:  wired=1; compound=1; hidden=0; nouse=0; global=0; static=0; extern=0; dir=0; type=0; pingpong=0; private_global=0; IO mode=axis:ce=0
---------------- STG Properties END ------------------

---------------- Datapath Model BEGIN ----------------

<LifeTime>
<method=bitvector/>
j_2                   (alloca           ) [ 01000]
indvar_flatten        (alloca           ) [ 01000]
specinterface_ln0     (specinterface    ) [ 00000]
specinterface_ln0     (specinterface    ) [ 00000]
store_ln0             (store            ) [ 00000]
store_ln65            (store            ) [ 00000]
br_ln0                (br               ) [ 00000]
first_iter_0          (phi              ) [ 01000]
j                     (load             ) [ 00000]
indvar_flatten_load   (load             ) [ 00000]
icmp_ln59             (icmp             ) [ 01111]
add_ln59              (add              ) [ 00000]
br_ln59               (br               ) [ 00000]
specloopname_ln0      (specloopname     ) [ 00000]
speclooptripcount_ln0 (speclooptripcount) [ 00000]
icmp_ln65             (icmp             ) [ 00000]
or_ln59               (or               ) [ 00100]
br_ln65               (br               ) [ 00000]
add_ln65              (add              ) [ 00000]
j_11                  (select           ) [ 00000]
icmp_ln65_1           (icmp             ) [ 01111]
br_ln65               (br               ) [ 00000]
store_ln59            (store            ) [ 00000]
store_ln65            (store            ) [ 00000]
br_ln65               (br               ) [ 01000]
write_ln15            (write            ) [ 00000]
br_ln65               (br               ) [ 00000]
specpipeline_ln18     (specpipeline     ) [ 00000]
input_1_read          (read             ) [ 00000]
write_ln26            (write            ) [ 00000]
write_ln15            (write            ) [ 00000]
br_ln65               (br               ) [ 00000]
ret_ln0               (ret              ) [ 00000]
</LifeTime>

<model>

<comp_list>
<comp id="0" class="1000" name="layer24_out">
<pin_list>
<pin id="1" dir="1" index="0" bw="1" slack="0"/>
</pin_list>
<bind>
<StgValue><ssdm name="layer24_out"/></StgValue>
</bind>
</comp>

<comp id="2" class="1000" name="input_1">
<pin_list>
<pin id="3" dir="1" index="0" bw="1" slack="0"/>
</pin_list>
<bind>
<StgValue><ssdm name="input_1"/></StgValue>
</bind>
</comp>

<comp id="4" class="1001" name="const_4">
<pin_list>
<pin id="5" dir="1" index="0" bw="1" slack="0"/>
</pin_list>
<bind>
<StgValue><ssdm name=""/></StgValue>
</bind>
</comp>

<comp id="6" class="1001" name="const_6">
<pin_list>
<pin id="7" dir="1" index="0" bw="1" slack="2147483647"/>
</pin_list>
<bind>
<StgValue><ssdm name="_ssdm_op_SpecInterface"/></StgValue>
</bind>
</comp>

<comp id="8" class="1001" name="const_8">
<pin_list>
<pin id="9" dir="1" index="0" bw="1" slack="2147483647"/>
</pin_list>
<bind>
<StgValue><ssdm name="empty_18"/></StgValue>
</bind>
</comp>

<comp id="10" class="1001" name="const_10">
<pin_list>
<pin id="11" dir="1" index="0" bw="1" slack="0"/>
</pin_list>
<bind>
<StgValue><ssdm name=""/></StgValue>
</bind>
</comp>

<comp id="12" class="1001" name="const_12">
<pin_list>
<pin id="13" dir="1" index="0" bw="1" slack="2147483647"/>
</pin_list>
<bind>
<StgValue><ssdm name="empty_19"/></StgValue>
</bind>
</comp>

<comp id="14" class="1001" name="const_14">
<pin_list>
<pin id="15" dir="1" index="0" bw="1" slack="2147483647"/>
</pin_list>
<bind>
<StgValue><ssdm name="empty_3"/></StgValue>
</bind>
</comp>

<comp id="16" class="1001" name="const_16">
<pin_list>
<pin id="17" dir="1" index="0" bw="1" slack="2147483647"/>
</pin_list>
<bind>
<StgValue><ssdm name=""/></StgValue>
</bind>
</comp>

<comp id="18" class="1001" name="const_18">
<pin_list>
<pin id="19" dir="1" index="0" bw="1" slack="2147483647"/>
</pin_list>
<bind>
<StgValue><ssdm name="empty_20"/></StgValue>
</bind>
</comp>

<comp id="20" class="1001" name="const_20">
<pin_list>
<pin id="21" dir="1" index="0" bw="1" slack="0"/>
</pin_list>
<bind>
<StgValue><ssdm name=""/></StgValue>
</bind>
</comp>

<comp id="22" class="1001" name="const_22">
<pin_list>
<pin id="23" dir="1" index="0" bw="1" slack="0"/>
</pin_list>
<bind>
<StgValue><ssdm name=""/></StgValue>
</bind>
</comp>

<comp id="24" class="1001" name="const_24">
<pin_list>
<pin id="25" dir="1" index="0" bw="1" slack="0"/>
</pin_list>
<bind>
<StgValue><ssdm name=""/></StgValue>
</bind>
</comp>

<comp id="26" class="1001" name="const_26">
<pin_list>
<pin id="27" dir="1" index="0" bw="1" slack="0"/>
</pin_list>
<bind>
<StgValue><ssdm name=""/></StgValue>
</bind>
</comp>

<comp id="28" class="1001" name="const_28">
<pin_list>
<pin id="29" dir="1" index="0" bw="1" slack="0"/>
</pin_list>
<bind>
<StgValue><ssdm name=""/></StgValue>
</bind>
</comp>

<comp id="30" class="1001" name="const_30">
<pin_list>
<pin id="31" dir="1" index="0" bw="1" slack="0"/>
</pin_list>
<bind>
<StgValue><ssdm name=""/></StgValue>
</bind>
</comp>

<comp id="32" class="1001" name="const_32">
<pin_list>
<pin id="33" dir="1" index="0" bw="1" slack="2147483647"/>
</pin_list>
<bind>
<StgValue><ssdm name="_ssdm_op_SpecLoopName"/></StgValue>
</bind>
</comp>

<comp id="34" class="1001" name="const_34">
<pin_list>
<pin id="35" dir="1" index="0" bw="1" slack="2147483647"/>
</pin_list>
<bind>
<StgValue><ssdm name="PadMain_CopyMain_str"/></StgValue>
</bind>
</comp>

<comp id="36" class="1001" name="const_36">
<pin_list>
<pin id="37" dir="1" index="0" bw="1" slack="2147483647"/>
</pin_list>
<bind>
<StgValue><ssdm name="_ssdm_op_SpecLoopTripCount"/></StgValue>
</bind>
</comp>

<comp id="38" class="1001" name="const_38">
<pin_list>
<pin id="39" dir="1" index="0" bw="1" slack="2147483647"/>
</pin_list>
<bind>
<StgValue><ssdm name=""/></StgValue>
</bind>
</comp>

<comp id="40" class="1001" name="const_40">
<pin_list>
<pin id="41" dir="1" index="0" bw="1" slack="0"/>
</pin_list>
<bind>
<StgValue><ssdm name=""/></StgValue>
</bind>
</comp>

<comp id="42" class="1001" name="const_42">
<pin_list>
<pin id="43" dir="1" index="0" bw="1" slack="0"/>
</pin_list>
<bind>
<StgValue><ssdm name=""/></StgValue>
</bind>
</comp>

<comp id="44" class="1001" name="const_44">
<pin_list>
<pin id="45" dir="1" index="0" bw="1" slack="0"/>
</pin_list>
<bind>
<StgValue><ssdm name="_ssdm_op_Write.ap_fifo.volatile.i32P0A"/></StgValue>
</bind>
</comp>

<comp id="46" class="1001" name="const_46">
<pin_list>
<pin id="47" dir="1" index="0" bw="1" slack="2147483647"/>
</pin_list>
<bind>
<StgValue><ssdm name="_ssdm_op_SpecPipeline"/></StgValue>
</bind>
</comp>

<comp id="48" class="1001" name="const_48">
<pin_list>
<pin id="49" dir="1" index="0" bw="1" slack="0"/>
</pin_list>
<bind>
<StgValue><ssdm name="_ssdm_op_Read.axis.volatile.i32P128A"/></StgValue>
</bind>
</comp>

<comp id="50" class="1004" name="j_2_fu_50">
<pin_list>
<pin id="51" dir="0" index="0" bw="1" slack="0"/>
<pin id="52" dir="1" index="1" bw="9" slack="0"/>
</pin_list>
<bind>
<opcode="alloca(26) " fcode="alloca"/>
<opset="j_2/1 "/>
</bind>
</comp>

<comp id="54" class="1004" name="indvar_flatten_fu_54">
<pin_list>
<pin id="55" dir="0" index="0" bw="1" slack="0"/>
<pin id="56" dir="1" index="1" bw="13" slack="0"/>
</pin_list>
<bind>
<opcode="alloca(26) " fcode="alloca"/>
<opset="indvar_flatten/1 "/>
</bind>
</comp>

<comp id="58" class="1004" name="grp_write_fu_58">
<pin_list>
<pin id="59" dir="0" index="0" bw="0" slack="0"/>
<pin id="60" dir="0" index="1" bw="32" slack="0"/>
<pin id="61" dir="0" index="2" bw="32" slack="0"/>
<pin id="62" dir="1" index="3" bw="0" slack="2147483647"/>
</pin_list>
<bind>
<opcode="write(1151) " fcode="write"/>
<opset="write_ln15/2 write_ln26/3 write_ln15/4 "/>
</bind>
</comp>

<comp id="66" class="1004" name="input_1_read_read_fu_66">
<pin_list>
<pin id="67" dir="0" index="0" bw="32" slack="0"/>
<pin id="68" dir="0" index="1" bw="32" slack="0"/>
<pin id="69" dir="1" index="2" bw="32" slack="0"/>
</pin_list>
<bind>
<opcode="read(1150) " fcode="read"/>
<opset="input_1_read/3 "/>
</bind>
</comp>

<comp id="73" class="1005" name="first_iter_0_reg_73">
<pin_list>
<pin id="74" dir="0" index="0" bw="1" slack="2147483647"/>
<pin id="75" dir="1" index="1" bw="1" slack="2147483647"/>
</pin_list>
<bind>
<opset="first_iter_0 (phireg) "/>
</bind>
</comp>

<comp id="76" class="1004" name="first_iter_0_phi_fu_76">
<pin_list>
<pin id="77" dir="0" index="0" bw="1" slack="0"/>
<pin id="78" dir="0" index="1" bw="0" slack="2147483647"/>
<pin id="79" dir="0" index="2" bw="1" slack="0"/>
<pin id="80" dir="0" index="3" bw="0" slack="2147483647"/>
<pin id="81" dir="1" index="4" bw="1" slack="0"/>
</pin_list>
<bind>
<opcode="phi(47) " fcode="phi"/>
<opset="first_iter_0/1 "/>
</bind>
</comp>

<comp id="84" class="1004" name="store_ln0_store_fu_84">
<pin_list>
<pin id="85" dir="0" index="0" bw="1" slack="0"/>
<pin id="86" dir="0" index="1" bw="13" slack="0"/>
<pin id="87" dir="1" index="2" bw="0" slack="2147483647"/>
</pin_list>
<bind>
<opcode="store(28) " fcode="store"/>
<opset="store_ln0/1 "/>
</bind>
</comp>

<comp id="89" class="1004" name="store_ln65_store_fu_89">
<pin_list>
<pin id="90" dir="0" index="0" bw="1" slack="0"/>
<pin id="91" dir="0" index="1" bw="9" slack="0"/>
<pin id="92" dir="1" index="2" bw="0" slack="2147483647"/>
</pin_list>
<bind>
<opcode="store(28) " fcode="store"/>
<opset="store_ln65/1 "/>
</bind>
</comp>

<comp id="94" class="1004" name="j_load_fu_94">
<pin_list>
<pin id="95" dir="0" index="0" bw="9" slack="0"/>
<pin id="96" dir="1" index="1" bw="9" slack="0"/>
</pin_list>
<bind>
<opcode="load(27) " fcode="load"/>
<opset="j/1 "/>
</bind>
</comp>

<comp id="97" class="1004" name="indvar_flatten_load_load_fu_97">
<pin_list>
<pin id="98" dir="0" index="0" bw="13" slack="0"/>
<pin id="99" dir="1" index="1" bw="13" slack="0"/>
</pin_list>
<bind>
<opcode="load(27) " fcode="load"/>
<opset="indvar_flatten_load/1 "/>
</bind>
</comp>

<comp id="100" class="1004" name="icmp_ln59_fu_100">
<pin_list>
<pin id="101" dir="0" index="0" bw="13" slack="0"/>
<pin id="102" dir="0" index="1" bw="13" slack="0"/>
<pin id="103" dir="1" index="2" bw="1" slack="1"/>
</pin_list>
<bind>
<opcode="icmp(45) " fcode="icmp"/>
<opset="icmp_ln59/1 "/>
</bind>
</comp>

<comp id="106" class="1004" name="add_ln59_fu_106">
<pin_list>
<pin id="107" dir="0" index="0" bw="13" slack="0"/>
<pin id="108" dir="0" index="1" bw="1" slack="0"/>
<pin id="109" dir="1" index="2" bw="13" slack="0"/>
</pin_list>
<bind>
<opcode="add(8) " fcode="add"/>
<opset="add_ln59/1 "/>
</bind>
</comp>

<comp id="112" class="1004" name="icmp_ln65_fu_112">
<pin_list>
<pin id="113" dir="0" index="0" bw="9" slack="0"/>
<pin id="114" dir="0" index="1" bw="9" slack="0"/>
<pin id="115" dir="1" index="2" bw="1" slack="0"/>
</pin_list>
<bind>
<opcode="icmp(45) " fcode="icmp"/>
<opset="icmp_ln65/1 "/>
</bind>
</comp>

<comp id="118" class="1004" name="or_ln59_fu_118">
<pin_list>
<pin id="119" dir="0" index="0" bw="1" slack="0"/>
<pin id="120" dir="0" index="1" bw="1" slack="0"/>
<pin id="121" dir="1" index="2" bw="1" slack="1"/>
</pin_list>
<bind>
<opcode="or(24) " fcode="or"/>
<opset="or_ln59/1 "/>
</bind>
</comp>

<comp id="124" class="1004" name="add_ln65_fu_124">
<pin_list>
<pin id="125" dir="0" index="0" bw="9" slack="0"/>
<pin id="126" dir="0" index="1" bw="1" slack="0"/>
<pin id="127" dir="1" index="2" bw="9" slack="0"/>
</pin_list>
<bind>
<opcode="add(8) " fcode="add"/>
<opset="add_ln65/1 "/>
</bind>
</comp>

<comp id="130" class="1004" name="j_11_fu_130">
<pin_list>
<pin id="131" dir="0" index="0" bw="1" slack="0"/>
<pin id="132" dir="0" index="1" bw="9" slack="0"/>
<pin id="133" dir="0" index="2" bw="9" slack="0"/>
<pin id="134" dir="1" index="3" bw="9" slack="0"/>
</pin_list>
<bind>
<opcode="select(49) " fcode="select"/>
<opset="j_11/1 "/>
</bind>
</comp>

<comp id="138" class="1004" name="icmp_ln65_1_fu_138">
<pin_list>
<pin id="139" dir="0" index="0" bw="9" slack="0"/>
<pin id="140" dir="0" index="1" bw="9" slack="0"/>
<pin id="141" dir="1" index="2" bw="1" slack="3"/>
</pin_list>
<bind>
<opcode="icmp(45) " fcode="icmp"/>
<opset="icmp_ln65_1/1 "/>
</bind>
</comp>

<comp id="144" class="1004" name="store_ln59_store_fu_144">
<pin_list>
<pin id="145" dir="0" index="0" bw="13" slack="0"/>
<pin id="146" dir="0" index="1" bw="13" slack="0"/>
<pin id="147" dir="1" index="2" bw="0" slack="2147483647"/>
</pin_list>
<bind>
<opcode="store(28) " fcode="store"/>
<opset="store_ln59/1 "/>
</bind>
</comp>

<comp id="149" class="1004" name="store_ln65_store_fu_149">
<pin_list>
<pin id="150" dir="0" index="0" bw="9" slack="0"/>
<pin id="151" dir="0" index="1" bw="9" slack="0"/>
<pin id="152" dir="1" index="2" bw="0" slack="2147483647"/>
</pin_list>
<bind>
<opcode="store(28) " fcode="store"/>
<opset="store_ln65/1 "/>
</bind>
</comp>

<comp id="154" class="1005" name="j_2_reg_154">
<pin_list>
<pin id="155" dir="0" index="0" bw="9" slack="0"/>
<pin id="156" dir="1" index="1" bw="9" slack="0"/>
</pin_list>
<bind>
<opset="j_2 "/>
</bind>
</comp>

<comp id="161" class="1005" name="indvar_flatten_reg_161">
<pin_list>
<pin id="162" dir="0" index="0" bw="13" slack="0"/>
<pin id="163" dir="1" index="1" bw="13" slack="0"/>
</pin_list>
<bind>
<opset="indvar_flatten "/>
</bind>
</comp>

<comp id="168" class="1005" name="icmp_ln59_reg_168">
<pin_list>
<pin id="169" dir="0" index="0" bw="1" slack="1"/>
<pin id="170" dir="1" index="1" bw="1" slack="2147483647"/>
</pin_list>
<bind>
<opset="icmp_ln59 "/>
</bind>
</comp>

<comp id="172" class="1005" name="or_ln59_reg_172">
<pin_list>
<pin id="173" dir="0" index="0" bw="1" slack="1"/>
<pin id="174" dir="1" index="1" bw="1" slack="2147483647"/>
</pin_list>
<bind>
<opset="or_ln59 "/>
</bind>
</comp>

<comp id="176" class="1005" name="icmp_ln65_1_reg_176">
<pin_list>
<pin id="177" dir="0" index="0" bw="1" slack="3"/>
<pin id="178" dir="1" index="1" bw="1" slack="2147483647"/>
</pin_list>
<bind>
<opset="icmp_ln65_1 "/>
</bind>
</comp>

</comp_list>

<net_list>
<net id="53"><net_src comp="4" pin="0"/><net_sink comp="50" pin=0"/></net>

<net id="57"><net_src comp="4" pin="0"/><net_sink comp="54" pin=0"/></net>

<net id="63"><net_src comp="44" pin="0"/><net_sink comp="58" pin=0"/></net>

<net id="64"><net_src comp="0" pin="0"/><net_sink comp="58" pin=1"/></net>

<net id="65"><net_src comp="10" pin="0"/><net_sink comp="58" pin=2"/></net>

<net id="70"><net_src comp="48" pin="0"/><net_sink comp="66" pin=0"/></net>

<net id="71"><net_src comp="2" pin="0"/><net_sink comp="66" pin=1"/></net>

<net id="72"><net_src comp="66" pin="2"/><net_sink comp="58" pin=2"/></net>

<net id="82"><net_src comp="24" pin="0"/><net_sink comp="76" pin=0"/></net>

<net id="83"><net_src comp="26" pin="0"/><net_sink comp="76" pin=2"/></net>

<net id="88"><net_src comp="20" pin="0"/><net_sink comp="84" pin=0"/></net>

<net id="93"><net_src comp="22" pin="0"/><net_sink comp="89" pin=0"/></net>

<net id="104"><net_src comp="97" pin="1"/><net_sink comp="100" pin=0"/></net>

<net id="105"><net_src comp="28" pin="0"/><net_sink comp="100" pin=1"/></net>

<net id="110"><net_src comp="97" pin="1"/><net_sink comp="106" pin=0"/></net>

<net id="111"><net_src comp="30" pin="0"/><net_sink comp="106" pin=1"/></net>

<net id="116"><net_src comp="94" pin="1"/><net_sink comp="112" pin=0"/></net>

<net id="117"><net_src comp="40" pin="0"/><net_sink comp="112" pin=1"/></net>

<net id="122"><net_src comp="112" pin="2"/><net_sink comp="118" pin=0"/></net>

<net id="123"><net_src comp="76" pin="4"/><net_sink comp="118" pin=1"/></net>

<net id="128"><net_src comp="94" pin="1"/><net_sink comp="124" pin=0"/></net>

<net id="129"><net_src comp="42" pin="0"/><net_sink comp="124" pin=1"/></net>

<net id="135"><net_src comp="112" pin="2"/><net_sink comp="130" pin=0"/></net>

<net id="136"><net_src comp="42" pin="0"/><net_sink comp="130" pin=1"/></net>

<net id="137"><net_src comp="124" pin="2"/><net_sink comp="130" pin=2"/></net>

<net id="142"><net_src comp="130" pin="3"/><net_sink comp="138" pin=0"/></net>

<net id="143"><net_src comp="40" pin="0"/><net_sink comp="138" pin=1"/></net>

<net id="148"><net_src comp="106" pin="2"/><net_sink comp="144" pin=0"/></net>

<net id="153"><net_src comp="130" pin="3"/><net_sink comp="149" pin=0"/></net>

<net id="157"><net_src comp="50" pin="1"/><net_sink comp="154" pin=0"/></net>

<net id="158"><net_src comp="154" pin="1"/><net_sink comp="89" pin=1"/></net>

<net id="159"><net_src comp="154" pin="1"/><net_sink comp="94" pin=0"/></net>

<net id="160"><net_src comp="154" pin="1"/><net_sink comp="149" pin=1"/></net>

<net id="164"><net_src comp="54" pin="1"/><net_sink comp="161" pin=0"/></net>

<net id="165"><net_src comp="161" pin="1"/><net_sink comp="84" pin=1"/></net>

<net id="166"><net_src comp="161" pin="1"/><net_sink comp="97" pin=0"/></net>

<net id="167"><net_src comp="161" pin="1"/><net_sink comp="144" pin=1"/></net>

<net id="171"><net_src comp="100" pin="2"/><net_sink comp="168" pin=0"/></net>

<net id="175"><net_src comp="118" pin="2"/><net_sink comp="172" pin=0"/></net>

<net id="179"><net_src comp="138" pin="2"/><net_sink comp="176" pin=0"/></net>

</net_list>

</model> 
---------------- Datapath Model END ------------------

* FSMD analyzer results:
  - Output states:
	Port: layer24_out | {2 3 4 }
	Port: input_1 | {}
 - Input state : 
	Port: zeropad2d_cl<array,array<ap_fixed,2u>,config24>_Pipeline_PadMain_CopyMain : layer24_out | {}
	Port: zeropad2d_cl<array,array<ap_fixed,2u>,config24>_Pipeline_PadMain_CopyMain : input_1 | {3 }
  - Chain level:
	State 1
		store_ln0 : 1
		store_ln65 : 1
		first_iter_0 : 1
		j : 1
		indvar_flatten_load : 1
		icmp_ln59 : 2
		add_ln59 : 2
		br_ln59 : 3
		icmp_ln65 : 2
		or_ln59 : 3
		br_ln65 : 3
		add_ln65 : 2
		j_11 : 3
		icmp_ln65_1 : 4
		br_ln65 : 5
		store_ln59 : 3
		store_ln65 : 4
	State 2
	State 3
	State 4


============================================================
+ Verbose Summary: Datapath Resource usage 
============================================================

* Functional unit list:
|----------|-------------------------|---------|---------|
| Operation|     Functional Unit     |    FF   |   LUT   |
|----------|-------------------------|---------|---------|
|          |     icmp_ln59_fu_100    |    0    |    20   |
|   icmp   |     icmp_ln65_fu_112    |    0    |    16   |
|          |    icmp_ln65_1_fu_138   |    0    |    16   |
|----------|-------------------------|---------|---------|
|    add   |     add_ln59_fu_106     |    0    |    20   |
|          |     add_ln65_fu_124     |    0    |    16   |
|----------|-------------------------|---------|---------|
|  select  |       j_11_fu_130       |    0    |    9    |
|----------|-------------------------|---------|---------|
|    or    |      or_ln59_fu_118     |    0    |    2    |
|----------|-------------------------|---------|---------|
|   write  |     grp_write_fu_58     |    0    |    0    |
|----------|-------------------------|---------|---------|
|   read   | input_1_read_read_fu_66 |    0    |    0    |
|----------|-------------------------|---------|---------|
|   Total  |                         |    0    |    99   |
|----------|-------------------------|---------|---------|

Memories:
N/A

* Register list:
+----------------------+--------+
|                      |   FF   |
+----------------------+--------+
|  first_iter_0_reg_73 |    1   |
|   icmp_ln59_reg_168  |    1   |
|  icmp_ln65_1_reg_176 |    1   |
|indvar_flatten_reg_161|   13   |
|      j_2_reg_154     |    9   |
|    or_ln59_reg_172   |    1   |
+----------------------+--------+
|         Total        |   26   |
+----------------------+--------+

* Multiplexer (MUX) list: 
|-----------------|------|------|------|--------||---------||---------|
|       Comp      |  Pin | Size |  BW  | S x BW ||  Delay  ||   LUT   |
|-----------------|------|------|------|--------||---------||---------|
| grp_write_fu_58 |  p2  |   2  |  32  |   64   ||    9    |
|-----------------|------|------|------|--------||---------||---------|
|      Total      |      |      |      |   64   ||  0.427  ||    9    |
|-----------------|------|------|------|--------||---------||---------|



* Summary:
+-----------+--------+--------+--------+
|           |  Delay |   FF   |   LUT  |
+-----------+--------+--------+--------+
|  Function |    -   |    0   |   99   |
|   Memory  |    -   |    -   |    -   |
|Multiplexer|    0   |    -   |    9   |
|  Register |    -   |   26   |    -   |
+-----------+--------+--------+--------+
|   Total   |    0   |   26   |   108  |
+-----------+--------+--------+--------+
